2025-10-08 10:28:07,374 [MainThread  ] [INFO ]                        :-) GROMACS - gmx grompp, 2024.4 (-:

Executable:   /usr/local/gromacs/bin/gmx
Data prefix:  /usr/local/gromacs
Working dir:  /home/admin/gitrepos/gromacs_sims/Antimicrobial_Peptides/Pseudomonas_antibiotics/simulation/pbpmez1999C
Command line:
  gmx -nobackup -nocopyright grompp -f /home/admin/gitrepos/gromacs_sims/Antimicrobial_Peptides/Pseudomonas_antibiotics/simulation/pbpmez1999C/sandbox_772b78cf-0611-425c-94e2-f29bf0b8c489/grompp.mdp -c /home/admin/gitrepos/gromacs_sims/Antimicrobial_Peptides/Pseudomonas_antibiotics/simulation/pbpmez1999C/sandbox_772b78cf-0611-425c-94e2-f29bf0b8c489/prot_pbpmez1999C_MEZ_nvt.gro -r /home/admin/gitrepos/gromacs_sims/Antimicrobial_Peptides/Pseudomonas_antibiotics/simulation/pbpmez1999C/sandbox_772b78cf-0611-425c-94e2-f29bf0b8c489/prot_pbpmez1999C_MEZ_nvt.gro -p /home/admin/gitrepos/gromacs_sims/Antimicrobial_Peptides/Pseudomonas_antibiotics/simulation/pbpmez1999C/sandbox_772b78cf-0611-425c-94e2-f29bf0b8c489/ligand.top -o /home/admin/gitrepos/gromacs_sims/Antimicrobial_Peptides/Pseudomonas_antibiotics/simulation/pbpmez1999C/sandbox_772b78cf-0611-425c-94e2-f29bf0b8c489/prot_pbpmez1999C_MEZ_gppnpt.tpr -po mdout.mdp -maxwarn 10 -t /home/admin/gitrepos/gromacs_sims/Antimicrobial_Peptides/Pseudomonas_antibiotics/simulation/pbpmez1999C/sandbox_772b78cf-0611-425c-94e2-f29bf0b8c489/prot_pbpmez1999C_MEZ_nvt.cpt -n /home/admin/gitrepos/gromacs_sims/Antimicrobial_Peptides/Pseudomonas_antibiotics/simulation/pbpmez1999C/sandbox_772b78cf-0611-425c-94e2-f29bf0b8c489/prot_pbpmez1999C_MEZ_index.ndx

Ignoring obsolete mdp entry 'ns-type'
Generating 1-4 interactions: fudge = 0.5

NOTE 1 [file ligand.top, line 97165]:
  You are combining position restraints with Parrinello-Rahman pressure
  coupling, which can lead to instabilities. If you really want to combine
  position restraints with pressure coupling, we suggest to use C-rescale
  pressure coupling instead.

Number of degrees of freedom in T-Coupling group Protein_Other is 25630.96
Number of degrees of freedom in T-Coupling group Water_and_ions is 1891152.00

NOTE 2 [file /home/admin/gitrepos/gromacs_sims/Antimicrobial_Peptides/Pseudomonas_antibiotics/simulation/pbpmez1999C/sandbox_772b78cf-0611-425c-94e2-f29bf0b8c489/grompp.mdp]:
  Removing center of mass motion in the presence of position restraints
  might cause artifacts. When you are using position restraints to
  equilibrate a macro-molecule, the artifacts are usually negligible.

Last frame         -1 time  100.000   

NOTE 3 [file /home/admin/gitrepos/gromacs_sims/Antimicrobial_Peptides/Pseudomonas_antibiotics/simulation/pbpmez1999C/sandbox_772b78cf-0611-425c-94e2-f29bf0b8c489/grompp.mdp]:
  This run will generate roughly 2515 Mb of data


There were 3 NOTEs

GROMACS reminds you: "A curious aspect of the theory of evolution is that everybody thinks he understands it." (Jacques Monod)


