2025-04-24 23:27:37,317 [MainThread  ] [INFO ]  
A T O M   T Y P E S

IDX	TYPE	RING
1	c3	NO
2	n3	AL
3	oh	NO
4	c3	NO
5	n3	AL
6	oh	NO
7	c3	AL
8	oh	NO
9	c3	AL
10	c3	AL
11	c3	AL
12	c3	AL
13	c3	AL
14	c3	AL
15	c3	AL
16	c3	NO
17	c3	NO
18	ho	NO
19	hn	NO
20	ho	NO
21	ho	NO

C H A R G E S

IDX	CHARGE
1	0.018795
2	-0.261138
3	-0.384147
4	0.073289
5	-0.286904
6	-0.360157
7	0.080662
8	-0.360157
9	0.098881
10	0.119248
11	0.057034
12	0.117393
13	0.054996
14	0.015920
15	0.006536
16	0.017120
17	0.232018
18	0.210340
19	0.124395
20	0.212938
21	0.212938

S E T T I N G   U P   C A L C U L A T I O N S

SETTING UP BOND CALCULATIONS...
SETTING UP ANGLE CALCULATIONS...
SETTING UP TORSION CALCULATIONS...
SETTING UP IMPROPER TORSION CALCULATIONS...
SETTING UP VAN DER WAALS CALCULATIONS...
SETTING UP ELECTROSTATIC CALCULATIONS...

S T E E P E S T   D E S C E N T

STEPS = 2500

STEP n       E(n)         E(n-1)    
------------------------------------
    0      98.975      ----
   10    90.12377    90.23417
   20    89.52712    89.56380
   30    89.27240    89.29161
   40    89.12101    89.13362
   50    89.01426    89.02365
   60    88.93128    88.93882
   70    88.86265    88.86903
   80    88.80342    88.80901
   90    88.75077    88.75579
  100    88.70298    88.70757
  110    88.65896    88.66321
  120    88.61799    88.62196
  130    88.57957    88.58331
  140    88.54336    88.54689
  150    88.50908    88.51242
  160    88.47652    88.47970
  170    88.44553    88.44856
  180    88.41596    88.41886
  190    88.38770    88.39047
  200    88.36066    88.36331
  210    88.33474    88.33729
  220    88.30988    88.31232
  230    88.28600    88.28835
  240    88.26305    88.26531
  250    88.24097    88.24314
  260    88.21971    88.22180
  270    88.19923    88.20124
  280    88.17948    88.18143
  290    88.16043    88.16231
  300    88.14205    88.14386
  310    88.12429    88.12604
  320    88.10714    88.10883
  330    88.09056    88.09219
  340    88.07452    88.07610
  350    88.05901    88.06054
  360    88.04400    88.04548
  370    88.02947    88.03090
  380    88.01540    88.01679
  390    88.00177    88.00311
  400    87.98856    87.98986
  410    87.97576    87.97702
  420    87.96335    87.96458
  430    87.95132    87.95251
  440    87.93965    87.94080
  450    87.92833    87.92944
  460    87.91734    87.91842
  470    87.90668    87.90773
  480    87.89633    87.89735
  490    87.88628    87.88727
  500    87.87652    87.87748
  510    87.86704    87.86797
  520    87.85783    87.85874
  530    87.84888    87.84976
  540    87.84018    87.84104
  550    87.83173    87.83256
  560    87.82351    87.82432
  570    87.81552    87.81631
  580    87.80775    87.80852
  590    87.80019    87.80094
  600    87.79284    87.79357
  610    87.78569    87.78640
  620    87.77873    87.77942
  630    87.77195    87.77262
  640    87.76536    87.76601
  650    87.75894    87.75957
  660    87.75268    87.75330
  670    87.74659    87.74719
  680    87.74066    87.74125
  690    87.73488    87.73545
  700    87.72925    87.72980
  710    87.72376    87.72430
  720    87.71841    87.71893
  730    87.71319    87.71370
  740    87.70810    87.70860
  750    87.70314    87.70363
  760    87.69830    87.69877
  770    87.69357    87.69404
  780    87.68896    87.68942
  790    87.68446    87.68491
  800    87.68007    87.68051
  810    87.67578    87.67621
  820    87.67159    87.67201
  830    87.66750    87.66791
  840    87.66350    87.66390
  850    87.65960    87.65998
  860    87.65578    87.65616
  870    87.65204    87.65241
  880    87.64839    87.64875
  890    87.64482    87.64518
  900    87.64133    87.64168
  910    87.63791    87.63825
  920    87.63457    87.63490
  930    87.63130    87.63162
  940    87.62809    87.62841
  950    87.62495    87.62526
  960    87.62188    87.62218
  970    87.61887    87.61917
  980    87.61592    87.61621
  990    87.61303    87.61332
 1000    87.61019    87.61048
 1010    87.60742    87.60769
 1020    87.60469    87.60496
 1030    87.60202    87.60228
 1040    87.59939    87.59965
 1050    87.59682    87.59708
 1060    87.59429    87.59454
 1070    87.59181    87.59206
 1080    87.58938    87.58962
 1090    87.58699    87.58722
 1100    87.58464    87.58487
 1110    87.58233    87.58256
 1120    87.58006    87.58028
 1130    87.57783    87.57805
 1140    87.57563    87.57585
 1150    87.57348    87.57369
 1160    87.57136    87.57157
 1170    87.56927    87.56948
 1180    87.56722    87.56742
 1190    87.56520    87.56540
 1200    87.56321    87.56340
 1210    87.56125    87.56144
 1220    87.55932    87.55951
 1230    87.55742    87.55761
 1240    87.55555    87.55574
 1250    87.55371    87.55389
 1260    87.55189    87.55207
 1270    87.55010    87.55028
 1280    87.54833    87.54851
 1290    87.54659    87.54677
 1300    87.54488    87.54505
 1310    87.54318    87.54335
 1320    87.54151    87.54168
 1330    87.53986    87.54003
 1340    87.53823    87.53840
 1350    87.53663    87.53679
 1360    87.53504    87.53520
 1370    87.53348    87.53363
 1380    87.53193    87.53209
 1390    87.53041    87.53056
 1400    87.52890    87.52905
 1410    87.52742    87.52756
 1420    87.52595    87.52609
 1430    87.52449    87.52464
 1440    87.52306    87.52320
 1450    87.52164    87.52178
 1460    87.52024    87.52038
 1470    87.51885    87.51899
 1480    87.51748    87.51762
 1490    87.51613    87.51626
 1500    87.51479    87.51492
 1510    87.51346    87.51359
 1520    87.51215    87.51228
 1530    87.51086    87.51098
 1540    87.50957    87.50970
 1550    87.50830    87.50843
 1560    87.50705    87.50717
 1570    87.50581    87.50593
 1580    87.50457    87.50470
 1590    87.50335    87.50348
 1600    87.50215    87.50227
 1610    87.50095    87.50107
 1620    87.49977    87.49989
 1630    87.49860    87.49872
 1640    87.49744    87.49756
 1650    87.49629    87.49640
 1660    87.49515    87.49526
 1670    87.49402    87.49413
 1680    87.49290    87.49301
 1690    87.49179    87.49190
 1700    87.49069    87.49080
 1710    87.48960    87.48971
 1720    87.48852    87.48863
 1730    87.48746    87.48756
 1740    87.48640    87.48650
 1750    87.48535    87.48545
 1760    87.48431    87.48441
 1770    87.48328    87.48338
 1780    87.48226    87.48236
 1790    87.48124    87.48134
 1800    87.48024    87.48034
 1810    87.47924    87.47934
 1820    87.47826    87.47835
 1830    87.47728    87.47737
 1840    87.47630    87.47640
 1850    87.47534    87.47544
 1860    87.47439    87.47448
 1870    87.47344    87.47353
 1880    87.47250    87.47259
 1890    87.47157    87.47166
 1900    87.47064    87.47073
 1910    87.46972    87.46982
 1920    87.46882    87.46891
 1930    87.46791    87.46800
 1940    87.46702    87.46711
 1950    87.46613    87.46622
 1960    87.46525    87.46534
 1970    87.46437    87.46446
 1980    87.46350    87.46359
 1990    87.46264    87.46273
 2000    87.46178    87.46187
 2010    87.46093    87.46102
 2020    87.46009    87.46017
 2030    87.45925    87.45933
 2040    87.45841    87.45850
 2050    87.45759    87.45767
 2060    87.45677    87.45685
 2070    87.45595    87.45603
 2080    87.45514    87.45522
 2090    87.45434    87.45442
 2100    87.45354    87.45362
 2110    87.45275    87.45283
 2120    87.45196    87.45204
 2130    87.45118    87.45126
 2140    87.45040    87.45048
 2150    87.44963    87.44971
 2160    87.44887    87.44894
 2170    87.44811    87.44818
 2180    87.44735    87.44743
 2190    87.44660    87.44668
 2200    87.44586    87.44593
 2210    87.44512    87.44519
 2220    87.44438    87.44446
 2230    87.44365    87.44373
 2240    87.44293    87.44300
 2250    87.44221    87.44228
 2260    87.44149    87.44156
 2270    87.44078    87.44085
 2280    87.44007    87.44014
 2290    87.43936    87.43943
 2300    87.43866    87.43873
 2310    87.43797    87.43804
 2320    87.43728    87.43735
 2330    87.43659    87.43666
 2340    87.43591    87.43598
 2350    87.43523    87.43530
 2360    87.43456    87.43463
 2370    87.43389    87.43396
 2380    87.43322    87.43329
 2390    87.43256    87.43263
 2400    87.43191    87.43197
 2410    87.43125    87.43132
 2420    87.43061    87.43067
 2430    87.42996    87.43002
 2440    87.42932    87.42938
 2450    87.42868    87.42875
 2460    87.42805    87.42811
 2470    87.42742    87.42748
 2480    87.42679    87.42686
 2490    87.42617    87.42623
 2500    87.42555    87.42561
Time: 0.48seconds. Iterations per second: 5210.42

