2025-04-24 23:27:43,964 [MainThread  ] [INFO ]  Executing biobb_gromacs.gromacs.make_ndx Version: 4.2.0
2025-04-24 23:27:43,969 [MainThread  ] [INFO ]  Copy: NDXparams.gro to /home/arunima/gitrepos/gromacs_sims/Antimicrobial_Peptides/Pseudomonas_antibiotics/simulation/ndxgyra1996/ccd74bec-fce6-431e-b7e1-44487604db63
2025-04-24 23:27:43,972 [MainThread  ] [INFO ]  Copy: /home/arunima/gitrepos/gromacs_sims/Antimicrobial_Peptides/Pseudomonas_antibiotics/simulation/ndxgyra1996/8c911203-bc96-4ab5-ac14-d5b9b1f6f4cf.stdin to /home/arunima/gitrepos/gromacs_sims/Antimicrobial_Peptides/Pseudomonas_antibiotics/simulation/ndxgyra1996/ccd74bec-fce6-431e-b7e1-44487604db63
2025-04-24 23:27:43,973 [MainThread  ] [INFO ]  gmx -nobackup -nocopyright make_ndx -f /home/arunima/gitrepos/gromacs_sims/Antimicrobial_Peptides/Pseudomonas_antibiotics/simulation/ndxgyra1996/ccd74bec-fce6-431e-b7e1-44487604db63/NDXparams.gro -o /home/arunima/gitrepos/gromacs_sims/Antimicrobial_Peptides/Pseudomonas_antibiotics/simulation/ndxgyra1996/ccd74bec-fce6-431e-b7e1-44487604db63/NDX_index.ndx < /home/arunima/gitrepos/gromacs_sims/Antimicrobial_Peptides/Pseudomonas_antibiotics/simulation/ndxgyra1996/ccd74bec-fce6-431e-b7e1-44487604db63/8c911203-bc96-4ab5-ac14-d5b9b1f6f4cf.stdin

2025-04-24 23:27:44,011 [MainThread  ] [INFO ]  Exit code 0

2025-04-24 23:27:44,012 [MainThread  ] [INFO ]  Going to read 0 old index file(s)
Analysing residue names:
There are:     1      Other residues
Analysing residues not classified as Protein/DNA/RNA/Water and splitting into groups...

  0 System              :    21 atoms
  1 Other               :    21 atoms
  2 NDX                 :    21 atoms

 nr : group      '!': not  'name' nr name   'splitch' nr    Enter: list groups
 'a': atom       '&': and  'del' nr         'splitres' nr   'l': list residues
 't': atom type  '|': or   'keep' nr        'splitat' nr    'h': help
 'r': residue              'res' nr         'chain' char
 "name": group             'case': case sensitive           'q': save and quit
 'ri': residue index

> 
Copied index group 0 'System'
Found 4 atoms with name H*
Complemented group: 17 atoms
Merged two groups with AND: 21 17 -> 17

> 

2025-04-24 23:27:44,018 [MainThread  ] [INFO ]  Removed: ['/home/arunima/gitrepos/gromacs_sims/Antimicrobial_Peptides/Pseudomonas_antibiotics/simulation/ndxgyra1996/ccd74bec-fce6-431e-b7e1-44487604db63', '/home/arunima/gitrepos/gromacs_sims/Antimicrobial_Peptides/Pseudomonas_antibiotics/simulation/ndxgyra1996/8c911203-bc96-4ab5-ac14-d5b9b1f6f4cf.stdin']
