2025-04-24 23:27:44,373 [MainThread  ] [INFO ]                 :-) GROMACS - gmx trjconv, 2024.5-conda_forge (-:

Executable:   /home/arunima/.conda/envs/biobb_wf_protein-complex_md_setup/bin.AVX2_256/gmx
Data prefix:  /home/arunima/.conda/envs/biobb_wf_protein-complex_md_setup
Working dir:  /home/arunima/gitrepos/gromacs_sims/Antimicrobial_Peptides/Pseudomonas_antibiotics/simulation/ndxgyra1996
Command line:
  gmx trjconv -f /home/arunima/gitrepos/gromacs_sims/Antimicrobial_Peptides/Pseudomonas_antibiotics/simulation/ndxgyra1996/484c9e1d-727e-453e-81f5-b681d2062df4/prot_ndxgyra1996_pdb2gmx.gro -s /home/arunima/gitrepos/gromacs_sims/Antimicrobial_Peptides/Pseudomonas_antibiotics/simulation/ndxgyra1996/484c9e1d-727e-453e-81f5-b681d2062df4/prot_ndxgyra1996_pdb2gmx.gro -o /home/arunima/gitrepos/gromacs_sims/Antimicrobial_Peptides/Pseudomonas_antibiotics/simulation/ndxgyra1996/484c9e1d-727e-453e-81f5-b681d2062df4/prot_ndxgyra1996_NDX_complex_H.pdb -nocenter

Will write pdb: Protein data bank file
Group     0 (         System) has 14257 elements
Group     1 (        Protein) has 14257 elements
Group     2 (      Protein-H) has  7100 elements
Group     3 (        C-alpha) has   923 elements
Group     4 (       Backbone) has  2769 elements
Group     5 (      MainChain) has  3693 elements
Group     6 (   MainChain+Cb) has  4533 elements
Group     7 (    MainChain+H) has  4580 elements
Group     8 (      SideChain) has  9677 elements
Group     9 (    SideChain-H) has  3407 elements
Select a group: Reading frames from gro file 'Giant Rising Ordinary Mutants for A Clerical Setup', 14257 atoms.
Reading frame       0 time    0.000   
Precision of /home/arunima/gitrepos/gromacs_sims/Antimicrobial_Peptides/Pseudomonas_antibiotics/simulation/ndxgyra1996/484c9e1d-727e-453e-81f5-b681d2062df4/prot_ndxgyra1996_pdb2gmx.gro is 0.001 (nm)
Last frame          0 time    0.000   
 ->  frame      0 time    0.000      
Last written: frame      0 time    0.000


GROMACS reminds you: "I think it would be a good idea." (Mahatma Gandhi, when asked what he thought of Western civilization)


