2025-09-19 13:28:12,096 [MainThread  ] [INFO ]                        :-) GROMACS - gmx mdrun, 2024.4 (-:

Executable:   /usr/local/gromacs/bin/gmx
Data prefix:  /usr/local/gromacs
Working dir:  /home/admin/gitrepos/gromacs_sims/Antimicrobial_Peptides/Pseudomonas_antibiotics/simulation/norgyra1996C
Command line:
  gmx -nobackup -nocopyright mdrun -o /home/admin/gitrepos/gromacs_sims/Antimicrobial_Peptides/Pseudomonas_antibiotics/simulation/norgyra1996C/sandbox_103f56e2-c461-4696-80d9-6c29eafa05fb/prot_norgyra1996C_NOR_min.trr -s /home/admin/gitrepos/gromacs_sims/Antimicrobial_Peptides/Pseudomonas_antibiotics/simulation/norgyra1996C/sandbox_103f56e2-c461-4696-80d9-6c29eafa05fb/prot_norgyra1996C_NOR_gppmin.tpr -c /home/admin/gitrepos/gromacs_sims/Antimicrobial_Peptides/Pseudomonas_antibiotics/simulation/norgyra1996C/sandbox_103f56e2-c461-4696-80d9-6c29eafa05fb/prot_norgyra1996C_NOR_min.gro -e /home/admin/gitrepos/gromacs_sims/Antimicrobial_Peptides/Pseudomonas_antibiotics/simulation/norgyra1996C/sandbox_103f56e2-c461-4696-80d9-6c29eafa05fb/prot_norgyra1996C_NOR_min.edr -g /home/admin/gitrepos/gromacs_sims/Antimicrobial_Peptides/Pseudomonas_antibiotics/simulation/norgyra1996C/sandbox_103f56e2-c461-4696-80d9-6c29eafa05fb/prot_norgyra1996C_NOR_min.log

Reading file /home/admin/gitrepos/gromacs_sims/Antimicrobial_Peptides/Pseudomonas_antibiotics/simulation/norgyra1996C/sandbox_103f56e2-c461-4696-80d9-6c29eafa05fb/prot_norgyra1996C_NOR_gppmin.tpr, VERSION 2024.4 (single precision)
On host shavak-DIT400TR-55L 1 GPU selected for this run.
Mapping of GPU IDs to the 4 GPU tasks in the 4 ranks on this node:
  PP:0,PP:0,PP:0,PP:0
PP tasks will do (non-perturbed) short-ranged interactions on the GPU
PP task will update and constrain coordinates on the CPU
Using 4 MPI threads

Non-default thread affinity set, disabling internal thread affinity

Using 12 OpenMP threads per tMPI thread


Steepest Descents:
   Tolerance (Fmax)   =  5.00000e+02
   Number of steps    =        15000

writing lowest energy coordinates.

Steepest Descents converged to Fmax < 500 in 4868 steps
Potential Energy  = -8.1717740e+06
Maximum force     =  3.6310977e+02 on atom 913
Norm of force     =  5.9742608e+00

GROMACS reminds you: "There are way too many quotes" (Sebastian Wingbermuehle)


