2025-09-19 13:37:57,701 [MainThread  ] [INFO ]                        :-) GROMACS - gmx mdrun, 2024.4 (-:

Executable:   /usr/local/gromacs/bin/gmx
Data prefix:  /usr/local/gromacs
Working dir:  /home/admin/gitrepos/gromacs_sims/Antimicrobial_Peptides/Pseudomonas_antibiotics/simulation/norgyra1996C
Command line:
  gmx -nobackup -nocopyright mdrun -o /home/admin/gitrepos/gromacs_sims/Antimicrobial_Peptides/Pseudomonas_antibiotics/simulation/norgyra1996C/sandbox_3ba26cb3-2182-4fc1-a1d3-3e690e25a68e/prot_norgyra1996C_NOR_npt.trr -s /home/admin/gitrepos/gromacs_sims/Antimicrobial_Peptides/Pseudomonas_antibiotics/simulation/norgyra1996C/sandbox_3ba26cb3-2182-4fc1-a1d3-3e690e25a68e/prot_norgyra1996C_NOR_gppnpt.tpr -c /home/admin/gitrepos/gromacs_sims/Antimicrobial_Peptides/Pseudomonas_antibiotics/simulation/norgyra1996C/sandbox_3ba26cb3-2182-4fc1-a1d3-3e690e25a68e/prot_norgyra1996C_NOR_npt.gro -e /home/admin/gitrepos/gromacs_sims/Antimicrobial_Peptides/Pseudomonas_antibiotics/simulation/norgyra1996C/sandbox_3ba26cb3-2182-4fc1-a1d3-3e690e25a68e/prot_norgyra1996C_NOR_npt.edr -g /home/admin/gitrepos/gromacs_sims/Antimicrobial_Peptides/Pseudomonas_antibiotics/simulation/norgyra1996C/sandbox_3ba26cb3-2182-4fc1-a1d3-3e690e25a68e/prot_norgyra1996C_NOR_npt.log -cpo /home/admin/gitrepos/gromacs_sims/Antimicrobial_Peptides/Pseudomonas_antibiotics/simulation/norgyra1996C/sandbox_3ba26cb3-2182-4fc1-a1d3-3e690e25a68e/prot_norgyra1996C_NOR_npt.cpt

Reading file /home/admin/gitrepos/gromacs_sims/Antimicrobial_Peptides/Pseudomonas_antibiotics/simulation/norgyra1996C/sandbox_3ba26cb3-2182-4fc1-a1d3-3e690e25a68e/prot_norgyra1996C_NOR_gppnpt.tpr, VERSION 2024.4 (single precision)
Changing nstlist from 10 to 100, rlist from 1 to 1.17

Update groups can not be used for this system because atoms that are (in)directly constrained together are interdispersed with other atoms

1 GPU selected for this run.
Mapping of GPU IDs to the 2 GPU tasks in the 1 rank on this node:
  PP:0,PME:0
PP tasks will do (non-perturbed) short-ranged interactions on the GPU
PP task will update and constrain coordinates on the GPU
PME tasks will do all aspects on the GPU
Using 1 MPI thread

Non-default thread affinity set, disabling internal thread affinity

Using 24 OpenMP threads 

starting mdrun 'Protein in water'
50000 steps,    100.0 ps.

Writing final coordinates.

               Core t (s)   Wall t (s)        (%)
       Time:     7033.129      293.073     2399.8
                 (ns/day)    (hour/ns)
Performance:       29.481        0.814

GROMACS reminds you: "By three methods we may learn wisdom: First, by reflection, which is noblest; Second, by imitation, which is easiest; and third by experience, which is the bitterest." (Confucius)


