2025-09-19 13:25:17,423 [MainThread  ] [INFO ]                       :-) GROMACS - gmx trjconv, 2024.4 (-:

Executable:   /usr/local/gromacs/bin/gmx
Data prefix:  /usr/local/gromacs
Working dir:  /home/admin/gitrepos/gromacs_sims/Antimicrobial_Peptides/Pseudomonas_antibiotics/simulation/norgyra1996C
Command line:
  gmx trjconv -f /home/admin/gitrepos/gromacs_sims/Antimicrobial_Peptides/Pseudomonas_antibiotics/simulation/norgyra1996C/sandbox_e4688474-0dde-47d8-917d-0a2c54551064/prot_norgyra1996C_pdb2gmx.gro -s /home/admin/gitrepos/gromacs_sims/Antimicrobial_Peptides/Pseudomonas_antibiotics/simulation/norgyra1996C/sandbox_e4688474-0dde-47d8-917d-0a2c54551064/prot_norgyra1996C_pdb2gmx.gro -o /home/admin/gitrepos/gromacs_sims/Antimicrobial_Peptides/Pseudomonas_antibiotics/simulation/norgyra1996C/sandbox_e4688474-0dde-47d8-917d-0a2c54551064/prot_norgyra1996C_NOR_complex_H.pdb -nocenter

Will write pdb: Protein data bank file
Group     0 (         System) has 14257 elements
Group     1 (        Protein) has 14257 elements
Group     2 (      Protein-H) has  7100 elements
Group     3 (        C-alpha) has   923 elements
Group     4 (       Backbone) has  2769 elements
Group     5 (      MainChain) has  3693 elements
Group     6 (   MainChain+Cb) has  4533 elements
Group     7 (    MainChain+H) has  4580 elements
Group     8 (      SideChain) has  9677 elements
Group     9 (    SideChain-H) has  3407 elements
Select a group: Reading frames from gro file 'Good gRace! Old Maple Actually Chews Slate', 14257 atoms.
Reading frame       0 time    0.000   
Precision of /home/admin/gitrepos/gromacs_sims/Antimicrobial_Peptides/Pseudomonas_antibiotics/simulation/norgyra1996C/sandbox_e4688474-0dde-47d8-917d-0a2c54551064/prot_norgyra1996C_pdb2gmx.gro is 0.001 (nm)
Last frame          0 time    0.000   
 ->  frame      0 time    0.000      
Last written: frame      0 time    0.000


GROMACS reminds you: "Uh-oh .... Right Again" (Laurie Anderson)


