2025-09-04 18:12:41,831 [MainThread  ] [INFO ]                        :-) GROMACS - gmx mdrun, 2024.4 (-:

Executable:   /usr/local/gromacs/bin/gmx
Data prefix:  /usr/local/gromacs
Working dir:  /home/admin/gitrepos/gromacs_sims/Antimicrobial_Peptides/Pseudomonas_antibiotics/simulation/aminoneo2016C
Command line:
  gmx -nobackup -nocopyright mdrun -o /home/admin/gitrepos/gromacs_sims/Antimicrobial_Peptides/Pseudomonas_antibiotics/simulation/aminoneo2016C/sandbox_37047260-c19d-4487-959c-357aaf7386a1/prot_aminoneo2016C_NEO_min.trr -s /home/admin/gitrepos/gromacs_sims/Antimicrobial_Peptides/Pseudomonas_antibiotics/simulation/aminoneo2016C/sandbox_37047260-c19d-4487-959c-357aaf7386a1/prot_aminoneo2016C_NEO_gppmin.tpr -c /home/admin/gitrepos/gromacs_sims/Antimicrobial_Peptides/Pseudomonas_antibiotics/simulation/aminoneo2016C/sandbox_37047260-c19d-4487-959c-357aaf7386a1/prot_aminoneo2016C_NEO_min.gro -e /home/admin/gitrepos/gromacs_sims/Antimicrobial_Peptides/Pseudomonas_antibiotics/simulation/aminoneo2016C/sandbox_37047260-c19d-4487-959c-357aaf7386a1/prot_aminoneo2016C_NEO_min.edr -g /home/admin/gitrepos/gromacs_sims/Antimicrobial_Peptides/Pseudomonas_antibiotics/simulation/aminoneo2016C/sandbox_37047260-c19d-4487-959c-357aaf7386a1/prot_aminoneo2016C_NEO_min.log

Reading file /home/admin/gitrepos/gromacs_sims/Antimicrobial_Peptides/Pseudomonas_antibiotics/simulation/aminoneo2016C/sandbox_37047260-c19d-4487-959c-357aaf7386a1/prot_aminoneo2016C_NEO_gppmin.tpr, VERSION 2024.4 (single precision)
On host shavak-DIT400TR-55L 1 GPU selected for this run.
Mapping of GPU IDs to the 4 GPU tasks in the 4 ranks on this node:
  PP:0,PP:0,PP:0,PP:0
PP tasks will do (non-perturbed) short-ranged interactions on the GPU
PP task will update and constrain coordinates on the CPU
Using 4 MPI threads

Non-default thread affinity set, disabling internal thread affinity

Using 12 OpenMP threads per tMPI thread


Steepest Descents:
   Tolerance (Fmax)   =  5.00000e+02
   Number of steps    =        15000

writing lowest energy coordinates.

Steepest Descents converged to Fmax < 500 in 2215 steps
Potential Energy  = -1.0046028e+06
Maximum force     =  4.8284860e+02 on atom 174
Norm of force     =  1.0704474e+01

GROMACS reminds you: "I Don't Want to Calm Down" (Throwing Muses)


