2025-09-04 18:12:30,646 [MainThread  ] [INFO ]                        :-) GROMACS - gmx genion, 2024.4 (-:

Executable:   /usr/local/gromacs/bin/gmx
Data prefix:  /usr/local/gromacs
Working dir:  /home/admin/gitrepos/gromacs_sims/Antimicrobial_Peptides/Pseudomonas_antibiotics/simulation/aminoneo2016C
Command line:
  gmx -nobackup -nocopyright genion -s /home/admin/gitrepos/gromacs_sims/Antimicrobial_Peptides/Pseudomonas_antibiotics/simulation/aminoneo2016C/sandbox_468aa253-3030-4dba-9c85-06c33fdca75c/prot_aminoneo2016C_NEO_complex_gppion.tpr -o /home/admin/gitrepos/gromacs_sims/Antimicrobial_Peptides/Pseudomonas_antibiotics/simulation/aminoneo2016C/sandbox_468aa253-3030-4dba-9c85-06c33fdca75c/prot_aminoneo2016C_NEO_genion.gro -p c466844b-fdf1-4d26-9662-ff5def3614d0/ligand.top -neutral -seed 1993

Reading file /home/admin/gitrepos/gromacs_sims/Antimicrobial_Peptides/Pseudomonas_antibiotics/simulation/aminoneo2016C/sandbox_468aa253-3030-4dba-9c85-06c33fdca75c/prot_aminoneo2016C_NEO_complex_gppion.tpr, VERSION 2024.4 (single precision)
Reading file /home/admin/gitrepos/gromacs_sims/Antimicrobial_Peptides/Pseudomonas_antibiotics/simulation/aminoneo2016C/sandbox_468aa253-3030-4dba-9c85-06c33fdca75c/prot_aminoneo2016C_NEO_complex_gppion.tpr, VERSION 2024.4 (single precision)
Group     0 (         System) has 58685 elements
Group     1 (        Protein) has  5944 elements
Group     2 (      Protein-H) has  2970 elements
Group     3 (        C-alpha) has   382 elements
Group     4 (       Backbone) has  1146 elements
Group     5 (      MainChain) has  1530 elements
Group     6 (   MainChain+Cb) has  1890 elements
Group     7 (    MainChain+H) has  1890 elements
Group     8 (      SideChain) has  4054 elements
Group     9 (    SideChain-H) has  1440 elements
Group    10 (    Prot-Masses) has  5944 elements
Group    11 (    non-Protein) has 52741 elements
Group    12 (          Other) has    88 elements
Group    13 (            NEO) has    88 elements
Group    14 (          Water) has 52653 elements
Group    15 (            SOL) has 52653 elements
Group    16 (      non-Water) has  6032 elements
Select a group: Number of (3-atomic) solvent molecules: 17551
Using random seed 1993.
Replacing solvent molecule 5979 (atom 23969) with NA
Replacing solvent molecule 11031 (atom 39125) with NA
Replacing solvent molecule 12359 (atom 43109) with NA
Replacing solvent molecule 8433 (atom 31331) with NA
Replacing solvent molecule 12174 (atom 42554) with NA
Replacing solvent molecule 517 (atom 7583) with NA
Replacing solvent molecule 3739 (atom 17249) with NA
Replacing solvent molecule 16915 (atom 56777) with NA
Replacing solvent molecule 16792 (atom 56408) with NA
Replacing solvent molecule 733 (atom 8231) with NA
Replacing solvent molecule 8129 (atom 30419) with NA
Replacing solvent molecule 3165 (atom 15527) with NA


GROMACS reminds you: "The road to openness is paved with git commits" (Vedran Miletic)


