                      :-) GROMACS - gmx mdrun, 2024.4 (-:

Copyright 1991-2024 The GROMACS Authors.
GROMACS is free software; you can redistribute it and/or modify it
under the terms of the GNU Lesser General Public License
as published by the Free Software Foundation; either version 2.1
of the License, or (at your option) any later version.

                         Current GROMACS contributors:
       Mark Abraham           Andrey Alekseenko           Vladimir Basov      
      Cathrine Bergh            Eliane Briand               Ania Brown        
      Mahesh Doijade            Giacomo Fiorin          Stefan Fleischmann    
      Sergey Gorelov         Gilles Gouaillardet            Alan Gray         
     M. Eric Irrgang         Farzaneh Jalalypour            Joe Jordan        
     Carsten Kutzner           Justin A. Lemkul          Magnus Lundborg      
       Pascal Merz              Vedran Miletic            Dmitry Morozov      
       Julien Nabet              Szilard Pall        Andrea Pasquadibisceglie 
    Michele Pellegrino          Hubert Santuz             Roland Schulz       
     Tatiana Shugaeva          Alexey Shvetsov            Philip Turner       
     Alessandra Villa      Sebastian Wingbermuehle  

                         Previous GROMACS contributors:
        Emile Apol             Rossen Apostolov           James Barnett       
        Paul Bauer          Herman J.C. Berendsen          Par Bjelkmar       
      Christian Blau          Viacheslav Bolnykh            Kevin Boyd        
    Aldert van Buuren          Carlo Camilloni           Rudi van Drunen      
      Anton Feenstra           Oliver Fleetwood            Vytas Gapsys       
       Gaurav Garg             Gerrit Groenhof            Bert de Groot       
      Anca Hamuraru           Vincent Hindriksen          Victor Holanda      
     Aleksei Iupinov          Christoph Junghans        Prashanth Kanduri     
   Dimitrios Karkoulis           Peter Kasson             Sebastian Kehl      
     Sebastian Keller             Jiri Kraus               Per Larsson        
      Viveca Lindahl            Erik Marklund           Pieter Meulenhoff     
      Teemu Murtola              Sander Pronk             Michael Shirts      
      Alfons Sijbers            Balint Soproni         David van der Spoel    
      Peter Tieleman            Carsten Uphoff             Jon Vincent        
     Teemu Virolainen         Christian Wennberg           Maarten Wolf       
      Artem Zhmurov       

                  Coordinated by the GROMACS project leaders:
                           Berk Hess and Erik Lindahl

GROMACS:      gmx mdrun, version 2024.4
Executable:   /usr/local/gromacs/bin/gmx
Data prefix:  /usr/local/gromacs
Working dir:  /home/admin/gitrepos/gromacs_sims/Antimicrobial_Peptides/Pseudomonas_antibiotics/simulation/aminoneo2016C
Process ID:   546587
Command line:
  gmx -nobackup -nocopyright mdrun -o /home/admin/gitrepos/gromacs_sims/Antimicrobial_Peptides/Pseudomonas_antibiotics/simulation/aminoneo2016C/sandbox_593daf5c-9341-4104-8b8b-624fa51a5421/prot_aminoneo2016C_NEO_npt.trr -s /home/admin/gitrepos/gromacs_sims/Antimicrobial_Peptides/Pseudomonas_antibiotics/simulation/aminoneo2016C/sandbox_593daf5c-9341-4104-8b8b-624fa51a5421/prot_aminoneo2016C_NEO_gppnpt.tpr -c /home/admin/gitrepos/gromacs_sims/Antimicrobial_Peptides/Pseudomonas_antibiotics/simulation/aminoneo2016C/sandbox_593daf5c-9341-4104-8b8b-624fa51a5421/prot_aminoneo2016C_NEO_npt.gro -e /home/admin/gitrepos/gromacs_sims/Antimicrobial_Peptides/Pseudomonas_antibiotics/simulation/aminoneo2016C/sandbox_593daf5c-9341-4104-8b8b-624fa51a5421/prot_aminoneo2016C_NEO_npt.edr -g /home/admin/gitrepos/gromacs_sims/Antimicrobial_Peptides/Pseudomonas_antibiotics/simulation/aminoneo2016C/sandbox_593daf5c-9341-4104-8b8b-624fa51a5421/prot_aminoneo2016C_NEO_npt.log -cpo /home/admin/gitrepos/gromacs_sims/Antimicrobial_Peptides/Pseudomonas_antibiotics/simulation/aminoneo2016C/sandbox_593daf5c-9341-4104-8b8b-624fa51a5421/prot_aminoneo2016C_NEO_npt.cpt

GROMACS version:     2024.4
Precision:           mixed
Memory model:        64 bit
MPI library:         thread_mpi
OpenMP support:      enabled (GMX_OPENMP_MAX_THREADS = 128)
GPU support:         CUDA
NBNxM GPU setup:     super-cluster 2x2x2 / cluster 8
SIMD instructions:   AVX_512
CPU FFT library:     fftw-3.3.8-sse2-avx
GPU FFT library:     cuFFT
Multi-GPU FFT:       none
RDTSCP usage:        enabled
TNG support:         enabled
Hwloc support:       disabled
Tracing support:     disabled
C compiler:          /usr/bin/cc GNU 9.4.0
C compiler flags:    -fexcess-precision=fast -funroll-all-loops -march=skylake-avx512 -Wno-missing-field-initializers -O3 -DNDEBUG
C++ compiler:        /usr/bin/c++ GNU 9.4.0
C++ compiler flags:  -fexcess-precision=fast -funroll-all-loops -march=skylake-avx512 -Wno-missing-field-initializers -Wno-cast-function-type-strict SHELL:-fopenmp -O3 -DNDEBUG
BLAS library:        External - detected on the system
LAPACK library:      External - detected on the system
CUDA compiler:       /usr/local/cuda/bin/nvcc nvcc: NVIDIA (R) Cuda compiler driver;Copyright (c) 2005-2023 NVIDIA Corporation;Built on Fri_Jan__6_16:45:21_PST_2023;Cuda compilation tools, release 12.0, V12.0.140;Build cuda_12.0.r12.0/compiler.32267302_0
CUDA compiler flags:-std=c++17;--generate-code=arch=compute_50,code=sm_50;--generate-code=arch=compute_52,code=sm_52;--generate-code=arch=compute_60,code=sm_60;--generate-code=arch=compute_61,code=sm_61;--generate-code=arch=compute_70,code=sm_70;--generate-code=arch=compute_75,code=sm_75;--generate-code=arch=compute_80,code=sm_80;--generate-code=arch=compute_86,code=sm_86;--generate-code=arch=compute_89,code=sm_89;--generate-code=arch=compute_90,code=sm_90;-Wno-deprecated-gpu-targets;--generate-code=arch=compute_53,code=sm_53;--generate-code=arch=compute_80,code=sm_80;-use_fast_math;-Xptxas;-warn-double-usage;-Xptxas;-Werror;-D_FORCE_INLINES;-Xcompiler;-fopenmp;-fexcess-precision=fast -funroll-all-loops -march=skylake-avx512 -Wno-missing-field-initializers -Wno-cast-function-type-strict SHELL:-fopenmp -O3 -DNDEBUG
CUDA driver:         12.0
CUDA runtime:        12.0


Running on 1 node with total 24 cores, 48 processing units, 1 compatible GPU
Hardware detected on host shavak-DIT400TR-55L:
  CPU info:
    Vendor: Intel
    Brand:  Intel(R) Xeon(R) Gold 6226R CPU @ 2.90GHz
    Family: 6   Model: 85   Stepping: 7
    Features: aes apic avx avx2 avx512f avx512cd avx512bw avx512vl avx512secondFMA clfsh cmov cx8 cx16 f16c fma htt intel lahf mmx msr nonstop_tsc pcid pclmuldq pdcm pdpe1gb popcnt pse rdrnd rdtscp sse2 sse3 sse4.1 sse4.2 ssse3 tdt x2apic
    Number of AVX-512 FMA units: 2
  Hardware topology: Basic
    Packages, cores, and logical processors:
    [indices refer to OS logical processors]
      Package  0: [   0  32] [   1  33] [   2  34] [   3  35] [   4  36] [   5  37] [   6  38] [   7  39] [   8  40] [   9  41] [  10  42] [  11  43] [  12  44] [  13  45] [  14  46] [  15  47]
      Package  1: [  16  48] [  17  49] [  18  50] [  19  51] [  24  56] [  25  57] [  26  58] [  27  59]
    CPU limit set by OS: -1   Recommended max number of threads: 48
  GPU info:
    Number of GPUs detected: 1
    #0: NVIDIA Quadro RTX 5000, compute cap.: 7.5, ECC:  no, stat: compatible


++++ PLEASE READ AND CITE THE FOLLOWING REFERENCE ++++
M. J. Abraham, T. Murtola, R. Schulz, S. Páll, J. C. Smith, B. Hess, E.
Lindahl
GROMACS: High performance molecular simulations through multi-level
parallelism from laptops to supercomputers
SoftwareX 1 (2015) pp. 19-25
-------- -------- --- Thank You --- -------- --------


++++ PLEASE READ AND CITE THE FOLLOWING REFERENCE ++++
S. Páll, M. J. Abraham, C. Kutzner, B. Hess, E. Lindahl
Tackling Exascale Software Challenges in Molecular Dynamics Simulations with
GROMACS
In S. Markidis & E. Laure (Eds.), Solving Software Challenges for Exascale 8759 (2015) pp. 3-27
-------- -------- --- Thank You --- -------- --------


++++ PLEASE READ AND CITE THE FOLLOWING REFERENCE ++++
S. Pronk, S. Páll, R. Schulz, P. Larsson, P. Bjelkmar, R. Apostolov, M. R.
Shirts, J. C. Smith, P. M. Kasson, D. van der Spoel, B. Hess, and E. Lindahl
GROMACS 4.5: a high-throughput and highly parallel open source molecular
simulation toolkit
Bioinformatics 29 (2013) pp. 845-54
-------- -------- --- Thank You --- -------- --------


++++ PLEASE READ AND CITE THE FOLLOWING REFERENCE ++++
B. Hess and C. Kutzner and D. van der Spoel and E. Lindahl
GROMACS 4: Algorithms for highly efficient, load-balanced, and scalable
molecular simulation
J. Chem. Theory Comput. 4 (2008) pp. 435-447
-------- -------- --- Thank You --- -------- --------


++++ PLEASE READ AND CITE THE FOLLOWING REFERENCE ++++
D. van der Spoel, E. Lindahl, B. Hess, G. Groenhof, A. E. Mark and H. J. C.
Berendsen
GROMACS: Fast, Flexible and Free
J. Comp. Chem. 26 (2005) pp. 1701-1719
-------- -------- --- Thank You --- -------- --------


++++ PLEASE READ AND CITE THE FOLLOWING REFERENCE ++++
E. Lindahl and B. Hess and D. van der Spoel
GROMACS 3.0: A package for molecular simulation and trajectory analysis
J. Mol. Mod. 7 (2001) pp. 306-317
-------- -------- --- Thank You --- -------- --------


++++ PLEASE READ AND CITE THE FOLLOWING REFERENCE ++++
H. J. C. Berendsen, D. van der Spoel and R. van Drunen
GROMACS: A message-passing parallel molecular dynamics implementation
Comp. Phys. Comm. 91 (1995) pp. 43-56
-------- -------- --- Thank You --- -------- --------


++++ PLEASE CITE THE DOI FOR THIS VERSION OF GROMACS ++++
https://doi.org/10.5281/zenodo.14016590
-------- -------- --- Thank You --- -------- --------

Input Parameters:
   integrator                     = md
   tinit                          = 0
   dt                             = 0.002
   nsteps                         = 50000
   init-step                      = 0
   simulation-part                = 1
   mts                            = false
   mass-repartition-factor        = 1
   comm-mode                      = Linear
   nstcomm                        = 100
   bd-fric                        = 0
   ld-seed                        = -814908161
   emtol                          = 10
   emstep                         = 0.01
   niter                          = 20
   fcstep                         = 0
   nstcgsteep                     = 1000
   nbfgscorr                      = 10
   rtpi                           = 0.05
   nstxout                        = 500
   nstvout                        = 500
   nstfout                        = 0
   nstlog                         = 500
   nstcalcenergy                  = 100
   nstenergy                      = 500
   nstxout-compressed             = 1000
   compressed-x-precision         = 1000
   cutoff-scheme                  = Verlet
   nstlist                        = 10
   pbc                            = xyz
   periodic-molecules             = false
   verlet-buffer-tolerance        = 0.005
   verlet-buffer-pressure-tolerance = 0.5
   rlist                          = 1
   coulombtype                    = PME
   coulomb-modifier               = Potential-shift
   rcoulomb-switch                = 0
   rcoulomb                       = 1
   epsilon-r                      = 1
   epsilon-rf                     = inf
   vdw-type                       = Cut-off
   vdw-modifier                   = Potential-shift
   rvdw-switch                    = 0
   rvdw                           = 1
   DispCorr                       = EnerPres
   table-extension                = 1
   fourierspacing                 = 0.12
   fourier-nx                     = 80
   fourier-ny                     = 80
   fourier-nz                     = 80
   pme-order                      = 4
   ewald-rtol                     = 1e-05
   ewald-rtol-lj                  = 0.001
   lj-pme-comb-rule               = Geometric
   ewald-geometry                 = 3d
   epsilon-surface                = 0
   ensemble-temperature-setting   = constant
   ensemble-temperature           = 300
   tcoupl                         = V-rescale
   nsttcouple                     = 10
   nh-chain-length                = 0
   print-nose-hoover-chain-variables = false
   pcoupl                         = Parrinello-Rahman
   pcoupltype                     = Isotropic
   nstpcouple                     = 25
   tau-p                          = 1
   compressibility (3x3):
      compressibility[    0]={ 4.50000e-05,  0.00000e+00,  0.00000e+00}
      compressibility[    1]={ 0.00000e+00,  4.50000e-05,  0.00000e+00}
      compressibility[    2]={ 0.00000e+00,  0.00000e+00,  4.50000e-05}
   ref-p (3x3):
      ref-p[    0]={ 1.00000e+00,  0.00000e+00,  0.00000e+00}
      ref-p[    1]={ 0.00000e+00,  1.00000e+00,  0.00000e+00}
      ref-p[    2]={ 0.00000e+00,  0.00000e+00,  1.00000e+00}
   refcoord-scaling               = COM
   posres-com (3):
      posres-com[0]= 5.00351e-01
      posres-com[1]= 7.39141e-03
      posres-com[2]= 4.98621e-01
   posres-comB (3):
      posres-comB[0]= 5.00351e-01
      posres-comB[1]= 7.39141e-03
      posres-comB[2]= 4.98621e-01
   QMMM                           = false
qm-opts:
   ngQM                           = 0
   constraint-algorithm           = Lincs
   continuation                   = true
   Shake-SOR                      = false
   shake-tol                      = 0.0001
   lincs-order                    = 4
   lincs-iter                     = 1
   lincs-warnangle                = 30
   nwall                          = 0
   wall-type                      = 9-3
   wall-r-linpot                  = -1
   wall-atomtype[0]               = -1
   wall-atomtype[1]               = -1
   wall-density[0]                = 0
   wall-density[1]                = 0
   wall-ewald-zfac                = 3
   pull                           = false
   awh                            = false
   rotation                       = false
   interactiveMD                  = false
   disre                          = No
   disre-weighting                = Conservative
   disre-mixed                    = false
   dr-fc                          = 1000
   dr-tau                         = 0
   nstdisreout                    = 100
   orire-fc                       = 0
   orire-tau                      = 0
   nstorireout                    = 100
   free-energy                    = no
   cos-acceleration               = 0
   deform (3x3):
      deform[    0]={ 0.00000e+00,  0.00000e+00,  0.00000e+00}
      deform[    1]={ 0.00000e+00,  0.00000e+00,  0.00000e+00}
      deform[    2]={ 0.00000e+00,  0.00000e+00,  0.00000e+00}
   simulated-tempering            = false
   swapcoords                     = no
   userint1                       = 0
   userint2                       = 0
   userint3                       = 0
   userint4                       = 0
   userreal1                      = 0
   userreal2                      = 0
   userreal3                      = 0
   userreal4                      = 0
   applied-forces:
     electric-field:
       x:
         E0                       = 0
         omega                    = 0
         t0                       = 0
         sigma                    = 0
       y:
         E0                       = 0
         omega                    = 0
         t0                       = 0
         sigma                    = 0
       z:
         E0                       = 0
         omega                    = 0
         t0                       = 0
         sigma                    = 0
     density-guided-simulation:
       active                     = false
       group                      = protein
       similarity-measure         = inner-product
       atom-spreading-weight      = unity
       force-constant             = 1e+09
       gaussian-transform-spreading-width = 0.2
       gaussian-transform-spreading-range-in-multiples-of-width = 4
       reference-density-filename = reference.mrc
       nst                        = 1
       normalize-densities        = true
       adaptive-force-scaling     = false
       adaptive-force-scaling-time-constant = 4
       shift-vector               = 
       transformation-matrix      = 
     qmmm-cp2k:
       active                     = false
       qmgroup                    = System
       qmmethod                   = PBE
       qmfilenames                = 
       qmcharge                   = 0
       qmmultiplicity             = 1
     colvars:
       active                     = false
       configfile                 = 
       seed                       = -1
grpopts:
   nrdf:     15075.6      105267
   ref-t:         300         300
   tau-t:         0.1         0.1
annealing:          No          No
annealing-npoints:           0           0
   acc:	           0           0           0
   nfreeze:           N           N           N
   energygrp-flags[  0]: 0

Changing nstlist from 10 to 100, rlist from 1 to 1.177

Update groups can not be used for this system because atoms that are (in)directly constrained together are interdispersed with other atoms

1 GPU selected for this run.
Mapping of GPU IDs to the 2 GPU tasks in the 1 rank on this node:
  PP:0,PME:0
PP tasks will do (non-perturbed) short-ranged interactions on the GPU
PP task will update and constrain coordinates on the GPU
PME tasks will do all aspects on the GPU
Using 1 MPI thread

Non-default thread affinity set, disabling internal thread affinity

Using 24 OpenMP threads 

System total charge: 0.000
Will do PME sum in reciprocal space for electrostatic interactions.

++++ PLEASE READ AND CITE THE FOLLOWING REFERENCE ++++
U. Essmann, L. Perera, M. L. Berkowitz, T. Darden, H. Lee and L. G. Pedersen 
A smooth particle mesh Ewald method
J. Chem. Phys. 103 (1995) pp. 8577-8592
-------- -------- --- Thank You --- -------- --------

Using a Gaussian width (1/beta) of 0.320163 nm for Ewald
Potential shift: LJ r^-12: -1.000e+00 r^-6: -1.000e+00, Ewald -1.000e-05
Initialized non-bonded Coulomb Ewald tables, spacing: 9.33e-04 size: 1073

Generated table with 1088 data points for 1-4 COUL.
Tabscale = 500 points/nm
Generated table with 1088 data points for 1-4 LJ6.
Tabscale = 500 points/nm
Generated table with 1088 data points for 1-4 LJ12.
Tabscale = 500 points/nm
Long Range LJ corr.: <C6> 3.3719e-04


Using GPU 8x8 nonbonded short-range kernels

Using a dual 8x8 pair-list setup updated with dynamic, rolling pruning:
  outer list: updated every 100 steps, buffer 0.177 nm, rlist 1.177 nm
  inner list: updated every   8 steps, buffer 0.001 nm, rlist 1.001 nm
At tolerance 0.005 kJ/mol/ps per atom, equivalent classical 1x1 list would be:
  outer list: updated every 100 steps, buffer 0.316 nm, rlist 1.316 nm
  inner list: updated every   8 steps, buffer 0.030 nm, rlist 1.030 nm

The average pressure is off by at most 0.57 bar due to missing LJ interactions

Using Lorentz-Berthelot Lennard-Jones combination rule

Initializing LINear Constraint Solver

++++ PLEASE READ AND CITE THE FOLLOWING REFERENCE ++++
B. Hess and H. Bekker and H. J. C. Berendsen and J. G. E. M. Fraaije
LINCS: A Linear Constraint Solver for molecular simulations
J. Comp. Chem. 18 (1997) pp. 1463-1472
-------- -------- --- Thank You --- -------- --------

The number of constraints is 3020

++++ PLEASE READ AND CITE THE FOLLOWING REFERENCE ++++
S. Miyamoto and P. A. Kollman
SETTLE: An Analytical Version of the SHAKE and RATTLE Algorithms for Rigid
Water Models
J. Comp. Chem. 13 (1992) pp. 952-962
-------- -------- --- Thank You --- -------- --------


++++ PLEASE READ AND CITE THE FOLLOWING REFERENCE ++++
G. Bussi, D. Donadio and M. Parrinello
Canonical sampling through velocity rescaling
J. Chem. Phys. 126 (2007) pp. 014101
-------- -------- --- Thank You --- -------- --------

There are: 58661 Atoms

Updating coordinates and applying constraints on the GPU.
Center of mass motion removal mode is Linear
We have the following groups for center of mass motion removal:
  0:  rest

Started mdrun on rank 0 Thu Sep  4 18:13:29 2025

           Step           Time
              0        0.00000

   Energies (kJ/mol)
           Bond          Angle    Proper Dih. Per. Imp. Dih.          LJ-14
    4.56747e+03    1.26863e+04    1.60702e+04    7.55775e+02    5.90263e+03
     Coulomb-14        LJ (SR)  Disper. corr.   Coulomb (SR)   Coul. recip.
    5.12636e+04    1.42516e+05   -8.15606e+03   -1.10526e+06    5.56577e+03
 Position Rest.      Potential    Kinetic En.   Total Energy  Conserved En.
    3.79548e-01   -8.74093e+05    1.49797e+05   -7.24296e+05   -7.24260e+05
    Temperature Pres. DC (bar) Pressure (bar)   Constr. rmsd
    2.99418e+02   -2.27822e+02   -6.51081e+02    0.00000e+00

           Step           Time
            500        1.00000

   Energies (kJ/mol)
           Bond          Angle    Proper Dih. Per. Imp. Dih.          LJ-14
    4.63387e+03    1.25839e+04    1.59992e+04    7.48890e+02    5.87222e+03
     Coulomb-14        LJ (SR)  Disper. corr.   Coulomb (SR)   Coul. recip.
    5.12046e+04    1.47825e+05   -8.30945e+03   -1.11274e+06    5.27819e+03
 Position Rest.      Potential    Kinetic En.   Total Energy  Conserved En.
    1.33548e+03   -8.75572e+05    1.50632e+05   -7.24940e+05   -7.24070e+05
    Temperature Pres. DC (bar) Pressure (bar)   Constr. rmsd
    3.01087e+02   -2.36461e+02   -1.38664e+02    0.00000e+00

           Step           Time
           1000        2.00000

   Energies (kJ/mol)
           Bond          Angle    Proper Dih. Per. Imp. Dih.          LJ-14
    4.44232e+03    1.26063e+04    1.60688e+04    7.27514e+02    5.92967e+03
     Coulomb-14        LJ (SR)  Disper. corr.   Coulomb (SR)   Coul. recip.
    5.12506e+04    1.45769e+05   -8.27632e+03   -1.11188e+06    5.40633e+03
 Position Rest.      Potential    Kinetic En.   Total Energy  Conserved En.
    1.30650e+03   -8.76653e+05    1.50587e+05   -7.26067e+05   -7.24008e+05
    Temperature Pres. DC (bar) Pressure (bar)   Constr. rmsd
    3.00996e+02   -2.34581e+02   -1.12548e+02    0.00000e+00

           Step           Time
           1500        3.00000

   Energies (kJ/mol)
           Bond          Angle    Proper Dih. Per. Imp. Dih.          LJ-14
    4.83576e+03    1.25013e+04    1.62209e+04    7.64015e+02    5.75270e+03
     Coulomb-14        LJ (SR)  Disper. corr.   Coulomb (SR)   Coul. recip.
    5.11266e+04    1.45653e+05   -8.31530e+03   -1.11101e+06    5.45606e+03
 Position Rest.      Potential    Kinetic En.   Total Energy  Conserved En.
    1.37862e+03   -8.75635e+05    1.50263e+05   -7.25372e+05   -7.23930e+05
    Temperature Pres. DC (bar) Pressure (bar)   Constr. rmsd
    3.00350e+02   -2.36794e+02    3.54500e+02    0.00000e+00

           Step           Time
           2000        4.00000

   Energies (kJ/mol)
           Bond          Angle    Proper Dih. Per. Imp. Dih.          LJ-14
    4.76806e+03    1.22965e+04    1.59770e+04    7.78436e+02    5.83325e+03
     Coulomb-14        LJ (SR)  Disper. corr.   Coulomb (SR)   Coul. recip.
    5.08752e+04    1.47171e+05   -8.32885e+03   -1.11311e+06    5.25218e+03
 Position Rest.      Potential    Kinetic En.   Total Energy  Conserved En.
    1.44439e+03   -8.77045e+05    1.50326e+05   -7.26719e+05   -7.23901e+05
    Temperature Pres. DC (bar) Pressure (bar)   Constr. rmsd
    3.00476e+02   -2.37565e+02    5.45308e+02    0.00000e+00

           Step           Time
           2500        5.00000

   Energies (kJ/mol)
           Bond          Angle    Proper Dih. Per. Imp. Dih.          LJ-14
    4.76649e+03    1.22611e+04    1.61470e+04    7.39882e+02    5.89602e+03
     Coulomb-14        LJ (SR)  Disper. corr.   Coulomb (SR)   Coul. recip.
    5.07611e+04    1.46227e+05   -8.32815e+03   -1.11236e+06    5.42461e+03
 Position Rest.      Potential    Kinetic En.   Total Energy  Conserved En.
    1.43890e+03   -8.77024e+05    1.49840e+05   -7.27184e+05   -7.23890e+05
    Temperature Pres. DC (bar) Pressure (bar)   Constr. rmsd
    2.99504e+02   -2.37526e+02    4.66880e+02    0.00000e+00

           Step           Time
           3000        6.00000

   Energies (kJ/mol)
           Bond          Angle    Proper Dih. Per. Imp. Dih.          LJ-14
    4.61532e+03    1.21845e+04    1.59980e+04    7.53620e+02    5.78431e+03
     Coulomb-14        LJ (SR)  Disper. corr.   Coulomb (SR)   Coul. recip.
    5.10102e+04    1.45095e+05   -8.32307e+03   -1.11021e+06    5.42243e+03
 Position Rest.      Potential    Kinetic En.   Total Energy  Conserved En.
    1.51850e+03   -8.76146e+05    1.49892e+05   -7.26255e+05   -7.23817e+05
    Temperature Pres. DC (bar) Pressure (bar)   Constr. rmsd
    2.99607e+02   -2.37236e+02   -6.62251e+02    0.00000e+00

           Step           Time
           3500        7.00000

   Energies (kJ/mol)
           Bond          Angle    Proper Dih. Per. Imp. Dih.          LJ-14
    4.49446e+03    1.26038e+04    1.60656e+04    7.61339e+02    5.88169e+03
     Coulomb-14        LJ (SR)  Disper. corr.   Coulomb (SR)   Coul. recip.
    5.10903e+04    1.46265e+05   -8.32510e+03   -1.11101e+06    5.40284e+03
 Position Rest.      Potential    Kinetic En.   Total Energy  Conserved En.
    1.45378e+03   -8.75313e+05    1.51200e+05   -7.24113e+05   -7.23821e+05
    Temperature Pres. DC (bar) Pressure (bar)   Constr. rmsd
    3.02223e+02   -2.37352e+02   -3.49570e+01    0.00000e+00

           Step           Time
           4000        8.00000

   Energies (kJ/mol)
           Bond          Angle    Proper Dih. Per. Imp. Dih.          LJ-14
    4.72259e+03    1.25419e+04    1.61636e+04    8.22327e+02    5.93645e+03
     Coulomb-14        LJ (SR)  Disper. corr.   Coulomb (SR)   Coul. recip.
    5.11699e+04    1.45800e+05   -8.32010e+03   -1.11091e+06    5.37884e+03
 Position Rest.      Potential    Kinetic En.   Total Energy  Conserved En.
    1.48380e+03   -8.75210e+05    1.51141e+05   -7.24068e+05   -7.23792e+05
    Temperature Pres. DC (bar) Pressure (bar)   Constr. rmsd
    3.02105e+02   -2.37067e+02    3.24048e+02    0.00000e+00

           Step           Time
           4500        9.00000

   Energies (kJ/mol)
           Bond          Angle    Proper Dih. Per. Imp. Dih.          LJ-14
    4.57855e+03    1.19491e+04    1.60901e+04    7.58229e+02    5.90322e+03
     Coulomb-14        LJ (SR)  Disper. corr.   Coulomb (SR)   Coul. recip.
    5.10413e+04    1.46372e+05   -8.33074e+03   -1.11334e+06    5.34465e+03
 Position Rest.      Potential    Kinetic En.   Total Energy  Conserved En.
    1.45245e+03   -8.78178e+05    1.50698e+05   -7.27480e+05   -7.23848e+05
    Temperature Pres. DC (bar) Pressure (bar)   Constr. rmsd
    3.01219e+02   -2.37673e+02   -4.15806e+01    0.00000e+00

           Step           Time
           5000       10.00000

   Energies (kJ/mol)
           Bond          Angle    Proper Dih. Per. Imp. Dih.          LJ-14
    4.83762e+03    1.23356e+04    1.59699e+04    7.68166e+02    5.84958e+03
     Coulomb-14        LJ (SR)  Disper. corr.   Coulomb (SR)   Coul. recip.
    5.09603e+04    1.45657e+05   -8.30254e+03   -1.11045e+06    5.31284e+03
 Position Rest.      Potential    Kinetic En.   Total Energy  Conserved En.
    1.48720e+03   -8.75579e+05    1.50446e+05   -7.25133e+05   -7.23795e+05
    Temperature Pres. DC (bar) Pressure (bar)   Constr. rmsd
    3.00715e+02   -2.36068e+02   -3.40190e+02    0.00000e+00

           Step           Time
           5500       11.00000

   Energies (kJ/mol)
           Bond          Angle    Proper Dih. Per. Imp. Dih.          LJ-14
    4.55898e+03    1.25189e+04    1.61641e+04    7.58377e+02    5.86069e+03
     Coulomb-14        LJ (SR)  Disper. corr.   Coulomb (SR)   Coul. recip.
    5.10997e+04    1.46404e+05   -8.32576e+03   -1.11129e+06    5.33820e+03
 Position Rest.      Potential    Kinetic En.   Total Energy  Conserved En.
    1.45693e+03   -8.75456e+05    1.51472e+05   -7.23985e+05   -7.23812e+05
    Temperature Pres. DC (bar) Pressure (bar)   Constr. rmsd
    3.02765e+02   -2.37389e+02    2.50232e+01    0.00000e+00

           Step           Time
           6000       12.00000

   Energies (kJ/mol)
           Bond          Angle    Proper Dih. Per. Imp. Dih.          LJ-14
    4.58649e+03    1.24277e+04    1.60017e+04    6.90239e+02    5.86034e+03
     Coulomb-14        LJ (SR)  Disper. corr.   Coulomb (SR)   Coul. recip.
    5.11366e+04    1.46044e+05   -8.32959e+03   -1.11230e+06    5.23895e+03
 Position Rest.      Potential    Kinetic En.   Total Energy  Conserved En.
    1.48988e+03   -8.77153e+05    1.48784e+05   -7.28369e+05   -7.23767e+05
    Temperature Pres. DC (bar) Pressure (bar)   Constr. rmsd
    2.97394e+02   -2.37607e+02   -5.70817e+00    0.00000e+00

           Step           Time
           6500       13.00000

   Energies (kJ/mol)
           Bond          Angle    Proper Dih. Per. Imp. Dih.          LJ-14
    4.49977e+03    1.22474e+04    1.59479e+04    7.45224e+02    5.84024e+03
     Coulomb-14        LJ (SR)  Disper. corr.   Coulomb (SR)   Coul. recip.
    5.12229e+04    1.46720e+05   -8.32199e+03   -1.11232e+06    5.33224e+03
 Position Rest.      Potential    Kinetic En.   Total Energy  Conserved En.
    1.49205e+03   -8.76598e+05    1.49705e+05   -7.26893e+05   -7.23793e+05
    Temperature Pres. DC (bar) Pressure (bar)   Constr. rmsd
    2.99234e+02   -2.37175e+02   -1.09889e+02    0.00000e+00

           Step           Time
           7000       14.00000

   Energies (kJ/mol)
           Bond          Angle    Proper Dih. Per. Imp. Dih.          LJ-14
    4.80589e+03    1.25434e+04    1.61590e+04    7.72576e+02    5.76382e+03
     Coulomb-14        LJ (SR)  Disper. corr.   Coulomb (SR)   Coul. recip.
    5.09020e+04    1.45212e+05   -8.30721e+03   -1.11090e+06    5.44281e+03
 Position Rest.      Potential    Kinetic En.   Total Energy  Conserved En.
    1.46667e+03   -8.76138e+05    1.50205e+05   -7.25932e+05   -7.23760e+05
    Temperature Pres. DC (bar) Pressure (bar)   Constr. rmsd
    3.00234e+02   -2.36334e+02   -5.34656e+01    0.00000e+00

           Step           Time
           7500       15.00000

   Energies (kJ/mol)
           Bond          Angle    Proper Dih. Per. Imp. Dih.          LJ-14
    4.70891e+03    1.21945e+04    1.60848e+04    7.57484e+02    5.73726e+03
     Coulomb-14        LJ (SR)  Disper. corr.   Coulomb (SR)   Coul. recip.
    5.09913e+04    1.47777e+05   -8.34021e+03   -1.11474e+06    5.50570e+03
 Position Rest.      Potential    Kinetic En.   Total Energy  Conserved En.
    1.46120e+03   -8.77866e+05    1.49009e+05   -7.28856e+05   -7.23719e+05
    Temperature Pres. DC (bar) Pressure (bar)   Constr. rmsd
    2.97844e+02   -2.38213e+02    1.92752e+02    0.00000e+00

step 7700: timed with pme grid 80 80 80, coulomb cutoff 1.000: 182.5 M-cycles
step 7900: timed with pme grid 64 64 64, coulomb cutoff 1.195: 225.6 M-cycles
           Step           Time
           8000       16.00000

   Energies (kJ/mol)
           Bond          Angle    Proper Dih. Per. Imp. Dih.          LJ-14
    4.76373e+03    1.25592e+04    1.61221e+04    7.95913e+02    5.71826e+03
     Coulomb-14        LJ (SR)  Disper. corr.   Coulomb (SR)   Coul. recip.
    5.09036e+04    1.46288e+05   -8.34503e+03   -1.11181e+06    4.37685e+03
 Position Rest.      Potential    Kinetic En.   Total Energy  Conserved En.
    1.53336e+03   -8.77094e+05    1.49695e+05   -7.27398e+05   -7.23700e+05
    Temperature Pres. DC (bar) Pressure (bar)   Constr. rmsd
    2.99215e+02   -2.38488e+02    1.65349e+02    0.00000e+00

step 8100: timed with pme grid 72 72 72, coulomb cutoff 1.062: 231.4 M-cycles
step 8300: timed with pme grid 80 80 80, coulomb cutoff 1.000: 182.2 M-cycles
              optimal pme grid 80 80 80, coulomb cutoff 1.000
           Step           Time
           8500       17.00000

   Energies (kJ/mol)
           Bond          Angle    Proper Dih. Per. Imp. Dih.          LJ-14
    4.56597e+03    1.25514e+04    1.62358e+04    7.29882e+02    5.73869e+03
     Coulomb-14        LJ (SR)  Disper. corr.   Coulomb (SR)   Coul. recip.
    5.10920e+04    1.43179e+05   -8.31684e+03   -1.10777e+06    5.43813e+03
 Position Rest.      Potential    Kinetic En.   Total Energy  Conserved En.
    1.48878e+03   -8.75066e+05    1.49189e+05   -7.25878e+05   -7.23661e+05
    Temperature Pres. DC (bar) Pressure (bar)   Constr. rmsd
    2.98202e+02   -2.36882e+02   -6.75681e+02    0.00000e+00

           Step           Time
           9000       18.00000

   Energies (kJ/mol)
           Bond          Angle    Proper Dih. Per. Imp. Dih.          LJ-14
    4.35078e+03    1.24681e+04    1.60001e+04    7.22182e+02    5.96444e+03
     Coulomb-14        LJ (SR)  Disper. corr.   Coulomb (SR)   Coul. recip.
    5.12909e+04    1.46970e+05   -8.33029e+03   -1.11375e+06    5.38173e+03
 Position Rest.      Potential    Kinetic En.   Total Energy  Conserved En.
    1.46167e+03   -8.77475e+05    1.50331e+05   -7.27144e+05   -7.23677e+05
    Temperature Pres. DC (bar) Pressure (bar)   Constr. rmsd
    3.00486e+02   -2.37648e+02   -2.27443e+02    0.00000e+00

           Step           Time
           9500       19.00000

   Energies (kJ/mol)
           Bond          Angle    Proper Dih. Per. Imp. Dih.          LJ-14
    4.60464e+03    1.22768e+04    1.60451e+04    7.40330e+02    5.89008e+03
     Coulomb-14        LJ (SR)  Disper. corr.   Coulomb (SR)   Coul. recip.
    5.08862e+04    1.46856e+05   -8.33022e+03   -1.11181e+06    5.41265e+03
 Position Rest.      Potential    Kinetic En.   Total Energy  Conserved En.
    1.44929e+03   -8.75982e+05    1.50785e+05   -7.25197e+05   -7.23611e+05
    Temperature Pres. DC (bar) Pressure (bar)   Constr. rmsd
    3.01392e+02   -2.37643e+02    9.62600e+01    0.00000e+00

           Step           Time
          10000       20.00000

   Energies (kJ/mol)
           Bond          Angle    Proper Dih. Per. Imp. Dih.          LJ-14
    4.57556e+03    1.22603e+04    1.60249e+04    7.44399e+02    5.81822e+03
     Coulomb-14        LJ (SR)  Disper. corr.   Coulomb (SR)   Coul. recip.
    5.11285e+04    1.48140e+05   -8.34785e+03   -1.11458e+06    5.25709e+03
 Position Rest.      Potential    Kinetic En.   Total Energy  Conserved En.
    1.45782e+03   -8.77526e+05    1.49645e+05   -7.27881e+05   -7.23617e+05
    Temperature Pres. DC (bar) Pressure (bar)   Constr. rmsd
    2.99113e+02   -2.38649e+02    2.32056e+02    0.00000e+00

           Step           Time
          10500       21.00000

   Energies (kJ/mol)
           Bond          Angle    Proper Dih. Per. Imp. Dih.          LJ-14
    4.57081e+03    1.23020e+04    1.60295e+04    7.07168e+02    5.85240e+03
     Coulomb-14        LJ (SR)  Disper. corr.   Coulomb (SR)   Coul. recip.
    5.11754e+04    1.46023e+05   -8.33010e+03   -1.11145e+06    5.41972e+03
 Position Rest.      Potential    Kinetic En.   Total Energy  Conserved En.
    1.44805e+03   -8.76256e+05    1.50448e+05   -7.25808e+05   -7.23615e+05
    Temperature Pres. DC (bar) Pressure (bar)   Constr. rmsd
    3.00719e+02   -2.37637e+02    2.59357e+02    0.00000e+00

           Step           Time
          11000       22.00000

   Energies (kJ/mol)
           Bond          Angle    Proper Dih. Per. Imp. Dih.          LJ-14
    4.61812e+03    1.22765e+04    1.60543e+04    7.42023e+02    5.89067e+03
     Coulomb-14        LJ (SR)  Disper. corr.   Coulomb (SR)   Coul. recip.
    5.08218e+04    1.47452e+05   -8.34126e+03   -1.11514e+06    5.38011e+03
 Position Rest.      Potential    Kinetic En.   Total Energy  Conserved En.
    1.50488e+03   -8.78744e+05    1.48221e+05   -7.30523e+05   -7.23560e+05
    Temperature Pres. DC (bar) Pressure (bar)   Constr. rmsd
    2.96268e+02   -2.38273e+02    2.08809e+02    0.00000e+00

           Step           Time
          11500       23.00000

   Energies (kJ/mol)
           Bond          Angle    Proper Dih. Per. Imp. Dih.          LJ-14
    4.82653e+03    1.21095e+04    1.60740e+04    7.87185e+02    5.78845e+03
     Coulomb-14        LJ (SR)  Disper. corr.   Coulomb (SR)   Coul. recip.
    5.11289e+04    1.46609e+05   -8.33461e+03   -1.11225e+06    5.47496e+03
 Position Rest.      Potential    Kinetic En.   Total Energy  Conserved En.
    1.56884e+03   -8.76218e+05    1.50312e+05   -7.25907e+05   -7.23586e+05
    Temperature Pres. DC (bar) Pressure (bar)   Constr. rmsd
    3.00447e+02   -2.37894e+02   -1.81026e+02    0.00000e+00

           Step           Time
          12000       24.00000

   Energies (kJ/mol)
           Bond          Angle    Proper Dih. Per. Imp. Dih.          LJ-14
    4.70459e+03    1.24540e+04    1.60243e+04    7.52906e+02    5.77625e+03
     Coulomb-14        LJ (SR)  Disper. corr.   Coulomb (SR)   Coul. recip.
    5.10548e+04    1.45865e+05   -8.32574e+03   -1.11005e+06    5.53965e+03
 Position Rest.      Potential    Kinetic En.   Total Energy  Conserved En.
    1.46988e+03   -8.74733e+05    1.50478e+05   -7.24255e+05   -7.23595e+05
    Temperature Pres. DC (bar) Pressure (bar)   Constr. rmsd
    3.00779e+02   -2.37388e+02    3.99288e+01    0.00000e+00

           Step           Time
          12500       25.00000

   Energies (kJ/mol)
           Bond          Angle    Proper Dih. Per. Imp. Dih.          LJ-14
    4.62212e+03    1.23071e+04    1.61617e+04    7.95250e+02    5.81314e+03
     Coulomb-14        LJ (SR)  Disper. corr.   Coulomb (SR)   Coul. recip.
    5.09060e+04    1.45100e+05   -8.32438e+03   -1.11177e+06    5.44367e+03
 Position Rest.      Potential    Kinetic En.   Total Energy  Conserved En.
    1.52115e+03   -8.77420e+05    1.50600e+05   -7.26820e+05   -7.23557e+05
    Temperature Pres. DC (bar) Pressure (bar)   Constr. rmsd
    3.01023e+02   -2.37311e+02   -1.16425e+00    0.00000e+00

           Step           Time
          13000       26.00000

   Energies (kJ/mol)
           Bond          Angle    Proper Dih. Per. Imp. Dih.          LJ-14
    4.58607e+03    1.20550e+04    1.61515e+04    7.44523e+02    5.89134e+03
     Coulomb-14        LJ (SR)  Disper. corr.   Coulomb (SR)   Coul. recip.
    5.12080e+04    1.48389e+05   -8.31906e+03   -1.11537e+06    5.32093e+03
 Position Rest.      Potential    Kinetic En.   Total Energy  Conserved En.
    1.45257e+03   -8.77889e+05    1.49396e+05   -7.28493e+05   -7.23527e+05
    Temperature Pres. DC (bar) Pressure (bar)   Constr. rmsd
    2.98616e+02   -2.37008e+02   -2.98996e+02    0.00000e+00

           Step           Time
          13500       27.00000

   Energies (kJ/mol)
           Bond          Angle    Proper Dih. Per. Imp. Dih.          LJ-14
    4.59197e+03    1.26720e+04    1.61328e+04    7.67724e+02    5.77297e+03
     Coulomb-14        LJ (SR)  Disper. corr.   Coulomb (SR)   Coul. recip.
    5.08835e+04    1.46374e+05   -8.33547e+03   -1.11230e+06    5.48872e+03
 Position Rest.      Potential    Kinetic En.   Total Energy  Conserved En.
    1.48738e+03   -8.76468e+05    1.50208e+05   -7.26260e+05   -7.23476e+05
    Temperature Pres. DC (bar) Pressure (bar)   Constr. rmsd
    3.00240e+02   -2.37943e+02   -1.41492e+02    0.00000e+00

           Step           Time
          14000       28.00000

   Energies (kJ/mol)
           Bond          Angle    Proper Dih. Per. Imp. Dih.          LJ-14
    4.61306e+03    1.22612e+04    1.61387e+04    7.25444e+02    5.81431e+03
     Coulomb-14        LJ (SR)  Disper. corr.   Coulomb (SR)   Coul. recip.
    5.12803e+04    1.47246e+05   -8.30981e+03   -1.11395e+06    5.28069e+03
 Position Rest.      Potential    Kinetic En.   Total Energy  Conserved En.
    1.48134e+03   -8.77416e+05    1.49550e+05   -7.27866e+05   -7.23429e+05
    Temperature Pres. DC (bar) Pressure (bar)   Constr. rmsd
    2.98925e+02   -2.36482e+02    2.05044e+02    0.00000e+00

           Step           Time
          14500       29.00000

   Energies (kJ/mol)
           Bond          Angle    Proper Dih. Per. Imp. Dih.          LJ-14
    4.55986e+03    1.26263e+04    1.61336e+04    7.58000e+02    5.81014e+03
     Coulomb-14        LJ (SR)  Disper. corr.   Coulomb (SR)   Coul. recip.
    5.08788e+04    1.46399e+05   -8.35967e+03   -1.11427e+06    5.23543e+03
 Position Rest.      Potential    Kinetic En.   Total Energy  Conserved En.
    1.53933e+03   -8.78687e+05    1.50251e+05   -7.28437e+05   -7.23338e+05
    Temperature Pres. DC (bar) Pressure (bar)   Constr. rmsd
    3.00325e+02   -2.39325e+02    8.58459e+01    0.00000e+00

           Step           Time
          15000       30.00000

   Energies (kJ/mol)
           Bond          Angle    Proper Dih. Per. Imp. Dih.          LJ-14
    4.76061e+03    1.24460e+04    1.61436e+04    7.10173e+02    5.86770e+03
     Coulomb-14        LJ (SR)  Disper. corr.   Coulomb (SR)   Coul. recip.
    5.09498e+04    1.47985e+05   -8.34905e+03   -1.11289e+06    5.44853e+03
 Position Rest.      Potential    Kinetic En.   Total Energy  Conserved En.
    1.47941e+03   -8.75443e+05    1.51185e+05   -7.24258e+05   -7.23303e+05
    Temperature Pres. DC (bar) Pressure (bar)   Constr. rmsd
    3.02192e+02   -2.38718e+02    3.87301e+02    0.00000e+00

           Step           Time
          15500       31.00000

   Energies (kJ/mol)
           Bond          Angle    Proper Dih. Per. Imp. Dih.          LJ-14
    4.74629e+03    1.22400e+04    1.61081e+04    7.08882e+02    5.91601e+03
     Coulomb-14        LJ (SR)  Disper. corr.   Coulomb (SR)   Coul. recip.
    5.10018e+04    1.44775e+05   -8.31977e+03   -1.11119e+06    5.40902e+03
 Position Rest.      Potential    Kinetic En.   Total Energy  Conserved En.
    1.42655e+03   -8.77179e+05    1.50488e+05   -7.26691e+05   -7.23298e+05
    Temperature Pres. DC (bar) Pressure (bar)   Constr. rmsd
    3.00800e+02   -2.37048e+02   -2.55443e+02    0.00000e+00

           Step           Time
          16000       32.00000

   Energies (kJ/mol)
           Bond          Angle    Proper Dih. Per. Imp. Dih.          LJ-14
    4.69124e+03    1.21028e+04    1.61487e+04    7.72204e+02    5.74203e+03
     Coulomb-14        LJ (SR)  Disper. corr.   Coulomb (SR)   Coul. recip.
    5.11901e+04    1.46951e+05   -8.33654e+03   -1.11466e+06    5.48473e+03
 Position Rest.      Potential    Kinetic En.   Total Energy  Conserved En.
    1.41046e+03   -8.78507e+05    1.50092e+05   -7.28415e+05   -7.23281e+05
    Temperature Pres. DC (bar) Pressure (bar)   Constr. rmsd
    3.00008e+02   -2.38004e+02   -3.98426e+01    0.00000e+00

           Step           Time
          16500       33.00000

   Energies (kJ/mol)
           Bond          Angle    Proper Dih. Per. Imp. Dih.          LJ-14
    4.70120e+03    1.22276e+04    1.59880e+04    7.25789e+02    5.85492e+03
     Coulomb-14        LJ (SR)  Disper. corr.   Coulomb (SR)   Coul. recip.
    5.10319e+04    1.47011e+05   -8.35597e+03   -1.11411e+06    5.28544e+03
 Position Rest.      Potential    Kinetic En.   Total Energy  Conserved En.
    1.45476e+03   -8.78189e+05    1.49275e+05   -7.28914e+05   -7.23238e+05
    Temperature Pres. DC (bar) Pressure (bar)   Constr. rmsd
    2.98375e+02   -2.39113e+02    3.69250e+02    0.00000e+00

           Step           Time
          17000       34.00000

   Energies (kJ/mol)
           Bond          Angle    Proper Dih. Per. Imp. Dih.          LJ-14
    4.63753e+03    1.24056e+04    1.60114e+04    7.54729e+02    5.81670e+03
     Coulomb-14        LJ (SR)  Disper. corr.   Coulomb (SR)   Coul. recip.
    5.06992e+04    1.45851e+05   -8.33000e+03   -1.11087e+06    5.39186e+03
 Position Rest.      Potential    Kinetic En.   Total Energy  Conserved En.
    1.51531e+03   -8.76113e+05    1.51675e+05   -7.24438e+05   -7.23265e+05
    Temperature Pres. DC (bar) Pressure (bar)   Constr. rmsd
    3.03172e+02   -2.37631e+02   -4.55744e+02    0.00000e+00

           Step           Time
          17500       35.00000

   Energies (kJ/mol)
           Bond          Angle    Proper Dih. Per. Imp. Dih.          LJ-14
    4.85066e+03    1.22904e+04    1.61467e+04    7.87888e+02    5.97341e+03
     Coulomb-14        LJ (SR)  Disper. corr.   Coulomb (SR)   Coul. recip.
    5.11680e+04    1.45966e+05   -8.33617e+03   -1.11245e+06    5.33089e+03
 Position Rest.      Potential    Kinetic En.   Total Energy  Conserved En.
    1.39017e+03   -8.76887e+05    1.50422e+05   -7.26465e+05   -7.23194e+05
    Temperature Pres. DC (bar) Pressure (bar)   Constr. rmsd
    3.00667e+02   -2.37983e+02    2.69752e+02    0.00000e+00

           Step           Time
          18000       36.00000

   Energies (kJ/mol)
           Bond          Angle    Proper Dih. Per. Imp. Dih.          LJ-14
    4.70508e+03    1.22605e+04    1.62034e+04    7.54247e+02    5.83837e+03
     Coulomb-14        LJ (SR)  Disper. corr.   Coulomb (SR)   Coul. recip.
    5.09937e+04    1.47388e+05   -8.33119e+03   -1.11497e+06    5.40292e+03
 Position Rest.      Potential    Kinetic En.   Total Energy  Conserved En.
    1.43931e+03   -8.78317e+05    1.49939e+05   -7.28378e+05   -7.23087e+05
    Temperature Pres. DC (bar) Pressure (bar)   Constr. rmsd
    2.99703e+02   -2.37699e+02    2.70570e+02    0.00000e+00

           Step           Time
          18500       37.00000

   Energies (kJ/mol)
           Bond          Angle    Proper Dih. Per. Imp. Dih.          LJ-14
    4.53071e+03    1.24772e+04    1.61229e+04    7.51613e+02    5.86508e+03
     Coulomb-14        LJ (SR)  Disper. corr.   Coulomb (SR)   Coul. recip.
    5.11653e+04    1.46895e+05   -8.34575e+03   -1.11333e+06    5.35630e+03
 Position Rest.      Potential    Kinetic En.   Total Energy  Conserved En.
    1.53219e+03   -8.76978e+05    1.50404e+05   -7.26574e+05   -7.23078e+05
    Temperature Pres. DC (bar) Pressure (bar)   Constr. rmsd
    3.00632e+02   -2.38529e+02    2.21013e+02    0.00000e+00

           Step           Time
          19000       38.00000

   Energies (kJ/mol)
           Bond          Angle    Proper Dih. Per. Imp. Dih.          LJ-14
    4.54667e+03    1.25862e+04    1.59741e+04    8.07416e+02    5.81646e+03
     Coulomb-14        LJ (SR)  Disper. corr.   Coulomb (SR)   Coul. recip.
    5.11557e+04    1.47996e+05   -8.34187e+03   -1.11461e+06    5.35501e+03
 Position Rest.      Potential    Kinetic En.   Total Energy  Conserved En.
    1.43933e+03   -8.77274e+05    1.50752e+05   -7.26522e+05   -7.23039e+05
    Temperature Pres. DC (bar) Pressure (bar)   Constr. rmsd
    3.01327e+02   -2.38308e+02    5.33891e+02    0.00000e+00

           Step           Time
          19500       39.00000

   Energies (kJ/mol)
           Bond          Angle    Proper Dih. Per. Imp. Dih.          LJ-14
    4.63621e+03    1.21922e+04    1.61531e+04    7.22346e+02    5.92765e+03
     Coulomb-14        LJ (SR)  Disper. corr.   Coulomb (SR)   Coul. recip.
    5.12157e+04    1.45289e+05   -8.33900e+03   -1.11141e+06    5.31016e+03
 Position Rest.      Potential    Kinetic En.   Total Energy  Conserved En.
    1.44981e+03   -8.76855e+05    1.50050e+05   -7.26805e+05   -7.23012e+05
    Temperature Pres. DC (bar) Pressure (bar)   Constr. rmsd
    2.99924e+02   -2.38144e+02   -3.35238e+02    0.00000e+00

           Step           Time
          20000       40.00000

   Energies (kJ/mol)
           Bond          Angle    Proper Dih. Per. Imp. Dih.          LJ-14
    4.88795e+03    1.26768e+04    1.60299e+04    7.32185e+02    5.80395e+03
     Coulomb-14        LJ (SR)  Disper. corr.   Coulomb (SR)   Coul. recip.
    5.08638e+04    1.44815e+05   -8.31477e+03   -1.10969e+06    5.32141e+03
 Position Rest.      Potential    Kinetic En.   Total Energy  Conserved En.
    1.49641e+03   -8.75380e+05    1.51435e+05   -7.23945e+05   -7.22976e+05
    Temperature Pres. DC (bar) Pressure (bar)   Constr. rmsd
    3.02691e+02   -2.36764e+02   -8.38742e+01    0.00000e+00

           Step           Time
          20500       41.00000

   Energies (kJ/mol)
           Bond          Angle    Proper Dih. Per. Imp. Dih.          LJ-14
    4.61240e+03    1.26275e+04    1.60068e+04    7.36729e+02    5.73982e+03
     Coulomb-14        LJ (SR)  Disper. corr.   Coulomb (SR)   Coul. recip.
    5.11214e+04    1.45687e+05   -8.32288e+03   -1.11058e+06    5.31996e+03
 Position Rest.      Potential    Kinetic En.   Total Energy  Conserved En.
    1.40101e+03   -8.75647e+05    1.49980e+05   -7.25667e+05   -7.23003e+05
    Temperature Pres. DC (bar) Pressure (bar)   Constr. rmsd
    2.99785e+02   -2.37225e+02   -6.07327e+01    0.00000e+00

           Step           Time
          21000       42.00000

   Energies (kJ/mol)
           Bond          Angle    Proper Dih. Per. Imp. Dih.          LJ-14
    4.61147e+03    1.25390e+04    1.59605e+04    6.89056e+02    5.87569e+03
     Coulomb-14        LJ (SR)  Disper. corr.   Coulomb (SR)   Coul. recip.
    5.10992e+04    1.46537e+05   -8.32853e+03   -1.11161e+06    5.38248e+03
 Position Rest.      Potential    Kinetic En.   Total Energy  Conserved En.
    1.56166e+03   -8.75681e+05    1.50818e+05   -7.24863e+05   -7.22970e+05
    Temperature Pres. DC (bar) Pressure (bar)   Constr. rmsd
    3.01460e+02   -2.37547e+02    4.66452e+02    0.00000e+00

           Step           Time
          21500       43.00000

   Energies (kJ/mol)
           Bond          Angle    Proper Dih. Per. Imp. Dih.          LJ-14
    4.68894e+03    1.24272e+04    1.60699e+04    7.47270e+02    5.82733e+03
     Coulomb-14        LJ (SR)  Disper. corr.   Coulomb (SR)   Coul. recip.
    5.07700e+04    1.48087e+05   -8.33936e+03   -1.11282e+06    5.38489e+03
 Position Rest.      Potential    Kinetic En.   Total Energy  Conserved En.
    1.42990e+03   -8.75724e+05    1.50444e+05   -7.25280e+05   -7.22927e+05
    Temperature Pres. DC (bar) Pressure (bar)   Constr. rmsd
    3.00711e+02   -2.38165e+02    2.14240e+02    0.00000e+00

           Step           Time
          22000       44.00000

   Energies (kJ/mol)
           Bond          Angle    Proper Dih. Per. Imp. Dih.          LJ-14
    4.58214e+03    1.23991e+04    1.60205e+04    7.45310e+02    5.83969e+03
     Coulomb-14        LJ (SR)  Disper. corr.   Coulomb (SR)   Coul. recip.
    5.10292e+04    1.45505e+05   -8.32887e+03   -1.11055e+06    5.26212e+03
 Position Rest.      Potential    Kinetic En.   Total Energy  Conserved En.
    1.43227e+03   -8.76066e+05    1.49691e+05   -7.26376e+05   -7.22923e+05
    Temperature Pres. DC (bar) Pressure (bar)   Constr. rmsd
    2.99206e+02   -2.37567e+02   -5.04315e+02    0.00000e+00

           Step           Time
          22500       45.00000

   Energies (kJ/mol)
           Bond          Angle    Proper Dih. Per. Imp. Dih.          LJ-14
    4.52324e+03    1.22719e+04    1.59725e+04    7.90025e+02    5.80326e+03
     Coulomb-14        LJ (SR)  Disper. corr.   Coulomb (SR)   Coul. recip.
    5.11610e+04    1.46407e+05   -8.35776e+03   -1.11269e+06    5.24174e+03
 Position Rest.      Potential    Kinetic En.   Total Energy  Conserved En.
    1.53313e+03   -8.77342e+05    1.49598e+05   -7.27744e+05   -7.22947e+05
    Temperature Pres. DC (bar) Pressure (bar)   Constr. rmsd
    2.99021e+02   -2.39216e+02   -6.18142e+01    0.00000e+00

           Step           Time
          23000       46.00000

   Energies (kJ/mol)
           Bond          Angle    Proper Dih. Per. Imp. Dih.          LJ-14
    4.61065e+03    1.22607e+04    1.59619e+04    7.09084e+02    5.79120e+03
     Coulomb-14        LJ (SR)  Disper. corr.   Coulomb (SR)   Coul. recip.
    5.10526e+04    1.43762e+05   -8.33184e+03   -1.10853e+06    5.20027e+03
 Position Rest.      Potential    Kinetic En.   Total Energy  Conserved En.
    1.56106e+03   -8.75948e+05    1.49838e+05   -7.26110e+05   -7.22909e+05
    Temperature Pres. DC (bar) Pressure (bar)   Constr. rmsd
    2.99500e+02   -2.37736e+02   -3.38444e+02    0.00000e+00

           Step           Time
          23500       47.00000

   Energies (kJ/mol)
           Bond          Angle    Proper Dih. Per. Imp. Dih.          LJ-14
    4.59522e+03    1.23141e+04    1.60974e+04    7.01441e+02    5.83014e+03
     Coulomb-14        LJ (SR)  Disper. corr.   Coulomb (SR)   Coul. recip.
    5.11098e+04    1.46240e+05   -8.34700e+03   -1.11225e+06    5.34884e+03
 Position Rest.      Potential    Kinetic En.   Total Energy  Conserved En.
    1.46662e+03   -8.76895e+05    1.50790e+05   -7.26105e+05   -7.22891e+05
    Temperature Pres. DC (bar) Pressure (bar)   Constr. rmsd
    3.01402e+02   -2.38600e+02   -1.09472e+02    0.00000e+00

           Step           Time
          24000       48.00000

   Energies (kJ/mol)
           Bond          Angle    Proper Dih. Per. Imp. Dih.          LJ-14
    4.54693e+03    1.23232e+04    1.60842e+04    8.02166e+02    5.83512e+03
     Coulomb-14        LJ (SR)  Disper. corr.   Coulomb (SR)   Coul. recip.
    5.09565e+04    1.44703e+05   -8.33560e+03   -1.10969e+06    5.41370e+03
 Position Rest.      Potential    Kinetic En.   Total Energy  Conserved En.
    1.51073e+03   -8.75848e+05    1.50446e+05   -7.25403e+05   -7.22866e+05
    Temperature Pres. DC (bar) Pressure (bar)   Constr. rmsd
    3.00714e+02   -2.37950e+02    2.05656e+02    0.00000e+00

           Step           Time
          24500       49.00000

   Energies (kJ/mol)
           Bond          Angle    Proper Dih. Per. Imp. Dih.          LJ-14
    4.77412e+03    1.23833e+04    1.60984e+04    6.75361e+02    5.82486e+03
     Coulomb-14        LJ (SR)  Disper. corr.   Coulomb (SR)   Coul. recip.
    5.09668e+04    1.46531e+05   -8.35337e+03   -1.11151e+06    5.40978e+03
 Position Rest.      Potential    Kinetic En.   Total Energy  Conserved En.
    1.45456e+03   -8.75743e+05    1.50685e+05   -7.25058e+05   -7.22807e+05
    Temperature Pres. DC (bar) Pressure (bar)   Constr. rmsd
    3.01193e+02   -2.38964e+02    1.16639e+02    0.00000e+00

           Step           Time
          25000       50.00000

   Energies (kJ/mol)
           Bond          Angle    Proper Dih. Per. Imp. Dih.          LJ-14
    4.52881e+03    1.23525e+04    1.59588e+04    7.14021e+02    5.79150e+03
     Coulomb-14        LJ (SR)  Disper. corr.   Coulomb (SR)   Coul. recip.
    5.11693e+04    1.45057e+05   -8.32683e+03   -1.11178e+06    5.44204e+03
 Position Rest.      Potential    Kinetic En.   Total Energy  Conserved En.
    1.39599e+03   -8.77701e+05    1.50350e+05   -7.27351e+05   -7.22791e+05
    Temperature Pres. DC (bar) Pressure (bar)   Constr. rmsd
    3.00523e+02   -2.37450e+02   -6.23671e+01    0.00000e+00

           Step           Time
          25500       51.00000

   Energies (kJ/mol)
           Bond          Angle    Proper Dih. Per. Imp. Dih.          LJ-14
    4.48078e+03    1.23785e+04    1.60393e+04    8.03541e+02    5.90409e+03
     Coulomb-14        LJ (SR)  Disper. corr.   Coulomb (SR)   Coul. recip.
    5.10998e+04    1.46954e+05   -8.34526e+03   -1.11370e+06    5.23692e+03
 Position Rest.      Potential    Kinetic En.   Total Energy  Conserved En.
    1.46767e+03   -8.77681e+05    1.49613e+05   -7.28068e+05   -7.22806e+05
    Temperature Pres. DC (bar) Pressure (bar)   Constr. rmsd
    2.99050e+02   -2.38501e+02   -8.29101e+01    0.00000e+00

           Step           Time
          26000       52.00000

   Energies (kJ/mol)
           Bond          Angle    Proper Dih. Per. Imp. Dih.          LJ-14
    4.75485e+03    1.24813e+04    1.60511e+04    7.58330e+02    5.85898e+03
     Coulomb-14        LJ (SR)  Disper. corr.   Coulomb (SR)   Coul. recip.
    5.08175e+04    1.48187e+05   -8.35094e+03   -1.11432e+06    5.38149e+03
 Position Rest.      Potential    Kinetic En.   Total Energy  Conserved En.
    1.39787e+03   -8.76980e+05    1.50147e+05   -7.26833e+05   -7.22735e+05
    Temperature Pres. DC (bar) Pressure (bar)   Constr. rmsd
    3.00118e+02   -2.38826e+02    1.20506e+02    0.00000e+00

           Step           Time
          26500       53.00000

   Energies (kJ/mol)
           Bond          Angle    Proper Dih. Per. Imp. Dih.          LJ-14
    4.66933e+03    1.22074e+04    1.60595e+04    7.17976e+02    5.84148e+03
     Coulomb-14        LJ (SR)  Disper. corr.   Coulomb (SR)   Coul. recip.
    5.11330e+04    1.47651e+05   -8.33377e+03   -1.11386e+06    5.46670e+03
 Position Rest.      Potential    Kinetic En.   Total Energy  Conserved En.
    1.41491e+03   -8.77036e+05    1.48481e+05   -7.28555e+05   -7.22725e+05
    Temperature Pres. DC (bar) Pressure (bar)   Constr. rmsd
    2.96788e+02   -2.37846e+02   -2.21421e+01    0.00000e+00

           Step           Time
          27000       54.00000

   Energies (kJ/mol)
           Bond          Angle    Proper Dih. Per. Imp. Dih.          LJ-14
    4.63910e+03    1.23027e+04    1.60848e+04    7.07235e+02    5.88659e+03
     Coulomb-14        LJ (SR)  Disper. corr.   Coulomb (SR)   Coul. recip.
    5.09235e+04    1.46487e+05   -8.34740e+03   -1.11223e+06    5.31709e+03
 Position Rest.      Potential    Kinetic En.   Total Energy  Conserved En.
    1.50180e+03   -8.76728e+05    1.49819e+05   -7.26909e+05   -7.22712e+05
    Temperature Pres. DC (bar) Pressure (bar)   Constr. rmsd
    2.99462e+02   -2.38624e+02    3.16004e+02    0.00000e+00

           Step           Time
          27500       55.00000

   Energies (kJ/mol)
           Bond          Angle    Proper Dih. Per. Imp. Dih.          LJ-14
    4.98204e+03    1.22411e+04    1.60212e+04    7.62897e+02    5.86044e+03
     Coulomb-14        LJ (SR)  Disper. corr.   Coulomb (SR)   Coul. recip.
    5.08352e+04    1.45293e+05   -8.33232e+03   -1.11010e+06    5.21587e+03
 Position Rest.      Potential    Kinetic En.   Total Energy  Conserved En.
    1.49673e+03   -8.75721e+05    1.51328e+05   -7.24392e+05   -7.22732e+05
    Temperature Pres. DC (bar) Pressure (bar)   Constr. rmsd
    3.02479e+02   -2.37763e+02    1.33253e+01    0.00000e+00

           Step           Time
          28000       56.00000

   Energies (kJ/mol)
           Bond          Angle    Proper Dih. Per. Imp. Dih.          LJ-14
    4.81714e+03    1.23947e+04    1.60667e+04    7.28699e+02    5.81437e+03
     Coulomb-14        LJ (SR)  Disper. corr.   Coulomb (SR)   Coul. recip.
    5.10172e+04    1.45942e+05   -8.32739e+03   -1.11130e+06    5.39430e+03
 Position Rest.      Potential    Kinetic En.   Total Energy  Conserved En.
    1.43902e+03   -8.76014e+05    1.49992e+05   -7.26022e+05   -7.22699e+05
    Temperature Pres. DC (bar) Pressure (bar)   Constr. rmsd
    2.99809e+02   -2.37482e+02   -1.68969e+01    0.00000e+00

           Step           Time
          28500       57.00000

   Energies (kJ/mol)
           Bond          Angle    Proper Dih. Per. Imp. Dih.          LJ-14
    4.66683e+03    1.25262e+04    1.61733e+04    6.90366e+02    5.80036e+03
     Coulomb-14        LJ (SR)  Disper. corr.   Coulomb (SR)   Coul. recip.
    5.10559e+04    1.47627e+05   -8.35468e+03   -1.11542e+06    5.24106e+03
 Position Rest.      Potential    Kinetic En.   Total Energy  Conserved En.
    1.47292e+03   -8.78522e+05    1.50578e+05   -7.27944e+05   -7.22678e+05
    Temperature Pres. DC (bar) Pressure (bar)   Constr. rmsd
    3.00980e+02   -2.39039e+02    2.70130e+02    0.00000e+00

           Step           Time
          29000       58.00000

   Energies (kJ/mol)
           Bond          Angle    Proper Dih. Per. Imp. Dih.          LJ-14
    4.90412e+03    1.24037e+04    1.59968e+04    7.22532e+02    5.80636e+03
     Coulomb-14        LJ (SR)  Disper. corr.   Coulomb (SR)   Coul. recip.
    5.10959e+04    1.47002e+05   -8.34366e+03   -1.11416e+06    5.24983e+03
 Position Rest.      Potential    Kinetic En.   Total Energy  Conserved En.
    1.49732e+03   -8.77823e+05    1.49912e+05   -7.27911e+05   -7.22680e+05
    Temperature Pres. DC (bar) Pressure (bar)   Constr. rmsd
    2.99648e+02   -2.38410e+02    2.06226e+02    0.00000e+00

           Step           Time
          29500       59.00000

   Energies (kJ/mol)
           Bond          Angle    Proper Dih. Per. Imp. Dih.          LJ-14
    4.59565e+03    1.24025e+04    1.61179e+04    7.51319e+02    5.91642e+03
     Coulomb-14        LJ (SR)  Disper. corr.   Coulomb (SR)   Coul. recip.
    5.11170e+04    1.46296e+05   -8.34360e+03   -1.11303e+06    5.30714e+03
 Position Rest.      Potential    Kinetic En.   Total Energy  Conserved En.
    1.52992e+03   -8.77338e+05    1.49947e+05   -7.27391e+05   -7.22685e+05
    Temperature Pres. DC (bar) Pressure (bar)   Constr. rmsd
    2.99718e+02   -2.38406e+02    2.01169e+02    0.00000e+00

           Step           Time
          30000       60.00000

   Energies (kJ/mol)
           Bond          Angle    Proper Dih. Per. Imp. Dih.          LJ-14
    4.68403e+03    1.24534e+04    1.61795e+04    7.51804e+02    5.74612e+03
     Coulomb-14        LJ (SR)  Disper. corr.   Coulomb (SR)   Coul. recip.
    5.06830e+04    1.46746e+05   -8.32225e+03   -1.11205e+06    5.42992e+03
 Position Rest.      Potential    Kinetic En.   Total Energy  Conserved En.
    1.55480e+03   -8.76143e+05    1.49452e+05   -7.26691e+05   -7.22647e+05
    Temperature Pres. DC (bar) Pressure (bar)   Constr. rmsd
    2.98729e+02   -2.37190e+02   -1.19264e+00    0.00000e+00

           Step           Time
          30500       61.00000

   Energies (kJ/mol)
           Bond          Angle    Proper Dih. Per. Imp. Dih.          LJ-14
    4.55721e+03    1.26631e+04    1.60555e+04    7.51142e+02    5.74633e+03
     Coulomb-14        LJ (SR)  Disper. corr.   Coulomb (SR)   Coul. recip.
    5.08927e+04    1.46808e+05   -8.33028e+03   -1.11352e+06    5.30786e+03
 Position Rest.      Potential    Kinetic En.   Total Energy  Conserved En.
    1.56277e+03   -8.77510e+05    1.49326e+05   -7.28184e+05   -7.22641e+05
    Temperature Pres. DC (bar) Pressure (bar)   Constr. rmsd
    2.98476e+02   -2.37647e+02    4.13388e+01    0.00000e+00

           Step           Time
          31000       62.00000

   Energies (kJ/mol)
           Bond          Angle    Proper Dih. Per. Imp. Dih.          LJ-14
    4.58628e+03    1.22607e+04    1.60952e+04    7.21972e+02    5.78894e+03
     Coulomb-14        LJ (SR)  Disper. corr.   Coulomb (SR)   Coul. recip.
    5.11750e+04    1.44918e+05   -8.32795e+03   -1.11129e+06    5.39011e+03
 Position Rest.      Potential    Kinetic En.   Total Energy  Conserved En.
    1.46823e+03   -8.77216e+05    1.50018e+05   -7.27197e+05   -7.22660e+05
    Temperature Pres. DC (bar) Pressure (bar)   Constr. rmsd
    2.99861e+02   -2.37514e+02   -2.42525e+02    0.00000e+00

           Step           Time
          31500       63.00000

   Energies (kJ/mol)
           Bond          Angle    Proper Dih. Per. Imp. Dih.          LJ-14
    4.68622e+03    1.25456e+04    1.61028e+04    7.25497e+02    5.72780e+03
     Coulomb-14        LJ (SR)  Disper. corr.   Coulomb (SR)   Coul. recip.
    5.10744e+04    1.45906e+05   -8.31094e+03   -1.11101e+06    5.39611e+03
 Position Rest.      Potential    Kinetic En.   Total Energy  Conserved En.
    1.46139e+03   -8.75690e+05    1.49558e+05   -7.26132e+05   -7.22630e+05
    Temperature Pres. DC (bar) Pressure (bar)   Constr. rmsd
    2.98941e+02   -2.36546e+02   -5.26769e+02    0.00000e+00

           Step           Time
          32000       64.00000

   Energies (kJ/mol)
           Bond          Angle    Proper Dih. Per. Imp. Dih.          LJ-14
    4.66408e+03    1.22733e+04    1.61395e+04    7.88748e+02    5.90104e+03
     Coulomb-14        LJ (SR)  Disper. corr.   Coulomb (SR)   Coul. recip.
    5.09449e+04    1.46822e+05   -8.34400e+03   -1.11298e+06    5.39202e+03
 Position Rest.      Potential    Kinetic En.   Total Energy  Conserved En.
    1.51485e+03   -8.76884e+05    1.50008e+05   -7.26876e+05   -7.22594e+05
    Temperature Pres. DC (bar) Pressure (bar)   Constr. rmsd
    2.99841e+02   -2.38429e+02    2.22282e+02    0.00000e+00

           Step           Time
          32500       65.00000

   Energies (kJ/mol)
           Bond          Angle    Proper Dih. Per. Imp. Dih.          LJ-14
    4.61137e+03    1.25350e+04    1.59946e+04    7.58278e+02    5.88387e+03
     Coulomb-14        LJ (SR)  Disper. corr.   Coulomb (SR)   Coul. recip.
    5.09913e+04    1.47224e+05   -8.30432e+03   -1.11371e+06    5.43705e+03
 Position Rest.      Potential    Kinetic En.   Total Energy  Conserved En.
    1.40207e+03   -8.77180e+05    1.51176e+05   -7.26004e+05   -7.22523e+05
    Temperature Pres. DC (bar) Pressure (bar)   Constr. rmsd
    3.02174e+02   -2.36170e+02    2.92511e+02    0.00000e+00

           Step           Time
          33000       66.00000

   Energies (kJ/mol)
           Bond          Angle    Proper Dih. Per. Imp. Dih.          LJ-14
    4.64237e+03    1.24220e+04    1.62107e+04    7.85312e+02    5.70862e+03
     Coulomb-14        LJ (SR)  Disper. corr.   Coulomb (SR)   Coul. recip.
    5.12275e+04    1.45584e+05   -8.34417e+03   -1.11226e+06    5.36699e+03
 Position Rest.      Potential    Kinetic En.   Total Energy  Conserved En.
    1.48166e+03   -8.77171e+05    1.50757e+05   -7.26414e+05   -7.22515e+05
    Temperature Pres. DC (bar) Pressure (bar)   Constr. rmsd
    3.01337e+02   -2.38439e+02   -2.04884e+02    0.00000e+00

           Step           Time
          33500       67.00000

   Energies (kJ/mol)
           Bond          Angle    Proper Dih. Per. Imp. Dih.          LJ-14
    4.59168e+03    1.25085e+04    1.62414e+04    7.84227e+02    5.76348e+03
     Coulomb-14        LJ (SR)  Disper. corr.   Coulomb (SR)   Coul. recip.
    5.09484e+04    1.47137e+05   -8.31116e+03   -1.11232e+06    5.45732e+03
 Position Rest.      Potential    Kinetic En.   Total Energy  Conserved En.
    1.44469e+03   -8.75750e+05    1.50436e+05   -7.25314e+05   -7.22416e+05
    Temperature Pres. DC (bar) Pressure (bar)   Constr. rmsd
    3.00695e+02   -2.36559e+02    2.77033e+02    0.00000e+00

           Step           Time
          34000       68.00000

   Energies (kJ/mol)
           Bond          Angle    Proper Dih. Per. Imp. Dih.          LJ-14
    4.50681e+03    1.24981e+04    1.59765e+04    7.66211e+02    5.83468e+03
     Coulomb-14        LJ (SR)  Disper. corr.   Coulomb (SR)   Coul. recip.
    5.09863e+04    1.48744e+05   -8.36396e+03   -1.11442e+06    5.43100e+03
 Position Rest.      Potential    Kinetic En.   Total Energy  Conserved En.
    1.46929e+03   -8.76570e+05    1.50298e+05   -7.26273e+05   -7.22348e+05
    Temperature Pres. DC (bar) Pressure (bar)   Constr. rmsd
    3.00419e+02   -2.39570e+02    7.64957e+02    0.00000e+00

           Step           Time
          34500       69.00000

   Energies (kJ/mol)
           Bond          Angle    Proper Dih. Per. Imp. Dih.          LJ-14
    4.75062e+03    1.24943e+04    1.60817e+04    7.65959e+02    5.74984e+03
     Coulomb-14        LJ (SR)  Disper. corr.   Coulomb (SR)   Coul. recip.
    5.08440e+04    1.47353e+05   -8.32918e+03   -1.11421e+06    5.44853e+03
 Position Rest.      Potential    Kinetic En.   Total Energy  Conserved En.
    1.43531e+03   -8.77620e+05    1.49804e+05   -7.27816e+05   -7.22299e+05
    Temperature Pres. DC (bar) Pressure (bar)   Constr. rmsd
    2.99432e+02   -2.37584e+02    3.04762e+02    0.00000e+00

           Step           Time
          35000       70.00000

   Energies (kJ/mol)
           Bond          Angle    Proper Dih. Per. Imp. Dih.          LJ-14
    4.70441e+03    1.23437e+04    1.60897e+04    7.29446e+02    5.88053e+03
     Coulomb-14        LJ (SR)  Disper. corr.   Coulomb (SR)   Coul. recip.
    5.10352e+04    1.46046e+05   -8.35518e+03   -1.11280e+06    5.35749e+03
 Position Rest.      Potential    Kinetic En.   Total Energy  Conserved En.
    1.45938e+03   -8.77506e+05    1.50349e+05   -7.27157e+05   -7.22272e+05
    Temperature Pres. DC (bar) Pressure (bar)   Constr. rmsd
    3.00522e+02   -2.39068e+02   -2.00713e+02    0.00000e+00

           Step           Time
          35500       71.00000

   Energies (kJ/mol)
           Bond          Angle    Proper Dih. Per. Imp. Dih.          LJ-14
    4.65385e+03    1.27239e+04    1.61131e+04    8.04749e+02    5.84710e+03
     Coulomb-14        LJ (SR)  Disper. corr.   Coulomb (SR)   Coul. recip.
    5.11637e+04    1.46355e+05   -8.34132e+03   -1.11047e+06    5.37500e+03
 Position Rest.      Potential    Kinetic En.   Total Energy  Conserved En.
    1.39630e+03   -8.74381e+05    1.50275e+05   -7.24106e+05   -7.22260e+05
    Temperature Pres. DC (bar) Pressure (bar)   Constr. rmsd
    3.00373e+02   -2.38276e+02    1.56828e+02    0.00000e+00

           Step           Time
          36000       72.00000

   Energies (kJ/mol)
           Bond          Angle    Proper Dih. Per. Imp. Dih.          LJ-14
    4.64846e+03    1.22079e+04    1.60147e+04    7.58000e+02    5.87588e+03
     Coulomb-14        LJ (SR)  Disper. corr.   Coulomb (SR)   Coul. recip.
    5.11279e+04    1.48162e+05   -8.36144e+03   -1.11432e+06    5.33220e+03
 Position Rest.      Potential    Kinetic En.   Total Energy  Conserved En.
    1.42855e+03   -8.77124e+05    1.50635e+05   -7.26489e+05   -7.22246e+05
    Temperature Pres. DC (bar) Pressure (bar)   Constr. rmsd
    3.01093e+02   -2.39426e+02    5.56714e+02    0.00000e+00

           Step           Time
          36500       73.00000

   Energies (kJ/mol)
           Bond          Angle    Proper Dih. Per. Imp. Dih.          LJ-14
    4.72750e+03    1.22758e+04    1.61518e+04    8.40510e+02    5.86612e+03
     Coulomb-14        LJ (SR)  Disper. corr.   Coulomb (SR)   Coul. recip.
    5.11388e+04    1.46993e+05   -8.33061e+03   -1.11305e+06    5.39280e+03
 Position Rest.      Potential    Kinetic En.   Total Energy  Conserved En.
    1.46598e+03   -8.76524e+05    1.50834e+05   -7.25690e+05   -7.22219e+05
    Temperature Pres. DC (bar) Pressure (bar)   Constr. rmsd
    3.01491e+02   -2.37666e+02   -5.92200e+01    0.00000e+00

           Step           Time
          37000       74.00000

   Energies (kJ/mol)
           Bond          Angle    Proper Dih. Per. Imp. Dih.          LJ-14
    4.46906e+03    1.22991e+04    1.59394e+04    7.06304e+02    6.01235e+03
     Coulomb-14        LJ (SR)  Disper. corr.   Coulomb (SR)   Coul. recip.
    5.12257e+04    1.45957e+05   -8.33709e+03   -1.11210e+06    5.34794e+03
 Position Rest.      Potential    Kinetic En.   Total Energy  Conserved En.
    1.38240e+03   -8.77099e+05    1.50221e+05   -7.26877e+05   -7.22224e+05
    Temperature Pres. DC (bar) Pressure (bar)   Constr. rmsd
    3.00266e+02   -2.38035e+02    3.29031e+02    0.00000e+00

           Step           Time
          37500       75.00000

   Energies (kJ/mol)
           Bond          Angle    Proper Dih. Per. Imp. Dih.          LJ-14
    4.76808e+03    1.21083e+04    1.60185e+04    7.65097e+02    5.91552e+03
     Coulomb-14        LJ (SR)  Disper. corr.   Coulomb (SR)   Coul. recip.
    5.10873e+04    1.45655e+05   -8.34810e+03   -1.11156e+06    5.34479e+03
 Position Rest.      Potential    Kinetic En.   Total Energy  Conserved En.
    1.46812e+03   -8.76779e+05    1.49671e+05   -7.27108e+05   -7.22238e+05
    Temperature Pres. DC (bar) Pressure (bar)   Constr. rmsd
    2.99166e+02   -2.38663e+02    2.94124e+02    0.00000e+00

           Step           Time
          38000       76.00000

   Energies (kJ/mol)
           Bond          Angle    Proper Dih. Per. Imp. Dih.          LJ-14
    4.45462e+03    1.25061e+04    1.60148e+04    7.48977e+02    5.87378e+03
     Coulomb-14        LJ (SR)  Disper. corr.   Coulomb (SR)   Coul. recip.
    5.11286e+04    1.47721e+05   -8.34107e+03   -1.11242e+06    5.37532e+03
 Position Rest.      Potential    Kinetic En.   Total Energy  Conserved En.
    1.44898e+03   -8.75484e+05    1.50848e+05   -7.24636e+05   -7.22201e+05
    Temperature Pres. DC (bar) Pressure (bar)   Constr. rmsd
    3.01519e+02   -2.38262e+02    7.37801e+02    0.00000e+00

           Step           Time
          38500       77.00000

   Energies (kJ/mol)
           Bond          Angle    Proper Dih. Per. Imp. Dih.          LJ-14
    4.71935e+03    1.25341e+04    1.60363e+04    7.71291e+02    5.79633e+03
     Coulomb-14        LJ (SR)  Disper. corr.   Coulomb (SR)   Coul. recip.
    5.10169e+04    1.47470e+05   -8.36841e+03   -1.11430e+06    5.33232e+03
 Position Rest.      Potential    Kinetic En.   Total Energy  Conserved En.
    1.55252e+03   -8.77442e+05    1.50766e+05   -7.26677e+05   -7.22183e+05
    Temperature Pres. DC (bar) Pressure (bar)   Constr. rmsd
    3.01354e+02   -2.39825e+02    3.82752e+02    0.00000e+00

           Step           Time
          39000       78.00000

   Energies (kJ/mol)
           Bond          Angle    Proper Dih. Per. Imp. Dih.          LJ-14
    4.51218e+03    1.23364e+04    1.61281e+04    7.21407e+02    5.91632e+03
     Coulomb-14        LJ (SR)  Disper. corr.   Coulomb (SR)   Coul. recip.
    5.08120e+04    1.46974e+05   -8.32577e+03   -1.11472e+06    5.36971e+03
 Position Rest.      Potential    Kinetic En.   Total Energy  Conserved En.
    1.46081e+03   -8.78815e+05    1.49735e+05   -7.29080e+05   -7.22116e+05
    Temperature Pres. DC (bar) Pressure (bar)   Constr. rmsd
    2.99294e+02   -2.37390e+02    2.56574e+01    0.00000e+00

           Step           Time
          39500       79.00000

   Energies (kJ/mol)
           Bond          Angle    Proper Dih. Per. Imp. Dih.          LJ-14
    4.50604e+03    1.23776e+04    1.59963e+04    7.45696e+02    5.95969e+03
     Coulomb-14        LJ (SR)  Disper. corr.   Coulomb (SR)   Coul. recip.
    5.09053e+04    1.47397e+05   -8.32584e+03   -1.11416e+06    5.35946e+03
 Position Rest.      Potential    Kinetic En.   Total Energy  Conserved En.
    1.40870e+03   -8.77827e+05    1.49625e+05   -7.28202e+05   -7.22050e+05
    Temperature Pres. DC (bar) Pressure (bar)   Constr. rmsd
    2.99074e+02   -2.37394e+02   -4.65590e+01    0.00000e+00

           Step           Time
          40000       80.00000

   Energies (kJ/mol)
           Bond          Angle    Proper Dih. Per. Imp. Dih.          LJ-14
    4.62841e+03    1.22573e+04    1.62274e+04    7.43944e+02    5.89260e+03
     Coulomb-14        LJ (SR)  Disper. corr.   Coulomb (SR)   Coul. recip.
    5.09941e+04    1.46537e+05   -8.29843e+03   -1.11233e+06    5.40425e+03
 Position Rest.      Potential    Kinetic En.   Total Energy  Conserved En.
    1.48337e+03   -8.76457e+05    1.49306e+05   -7.27152e+05   -7.22041e+05
    Temperature Pres. DC (bar) Pressure (bar)   Constr. rmsd
    2.98436e+02   -2.35835e+02   -4.51015e+01    0.00000e+00

           Step           Time
          40500       81.00000

   Energies (kJ/mol)
           Bond          Angle    Proper Dih. Per. Imp. Dih.          LJ-14
    4.66715e+03    1.22483e+04    1.61947e+04    8.21970e+02    5.79428e+03
     Coulomb-14        LJ (SR)  Disper. corr.   Coulomb (SR)   Coul. recip.
    5.11928e+04    1.48018e+05   -8.33698e+03   -1.11443e+06    5.34511e+03
 Position Rest.      Potential    Kinetic En.   Total Energy  Conserved En.
    1.48567e+03   -8.77002e+05    1.49030e+05   -7.27972e+05   -7.21962e+05
    Temperature Pres. DC (bar) Pressure (bar)   Constr. rmsd
    2.97885e+02   -2.38029e+02    8.34563e+01    0.00000e+00

           Step           Time
          41000       82.00000

   Energies (kJ/mol)
           Bond          Angle    Proper Dih. Per. Imp. Dih.          LJ-14
    4.58252e+03    1.23498e+04    1.61813e+04    7.57867e+02    5.83942e+03
     Coulomb-14        LJ (SR)  Disper. corr.   Coulomb (SR)   Coul. recip.
    5.11848e+04    1.46687e+05   -8.34431e+03   -1.11493e+06    5.33129e+03
 Position Rest.      Potential    Kinetic En.   Total Energy  Conserved En.
    1.50474e+03   -8.78856e+05    1.49555e+05   -7.29300e+05   -7.21963e+05
    Temperature Pres. DC (bar) Pressure (bar)   Constr. rmsd
    2.98935e+02   -2.38447e+02   -2.35747e+02    0.00000e+00

           Step           Time
          41500       83.00000

   Energies (kJ/mol)
           Bond          Angle    Proper Dih. Per. Imp. Dih.          LJ-14
    4.65943e+03    1.22946e+04    1.60410e+04    7.39647e+02    5.88322e+03
     Coulomb-14        LJ (SR)  Disper. corr.   Coulomb (SR)   Coul. recip.
    5.09182e+04    1.48616e+05   -8.32257e+03   -1.11591e+06    5.39373e+03
 Position Rest.      Potential    Kinetic En.   Total Energy  Conserved En.
    1.50372e+03   -8.78181e+05    1.49561e+05   -7.28620e+05   -7.21975e+05
    Temperature Pres. DC (bar) Pressure (bar)   Constr. rmsd
    2.98947e+02   -2.37207e+02    3.02030e+01    0.00000e+00

           Step           Time
          42000       84.00000

   Energies (kJ/mol)
           Bond          Angle    Proper Dih. Per. Imp. Dih.          LJ-14
    4.66232e+03    1.24729e+04    1.59502e+04    7.32402e+02    5.84931e+03
     Coulomb-14        LJ (SR)  Disper. corr.   Coulomb (SR)   Coul. recip.
    5.10335e+04    1.49067e+05   -8.33531e+03   -1.11788e+06    5.21329e+03
 Position Rest.      Potential    Kinetic En.   Total Energy  Conserved En.
    1.47010e+03   -8.79762e+05    1.51802e+05   -7.27960e+05   -7.21974e+05
    Temperature Pres. DC (bar) Pressure (bar)   Constr. rmsd
    3.03426e+02   -2.37933e+02   -1.41801e+02    0.00000e+00

           Step           Time
          42500       85.00000

   Energies (kJ/mol)
           Bond          Angle    Proper Dih. Per. Imp. Dih.          LJ-14
    4.57204e+03    1.22227e+04    1.61188e+04    7.86483e+02    5.81742e+03
     Coulomb-14        LJ (SR)  Disper. corr.   Coulomb (SR)   Coul. recip.
    5.12609e+04    1.46450e+05   -8.33585e+03   -1.11243e+06    5.33149e+03
 Position Rest.      Potential    Kinetic En.   Total Energy  Conserved En.
    1.53714e+03   -8.76673e+05    1.50803e+05   -7.25870e+05   -7.21964e+05
    Temperature Pres. DC (bar) Pressure (bar)   Constr. rmsd
    3.01429e+02   -2.37965e+02    4.21217e+01    0.00000e+00

           Step           Time
          43000       86.00000

   Energies (kJ/mol)
           Bond          Angle    Proper Dih. Per. Imp. Dih.          LJ-14
    4.50374e+03    1.21712e+04    1.60524e+04    7.81264e+02    5.91579e+03
     Coulomb-14        LJ (SR)  Disper. corr.   Coulomb (SR)   Coul. recip.
    5.14382e+04    1.45692e+05   -8.33395e+03   -1.11294e+06    5.30269e+03
 Position Rest.      Potential    Kinetic En.   Total Energy  Conserved En.
    1.51912e+03   -8.77901e+05    1.49486e+05   -7.28415e+05   -7.21950e+05
    Temperature Pres. DC (bar) Pressure (bar)   Constr. rmsd
    2.98797e+02   -2.37856e+02   -1.33554e+02    0.00000e+00

           Step           Time
          43500       87.00000

   Energies (kJ/mol)
           Bond          Angle    Proper Dih. Per. Imp. Dih.          LJ-14
    4.62490e+03    1.21457e+04    1.60059e+04    7.84619e+02    5.89539e+03
     Coulomb-14        LJ (SR)  Disper. corr.   Coulomb (SR)   Coul. recip.
    5.10614e+04    1.47402e+05   -8.35160e+03   -1.11363e+06    5.43413e+03
 Position Rest.      Potential    Kinetic En.   Total Energy  Conserved En.
    1.59749e+03   -8.77027e+05    1.50312e+05   -7.26715e+05   -7.21934e+05
    Temperature Pres. DC (bar) Pressure (bar)   Constr. rmsd
    3.00447e+02   -2.38863e+02    1.07958e+02    0.00000e+00

           Step           Time
          44000       88.00000

   Energies (kJ/mol)
           Bond          Angle    Proper Dih. Per. Imp. Dih.          LJ-14
    4.85388e+03    1.26407e+04    1.60757e+04    7.14400e+02    5.67451e+03
     Coulomb-14        LJ (SR)  Disper. corr.   Coulomb (SR)   Coul. recip.
    5.10213e+04    1.47212e+05   -8.33413e+03   -1.11358e+06    5.40143e+03
 Position Rest.      Potential    Kinetic En.   Total Energy  Conserved En.
    1.44913e+03   -8.76870e+05    1.49853e+05   -7.27016e+05   -7.21887e+05
    Temperature Pres. DC (bar) Pressure (bar)   Constr. rmsd
    2.99531e+02   -2.37866e+02   -1.32639e+02    0.00000e+00

           Step           Time
          44500       89.00000

   Energies (kJ/mol)
           Bond          Angle    Proper Dih. Per. Imp. Dih.          LJ-14
    4.53850e+03    1.22461e+04    1.60825e+04    8.24005e+02    5.86205e+03
     Coulomb-14        LJ (SR)  Disper. corr.   Coulomb (SR)   Coul. recip.
    5.12225e+04    1.47189e+05   -8.35847e+03   -1.11466e+06    5.23512e+03
 Position Rest.      Potential    Kinetic En.   Total Energy  Conserved En.
    1.52235e+03   -8.78301e+05    1.49774e+05   -7.28527e+05   -7.21881e+05
    Temperature Pres. DC (bar) Pressure (bar)   Constr. rmsd
    2.99373e+02   -2.39256e+02    1.97366e+02    0.00000e+00

           Step           Time
          45000       90.00000

   Energies (kJ/mol)
           Bond          Angle    Proper Dih. Per. Imp. Dih.          LJ-14
    4.91756e+03    1.21103e+04    1.60851e+04    7.34116e+02    5.72120e+03
     Coulomb-14        LJ (SR)  Disper. corr.   Coulomb (SR)   Coul. recip.
    5.09415e+04    1.47077e+05   -8.34429e+03   -1.11326e+06    5.39430e+03
 Position Rest.      Potential    Kinetic En.   Total Energy  Conserved En.
    1.52815e+03   -8.77092e+05    1.51271e+05   -7.25821e+05   -7.21902e+05
    Temperature Pres. DC (bar) Pressure (bar)   Constr. rmsd
    3.02363e+02   -2.38446e+02   -2.57949e+02    0.00000e+00

           Step           Time
          45500       91.00000

   Energies (kJ/mol)
           Bond          Angle    Proper Dih. Per. Imp. Dih.          LJ-14
    4.69815e+03    1.21283e+04    1.60008e+04    6.81456e+02    5.88989e+03
     Coulomb-14        LJ (SR)  Disper. corr.   Coulomb (SR)   Coul. recip.
    5.13553e+04    1.45376e+05   -8.34205e+03   -1.11080e+06    5.31018e+03
 Position Rest.      Potential    Kinetic En.   Total Energy  Conserved En.
    1.50534e+03   -8.76196e+05    1.48989e+05   -7.27207e+05   -7.21864e+05
    Temperature Pres. DC (bar) Pressure (bar)   Constr. rmsd
    2.97803e+02   -2.38318e+02    1.65134e+02    0.00000e+00

           Step           Time
          46000       92.00000

   Energies (kJ/mol)
           Bond          Angle    Proper Dih. Per. Imp. Dih.          LJ-14
    4.76859e+03    1.23687e+04    1.61054e+04    7.14535e+02    5.84892e+03
     Coulomb-14        LJ (SR)  Disper. corr.   Coulomb (SR)   Coul. recip.
    5.11880e+04    1.45014e+05   -8.32562e+03   -1.11112e+06    5.33390e+03
 Position Rest.      Potential    Kinetic En.   Total Energy  Conserved En.
    1.45702e+03   -8.76647e+05    1.49835e+05   -7.26812e+05   -7.21848e+05
    Temperature Pres. DC (bar) Pressure (bar)   Constr. rmsd
    2.99495e+02   -2.37381e+02    3.27120e+01    0.00000e+00

           Step           Time
          46500       93.00000

   Energies (kJ/mol)
           Bond          Angle    Proper Dih. Per. Imp. Dih.          LJ-14
    4.80259e+03    1.20963e+04    1.61991e+04    6.69406e+02    5.81558e+03
     Coulomb-14        LJ (SR)  Disper. corr.   Coulomb (SR)   Coul. recip.
    5.11009e+04    1.47046e+05   -8.33099e+03   -1.11272e+06    5.38604e+03
 Position Rest.      Potential    Kinetic En.   Total Energy  Conserved En.
    1.52172e+03   -8.76415e+05    1.49527e+05   -7.26888e+05   -7.21878e+05
    Temperature Pres. DC (bar) Pressure (bar)   Constr. rmsd
    2.98878e+02   -2.37687e+02    7.50593e+01    0.00000e+00

           Step           Time
          47000       94.00000

   Energies (kJ/mol)
           Bond          Angle    Proper Dih. Per. Imp. Dih.          LJ-14
    4.63708e+03    1.22001e+04    1.61675e+04    7.43203e+02    5.84419e+03
     Coulomb-14        LJ (SR)  Disper. corr.   Coulomb (SR)   Coul. recip.
    5.09420e+04    1.45072e+05   -8.32605e+03   -1.11078e+06    5.27648e+03
 Position Rest.      Potential    Kinetic En.   Total Energy  Conserved En.
    1.53249e+03   -8.76692e+05    1.50050e+05   -7.26643e+05   -7.21872e+05
    Temperature Pres. DC (bar) Pressure (bar)   Constr. rmsd
    2.99923e+02   -2.37406e+02   -5.34474e+01    0.00000e+00

           Step           Time
          47500       95.00000

   Energies (kJ/mol)
           Bond          Angle    Proper Dih. Per. Imp. Dih.          LJ-14
    4.67750e+03    1.25211e+04    1.61583e+04    8.07051e+02    5.84371e+03
     Coulomb-14        LJ (SR)  Disper. corr.   Coulomb (SR)   Coul. recip.
    5.10792e+04    1.48308e+05   -8.34019e+03   -1.11467e+06    5.28542e+03
 Position Rest.      Potential    Kinetic En.   Total Energy  Conserved En.
    1.54428e+03   -8.76786e+05    1.50154e+05   -7.26632e+05   -7.21828e+05
    Temperature Pres. DC (bar) Pressure (bar)   Constr. rmsd
    3.00132e+02   -2.38212e+02    1.96302e+02    0.00000e+00

           Step           Time
          48000       96.00000

   Energies (kJ/mol)
           Bond          Angle    Proper Dih. Per. Imp. Dih.          LJ-14
    4.46254e+03    1.20633e+04    1.61340e+04    7.13626e+02    5.87804e+03
     Coulomb-14        LJ (SR)  Disper. corr.   Coulomb (SR)   Coul. recip.
    5.11783e+04    1.45313e+05   -8.33684e+03   -1.11256e+06    5.29423e+03
 Position Rest.      Potential    Kinetic En.   Total Energy  Conserved En.
    1.38129e+03   -8.78476e+05    1.50651e+05   -7.27826e+05   -7.21883e+05
    Temperature Pres. DC (bar) Pressure (bar)   Constr. rmsd
    3.01124e+02   -2.38021e+02    3.13882e+00    0.00000e+00

           Step           Time
          48500       97.00000

   Energies (kJ/mol)
           Bond          Angle    Proper Dih. Per. Imp. Dih.          LJ-14
    4.49191e+03    1.24572e+04    1.61091e+04    7.40443e+02    5.80598e+03
     Coulomb-14        LJ (SR)  Disper. corr.   Coulomb (SR)   Coul. recip.
    5.12803e+04    1.46393e+05   -8.33380e+03   -1.11283e+06    5.50162e+03
 Position Rest.      Potential    Kinetic En.   Total Energy  Conserved En.
    1.51256e+03   -8.76869e+05    1.49286e+05   -7.27584e+05   -7.21824e+05
    Temperature Pres. DC (bar) Pressure (bar)   Constr. rmsd
    2.98396e+02   -2.37847e+02   -5.62360e+02    0.00000e+00

           Step           Time
          49000       98.00000

   Energies (kJ/mol)
           Bond          Angle    Proper Dih. Per. Imp. Dih.          LJ-14
    4.65057e+03    1.25174e+04    1.61947e+04    7.20115e+02    5.79745e+03
     Coulomb-14        LJ (SR)  Disper. corr.   Coulomb (SR)   Coul. recip.
    5.09576e+04    1.46520e+05   -8.32643e+03   -1.11254e+06    5.52345e+03
 Position Rest.      Potential    Kinetic En.   Total Energy  Conserved En.
    1.53059e+03   -8.76452e+05    1.49744e+05   -7.26708e+05   -7.21743e+05
    Temperature Pres. DC (bar) Pressure (bar)   Constr. rmsd
    2.99313e+02   -2.37427e+02   -1.82410e+02    0.00000e+00

           Step           Time
          49500       99.00000

   Energies (kJ/mol)
           Bond          Angle    Proper Dih. Per. Imp. Dih.          LJ-14
    4.49616e+03    1.25049e+04    1.60439e+04    6.84085e+02    5.70043e+03
     Coulomb-14        LJ (SR)  Disper. corr.   Coulomb (SR)   Coul. recip.
    5.10411e+04    1.45860e+05   -8.33409e+03   -1.11221e+06    5.27657e+03
 Position Rest.      Potential    Kinetic En.   Total Energy  Conserved En.
    1.47633e+03   -8.77463e+05    1.50490e+05   -7.26974e+05   -7.21727e+05
    Temperature Pres. DC (bar) Pressure (bar)   Constr. rmsd
    3.00803e+02   -2.37864e+02    9.69929e+01    0.00000e+00

           Step           Time
          50000      100.00000

Writing checkpoint, step 50000 at Thu Sep  4 18:14:03 2025


   Energies (kJ/mol)
           Bond          Angle    Proper Dih. Per. Imp. Dih.          LJ-14
    4.74500e+03    1.22287e+04    1.62071e+04    7.69113e+02    5.83334e+03
     Coulomb-14        LJ (SR)  Disper. corr.   Coulomb (SR)   Coul. recip.
    5.11599e+04    1.44448e+05   -8.31484e+03   -1.10980e+06    5.34199e+03
 Position Rest.      Potential    Kinetic En.   Total Energy  Conserved En.
    1.53422e+03   -8.75849e+05    1.50466e+05   -7.25383e+05   -7.21685e+05
    Temperature Pres. DC (bar) Pressure (bar)   Constr. rmsd
    3.00756e+02   -2.36768e+02   -8.59388e+02    0.00000e+00


Energy conservation over simulation part #1 of length 100 ps, time 0 to 100 ps
  Conserved energy drift: 4.39e-04 kJ/mol/ps per atom


	<======  ###############  ==>
	<====  A V E R A G E S  ====>
	<==  ###############  ======>

	Statistics over 50001 steps using 501 frames

   Energies (kJ/mol)
           Bond          Angle    Proper Dih. Per. Imp. Dih.          LJ-14
    4.65652e+03    1.23851e+04    1.60801e+04    7.52000e+02    5.83103e+03
     Coulomb-14        LJ (SR)  Disper. corr.   Coulomb (SR)   Coul. recip.
    5.10597e+04    1.46480e+05   -8.33182e+03   -1.11249e+06    5.35084e+03
 Position Rest.      Potential    Kinetic En.   Total Energy  Conserved En.
    1.46937e+03   -8.76758e+05    1.50095e+05   -7.26662e+05   -7.22840e+05
    Temperature Pres. DC (bar) Pressure (bar)   Constr. rmsd
    3.00014e+02   -2.37736e+02    1.50844e+01    0.00000e+00

          Box-X          Box-Y          Box-Z
    9.11336e+00    8.59215e+00    7.44102e+00

   Total Virial (kJ/mol)
    5.34993e+04    1.18694e+02   -2.68704e+02
    1.18698e+02    4.16877e+04    4.78679e+02
   -2.68705e+02    4.78681e+02    5.41268e+04

   Pressure (bar)
   -1.99279e+02   -8.71654e+00    1.35147e+01
   -8.71676e+00    4.76413e+02   -2.96281e+01
    1.35147e+01   -2.96282e+01   -2.31881e+02

T-Protein_OtherT-Water_and_ions
    2.99967e+02    3.00021e+02


	M E G A - F L O P S   A C C O U N T I N G

 NB=Group-cutoff nonbonded kernels    NxN=N-by-N cluster Verlet kernels
 RF=Reaction-Field  VdW=Van der Waals  QSTab=quadratic-spline table
 W3=SPC/TIP3p  W4=TIP4p (single or pairs)
 V&F=Potential and force  V=Potential only  F=Force only

 Computing:                               M-Number         M-Flops  % Flops
-----------------------------------------------------------------------------
 Pair Search distance check            2920.486128       26284.375     0.0
 NxN Ewald Elec. + LJ [F]           2931638.700672   193488154.244    98.2
 NxN Ewald Elec. + LJ [V&F]           29671.422272     3174842.183     1.6
 1,4 nonbonded interactions             796.965939       71726.935     0.0
 Shift-X                                 29.389161         176.335     0.0
 Bonds                                  153.853077        9077.332     0.0
 Angles                                 553.161063       92931.059     0.0
 Propers                                854.867097      195764.565     0.1
 Impropers                               57.601152       11981.040     0.0
 Pos. Restr.                            150.603012        7530.151     0.0
 Virial                                 117.470706        2114.473     0.0
 Stop-CM                                 29.389161         293.892     0.0
 Calc-Ekin                             1173.337322       31680.108     0.0
-----------------------------------------------------------------------------
 Total                                               197112556.690   100.0
-----------------------------------------------------------------------------


      R E A L   C Y C L E   A N D   T I M E   A C C O U N T I N G

On 1 MPI rank, each using 24 OpenMP threads

 Activity:              Num   Num      Call    Wall time         Giga-Cycles
                        Ranks Threads  Count      (s)         total sum    %
--------------------------------------------------------------------------------
 Neighbor search           1   24        501       1.613        112.271   4.7
 Launch PP GPU ops.        1   24      99501       2.715        188.981   7.9
 Force                     1   24      50001      15.431       1073.983  44.7
 PME GPU mesh              1   24      50001       1.864        129.755   5.4
 Wait GPU NB local         1   24      50001       0.353         24.552   1.0
 Wait GPU state copy       1   24      72003       8.315        578.699  24.1
 NB X/F buffer ops.        1   24       2001       0.177         12.295   0.5
 Write traj.               1   24        101       1.538        107.036   4.5
 Rest                                              2.535        176.403   7.3
--------------------------------------------------------------------------------
 Total                                            34.540       2403.974 100.0
--------------------------------------------------------------------------------
 Breakdown of PME mesh activities
--------------------------------------------------------------------------------
 Wait PME GPU gather       1   24      50001       0.021          1.440   0.1
 Reduce GPU PME F          1   24      50001       0.050          3.463   0.1
 Launch PME GPU ops.       1   24     450009       1.729        120.351   5.0
--------------------------------------------------------------------------------

               Core t (s)   Wall t (s)        (%)
       Time:      828.724       34.540     2399.3
                 (ns/day)    (hour/ns)
Performance:      250.151        0.096
Finished mdrun on rank 0 Thu Sep  4 18:14:03 2025

