2025-10-18 09:30:22,607 [MainThread  ] [INFO ]                       :-) GROMACS - gmx solvate, 2024.4 (-:

Executable:   /usr/local/gromacs/bin/gmx
Data prefix:  /usr/local/gromacs
Working dir:  /home/admin/gitrepos/gromacs_sims/Antimicrobial_Peptides/Pseudomonas_antibiotics/simulation/pbpmez2015C
Command line:
  gmx -nobackup -nocopyright solvate -cp /home/admin/gitrepos/gromacs_sims/Antimicrobial_Peptides/Pseudomonas_antibiotics/simulation/pbpmez2015C/sandbox_e3707c56-3e56-4d2f-a696-6ff6271c887f/prot_pbpmez2015C_MEZ_complex_editconf.gro -cs spc216.gro -o /home/admin/gitrepos/gromacs_sims/Antimicrobial_Peptides/Pseudomonas_antibiotics/simulation/pbpmez2015C/sandbox_e3707c56-3e56-4d2f-a696-6ff6271c887f/prot_pbpmez2015C_MEZ_solvate.gro -p 299735ac-6d58-4561-b3bc-19c8d12a7dfd/ligand.top

Reading solute configuration
Reading solvent configuration

Initialising inter-atomic distances...
Generating solvent configuration
Will generate new solvent configuration of 13x12x11 boxes
Solvent box contains 1017885 atoms in 339295 residues
Removed 62685 solvent atoms due to solvent-solvent overlap
Removed 9660 solvent atoms due to solute-solvent overlap
Sorting configuration
Found 1 molecule type:
    SOL (   3 atoms): 315180 residues
Generated solvent containing 945540 atoms in 315180 residues
Writing generated configuration to /home/admin/gitrepos/gromacs_sims/Antimicrobial_Peptides/Pseudomonas_antibiotics/simulation/pbpmez2015C/sandbox_e3707c56-3e56-4d2f-a696-6ff6271c887f/prot_pbpmez2015C_MEZ_solvate.gro

Output configuration contains 955785 atoms in 315827 residues
Volume                 :     9725.61 (nm^3)
Density                :     982.757 (g/l)
Number of solvent molecules:  315180   

Processing topology

GROMACS reminds you: ""Everything organic and natural is good" - ignoring the fact that organic natural substances include arsenic and poo and crocodiles. And everything chemical is bad, ignoring the fact that... everything is chemicals." (Tim Minchin)


