2025-10-08 10:08:19,173 [MainThread  ] [INFO ]  
A T O M   T Y P E S

IDX	TYPE	RING
1	n	NO
2	n	AL
3	n	AL
4	n	NO
5	n	AL
6	c3	NO
7	cy	AL
8	c3	AL
9	c	NO
10	c3	AL
11	c	AL
12	c3	AL
13	c3	NO
14	c	NO
15	c3	AL
16	c3	AL
17	c3	NO
18	c3	NO
19	c	AL
20	c	NO
21	ca	AR
22	ca	AR
23	ca	AR
24	ca	AR
25	ca	AR
26	ca	AR
27	o	NO
28	o	NO
29	o	NO
30	o	NO
31	o	NO
32	o	NO
33	oh	NO
34	o	NO
35	hn	NO
36	hn	NO
37	h1	NO
38	h1	NO
39	h1	NO
40	h1	NO
41	h1	NO
42	h1	NO
43	h1	NO
44	h1	NO
45	h2	NO
46	hc	NO
47	hc	NO
48	hc	NO
49	hc	NO
50	hc	NO
51	hc	NO
52	ha	NO
53	ha	NO
54	ha	NO
55	ha	NO
56	ha	NO
57	ho	NO
58	s6	NO
59	ss	AL

C H A R G E S

IDX	CHARGE
1	-0.283614
2	-0.201609
3	-0.152920
4	-0.299940
5	-0.270810
6	0.126117
7	0.127745
8	0.137938
9	0.310943
10	0.079782
11	0.331982
12	0.093063
13	0.073914
14	0.238589
15	0.100521
16	0.041723
17	-0.048384
18	-0.048384
19	0.240213
20	0.326852
21	-0.018361
22	-0.056337
23	-0.061431
24	-0.061740
25	-0.061431
26	-0.056337
27	-0.252130
28	-0.250298
29	-0.155147
30	-0.155147
31	-0.273382
32	-0.273412
33	-0.479290
34	-0.248854
35	0.151339
36	0.149600
37	0.064591
38	0.062219
39	0.063057
40	0.054525
41	0.055853
42	0.048217
43	0.048217
44	0.048217
45	0.064031
46	0.024360
47	0.024360
48	0.024360
49	0.024360
50	0.024360
51	0.024360
52	0.062100
53	0.061767
54	0.061758
55	0.061767
56	0.062100
57	0.295114
58	0.046230
59	-0.127288

S E T T I N G   U P   C A L C U L A T I O N S

SETTING UP BOND CALCULATIONS...
SETTING UP ANGLE CALCULATIONS...
COULD NOT FIND PARAMETERS FOR ANGLE c3-n-s6, USING DEFAULT PARAMETERS
COULD NOT FIND PARAMETERS FOR ANGLE cy-c3-h2, USING DEFAULT PARAMETERS
COULD NOT FIND PARAMETERS FOR ANGLE n-c3-cy, USING DEFAULT PARAMETERS
COULD NOT FIND PARAMETERS FOR ANGLE cy-c3-ss, USING DEFAULT PARAMETERS
COULD NOT FIND PARAMETERS FOR ANGLE n-c3-ss, USING DEFAULT PARAMETERS
SETTING UP TORSION CALCULATIONS...
COULD NOT FIND PARAMETERS FOR TORSION h1-cy-c3-h2, USING DEFAULT PARAMETERS
COULD NOT FIND PARAMETERS FOR TORSION h1-cy-c3-n, USING DEFAULT PARAMETERS
COULD NOT FIND PARAMETERS FOR TORSION h1-cy-c3-ss, USING DEFAULT PARAMETERS
COULD NOT FIND PARAMETERS FOR TORSION n-cy-c3-h2, USING DEFAULT PARAMETERS
COULD NOT FIND PARAMETERS FOR TORSION n-cy-c3-n, USING DEFAULT PARAMETERS
COULD NOT FIND PARAMETERS FOR TORSION n-cy-c3-ss, USING DEFAULT PARAMETERS
COULD NOT FIND PARAMETERS FOR TORSION c-cy-c3-h2, USING DEFAULT PARAMETERS
COULD NOT FIND PARAMETERS FOR TORSION c-cy-c3-n, USING DEFAULT PARAMETERS
COULD NOT FIND PARAMETERS FOR TORSION c-cy-c3-ss, USING DEFAULT PARAMETERS
SETTING UP IMPROPER TORSION CALCULATIONS...
SETTING UP VAN DER WAALS CALCULATIONS...
SETTING UP ELECTROSTATIC CALCULATIONS...

S T E E P E S T   D E S C E N T

STEPS = 2500

STEP n       E(n)         E(n-1)    
------------------------------------
    0     632.200      ----
   10    342.81300    352.10213
   20    286.89206    290.26199
   30    265.50854    266.99873
   40    254.30067    255.20328
   50    246.79363    247.44767
   60    240.99008    241.52261
   70    236.02081    236.49575
   80    231.39461    231.85206
   90    226.77626    227.24538
  100    221.91772    222.41966
  110    216.66530    217.20973
  120    211.02220    211.59939
  130    205.21660    205.79335
  140    199.66153    200.19314
  150    194.75389    195.20816
  160    190.67945    191.04914
  170    187.40036    187.69641
  180    184.76497    185.00444
  190    182.60617    182.80481
  200    180.78625    180.95610
  210    179.20565    179.35506
  220    177.79698    177.93150
  230    176.51598    176.63924
  240    175.33385    175.44820
  250    174.23159    174.33861
  260    173.19640    173.29717
  270    172.21931    172.31460
  280    171.29381    171.38418
  290    170.41492    170.50082
  300    169.57871    169.66050
  310    168.78195    168.85992
  320    168.02191    168.09632
  330    167.29621    167.36729
  340    166.60278    166.67072
  350    165.93973    166.00471
  360    165.30538    165.36756
  370    164.69819    164.75772
  380    164.11674    164.17376
  390    163.55973    163.61436
  400    163.02594    163.07830
  410    162.51425    162.56445
  420    162.02361    162.07175
  430    161.55304    161.59922
  440    161.10161    161.14591
  450    160.66846    160.71097
  460    160.25276    160.29356
  470    159.85374    159.89291
  480    159.47068    159.50828
  490    159.10287    159.13898
  500    158.74967    158.78434
  510    158.41044    158.44374
  520    158.08458    158.11658
  530    157.77154    157.80228
  540    157.47077    157.50031
  550    157.18175    157.21013
  560    156.90399    156.93127
  570    156.63702    156.66324
  580    156.38038    156.40559
  590    156.13365    156.15789
  600    155.89640    155.91971
  610    155.66825    155.69066
  620    155.44880    155.47036
  630    155.23771    155.25845
  640    155.03460    155.05456
  650    154.83916    154.85837
  660    154.65106    154.66955
  670    154.46999    154.48779
  680    154.29566    154.31280
  690    154.12778    154.14428
  700    153.96608    153.98198
  710    153.81030    153.82562
  720    153.66019    153.67495
  730    153.51551    153.52974
  740    153.37604    153.38976
  750    153.24154    153.25477
  760    153.11182    153.12458
  770    152.98666    152.99897
  780    152.86588    152.87777
  790    152.74929    152.76076
  800    152.63672    152.64780
  810    152.52798    152.53869
  820    152.42293    152.43328
  830    152.32141    152.33141
  840    152.22326    152.23293
  850    152.12835    152.13770
  860    152.03654    152.04559
  870    151.94770    151.95646
  880    151.86171    151.87018
  890    151.77844    151.78665
  900    151.69779    151.70574
  910    151.61964    151.62734
  920    151.54389    151.55136
  930    151.47044    151.47768
  940    151.39920    151.40623
  950    151.33008    151.33690
  960    151.26299    151.26960
  970    151.19784    151.20427
  980    151.13457    151.14081
  990    151.07309    151.07915
 1000    151.01333    151.01923
 1010    150.95522    150.96096
 1020    150.89870    150.90429
 1030    150.84371    150.84914
 1040    150.79019    150.79547
 1050    150.73807    150.74322
 1060    150.68730    150.69232
 1070    150.63784    150.64273
 1080    150.58963    150.59440
 1090    150.54263    150.54727
 1100    150.49678    150.50132
 1110    150.45205    150.45648
 1120    150.40840    150.41272
 1130    150.36578    150.36999
 1140    150.32416    150.32827
 1150    150.28349    150.28752
 1160    150.24376    150.24769
 1170    150.20492    150.20876
 1180    150.16694    150.17070
 1190    150.12979    150.13347
 1200    150.09345    150.09704
 1210    150.05788    150.06140
 1220    150.02305    150.02650
 1230    149.98896    149.99233
 1240    149.95556    149.95887
 1250    149.92284    149.92608
 1260    149.89077    149.89394
 1270    149.85933    149.86244
 1280    149.82851    149.83156
 1290    149.79827    149.80127
 1300    149.76861    149.77155
 1310    149.73951    149.74240
 1320    149.71095    149.71378
 1330    149.68291    149.68569
 1340    149.65537    149.65810
 1350    149.62832    149.63101
 1360    149.60176    149.60439
 1370    149.57565    149.57824
 1380    149.54999    149.55254
 1390    149.52477    149.52727
 1400    149.49997    149.50243
 1410    149.47558    149.47800
 1420    149.45159    149.45397
 1430    149.42799    149.43033
 1440    149.40477    149.40707
 1450    149.38191    149.38418
 1460    149.35941    149.36165
 1470    149.33726    149.33946
 1480    149.31545    149.31761
 1490    149.29396    149.29610
 1500    149.27280    149.27490
 1510    149.25195    149.25402
 1520    149.23140    149.23344
 1530    149.21115    149.21316
 1540    149.19118    149.19317
 1550    149.17150    149.17346
 1560    149.15209    149.15402
 1570    149.13295    149.13486
 1580    149.11408    149.11595
 1590    149.09545    149.09730
 1600    149.07707    149.07890
 1610    149.05894    149.06074
 1620    149.04104    149.04282
 1630    149.02337    149.02512
 1640    149.00593    149.00766
 1650    148.98870    148.99041
 1660    148.97169    148.97338
 1670    148.95489    148.95656
 1680    148.93830    148.93995
 1690    148.92190    148.92353
 1700    148.90570    148.90731
 1710    148.88969    148.89128
 1720    148.87386    148.87544
 1730    148.85822    148.85978
 1740    148.84276    148.84429
 1750    148.82746    148.82898
 1760    148.81234    148.81384
 1770    148.79738    148.79887
 1780    148.78258    148.78405
 1790    148.76794    148.76940
 1800    148.75345    148.75489
 1810    148.73911    148.74054
 1820    148.72492    148.72633
 1830    148.71087    148.71227
 1840    148.69696    148.69834
 1850    148.68318    148.68455
 1860    148.66954    148.67089
 1870    148.65602    148.65737
 1880    148.64263    148.64397
 1890    148.62937    148.63069
 1900    148.61622    148.61753
 1910    148.60320    148.60449
 1920    148.59028    148.59157
 1930    148.57748    148.57876
 1940    148.56479    148.56606
 1950    148.55221    148.55346
 1960    148.53973    148.54097
 1970    148.52734    148.52858
 1980    148.51506    148.51628
 1990    148.50287    148.50408
 2000    148.49077    148.49197
 2010    148.47875    148.47995
 2020    148.46683    148.46801
 2030    148.45498    148.45616
 2040    148.44322    148.44439
 2050    148.43153    148.43270
 2060    148.41993    148.42108
 2070    148.40839    148.40954
 2080    148.39693    148.39807
 2090    148.38553    148.38667
 2100    148.37421    148.37534
 2110    148.36295    148.36407
 2120    148.35175    148.35286
 2130    148.34061    148.34172
 2140    148.32952    148.33062
 2150    148.31848    148.31958
 2160    148.30749    148.30859
 2170    148.29655    148.29764
 2180    148.28565    148.28674
 2190    148.27479    148.27588
 2200    148.26397    148.26505
 2210    148.25319    148.25426
 2220    148.24243    148.24350
 2230    148.23170    148.23277
 2240    148.22100    148.22207
 2250    148.21032    148.21139
 2260    148.19967    148.20073
 2270    148.18903    148.19009
 2280    148.17841    148.17947
 2290    148.16779    148.16885
 2300    148.15719    148.15825
 2310    148.14659    148.14765
 2320    148.13598    148.13704
 2330    148.12538    148.12644
 2340    148.11476    148.11582
 2350    148.10413    148.10520
 2360    148.09349    148.09455
 2370    148.08282    148.08389
 2380    148.07213    148.07320
 2390    148.06141    148.06248
 2400    148.05065    148.05172
 2410    148.03984    148.04092
 2420    148.02899    148.03007
 2430    148.01808    148.01917
 2440    148.00711    148.00821
 2450    147.99607    147.99717
 2460    147.98494    147.98606
 2470    147.97373    147.97486
 2480    147.96243    147.96357
 2490    147.95103    147.95217
 2500    147.93952    147.94067
Time: 1.60079seconds. Iterations per second: 1562.36

