2025-04-30 06:49:43,832 [MainThread  ] [INFO ]                 :-) GROMACS - gmx solvate, 2024.5-conda_forge (-:

Executable:   /home/arunima/.conda/envs/biobb_wf_protein-complex_md_setup/bin.AVX2_256/gmx
Data prefix:  /home/arunima/.conda/envs/biobb_wf_protein-complex_md_setup
Working dir:  /home/arunima/gitrepos/gromacs_sims/Antimicrobial_Peptides/Pseudomonas_antibiotics/simulation/ndxparc2018C_chainA
Command line:
  gmx -nobackup -nocopyright solvate -cp /home/arunima/gitrepos/gromacs_sims/Antimicrobial_Peptides/Pseudomonas_antibiotics/simulation/ndxparc2018C_chainA/79dffbcc-ec28-4f79-994c-948d32de1667/prot_ndxparc2018C_chainA_NDX_complex_editconf.gro -cs spc216.gro -o /home/arunima/gitrepos/gromacs_sims/Antimicrobial_Peptides/Pseudomonas_antibiotics/simulation/ndxparc2018C_chainA/79dffbcc-ec28-4f79-994c-948d32de1667/prot_ndxparc2018C_chainA_NDX_solvate.gro -p b5c90189-e818-4889-b65f-c885da34d3ba/ligand.top

Reading solute configuration
Reading solvent configuration

Initialising inter-atomic distances...
Generating solvent configuration
Will generate new solvent configuration of 10x9x8 boxes
Solvent box contains 402549 atoms in 134183 residues
Removed 29244 solvent atoms due to solvent-solvent overlap
Removed 10635 solvent atoms due to solute-solvent overlap
Sorting configuration
Found 1 molecule type:
    SOL (   3 atoms): 120890 residues
Generated solvent containing 362670 atoms in 120890 residues
Writing generated configuration to /home/arunima/gitrepos/gromacs_sims/Antimicrobial_Peptides/Pseudomonas_antibiotics/simulation/ndxparc2018C_chainA/79dffbcc-ec28-4f79-994c-948d32de1667/prot_ndxparc2018C_chainA_NDX_solvate.gro

Output configuration contains 373888 atoms in 121606 residues
Volume                 :     3795.31 (nm^3)
Density                :     989.926 (g/l)
Number of solvent molecules:  120890   

Processing topology

GROMACS reminds you: "Do You Have a Mind of Your Own ?" (Garbage)


