2025-04-30 07:25:34,385 [MainThread  ] [INFO ]  Executing biobb_gromacs.gromacs.make_ndx Version: 4.2.0
2025-04-30 07:25:34,468 [MainThread  ] [INFO ]  Copy: prot_ndxparc2018C_chainA_NDX_min.gro to /home/arunima/gitrepos/gromacs_sims/Antimicrobial_Peptides/Pseudomonas_antibiotics/simulation/ndxparc2018C_chainA/49a35f09-dee9-4be8-a55c-6f8de849f1fa
2025-04-30 07:25:34,471 [MainThread  ] [INFO ]  Copy: /home/arunima/gitrepos/gromacs_sims/Antimicrobial_Peptides/Pseudomonas_antibiotics/simulation/ndxparc2018C_chainA/77b348e7-cd69-4973-a9d1-273c62705603.stdin to /home/arunima/gitrepos/gromacs_sims/Antimicrobial_Peptides/Pseudomonas_antibiotics/simulation/ndxparc2018C_chainA/49a35f09-dee9-4be8-a55c-6f8de849f1fa
2025-04-30 07:25:34,472 [MainThread  ] [INFO ]  gmx -nobackup -nocopyright make_ndx -f /home/arunima/gitrepos/gromacs_sims/Antimicrobial_Peptides/Pseudomonas_antibiotics/simulation/ndxparc2018C_chainA/49a35f09-dee9-4be8-a55c-6f8de849f1fa/prot_ndxparc2018C_chainA_NDX_min.gro -o /home/arunima/gitrepos/gromacs_sims/Antimicrobial_Peptides/Pseudomonas_antibiotics/simulation/ndxparc2018C_chainA/49a35f09-dee9-4be8-a55c-6f8de849f1fa/prot_ndxparc2018C_chainA_NDX_index.ndx < /home/arunima/gitrepos/gromacs_sims/Antimicrobial_Peptides/Pseudomonas_antibiotics/simulation/ndxparc2018C_chainA/49a35f09-dee9-4be8-a55c-6f8de849f1fa/77b348e7-cd69-4973-a9d1-273c62705603.stdin

2025-04-30 07:25:35,681 [MainThread  ] [INFO ]  Exit code 0

2025-04-30 07:25:35,681 [MainThread  ] [INFO ]  Going to read 0 old index file(s)
Analysing residue names:
There are:   715    Protein residues
There are:     1      Other residues
There are: 120883      Water residues
There are:     7        Ion residues
Analysing Protein...
Analysing residues not classified as Protein/DNA/RNA/Water and splitting into groups...

  0 System              : 373874 atoms
  1 Protein             : 11177 atoms
  2 Protein-H           :  5550 atoms
  3 C-alpha             :   715 atoms
  4 Backbone            :  2145 atoms
  5 MainChain           :  2861 atoms
  6 MainChain+Cb        :  3518 atoms
  7 MainChain+H         :  3536 atoms
  8 SideChain           :  7641 atoms
  9 SideChain-H         :  2689 atoms
 10 Prot-Masses         : 11177 atoms
 11 non-Protein         : 362697 atoms
 12 Other               :    41 atoms
 13 NDX                 :    41 atoms
 14 NA                  :     7 atoms
 15 Water               : 362649 atoms
 16 SOL                 : 362649 atoms
 17 non-Water           : 11225 atoms
 18 Ion                 :     7 atoms
 19 Water_and_ions      : 362656 atoms

 nr : group      '!': not  'name' nr name   'splitch' nr    Enter: list groups
 'a': atom       '&': and  'del' nr         'splitres' nr   'l': list residues
 't': atom type  '|': or   'keep' nr        'splitat' nr    'h': help
 'r': residue              'res' nr         'chain' char
 "name": group             'case': case sensitive           'q': save and quit
 'ri': residue index

> 
Copied index group 1 'Protein'
Copied index group 12 'Other'
Merged two groups with OR: 11177 41 -> 11218

> 

2025-04-30 07:25:35,733 [MainThread  ] [INFO ]  Removed: ['/home/arunima/gitrepos/gromacs_sims/Antimicrobial_Peptides/Pseudomonas_antibiotics/simulation/ndxparc2018C_chainA/49a35f09-dee9-4be8-a55c-6f8de849f1fa', '/home/arunima/gitrepos/gromacs_sims/Antimicrobial_Peptides/Pseudomonas_antibiotics/simulation/ndxparc2018C_chainA/77b348e7-cd69-4973-a9d1-273c62705603.stdin']
