2025-11-19 13:21:14,616 [MainThread  ] [INFO ]  Module: biobb_gromacs.gromacs.grompp Version: 5.1.0
2025-11-19 13:21:14,616 [MainThread  ] [INFO ]  /home/admin/gitrepos/gromacs_sims/Antimicrobial_Peptides/Pseudomonas_antibiotics/simulation/ndxgyra2007C/sandbox_a43603d0-1206-4a36-bd8d-0dd42c0e580b directory successfully created
2025-11-19 13:21:14,635 [MainThread  ] [INFO ]  Copy: prot_ndxgyra2007C_NDX_solvate.gro to /home/admin/gitrepos/gromacs_sims/Antimicrobial_Peptides/Pseudomonas_antibiotics/simulation/ndxgyra2007C/sandbox_a43603d0-1206-4a36-bd8d-0dd42c0e580b
2025-11-19 13:21:14,641 [MainThread  ] [INFO ]  Extracting: /home/admin/gitrepos/gromacs_sims/Antimicrobial_Peptides/Pseudomonas_antibiotics/simulation/ndxgyra2007C/prot_ndxgyra2007C_NDX_solvate_top.zip
2025-11-19 13:21:14,641 [MainThread  ] [INFO ]  to:
2025-11-19 13:21:14,641 [MainThread  ] [INFO ]  ['/home/admin/gitrepos/gromacs_sims/Antimicrobial_Peptides/Pseudomonas_antibiotics/simulation/ndxgyra2007C/sandbox_a43603d0-1206-4a36-bd8d-0dd42c0e580b/NDX_posres.itp', '/home/admin/gitrepos/gromacs_sims/Antimicrobial_Peptides/Pseudomonas_antibiotics/simulation/ndxgyra2007C/sandbox_a43603d0-1206-4a36-bd8d-0dd42c0e580b/NDXparams.itp', '/home/admin/gitrepos/gromacs_sims/Antimicrobial_Peptides/Pseudomonas_antibiotics/simulation/ndxgyra2007C/sandbox_a43603d0-1206-4a36-bd8d-0dd42c0e580b/ligand.top', '/home/admin/gitrepos/gromacs_sims/Antimicrobial_Peptides/Pseudomonas_antibiotics/simulation/ndxgyra2007C/sandbox_a43603d0-1206-4a36-bd8d-0dd42c0e580b/posre.itp']
2025-11-19 13:21:14,641 [MainThread  ] [INFO ]  Unzipping: 
2025-11-19 13:21:14,641 [MainThread  ] [INFO ]  prot_ndxgyra2007C_NDX_solvate_top.zip
2025-11-19 13:21:14,641 [MainThread  ] [INFO ]  To: 
2025-11-19 13:21:14,641 [MainThread  ] [INFO ]  /home/admin/gitrepos/gromacs_sims/Antimicrobial_Peptides/Pseudomonas_antibiotics/simulation/ndxgyra2007C/sandbox_a43603d0-1206-4a36-bd8d-0dd42c0e580b/NDX_posres.itp
2025-11-19 13:21:14,641 [MainThread  ] [INFO ]  /home/admin/gitrepos/gromacs_sims/Antimicrobial_Peptides/Pseudomonas_antibiotics/simulation/ndxgyra2007C/sandbox_a43603d0-1206-4a36-bd8d-0dd42c0e580b/NDXparams.itp
2025-11-19 13:21:14,641 [MainThread  ] [INFO ]  /home/admin/gitrepos/gromacs_sims/Antimicrobial_Peptides/Pseudomonas_antibiotics/simulation/ndxgyra2007C/sandbox_a43603d0-1206-4a36-bd8d-0dd42c0e580b/ligand.top
2025-11-19 13:21:14,642 [MainThread  ] [INFO ]  /home/admin/gitrepos/gromacs_sims/Antimicrobial_Peptides/Pseudomonas_antibiotics/simulation/ndxgyra2007C/sandbox_a43603d0-1206-4a36-bd8d-0dd42c0e580b/posre.itp
2025-11-19 13:21:14,642 [MainThread  ] [INFO ]  gmx -nobackup -nocopyright grompp -f /home/admin/gitrepos/gromacs_sims/Antimicrobial_Peptides/Pseudomonas_antibiotics/simulation/ndxgyra2007C/sandbox_a43603d0-1206-4a36-bd8d-0dd42c0e580b/grompp.mdp -c /home/admin/gitrepos/gromacs_sims/Antimicrobial_Peptides/Pseudomonas_antibiotics/simulation/ndxgyra2007C/sandbox_a43603d0-1206-4a36-bd8d-0dd42c0e580b/prot_ndxgyra2007C_NDX_solvate.gro -r /home/admin/gitrepos/gromacs_sims/Antimicrobial_Peptides/Pseudomonas_antibiotics/simulation/ndxgyra2007C/sandbox_a43603d0-1206-4a36-bd8d-0dd42c0e580b/prot_ndxgyra2007C_NDX_solvate.gro -p /home/admin/gitrepos/gromacs_sims/Antimicrobial_Peptides/Pseudomonas_antibiotics/simulation/ndxgyra2007C/sandbox_a43603d0-1206-4a36-bd8d-0dd42c0e580b/ligand.top -o /home/admin/gitrepos/gromacs_sims/Antimicrobial_Peptides/Pseudomonas_antibiotics/simulation/ndxgyra2007C/sandbox_a43603d0-1206-4a36-bd8d-0dd42c0e580b/prot_ndxgyra2007C_NDX_complex_gppion.tpr -po mdout.mdp -maxwarn 1

2025-11-19 13:21:17,492 [MainThread  ] [INFO ]  Executing: gmx -nobackup -nocopyright grompp -f /home/admin/gitrepos/gromacs_sims/Antimicro...
2025-11-19 13:21:17,492 [MainThread  ] [INFO ]  Exit code: 0
2025-11-19 13:21:17,492 [MainThread  ] [INFO ]  Setting the LD random seed to 1474535261

Generated 3160 of the 3160 non-bonded parameter combinations

Generated 3160 of the 3160 1-4 parameter combinations

Excluding 3 bonded neighbours molecule type 'Protein_chain_A'

Excluding 3 bonded neighbours molecule type 'NDXparams'

Excluding 2 bonded neighbours molecule type 'SOL'

++++ PLEASE READ AND CITE THE FOLLOWING REFERENCE ++++
J. S. Hub, B. L. de Groot, H. Grubmueller, G. Groenhof
Quantifying Artifacts in Ewald Simulations of Inhomogeneous Systems with a Net
Charge
J. Chem. Theory Comput. 10 (2014) pp. 381-393
-------- -------- --- Thank You --- -------- --------

Analysing residue names:
There are:   921    Protein residues
There are:     1      Other residues
There are: 146406      Water residues
Analysing Protein...
Analysing residues not classified as Protein/DNA/RNA/Water and splitting into groups...

The largest distance between excluded atoms is 0.425 nm between atom 11973 and 11981
Calculating fourier grid dimensions for X Y Z
Using a fourier grid of 160x160x160, spacing 0.113 0.113 0.113

Estimate for the relative computational load of the PME mesh part: 0.35

This run will generate roughly 35 Mb of data

2025-11-19 13:21:17,509 [MainThread  ] [INFO ]  Removed: ['/home/admin/gitrepos/gromacs_sims/Antimicrobial_Peptides/Pseudomonas_antibiotics/simulation/ndxgyra2007C/sandbox_a43603d0-1206-4a36-bd8d-0dd42c0e580b', 'mdout.mdp']
2025-11-19 13:21:17,509 [MainThread  ] [INFO ]  
