2025-11-19 13:32:13,417 [MainThread  ] [INFO ]  Module: biobb_gromacs.gromacs.grompp Version: 5.1.0
2025-11-19 13:32:13,417 [MainThread  ] [INFO ]  /home/admin/gitrepos/gromacs_sims/Antimicrobial_Peptides/Pseudomonas_antibiotics/simulation/ndxgyra2007C/sandbox_a31a92a2-8e70-431b-a2a1-09e5fa519f91 directory successfully created
2025-11-19 13:32:13,439 [MainThread  ] [INFO ]  Copy: prot_ndxgyra2007C_NDX_npt.gro to /home/admin/gitrepos/gromacs_sims/Antimicrobial_Peptides/Pseudomonas_antibiotics/simulation/ndxgyra2007C/sandbox_a31a92a2-8e70-431b-a2a1-09e5fa519f91
2025-11-19 13:32:13,446 [MainThread  ] [INFO ]  Copy: prot_ndxgyra2007C_NDX_npt.cpt to /home/admin/gitrepos/gromacs_sims/Antimicrobial_Peptides/Pseudomonas_antibiotics/simulation/ndxgyra2007C/sandbox_a31a92a2-8e70-431b-a2a1-09e5fa519f91
2025-11-19 13:32:13,452 [MainThread  ] [INFO ]  Extracting: /home/admin/gitrepos/gromacs_sims/Antimicrobial_Peptides/Pseudomonas_antibiotics/simulation/ndxgyra2007C/prot_ndxgyra2007C_NDX_genion_top.zip
2025-11-19 13:32:13,452 [MainThread  ] [INFO ]  to:
2025-11-19 13:32:13,452 [MainThread  ] [INFO ]  ['/home/admin/gitrepos/gromacs_sims/Antimicrobial_Peptides/Pseudomonas_antibiotics/simulation/ndxgyra2007C/sandbox_a31a92a2-8e70-431b-a2a1-09e5fa519f91/NDX_posres.itp', '/home/admin/gitrepos/gromacs_sims/Antimicrobial_Peptides/Pseudomonas_antibiotics/simulation/ndxgyra2007C/sandbox_a31a92a2-8e70-431b-a2a1-09e5fa519f91/NDXparams.itp', '/home/admin/gitrepos/gromacs_sims/Antimicrobial_Peptides/Pseudomonas_antibiotics/simulation/ndxgyra2007C/sandbox_a31a92a2-8e70-431b-a2a1-09e5fa519f91/ligand.top', '/home/admin/gitrepos/gromacs_sims/Antimicrobial_Peptides/Pseudomonas_antibiotics/simulation/ndxgyra2007C/sandbox_a31a92a2-8e70-431b-a2a1-09e5fa519f91/posre.itp']
2025-11-19 13:32:13,452 [MainThread  ] [INFO ]  Unzipping: 
2025-11-19 13:32:13,452 [MainThread  ] [INFO ]  prot_ndxgyra2007C_NDX_genion_top.zip
2025-11-19 13:32:13,452 [MainThread  ] [INFO ]  To: 
2025-11-19 13:32:13,452 [MainThread  ] [INFO ]  /home/admin/gitrepos/gromacs_sims/Antimicrobial_Peptides/Pseudomonas_antibiotics/simulation/ndxgyra2007C/sandbox_a31a92a2-8e70-431b-a2a1-09e5fa519f91/NDX_posres.itp
2025-11-19 13:32:13,452 [MainThread  ] [INFO ]  /home/admin/gitrepos/gromacs_sims/Antimicrobial_Peptides/Pseudomonas_antibiotics/simulation/ndxgyra2007C/sandbox_a31a92a2-8e70-431b-a2a1-09e5fa519f91/NDXparams.itp
2025-11-19 13:32:13,452 [MainThread  ] [INFO ]  /home/admin/gitrepos/gromacs_sims/Antimicrobial_Peptides/Pseudomonas_antibiotics/simulation/ndxgyra2007C/sandbox_a31a92a2-8e70-431b-a2a1-09e5fa519f91/ligand.top
2025-11-19 13:32:13,452 [MainThread  ] [INFO ]  /home/admin/gitrepos/gromacs_sims/Antimicrobial_Peptides/Pseudomonas_antibiotics/simulation/ndxgyra2007C/sandbox_a31a92a2-8e70-431b-a2a1-09e5fa519f91/posre.itp
2025-11-19 13:32:13,453 [MainThread  ] [INFO ]  gmx -nobackup -nocopyright grompp -f /home/admin/gitrepos/gromacs_sims/Antimicrobial_Peptides/Pseudomonas_antibiotics/simulation/ndxgyra2007C/sandbox_a31a92a2-8e70-431b-a2a1-09e5fa519f91/grompp.mdp -c /home/admin/gitrepos/gromacs_sims/Antimicrobial_Peptides/Pseudomonas_antibiotics/simulation/ndxgyra2007C/sandbox_a31a92a2-8e70-431b-a2a1-09e5fa519f91/prot_ndxgyra2007C_NDX_npt.gro -r /home/admin/gitrepos/gromacs_sims/Antimicrobial_Peptides/Pseudomonas_antibiotics/simulation/ndxgyra2007C/sandbox_a31a92a2-8e70-431b-a2a1-09e5fa519f91/prot_ndxgyra2007C_NDX_npt.gro -p /home/admin/gitrepos/gromacs_sims/Antimicrobial_Peptides/Pseudomonas_antibiotics/simulation/ndxgyra2007C/sandbox_a31a92a2-8e70-431b-a2a1-09e5fa519f91/ligand.top -o /home/admin/gitrepos/gromacs_sims/Antimicrobial_Peptides/Pseudomonas_antibiotics/simulation/ndxgyra2007C/sandbox_a31a92a2-8e70-431b-a2a1-09e5fa519f91/prot_ndxgyra2007C_NDX_gppmd.tpr -po mdout.mdp -maxwarn 10 -t /home/admin/gitrepos/gromacs_sims/Antimicrobial_Peptides/Pseudomonas_antibiotics/simulation/ndxgyra2007C/sandbox_a31a92a2-8e70-431b-a2a1-09e5fa519f91/prot_ndxgyra2007C_NDX_npt.cpt

2025-11-19 13:32:15,443 [MainThread  ] [INFO ]  Executing: gmx -nobackup -nocopyright grompp -f /home/admin/gitrepos/gromacs_sims/Antimicro...
2025-11-19 13:32:15,444 [MainThread  ] [INFO ]  Exit code: 0
2025-11-19 13:32:15,444 [MainThread  ] [INFO ]  Setting the LD random seed to -639631373

Generated 3160 of the 3160 non-bonded parameter combinations

Generated 3160 of the 3160 1-4 parameter combinations

Excluding 3 bonded neighbours molecule type 'Protein_chain_A'

turning H bonds into constraints...

Excluding 3 bonded neighbours molecule type 'NDXparams'

turning H bonds into constraints...

Excluding 2 bonded neighbours molecule type 'SOL'

turning H bonds into constraints...

Excluding 1 bonded neighbours molecule type 'NA'

turning H bonds into constraints...
Analysing residue names:
There are:   921    Protein residues
There are:     1      Other residues
There are: 146364      Water residues
There are:    42        Ion residues
Analysing Protein...
Analysing residues not classified as Protein/DNA/RNA/Water and splitting into groups...

The largest distance between excluded atoms is 0.434 nm between atom 3033 and 3041

Determining Verlet buffer for a tolerance of 0.005 kJ/mol/ps at 300 K

Calculated rlist for 1x1 atom pair-list as 1.036 nm, buffer size 0.036 nm

Set rlist, assuming 4x4 atom pair-list, to 1.000 nm, buffer size 0.000 nm

Note that mdrun will redetermine rlist based on the actual pair-list setup

Reading Coordinates, Velocities and Box size from old trajectory

Will read whole trajectory

Using frame at t = 100 ps

Starting time for run is 0 ps
Calculating fourier grid dimensions for X Y Z
Using a fourier grid of 160x160x160, spacing 0.113 0.113 0.113

Estimate for the relative computational load of the PME mesh part: 0.37

2025-11-19 13:32:15,466 [MainThread  ] [INFO ]  Removed: ['/home/admin/gitrepos/gromacs_sims/Antimicrobial_Peptides/Pseudomonas_antibiotics/simulation/ndxgyra2007C/sandbox_a31a92a2-8e70-431b-a2a1-09e5fa519f91', 'mdout.mdp']
2025-11-19 13:32:15,466 [MainThread  ] [INFO ]  
