2025-11-19 13:27:19,114 [MainThread  ] [INFO ]  Module: biobb_gromacs.gromacs.grompp Version: 5.1.0
2025-11-19 13:27:19,114 [MainThread  ] [INFO ]  /home/admin/gitrepos/gromacs_sims/Antimicrobial_Peptides/Pseudomonas_antibiotics/simulation/ndxgyra2007C/sandbox_cddcc39a-a456-4a65-a76a-48e945c0f762 directory successfully created
2025-11-19 13:27:19,149 [MainThread  ] [INFO ]  Copy: prot_ndxgyra2007C_NDX_nvt.gro to /home/admin/gitrepos/gromacs_sims/Antimicrobial_Peptides/Pseudomonas_antibiotics/simulation/ndxgyra2007C/sandbox_cddcc39a-a456-4a65-a76a-48e945c0f762
2025-11-19 13:27:19,156 [MainThread  ] [INFO ]  Copy: prot_ndxgyra2007C_NDX_nvt.cpt to /home/admin/gitrepos/gromacs_sims/Antimicrobial_Peptides/Pseudomonas_antibiotics/simulation/ndxgyra2007C/sandbox_cddcc39a-a456-4a65-a76a-48e945c0f762
2025-11-19 13:27:19,166 [MainThread  ] [INFO ]  Copy: prot_ndxgyra2007C_NDX_index.ndx to /home/admin/gitrepos/gromacs_sims/Antimicrobial_Peptides/Pseudomonas_antibiotics/simulation/ndxgyra2007C/sandbox_cddcc39a-a456-4a65-a76a-48e945c0f762
2025-11-19 13:27:19,172 [MainThread  ] [INFO ]  Extracting: /home/admin/gitrepos/gromacs_sims/Antimicrobial_Peptides/Pseudomonas_antibiotics/simulation/ndxgyra2007C/prot_ndxgyra2007C_NDX_genion_top.zip
2025-11-19 13:27:19,172 [MainThread  ] [INFO ]  to:
2025-11-19 13:27:19,172 [MainThread  ] [INFO ]  ['/home/admin/gitrepos/gromacs_sims/Antimicrobial_Peptides/Pseudomonas_antibiotics/simulation/ndxgyra2007C/sandbox_cddcc39a-a456-4a65-a76a-48e945c0f762/NDX_posres.itp', '/home/admin/gitrepos/gromacs_sims/Antimicrobial_Peptides/Pseudomonas_antibiotics/simulation/ndxgyra2007C/sandbox_cddcc39a-a456-4a65-a76a-48e945c0f762/NDXparams.itp', '/home/admin/gitrepos/gromacs_sims/Antimicrobial_Peptides/Pseudomonas_antibiotics/simulation/ndxgyra2007C/sandbox_cddcc39a-a456-4a65-a76a-48e945c0f762/ligand.top', '/home/admin/gitrepos/gromacs_sims/Antimicrobial_Peptides/Pseudomonas_antibiotics/simulation/ndxgyra2007C/sandbox_cddcc39a-a456-4a65-a76a-48e945c0f762/posre.itp']
2025-11-19 13:27:19,172 [MainThread  ] [INFO ]  Unzipping: 
2025-11-19 13:27:19,172 [MainThread  ] [INFO ]  prot_ndxgyra2007C_NDX_genion_top.zip
2025-11-19 13:27:19,172 [MainThread  ] [INFO ]  To: 
2025-11-19 13:27:19,172 [MainThread  ] [INFO ]  /home/admin/gitrepos/gromacs_sims/Antimicrobial_Peptides/Pseudomonas_antibiotics/simulation/ndxgyra2007C/sandbox_cddcc39a-a456-4a65-a76a-48e945c0f762/NDX_posres.itp
2025-11-19 13:27:19,172 [MainThread  ] [INFO ]  /home/admin/gitrepos/gromacs_sims/Antimicrobial_Peptides/Pseudomonas_antibiotics/simulation/ndxgyra2007C/sandbox_cddcc39a-a456-4a65-a76a-48e945c0f762/NDXparams.itp
2025-11-19 13:27:19,172 [MainThread  ] [INFO ]  /home/admin/gitrepos/gromacs_sims/Antimicrobial_Peptides/Pseudomonas_antibiotics/simulation/ndxgyra2007C/sandbox_cddcc39a-a456-4a65-a76a-48e945c0f762/ligand.top
2025-11-19 13:27:19,172 [MainThread  ] [INFO ]  /home/admin/gitrepos/gromacs_sims/Antimicrobial_Peptides/Pseudomonas_antibiotics/simulation/ndxgyra2007C/sandbox_cddcc39a-a456-4a65-a76a-48e945c0f762/posre.itp
2025-11-19 13:27:19,172 [MainThread  ] [INFO ]  gmx -nobackup -nocopyright grompp -f /home/admin/gitrepos/gromacs_sims/Antimicrobial_Peptides/Pseudomonas_antibiotics/simulation/ndxgyra2007C/sandbox_cddcc39a-a456-4a65-a76a-48e945c0f762/grompp.mdp -c /home/admin/gitrepos/gromacs_sims/Antimicrobial_Peptides/Pseudomonas_antibiotics/simulation/ndxgyra2007C/sandbox_cddcc39a-a456-4a65-a76a-48e945c0f762/prot_ndxgyra2007C_NDX_nvt.gro -r /home/admin/gitrepos/gromacs_sims/Antimicrobial_Peptides/Pseudomonas_antibiotics/simulation/ndxgyra2007C/sandbox_cddcc39a-a456-4a65-a76a-48e945c0f762/prot_ndxgyra2007C_NDX_nvt.gro -p /home/admin/gitrepos/gromacs_sims/Antimicrobial_Peptides/Pseudomonas_antibiotics/simulation/ndxgyra2007C/sandbox_cddcc39a-a456-4a65-a76a-48e945c0f762/ligand.top -o /home/admin/gitrepos/gromacs_sims/Antimicrobial_Peptides/Pseudomonas_antibiotics/simulation/ndxgyra2007C/sandbox_cddcc39a-a456-4a65-a76a-48e945c0f762/prot_ndxgyra2007C_NDX_gppnpt.tpr -po mdout.mdp -maxwarn 10 -t /home/admin/gitrepos/gromacs_sims/Antimicrobial_Peptides/Pseudomonas_antibiotics/simulation/ndxgyra2007C/sandbox_cddcc39a-a456-4a65-a76a-48e945c0f762/prot_ndxgyra2007C_NDX_nvt.cpt -n /home/admin/gitrepos/gromacs_sims/Antimicrobial_Peptides/Pseudomonas_antibiotics/simulation/ndxgyra2007C/sandbox_cddcc39a-a456-4a65-a76a-48e945c0f762/prot_ndxgyra2007C_NDX_index.ndx

2025-11-19 13:27:23,229 [MainThread  ] [INFO ]  Executing: gmx -nobackup -nocopyright grompp -f /home/admin/gitrepos/gromacs_sims/Antimicro...
2025-11-19 13:27:23,229 [MainThread  ] [INFO ]  Exit code: 0
2025-11-19 13:27:23,229 [MainThread  ] [INFO ]  Setting the LD random seed to -184570069

Generated 3160 of the 3160 non-bonded parameter combinations

Generated 3160 of the 3160 1-4 parameter combinations

Excluding 3 bonded neighbours molecule type 'Protein_chain_A'

turning H bonds into constraints...

Excluding 3 bonded neighbours molecule type 'NDXparams'

turning H bonds into constraints...

Excluding 2 bonded neighbours molecule type 'SOL'

turning H bonds into constraints...

Excluding 1 bonded neighbours molecule type 'NA'

turning H bonds into constraints...

The center of mass of the position restraint coord's is  3.048 -4.247  7.418

The center of mass of the position restraint coord's is  3.048 -4.247  7.418

The largest distance between excluded atoms is 0.433 nm between atom 405 and 413

Determining Verlet buffer for a tolerance of 0.005 kJ/mol/ps at 300 K

Calculated rlist for 1x1 atom pair-list as 1.036 nm, buffer size 0.036 nm

Set rlist, assuming 4x4 atom pair-list, to 1.000 nm, buffer size 0.000 nm

Note that mdrun will redetermine rlist based on the actual pair-list setup

Reading Coordinates, Velocities and Box size from old trajectory

Will read whole trajectory

Using frame at t = 100 ps

Starting time for run is 0 ps
Calculating fourier grid dimensions for X Y Z
Using a fourier grid of 160x160x160, spacing 0.113 0.113 0.113

Estimate for the relative computational load of the PME mesh part: 0.37

This run will generate roughly 1193 Mb of data

2025-11-19 13:27:23,255 [MainThread  ] [INFO ]  Removed: ['/home/admin/gitrepos/gromacs_sims/Antimicrobial_Peptides/Pseudomonas_antibiotics/simulation/ndxgyra2007C/sandbox_cddcc39a-a456-4a65-a76a-48e945c0f762', 'mdout.mdp']
2025-11-19 13:27:23,255 [MainThread  ] [INFO ]  
