2025-11-19 13:21:10,349 [MainThread  ] [INFO ]                       :-) GROMACS - gmx trjconv, 2024.4 (-:

Executable:   /usr/local/gromacs/bin/gmx
Data prefix:  /usr/local/gromacs
Working dir:  /home/admin/gitrepos/gromacs_sims/Antimicrobial_Peptides/Pseudomonas_antibiotics/simulation/ndxgyra2007C
Command line:
  gmx trjconv -f /home/admin/gitrepos/gromacs_sims/Antimicrobial_Peptides/Pseudomonas_antibiotics/simulation/ndxgyra2007C/sandbox_dca43282-5964-4019-ace1-8013b73cbf09/prot_ndxgyra2007C_pdb2gmx.gro -s /home/admin/gitrepos/gromacs_sims/Antimicrobial_Peptides/Pseudomonas_antibiotics/simulation/ndxgyra2007C/sandbox_dca43282-5964-4019-ace1-8013b73cbf09/prot_ndxgyra2007C_pdb2gmx.gro -o /home/admin/gitrepos/gromacs_sims/Antimicrobial_Peptides/Pseudomonas_antibiotics/simulation/ndxgyra2007C/sandbox_dca43282-5964-4019-ace1-8013b73cbf09/prot_ndxgyra2007C_NDX_complex_H.pdb -nocenter

Will write pdb: Protein data bank file
Group     0 (         System) has 14242 elements
Group     1 (        Protein) has 14242 elements
Group     2 (      Protein-H) has  7088 elements
Group     3 (        C-alpha) has   921 elements
Group     4 (       Backbone) has  2763 elements
Group     5 (      MainChain) has  3685 elements
Group     6 (   MainChain+Cb) has  4523 elements
Group     7 (    MainChain+H) has  4570 elements
Group     8 (      SideChain) has  9672 elements
Group     9 (    SideChain-H) has  3403 elements
Select a group: Reading frames from gro file 'Good gRace! Old Maple Actually Chews Slate', 14242 atoms.
Reading frame       0 time    0.000   
Precision of /home/admin/gitrepos/gromacs_sims/Antimicrobial_Peptides/Pseudomonas_antibiotics/simulation/ndxgyra2007C/sandbox_dca43282-5964-4019-ace1-8013b73cbf09/prot_ndxgyra2007C_pdb2gmx.gro is 0.001 (nm)
Last frame          0 time    0.000   
 ->  frame      0 time    0.000      
Last written: frame      0 time    0.000


GROMACS reminds you: "In physics, you don't have to go around making trouble for yourself. Nature does it for you." (Frank Wilczek)


