2025-11-19 13:21:18,516 [MainThread  ] [INFO ]  Module: biobb_gromacs.gromacs.grompp Version: 5.1.0
2025-11-19 13:21:18,516 [MainThread  ] [INFO ]  /home/admin/gitrepos/gromacs_sims/Antimicrobial_Peptides/Pseudomonas_antibiotics/simulation/ndxgyra2007C/sandbox_bc576384-b5c3-4ca6-8142-3a7313beaf3f directory successfully created
2025-11-19 13:21:18,533 [MainThread  ] [INFO ]  Copy: prot_ndxgyra2007C_NDX_genion.gro to /home/admin/gitrepos/gromacs_sims/Antimicrobial_Peptides/Pseudomonas_antibiotics/simulation/ndxgyra2007C/sandbox_bc576384-b5c3-4ca6-8142-3a7313beaf3f
2025-11-19 13:21:18,539 [MainThread  ] [INFO ]  Extracting: /home/admin/gitrepos/gromacs_sims/Antimicrobial_Peptides/Pseudomonas_antibiotics/simulation/ndxgyra2007C/prot_ndxgyra2007C_NDX_genion_top.zip
2025-11-19 13:21:18,539 [MainThread  ] [INFO ]  to:
2025-11-19 13:21:18,539 [MainThread  ] [INFO ]  ['/home/admin/gitrepos/gromacs_sims/Antimicrobial_Peptides/Pseudomonas_antibiotics/simulation/ndxgyra2007C/sandbox_bc576384-b5c3-4ca6-8142-3a7313beaf3f/NDX_posres.itp', '/home/admin/gitrepos/gromacs_sims/Antimicrobial_Peptides/Pseudomonas_antibiotics/simulation/ndxgyra2007C/sandbox_bc576384-b5c3-4ca6-8142-3a7313beaf3f/NDXparams.itp', '/home/admin/gitrepos/gromacs_sims/Antimicrobial_Peptides/Pseudomonas_antibiotics/simulation/ndxgyra2007C/sandbox_bc576384-b5c3-4ca6-8142-3a7313beaf3f/ligand.top', '/home/admin/gitrepos/gromacs_sims/Antimicrobial_Peptides/Pseudomonas_antibiotics/simulation/ndxgyra2007C/sandbox_bc576384-b5c3-4ca6-8142-3a7313beaf3f/posre.itp']
2025-11-19 13:21:18,539 [MainThread  ] [INFO ]  Unzipping: 
2025-11-19 13:21:18,539 [MainThread  ] [INFO ]  prot_ndxgyra2007C_NDX_genion_top.zip
2025-11-19 13:21:18,539 [MainThread  ] [INFO ]  To: 
2025-11-19 13:21:18,539 [MainThread  ] [INFO ]  /home/admin/gitrepos/gromacs_sims/Antimicrobial_Peptides/Pseudomonas_antibiotics/simulation/ndxgyra2007C/sandbox_bc576384-b5c3-4ca6-8142-3a7313beaf3f/NDX_posres.itp
2025-11-19 13:21:18,539 [MainThread  ] [INFO ]  /home/admin/gitrepos/gromacs_sims/Antimicrobial_Peptides/Pseudomonas_antibiotics/simulation/ndxgyra2007C/sandbox_bc576384-b5c3-4ca6-8142-3a7313beaf3f/NDXparams.itp
2025-11-19 13:21:18,539 [MainThread  ] [INFO ]  /home/admin/gitrepos/gromacs_sims/Antimicrobial_Peptides/Pseudomonas_antibiotics/simulation/ndxgyra2007C/sandbox_bc576384-b5c3-4ca6-8142-3a7313beaf3f/ligand.top
2025-11-19 13:21:18,539 [MainThread  ] [INFO ]  /home/admin/gitrepos/gromacs_sims/Antimicrobial_Peptides/Pseudomonas_antibiotics/simulation/ndxgyra2007C/sandbox_bc576384-b5c3-4ca6-8142-3a7313beaf3f/posre.itp
2025-11-19 13:21:18,539 [MainThread  ] [INFO ]  gmx -nobackup -nocopyright grompp -f /home/admin/gitrepos/gromacs_sims/Antimicrobial_Peptides/Pseudomonas_antibiotics/simulation/ndxgyra2007C/sandbox_bc576384-b5c3-4ca6-8142-3a7313beaf3f/grompp.mdp -c /home/admin/gitrepos/gromacs_sims/Antimicrobial_Peptides/Pseudomonas_antibiotics/simulation/ndxgyra2007C/sandbox_bc576384-b5c3-4ca6-8142-3a7313beaf3f/prot_ndxgyra2007C_NDX_genion.gro -r /home/admin/gitrepos/gromacs_sims/Antimicrobial_Peptides/Pseudomonas_antibiotics/simulation/ndxgyra2007C/sandbox_bc576384-b5c3-4ca6-8142-3a7313beaf3f/prot_ndxgyra2007C_NDX_genion.gro -p /home/admin/gitrepos/gromacs_sims/Antimicrobial_Peptides/Pseudomonas_antibiotics/simulation/ndxgyra2007C/sandbox_bc576384-b5c3-4ca6-8142-3a7313beaf3f/ligand.top -o /home/admin/gitrepos/gromacs_sims/Antimicrobial_Peptides/Pseudomonas_antibiotics/simulation/ndxgyra2007C/sandbox_bc576384-b5c3-4ca6-8142-3a7313beaf3f/prot_ndxgyra2007C_NDX_gppmin.tpr -po mdout.mdp -maxwarn 10

2025-11-19 13:21:21,333 [MainThread  ] [INFO ]  Executing: gmx -nobackup -nocopyright grompp -f /home/admin/gitrepos/gromacs_sims/Antimicro...
2025-11-19 13:21:21,333 [MainThread  ] [INFO ]  Exit code: 0
2025-11-19 13:21:21,333 [MainThread  ] [INFO ]  Setting the LD random seed to 2118859742

Generated 3160 of the 3160 non-bonded parameter combinations

Generated 3160 of the 3160 1-4 parameter combinations

Excluding 3 bonded neighbours molecule type 'Protein_chain_A'

Excluding 3 bonded neighbours molecule type 'NDXparams'

Excluding 2 bonded neighbours molecule type 'SOL'

Excluding 1 bonded neighbours molecule type 'NA'
Analysing residue names:
There are:   921    Protein residues
There are:     1      Other residues
There are: 146364      Water residues
There are:    42        Ion residues
Analysing Protein...
Analysing residues not classified as Protein/DNA/RNA/Water and splitting into groups...

The largest distance between excluded atoms is 0.425 nm between atom 11973 and 11981
Calculating fourier grid dimensions for X Y Z
Using a fourier grid of 160x160x160, spacing 0.113 0.113 0.113

Estimate for the relative computational load of the PME mesh part: 0.35

This run will generate roughly 35 Mb of data

2025-11-19 13:21:21,351 [MainThread  ] [INFO ]  Removed: ['/home/admin/gitrepos/gromacs_sims/Antimicrobial_Peptides/Pseudomonas_antibiotics/simulation/ndxgyra2007C/sandbox_bc576384-b5c3-4ca6-8142-3a7313beaf3f', 'mdout.mdp']
2025-11-19 13:21:21,351 [MainThread  ] [INFO ]  
