2025-11-19 13:20:46,399 [MainThread  ] [INFO ]  Module: biobb_model.model.fix_side_chain Version: 5.1.0
2025-11-19 13:20:46,399 [MainThread  ] [INFO ]  /home/admin/gitrepos/gromacs_sims/Antimicrobial_Peptides/Pseudomonas_antibiotics/simulation/ndxgyra2007C/sandbox_73aa3335-2f6b-4ab7-8a89-f434819c3ed8 directory successfully created
2025-11-19 13:20:46,399 [MainThread  ] [INFO ]  Copy: prot_ndxgyra2007C.pdb to /home/admin/gitrepos/gromacs_sims/Antimicrobial_Peptides/Pseudomonas_antibiotics/simulation/ndxgyra2007C/sandbox_73aa3335-2f6b-4ab7-8a89-f434819c3ed8
2025-11-19 13:20:46,399 [MainThread  ] [INFO ]  check_structure -i /home/admin/gitrepos/gromacs_sims/Antimicrobial_Peptides/Pseudomonas_antibiotics/simulation/ndxgyra2007C/sandbox_73aa3335-2f6b-4ab7-8a89-f434819c3ed8/prot_ndxgyra2007C.pdb -o /home/admin/gitrepos/gromacs_sims/Antimicrobial_Peptides/Pseudomonas_antibiotics/simulation/ndxgyra2007C/sandbox_73aa3335-2f6b-4ab7-8a89-f434819c3ed8/prot_ndxgyra2007C_fixed.pdb --force_save fixside --fix ALL

2025-11-19 13:20:46,829 [MainThread  ] [INFO ]  Executing: check_structure -i /home/admin/gitrepos/gromacs_sims/Antimicrobial_Peptides/Pseu...
2025-11-19 13:20:46,829 [MainThread  ] [INFO ]  Exit code: 0
2025-11-19 13:20:46,830 [MainThread  ] [INFO ]  ================================================================================
=                   BioBB structure checking utility v3.15.6                   =
=            P. Andrio, A. Hospital, G. Bayarri, J.L. Gelpi 2018-23            =
================================================================================

Warning: sequence features may not be available, use --sequence for  external fasta input
Structure /home/admin/gitrepos/gromacs_sims/Antimicrobial_Peptides/Pseudomonas_antibiotics/simulation/ndxgyra2007C/sandbox_73aa3335-2f6b-4ab7-8a89-f434819c3ed8/prot_ndxgyra2007C.pdb loaded
 PDB id:  
 Title: 
 Experimental method: unknown
 Resolution (A): N.A.

 Num. models: 1
 Num. chains: 1 (A: Protein)
 Num. residues:  921
 Num. residues with ins. codes:  0
 Num. residues with H atoms: 883 (total 1583 H atoms)
 Num. HETATM residues:  0
 Num. ligands or modified residues:  0
 Num. water mol.:  0
 Num. atoms:  8671
Running fixside. Options: --fix ALL
Found no residues with missing or unknown side chain atoms
Structure not modified, saving due to --force_save option
Final Num. models: 1
Final Num. chains: 1 (A: Protein)
Final Num. residues:  921
Final Num. residues with ins. codes:  0
Final Num. residues with H atoms: 883 (total 1583 H atoms)
Final Num. HETATM residues:  0
Final Num. ligands or modified residues:  0
Final Num. water mol.:  0
Final Num. atoms:  8671
Structure saved on /home/admin/gitrepos/gromacs_sims/Antimicrobial_Peptides/Pseudomonas_antibiotics/simulation/ndxgyra2007C/sandbox_73aa3335-2f6b-4ab7-8a89-f434819c3ed8/prot_ndxgyra2007C_fixed.pdb

2025-11-19 13:20:46,832 [MainThread  ] [INFO ]  Removed: ['/home/admin/gitrepos/gromacs_sims/Antimicrobial_Peptides/Pseudomonas_antibiotics/simulation/ndxgyra2007C/sandbox_73aa3335-2f6b-4ab7-8a89-f434819c3ed8']
2025-11-19 13:20:46,832 [MainThread  ] [INFO ]  
