                      :-) GROMACS - gmx mdrun, 2024.4 (-:

Copyright 1991-2024 The GROMACS Authors.
GROMACS is free software; you can redistribute it and/or modify it
under the terms of the GNU Lesser General Public License
as published by the Free Software Foundation; either version 2.1
of the License, or (at your option) any later version.

                         Current GROMACS contributors:
       Mark Abraham           Andrey Alekseenko           Vladimir Basov      
      Cathrine Bergh            Eliane Briand               Ania Brown        
      Mahesh Doijade            Giacomo Fiorin          Stefan Fleischmann    
      Sergey Gorelov         Gilles Gouaillardet            Alan Gray         
     M. Eric Irrgang         Farzaneh Jalalypour            Joe Jordan        
     Carsten Kutzner           Justin A. Lemkul          Magnus Lundborg      
       Pascal Merz              Vedran Miletic            Dmitry Morozov      
       Julien Nabet              Szilard Pall        Andrea Pasquadibisceglie 
    Michele Pellegrino          Hubert Santuz             Roland Schulz       
     Tatiana Shugaeva          Alexey Shvetsov            Philip Turner       
     Alessandra Villa      Sebastian Wingbermuehle  

                         Previous GROMACS contributors:
        Emile Apol             Rossen Apostolov           James Barnett       
        Paul Bauer          Herman J.C. Berendsen          Par Bjelkmar       
      Christian Blau          Viacheslav Bolnykh            Kevin Boyd        
    Aldert van Buuren          Carlo Camilloni           Rudi van Drunen      
      Anton Feenstra           Oliver Fleetwood            Vytas Gapsys       
       Gaurav Garg             Gerrit Groenhof            Bert de Groot       
      Anca Hamuraru           Vincent Hindriksen          Victor Holanda      
     Aleksei Iupinov          Christoph Junghans        Prashanth Kanduri     
   Dimitrios Karkoulis           Peter Kasson             Sebastian Kehl      
     Sebastian Keller             Jiri Kraus               Per Larsson        
      Viveca Lindahl            Erik Marklund           Pieter Meulenhoff     
      Teemu Murtola              Sander Pronk             Michael Shirts      
      Alfons Sijbers            Balint Soproni         David van der Spoel    
      Peter Tieleman            Carsten Uphoff             Jon Vincent        
     Teemu Virolainen         Christian Wennberg           Maarten Wolf       
      Artem Zhmurov       

                  Coordinated by the GROMACS project leaders:
                           Berk Hess and Erik Lindahl

GROMACS:      gmx mdrun, version 2024.4
Executable:   /usr/local/gromacs/bin/gmx
Data prefix:  /usr/local/gromacs
Working dir:  /home/admin/MMP2_SB3CT_20241209/1l6j_run2
Process ID:   1642769
Command line:
  gmx mdrun -pin on -ntmpi 0 -nb gpu -pme gpu -update gpu -gpu_id 0 -ntomp 16 -v -deffnm nvt

GROMACS version:     2024.4
Precision:           mixed
Memory model:        64 bit
MPI library:         thread_mpi
OpenMP support:      enabled (GMX_OPENMP_MAX_THREADS = 128)
GPU support:         CUDA
NBNxM GPU setup:     super-cluster 2x2x2 / cluster 8
SIMD instructions:   AVX_512
CPU FFT library:     fftw-3.3.8-sse2-avx
GPU FFT library:     cuFFT
Multi-GPU FFT:       none
RDTSCP usage:        enabled
TNG support:         enabled
Hwloc support:       disabled
Tracing support:     disabled
C compiler:          /usr/bin/cc GNU 9.4.0
C compiler flags:    -fexcess-precision=fast -funroll-all-loops -march=skylake-avx512 -Wno-missing-field-initializers -O3 -DNDEBUG
C++ compiler:        /usr/bin/c++ GNU 9.4.0
C++ compiler flags:  -fexcess-precision=fast -funroll-all-loops -march=skylake-avx512 -Wno-missing-field-initializers -Wno-cast-function-type-strict SHELL:-fopenmp -O3 -DNDEBUG
BLAS library:        External - detected on the system
LAPACK library:      External - detected on the system
CUDA compiler:       /usr/local/cuda/bin/nvcc nvcc: NVIDIA (R) Cuda compiler driver;Copyright (c) 2005-2023 NVIDIA Corporation;Built on Fri_Jan__6_16:45:21_PST_2023;Cuda compilation tools, release 12.0, V12.0.140;Build cuda_12.0.r12.0/compiler.32267302_0
CUDA compiler flags:-std=c++17;--generate-code=arch=compute_50,code=sm_50;--generate-code=arch=compute_52,code=sm_52;--generate-code=arch=compute_60,code=sm_60;--generate-code=arch=compute_61,code=sm_61;--generate-code=arch=compute_70,code=sm_70;--generate-code=arch=compute_75,code=sm_75;--generate-code=arch=compute_80,code=sm_80;--generate-code=arch=compute_86,code=sm_86;--generate-code=arch=compute_89,code=sm_89;--generate-code=arch=compute_90,code=sm_90;-Wno-deprecated-gpu-targets;--generate-code=arch=compute_53,code=sm_53;--generate-code=arch=compute_80,code=sm_80;-use_fast_math;-Xptxas;-warn-double-usage;-Xptxas;-Werror;-D_FORCE_INLINES;-Xcompiler;-fopenmp;-fexcess-precision=fast -funroll-all-loops -march=skylake-avx512 -Wno-missing-field-initializers -Wno-cast-function-type-strict SHELL:-fopenmp -O3 -DNDEBUG
CUDA driver:         12.0
CUDA runtime:        12.0


Running on 1 node with total 8 cores, 16 processing units, 1 compatible GPU
Hardware detected on host shavak-DIT400TR-55L:
  CPU info:
    Vendor: Intel
    Brand:  Intel(R) Xeon(R) Gold 6226R CPU @ 2.90GHz
    Family: 6   Model: 85   Stepping: 7
    Features: aes apic avx avx2 avx512f avx512cd avx512bw avx512vl avx512secondFMA clfsh cmov cx8 cx16 f16c fma htt intel lahf mmx msr nonstop_tsc pcid pclmuldq pdcm pdpe1gb popcnt pse rdrnd rdtscp sse2 sse3 sse4.1 sse4.2 ssse3 tdt x2apic
    Number of AVX-512 FMA units: 2
  Hardware topology: Basic
    Packages, cores, and logical processors:
    [indices refer to OS logical processors]
      Package  0: [   0  32] [   1  33] [   2  34] [   3  35]
      Package  1: [  20  52] [  21  53] [  22  54] [  23  55]
    CPU limit set by OS: -1   Recommended max number of threads: 16
  GPU info:
    Number of GPUs detected: 1
    #0: NVIDIA Quadro RTX 5000, compute cap.: 7.5, ECC:  no, stat: compatible


++++ PLEASE READ AND CITE THE FOLLOWING REFERENCE ++++
M. J. Abraham, T. Murtola, R. Schulz, S. Páll, J. C. Smith, B. Hess, E.
Lindahl
GROMACS: High performance molecular simulations through multi-level
parallelism from laptops to supercomputers
SoftwareX 1 (2015) pp. 19-25
-------- -------- --- Thank You --- -------- --------


++++ PLEASE READ AND CITE THE FOLLOWING REFERENCE ++++
S. Páll, M. J. Abraham, C. Kutzner, B. Hess, E. Lindahl
Tackling Exascale Software Challenges in Molecular Dynamics Simulations with
GROMACS
In S. Markidis & E. Laure (Eds.), Solving Software Challenges for Exascale 8759 (2015) pp. 3-27
-------- -------- --- Thank You --- -------- --------


++++ PLEASE READ AND CITE THE FOLLOWING REFERENCE ++++
S. Pronk, S. Páll, R. Schulz, P. Larsson, P. Bjelkmar, R. Apostolov, M. R.
Shirts, J. C. Smith, P. M. Kasson, D. van der Spoel, B. Hess, and E. Lindahl
GROMACS 4.5: a high-throughput and highly parallel open source molecular
simulation toolkit
Bioinformatics 29 (2013) pp. 845-54
-------- -------- --- Thank You --- -------- --------


++++ PLEASE READ AND CITE THE FOLLOWING REFERENCE ++++
B. Hess and C. Kutzner and D. van der Spoel and E. Lindahl
GROMACS 4: Algorithms for highly efficient, load-balanced, and scalable
molecular simulation
J. Chem. Theory Comput. 4 (2008) pp. 435-447
-------- -------- --- Thank You --- -------- --------


++++ PLEASE READ AND CITE THE FOLLOWING REFERENCE ++++
D. van der Spoel, E. Lindahl, B. Hess, G. Groenhof, A. E. Mark and H. J. C.
Berendsen
GROMACS: Fast, Flexible and Free
J. Comp. Chem. 26 (2005) pp. 1701-1719
-------- -------- --- Thank You --- -------- --------


++++ PLEASE READ AND CITE THE FOLLOWING REFERENCE ++++
E. Lindahl and B. Hess and D. van der Spoel
GROMACS 3.0: A package for molecular simulation and trajectory analysis
J. Mol. Mod. 7 (2001) pp. 306-317
-------- -------- --- Thank You --- -------- --------


++++ PLEASE READ AND CITE THE FOLLOWING REFERENCE ++++
H. J. C. Berendsen, D. van der Spoel and R. van Drunen
GROMACS: A message-passing parallel molecular dynamics implementation
Comp. Phys. Comm. 91 (1995) pp. 43-56
-------- -------- --- Thank You --- -------- --------


++++ PLEASE CITE THE DOI FOR THIS VERSION OF GROMACS ++++
https://doi.org/10.5281/zenodo.14016590
-------- -------- --- Thank You --- -------- --------

Input Parameters:
   integrator                     = md
   tinit                          = 0
   dt                             = 0.002
   nsteps                         = 50000
   init-step                      = 0
   simulation-part                = 1
   mts                            = false
   mass-repartition-factor        = 1
   comm-mode                      = Linear
   nstcomm                        = 100
   bd-fric                        = 0
   ld-seed                        = -1151378049
   emtol                          = 10
   emstep                         = 0.01
   niter                          = 20
   fcstep                         = 0
   nstcgsteep                     = 1000
   nbfgscorr                      = 10
   rtpi                           = 0.05
   nstxout                        = 0
   nstvout                        = 0
   nstfout                        = 0
   nstlog                         = 500
   nstcalcenergy                  = 100
   nstenergy                      = 500
   nstxout-compressed             = 500
   compressed-x-precision         = 1000
   cutoff-scheme                  = Verlet
   nstlist                        = 20
   pbc                            = xyz
   periodic-molecules             = false
   verlet-buffer-tolerance        = 0.005
   verlet-buffer-pressure-tolerance = 0.5
   rlist                          = 1.22
   coulombtype                    = PME
   coulomb-modifier               = Potential-shift
   rcoulomb-switch                = 0
   rcoulomb                       = 1.2
   epsilon-r                      = 1
   epsilon-rf                     = inf
   vdw-type                       = Cut-off
   vdw-modifier                   = Force-switch
   rvdw-switch                    = 1
   rvdw                           = 1.2
   DispCorr                       = No
   table-extension                = 1
   fourierspacing                 = 0.16
   fourier-nx                     = 44
   fourier-ny                     = 64
   fourier-nz                     = 56
   pme-order                      = 4
   ewald-rtol                     = 1e-05
   ewald-rtol-lj                  = 0.001
   lj-pme-comb-rule               = Geometric
   ewald-geometry                 = 3d
   epsilon-surface                = 0
   ensemble-temperature-setting   = constant
   ensemble-temperature           = 300
   tcoupl                         = V-rescale
   nsttcouple                     = 10
   nh-chain-length                = 0
   print-nose-hoover-chain-variables = false
   pcoupl                         = No
   refcoord-scaling               = No
   posres-com (3):
      posres-com[0]= 0.00000e+00
      posres-com[1]= 0.00000e+00
      posres-com[2]= 0.00000e+00
   posres-comB (3):
      posres-comB[0]= 0.00000e+00
      posres-comB[1]= 0.00000e+00
      posres-comB[2]= 0.00000e+00
   QMMM                           = false
qm-opts:
   ngQM                           = 0
   constraint-algorithm           = Lincs
   continuation                   = false
   Shake-SOR                      = false
   shake-tol                      = 0.0001
   lincs-order                    = 4
   lincs-iter                     = 1
   lincs-warnangle                = 30
   nwall                          = 0
   wall-type                      = 9-3
   wall-r-linpot                  = -1
   wall-atomtype[0]               = -1
   wall-atomtype[1]               = -1
   wall-density[0]                = 0
   wall-density[1]                = 0
   wall-ewald-zfac                = 3
   pull                           = false
   awh                            = false
   rotation                       = false
   interactiveMD                  = false
   disre                          = No
   disre-weighting                = Conservative
   disre-mixed                    = false
   dr-fc                          = 1000
   dr-tau                         = 0
   nstdisreout                    = 100
   orire-fc                       = 0
   orire-tau                      = 0
   nstorireout                    = 100
   free-energy                    = no
   cos-acceleration               = 0
   deform (3x3):
      deform[    0]={ 0.00000e+00,  0.00000e+00,  0.00000e+00}
      deform[    1]={ 0.00000e+00,  0.00000e+00,  0.00000e+00}
      deform[    2]={ 0.00000e+00,  0.00000e+00,  0.00000e+00}
   simulated-tempering            = false
   swapcoords                     = no
   userint1                       = 0
   userint2                       = 0
   userint3                       = 0
   userint4                       = 0
   userreal1                      = 0
   userreal2                      = 0
   userreal3                      = 0
   userreal4                      = 0
   applied-forces:
     electric-field:
       x:
         E0                       = 0
         omega                    = 0
         t0                       = 0
         sigma                    = 0
       y:
         E0                       = 0
         omega                    = 0
         t0                       = 0
         sigma                    = 0
       z:
         E0                       = 0
         omega                    = 0
         t0                       = 0
         sigma                    = 0
     density-guided-simulation:
       active                     = false
       group                      = protein
       similarity-measure         = inner-product
       atom-spreading-weight      = unity
       force-constant             = 1e+09
       gaussian-transform-spreading-width = 0.2
       gaussian-transform-spreading-range-in-multiples-of-width = 4
       reference-density-filename = reference.mrc
       nst                        = 1
       normalize-densities        = true
       adaptive-force-scaling     = false
       adaptive-force-scaling-time-constant = 4
       shift-vector               = 
       transformation-matrix      = 
     qmmm-cp2k:
       active                     = false
       qmgroup                    = System
       qmmethod                   = PBE
       qmfilenames                = 
       qmcharge                   = 0
       qmmultiplicity             = 1
     colvars:
       active                     = false
       configfile                 = 
       seed                       = -1
grpopts:
   nrdf:     15543.6      104595
   ref-t:         300         300
   tau-t:         0.1         0.1
annealing:          No          No
annealing-npoints:           0           0
   acc:	           0           0           0
   nfreeze:           N           N           N
   energygrp-flags[  0]: 0

Changing nstlist from 20 to 100, rlist from 1.22 to 1.347

Update groups can not be used for this system because atoms that are (in)directly constrained together are interdispersed with other atoms

1 GPU selected for this run.
Mapping of GPU IDs to the 2 GPU tasks in the 1 rank on this node:
  PP:0,PME:0
PP tasks will do (non-perturbed) short-ranged interactions on the GPU
PP task will update and constrain coordinates on the GPU
PME tasks will do all aspects on the GPU
Using 1 MPI thread
Using 16 OpenMP threads 

System total charge: 0.000
Will do PME sum in reciprocal space for electrostatic interactions.

++++ PLEASE READ AND CITE THE FOLLOWING REFERENCE ++++
U. Essmann, L. Perera, M. L. Berkowitz, T. Darden, H. Lee and L. G. Pedersen 
A smooth particle mesh Ewald method
J. Chem. Phys. 103 (1995) pp. 8577-8592
-------- -------- --- Thank You --- -------- --------

Using a Gaussian width (1/beta) of 0.384195 nm for Ewald
Potential shift: LJ r^-12: -2.648e-01 r^-6: -5.349e-01, Ewald -8.333e-06
Initialized non-bonded Coulomb Ewald tables, spacing: 1.02e-03 size: 1176

Generated table with 1173 data points for 1-4 COUL.
Tabscale = 500 points/nm
Generated table with 1173 data points for 1-4 LJ6.
Tabscale = 500 points/nm
Generated table with 1173 data points for 1-4 LJ12.
Tabscale = 500 points/nm


Using GPU 8x8 nonbonded short-range kernels

Using a dual 8x8 pair-list setup updated with dynamic, rolling pruning:
  outer list: updated every 100 steps, buffer 0.147 nm, rlist 1.347 nm
  inner list: updated every  12 steps, buffer 0.002 nm, rlist 1.202 nm
At tolerance 0.005 kJ/mol/ps per atom, equivalent classical 1x1 list would be:
  outer list: updated every 100 steps, buffer 0.294 nm, rlist 1.494 nm
  inner list: updated every  12 steps, buffer 0.051 nm, rlist 1.251 nm

The average pressure is off by at most 0.25 bar due to missing LJ interactions
Removing pbc first time

Overriding thread affinity set outside gmx mdrun

Pinning threads with an auto-selected logical cpu stride of 1

Initializing LINear Constraint Solver

++++ PLEASE READ AND CITE THE FOLLOWING REFERENCE ++++
B. Hess and H. Bekker and H. J. C. Berendsen and J. G. E. M. Fraaije
LINCS: A Linear Constraint Solver for molecular simulations
J. Comp. Chem. 18 (1997) pp. 1463-1472
-------- -------- --- Thank You --- -------- --------

The number of constraints is 2969

++++ PLEASE READ AND CITE THE FOLLOWING REFERENCE ++++
S. Miyamoto and P. A. Kollman
SETTLE: An Analytical Version of the SHAKE and RATTLE Algorithms for Rigid
Water Models
J. Comp. Chem. 13 (1992) pp. 952-962
-------- -------- --- Thank You --- -------- --------


++++ PLEASE READ AND CITE THE FOLLOWING REFERENCE ++++
G. Bussi, D. Donadio and M. Parrinello
Canonical sampling through velocity rescaling
J. Chem. Phys. 126 (2007) pp. 014101
-------- -------- --- Thank You --- -------- --------

There are: 58427 Atoms

Updating coordinates and applying constraints on the GPU.

Constraining the starting coordinates (step 0)

Constraining the coordinates at t0-dt (step 0)
Center of mass motion removal mode is Linear
We have the following groups for center of mass motion removal:
  0:  rest
RMS relative constraint deviation after constraining: 2.94e-06
Initial temperature: 298.625 K

Started mdrun on rank 0 Mon Dec 16 20:38:10 2024

           Step           Time
              0        0.00000

   Energies (kJ/mol)
           Bond          Angle            U-B    Proper Dih.  Improper Dih.
    1.43258e+03    1.18385e+03    5.11236e+03    8.30976e+03    2.39289e+02
      CMAP Dih.          LJ-14     Coulomb-14        LJ (SR)   Coulomb (SR)
   -2.59882e+03    5.39935e+03    6.23734e+04    1.00599e+05   -1.06498e+06
   Coul. recip. Position Rest.      Potential    Kinetic En.   Total Energy
    6.13271e+03    4.38762e-03   -8.76799e+05    1.49172e+05   -7.27627e+05
  Conserved En.    Temperature Pressure (bar)   Constr. rmsd
   -7.27627e+05    2.98676e+02   -3.29269e+03    2.93571e-06

           Step           Time
            500        1.00000

   Energies (kJ/mol)
           Bond          Angle            U-B    Proper Dih.  Improper Dih.
    5.12120e+03    1.21179e+03    1.33555e+04    9.95159e+03    8.69674e+02
      CMAP Dih.          LJ-14     Coulomb-14        LJ (SR)   Coulomb (SR)
   -2.50768e+03    5.63180e+03    6.18773e+04    9.92450e+04   -9.68245e+05
   Coul. recip. Position Rest.      Potential    Kinetic En.   Total Energy
    3.19022e+03    2.49645e+03   -7.67802e+05    1.48713e+05   -6.19089e+05
  Conserved En.    Temperature Pressure (bar)   Constr. rmsd
   -7.25963e+05    2.97757e+02    3.69708e+02    2.93571e-06

           Step           Time
           1000        2.00000

   Energies (kJ/mol)
           Bond          Angle            U-B    Proper Dih.  Improper Dih.
    4.88698e+03    1.24691e+03    1.39266e+04    9.71643e+03    7.69074e+02
      CMAP Dih.          LJ-14     Coulomb-14        LJ (SR)   Coulomb (SR)
   -2.47303e+03    5.64454e+03    6.18349e+04    9.90919e+04   -9.66897e+05
   Coul. recip. Position Rest.      Potential    Kinetic En.   Total Energy
    3.15010e+03    2.40695e+03   -7.66695e+05    1.49338e+05   -6.17357e+05
  Conserved En.    Temperature Pressure (bar)   Constr. rmsd
   -7.25966e+05    2.99007e+02   -2.15841e+02    2.93571e-06

           Step           Time
           1500        3.00000

   Energies (kJ/mol)
           Bond          Angle            U-B    Proper Dih.  Improper Dih.
    5.27292e+03    1.24388e+03    1.36326e+04    9.75055e+03    8.31866e+02
      CMAP Dih.          LJ-14     Coulomb-14        LJ (SR)   Coulomb (SR)
   -2.61716e+03    5.58841e+03    6.18468e+04    9.61709e+04   -9.63869e+05
   Coul. recip. Position Rest.      Potential    Kinetic En.   Total Energy
    3.13743e+03    2.16370e+03   -7.66847e+05    1.50128e+05   -6.16718e+05
  Conserved En.    Temperature Pressure (bar)   Constr. rmsd
   -7.25957e+05    3.00590e+02   -2.18241e+02    2.93571e-06

           Step           Time
           2000        4.00000

   Energies (kJ/mol)
           Bond          Angle            U-B    Proper Dih.  Improper Dih.
    5.06312e+03    1.25309e+03    1.37809e+04    9.57997e+03    7.93945e+02
      CMAP Dih.          LJ-14     Coulomb-14        LJ (SR)   Coulomb (SR)
   -2.54678e+03    5.64166e+03    6.19487e+04    9.61919e+04   -9.65768e+05
   Coul. recip. Position Rest.      Potential    Kinetic En.   Total Energy
    3.15365e+03    2.09995e+03   -7.68808e+05    1.49565e+05   -6.19243e+05
  Conserved En.    Temperature Pressure (bar)   Constr. rmsd
   -7.25933e+05    2.99462e+02    1.05470e+02    2.93571e-06

           Step           Time
           2500        5.00000

   Energies (kJ/mol)
           Bond          Angle            U-B    Proper Dih.  Improper Dih.
    5.22400e+03    1.20153e+03    1.36049e+04    9.68833e+03    8.30151e+02
      CMAP Dih.          LJ-14     Coulomb-14        LJ (SR)   Coulomb (SR)
   -2.50371e+03    5.54291e+03    6.17052e+04    9.64805e+04   -9.65859e+05
   Coul. recip. Position Rest.      Potential    Kinetic En.   Total Energy
    3.18806e+03    2.20010e+03   -7.68697e+05    1.48952e+05   -6.19746e+05
  Conserved En.    Temperature Pressure (bar)   Constr. rmsd
   -7.25926e+05    2.98234e+02   -7.27931e+01    2.93571e-06

           Step           Time
           3000        6.00000

   Energies (kJ/mol)
           Bond          Angle            U-B    Proper Dih.  Improper Dih.
    5.24814e+03    1.21808e+03    1.37060e+04    9.64180e+03    8.96609e+02
      CMAP Dih.          LJ-14     Coulomb-14        LJ (SR)   Coulomb (SR)
   -2.58723e+03    5.59735e+03    6.20153e+04    9.80859e+04   -9.67196e+05
   Coul. recip. Position Rest.      Potential    Kinetic En.   Total Energy
    3.17115e+03    2.13752e+03   -7.68065e+05    1.50602e+05   -6.17464e+05
  Conserved En.    Temperature Pressure (bar)   Constr. rmsd
   -7.25941e+05    3.01538e+02   -3.40774e+02    2.93571e-06

           Step           Time
           3500        7.00000

   Energies (kJ/mol)
           Bond          Angle            U-B    Proper Dih.  Improper Dih.
    4.98885e+03    1.29016e+03    1.40265e+04    9.72972e+03    8.92166e+02
      CMAP Dih.          LJ-14     Coulomb-14        LJ (SR)   Coulomb (SR)
   -2.52431e+03    5.69965e+03    6.21751e+04    9.78670e+04   -9.66547e+05
   Coul. recip. Position Rest.      Potential    Kinetic En.   Total Energy
    3.11342e+03    2.08904e+03   -7.67200e+05    1.50604e+05   -6.16596e+05
  Conserved En.    Temperature Pressure (bar)   Constr. rmsd
   -7.25930e+05    3.01542e+02   -6.21070e+01    2.93571e-06

           Step           Time
           4000        8.00000

   Energies (kJ/mol)
           Bond          Angle            U-B    Proper Dih.  Improper Dih.
    5.12024e+03    1.29423e+03    1.36391e+04    9.55254e+03    8.40030e+02
      CMAP Dih.          LJ-14     Coulomb-14        LJ (SR)   Coulomb (SR)
   -2.51342e+03    5.57525e+03    6.18616e+04    9.74447e+04   -9.67113e+05
   Coul. recip. Position Rest.      Potential    Kinetic En.   Total Energy
    3.13738e+03    2.13793e+03   -7.69024e+05    1.49239e+05   -6.19784e+05
  Conserved En.    Temperature Pressure (bar)   Constr. rmsd
   -7.25933e+05    2.98810e+02    5.59895e+00    2.93571e-06

           Step           Time
           4500        9.00000

   Energies (kJ/mol)
           Bond          Angle            U-B    Proper Dih.  Improper Dih.
    5.07547e+03    1.25601e+03    1.38246e+04    9.55675e+03    8.37489e+02
      CMAP Dih.          LJ-14     Coulomb-14        LJ (SR)   Coulomb (SR)
   -2.54027e+03    5.64462e+03    6.14774e+04    9.73316e+04   -9.67328e+05
   Coul. recip. Position Rest.      Potential    Kinetic En.   Total Energy
    3.15488e+03    2.14894e+03   -7.69561e+05    1.50831e+05   -6.18730e+05
  Conserved En.    Temperature Pressure (bar)   Constr. rmsd
   -7.25960e+05    3.01997e+02   -1.35298e+02    2.93571e-06

           Step           Time
           5000       10.00000

   Energies (kJ/mol)
           Bond          Angle            U-B    Proper Dih.  Improper Dih.
    4.96695e+03    1.23642e+03    1.39446e+04    9.60979e+03    8.44432e+02
      CMAP Dih.          LJ-14     Coulomb-14        LJ (SR)   Coulomb (SR)
   -2.56727e+03    5.58717e+03    6.19740e+04    9.63507e+04   -9.66239e+05
   Coul. recip. Position Rest.      Potential    Kinetic En.   Total Energy
    3.07987e+03    2.13633e+03   -7.69076e+05    1.50077e+05   -6.18999e+05
  Conserved En.    Temperature Pressure (bar)   Constr. rmsd
   -7.25950e+05    3.00488e+02   -7.54470e+01    2.93571e-06

           Step           Time
           5500       11.00000

   Energies (kJ/mol)
           Bond          Angle            U-B    Proper Dih.  Improper Dih.
    5.06256e+03    1.25510e+03    1.39606e+04    9.60129e+03    8.57936e+02
      CMAP Dih.          LJ-14     Coulomb-14        LJ (SR)   Coulomb (SR)
   -2.51560e+03    5.52946e+03    6.21403e+04    9.56974e+04   -9.64731e+05
   Coul. recip. Position Rest.      Potential    Kinetic En.   Total Energy
    3.04161e+03    2.15778e+03   -7.67943e+05    1.50971e+05   -6.16972e+05
  Conserved En.    Temperature Pressure (bar)   Constr. rmsd
   -7.25943e+05    3.02277e+02   -3.36067e+01    2.93571e-06

           Step           Time
           6000       12.00000

   Energies (kJ/mol)
           Bond          Angle            U-B    Proper Dih.  Improper Dih.
    5.13230e+03    1.25594e+03    1.37809e+04    9.60611e+03    8.00618e+02
      CMAP Dih.          LJ-14     Coulomb-14        LJ (SR)   Coulomb (SR)
   -2.52240e+03    5.64276e+03    6.20663e+04    9.68334e+04   -9.66828e+05
   Coul. recip. Position Rest.      Potential    Kinetic En.   Total Energy
    3.11839e+03    2.09518e+03   -7.69019e+05    1.48594e+05   -6.20425e+05
  Conserved En.    Temperature Pressure (bar)   Constr. rmsd
   -7.25911e+05    2.97518e+02   -9.19229e+01    2.93571e-06

step 6200: timed with pme grid 44 64 56, coulomb cutoff 1.200: 232.7 M-cycles
step 6400: timed with pme grid 40 60 52, coulomb cutoff 1.273: 262.3 M-cycles
           Step           Time
           6500       13.00000

   Energies (kJ/mol)
           Bond          Angle            U-B    Proper Dih.  Improper Dih.
    5.15290e+03    1.25761e+03    1.38175e+04    9.59110e+03    9.15097e+02
      CMAP Dih.          LJ-14     Coulomb-14        LJ (SR)   Coulomb (SR)
   -2.53961e+03    5.53279e+03    6.19369e+04    9.74004e+04   -9.66289e+05
   Coul. recip. Position Rest.      Potential    Kinetic En.   Total Energy
    2.57734e+03    2.13015e+03   -7.68517e+05    1.51059e+05   -6.17458e+05
  Conserved En.    Temperature Pressure (bar)   Constr. rmsd
   -7.25954e+05    3.02453e+02   -3.31208e+02    2.93571e-06

step 6600: timed with pme grid 42 60 52, coulomb cutoff 1.263: 268.5 M-cycles
step 6800: timed with pme grid 42 60 56, coulomb cutoff 1.244: 251.9 M-cycles
step 7000: timed with pme grid 42 64 56, coulomb cutoff 1.212: 237.0 M-cycles
           Step           Time
           7000       14.00000

   Energies (kJ/mol)
           Bond          Angle            U-B    Proper Dih.  Improper Dih.
    5.10470e+03    1.26220e+03    1.36854e+04    9.57268e+03    8.07001e+02
      CMAP Dih.          LJ-14     Coulomb-14        LJ (SR)   Coulomb (SR)
   -2.53862e+03    5.57465e+03    6.18942e+04    9.64899e+04   -9.67321e+05
   Coul. recip. Position Rest.      Potential    Kinetic En.   Total Energy
    3.07215e+03    2.21611e+03   -7.70181e+05    1.49432e+05   -6.20749e+05
  Conserved En.    Temperature Pressure (bar)   Constr. rmsd
   -7.25941e+05    2.99196e+02   -4.69831e+02    2.93571e-06

step 7200: timed with pme grid 44 64 56, coulomb cutoff 1.200: 233.3 M-cycles
              optimal pme grid 44 64 56, coulomb cutoff 1.200
           Step           Time
           7500       15.00000

   Energies (kJ/mol)
           Bond          Angle            U-B    Proper Dih.  Improper Dih.
    4.98777e+03    1.27140e+03    1.39743e+04    9.54067e+03    8.44484e+02
      CMAP Dih.          LJ-14     Coulomb-14        LJ (SR)   Coulomb (SR)
   -2.54439e+03    5.63979e+03    6.20403e+04    9.67889e+04   -9.66506e+05
   Coul. recip. Position Rest.      Potential    Kinetic En.   Total Energy
    3.07555e+03    2.16822e+03   -7.68719e+05    1.49703e+05   -6.19016e+05
  Conserved En.    Temperature Pressure (bar)   Constr. rmsd
   -7.25925e+05    2.99737e+02    1.83908e+02    2.93571e-06

           Step           Time
           8000       16.00000

   Energies (kJ/mol)
           Bond          Angle            U-B    Proper Dih.  Improper Dih.
    5.17563e+03    1.22810e+03    1.37727e+04    9.48145e+03    8.40675e+02
      CMAP Dih.          LJ-14     Coulomb-14        LJ (SR)   Coulomb (SR)
   -2.54669e+03    5.65783e+03    6.25547e+04    9.69699e+04   -9.66910e+05
   Coul. recip. Position Rest.      Potential    Kinetic En.   Total Energy
    3.10044e+03    2.21440e+03   -7.68461e+05    1.50207e+05   -6.18254e+05
  Conserved En.    Temperature Pressure (bar)   Constr. rmsd
   -7.25944e+05    3.00748e+02    1.92787e+01    2.93571e-06

           Step           Time
           8500       17.00000

   Energies (kJ/mol)
           Bond          Angle            U-B    Proper Dih.  Improper Dih.
    5.19193e+03    1.23713e+03    1.35763e+04    9.48142e+03    8.10831e+02
      CMAP Dih.          LJ-14     Coulomb-14        LJ (SR)   Coulomb (SR)
   -2.52866e+03    5.48082e+03    6.20235e+04    9.78652e+04   -9.68892e+05
   Coul. recip. Position Rest.      Potential    Kinetic En.   Total Energy
    3.06072e+03    2.11734e+03   -7.70575e+05    1.50151e+05   -6.20424e+05
  Conserved En.    Temperature Pressure (bar)   Constr. rmsd
   -7.25947e+05    3.00635e+02   -2.24490e+02    2.93571e-06

           Step           Time
           9000       18.00000

   Energies (kJ/mol)
           Bond          Angle            U-B    Proper Dih.  Improper Dih.
    5.31558e+03    1.20739e+03    1.40762e+04    9.52469e+03    8.41397e+02
      CMAP Dih.          LJ-14     Coulomb-14        LJ (SR)   Coulomb (SR)
   -2.54120e+03    5.63589e+03    6.18389e+04    9.67352e+04   -9.64642e+05
   Coul. recip. Position Rest.      Potential    Kinetic En.   Total Energy
    3.07567e+03    2.10877e+03   -7.66824e+05    1.51455e+05   -6.15369e+05
  Conserved En.    Temperature Pressure (bar)   Constr. rmsd
   -7.25943e+05    3.03246e+02    3.86272e+01    2.93571e-06

           Step           Time
           9500       19.00000

   Energies (kJ/mol)
           Bond          Angle            U-B    Proper Dih.  Improper Dih.
    5.10364e+03    1.22330e+03    1.38806e+04    9.50409e+03    8.21301e+02
      CMAP Dih.          LJ-14     Coulomb-14        LJ (SR)   Coulomb (SR)
   -2.51918e+03    5.64771e+03    6.17712e+04    9.60236e+04   -9.65689e+05
   Coul. recip. Position Rest.      Potential    Kinetic En.   Total Energy
    3.12078e+03    2.17770e+03   -7.68935e+05    1.50314e+05   -6.18621e+05
  Conserved En.    Temperature Pressure (bar)   Constr. rmsd
   -7.25944e+05    3.00961e+02   -4.98243e+01    2.93571e-06

           Step           Time
          10000       20.00000

   Energies (kJ/mol)
           Bond          Angle            U-B    Proper Dih.  Improper Dih.
    5.16593e+03    1.25582e+03    1.38974e+04    9.55713e+03    8.58369e+02
      CMAP Dih.          LJ-14     Coulomb-14        LJ (SR)   Coulomb (SR)
   -2.49293e+03    5.66808e+03    6.16416e+04    9.64727e+04   -9.66953e+05
   Coul. recip. Position Rest.      Potential    Kinetic En.   Total Energy
    3.06927e+03    2.21246e+03   -7.69647e+05    1.49622e+05   -6.20025e+05
  Conserved En.    Temperature Pressure (bar)   Constr. rmsd
   -7.25902e+05    2.99576e+02   -2.31033e+02    2.93571e-06

           Step           Time
          10500       21.00000

   Energies (kJ/mol)
           Bond          Angle            U-B    Proper Dih.  Improper Dih.
    5.21230e+03    1.29830e+03    1.37692e+04    9.66008e+03    8.68148e+02
      CMAP Dih.          LJ-14     Coulomb-14        LJ (SR)   Coulomb (SR)
   -2.52860e+03    5.55792e+03    6.23160e+04    9.71237e+04   -9.67202e+05
   Coul. recip. Position Rest.      Potential    Kinetic En.   Total Energy
    3.16477e+03    2.18636e+03   -7.68574e+05    1.50246e+05   -6.18328e+05
  Conserved En.    Temperature Pressure (bar)   Constr. rmsd
   -7.25911e+05    3.00826e+02    2.73220e+02    2.93571e-06

           Step           Time
          11000       22.00000

   Energies (kJ/mol)
           Bond          Angle            U-B    Proper Dih.  Improper Dih.
    5.17890e+03    1.23246e+03    1.37998e+04    9.43169e+03    8.51932e+02
      CMAP Dih.          LJ-14     Coulomb-14        LJ (SR)   Coulomb (SR)
   -2.53862e+03    5.54399e+03    6.18711e+04    9.79309e+04   -9.68548e+05
   Coul. recip. Position Rest.      Potential    Kinetic En.   Total Energy
    3.05545e+03    1.99704e+03   -7.70193e+05    1.50016e+05   -6.20177e+05
  Conserved En.    Temperature Pressure (bar)   Constr. rmsd
   -7.25919e+05    3.00366e+02   -7.56824e+01    2.93571e-06

           Step           Time
          11500       23.00000

   Energies (kJ/mol)
           Bond          Angle            U-B    Proper Dih.  Improper Dih.
    5.44433e+03    1.20860e+03    1.37385e+04    9.50275e+03    8.61586e+02
      CMAP Dih.          LJ-14     Coulomb-14        LJ (SR)   Coulomb (SR)
   -2.52929e+03    5.63591e+03    6.14787e+04    9.72160e+04   -9.67874e+05
   Coul. recip. Position Rest.      Potential    Kinetic En.   Total Energy
    3.04602e+03    2.00953e+03   -7.70261e+05    1.50747e+05   -6.19514e+05
  Conserved En.    Temperature Pressure (bar)   Constr. rmsd
   -7.25910e+05    3.01830e+02   -7.10386e+01    2.93571e-06

           Step           Time
          12000       24.00000

   Energies (kJ/mol)
           Bond          Angle            U-B    Proper Dih.  Improper Dih.
    5.18446e+03    1.24168e+03    1.37812e+04    9.55808e+03    8.84620e+02
      CMAP Dih.          LJ-14     Coulomb-14        LJ (SR)   Coulomb (SR)
   -2.48386e+03    5.56861e+03    6.16887e+04    9.76332e+04   -9.68112e+05
   Coul. recip. Position Rest.      Potential    Kinetic En.   Total Energy
    3.09191e+03    2.03880e+03   -7.69925e+05    1.50263e+05   -6.19662e+05
  Conserved En.    Temperature Pressure (bar)   Constr. rmsd
   -7.25908e+05    3.00860e+02    1.13020e+02    2.93571e-06

           Step           Time
          12500       25.00000

   Energies (kJ/mol)
           Bond          Angle            U-B    Proper Dih.  Improper Dih.
    5.22873e+03    1.23131e+03    1.35080e+04    9.62310e+03    9.06027e+02
      CMAP Dih.          LJ-14     Coulomb-14        LJ (SR)   Coulomb (SR)
   -2.54550e+03    5.65282e+03    6.19437e+04    9.70239e+04   -9.68219e+05
   Coul. recip. Position Rest.      Potential    Kinetic En.   Total Energy
    3.09952e+03    2.07448e+03   -7.70473e+05    1.48816e+05   -6.21657e+05
  Conserved En.    Temperature Pressure (bar)   Constr. rmsd
   -7.25864e+05    2.97963e+02    2.46170e+02    2.93571e-06

           Step           Time
          13000       26.00000

   Energies (kJ/mol)
           Bond          Angle            U-B    Proper Dih.  Improper Dih.
    5.38892e+03    1.25021e+03    1.34508e+04    9.48548e+03    8.58868e+02
      CMAP Dih.          LJ-14     Coulomb-14        LJ (SR)   Coulomb (SR)
   -2.52727e+03    5.75944e+03    6.23431e+04    9.81764e+04   -9.67999e+05
   Coul. recip. Position Rest.      Potential    Kinetic En.   Total Energy
    3.15863e+03    2.13585e+03   -7.68518e+05    1.49544e+05   -6.18974e+05
  Conserved En.    Temperature Pressure (bar)   Constr. rmsd
   -7.25881e+05    2.99421e+02   -8.54241e+01    2.93571e-06

           Step           Time
          13500       27.00000

   Energies (kJ/mol)
           Bond          Angle            U-B    Proper Dih.  Improper Dih.
    5.29288e+03    1.26734e+03    1.36673e+04    9.59186e+03    8.86269e+02
      CMAP Dih.          LJ-14     Coulomb-14        LJ (SR)   Coulomb (SR)
   -2.51071e+03    5.59951e+03    6.20254e+04    9.68038e+04   -9.66484e+05
   Coul. recip. Position Rest.      Potential    Kinetic En.   Total Energy
    3.09519e+03    2.17566e+03   -7.68590e+05    1.49026e+05   -6.19564e+05
  Conserved En.    Temperature Pressure (bar)   Constr. rmsd
   -7.25868e+05    2.98383e+02    1.73504e+02    2.93571e-06

           Step           Time
          14000       28.00000

   Energies (kJ/mol)
           Bond          Angle            U-B    Proper Dih.  Improper Dih.
    5.19277e+03    1.25263e+03    1.37085e+04    9.59951e+03    9.11515e+02
      CMAP Dih.          LJ-14     Coulomb-14        LJ (SR)   Coulomb (SR)
   -2.56642e+03    5.57759e+03    6.18438e+04    9.69919e+04   -9.65762e+05
   Coul. recip. Position Rest.      Potential    Kinetic En.   Total Energy
    3.07026e+03    2.08740e+03   -7.68093e+05    1.49543e+05   -6.18550e+05
  Conserved En.    Temperature Pressure (bar)   Constr. rmsd
   -7.25905e+05    2.99417e+02   -9.13906e+01    2.93571e-06

           Step           Time
          14500       29.00000

   Energies (kJ/mol)
           Bond          Angle            U-B    Proper Dih.  Improper Dih.
    5.11427e+03    1.26919e+03    1.36954e+04    9.58529e+03    9.24512e+02
      CMAP Dih.          LJ-14     Coulomb-14        LJ (SR)   Coulomb (SR)
   -2.51670e+03    5.54105e+03    6.21842e+04    9.75258e+04   -9.68477e+05
   Coul. recip. Position Rest.      Potential    Kinetic En.   Total Energy
    3.12277e+03    2.05248e+03   -7.69979e+05    1.49691e+05   -6.20288e+05
  Conserved En.    Temperature Pressure (bar)   Constr. rmsd
   -7.25881e+05    2.99714e+02   -3.91676e+02    2.93571e-06

           Step           Time
          15000       30.00000

   Energies (kJ/mol)
           Bond          Angle            U-B    Proper Dih.  Improper Dih.
    5.33340e+03    1.29182e+03    1.40990e+04    9.37279e+03    8.49078e+02
      CMAP Dih.          LJ-14     Coulomb-14        LJ (SR)   Coulomb (SR)
   -2.48207e+03    5.53087e+03    6.18464e+04    9.64592e+04   -9.65438e+05
   Coul. recip. Position Rest.      Potential    Kinetic En.   Total Energy
    3.10125e+03    2.18440e+03   -7.67852e+05    1.49726e+05   -6.18126e+05
  Conserved En.    Temperature Pressure (bar)   Constr. rmsd
   -7.25851e+05    2.99784e+02   -1.60681e+02    2.93571e-06

           Step           Time
          15500       31.00000

   Energies (kJ/mol)
           Bond          Angle            U-B    Proper Dih.  Improper Dih.
    5.18233e+03    1.24875e+03    1.36557e+04    9.65142e+03    9.26999e+02
      CMAP Dih.          LJ-14     Coulomb-14        LJ (SR)   Coulomb (SR)
   -2.52693e+03    5.60342e+03    6.19678e+04    9.66036e+04   -9.67226e+05
   Coul. recip. Position Rest.      Potential    Kinetic En.   Total Energy
    3.02441e+03    2.09797e+03   -7.69791e+05    1.48589e+05   -6.21201e+05
  Conserved En.    Temperature Pressure (bar)   Constr. rmsd
   -7.25838e+05    2.97509e+02   -2.74793e+02    2.93571e-06

           Step           Time
          16000       32.00000

   Energies (kJ/mol)
           Bond          Angle            U-B    Proper Dih.  Improper Dih.
    5.03787e+03    1.27887e+03    1.37139e+04    9.58311e+03    8.32040e+02
      CMAP Dih.          LJ-14     Coulomb-14        LJ (SR)   Coulomb (SR)
   -2.51031e+03    5.63929e+03    6.22587e+04    9.66548e+04   -9.65848e+05
   Coul. recip. Position Rest.      Potential    Kinetic En.   Total Energy
    3.09350e+03    2.10831e+03   -7.68157e+05    1.48577e+05   -6.19580e+05
  Conserved En.    Temperature Pressure (bar)   Constr. rmsd
   -7.25859e+05    2.97484e+02   -4.30554e+01    2.93571e-06

           Step           Time
          16500       33.00000

   Energies (kJ/mol)
           Bond          Angle            U-B    Proper Dih.  Improper Dih.
    5.30165e+03    1.24838e+03    1.35838e+04    9.50707e+03    9.28899e+02
      CMAP Dih.          LJ-14     Coulomb-14        LJ (SR)   Coulomb (SR)
   -2.50283e+03    5.67791e+03    6.20420e+04    9.76409e+04   -9.68278e+05
   Coul. recip. Position Rest.      Potential    Kinetic En.   Total Energy
    3.02908e+03    2.09429e+03   -7.69727e+05    1.50074e+05   -6.19653e+05
  Conserved En.    Temperature Pressure (bar)   Constr. rmsd
   -7.25874e+05    3.00480e+02   -2.43418e+02    2.93571e-06

           Step           Time
          17000       34.00000

   Energies (kJ/mol)
           Bond          Angle            U-B    Proper Dih.  Improper Dih.
    5.08968e+03    1.28758e+03    1.40717e+04    9.66309e+03    8.36386e+02
      CMAP Dih.          LJ-14     Coulomb-14        LJ (SR)   Coulomb (SR)
   -2.57077e+03    5.57914e+03    6.18867e+04    9.61048e+04   -9.66045e+05
   Coul. recip. Position Rest.      Potential    Kinetic En.   Total Energy
    3.17672e+03    2.07821e+03   -7.68842e+05    1.49975e+05   -6.18867e+05
  Conserved En.    Temperature Pressure (bar)   Constr. rmsd
   -7.25873e+05    3.00283e+02   -1.53953e+02    2.93571e-06

           Step           Time
          17500       35.00000

   Energies (kJ/mol)
           Bond          Angle            U-B    Proper Dih.  Improper Dih.
    5.23396e+03    1.24649e+03    1.39333e+04    9.58014e+03    8.51508e+02
      CMAP Dih.          LJ-14     Coulomb-14        LJ (SR)   Coulomb (SR)
   -2.49848e+03    5.61029e+03    6.19048e+04    9.65540e+04   -9.65127e+05
   Coul. recip. Position Rest.      Potential    Kinetic En.   Total Energy
    3.13223e+03    2.08113e+03   -7.67498e+05    1.49965e+05   -6.17532e+05
  Conserved En.    Temperature Pressure (bar)   Constr. rmsd
   -7.25874e+05    3.00264e+02   -2.84612e+02    2.93571e-06

           Step           Time
          18000       36.00000

   Energies (kJ/mol)
           Bond          Angle            U-B    Proper Dih.  Improper Dih.
    5.17812e+03    1.24917e+03    1.39776e+04    9.43039e+03    8.55307e+02
      CMAP Dih.          LJ-14     Coulomb-14        LJ (SR)   Coulomb (SR)
   -2.55374e+03    5.61716e+03    6.20129e+04    9.62762e+04   -9.66348e+05
   Coul. recip. Position Rest.      Potential    Kinetic En.   Total Energy
    3.16437e+03    2.12672e+03   -7.69014e+05    1.49580e+05   -6.19434e+05
  Conserved En.    Temperature Pressure (bar)   Constr. rmsd
   -7.25848e+05    2.99492e+02    8.93594e+01    2.93571e-06

           Step           Time
          18500       37.00000

   Energies (kJ/mol)
           Bond          Angle            U-B    Proper Dih.  Improper Dih.
    5.14979e+03    1.27464e+03    1.38133e+04    9.47720e+03    8.70475e+02
      CMAP Dih.          LJ-14     Coulomb-14        LJ (SR)   Coulomb (SR)
   -2.53959e+03    5.58315e+03    6.19020e+04    9.77717e+04   -9.69229e+05
   Coul. recip. Position Rest.      Potential    Kinetic En.   Total Energy
    2.96994e+03    2.04239e+03   -7.70914e+05    1.49461e+05   -6.21453e+05
  Conserved En.    Temperature Pressure (bar)   Constr. rmsd
   -7.25874e+05    2.99253e+02   -1.96462e+01    2.93571e-06

           Step           Time
          19000       38.00000

   Energies (kJ/mol)
           Bond          Angle            U-B    Proper Dih.  Improper Dih.
    5.40355e+03    1.23516e+03    1.38013e+04    9.53916e+03    7.75176e+02
      CMAP Dih.          LJ-14     Coulomb-14        LJ (SR)   Coulomb (SR)
   -2.48922e+03    5.64565e+03    6.20780e+04    9.81029e+04   -9.68673e+05
   Coul. recip. Position Rest.      Potential    Kinetic En.   Total Energy
    2.96131e+03    2.17930e+03   -7.69441e+05    1.50299e+05   -6.19142e+05
  Conserved En.    Temperature Pressure (bar)   Constr. rmsd
   -7.25870e+05    3.00931e+02    2.74540e+02    2.93571e-06

           Step           Time
          19500       39.00000

   Energies (kJ/mol)
           Bond          Angle            U-B    Proper Dih.  Improper Dih.
    5.21033e+03    1.24318e+03    1.35854e+04    9.56878e+03    8.52961e+02
      CMAP Dih.          LJ-14     Coulomb-14        LJ (SR)   Coulomb (SR)
   -2.56782e+03    5.65637e+03    6.17272e+04    9.64626e+04   -9.65801e+05
   Coul. recip. Position Rest.      Potential    Kinetic En.   Total Energy
    3.00593e+03    2.22048e+03   -7.68835e+05    1.49974e+05   -6.18861e+05
  Conserved En.    Temperature Pressure (bar)   Constr. rmsd
   -7.25884e+05    3.00281e+02   -7.15275e+01    2.93571e-06

           Step           Time
          20000       40.00000

   Energies (kJ/mol)
           Bond          Angle            U-B    Proper Dih.  Improper Dih.
    5.14877e+03    1.22408e+03    1.38618e+04    9.80487e+03    8.35927e+02
      CMAP Dih.          LJ-14     Coulomb-14        LJ (SR)   Coulomb (SR)
   -2.50082e+03    5.56448e+03    6.18369e+04    9.70029e+04   -9.67721e+05
   Coul. recip. Position Rest.      Potential    Kinetic En.   Total Energy
    3.08582e+03    2.02581e+03   -7.69830e+05    1.50742e+05   -6.19088e+05
  Conserved En.    Temperature Pressure (bar)   Constr. rmsd
   -7.25874e+05    3.01819e+02   -4.07515e+02    2.93571e-06

           Step           Time
          20500       41.00000

   Energies (kJ/mol)
           Bond          Angle            U-B    Proper Dih.  Improper Dih.
    5.32560e+03    1.24706e+03    1.38652e+04    9.55483e+03    8.49843e+02
      CMAP Dih.          LJ-14     Coulomb-14        LJ (SR)   Coulomb (SR)
   -2.55633e+03    5.54231e+03    6.17990e+04    9.56822e+04   -9.65630e+05
   Coul. recip. Position Rest.      Potential    Kinetic En.   Total Energy
    3.13375e+03    2.14212e+03   -7.69044e+05    1.50160e+05   -6.18884e+05
  Conserved En.    Temperature Pressure (bar)   Constr. rmsd
   -7.25837e+05    3.00654e+02   -5.73104e+02    2.93571e-06

           Step           Time
          21000       42.00000

   Energies (kJ/mol)
           Bond          Angle            U-B    Proper Dih.  Improper Dih.
    5.24810e+03    1.23600e+03    1.40144e+04    9.68476e+03    8.88602e+02
      CMAP Dih.          LJ-14     Coulomb-14        LJ (SR)   Coulomb (SR)
   -2.59750e+03    5.52671e+03    6.20225e+04    9.54878e+04   -9.64634e+05
   Coul. recip. Position Rest.      Potential    Kinetic En.   Total Energy
    3.09107e+03    2.18839e+03   -7.67843e+05    1.50199e+05   -6.17644e+05
  Conserved En.    Temperature Pressure (bar)   Constr. rmsd
   -7.25863e+05    3.00731e+02   -2.65102e+02    2.93571e-06

           Step           Time
          21500       43.00000

   Energies (kJ/mol)
           Bond          Angle            U-B    Proper Dih.  Improper Dih.
    5.29004e+03    1.24669e+03    1.37003e+04    9.50293e+03    9.31597e+02
      CMAP Dih.          LJ-14     Coulomb-14        LJ (SR)   Coulomb (SR)
   -2.53342e+03    5.55538e+03    6.18474e+04    9.67261e+04   -9.66599e+05
   Coul. recip. Position Rest.      Potential    Kinetic En.   Total Energy
    3.13632e+03    2.10582e+03   -7.69090e+05    1.49456e+05   -6.19635e+05
  Conserved En.    Temperature Pressure (bar)   Constr. rmsd
   -7.25873e+05    2.99243e+02   -6.48374e+01    2.93571e-06

           Step           Time
          22000       44.00000

   Energies (kJ/mol)
           Bond          Angle            U-B    Proper Dih.  Improper Dih.
    5.12443e+03    1.23536e+03    1.42615e+04    9.65024e+03    8.15672e+02
      CMAP Dih.          LJ-14     Coulomb-14        LJ (SR)   Coulomb (SR)
   -2.57946e+03    5.57096e+03    6.19496e+04    9.63447e+04   -9.65518e+05
   Coul. recip. Position Rest.      Potential    Kinetic En.   Total Energy
    3.12472e+03    1.95828e+03   -7.68062e+05    1.50175e+05   -6.17887e+05
  Conserved En.    Temperature Pressure (bar)   Constr. rmsd
   -7.25826e+05    3.00683e+02    8.40436e+01    2.93571e-06

           Step           Time
          22500       45.00000

   Energies (kJ/mol)
           Bond          Angle            U-B    Proper Dih.  Improper Dih.
    5.09460e+03    1.22975e+03    1.38626e+04    9.53641e+03    8.44544e+02
      CMAP Dih.          LJ-14     Coulomb-14        LJ (SR)   Coulomb (SR)
   -2.53738e+03    5.58322e+03    6.20787e+04    9.60861e+04   -9.66185e+05
   Coul. recip. Position Rest.      Potential    Kinetic En.   Total Energy
    3.08335e+03    2.15485e+03   -7.69168e+05    1.50070e+05   -6.19098e+05
  Conserved En.    Temperature Pressure (bar)   Constr. rmsd
   -7.25875e+05    3.00473e+02   -6.23979e+02    2.93571e-06

           Step           Time
          23000       46.00000

   Energies (kJ/mol)
           Bond          Angle            U-B    Proper Dih.  Improper Dih.
    5.11562e+03    1.22523e+03    1.40158e+04    9.60048e+03    8.29303e+02
      CMAP Dih.          LJ-14     Coulomb-14        LJ (SR)   Coulomb (SR)
   -2.56686e+03    5.58705e+03    6.16893e+04    9.78374e+04   -9.67519e+05
   Coul. recip. Position Rest.      Potential    Kinetic En.   Total Energy
    3.02754e+03    2.19523e+03   -7.68962e+05    1.50142e+05   -6.18820e+05
  Conserved En.    Temperature Pressure (bar)   Constr. rmsd
   -7.25855e+05    3.00618e+02   -1.63296e+02    2.93571e-06

           Step           Time
          23500       47.00000

   Energies (kJ/mol)
           Bond          Angle            U-B    Proper Dih.  Improper Dih.
    5.35218e+03    1.22906e+03    1.38514e+04    9.51963e+03    8.21197e+02
      CMAP Dih.          LJ-14     Coulomb-14        LJ (SR)   Coulomb (SR)
   -2.51204e+03    5.60979e+03    6.15803e+04    9.53578e+04   -9.65968e+05
   Coul. recip. Position Rest.      Potential    Kinetic En.   Total Energy
    3.09480e+03    2.09941e+03   -7.69965e+05    1.49964e+05   -6.20001e+05
  Conserved En.    Temperature Pressure (bar)   Constr. rmsd
   -7.25848e+05    3.00260e+02   -1.99886e+02    2.93571e-06

           Step           Time
          24000       48.00000

   Energies (kJ/mol)
           Bond          Angle            U-B    Proper Dih.  Improper Dih.
    5.29070e+03    1.23251e+03    1.36954e+04    9.63359e+03    8.55856e+02
      CMAP Dih.          LJ-14     Coulomb-14        LJ (SR)   Coulomb (SR)
   -2.55172e+03    5.69510e+03    6.19537e+04    9.69021e+04   -9.67303e+05
   Coul. recip. Position Rest.      Potential    Kinetic En.   Total Energy
    3.16700e+03    2.13328e+03   -7.69295e+05    1.49966e+05   -6.19329e+05
  Conserved En.    Temperature Pressure (bar)   Constr. rmsd
   -7.25861e+05    3.00265e+02   -1.89920e+02    2.93571e-06

           Step           Time
          24500       49.00000

   Energies (kJ/mol)
           Bond          Angle            U-B    Proper Dih.  Improper Dih.
    5.17276e+03    1.25512e+03    1.38201e+04    9.45471e+03    8.30256e+02
      CMAP Dih.          LJ-14     Coulomb-14        LJ (SR)   Coulomb (SR)
   -2.47920e+03    5.61054e+03    6.21896e+04    9.63761e+04   -9.67505e+05
   Coul. recip. Position Rest.      Potential    Kinetic En.   Total Energy
    3.12877e+03    2.10734e+03   -7.70039e+05    1.50854e+05   -6.19186e+05
  Conserved En.    Temperature Pressure (bar)   Constr. rmsd
   -7.25863e+05    3.02043e+02   -1.81150e+02    2.93571e-06

           Step           Time
          25000       50.00000

   Energies (kJ/mol)
           Bond          Angle            U-B    Proper Dih.  Improper Dih.
    5.28891e+03    1.25208e+03    1.37365e+04    9.31188e+03    7.48544e+02
      CMAP Dih.          LJ-14     Coulomb-14        LJ (SR)   Coulomb (SR)
   -2.49062e+03    5.66296e+03    6.20405e+04    9.72677e+04   -9.66314e+05
   Coul. recip. Position Rest.      Potential    Kinetic En.   Total Energy
    3.07305e+03    2.11152e+03   -7.68311e+05    1.50119e+05   -6.18193e+05
  Conserved En.    Temperature Pressure (bar)   Constr. rmsd
   -7.25858e+05    3.00571e+02   -5.51507e+02    2.93571e-06

           Step           Time
          25500       51.00000

   Energies (kJ/mol)
           Bond          Angle            U-B    Proper Dih.  Improper Dih.
    5.27721e+03    1.25889e+03    1.36328e+04    9.39447e+03    8.57122e+02
      CMAP Dih.          LJ-14     Coulomb-14        LJ (SR)   Coulomb (SR)
   -2.54348e+03    5.83663e+03    6.18678e+04    9.47619e+04   -9.64683e+05
   Coul. recip. Position Rest.      Potential    Kinetic En.   Total Energy
    3.15421e+03    2.11351e+03   -7.69072e+05    1.50195e+05   -6.18876e+05
  Conserved En.    Temperature Pressure (bar)   Constr. rmsd
   -7.25826e+05    3.00724e+02   -2.28341e+02    2.93571e-06

           Step           Time
          26000       52.00000

   Energies (kJ/mol)
           Bond          Angle            U-B    Proper Dih.  Improper Dih.
    5.13402e+03    1.21714e+03    1.39583e+04    9.55068e+03    8.26709e+02
      CMAP Dih.          LJ-14     Coulomb-14        LJ (SR)   Coulomb (SR)
   -2.52443e+03    5.60009e+03    6.21949e+04    9.59475e+04   -9.64769e+05
   Coul. recip. Position Rest.      Potential    Kinetic En.   Total Energy
    3.05466e+03    2.08452e+03   -7.67725e+05    1.49925e+05   -6.17800e+05
  Conserved En.    Temperature Pressure (bar)   Constr. rmsd
   -7.25833e+05    3.00183e+02    4.43963e+01    2.93571e-06

           Step           Time
          26500       53.00000

   Energies (kJ/mol)
           Bond          Angle            U-B    Proper Dih.  Improper Dih.
    5.09523e+03    1.26651e+03    1.39726e+04    9.73038e+03    8.69699e+02
      CMAP Dih.          LJ-14     Coulomb-14        LJ (SR)   Coulomb (SR)
   -2.58460e+03    5.70594e+03    6.21753e+04    9.65943e+04   -9.66107e+05
   Coul. recip. Position Rest.      Potential    Kinetic En.   Total Energy
    3.14953e+03    2.01086e+03   -7.68121e+05    1.50723e+05   -6.17399e+05
  Conserved En.    Temperature Pressure (bar)   Constr. rmsd
   -7.25811e+05    3.01780e+02   -1.22455e+02    2.93571e-06

           Step           Time
          27000       54.00000

   Energies (kJ/mol)
           Bond          Angle            U-B    Proper Dih.  Improper Dih.
    5.06979e+03    1.24640e+03    1.41659e+04    9.45288e+03    8.51966e+02
      CMAP Dih.          LJ-14     Coulomb-14        LJ (SR)   Coulomb (SR)
   -2.55475e+03    5.61755e+03    6.20028e+04    9.48170e+04   -9.63981e+05
   Coul. recip. Position Rest.      Potential    Kinetic En.   Total Energy
    3.06208e+03    2.21177e+03   -7.68038e+05    1.50778e+05   -6.17260e+05
  Conserved En.    Temperature Pressure (bar)   Constr. rmsd
   -7.25844e+05    3.01891e+02   -2.00977e+02    2.93571e-06

           Step           Time
          27500       55.00000

   Energies (kJ/mol)
           Bond          Angle            U-B    Proper Dih.  Improper Dih.
    5.11645e+03    1.23936e+03    1.36601e+04    9.52989e+03    8.35970e+02
      CMAP Dih.          LJ-14     Coulomb-14        LJ (SR)   Coulomb (SR)
   -2.55510e+03    5.65609e+03    6.20890e+04    9.52520e+04   -9.63954e+05
   Coul. recip. Position Rest.      Potential    Kinetic En.   Total Energy
    3.07769e+03    2.10122e+03   -7.67952e+05    1.49449e+05   -6.18503e+05
  Conserved En.    Temperature Pressure (bar)   Constr. rmsd
   -7.25834e+05    2.99230e+02   -3.15746e+02    2.93571e-06

           Step           Time
          28000       56.00000

   Energies (kJ/mol)
           Bond          Angle            U-B    Proper Dih.  Improper Dih.
    5.05160e+03    1.23533e+03    1.39903e+04    9.54056e+03    8.36679e+02
      CMAP Dih.          LJ-14     Coulomb-14        LJ (SR)   Coulomb (SR)
   -2.50059e+03    5.62679e+03    6.23788e+04    9.55706e+04   -9.63432e+05
   Coul. recip. Position Rest.      Potential    Kinetic En.   Total Energy
    3.18706e+03    2.11267e+03   -7.66402e+05    1.50615e+05   -6.15787e+05
  Conserved En.    Temperature Pressure (bar)   Constr. rmsd
   -7.25805e+05    3.01565e+02    1.02242e+02    2.93571e-06

           Step           Time
          28500       57.00000

   Energies (kJ/mol)
           Bond          Angle            U-B    Proper Dih.  Improper Dih.
    5.12370e+03    1.29094e+03    1.40100e+04    9.65847e+03    8.47443e+02
      CMAP Dih.          LJ-14     Coulomb-14        LJ (SR)   Coulomb (SR)
   -2.55842e+03    5.63236e+03    6.16991e+04    9.78881e+04   -9.66447e+05
   Coul. recip. Position Rest.      Potential    Kinetic En.   Total Energy
    3.04741e+03    2.21338e+03   -7.67594e+05    1.50369e+05   -6.17225e+05
  Conserved En.    Temperature Pressure (bar)   Constr. rmsd
   -7.25816e+05    3.01073e+02   -1.96884e+00    2.93571e-06

           Step           Time
          29000       58.00000

   Energies (kJ/mol)
           Bond          Angle            U-B    Proper Dih.  Improper Dih.
    5.19380e+03    1.22513e+03    1.35368e+04    9.69973e+03    8.49003e+02
      CMAP Dih.          LJ-14     Coulomb-14        LJ (SR)   Coulomb (SR)
   -2.52963e+03    5.65110e+03    6.20950e+04    9.72368e+04   -9.67265e+05
   Coul. recip. Position Rest.      Potential    Kinetic En.   Total Energy
    3.10531e+03    2.14873e+03   -7.69053e+05    1.50984e+05   -6.18070e+05
  Conserved En.    Temperature Pressure (bar)   Constr. rmsd
   -7.25830e+05    3.02302e+02   -1.40080e+02    2.93571e-06

           Step           Time
          29500       59.00000

   Energies (kJ/mol)
           Bond          Angle            U-B    Proper Dih.  Improper Dih.
    5.17417e+03    1.22811e+03    1.37603e+04    9.46348e+03    8.35405e+02
      CMAP Dih.          LJ-14     Coulomb-14        LJ (SR)   Coulomb (SR)
   -2.44180e+03    5.60190e+03    6.20881e+04    9.83677e+04   -9.68620e+05
   Coul. recip. Position Rest.      Potential    Kinetic En.   Total Energy
    3.08923e+03    2.12252e+03   -7.69330e+05    1.50434e+05   -6.18897e+05
  Conserved En.    Temperature Pressure (bar)   Constr. rmsd
   -7.25819e+05    3.01201e+02    5.33307e+00    2.93571e-06

           Step           Time
          30000       60.00000

   Energies (kJ/mol)
           Bond          Angle            U-B    Proper Dih.  Improper Dih.
    5.23082e+03    1.23661e+03    1.36913e+04    9.61749e+03    8.83378e+02
      CMAP Dih.          LJ-14     Coulomb-14        LJ (SR)   Coulomb (SR)
   -2.57947e+03    5.57594e+03    6.25628e+04    9.71967e+04   -9.67517e+05
   Coul. recip. Position Rest.      Potential    Kinetic En.   Total Energy
    3.13266e+03    2.15759e+03   -7.68811e+05    1.49861e+05   -6.18950e+05
  Conserved En.    Temperature Pressure (bar)   Constr. rmsd
   -7.25796e+05    3.00055e+02    2.42250e+01    2.93571e-06

           Step           Time
          30500       61.00000

   Energies (kJ/mol)
           Bond          Angle            U-B    Proper Dih.  Improper Dih.
    5.21795e+03    1.24958e+03    1.40500e+04    9.51493e+03    8.21961e+02
      CMAP Dih.          LJ-14     Coulomb-14        LJ (SR)   Coulomb (SR)
   -2.47364e+03    5.48182e+03    6.19305e+04    9.65241e+04   -9.66326e+05
   Coul. recip. Position Rest.      Potential    Kinetic En.   Total Energy
    3.14174e+03    2.14922e+03   -7.68717e+05    1.50278e+05   -6.18439e+05
  Conserved En.    Temperature Pressure (bar)   Constr. rmsd
   -7.25823e+05    3.00890e+02   -2.47607e+02    2.93571e-06

           Step           Time
          31000       62.00000

   Energies (kJ/mol)
           Bond          Angle            U-B    Proper Dih.  Improper Dih.
    5.18805e+03    1.25868e+03    1.35942e+04    9.56802e+03    8.34365e+02
      CMAP Dih.          LJ-14     Coulomb-14        LJ (SR)   Coulomb (SR)
   -2.65209e+03    5.56563e+03    6.22303e+04    9.73213e+04   -9.68379e+05
   Coul. recip. Position Rest.      Potential    Kinetic En.   Total Energy
    2.97404e+03    2.21710e+03   -7.70280e+05    1.49828e+05   -6.20452e+05
  Conserved En.    Temperature Pressure (bar)   Constr. rmsd
   -7.25798e+05    2.99989e+02   -8.07450e+01    2.93571e-06

           Step           Time
          31500       63.00000

   Energies (kJ/mol)
           Bond          Angle            U-B    Proper Dih.  Improper Dih.
    5.16942e+03    1.23416e+03    1.39010e+04    9.59547e+03    8.59646e+02
      CMAP Dih.          LJ-14     Coulomb-14        LJ (SR)   Coulomb (SR)
   -2.51370e+03    5.64476e+03    6.20703e+04    9.74077e+04   -9.67412e+05
   Coul. recip. Position Rest.      Potential    Kinetic En.   Total Energy
    3.04072e+03    2.11311e+03   -7.68889e+05    1.50370e+05   -6.18519e+05
  Conserved En.    Temperature Pressure (bar)   Constr. rmsd
   -7.25811e+05    3.01073e+02   -6.08007e+01    2.93571e-06

           Step           Time
          32000       64.00000

   Energies (kJ/mol)
           Bond          Angle            U-B    Proper Dih.  Improper Dih.
    5.13422e+03    1.24589e+03    1.40224e+04    9.66426e+03    8.32390e+02
      CMAP Dih.          LJ-14     Coulomb-14        LJ (SR)   Coulomb (SR)
   -2.54605e+03    5.64823e+03    6.18779e+04    9.61100e+04   -9.65291e+05
   Coul. recip. Position Rest.      Potential    Kinetic En.   Total Energy
    3.21347e+03    2.02193e+03   -7.68066e+05    1.51403e+05   -6.16663e+05
  Conserved En.    Temperature Pressure (bar)   Constr. rmsd
   -7.25787e+05    3.03142e+02   -1.12965e+02    2.93571e-06

           Step           Time
          32500       65.00000

   Energies (kJ/mol)
           Bond          Angle            U-B    Proper Dih.  Improper Dih.
    5.32577e+03    1.24891e+03    1.38646e+04    9.55640e+03    8.35826e+02
      CMAP Dih.          LJ-14     Coulomb-14        LJ (SR)   Coulomb (SR)
   -2.52766e+03    5.60758e+03    6.18181e+04    9.45008e+04   -9.63140e+05
   Coul. recip. Position Rest.      Potential    Kinetic En.   Total Energy
    2.95438e+03    2.17783e+03   -7.67778e+05    1.51390e+05   -6.16387e+05
  Conserved En.    Temperature Pressure (bar)   Constr. rmsd
   -7.25812e+05    3.03117e+02   -6.15529e+02    2.93571e-06

           Step           Time
          33000       66.00000

   Energies (kJ/mol)
           Bond          Angle            U-B    Proper Dih.  Improper Dih.
    4.96214e+03    1.29476e+03    1.40725e+04    9.55209e+03    8.43229e+02
      CMAP Dih.          LJ-14     Coulomb-14        LJ (SR)   Coulomb (SR)
   -2.49071e+03    5.70445e+03    6.17600e+04    9.88990e+04   -9.69973e+05
   Coul. recip. Position Rest.      Potential    Kinetic En.   Total Energy
    3.09135e+03    2.10428e+03   -7.70180e+05    1.50518e+05   -6.19661e+05
  Conserved En.    Temperature Pressure (bar)   Constr. rmsd
   -7.25802e+05    3.01371e+02    1.48313e+02    2.93571e-06

           Step           Time
          33500       67.00000

   Energies (kJ/mol)
           Bond          Angle            U-B    Proper Dih.  Improper Dih.
    5.05438e+03    1.22731e+03    1.39460e+04    9.69731e+03    7.92767e+02
      CMAP Dih.          LJ-14     Coulomb-14        LJ (SR)   Coulomb (SR)
   -2.50330e+03    5.58234e+03    6.17509e+04    9.64956e+04   -9.65917e+05
   Coul. recip. Position Rest.      Potential    Kinetic En.   Total Energy
    3.13355e+03    2.09136e+03   -7.68649e+05    1.51209e+05   -6.17440e+05
  Conserved En.    Temperature Pressure (bar)   Constr. rmsd
   -7.25844e+05    3.02753e+02   -1.10292e+01    2.93571e-06

           Step           Time
          34000       68.00000

   Energies (kJ/mol)
           Bond          Angle            U-B    Proper Dih.  Improper Dih.
    5.01402e+03    1.24587e+03    1.36579e+04    9.48964e+03    8.56788e+02
      CMAP Dih.          LJ-14     Coulomb-14        LJ (SR)   Coulomb (SR)
   -2.56703e+03    5.60892e+03    6.20800e+04    9.73070e+04   -9.67723e+05
   Coul. recip. Position Rest.      Potential    Kinetic En.   Total Energy
    3.08704e+03    2.14870e+03   -7.69794e+05    1.49609e+05   -6.20184e+05
  Conserved En.    Temperature Pressure (bar)   Constr. rmsd
   -7.25818e+05    2.99551e+02   -2.76835e+02    2.93571e-06

           Step           Time
          34500       69.00000

   Energies (kJ/mol)
           Bond          Angle            U-B    Proper Dih.  Improper Dih.
    5.10142e+03    1.24218e+03    1.39418e+04    9.50403e+03    8.50085e+02
      CMAP Dih.          LJ-14     Coulomb-14        LJ (SR)   Coulomb (SR)
   -2.60852e+03    5.61323e+03    6.16736e+04    9.53659e+04   -9.64860e+05
   Coul. recip. Position Rest.      Potential    Kinetic En.   Total Energy
    3.06017e+03    2.08084e+03   -7.69035e+05    1.49307e+05   -6.19728e+05
  Conserved En.    Temperature Pressure (bar)   Constr. rmsd
   -7.25817e+05    2.98946e+02   -3.47443e+00    2.93571e-06

           Step           Time
          35000       70.00000

   Energies (kJ/mol)
           Bond          Angle            U-B    Proper Dih.  Improper Dih.
    5.30225e+03    1.25133e+03    1.39204e+04    9.61048e+03    8.10432e+02
      CMAP Dih.          LJ-14     Coulomb-14        LJ (SR)   Coulomb (SR)
   -2.55585e+03    5.60154e+03    6.18625e+04    9.51820e+04   -9.64813e+05
   Coul. recip. Position Rest.      Potential    Kinetic En.   Total Energy
    2.99461e+03    2.12555e+03   -7.68708e+05    1.50446e+05   -6.18261e+05
  Conserved En.    Temperature Pressure (bar)   Constr. rmsd
   -7.25771e+05    3.01227e+02   -3.81938e+02    2.93571e-06

           Step           Time
          35500       71.00000

   Energies (kJ/mol)
           Bond          Angle            U-B    Proper Dih.  Improper Dih.
    5.35993e+03    1.20325e+03    1.36710e+04    9.37965e+03    7.98178e+02
      CMAP Dih.          LJ-14     Coulomb-14        LJ (SR)   Coulomb (SR)
   -2.54041e+03    5.55053e+03    6.19237e+04    9.63674e+04   -9.65865e+05
   Coul. recip. Position Rest.      Potential    Kinetic En.   Total Energy
    3.01511e+03    2.23828e+03   -7.68898e+05    1.50347e+05   -6.18551e+05
  Conserved En.    Temperature Pressure (bar)   Constr. rmsd
   -7.25795e+05    3.01029e+02   -3.32196e+02    2.93571e-06

           Step           Time
          36000       72.00000

   Energies (kJ/mol)
           Bond          Angle            U-B    Proper Dih.  Improper Dih.
    5.09990e+03    1.24333e+03    1.41984e+04    9.37417e+03    8.13885e+02
      CMAP Dih.          LJ-14     Coulomb-14        LJ (SR)   Coulomb (SR)
   -2.45406e+03    5.70665e+03    6.19415e+04    9.61306e+04   -9.66319e+05
   Coul. recip. Position Rest.      Potential    Kinetic En.   Total Energy
    3.05559e+03    2.15209e+03   -7.69057e+05    1.51222e+05   -6.17835e+05
  Conserved En.    Temperature Pressure (bar)   Constr. rmsd
   -7.25783e+05    3.02779e+02   -2.13512e+02    2.93571e-06

           Step           Time
          36500       73.00000

   Energies (kJ/mol)
           Bond          Angle            U-B    Proper Dih.  Improper Dih.
    5.10522e+03    1.25654e+03    1.39812e+04    9.66928e+03    8.96593e+02
      CMAP Dih.          LJ-14     Coulomb-14        LJ (SR)   Coulomb (SR)
   -2.48428e+03    5.65761e+03    6.19755e+04    9.69791e+04   -9.67692e+05
   Coul. recip. Position Rest.      Potential    Kinetic En.   Total Energy
    2.94549e+03    2.02767e+03   -7.69682e+05    1.49754e+05   -6.19929e+05
  Conserved En.    Temperature Pressure (bar)   Constr. rmsd
   -7.25750e+05    2.99840e+02    2.90629e+01    2.93571e-06

           Step           Time
          37000       74.00000

   Energies (kJ/mol)
           Bond          Angle            U-B    Proper Dih.  Improper Dih.
    4.96730e+03    1.24331e+03    1.39495e+04    9.52924e+03    8.02820e+02
      CMAP Dih.          LJ-14     Coulomb-14        LJ (SR)   Coulomb (SR)
   -2.53146e+03    5.49582e+03    6.20705e+04    9.64723e+04   -9.68300e+05
   Coul. recip. Position Rest.      Potential    Kinetic En.   Total Energy
    3.06235e+03    2.14782e+03   -7.71091e+05    1.48108e+05   -6.22983e+05
  Conserved En.    Temperature Pressure (bar)   Constr. rmsd
   -7.25757e+05    2.96544e+02   -5.02810e+02    2.93571e-06

           Step           Time
          37500       75.00000

   Energies (kJ/mol)
           Bond          Angle            U-B    Proper Dih.  Improper Dih.
    5.61263e+03    1.24890e+03    1.37913e+04    9.45088e+03    8.47354e+02
      CMAP Dih.          LJ-14     Coulomb-14        LJ (SR)   Coulomb (SR)
   -2.49930e+03    5.57020e+03    6.18456e+04    9.76167e+04   -9.67012e+05
   Coul. recip. Position Rest.      Potential    Kinetic En.   Total Energy
    3.00682e+03    2.15185e+03   -7.68369e+05    1.50141e+05   -6.18228e+05
  Conserved En.    Temperature Pressure (bar)   Constr. rmsd
   -7.25769e+05    3.00616e+02   -9.88430e+01    2.93571e-06

           Step           Time
          38000       76.00000

   Energies (kJ/mol)
           Bond          Angle            U-B    Proper Dih.  Improper Dih.
    5.13424e+03    1.28831e+03    1.37517e+04    9.58290e+03    8.50519e+02
      CMAP Dih.          LJ-14     Coulomb-14        LJ (SR)   Coulomb (SR)
   -2.51581e+03    5.61148e+03    6.20471e+04    9.59088e+04   -9.66611e+05
   Coul. recip. Position Rest.      Potential    Kinetic En.   Total Energy
    3.03069e+03    2.16855e+03   -7.69753e+05    1.49720e+05   -6.20032e+05
  Conserved En.    Temperature Pressure (bar)   Constr. rmsd
   -7.25774e+05    2.99773e+02   -2.92930e+02    2.93571e-06

           Step           Time
          38500       77.00000

   Energies (kJ/mol)
           Bond          Angle            U-B    Proper Dih.  Improper Dih.
    5.24405e+03    1.22977e+03    1.40542e+04    9.57904e+03    8.50487e+02
      CMAP Dih.          LJ-14     Coulomb-14        LJ (SR)   Coulomb (SR)
   -2.64449e+03    5.58280e+03    6.18749e+04    9.57882e+04   -9.67059e+05
   Coul. recip. Position Rest.      Potential    Kinetic En.   Total Energy
    2.98214e+03    2.02255e+03   -7.70496e+05    1.49710e+05   -6.20786e+05
  Conserved En.    Temperature Pressure (bar)   Constr. rmsd
   -7.25757e+05    2.99752e+02   -4.62027e+02    2.93571e-06

           Step           Time
          39000       78.00000

   Energies (kJ/mol)
           Bond          Angle            U-B    Proper Dih.  Improper Dih.
    5.14117e+03    1.21933e+03    1.37309e+04    9.60342e+03    9.55324e+02
      CMAP Dih.          LJ-14     Coulomb-14        LJ (SR)   Coulomb (SR)
   -2.53525e+03    5.57286e+03    6.15293e+04    9.68690e+04   -9.66901e+05
   Coul. recip. Position Rest.      Potential    Kinetic En.   Total Energy
    3.08451e+03    2.13870e+03   -7.69591e+05    1.49750e+05   -6.19841e+05
  Conserved En.    Temperature Pressure (bar)   Constr. rmsd
   -7.25751e+05    2.99833e+02   -1.87518e+02    2.93571e-06

           Step           Time
          39500       79.00000

   Energies (kJ/mol)
           Bond          Angle            U-B    Proper Dih.  Improper Dih.
    5.25706e+03    1.19966e+03    1.40863e+04    9.57899e+03    8.26061e+02
      CMAP Dih.          LJ-14     Coulomb-14        LJ (SR)   Coulomb (SR)
   -2.59743e+03    5.62067e+03    6.16423e+04    9.79769e+04   -9.67141e+05
   Coul. recip. Position Rest.      Potential    Kinetic En.   Total Energy
    3.10650e+03    2.01239e+03   -7.68432e+05    1.49515e+05   -6.18917e+05
  Conserved En.    Temperature Pressure (bar)   Constr. rmsd
   -7.25729e+05    2.99362e+02   -5.77533e+00    2.93571e-06

           Step           Time
          40000       80.00000

   Energies (kJ/mol)
           Bond          Angle            U-B    Proper Dih.  Improper Dih.
    5.15188e+03    1.23971e+03    1.36978e+04    9.54713e+03    9.09735e+02
      CMAP Dih.          LJ-14     Coulomb-14        LJ (SR)   Coulomb (SR)
   -2.50632e+03    5.60976e+03    6.19481e+04    9.52185e+04   -9.65599e+05
   Coul. recip. Position Rest.      Potential    Kinetic En.   Total Energy
    3.07939e+03    2.23377e+03   -7.69470e+05    1.49368e+05   -6.20102e+05
  Conserved En.    Temperature Pressure (bar)   Constr. rmsd
   -7.25755e+05    2.99067e+02   -2.85852e+02    2.93571e-06

           Step           Time
          40500       81.00000

   Energies (kJ/mol)
           Bond          Angle            U-B    Proper Dih.  Improper Dih.
    5.18715e+03    1.24160e+03    1.40308e+04    9.57346e+03    8.48058e+02
      CMAP Dih.          LJ-14     Coulomb-14        LJ (SR)   Coulomb (SR)
   -2.56690e+03    5.52787e+03    6.18711e+04    9.74356e+04   -9.67566e+05
   Coul. recip. Position Rest.      Potential    Kinetic En.   Total Energy
    2.97306e+03    2.13305e+03   -7.69311e+05    1.49350e+05   -6.19961e+05
  Conserved En.    Temperature Pressure (bar)   Constr. rmsd
   -7.25735e+05    2.99031e+02    2.27037e+02    2.93571e-06

           Step           Time
          41000       82.00000

   Energies (kJ/mol)
           Bond          Angle            U-B    Proper Dih.  Improper Dih.
    5.02058e+03    1.24432e+03    1.37742e+04    9.34361e+03    8.42615e+02
      CMAP Dih.          LJ-14     Coulomb-14        LJ (SR)   Coulomb (SR)
   -2.58333e+03    5.61113e+03    6.20607e+04    9.71516e+04   -9.67675e+05
   Coul. recip. Position Rest.      Potential    Kinetic En.   Total Energy
    3.15824e+03    2.13989e+03   -7.69912e+05    1.49396e+05   -6.20516e+05
  Conserved En.    Temperature Pressure (bar)   Constr. rmsd
   -7.25766e+05    2.99123e+02   -2.48470e+02    2.93571e-06

           Step           Time
          41500       83.00000

   Energies (kJ/mol)
           Bond          Angle            U-B    Proper Dih.  Improper Dih.
    5.04409e+03    1.25185e+03    1.39367e+04    9.57827e+03    8.91017e+02
      CMAP Dih.          LJ-14     Coulomb-14        LJ (SR)   Coulomb (SR)
   -2.56597e+03    5.70342e+03    6.21742e+04    9.57664e+04   -9.65184e+05
   Coul. recip. Position Rest.      Potential    Kinetic En.   Total Energy
    3.15415e+03    2.04207e+03   -7.68208e+05    1.49321e+05   -6.18887e+05
  Conserved En.    Temperature Pressure (bar)   Constr. rmsd
   -7.25715e+05    2.98973e+02   -2.50967e+02    2.93571e-06

           Step           Time
          42000       84.00000

   Energies (kJ/mol)
           Bond          Angle            U-B    Proper Dih.  Improper Dih.
    5.06785e+03    1.24082e+03    1.38407e+04    9.57866e+03    8.73376e+02
      CMAP Dih.          LJ-14     Coulomb-14        LJ (SR)   Coulomb (SR)
   -2.50580e+03    5.67986e+03    6.20372e+04    9.84639e+04   -9.68388e+05
   Coul. recip. Position Rest.      Potential    Kinetic En.   Total Energy
    3.15714e+03    2.11068e+03   -7.68843e+05    1.49864e+05   -6.18979e+05
  Conserved En.    Temperature Pressure (bar)   Constr. rmsd
   -7.25722e+05    3.00060e+02    5.20244e+01    2.93571e-06

           Step           Time
          42500       85.00000

   Energies (kJ/mol)
           Bond          Angle            U-B    Proper Dih.  Improper Dih.
    5.09766e+03    1.22868e+03    1.37231e+04    9.34993e+03    9.26195e+02
      CMAP Dih.          LJ-14     Coulomb-14        LJ (SR)   Coulomb (SR)
   -2.57699e+03    5.55898e+03    6.18840e+04    9.73571e+04   -9.68922e+05
   Coul. recip. Position Rest.      Potential    Kinetic En.   Total Energy
    3.00848e+03    2.01168e+03   -7.71354e+05    1.48792e+05   -6.22561e+05
  Conserved En.    Temperature Pressure (bar)   Constr. rmsd
   -7.25723e+05    2.97914e+02   -3.32134e+02    2.93571e-06

           Step           Time
          43000       86.00000

   Energies (kJ/mol)
           Bond          Angle            U-B    Proper Dih.  Improper Dih.
    5.40340e+03    1.24782e+03    1.35107e+04    9.49656e+03    8.61283e+02
      CMAP Dih.          LJ-14     Coulomb-14        LJ (SR)   Coulomb (SR)
   -2.56572e+03    5.60162e+03    6.21460e+04    9.66390e+04   -9.66373e+05
   Coul. recip. Position Rest.      Potential    Kinetic En.   Total Energy
    3.05074e+03    2.09951e+03   -7.68882e+05    1.49921e+05   -6.18961e+05
  Conserved En.    Temperature Pressure (bar)   Constr. rmsd
   -7.25746e+05    3.00175e+02   -9.25254e+01    2.93571e-06

           Step           Time
          43500       87.00000

   Energies (kJ/mol)
           Bond          Angle            U-B    Proper Dih.  Improper Dih.
    5.20957e+03    1.20366e+03    1.36664e+04    9.31683e+03    8.15069e+02
      CMAP Dih.          LJ-14     Coulomb-14        LJ (SR)   Coulomb (SR)
   -2.53494e+03    5.62299e+03    6.18639e+04    9.62387e+04   -9.66564e+05
   Coul. recip. Position Rest.      Potential    Kinetic En.   Total Energy
    2.98449e+03    2.18290e+03   -7.69994e+05    1.49913e+05   -6.20082e+05
  Conserved En.    Temperature Pressure (bar)   Constr. rmsd
   -7.25753e+05    3.00158e+02   -2.81662e+02    2.93571e-06

           Step           Time
          44000       88.00000

   Energies (kJ/mol)
           Bond          Angle            U-B    Proper Dih.  Improper Dih.
    5.27600e+03    1.25109e+03    1.39525e+04    9.36627e+03    8.50929e+02
      CMAP Dih.          LJ-14     Coulomb-14        LJ (SR)   Coulomb (SR)
   -2.60463e+03    5.54895e+03    6.16808e+04    9.71826e+04   -9.67386e+05
   Coul. recip. Position Rest.      Potential    Kinetic En.   Total Energy
    3.03779e+03    2.13115e+03   -7.69712e+05    1.49130e+05   -6.20582e+05
  Conserved En.    Temperature Pressure (bar)   Constr. rmsd
   -7.25723e+05    2.98592e+02   -3.87192e+01    2.93571e-06

           Step           Time
          44500       89.00000

   Energies (kJ/mol)
           Bond          Angle            U-B    Proper Dih.  Improper Dih.
    5.37805e+03    1.26406e+03    1.38969e+04    9.44554e+03    8.52166e+02
      CMAP Dih.          LJ-14     Coulomb-14        LJ (SR)   Coulomb (SR)
   -2.51236e+03    5.54251e+03    6.15391e+04    9.62366e+04   -9.65732e+05
   Coul. recip. Position Rest.      Potential    Kinetic En.   Total Energy
    2.97502e+03    2.10789e+03   -7.69007e+05    1.49255e+05   -6.19752e+05
  Conserved En.    Temperature Pressure (bar)   Constr. rmsd
   -7.25724e+05    2.98841e+02   -4.67950e+01    2.93571e-06

           Step           Time
          45000       90.00000

   Energies (kJ/mol)
           Bond          Angle            U-B    Proper Dih.  Improper Dih.
    5.09065e+03    1.27637e+03    1.36512e+04    9.44496e+03    8.37456e+02
      CMAP Dih.          LJ-14     Coulomb-14        LJ (SR)   Coulomb (SR)
   -2.51372e+03    5.58502e+03    6.20459e+04    9.72809e+04   -9.67996e+05
   Coul. recip. Position Rest.      Potential    Kinetic En.   Total Energy
    3.00404e+03    2.19647e+03   -7.70097e+05    1.49922e+05   -6.20176e+05
  Conserved En.    Temperature Pressure (bar)   Constr. rmsd
   -7.25736e+05    3.00176e+02   -2.01084e+02    2.93571e-06

           Step           Time
          45500       91.00000

   Energies (kJ/mol)
           Bond          Angle            U-B    Proper Dih.  Improper Dih.
    4.98924e+03    1.29686e+03    1.37529e+04    9.57342e+03    8.99794e+02
      CMAP Dih.          LJ-14     Coulomb-14        LJ (SR)   Coulomb (SR)
   -2.63442e+03    5.66389e+03    6.23230e+04    9.78788e+04   -9.67950e+05
   Coul. recip. Position Rest.      Potential    Kinetic En.   Total Energy
    3.04472e+03    2.02938e+03   -7.69132e+05    1.50689e+05   -6.18443e+05
  Conserved En.    Temperature Pressure (bar)   Constr. rmsd
   -7.25726e+05    3.01713e+02    3.10594e+02    2.93571e-06

           Step           Time
          46000       92.00000

   Energies (kJ/mol)
           Bond          Angle            U-B    Proper Dih.  Improper Dih.
    5.22605e+03    1.27402e+03    1.40643e+04    9.56830e+03    8.29072e+02
      CMAP Dih.          LJ-14     Coulomb-14        LJ (SR)   Coulomb (SR)
   -2.49903e+03    5.53730e+03    6.20638e+04    9.61412e+04   -9.66428e+05
   Coul. recip. Position Rest.      Potential    Kinetic En.   Total Energy
    3.07817e+03    2.18227e+03   -7.68963e+05    1.50770e+05   -6.18193e+05
  Conserved En.    Temperature Pressure (bar)   Constr. rmsd
   -7.25726e+05    3.01874e+02   -2.93361e+02    2.93571e-06

           Step           Time
          46500       93.00000

   Energies (kJ/mol)
           Bond          Angle            U-B    Proper Dih.  Improper Dih.
    5.26827e+03    1.27957e+03    1.37439e+04    9.58375e+03    8.52507e+02
      CMAP Dih.          LJ-14     Coulomb-14        LJ (SR)   Coulomb (SR)
   -2.56506e+03    5.56637e+03    6.24136e+04    9.79346e+04   -9.67591e+05
   Coul. recip. Position Rest.      Potential    Kinetic En.   Total Energy
    3.13343e+03    2.09187e+03   -7.68288e+05    1.49560e+05   -6.18729e+05
  Conserved En.    Temperature Pressure (bar)   Constr. rmsd
   -7.25714e+05    2.99451e+02   -2.05262e+02    2.93571e-06

           Step           Time
          47000       94.00000

   Energies (kJ/mol)
           Bond          Angle            U-B    Proper Dih.  Improper Dih.
    5.25776e+03    1.27222e+03    1.35653e+04    9.47272e+03    7.78034e+02
      CMAP Dih.          LJ-14     Coulomb-14        LJ (SR)   Coulomb (SR)
   -2.52231e+03    5.47889e+03    6.21863e+04    9.73942e+04   -9.67721e+05
   Coul. recip. Position Rest.      Potential    Kinetic En.   Total Energy
    3.06372e+03    2.17699e+03   -7.69597e+05    1.49297e+05   -6.20300e+05
  Conserved En.    Temperature Pressure (bar)   Constr. rmsd
   -7.25731e+05    2.98926e+02   -2.45342e+02    2.93571e-06

           Step           Time
          47500       95.00000

   Energies (kJ/mol)
           Bond          Angle            U-B    Proper Dih.  Improper Dih.
    5.26016e+03    1.27043e+03    1.35707e+04    9.50959e+03    8.32643e+02
      CMAP Dih.          LJ-14     Coulomb-14        LJ (SR)   Coulomb (SR)
   -2.56675e+03    5.61367e+03    6.20444e+04    9.53928e+04   -9.66932e+05
   Coul. recip. Position Rest.      Potential    Kinetic En.   Total Energy
    3.03110e+03    2.17881e+03   -7.70795e+05    1.50641e+05   -6.20153e+05
  Conserved En.    Temperature Pressure (bar)   Constr. rmsd
   -7.25736e+05    3.01617e+02   -1.19257e+02    2.93571e-06

           Step           Time
          48000       96.00000

   Energies (kJ/mol)
           Bond          Angle            U-B    Proper Dih.  Improper Dih.
    5.03206e+03    1.25649e+03    1.38720e+04    9.59328e+03    8.96512e+02
      CMAP Dih.          LJ-14     Coulomb-14        LJ (SR)   Coulomb (SR)
   -2.57664e+03    5.83525e+03    6.19988e+04    9.72275e+04   -9.67916e+05
   Coul. recip. Position Rest.      Potential    Kinetic En.   Total Energy
    3.07960e+03    2.05953e+03   -7.69642e+05    1.49231e+05   -6.20411e+05
  Conserved En.    Temperature Pressure (bar)   Constr. rmsd
   -7.25711e+05    2.98794e+02    6.19177e+01    2.93571e-06

           Step           Time
          48500       97.00000

   Energies (kJ/mol)
           Bond          Angle            U-B    Proper Dih.  Improper Dih.
    5.38866e+03    1.23690e+03    1.38454e+04    9.56068e+03    8.05863e+02
      CMAP Dih.          LJ-14     Coulomb-14        LJ (SR)   Coulomb (SR)
   -2.48327e+03    5.59595e+03    6.19019e+04    9.66852e+04   -9.66741e+05
   Coul. recip. Position Rest.      Potential    Kinetic En.   Total Energy
    3.13212e+03    2.14642e+03   -7.68926e+05    1.49289e+05   -6.19637e+05
  Conserved En.    Temperature Pressure (bar)   Constr. rmsd
   -7.25712e+05    2.98909e+02   -2.30117e+02    2.93571e-06

           Step           Time
          49000       98.00000

   Energies (kJ/mol)
           Bond          Angle            U-B    Proper Dih.  Improper Dih.
    5.42693e+03    1.21655e+03    1.37678e+04    9.52169e+03    8.68007e+02
      CMAP Dih.          LJ-14     Coulomb-14        LJ (SR)   Coulomb (SR)
   -2.59558e+03    5.59620e+03    6.21503e+04    9.74805e+04   -9.69241e+05
   Coul. recip. Position Rest.      Potential    Kinetic En.   Total Energy
    3.06855e+03    2.17211e+03   -7.70568e+05    1.49350e+05   -6.21218e+05
  Conserved En.    Temperature Pressure (bar)   Constr. rmsd
   -7.25688e+05    2.99032e+02   -2.02174e+02    2.93571e-06

           Step           Time
          49500       99.00000

   Energies (kJ/mol)
           Bond          Angle            U-B    Proper Dih.  Improper Dih.
    5.14523e+03    1.24535e+03    1.41370e+04    9.50807e+03    8.38092e+02
      CMAP Dih.          LJ-14     Coulomb-14        LJ (SR)   Coulomb (SR)
   -2.51982e+03    5.45463e+03    6.17673e+04    9.77736e+04   -9.69064e+05
   Coul. recip. Position Rest.      Potential    Kinetic En.   Total Energy
    3.10399e+03    1.99844e+03   -7.70612e+05    1.48707e+05   -6.21905e+05
  Conserved En.    Temperature Pressure (bar)   Constr. rmsd
   -7.25713e+05    2.97744e+02   -1.30346e+02    2.93571e-06

           Step           Time
          50000      100.00000

Writing checkpoint, step 50000 at Mon Dec 16 20:38:53 2024


   Energies (kJ/mol)
           Bond          Angle            U-B    Proper Dih.  Improper Dih.
    5.42697e+03    1.25180e+03    1.41025e+04    9.54798e+03    9.06478e+02
      CMAP Dih.          LJ-14     Coulomb-14        LJ (SR)   Coulomb (SR)
   -2.53142e+03    5.75043e+03    6.16494e+04    9.70972e+04   -9.66223e+05
   Coul. recip. Position Rest.      Potential    Kinetic En.   Total Energy
    3.12382e+03    2.08173e+03   -7.67816e+05    1.50196e+05   -6.17620e+05
  Conserved En.    Temperature Pressure (bar)   Constr. rmsd
   -7.25700e+05    3.00726e+02    3.53696e+01    2.93571e-06


Energy conservation over simulation part #1 of length 100 ps, time 0 to 100 ps
  Conserved energy drift: 3.30e-04 kJ/mol/ps per atom


	<======  ###############  ==>
	<====  A V E R A G E S  ====>
	<==  ###############  ======>

	Statistics over 50001 steps using 501 frames

   Energies (kJ/mol)
           Bond          Angle            U-B    Proper Dih.  Improper Dih.
    5.17439e+03    1.24492e+03    1.38020e+04    9.55315e+03    8.53642e+02
      CMAP Dih.          LJ-14     Coulomb-14        LJ (SR)   Coulomb (SR)
   -2.53096e+03    5.60515e+03    6.19462e+04    9.69089e+04   -9.67052e+05
   Coul. recip. Position Rest.      Potential    Kinetic En.   Total Energy
    3.08870e+03    2.12369e+03   -7.69283e+05    1.49795e+05   -6.19487e+05
  Conserved En.    Temperature Pressure (bar)   Constr. rmsd
   -7.25839e+05    2.99923e+02   -1.58652e+02    0.00000e+00

   Total Virial (kJ/mol)
    5.26568e+04    1.21113e+02    1.13692e+02
    1.21109e+02    5.27686e+04    1.45649e+02
    1.13688e+02    1.45633e+02    5.28447e+04

   Pressure (bar)
   -1.52854e+02   -6.51201e+00   -7.60263e+00
   -6.51182e+00   -1.60285e+02   -7.35860e+00
   -7.60238e+00   -7.35767e+00   -1.62816e+02

T-Protein_LIG_ZN2T-Water_and_ions
    3.00150e+02    2.99889e+02


	M E G A - F L O P S   A C C O U N T I N G

 NB=Group-cutoff nonbonded kernels    NxN=N-by-N cluster Verlet kernels
 RF=Reaction-Field  VdW=Van der Waals  QSTab=quadratic-spline table
 W3=SPC/TIP3p  W4=TIP4p (single or pairs)
 V&F=Potential and force  V=Potential only  F=Force only

 Computing:                               M-Number         M-Flops  % Flops
-----------------------------------------------------------------------------
 Pair Search distance check            3638.917824       32750.260     0.0
 NxN Ewald Elec. + LJ [F]           3759052.169664   293206069.234    98.2
 NxN Ewald Elec. + LJ [V&F]           38045.950656     4907927.635     1.6
 1,4 nonbonded interactions             811.516230       73036.461     0.0
 Shift-X                                 29.271927         175.632     0.0
 Bonds                                  165.353307        9755.845     0.0
 Angles                                   5.000100         840.017     0.0
 Propers                                700.414008      160394.808     0.1
 Impropers                               50.901018       10587.412     0.0
 Pos. Restr.                            160.103202        8005.160     0.0
 Virial                                  29.294472         527.300     0.0
 Stop-CM                                 29.330354         293.304     0.0
 Calc-Ekin                              584.386854       15778.445     0.0
 Lincs                                    0.005938           0.356     0.0
 Lincs-Mat                                0.027840           0.111     0.0
 Constraint-V                             0.058108           0.523     0.0
 Settle                                   0.034780          12.869     0.0
 CMAP                                    20.150403       34255.685     0.0
 Urey-Bradley                           557.661153      102051.991     0.0
-----------------------------------------------------------------------------
 Total                                               298562463.047   100.0
-----------------------------------------------------------------------------


      R E A L   C Y C L E   A N D   T I M E   A C C O U N T I N G

On 1 MPI rank, each using 16 OpenMP threads

 Activity:              Num   Num      Call    Wall time         Giga-Cycles
                        Ranks Threads  Count      (s)         total sum    %
--------------------------------------------------------------------------------
 Neighbor search           1   16        501       2.171        100.749   5.0
 Launch PP GPU ops.        1   16      99501       2.301        106.760   5.3
 Force                     1   16      50001      17.632        818.105  40.8
 PME GPU mesh              1   16      50001       2.118         98.267   4.9
 Wait GPU NB local         1   16      50001       0.716         33.211   1.7
 Wait GPU state copy       1   16      62003      14.921        692.334  34.5
 NB X/F buffer ops.        1   16        501       0.040          1.863   0.1
 Write traj.               1   16        101       0.533         24.752   1.2
 Constraints               1   16          2       0.000          0.020   0.0
 Rest                                              2.755        127.838   6.4
--------------------------------------------------------------------------------
 Total                                            43.187       2003.899 100.0
--------------------------------------------------------------------------------
 Breakdown of PME mesh activities
--------------------------------------------------------------------------------
 Wait PME GPU gather       1   16      50001       0.100          4.630   0.2
 Reduce GPU PME F          1   16      50001       0.012          0.556   0.0
 Launch PME GPU ops.       1   16     400015       1.933         89.697   4.5
--------------------------------------------------------------------------------

               Core t (s)   Wall t (s)        (%)
       Time:      690.850       43.187     1599.7
                 (ns/day)    (hour/ns)
Performance:      200.062        0.120
Finished mdrun on rank 0 Mon Dec 16 20:38:53 2024

