2025-04-29 08:45:28,540 [MainThread  ] [INFO ]                 :-) GROMACS - gmx solvate, 2024.5-conda_forge (-:

Executable:   /home/arunima/.conda/envs/biobb_wf_protein-complex_md_setup/bin.AVX2_256/gmx
Data prefix:  /home/arunima/.conda/envs/biobb_wf_protein-complex_md_setup
Working dir:  /home/arunima/gitrepos/gromacs_sims/Antimicrobial_Peptides/Pseudomonas_antibiotics/simulation/ndxgyra1996C
Command line:
  gmx -nobackup -nocopyright solvate -cp /home/arunima/gitrepos/gromacs_sims/Antimicrobial_Peptides/Pseudomonas_antibiotics/simulation/ndxgyra1996C/2675390c-ae89-4c21-a725-52838902fb02/prot_ndxgyra1996C_NDX_complex_editconf.gro -cs spc216.gro -o /home/arunima/gitrepos/gromacs_sims/Antimicrobial_Peptides/Pseudomonas_antibiotics/simulation/ndxgyra1996C/2675390c-ae89-4c21-a725-52838902fb02/prot_ndxgyra1996C_NDX_solvate.gro -p 6bfccce0-733d-4bdd-924f-c29e15678fd9/ligand.top

Reading solute configuration
Reading solvent configuration

Initialising inter-atomic distances...
Generating solvent configuration
Will generate new solvent configuration of 10x10x8 boxes
Solvent box contains 481200 atoms in 160400 residues
Removed 28518 solvent atoms due to solvent-solvent overlap
Removed 13488 solvent atoms due to solute-solvent overlap
Sorting configuration
Found 1 molecule type:
    SOL (   3 atoms): 146398 residues
Generated solvent containing 439194 atoms in 146398 residues
Writing generated configuration to /home/arunima/gitrepos/gromacs_sims/Antimicrobial_Peptides/Pseudomonas_antibiotics/simulation/ndxgyra1996C/2675390c-ae89-4c21-a725-52838902fb02/prot_ndxgyra1996C_NDX_solvate.gro

Output configuration contains 453492 atoms in 147322 residues
Volume                 :     4601.22 (nm^3)
Density                :     990.955 (g/l)
Number of solvent molecules:  146398   

Processing topology

GROMACS reminds you: "Those who cannot remember the past are condemned to compute it." (Steve Pinker)


