2025-04-29 09:19:04,150 [MainThread  ] [INFO ]  Executing biobb_gromacs.gromacs.make_ndx Version: 4.2.0
2025-04-29 09:19:04,203 [MainThread  ] [INFO ]  Copy: prot_ndxgyra1996C_NDX_min.gro to /home/arunima/gitrepos/gromacs_sims/Antimicrobial_Peptides/Pseudomonas_antibiotics/simulation/ndxgyra1996C/4292e624-088f-46cc-b0d7-0310226c7513
2025-04-29 09:19:04,206 [MainThread  ] [INFO ]  Copy: /home/arunima/gitrepos/gromacs_sims/Antimicrobial_Peptides/Pseudomonas_antibiotics/simulation/ndxgyra1996C/46743631-f275-47c0-8f36-8804b7e1ab0d.stdin to /home/arunima/gitrepos/gromacs_sims/Antimicrobial_Peptides/Pseudomonas_antibiotics/simulation/ndxgyra1996C/4292e624-088f-46cc-b0d7-0310226c7513
2025-04-29 09:19:04,206 [MainThread  ] [INFO ]  gmx -nobackup -nocopyright make_ndx -f /home/arunima/gitrepos/gromacs_sims/Antimicrobial_Peptides/Pseudomonas_antibiotics/simulation/ndxgyra1996C/4292e624-088f-46cc-b0d7-0310226c7513/prot_ndxgyra1996C_NDX_min.gro -o /home/arunima/gitrepos/gromacs_sims/Antimicrobial_Peptides/Pseudomonas_antibiotics/simulation/ndxgyra1996C/4292e624-088f-46cc-b0d7-0310226c7513/prot_ndxgyra1996C_NDX_index.ndx < /home/arunima/gitrepos/gromacs_sims/Antimicrobial_Peptides/Pseudomonas_antibiotics/simulation/ndxgyra1996C/4292e624-088f-46cc-b0d7-0310226c7513/46743631-f275-47c0-8f36-8804b7e1ab0d.stdin

2025-04-29 09:19:05,637 [MainThread  ] [INFO ]  Exit code 0

2025-04-29 09:19:05,637 [MainThread  ] [INFO ]  Going to read 0 old index file(s)
Analysing residue names:
There are:   923    Protein residues
There are:     1      Other residues
There are: 146355      Water residues
There are:    43        Ion residues
Analysing Protein...
Analysing residues not classified as Protein/DNA/RNA/Water and splitting into groups...

  0 System              : 453406 atoms
  1 Protein             : 14257 atoms
  2 Protein-H           :  7100 atoms
  3 C-alpha             :   923 atoms
  4 Backbone            :  2769 atoms
  5 MainChain           :  3693 atoms
  6 MainChain+Cb        :  4533 atoms
  7 MainChain+H         :  4580 atoms
  8 SideChain           :  9677 atoms
  9 SideChain-H         :  3407 atoms
 10 Prot-Masses         : 14257 atoms
 11 non-Protein         : 439149 atoms
 12 Other               :    41 atoms
 13 NDX                 :    41 atoms
 14 NA                  :    43 atoms
 15 Water               : 439065 atoms
 16 SOL                 : 439065 atoms
 17 non-Water           : 14341 atoms
 18 Ion                 :    43 atoms
 19 Water_and_ions      : 439108 atoms

 nr : group      '!': not  'name' nr name   'splitch' nr    Enter: list groups
 'a': atom       '&': and  'del' nr         'splitres' nr   'l': list residues
 't': atom type  '|': or   'keep' nr        'splitat' nr    'h': help
 'r': residue              'res' nr         'chain' char
 "name": group             'case': case sensitive           'q': save and quit
 'ri': residue index

> 
Copied index group 1 'Protein'
Copied index group 12 'Other'
Merged two groups with OR: 14257 41 -> 14298

> 

2025-04-29 09:19:05,712 [MainThread  ] [INFO ]  Removed: ['/home/arunima/gitrepos/gromacs_sims/Antimicrobial_Peptides/Pseudomonas_antibiotics/simulation/ndxgyra1996C/4292e624-088f-46cc-b0d7-0310226c7513', '/home/arunima/gitrepos/gromacs_sims/Antimicrobial_Peptides/Pseudomonas_antibiotics/simulation/ndxgyra1996C/46743631-f275-47c0-8f36-8804b7e1ab0d.stdin']
