2025-04-29 08:44:51,261 [MainThread  ] [INFO ]  Executing biobb_model.model.fix_side_chain Version: 4.2.0
2025-04-29 08:44:51,279 [MainThread  ] [INFO ]  Copy: prot_ndxgyra1996C.pdb to /home/arunima/gitrepos/gromacs_sims/Antimicrobial_Peptides/Pseudomonas_antibiotics/simulation/ndxgyra1996C/091e0539-c074-493f-9d10-d8a9bb6be6f7
2025-04-29 08:44:51,279 [MainThread  ] [INFO ]  check_structure -i /home/arunima/gitrepos/gromacs_sims/Antimicrobial_Peptides/Pseudomonas_antibiotics/simulation/ndxgyra1996C/091e0539-c074-493f-9d10-d8a9bb6be6f7/prot_ndxgyra1996C.pdb -o /home/arunima/gitrepos/gromacs_sims/Antimicrobial_Peptides/Pseudomonas_antibiotics/simulation/ndxgyra1996C/091e0539-c074-493f-9d10-d8a9bb6be6f7/prot_ndxgyra1996C_fixed.pdb --force_save fixside --fix ALL

2025-04-29 08:44:51,953 [MainThread  ] [INFO ]  Exit code 0

2025-04-29 08:44:51,953 [MainThread  ] [INFO ]  ================================================================================
=                   BioBB structure checking utility v3.13.4                   =
=            P. Andrio, A. Hospital, G. Bayarri, J.L. Gelpi 2018-23            =
================================================================================

Warning: sequence features may not be available, use --sequence for  external fasta input
Structure /home/arunima/gitrepos/gromacs_sims/Antimicrobial_Peptides/Pseudomonas_antibiotics/simulation/ndxgyra1996C/091e0539-c074-493f-9d10-d8a9bb6be6f7/prot_ndxgyra1996C.pdb loaded
 PDB id:  
 Title: 
 Experimental method: unknown
 Resolution (A): N.A.

 Num. models: 1
 Num. chains: 1 (A: Protein)
 Num. residues:  923
 Num. residues with ins. codes:  0
 Num. residues with H atoms: 923 (total 923 H atoms)
 Num. HETATM residues:  0
 Num. ligands or modified residues:  0
 Num. water mol.:  0
 Num. atoms:  8023
Running fixside. Options: --fix ALL
Found no residues with missing or unknown side chain atoms
Structure not modified, saving due to --force_save option
Final Num. models: 1
Final Num. chains: 1 (A: Protein)
Final Num. residues:  923
Final Num. residues with ins. codes:  0
Final Num. residues with H atoms: 923 (total 923 H atoms)
Final Num. HETATM residues:  0
Final Num. ligands or modified residues:  0
Final Num. water mol.:  0
Final Num. atoms:  8023
Structure saved on /home/arunima/gitrepos/gromacs_sims/Antimicrobial_Peptides/Pseudomonas_antibiotics/simulation/ndxgyra1996C/091e0539-c074-493f-9d10-d8a9bb6be6f7/prot_ndxgyra1996C_fixed.pdb

2025-04-29 08:44:51,963 [MainThread  ] [INFO ]  Removed: ['/home/arunima/gitrepos/gromacs_sims/Antimicrobial_Peptides/Pseudomonas_antibiotics/simulation/ndxgyra1996C/091e0539-c074-493f-9d10-d8a9bb6be6f7']
