2025-04-29 08:45:22,684 [MainThread  ] [INFO ]  Executing biobb_gromacs.gromacs.make_ndx Version: 4.2.0
2025-04-29 08:45:22,688 [MainThread  ] [INFO ]  Copy: NDXparams.gro to /home/arunima/gitrepos/gromacs_sims/Antimicrobial_Peptides/Pseudomonas_antibiotics/simulation/ndxgyra1996C/fe92439e-74bf-408c-b283-65db1e6b5909
2025-04-29 08:45:22,691 [MainThread  ] [INFO ]  Copy: /home/arunima/gitrepos/gromacs_sims/Antimicrobial_Peptides/Pseudomonas_antibiotics/simulation/ndxgyra1996C/ae60ac92-0eb5-4d83-b415-50ca5a09a137.stdin to /home/arunima/gitrepos/gromacs_sims/Antimicrobial_Peptides/Pseudomonas_antibiotics/simulation/ndxgyra1996C/fe92439e-74bf-408c-b283-65db1e6b5909
2025-04-29 08:45:22,691 [MainThread  ] [INFO ]  gmx -nobackup -nocopyright make_ndx -f /home/arunima/gitrepos/gromacs_sims/Antimicrobial_Peptides/Pseudomonas_antibiotics/simulation/ndxgyra1996C/fe92439e-74bf-408c-b283-65db1e6b5909/NDXparams.gro -o /home/arunima/gitrepos/gromacs_sims/Antimicrobial_Peptides/Pseudomonas_antibiotics/simulation/ndxgyra1996C/fe92439e-74bf-408c-b283-65db1e6b5909/NDX_index.ndx < /home/arunima/gitrepos/gromacs_sims/Antimicrobial_Peptides/Pseudomonas_antibiotics/simulation/ndxgyra1996C/fe92439e-74bf-408c-b283-65db1e6b5909/ae60ac92-0eb5-4d83-b415-50ca5a09a137.stdin

2025-04-29 08:45:22,728 [MainThread  ] [INFO ]  Exit code 0

2025-04-29 08:45:22,729 [MainThread  ] [INFO ]  Going to read 0 old index file(s)
Analysing residue names:
There are:     1      Other residues
Analysing residues not classified as Protein/DNA/RNA/Water and splitting into groups...

  0 System              :    41 atoms
  1 Other               :    41 atoms
  2 NDX                 :    41 atoms

 nr : group      '!': not  'name' nr name   'splitch' nr    Enter: list groups
 'a': atom       '&': and  'del' nr         'splitres' nr   'l': list residues
 't': atom type  '|': or   'keep' nr        'splitat' nr    'h': help
 'r': residue              'res' nr         'chain' char
 "name": group             'case': case sensitive           'q': save and quit
 'ri': residue index

> 
Copied index group 0 'System'
Found 24 atoms with name H*
Complemented group: 17 atoms
Merged two groups with AND: 41 17 -> 17

> 

2025-04-29 08:45:22,734 [MainThread  ] [INFO ]  Removed: ['/home/arunima/gitrepos/gromacs_sims/Antimicrobial_Peptides/Pseudomonas_antibiotics/simulation/ndxgyra1996C/fe92439e-74bf-408c-b283-65db1e6b5909', '/home/arunima/gitrepos/gromacs_sims/Antimicrobial_Peptides/Pseudomonas_antibiotics/simulation/ndxgyra1996C/ae60ac92-0eb5-4d83-b415-50ca5a09a137.stdin']
