                :-) GROMACS - gmx mdrun, 2024.4-conda_forge (-:

Copyright 1991-2024 The GROMACS Authors.
GROMACS is free software; you can redistribute it and/or modify it
under the terms of the GNU Lesser General Public License
as published by the Free Software Foundation; either version 2.1
of the License, or (at your option) any later version.

                         Current GROMACS contributors:
       Mark Abraham           Andrey Alekseenko           Vladimir Basov      
      Cathrine Bergh            Eliane Briand               Ania Brown        
      Mahesh Doijade            Giacomo Fiorin          Stefan Fleischmann    
      Sergey Gorelov         Gilles Gouaillardet            Alan Gray         
     M. Eric Irrgang         Farzaneh Jalalypour            Joe Jordan        
     Carsten Kutzner           Justin A. Lemkul          Magnus Lundborg      
       Pascal Merz              Vedran Miletic            Dmitry Morozov      
       Julien Nabet              Szilard Pall        Andrea Pasquadibisceglie 
    Michele Pellegrino          Hubert Santuz             Roland Schulz       
     Tatiana Shugaeva          Alexey Shvetsov            Philip Turner       
     Alessandra Villa      Sebastian Wingbermuehle  

                         Previous GROMACS contributors:
        Emile Apol             Rossen Apostolov           James Barnett       
        Paul Bauer          Herman J.C. Berendsen          Par Bjelkmar       
      Christian Blau          Viacheslav Bolnykh            Kevin Boyd        
    Aldert van Buuren          Carlo Camilloni           Rudi van Drunen      
      Anton Feenstra           Oliver Fleetwood            Vytas Gapsys       
       Gaurav Garg             Gerrit Groenhof            Bert de Groot       
      Anca Hamuraru           Vincent Hindriksen          Victor Holanda      
     Aleksei Iupinov          Christoph Junghans        Prashanth Kanduri     
   Dimitrios Karkoulis           Peter Kasson             Sebastian Kehl      
     Sebastian Keller             Jiri Kraus               Per Larsson        
      Viveca Lindahl            Erik Marklund           Pieter Meulenhoff     
      Teemu Murtola              Sander Pronk             Michael Shirts      
      Alfons Sijbers            Balint Soproni         David van der Spoel    
      Peter Tieleman            Carsten Uphoff             Jon Vincent        
     Teemu Virolainen         Christian Wennberg           Maarten Wolf       
      Artem Zhmurov       

                  Coordinated by the GROMACS project leaders:
                           Berk Hess and Erik Lindahl

GROMACS:      gmx mdrun, version 2024.4-conda_forge
Executable:   /usr/local/bin.AVX2_256/gmx
Data prefix:  /usr/local
Working dir:  /host_pwd/molecular_dynamics/dna_sequence_52_peptide_model_0_worst/em
Process ID:   22781
Command line:
  gmx mdrun -s dna_sequence_52_peptide_model_0_worst.tpr -deffnm dna_sequence_52_peptide_model_0_worst -nt 16 -ntmpi 0 -nsteps -2 -nocopyright -gpu_id 0

GROMACS version:     2024.4-conda_forge
Precision:           mixed
Memory model:        64 bit
MPI library:         thread_mpi
OpenMP support:      enabled (GMX_OPENMP_MAX_THREADS = 128)
GPU support:         CUDA
NBNxM GPU setup:     super-cluster 2x2x2 / cluster 8
SIMD instructions:   AVX2_256
CPU FFT library:     fftw-3.3.10-sse2-avx
GPU FFT library:     cuFFT
Multi-GPU FFT:       none
RDTSCP usage:        disabled
TNG support:         enabled
Hwloc support:       disabled
Tracing support:     disabled
C compiler:          /home/conda/feedstock_root/build_artifacts/gromacs_1730738703188/_build_env/bin/x86_64-conda-linux-gnu-cc GNU 11.4.0
C compiler flags:    -fexcess-precision=fast -funroll-all-loops -mavx2 -mfma -Wno-missing-field-initializers -O3 -DNDEBUG
C++ compiler:        /home/conda/feedstock_root/build_artifacts/gromacs_1730738703188/_build_env/bin/x86_64-conda-linux-gnu-c++ GNU 11.4.0
C++ compiler flags:  -fexcess-precision=fast -funroll-all-loops -mavx2 -mfma -Wno-missing-field-initializers -Wno-cast-function-type-strict SHELL:-fopenmp -O3 -DNDEBUG
BLAS library:        Internal
LAPACK library:      Internal
CUDA compiler:       /usr/local/cuda/bin/nvcc nvcc: NVIDIA (R) Cuda compiler driver;Copyright (c) 2005-2022 NVIDIA Corporation;Built on Wed_Sep_21_10:33:58_PDT_2022;Cuda compilation tools, release 11.8, V11.8.89;Build cuda_11.8.r11.8/compiler.31833905_0
CUDA compiler flags:-std=c++17;--generate-code=arch=compute_35,code=sm_35;--generate-code=arch=compute_37,code=sm_37;--generate-code=arch=compute_50,code=sm_50;--generate-code=arch=compute_52,code=sm_52;--generate-code=arch=compute_60,code=sm_60;--generate-code=arch=compute_61,code=sm_61;--generate-code=arch=compute_70,code=sm_70;--generate-code=arch=compute_75,code=sm_75;--generate-code=arch=compute_80,code=sm_80;--generate-code=arch=compute_86,code=sm_86;--generate-code=arch=compute_89,code=sm_89;--generate-code=arch=compute_90,code=sm_90;-Wno-deprecated-gpu-targets;--generate-code=arch=compute_53,code=sm_53;--generate-code=arch=compute_80,code=sm_80;-use_fast_math;-Xptxas;-warn-double-usage;-Xptxas;-Werror;;-Xcompiler;-fopenmp;-fexcess-precision=fast -funroll-all-loops -mavx2 -mfma -Wno-missing-field-initializers -Wno-cast-function-type-strict SHELL:-fopenmp -O3 -DNDEBUG
CUDA driver:         12.20
CUDA runtime:        11.80


Running on 1 node with total 16 cores, 16 processing units, 1 compatible GPU
Hardware detected on host Weiman-HP-Z8-G4:
  CPU info:
    Vendor: Intel
    Brand:  Intel(R) Xeon(R) Bronze 3106 CPU @ 1.70GHz
    Family: 6   Model: 85   Stepping: 4
    Features: aes apic avx avx2 avx512f avx512cd avx512bw avx512vl clfsh cmov cx8 cx16 f16c fma hle htt intel lahf mmx msr nonstop_tsc pcid pclmuldq pdcm pdpe1gb popcnt pse rdrnd rdtscp rtm sse2 sse3 sse4.1 sse4.2 ssse3 tdt x2apic
    Number of AVX-512 FMA units: 1 (For Intel, AVX2 is faster w/o 2 AVX-512 FMA units)
  Hardware topology: Basic
    Packages, cores, and logical processors:
    [indices refer to OS logical processors]
      Package  0: [   0] [   1] [   2] [   3] [   4] [   5] [   6] [   7]
      Package  1: [   8] [   9] [  10] [  11] [  12] [  13] [  14] [  15]
    CPU limit set by OS: -1   Recommended max number of threads: 16
  GPU info:
    Number of GPUs detected: 1
    #0: NVIDIA Quadro P1000, compute cap.: 6.1, ECC:  no, stat: compatible

The current CPU can measure timings more accurately than the code in
gmx mdrun was configured to use. This might affect your simulation
speed as accurate timings are needed for load-balancing.
Please consider rebuilding gmx mdrun with the GMX_USE_RDTSCP=ON CMake option.

++++ PLEASE READ AND CITE THE FOLLOWING REFERENCE ++++
M. J. Abraham, T. Murtola, R. Schulz, S. Páll, J. C. Smith, B. Hess, E.
Lindahl
GROMACS: High performance molecular simulations through multi-level
parallelism from laptops to supercomputers
SoftwareX 1 (2015) pp. 19-25
-------- -------- --- Thank You --- -------- --------


++++ PLEASE READ AND CITE THE FOLLOWING REFERENCE ++++
S. Páll, M. J. Abraham, C. Kutzner, B. Hess, E. Lindahl
Tackling Exascale Software Challenges in Molecular Dynamics Simulations with
GROMACS
In S. Markidis & E. Laure (Eds.), Solving Software Challenges for Exascale 8759 (2015) pp. 3-27
-------- -------- --- Thank You --- -------- --------


++++ PLEASE READ AND CITE THE FOLLOWING REFERENCE ++++
S. Pronk, S. Páll, R. Schulz, P. Larsson, P. Bjelkmar, R. Apostolov, M. R.
Shirts, J. C. Smith, P. M. Kasson, D. van der Spoel, B. Hess, and E. Lindahl
GROMACS 4.5: a high-throughput and highly parallel open source molecular
simulation toolkit
Bioinformatics 29 (2013) pp. 845-54
-------- -------- --- Thank You --- -------- --------


++++ PLEASE READ AND CITE THE FOLLOWING REFERENCE ++++
B. Hess and C. Kutzner and D. van der Spoel and E. Lindahl
GROMACS 4: Algorithms for highly efficient, load-balanced, and scalable
molecular simulation
J. Chem. Theory Comput. 4 (2008) pp. 435-447
-------- -------- --- Thank You --- -------- --------


++++ PLEASE READ AND CITE THE FOLLOWING REFERENCE ++++
D. van der Spoel, E. Lindahl, B. Hess, G. Groenhof, A. E. Mark and H. J. C.
Berendsen
GROMACS: Fast, Flexible and Free
J. Comp. Chem. 26 (2005) pp. 1701-1719
-------- -------- --- Thank You --- -------- --------


++++ PLEASE READ AND CITE THE FOLLOWING REFERENCE ++++
E. Lindahl and B. Hess and D. van der Spoel
GROMACS 3.0: A package for molecular simulation and trajectory analysis
J. Mol. Mod. 7 (2001) pp. 306-317
-------- -------- --- Thank You --- -------- --------


++++ PLEASE READ AND CITE THE FOLLOWING REFERENCE ++++
H. J. C. Berendsen, D. van der Spoel and R. van Drunen
GROMACS: A message-passing parallel molecular dynamics implementation
Comp. Phys. Comm. 91 (1995) pp. 43-56
-------- -------- --- Thank You --- -------- --------

Input Parameters:
   integrator                     = steep
   tinit                          = 0
   dt                             = 0
   nsteps                         = 10000
   init-step                      = 0
   simulation-part                = 1
   mts                            = false
   mass-repartition-factor        = 1
   comm-mode                      = Linear
   nstcomm                        = 100
   bd-fric                        = 0
   ld-seed                        = 1056889855
   emtol                          = 10
   emstep                         = 0.01
   niter                          = 20
   fcstep                         = 0
   nstcgsteep                     = 1000
   nbfgscorr                      = 10
   rtpi                           = 0.05
   nstxout                        = 0
   nstvout                        = 0
   nstfout                        = 0
   nstlog                         = 5000
   nstcalcenergy                  = 100
   nstenergy                      = 5000
   nstxout-compressed             = 5000
   compressed-x-precision         = 1000
   cutoff-scheme                  = Verlet
   nstlist                        = 10
   pbc                            = xyz
   periodic-molecules             = false
   verlet-buffer-tolerance        = 0.005
   verlet-buffer-pressure-tolerance = 0.5
   rlist                          = 1.05
   coulombtype                    = PME
   coulomb-modifier               = Potential-shift
   rcoulomb-switch                = 0
   rcoulomb                       = 1
   epsilon-r                      = 1
   epsilon-rf                     = inf
   vdw-type                       = Cut-off
   vdw-modifier                   = Potential-shift
   rvdw-switch                    = 0
   rvdw                           = 1
   DispCorr                       = EnerPres
   table-extension                = 1
   fourierspacing                 = 0.12
   fourier-nx                     = 64
   fourier-ny                     = 72
   fourier-nz                     = 84
   pme-order                      = 4
   ewald-rtol                     = 1e-05
   ewald-rtol-lj                  = 0.001
   lj-pme-comb-rule               = Geometric
   ewald-geometry                 = 3d
   epsilon-surface                = 0
   ensemble-temperature-setting   = not available
   tcoupl                         = No
   nsttcouple                     = -1
   nh-chain-length                = 0
   print-nose-hoover-chain-variables = false
   pcoupl                         = No
   refcoord-scaling               = COM
   posres-com (3):
      posres-com[0]= 4.95844e-01
      posres-com[1]= 4.89235e-01
      posres-com[2]= 5.01296e-01
   posres-comB (3):
      posres-comB[0]= 4.95844e-01
      posres-comB[1]= 4.89235e-01
      posres-comB[2]= 5.01296e-01
   QMMM                           = false
qm-opts:
   ngQM                           = 0
   constraint-algorithm           = Lincs
   continuation                   = false
   Shake-SOR                      = false
   shake-tol                      = 0.0001
   lincs-order                    = 4
   lincs-iter                     = 1
   lincs-warnangle                = 30
   nwall                          = 0
   wall-type                      = 9-3
   wall-r-linpot                  = -1
   wall-atomtype[0]               = -1
   wall-atomtype[1]               = -1
   wall-density[0]                = 0
   wall-density[1]                = 0
   wall-ewald-zfac                = 3
   pull                           = false
   awh                            = false
   rotation                       = false
   interactiveMD                  = false
   disre                          = Simple
   disre-weighting                = Conservative
   disre-mixed                    = false
   dr-fc                          = 1000
   dr-tau                         = 0
   nstdisreout                    = 0
   orire-fc                       = 0
   orire-tau                      = 0
   nstorireout                    = 100
   free-energy                    = no
   cos-acceleration               = 0
   deform (3x3):
      deform[    0]={ 0.00000e+00,  0.00000e+00,  0.00000e+00}
      deform[    1]={ 0.00000e+00,  0.00000e+00,  0.00000e+00}
      deform[    2]={ 0.00000e+00,  0.00000e+00,  0.00000e+00}
   simulated-tempering            = false
   swapcoords                     = no
   userint1                       = 0
   userint2                       = 0
   userint3                       = 0
   userint4                       = 0
   userreal1                      = 0
   userreal2                      = 0
   userreal3                      = 0
   userreal4                      = 0
   applied-forces:
     electric-field:
       x:
         E0                       = 0
         omega                    = 0
         t0                       = 0
         sigma                    = 0
       y:
         E0                       = 0
         omega                    = 0
         t0                       = 0
         sigma                    = 0
       z:
         E0                       = 0
         omega                    = 0
         t0                       = 0
         sigma                    = 0
     density-guided-simulation:
       active                     = false
       group                      = protein
       similarity-measure         = inner-product
       atom-spreading-weight      = unity
       force-constant             = 1e+09
       gaussian-transform-spreading-width = 0.2
       gaussian-transform-spreading-range-in-multiples-of-width = 4
       reference-density-filename = reference.mrc
       nst                        = 1
       normalize-densities        = true
       adaptive-force-scaling     = false
       adaptive-force-scaling-time-constant = 4
       shift-vector               = 
       transformation-matrix      = 
     qmmm-cp2k:
       active                     = false
       qmgroup                    = System
       qmmethod                   = PBE
       qmfilenames                = 
       qmcharge                   = 0
       qmmultiplicity             = 1
     colvars:
       active                     = false
       configfile                 = 
       seed                       = -1
grpopts:
   nrdf:      119224
   ref-t:           0
   tau-t:           0
annealing:          No
annealing-npoints:           0
   acc:	           0           0           0
   nfreeze:           N           N           N
   energygrp-flags[  0]: 0


Update groups can not be used for this system because there are three or more consecutively coupled constraints

Update task can not run on the GPU, because the following condition(s) were not satisfied:

Only the md integrator is supported.
The number of coupled constraints is higher than supported in the GPU LINCS code.

1 GPU selected for this run.
Mapping of GPU IDs to the 1 GPU task in the 1 rank on this node:
  PP:0
PP tasks will do (non-perturbed) short-ranged interactions on the GPU
PP task will update and constrain coordinates on the CPU
Using 1 MPI thread
Using 16 OpenMP threads 

System total charge: 0.000
Will do PME sum in reciprocal space for electrostatic interactions.

++++ PLEASE READ AND CITE THE FOLLOWING REFERENCE ++++
U. Essmann, L. Perera, M. L. Berkowitz, T. Darden, H. Lee and L. G. Pedersen 
A smooth particle mesh Ewald method
J. Chem. Phys. 103 (1995) pp. 8577-8592
-------- -------- --- Thank You --- -------- --------

Using a Gaussian width (1/beta) of 0.320163 nm for Ewald
Potential shift: LJ r^-12: -1.000e+00 r^-6: -1.000e+00, Ewald -1.000e-05
Initialized non-bonded Coulomb Ewald tables, spacing: 9.33e-04 size: 1073

Generated table with 1025 data points for 1-4 COUL.
Tabscale = 500 points/nm
Generated table with 1025 data points for 1-4 LJ6.
Tabscale = 500 points/nm
Generated table with 1025 data points for 1-4 LJ12.
Tabscale = 500 points/nm
Long Range LJ corr.: <C6> 2.9966e-04


Using GPU 8x8 nonbonded short-range kernels

Using a 8x8 pair-list setup:
  updated every 10 steps, buffer 0.050 nm, rlist 1.050 nm

Using Lorentz-Berthelot Lennard-Jones combination rule
Removing pbc first time

Pinning threads with an auto-selected logical cpu stride of 1

Initializing LINear Constraint Solver

++++ PLEASE READ AND CITE THE FOLLOWING REFERENCE ++++
B. Hess and H. Bekker and H. J. C. Berendsen and J. G. E. M. Fraaije
LINCS: A Linear Constraint Solver for molecular simulations
J. Comp. Chem. 18 (1997) pp. 1463-1472
-------- -------- --- Thank You --- -------- --------

The number of constraints is 2342

++++ PLEASE READ AND CITE THE FOLLOWING REFERENCE ++++
S. Miyamoto and P. A. Kollman
SETTLE: An Analytical Version of the SHAKE and RATTLE Algorithms for Rigid
Water Models
J. Comp. Chem. 13 (1992) pp. 952-962
-------- -------- --- Thank You --- -------- --------


Note that activating steepest-descent energy minimization via the integrator .mdp option and the command gmx mdrun may be available in a different form in a future version of GROMACS, e.g. gmx minimize and an .mdp option.
Initiating Steepest Descents
Started Steepest Descents on rank 0 Wed Mar 19 11:53:57 2025


Steepest Descents:
   Tolerance (Fmax)   =  1.00000e+01
   Number of steps    =        10000
           Step           Time
              0        0.00000

   Energies (kJ/mol)
          Angle    Proper Dih. Per. Imp. Dih.          LJ-14     Coulomb-14
    1.82550e+03    5.68473e+03    3.63302e+01    2.20288e+03   -1.64688e+04
        LJ (SR)  Disper. corr.   Coulomb (SR)   Coul. recip. Position Rest.
    1.56090e+05   -7.33629e+03   -1.16894e+06    4.32749e+03    1.16378e+00
      Potential Pres. DC (bar) Pressure (bar)   Constr. rmsd
   -1.02258e+06   -2.00598e+02   -4.79927e+03    3.92848e-04

           Step           Time
              1        1.00000

           Step           Time
              2        2.00000

   Energies (kJ/mol)
          Angle    Proper Dih. Per. Imp. Dih.          LJ-14     Coulomb-14
    1.51891e+03    5.68027e+03    4.04758e+01    2.22821e+03   -1.60938e+04
        LJ (SR)  Disper. corr.   Coulomb (SR)   Coul. recip. Position Rest.
    1.56083e+05   -7.33629e+03   -1.16917e+06    4.30960e+03    1.94172e+00
      Potential Pres. DC (bar) Pressure (bar)   Constr. rmsd
   -1.02273e+06   -2.00598e+02   -4.80545e+03    3.14656e-04

           Step           Time
              3        3.00000

           Step           Time
              4        4.00000

   Energies (kJ/mol)
          Angle    Proper Dih. Per. Imp. Dih.          LJ-14     Coulomb-14
    1.56832e+03    5.67619e+03    3.56700e+01    2.23152e+03   -1.61562e+04
        LJ (SR)  Disper. corr.   Coulomb (SR)   Coul. recip. Position Rest.
    1.56098e+05   -7.33629e+03   -1.16919e+06    4.31259e+03    1.81431e+00
      Potential Pres. DC (bar) Pressure (bar)   Constr. rmsd
   -1.02276e+06   -2.00598e+02   -4.78558e+03    2.35334e-04

           Step           Time
              5        5.00000

   Energies (kJ/mol)
          Angle    Proper Dih. Per. Imp. Dih.          LJ-14     Coulomb-14
    1.48707e+03    5.67561e+03    4.12603e+01    2.23252e+03   -1.60081e+04
        LJ (SR)  Disper. corr.   Coulomb (SR)   Coul. recip. Position Rest.
    1.56098e+05   -7.33629e+03   -1.16926e+06    4.30584e+03    2.51918e+00
      Potential Pres. DC (bar) Pressure (bar)   Constr. rmsd
   -1.02276e+06   -2.00598e+02   -4.81457e+03    2.21859e-04

           Step           Time
              6        6.00000

           Step           Time
              7        7.00000

   Energies (kJ/mol)
          Angle    Proper Dih. Per. Imp. Dih.          LJ-14     Coulomb-14
    1.47640e+03    5.66712e+03    3.52598e+01    2.23617e+03   -1.60710e+04
        LJ (SR)  Disper. corr.   Coulomb (SR)   Coul. recip. Position Rest.
    1.56104e+05   -7.33629e+03   -1.16926e+06    4.30738e+03    2.21906e+00
      Potential Pres. DC (bar) Pressure (bar)   Constr. rmsd
   -1.02284e+06   -2.00598e+02   -4.80038e+03    1.12848e-04

           Step           Time
              8        8.00000

   Energies (kJ/mol)
          Angle    Proper Dih. Per. Imp. Dih.          LJ-14     Coulomb-14
    1.44813e+03    5.66338e+03    3.54447e+01    2.23455e+03   -1.60427e+04
        LJ (SR)  Disper. corr.   Coulomb (SR)   Coul. recip. Position Rest.
    1.56124e+05   -7.33629e+03   -1.16932e+06    4.30527e+03    2.61161e+00
      Potential Pres. DC (bar) Pressure (bar)   Constr. rmsd
   -1.02288e+06   -2.00598e+02   -4.79653e+03    3.11122e-04

           Step           Time
              9        9.00000

           Step           Time
             10       10.00000

   Energies (kJ/mol)
          Angle    Proper Dih. Per. Imp. Dih.          LJ-14     Coulomb-14
    1.45811e+03    5.66071e+03    3.48119e+01    2.23953e+03   -1.60520e+04
        LJ (SR)  Disper. corr.   Coulomb (SR)   Coul. recip. Position Rest.
    1.56124e+05   -7.33629e+03   -1.16932e+06    4.30444e+03    2.71751e+00
      Potential Pres. DC (bar) Pressure (bar)   Constr. rmsd
   -1.02289e+06   -2.00598e+02   -4.79671e+03    1.21833e-04

           Step           Time
             11       11.00000

   Energies (kJ/mol)
          Angle    Proper Dih. Per. Imp. Dih.          LJ-14     Coulomb-14
    1.44505e+03    5.65860e+03    3.51847e+01    2.23870e+03   -1.60404e+04
        LJ (SR)  Disper. corr.   Coulomb (SR)   Coul. recip. Position Rest.
    1.56138e+05   -7.33629e+03   -1.16936e+06    4.30262e+03    3.04536e+00
      Potential Pres. DC (bar) Pressure (bar)   Constr. rmsd
   -1.02292e+06   -2.00598e+02   -4.79328e+03    2.39258e-04

           Step           Time
             12       12.00000

   Energies (kJ/mol)
          Angle    Proper Dih. Per. Imp. Dih.          LJ-14     Coulomb-14
    1.45912e+03    5.65629e+03    3.46587e+01    2.24106e+03   -1.60528e+04
        LJ (SR)  Disper. corr.   Coulomb (SR)   Coul. recip. Position Rest.
    1.56145e+05   -7.33629e+03   -1.16938e+06    4.30161e+03    3.25218e+00
      Potential Pres. DC (bar) Pressure (bar)   Constr. rmsd
   -1.02293e+06   -2.00598e+02   -4.78941e+03    1.83298e-04

           Step           Time
             13       13.00000

   Energies (kJ/mol)
          Angle    Proper Dih. Per. Imp. Dih.          LJ-14     Coulomb-14
    1.44943e+03    5.65596e+03    3.51424e+01    2.24117e+03   -1.60349e+04
        LJ (SR)  Disper. corr.   Coulomb (SR)   Coul. recip. Position Rest.
    1.56150e+05   -7.33629e+03   -1.16940e+06    4.30070e+03    3.49841e+00
      Potential Pres. DC (bar) Pressure (bar)   Constr. rmsd
   -1.02294e+06   -2.00598e+02   -4.79600e+03    1.52203e-04

           Step           Time
             14       14.00000

   Energies (kJ/mol)
          Angle    Proper Dih. Per. Imp. Dih.          LJ-14     Coulomb-14
    1.46410e+03    5.65403e+03    3.47554e+01    2.24294e+03   -1.60513e+04
        LJ (SR)  Disper. corr.   Coulomb (SR)   Coul. recip. Position Rest.
    1.56159e+05   -7.33629e+03   -1.16942e+06    4.29968e+03    3.69157e+00
      Potential Pres. DC (bar) Pressure (bar)   Constr. rmsd
   -1.02295e+06   -2.00598e+02   -4.78625e+03    1.61700e-04

           Step           Time
             15       15.00000

   Energies (kJ/mol)
          Angle    Proper Dih. Per. Imp. Dih.          LJ-14     Coulomb-14
    1.45605e+03    5.65411e+03    3.51710e+01    2.24202e+03   -1.60299e+04
        LJ (SR)  Disper. corr.   Coulomb (SR)   Coul. recip. Position Rest.
    1.56163e+05   -7.33629e+03   -1.16944e+06    4.29902e+03    3.97065e+00
      Potential Pres. DC (bar) Pressure (bar)   Constr. rmsd
   -1.02295e+06   -2.00598e+02   -4.79517e+03    1.54686e-04

           Step           Time
             16       16.00000

   Energies (kJ/mol)
          Angle    Proper Dih. Per. Imp. Dih.          LJ-14     Coulomb-14
    1.47887e+03    5.65221e+03    3.48379e+01    2.24427e+03   -1.60520e+04
        LJ (SR)  Disper. corr.   Coulomb (SR)   Coul. recip. Position Rest.
    1.56173e+05   -7.33629e+03   -1.16945e+06    4.29783e+03    4.16641e+00
      Potential Pres. DC (bar) Pressure (bar)   Constr. rmsd
   -1.02296e+06   -2.00598e+02   -4.78237e+03    1.59644e-04

           Step           Time
             17       17.00000

           Step           Time
             18       18.00000

   Energies (kJ/mol)
          Angle    Proper Dih. Per. Imp. Dih.          LJ-14     Coulomb-14
    1.44206e+03    5.65141e+03    3.48473e+01    2.24432e+03   -1.60376e+04
        LJ (SR)  Disper. corr.   Coulomb (SR)   Coul. recip. Position Rest.
    1.56173e+05   -7.33629e+03   -1.16946e+06    4.29758e+03    4.24072e+00
      Potential Pres. DC (bar) Pressure (bar)   Constr. rmsd
   -1.02299e+06   -2.00598e+02   -4.79330e+03    8.80234e-05

           Step           Time
             19       19.00000

   Energies (kJ/mol)
          Angle    Proper Dih. Per. Imp. Dih.          LJ-14     Coulomb-14
    1.43921e+03    5.64867e+03    3.52022e+01    2.24011e+03   -1.60453e+04
        LJ (SR)  Disper. corr.   Coulomb (SR)   Coul. recip. Position Rest.
    1.56203e+05   -7.33629e+03   -1.16952e+06    4.29469e+03    4.94110e+00
      Potential Pres. DC (bar) Pressure (bar)   Constr. rmsd
   -1.02303e+06   -2.00598e+02   -4.77568e+03    4.22196e-04

           Step           Time
             20       20.00000

           Step           Time
             21       21.00000

   Energies (kJ/mol)
          Angle    Proper Dih. Per. Imp. Dih.          LJ-14     Coulomb-14
    1.43664e+03    5.64827e+03    3.48313e+01    2.24421e+03   -1.60349e+04
        LJ (SR)  Disper. corr.   Coulomb (SR)   Coul. recip. Position Rest.
    1.56198e+05   -7.33629e+03   -1.16953e+06    4.29455e+03    5.11966e+00
      Potential Pres. DC (bar) Pressure (bar)   Constr. rmsd
   -1.02304e+06   -2.00598e+02   -4.79210e+03    1.29262e-04

           Step           Time
             22       22.00000

   Energies (kJ/mol)
          Angle    Proper Dih. Per. Imp. Dih.          LJ-14     Coulomb-14
    1.45010e+03    5.64689e+03    3.52908e+01    2.24272e+03   -1.60453e+04
        LJ (SR)  Disper. corr.   Coulomb (SR)   Coul. recip. Position Rest.
    1.56219e+05   -7.33629e+03   -1.16957e+06    4.29244e+03    5.64976e+00
      Potential Pres. DC (bar) Pressure (bar)   Constr. rmsd
   -1.02306e+06   -2.00598e+02   -4.77750e+03    2.98819e-04

           Step           Time
             23       23.00000

   Energies (kJ/mol)
          Angle    Proper Dih. Per. Imp. Dih.          LJ-14     Coulomb-14
    1.43707e+03    5.64662e+03    3.48463e+01    2.24426e+03   -1.60320e+04
        LJ (SR)  Disper. corr.   Coulomb (SR)   Coul. recip. Position Rest.
    1.56216e+05   -7.33629e+03   -1.16958e+06    4.29239e+03    5.83241e+00
      Potential Pres. DC (bar) Pressure (bar)   Constr. rmsd
   -1.02307e+06   -2.00598e+02   -4.79279e+03    1.25706e-04

           Step           Time
             24       24.00000

           Step           Time
             25       25.00000

   Energies (kJ/mol)
          Angle    Proper Dih. Per. Imp. Dih.          LJ-14     Coulomb-14
    1.43793e+03    5.64593e+03    3.50085e+01    2.24525e+03   -1.60389e+04
        LJ (SR)  Disper. corr.   Coulomb (SR)   Coul. recip. Position Rest.
    1.56223e+05   -7.33629e+03   -1.16959e+06    4.29149e+03    6.01541e+00
      Potential Pres. DC (bar) Pressure (bar)   Constr. rmsd
   -1.02308e+06   -2.00598e+02   -4.78798e+03    1.21355e-04

           Step           Time
             26       26.00000

   Energies (kJ/mol)
          Angle    Proper Dih. Per. Imp. Dih.          LJ-14     Coulomb-14
    1.43563e+03    5.64570e+03    3.49341e+01    2.24378e+03   -1.60313e+04
        LJ (SR)  Disper. corr.   Coulomb (SR)   Coul. recip. Position Rest.
    1.56230e+05   -7.33629e+03   -1.16961e+06    4.29096e+03    6.32473e+00
      Potential Pres. DC (bar) Pressure (bar)   Constr. rmsd
   -1.02309e+06   -2.00598e+02   -4.79097e+03    1.64186e-04

           Step           Time
             27       27.00000

   Energies (kJ/mol)
          Angle    Proper Dih. Per. Imp. Dih.          LJ-14     Coulomb-14
    1.44273e+03    5.64485e+03    3.50300e+01    2.24517e+03   -1.60409e+04
        LJ (SR)  Disper. corr.   Coulomb (SR)   Coul. recip. Position Rest.
    1.56237e+05   -7.33629e+03   -1.16962e+06    4.28983e+03    6.55038e+00
      Potential Pres. DC (bar) Pressure (bar)   Constr. rmsd
   -1.02310e+06   -2.00598e+02   -4.78564e+03    1.42302e-04

           Step           Time
             28       28.00000

   Energies (kJ/mol)
          Angle    Proper Dih. Per. Imp. Dih.          LJ-14     Coulomb-14
    1.44048e+03    5.64489e+03    3.49557e+01    2.24392e+03   -1.60295e+04
        LJ (SR)  Disper. corr.   Coulomb (SR)   Coul. recip. Position Rest.
    1.56242e+05   -7.33629e+03   -1.16964e+06    4.28957e+03    6.84121e+00
      Potential Pres. DC (bar) Pressure (bar)   Constr. rmsd
   -1.02311e+06   -2.00598e+02   -4.79189e+03    1.47622e-04

           Step           Time
             29       29.00000

   Energies (kJ/mol)
          Angle    Proper Dih. Per. Imp. Dih.          LJ-14     Coulomb-14
    1.45475e+03    5.64396e+03    3.50749e+01    2.24540e+03   -1.60432e+04
        LJ (SR)  Disper. corr.   Coulomb (SR)   Coul. recip. Position Rest.
    1.56251e+05   -7.33629e+03   -1.16966e+06    4.28827e+03    7.09502e+00
      Potential Pres. DC (bar) Pressure (bar)   Constr. rmsd
   -1.02311e+06   -2.00598e+02   -4.78285e+03    1.50878e-04

           Step           Time
             30       30.00000

   Energies (kJ/mol)
          Angle    Proper Dih. Per. Imp. Dih.          LJ-14     Coulomb-14
    1.45134e+03    5.64423e+03    3.49723e+01    2.24382e+03   -1.60270e+04
        LJ (SR)  Disper. corr.   Coulomb (SR)   Coul. recip. Position Rest.
    1.56254e+05   -7.33629e+03   -1.16968e+06    4.28822e+03    7.39033e+00
      Potential Pres. DC (bar) Pressure (bar)   Constr. rmsd
   -1.02312e+06   -2.00598e+02   -4.79239e+03    1.43959e-04

           Step           Time
             31       31.00000

           Step           Time
             32       32.00000

   Energies (kJ/mol)
          Angle    Proper Dih. Per. Imp. Dih.          LJ-14     Coulomb-14
    1.43196e+03    5.64344e+03    3.49883e+01    2.24560e+03   -1.60359e+04
        LJ (SR)  Disper. corr.   Coulomb (SR)   Coul. recip. Position Rest.
    1.56258e+05   -7.33629e+03   -1.16968e+06    4.28743e+03    7.45086e+00
      Potential Pres. DC (bar) Pressure (bar)   Constr. rmsd
   -1.02314e+06   -2.00598e+02   -4.79001e+03    8.69233e-05

           Step           Time
             33       33.00000

   Energies (kJ/mol)
          Angle    Proper Dih. Per. Imp. Dih.          LJ-14     Coulomb-14
    1.43546e+03    5.64286e+03    3.52115e+01    2.23915e+03   -1.60304e+04
        LJ (SR)  Disper. corr.   Coulomb (SR)   Coul. recip. Position Rest.
    1.56284e+05   -7.33629e+03   -1.16974e+06    4.28556e+03    8.30633e+00
      Potential Pres. DC (bar) Pressure (bar)   Constr. rmsd
   -1.02317e+06   -2.00598e+02   -4.78275e+03    4.03717e-04

           Step           Time
             34       34.00000

   Energies (kJ/mol)
          Angle    Proper Dih. Per. Imp. Dih.          LJ-14     Coulomb-14
    1.44232e+03    5.64181e+03    3.49685e+01    2.24436e+03   -1.60408e+04
        LJ (SR)  Disper. corr.   Coulomb (SR)   Coul. recip. Position Rest.
    1.56285e+05   -7.33629e+03   -1.16974e+06    4.28455e+03    8.49894e+00
      Potential Pres. DC (bar) Pressure (bar)   Constr. rmsd
   -1.02318e+06   -2.00598e+02   -4.78648e+03    1.48577e-04

           Step           Time
             35       35.00000

           Step           Time
             36       36.00000

   Energies (kJ/mol)
          Angle    Proper Dih. Per. Imp. Dih.          LJ-14     Coulomb-14
    1.42895e+03    5.64190e+03    3.50060e+01    2.24453e+03   -1.60332e+04
        LJ (SR)  Disper. corr.   Coulomb (SR)   Coul. recip. Position Rest.
    1.56286e+05   -7.33629e+03   -1.16976e+06    4.28439e+03    8.66600e+00
      Potential Pres. DC (bar) Pressure (bar)   Constr. rmsd
   -1.02319e+06   -2.00598e+02   -4.79219e+03    9.93466e-05

           Step           Time
             37       37.00000

   Energies (kJ/mol)
          Angle    Proper Dih. Per. Imp. Dih.          LJ-14     Coulomb-14
    1.44429e+03    5.64120e+03    3.51874e+01    2.24284e+03   -1.60429e+04
        LJ (SR)  Disper. corr.   Coulomb (SR)   Coul. recip. Position Rest.
    1.56305e+05   -7.33629e+03   -1.16979e+06    4.28269e+03    9.20825e+00
      Potential Pres. DC (bar) Pressure (bar)   Constr. rmsd
   -1.02321e+06   -2.00598e+02   -4.77957e+03    2.61291e-04

           Step           Time
             38       38.00000

   Energies (kJ/mol)
          Angle    Proper Dih. Per. Imp. Dih.          LJ-14     Coulomb-14
    1.43088e+03    5.64117e+03    3.49955e+01    2.24378e+03   -1.60317e+04
        LJ (SR)  Disper. corr.   Coulomb (SR)   Coul. recip. Position Rest.
    1.56303e+05   -7.33629e+03   -1.16980e+06    4.28263e+03    9.40728e+00
      Potential Pres. DC (bar) Pressure (bar)   Constr. rmsd
   -1.02322e+06   -2.00598e+02   -4.79219e+03    1.22118e-04

           Step           Time
             39       39.00000

           Step           Time
             40       40.00000

   Energies (kJ/mol)
          Angle    Proper Dih. Per. Imp. Dih.          LJ-14     Coulomb-14
    1.43018e+03    5.64076e+03    3.50736e+01    2.24460e+03   -1.60376e+04
        LJ (SR)  Disper. corr.   Coulomb (SR)   Coul. recip. Position Rest.
    1.56310e+05   -7.33629e+03   -1.16981e+06    4.28185e+03    9.59901e+00
      Potential Pres. DC (bar) Pressure (bar)   Constr. rmsd
   -1.02323e+06   -2.00598e+02   -4.78862e+03    1.13129e-04

           Step           Time
             41       41.00000

   Energies (kJ/mol)
          Angle    Proper Dih. Per. Imp. Dih.          LJ-14     Coulomb-14
    1.43093e+03    5.64072e+03    3.50575e+01    2.24281e+03   -1.60319e+04
        LJ (SR)  Disper. corr.   Coulomb (SR)   Coul. recip. Position Rest.
    1.56317e+05   -7.33629e+03   -1.16983e+06    4.28127e+03    9.96889e+00
      Potential Pres. DC (bar) Pressure (bar)   Constr. rmsd
   -1.02324e+06   -2.00598e+02   -4.79024e+03    1.73095e-04

           Step           Time
             42       42.00000

   Energies (kJ/mol)
          Angle    Proper Dih. Per. Imp. Dih.          LJ-14     Coulomb-14
    1.43595e+03    5.64014e+03    3.50836e+01    2.24418e+03   -1.60396e+04
        LJ (SR)  Disper. corr.   Coulomb (SR)   Coul. recip. Position Rest.
    1.56324e+05   -7.33629e+03   -1.16984e+06    4.28034e+03    1.02014e+01
      Potential Pres. DC (bar) Pressure (bar)   Constr. rmsd
   -1.02325e+06   -2.00598e+02   -4.78687e+03    1.34008e-04

           Step           Time
             43       43.00000

   Energies (kJ/mol)
          Angle    Proper Dih. Per. Imp. Dih.          LJ-14     Coulomb-14
    1.43884e+03    5.64030e+03    3.50651e+01    2.24287e+03   -1.60307e+04
        LJ (SR)  Disper. corr.   Coulomb (SR)   Coul. recip. Position Rest.
    1.56329e+05   -7.33629e+03   -1.16986e+06    4.28000e+03    1.05427e+01
      Potential Pres. DC (bar) Pressure (bar)   Constr. rmsd
   -1.02325e+06   -2.00598e+02   -4.79122e+03    1.53696e-04

           Step           Time
             44       44.00000

   Energies (kJ/mol)
          Angle    Proper Dih. Per. Imp. Dih.          LJ-14     Coulomb-14
    1.44958e+03    5.63964e+03    3.51200e+01    2.24418e+03   -1.60417e+04
        LJ (SR)  Disper. corr.   Coulomb (SR)   Coul. recip. Position Rest.
    1.56338e+05   -7.33629e+03   -1.16988e+06    4.27891e+03    1.07997e+01
      Potential Pres. DC (bar) Pressure (bar)   Constr. rmsd
   -1.02326e+06   -2.00598e+02   -4.78447e+03    1.42638e-04

           Step           Time
             45       45.00000

           Step           Time
             46       46.00000

   Energies (kJ/mol)
          Angle    Proper Dih. Per. Imp. Dih.          LJ-14     Coulomb-14
    1.42519e+03    5.63966e+03    3.50408e+01    2.24432e+03   -1.60346e+04
        LJ (SR)  Disper. corr.   Coulomb (SR)   Coul. recip. Position Rest.
    1.56338e+05   -7.33629e+03   -1.16988e+06    4.27884e+03    1.09079e+01
      Potential Pres. DC (bar) Pressure (bar)   Constr. rmsd
   -1.02328e+06   -2.00598e+02   -4.79196e+03    8.27224e-05

           Step           Time
             47       47.00000

   Energies (kJ/mol)
          Angle    Proper Dih. Per. Imp. Dih.          LJ-14     Coulomb-14
    1.42417e+03    5.63898e+03    3.53164e+01    2.23925e+03   -1.60420e+04
        LJ (SR)  Disper. corr.   Coulomb (SR)   Coul. recip. Position Rest.
    1.56365e+05   -7.33629e+03   -1.16993e+06    4.27670e+03    1.17148e+01
      Potential Pres. DC (bar) Pressure (bar)   Constr. rmsd
   -1.02332e+06   -2.00598e+02   -4.77815e+03    3.79720e-04

           Step           Time
             48       48.00000

           Step           Time
             49       49.00000

   Energies (kJ/mol)
          Angle    Proper Dih. Per. Imp. Dih.          LJ-14     Coulomb-14
    1.42306e+03    5.63885e+03    3.50323e+01    2.24338e+03   -1.60353e+04
        LJ (SR)  Disper. corr.   Coulomb (SR)   Coul. recip. Position Rest.
    1.56360e+05   -7.33629e+03   -1.16994e+06    4.27654e+03    1.18863e+01
      Potential Pres. DC (bar) Pressure (bar)   Constr. rmsd
   -1.02332e+06   -2.00598e+02   -4.79157e+03    1.09494e-04

           Step           Time
             50       50.00000

   Energies (kJ/mol)
          Angle    Proper Dih. Per. Imp. Dih.          LJ-14     Coulomb-14
    1.41817e+03    5.63842e+03    3.52912e+01    2.24035e+03   -1.60401e+04
        LJ (SR)  Disper. corr.   Coulomb (SR)   Coul. recip. Position Rest.
    1.56379e+05   -7.33629e+03   -1.16998e+06    4.27505e+03    1.24710e+01
      Potential Pres. DC (bar) Pressure (bar)   Constr. rmsd
   -1.02335e+06   -2.00598e+02   -4.78310e+03    2.81301e-04

           Step           Time
             51       51.00000

   Energies (kJ/mol)
          Angle    Proper Dih. Per. Imp. Dih.          LJ-14     Coulomb-14
    1.42868e+03    5.63814e+03    3.48223e+01    2.23953e+03   -1.60331e+04
        LJ (SR)  Disper. corr.   Coulomb (SR)   Coul. recip. Position Rest.
    1.56385e+05   -7.33629e+03   -1.17000e+06    4.27439e+03    1.29665e+01
      Potential Pres. DC (bar) Pressure (bar)   Constr. rmsd
   -1.02336e+06   -2.00598e+02   -4.79356e+03    2.30231e-04

           Step           Time
             52       52.00000

   Energies (kJ/mol)
          Angle    Proper Dih. Per. Imp. Dih.          LJ-14     Coulomb-14
    1.43146e+03    5.63774e+03    3.51894e+01    2.24233e+03   -1.60418e+04
        LJ (SR)  Disper. corr.   Coulomb (SR)   Coul. recip. Position Rest.
    1.56391e+05   -7.33629e+03   -1.17001e+06    4.27343e+03    1.31881e+01
      Potential Pres. DC (bar) Pressure (bar)   Constr. rmsd
   -1.02337e+06   -2.00598e+02   -4.78859e+03    1.29762e-04

           Step           Time
             53       53.00000

   Energies (kJ/mol)
          Angle    Proper Dih. Per. Imp. Dih.          LJ-14     Coulomb-14
    1.43683e+03    5.63816e+03    3.50077e+01    2.24073e+03   -1.60304e+04
        LJ (SR)  Disper. corr.   Coulomb (SR)   Coul. recip. Position Rest.
    1.56397e+05   -7.33629e+03   -1.17003e+06    4.27316e+03    1.35919e+01
      Potential Pres. DC (bar) Pressure (bar)   Constr. rmsd
   -1.02337e+06   -2.00598e+02   -4.79315e+03    1.71599e-04

           Step           Time
             54       54.00000

   Energies (kJ/mol)
          Angle    Proper Dih. Per. Imp. Dih.          LJ-14     Coulomb-14
    1.44235e+03    5.63735e+03    3.51843e+01    2.24274e+03   -1.60438e+04
        LJ (SR)  Disper. corr.   Coulomb (SR)   Coul. recip. Position Rest.
    1.56405e+05   -7.33629e+03   -1.17004e+06    4.27201e+03    1.38242e+01
      Potential Pres. DC (bar) Pressure (bar)   Constr. rmsd
   -1.02337e+06   -2.00598e+02   -4.78546e+03    1.33889e-04

           Step           Time
             55       55.00000

           Step           Time
             56       56.00000

   Energies (kJ/mol)
          Angle    Proper Dih. Per. Imp. Dih.          LJ-14     Coulomb-14
    1.42262e+03    5.63756e+03    3.50724e+01    2.24260e+03   -1.60353e+04
        LJ (SR)  Disper. corr.   Coulomb (SR)   Coul. recip. Position Rest.
    1.56405e+05   -7.33629e+03   -1.17005e+06    4.27198e+03    1.39595e+01
      Potential Pres. DC (bar) Pressure (bar)   Constr. rmsd
   -1.02340e+06   -2.00598e+02   -4.79325e+03    8.68397e-05

           Step           Time
             57       57.00000

   Energies (kJ/mol)
          Angle    Proper Dih. Per. Imp. Dih.          LJ-14     Coulomb-14
    1.43756e+03    5.63689e+03    3.53045e+01    2.23880e+03   -1.60469e+04
        LJ (SR)  Disper. corr.   Coulomb (SR)   Coul. recip. Position Rest.
    1.56432e+05   -7.33629e+03   -1.17010e+06    4.26992e+03    1.47716e+01
      Potential Pres. DC (bar) Pressure (bar)   Constr. rmsd
   -1.02342e+06   -2.00598e+02   -4.77645e+03    3.56892e-04

           Step           Time
             58       58.00000

   Energies (kJ/mol)
          Angle    Proper Dih. Per. Imp. Dih.          LJ-14     Coulomb-14
    1.42439e+03    5.63706e+03    3.50254e+01    2.24117e+03   -1.60341e+04
        LJ (SR)  Disper. corr.   Coulomb (SR)   Coul. recip. Position Rest.
    1.56427e+05   -7.33629e+03   -1.17011e+06    4.26993e+03    1.49717e+01
      Potential Pres. DC (bar) Pressure (bar)   Constr. rmsd
   -1.02343e+06   -2.00598e+02   -4.79371e+03    1.27975e-04

           Step           Time
             59       59.00000

           Step           Time
             60       60.00000

   Energies (kJ/mol)
          Angle    Proper Dih. Per. Imp. Dih.          LJ-14     Coulomb-14
    1.42522e+03    5.63670e+03    3.51302e+01    2.24202e+03   -1.60404e+04
        LJ (SR)  Disper. corr.   Coulomb (SR)   Coul. recip. Position Rest.
    1.56433e+05   -7.33629e+03   -1.17012e+06    4.26918e+03    1.51986e+01
      Potential Pres. DC (bar) Pressure (bar)   Constr. rmsd
   -1.02344e+06   -2.00598e+02   -4.78924e+03    1.19129e-04

           Step           Time
             61       61.00000

   Energies (kJ/mol)
          Angle    Proper Dih. Per. Imp. Dih.          LJ-14     Coulomb-14
    1.42530e+03    5.63689e+03    3.50933e+01    2.24058e+03   -1.60340e+04
        LJ (SR)  Disper. corr.   Coulomb (SR)   Coul. recip. Position Rest.
    1.56440e+05   -7.33629e+03   -1.17014e+06    4.26878e+03    1.55556e+01
      Potential Pres. DC (bar) Pressure (bar)   Constr. rmsd
   -1.02344e+06   -2.00598e+02   -4.79218e+03    1.59857e-04

           Step           Time
             62       62.00000

   Energies (kJ/mol)
          Angle    Proper Dih. Per. Imp. Dih.          LJ-14     Coulomb-14
    1.43091e+03    5.63632e+03    3.51257e+01    2.24172e+03   -1.60423e+04
        LJ (SR)  Disper. corr.   Coulomb (SR)   Coul. recip. Position Rest.
    1.56447e+05   -7.33629e+03   -1.17015e+06    4.26784e+03    1.58130e+01
      Potential Pres. DC (bar) Pressure (bar)   Constr. rmsd
   -1.02345e+06   -2.00598e+02   -4.78757e+03    1.34203e-04

           Step           Time
             63       63.00000

   Energies (kJ/mol)
          Angle    Proper Dih. Per. Imp. Dih.          LJ-14     Coulomb-14
    1.43243e+03    5.63669e+03    3.51035e+01    2.24054e+03   -1.60328e+04
        LJ (SR)  Disper. corr.   Coulomb (SR)   Coul. recip. Position Rest.
    1.56451e+05   -7.33629e+03   -1.17017e+06    4.26762e+03    1.61517e+01
      Potential Pres. DC (bar) Pressure (bar)   Constr. rmsd
   -1.02346e+06   -2.00598e+02   -4.79289e+03    1.48760e-04

           Step           Time
             64       64.00000

   Energies (kJ/mol)
          Angle    Proper Dih. Per. Imp. Dih.          LJ-14     Coulomb-14
    1.44343e+03    5.63599e+03    3.51367e+01    2.24169e+03   -1.60443e+04
        LJ (SR)  Disper. corr.   Coulomb (SR)   Coul. recip. Position Rest.
    1.56461e+05   -7.33629e+03   -1.17018e+06    4.26656e+03    1.64291e+01
      Potential Pres. DC (bar) Pressure (bar)   Constr. rmsd
   -1.02346e+06   -2.00598e+02   -4.78523e+03    1.41612e-04

           Step           Time
             65       65.00000

           Step           Time
             66       66.00000

   Energies (kJ/mol)
          Angle    Proper Dih. Per. Imp. Dih.          LJ-14     Coulomb-14
    1.42057e+03    5.63618e+03    3.50780e+01    2.24193e+03   -1.60370e+04
        LJ (SR)  Disper. corr.   Coulomb (SR)   Coul. recip. Position Rest.
    1.56460e+05   -7.33629e+03   -1.17019e+06    4.26652e+03    1.65420e+01
      Potential Pres. DC (bar) Pressure (bar)   Constr. rmsd
   -1.02349e+06   -2.00598e+02   -4.79298e+03    8.13236e-05

           Step           Time
             67       67.00000

   Energies (kJ/mol)
          Angle    Proper Dih. Per. Imp. Dih.          LJ-14     Coulomb-14
    1.41945e+03    5.63565e+03    3.53534e+01    2.23563e+03   -1.60456e+04
        LJ (SR)  Disper. corr.   Coulomb (SR)   Coul. recip. Position Rest.
    1.56493e+05   -7.33629e+03   -1.17025e+06    4.26421e+03    1.75340e+01
      Potential Pres. DC (bar) Pressure (bar)   Constr. rmsd
   -1.02353e+06   -2.00598e+02   -4.77627e+03    4.40915e-04

           Step           Time
             68       68.00000

           Step           Time
             69       69.00000

           Step           Time
             70       70.00000

           Step           Time
             71       71.00000

           Step           Time
             72       72.00000

           Step           Time
             73       73.00000

           Step           Time
             74       74.00000

           Step           Time
             75       75.00000

           Step           Time
             76       76.00000

           Step           Time
             77       77.00000

           Step           Time
             78       78.00000

           Step           Time
             79       79.00000


Energy minimization has stopped, but the forces have not converged to the
requested precision Fmax < 10 (which may not be possible for your system). It
stopped because the algorithm tried to make a new step whose size was too
small, or there was no change in the energy since last step. Either way, we
regard the minimization as converged to within the available machine
precision, given your starting configuration and EM parameters.

Double precision normally gives you higher accuracy, but this is often not
needed for preparing to run molecular dynamics.
You might need to increase your constraint accuracy, or turn
off constraints altogether (set constraints = none in mdp file)

Steepest Descents converged to machine precision in 80 steps,
but did not reach the requested Fmax < 10.
Potential Energy  = -1.0235288e+06
Maximum force     =  7.0901056e+02 on atom 1539
Norm of force     =  1.5525643e+01
Finished mdrun on rank 0 Wed Mar 19 11:53:58 2025

