2025-04-28 21:41:02,912 [MainThread  ] [INFO ]  Executing biobb_gromacs.gromacs_extra.append_ligand Version: 4.2.0
2025-04-28 21:41:02,931 [MainThread  ] [INFO ]  Extracting: /home/arunima/gitrepos/gromacs_sims/Antimicrobial_Peptides/Pseudomonas_antibiotics/simulation/aminostep2012C/prot_aminostep2012C_pdb2gmx_top.zip
2025-04-28 21:41:02,931 [MainThread  ] [INFO ]  to:
2025-04-28 21:41:02,931 [MainThread  ] [INFO ]  ['803ba77a-c901-47a4-ad22-0483669588e5/p2g.top', '803ba77a-c901-47a4-ad22-0483669588e5/p2g_Protein_chain_A.itp', '803ba77a-c901-47a4-ad22-0483669588e5/p2g_Protein_chain_B.itp', '803ba77a-c901-47a4-ad22-0483669588e5/posre_Protein_chain_A.itp', '803ba77a-c901-47a4-ad22-0483669588e5/posre_Protein_chain_B.itp']
2025-04-28 21:41:02,931 [MainThread  ] [INFO ]  Unzipping: 
2025-04-28 21:41:02,931 [MainThread  ] [INFO ]  prot_aminostep2012C_pdb2gmx_top.zip
2025-04-28 21:41:02,931 [MainThread  ] [INFO ]  To: 
2025-04-28 21:41:02,931 [MainThread  ] [INFO ]  803ba77a-c901-47a4-ad22-0483669588e5/p2g.top
2025-04-28 21:41:02,931 [MainThread  ] [INFO ]  803ba77a-c901-47a4-ad22-0483669588e5/p2g_Protein_chain_A.itp
2025-04-28 21:41:02,931 [MainThread  ] [INFO ]  803ba77a-c901-47a4-ad22-0483669588e5/p2g_Protein_chain_B.itp
2025-04-28 21:41:02,931 [MainThread  ] [INFO ]  803ba77a-c901-47a4-ad22-0483669588e5/posre_Protein_chain_A.itp
2025-04-28 21:41:02,931 [MainThread  ] [INFO ]  803ba77a-c901-47a4-ad22-0483669588e5/posre_Protein_chain_B.itp
2025-04-28 21:41:02,938 [MainThread  ] [INFO ]  Compressing topology to: prot_aminostep2012C_STM_complex.top.zip
2025-04-28 21:41:02,939 [MainThread  ] [INFO ]  Ignored file 803ba77a-c901-47a4-ad22-0483669588e5/amber99sb-ildn.ff/forcefield.itp
2025-04-28 21:41:02,962 [MainThread  ] [INFO ]  Ignored file 803ba77a-c901-47a4-ad22-0483669588e5/amber99sb-ildn.ff/spce.itp
2025-04-28 21:41:02,962 [MainThread  ] [INFO ]  Ignored file 803ba77a-c901-47a4-ad22-0483669588e5/amber99sb-ildn.ff/ions.itp
2025-04-28 21:41:02,974 [MainThread  ] [INFO ]  Adding:
2025-04-28 21:41:02,974 [MainThread  ] [INFO ]  ['803ba77a-c901-47a4-ad22-0483669588e5/STM_posres.itp', '803ba77a-c901-47a4-ad22-0483669588e5/STMparams.itp', '803ba77a-c901-47a4-ad22-0483669588e5/ligand.top', '803ba77a-c901-47a4-ad22-0483669588e5/p2g_Protein_chain_A.itp', '803ba77a-c901-47a4-ad22-0483669588e5/p2g_Protein_chain_B.itp', '803ba77a-c901-47a4-ad22-0483669588e5/posre_Protein_chain_A.itp', '803ba77a-c901-47a4-ad22-0483669588e5/posre_Protein_chain_B.itp']
2025-04-28 21:41:02,974 [MainThread  ] [INFO ]  to: /home/arunima/gitrepos/gromacs_sims/Antimicrobial_Peptides/Pseudomonas_antibiotics/simulation/aminostep2012C/prot_aminostep2012C_STM_complex.top.zip
2025-04-28 21:41:02,978 [MainThread  ] [INFO ]  Removed: ['803ba77a-c901-47a4-ad22-0483669588e5/STMparams.itp', '803ba77a-c901-47a4-ad22-0483669588e5/STM_posres.itp', '803ba77a-c901-47a4-ad22-0483669588e5/posre_Protein_chain_A.itp', '803ba77a-c901-47a4-ad22-0483669588e5/p2g_Protein_chain_A.itp', '803ba77a-c901-47a4-ad22-0483669588e5/posre_Protein_chain_B.itp', '803ba77a-c901-47a4-ad22-0483669588e5/p2g_Protein_chain_B.itp', '803ba77a-c901-47a4-ad22-0483669588e5/ligand.top']
2025-04-28 21:41:02,979 [MainThread  ] [INFO ]  Removed: ['803ba77a-c901-47a4-ad22-0483669588e5']
