2025-04-28 22:00:04,243 [MainThread  ] [INFO ]  Executing biobb_gromacs.gromacs.grompp Version: 4.2.0
2025-04-28 22:00:04,259 [MainThread  ] [INFO ]  Copy: prot_aminostep2012C_STM_nvt.gro to /home/arunima/gitrepos/gromacs_sims/Antimicrobial_Peptides/Pseudomonas_antibiotics/simulation/aminostep2012C/b4bb6dfd-b8f6-428a-9114-07ee916e70d1
2025-04-28 22:00:04,266 [MainThread  ] [INFO ]  Copy: prot_aminostep2012C_STM_nvt.cpt to /home/arunima/gitrepos/gromacs_sims/Antimicrobial_Peptides/Pseudomonas_antibiotics/simulation/aminostep2012C/b4bb6dfd-b8f6-428a-9114-07ee916e70d1
2025-04-28 22:00:04,275 [MainThread  ] [INFO ]  Copy: prot_aminostep2012C_STM_index.ndx to /home/arunima/gitrepos/gromacs_sims/Antimicrobial_Peptides/Pseudomonas_antibiotics/simulation/aminostep2012C/b4bb6dfd-b8f6-428a-9114-07ee916e70d1
2025-04-28 22:00:04,298 [MainThread  ] [INFO ]  Extracting: /home/arunima/gitrepos/gromacs_sims/Antimicrobial_Peptides/Pseudomonas_antibiotics/simulation/aminostep2012C/prot_aminostep2012C_STM_genion_top.zip
2025-04-28 22:00:04,298 [MainThread  ] [INFO ]  to:
2025-04-28 22:00:04,298 [MainThread  ] [INFO ]  ['/home/arunima/gitrepos/gromacs_sims/Antimicrobial_Peptides/Pseudomonas_antibiotics/simulation/aminostep2012C/b4bb6dfd-b8f6-428a-9114-07ee916e70d1/STM_posres.itp', '/home/arunima/gitrepos/gromacs_sims/Antimicrobial_Peptides/Pseudomonas_antibiotics/simulation/aminostep2012C/b4bb6dfd-b8f6-428a-9114-07ee916e70d1/STMparams.itp', '/home/arunima/gitrepos/gromacs_sims/Antimicrobial_Peptides/Pseudomonas_antibiotics/simulation/aminostep2012C/b4bb6dfd-b8f6-428a-9114-07ee916e70d1/ligand.top', '/home/arunima/gitrepos/gromacs_sims/Antimicrobial_Peptides/Pseudomonas_antibiotics/simulation/aminostep2012C/b4bb6dfd-b8f6-428a-9114-07ee916e70d1/p2g_Protein_chain_A.itp', '/home/arunima/gitrepos/gromacs_sims/Antimicrobial_Peptides/Pseudomonas_antibiotics/simulation/aminostep2012C/b4bb6dfd-b8f6-428a-9114-07ee916e70d1/p2g_Protein_chain_B.itp', '/home/arunima/gitrepos/gromacs_sims/Antimicrobial_Peptides/Pseudomonas_antibiotics/simulation/aminostep2012C/b4bb6dfd-b8f6-428a-9114-07ee916e70d1/posre_Protein_chain_A.itp', '/home/arunima/gitrepos/gromacs_sims/Antimicrobial_Peptides/Pseudomonas_antibiotics/simulation/aminostep2012C/b4bb6dfd-b8f6-428a-9114-07ee916e70d1/posre_Protein_chain_B.itp']
2025-04-28 22:00:04,298 [MainThread  ] [INFO ]  Unzipping: 
2025-04-28 22:00:04,298 [MainThread  ] [INFO ]  prot_aminostep2012C_STM_genion_top.zip
2025-04-28 22:00:04,298 [MainThread  ] [INFO ]  To: 
2025-04-28 22:00:04,298 [MainThread  ] [INFO ]  /home/arunima/gitrepos/gromacs_sims/Antimicrobial_Peptides/Pseudomonas_antibiotics/simulation/aminostep2012C/b4bb6dfd-b8f6-428a-9114-07ee916e70d1/STM_posres.itp
2025-04-28 22:00:04,298 [MainThread  ] [INFO ]  /home/arunima/gitrepos/gromacs_sims/Antimicrobial_Peptides/Pseudomonas_antibiotics/simulation/aminostep2012C/b4bb6dfd-b8f6-428a-9114-07ee916e70d1/STMparams.itp
2025-04-28 22:00:04,298 [MainThread  ] [INFO ]  /home/arunima/gitrepos/gromacs_sims/Antimicrobial_Peptides/Pseudomonas_antibiotics/simulation/aminostep2012C/b4bb6dfd-b8f6-428a-9114-07ee916e70d1/ligand.top
2025-04-28 22:00:04,298 [MainThread  ] [INFO ]  /home/arunima/gitrepos/gromacs_sims/Antimicrobial_Peptides/Pseudomonas_antibiotics/simulation/aminostep2012C/b4bb6dfd-b8f6-428a-9114-07ee916e70d1/p2g_Protein_chain_A.itp
2025-04-28 22:00:04,298 [MainThread  ] [INFO ]  /home/arunima/gitrepos/gromacs_sims/Antimicrobial_Peptides/Pseudomonas_antibiotics/simulation/aminostep2012C/b4bb6dfd-b8f6-428a-9114-07ee916e70d1/p2g_Protein_chain_B.itp
2025-04-28 22:00:04,298 [MainThread  ] [INFO ]  /home/arunima/gitrepos/gromacs_sims/Antimicrobial_Peptides/Pseudomonas_antibiotics/simulation/aminostep2012C/b4bb6dfd-b8f6-428a-9114-07ee916e70d1/posre_Protein_chain_A.itp
2025-04-28 22:00:04,298 [MainThread  ] [INFO ]  /home/arunima/gitrepos/gromacs_sims/Antimicrobial_Peptides/Pseudomonas_antibiotics/simulation/aminostep2012C/b4bb6dfd-b8f6-428a-9114-07ee916e70d1/posre_Protein_chain_B.itp
2025-04-28 22:00:04,300 [MainThread  ] [INFO ]  gmx -nobackup -nocopyright grompp -f /home/arunima/gitrepos/gromacs_sims/Antimicrobial_Peptides/Pseudomonas_antibiotics/simulation/aminostep2012C/b4bb6dfd-b8f6-428a-9114-07ee916e70d1/grompp.mdp -c /home/arunima/gitrepos/gromacs_sims/Antimicrobial_Peptides/Pseudomonas_antibiotics/simulation/aminostep2012C/b4bb6dfd-b8f6-428a-9114-07ee916e70d1/prot_aminostep2012C_STM_nvt.gro -r /home/arunima/gitrepos/gromacs_sims/Antimicrobial_Peptides/Pseudomonas_antibiotics/simulation/aminostep2012C/b4bb6dfd-b8f6-428a-9114-07ee916e70d1/prot_aminostep2012C_STM_nvt.gro -p /home/arunima/gitrepos/gromacs_sims/Antimicrobial_Peptides/Pseudomonas_antibiotics/simulation/aminostep2012C/b4bb6dfd-b8f6-428a-9114-07ee916e70d1/ligand.top -o /home/arunima/gitrepos/gromacs_sims/Antimicrobial_Peptides/Pseudomonas_antibiotics/simulation/aminostep2012C/b4bb6dfd-b8f6-428a-9114-07ee916e70d1/prot_aminostep2012C_STM_gppnpt.tpr -po mdout.mdp -maxwarn 10 -t /home/arunima/gitrepos/gromacs_sims/Antimicrobial_Peptides/Pseudomonas_antibiotics/simulation/aminostep2012C/b4bb6dfd-b8f6-428a-9114-07ee916e70d1/prot_aminostep2012C_STM_nvt.cpt -n /home/arunima/gitrepos/gromacs_sims/Antimicrobial_Peptides/Pseudomonas_antibiotics/simulation/aminostep2012C/b4bb6dfd-b8f6-428a-9114-07ee916e70d1/prot_aminostep2012C_STM_index.ndx

2025-04-28 22:00:05,523 [MainThread  ] [INFO ]  Exit code 0

2025-04-28 22:00:05,523 [MainThread  ] [INFO ]  Setting the LD random seed to -67160113

Generated 3081 of the 3081 non-bonded parameter combinations

Generated 3081 of the 3081 1-4 parameter combinations

Excluding 3 bonded neighbours molecule type 'Protein_chain_A'

turning H bonds into constraints...

Excluding 3 bonded neighbours molecule type 'Protein_chain_B'

turning H bonds into constraints...

Excluding 3 bonded neighbours molecule type 'STMparams'

turning H bonds into constraints...

Excluding 2 bonded neighbours molecule type 'SOL'

turning H bonds into constraints...

Excluding 1 bonded neighbours molecule type 'NA'

turning H bonds into constraints...

The center of mass of the position restraint coord's is  3.087  2.220  3.740

The center of mass of the position restraint coord's is  3.087  2.220  3.740

The largest distance between excluded atoms is 0.434 nm between atom 2781 and 2789

Determining Verlet buffer for a tolerance of 0.005 kJ/mol/ps at 300 K

Calculated rlist for 1x1 atom pair-list as 1.034 nm, buffer size 0.034 nm

Set rlist, assuming 4x4 atom pair-list, to 1.000 nm, buffer size 0.000 nm

Note that mdrun will redetermine rlist based on the actual pair-list setup

Reading Coordinates, Velocities and Box size from old trajectory

Will read whole trajectory

Using frame at t = 100 ps

Starting time for run is 0 ps
Calculating fourier grid dimensions for X Y Z
Using a fourier grid of 80x80x80, spacing 0.115 0.115 0.115

Estimate for the relative computational load of the PME mesh part: 0.28

This run will generate roughly 155 Mb of data

2025-04-28 22:00:05,553 [MainThread  ] [INFO ]  Removed: ['/home/arunima/gitrepos/gromacs_sims/Antimicrobial_Peptides/Pseudomonas_antibiotics/simulation/aminostep2012C/b4bb6dfd-b8f6-428a-9114-07ee916e70d1', 'mdout.mdp']
