2025-10-27 09:43:39,751 [MainThread  ] [INFO ]                 :-) GROMACS - gmx solvate, 2024.5-conda_forge (-:

Executable:   /usr/local/bin.AVX2_256/gmx
Data prefix:  /usr/local
Working dir:  /host_pwd/cipparc2018C
Command line:
  gmx -nobackup -nocopyright solvate -cp /host_pwd/cipparc2018C/sandbox_22b532c9-edb1-459e-b1b9-0dda76a43829/prot_cipparc2018C_CIP_complex_editconf.gro -cs spc216.gro -o /host_pwd/cipparc2018C/sandbox_22b532c9-edb1-459e-b1b9-0dda76a43829/prot_cipparc2018C_CIP_solvate.gro -p 9ea3e5eb-eb19-4485-aa6d-e5aa1a0a12d6/ligand.top

Reading solute configuration
Reading solvent configuration

Initialising inter-atomic distances...
Generating solvent configuration
Will generate new solvent configuration of 15x14x12 boxes
Solvent box contains 1615824 atoms in 538608 residues
Removed 71715 solvent atoms due to solvent-solvent overlap
Removed 21291 solvent atoms due to solute-solvent overlap
Sorting configuration
Found 1 molecule type:
    SOL (   3 atoms): 507606 residues
Generated solvent containing 1522818 atoms in 507606 residues
Writing generated configuration to /host_pwd/cipparc2018C/sandbox_22b532c9-edb1-459e-b1b9-0dda76a43829/prot_cipparc2018C_CIP_solvate.gro

Output configuration contains 1545226 atoms in 509037 residues
Volume                 :     15708.7 (nm^3)
Density                :      984.56 (g/l)
Number of solvent molecules:  507606   

Processing topology

GROMACS reminds you: "If all it takes to motivate you is a fancy picture and quote, you probably have a very easy job. The type of job computers will soon be doing." (Anonymous)


