2025-05-02 04:42:02,995 [MainThread  ] [INFO ]  Executing biobb_structure_utils.utils.extract_molecule Version: 4.2.0
2025-05-02 04:42:03,009 [MainThread  ] [INFO ]  Copy: /home/arunima/gitrepos/gromacs_sims/Antimicrobial_Peptides/Pseudomonas_antibiotics/simulation/pbpmez2018C/pbpmez2018C.pdb to /home/arunima/gitrepos/gromacs_sims/Antimicrobial_Peptides/Pseudomonas_antibiotics/simulation/pbpmez2018C/275c2257-c09f-4452-9022-c9fbbf5e7075
2025-05-02 04:42:03,010 [MainThread  ] [INFO ]  Creating 5cd0bacd-9b7b-4e10-b98d-07e6b6495d8a temporary folder
2025-05-02 04:42:03,093 [MainThread  ] [INFO ]  check_structure -i /home/arunima/gitrepos/gromacs_sims/Antimicrobial_Peptides/Pseudomonas_antibiotics/simulation/pbpmez2018C/pbpmez2018C.pdb -o prot_pbpmez2018C.pdb --force_save --non_interactive command_list --list 5cd0bacd-9b7b-4e10-b98d-07e6b6495d8a/extract_prot.lst

2025-05-02 04:42:04,584 [MainThread  ] [INFO ]  Exit code 0

2025-05-02 04:42:04,584 [MainThread  ] [INFO ]  ================================================================================
=                   BioBB structure checking utility v3.13.4                   =
=            P. Andrio, A. Hospital, G. Bayarri, J.L. Gelpi 2018-23            =
================================================================================

Warning: sequence features may not be available, use --sequence for  external fasta input
Structure /home/arunima/gitrepos/gromacs_sims/Antimicrobial_Peptides/Pseudomonas_antibiotics/simulation/pbpmez2018C/pbpmez2018C.pdb loaded
 PDB id:  
 Title: 
 Experimental method: unknown
 Resolution (A): N.A.

 Num. models: 1
 Num. chains: 2 ( : Unknown, A: Protein)
 Num. residues:  647
 Num. residues with ins. codes:  0
 Num. residues with H atoms: 647 (total 669 H atoms)
 Num. HETATM residues:  1
 Num. ligands or modified residues:  1
 Num. water mol.:  0
 Num. atoms:  5775
Modified residues found
MEZ  1

Step 1: ligands --remove All

Running ligands. Options: --remove All
Detected 1 Ligands
 MEZ  1
Ligands removed All (1)

Step 2: water --remove Yes

Running water. Options: --remove Yes
No water molecules found
Command list completed
Final Num. models: 1
Final Num. chains: 2 ( : Water, A: Protein)
Final Num. residues:  646
Final Num. residues with ins. codes:  0
Final Num. residues with H atoms: 646 (total 646 H atoms)
Final Num. HETATM residues:  0
Final Num. ligands or modified residues:  0
Final Num. water mol.:  0
Final Num. atoms:  5746
Structure saved on prot_pbpmez2018C.pdb

2025-05-02 04:42:04,605 [MainThread  ] [INFO ]  Removed: ['/home/arunima/gitrepos/gromacs_sims/Antimicrobial_Peptides/Pseudomonas_antibiotics/simulation/pbpmez2018C/275c2257-c09f-4452-9022-c9fbbf5e7075', '5cd0bacd-9b7b-4e10-b98d-07e6b6495d8a']
