2025-05-02 05:28:08,026 [MainThread  ] [INFO ]  Executing biobb_gromacs.gromacs.grompp Version: 4.2.0
2025-05-02 05:28:08,163 [MainThread  ] [INFO ]  Copy: prot_pbpmez2018C_MEZ_npt.gro to /home/arunima/gitrepos/gromacs_sims/Antimicrobial_Peptides/Pseudomonas_antibiotics/simulation/pbpmez2018C/4ce61e40-51ef-45bf-8a07-2f6e35a6ecf9
2025-05-02 05:28:08,216 [MainThread  ] [INFO ]  Copy: prot_pbpmez2018C_MEZ_npt.cpt to /home/arunima/gitrepos/gromacs_sims/Antimicrobial_Peptides/Pseudomonas_antibiotics/simulation/pbpmez2018C/4ce61e40-51ef-45bf-8a07-2f6e35a6ecf9
2025-05-02 05:28:08,236 [MainThread  ] [INFO ]  Extracting: /home/arunima/gitrepos/gromacs_sims/Antimicrobial_Peptides/Pseudomonas_antibiotics/simulation/pbpmez2018C/prot_pbpmez2018C_MEZ_genion_top.zip
2025-05-02 05:28:08,236 [MainThread  ] [INFO ]  to:
2025-05-02 05:28:08,236 [MainThread  ] [INFO ]  ['/home/arunima/gitrepos/gromacs_sims/Antimicrobial_Peptides/Pseudomonas_antibiotics/simulation/pbpmez2018C/4ce61e40-51ef-45bf-8a07-2f6e35a6ecf9/MEZ_posres.itp', '/home/arunima/gitrepos/gromacs_sims/Antimicrobial_Peptides/Pseudomonas_antibiotics/simulation/pbpmez2018C/4ce61e40-51ef-45bf-8a07-2f6e35a6ecf9/MEZparams.itp', '/home/arunima/gitrepos/gromacs_sims/Antimicrobial_Peptides/Pseudomonas_antibiotics/simulation/pbpmez2018C/4ce61e40-51ef-45bf-8a07-2f6e35a6ecf9/ligand.top', '/home/arunima/gitrepos/gromacs_sims/Antimicrobial_Peptides/Pseudomonas_antibiotics/simulation/pbpmez2018C/4ce61e40-51ef-45bf-8a07-2f6e35a6ecf9/posre.itp']
2025-05-02 05:28:08,237 [MainThread  ] [INFO ]  Unzipping: 
2025-05-02 05:28:08,237 [MainThread  ] [INFO ]  prot_pbpmez2018C_MEZ_genion_top.zip
2025-05-02 05:28:08,237 [MainThread  ] [INFO ]  To: 
2025-05-02 05:28:08,237 [MainThread  ] [INFO ]  /home/arunima/gitrepos/gromacs_sims/Antimicrobial_Peptides/Pseudomonas_antibiotics/simulation/pbpmez2018C/4ce61e40-51ef-45bf-8a07-2f6e35a6ecf9/MEZ_posres.itp
2025-05-02 05:28:08,237 [MainThread  ] [INFO ]  /home/arunima/gitrepos/gromacs_sims/Antimicrobial_Peptides/Pseudomonas_antibiotics/simulation/pbpmez2018C/4ce61e40-51ef-45bf-8a07-2f6e35a6ecf9/MEZparams.itp
2025-05-02 05:28:08,237 [MainThread  ] [INFO ]  /home/arunima/gitrepos/gromacs_sims/Antimicrobial_Peptides/Pseudomonas_antibiotics/simulation/pbpmez2018C/4ce61e40-51ef-45bf-8a07-2f6e35a6ecf9/ligand.top
2025-05-02 05:28:08,237 [MainThread  ] [INFO ]  /home/arunima/gitrepos/gromacs_sims/Antimicrobial_Peptides/Pseudomonas_antibiotics/simulation/pbpmez2018C/4ce61e40-51ef-45bf-8a07-2f6e35a6ecf9/posre.itp
2025-05-02 05:28:08,238 [MainThread  ] [INFO ]  gmx -nobackup -nocopyright grompp -f /home/arunima/gitrepos/gromacs_sims/Antimicrobial_Peptides/Pseudomonas_antibiotics/simulation/pbpmez2018C/4ce61e40-51ef-45bf-8a07-2f6e35a6ecf9/grompp.mdp -c /home/arunima/gitrepos/gromacs_sims/Antimicrobial_Peptides/Pseudomonas_antibiotics/simulation/pbpmez2018C/4ce61e40-51ef-45bf-8a07-2f6e35a6ecf9/prot_pbpmez2018C_MEZ_npt.gro -r /home/arunima/gitrepos/gromacs_sims/Antimicrobial_Peptides/Pseudomonas_antibiotics/simulation/pbpmez2018C/4ce61e40-51ef-45bf-8a07-2f6e35a6ecf9/prot_pbpmez2018C_MEZ_npt.gro -p /home/arunima/gitrepos/gromacs_sims/Antimicrobial_Peptides/Pseudomonas_antibiotics/simulation/pbpmez2018C/4ce61e40-51ef-45bf-8a07-2f6e35a6ecf9/ligand.top -o /home/arunima/gitrepos/gromacs_sims/Antimicrobial_Peptides/Pseudomonas_antibiotics/simulation/pbpmez2018C/4ce61e40-51ef-45bf-8a07-2f6e35a6ecf9/prot_pbpmez2018C_MEZ_gppmd.tpr -po mdout.mdp -maxwarn 10 -t /home/arunima/gitrepos/gromacs_sims/Antimicrobial_Peptides/Pseudomonas_antibiotics/simulation/pbpmez2018C/4ce61e40-51ef-45bf-8a07-2f6e35a6ecf9/prot_pbpmez2018C_MEZ_npt.cpt

2025-05-02 05:28:12,460 [MainThread  ] [INFO ]  Exit code 0

2025-05-02 05:28:12,461 [MainThread  ] [INFO ]  Setting the LD random seed to -336072777

Generated 3741 of the 3741 non-bonded parameter combinations

Generated 3741 of the 3741 1-4 parameter combinations

Excluding 3 bonded neighbours molecule type 'Protein_chain_A'

turning H bonds into constraints...

Excluding 3 bonded neighbours molecule type 'MEZparams'

turning H bonds into constraints...

Excluding 2 bonded neighbours molecule type 'SOL'

turning H bonds into constraints...

Excluding 1 bonded neighbours molecule type 'CL'

turning H bonds into constraints...
Analysing residue names:
There are:   646    Protein residues
There are:     1      Other residues
There are: 315190      Water residues
There are:     2        Ion residues
Analysing Protein...
Analysing residues not classified as Protein/DNA/RNA/Water and splitting into groups...

The largest distance between excluded atoms is 0.436 nm between atom 6690 and 6698

Determining Verlet buffer for a tolerance of 0.005 kJ/mol/ps at 300 K

Calculated rlist for 1x1 atom pair-list as 1.036 nm, buffer size 0.036 nm

Set rlist, assuming 4x4 atom pair-list, to 1.000 nm, buffer size 0.000 nm

Note that mdrun will redetermine rlist based on the actual pair-list setup

Reading Coordinates, Velocities and Box size from old trajectory

Will read whole trajectory

Using frame at t = 100 ps

Starting time for run is 0 ps
Calculating fourier grid dimensions for X Y Z
Using a fourier grid of 200x200x200, spacing 0.116 0.116 0.116

Estimate for the relative computational load of the PME mesh part: 0.30

2025-05-02 05:28:13,009 [MainThread  ] [INFO ]  Removed: ['/home/arunima/gitrepos/gromacs_sims/Antimicrobial_Peptides/Pseudomonas_antibiotics/simulation/pbpmez2018C/4ce61e40-51ef-45bf-8a07-2f6e35a6ecf9', 'mdout.mdp']
