2025-05-02 21:14:39,544 [MainThread  ] [INFO ]                 :-) GROMACS - gmx trjconv, 2024.5-conda_forge (-:

Executable:   /home/arunima/.conda/envs/biobb_wf_protein-complex_md_setup/bin.AVX2_256/gmx
Data prefix:  /home/arunima/.conda/envs/biobb_wf_protein-complex_md_setup
Working dir:  /home/arunima/gitrepos/gromacs_sims/Antimicrobial_Peptides/Pseudomonas_antibiotics/simulation/pbpmez2018C
Command line:
  gmx trjconv -f /home/arunima/gitrepos/gromacs_sims/Antimicrobial_Peptides/Pseudomonas_antibiotics/simulation/pbpmez2018C/8a9e3dcc-3790-4048-876e-ee6440bf0228/prot_pbpmez2018C_MEZ_md.gro -s /home/arunima/gitrepos/gromacs_sims/Antimicrobial_Peptides/Pseudomonas_antibiotics/simulation/pbpmez2018C/8a9e3dcc-3790-4048-876e-ee6440bf0228/prot_pbpmez2018C_MEZ_gppmd.tpr -o /home/arunima/gitrepos/gromacs_sims/Antimicrobial_Peptides/Pseudomonas_antibiotics/simulation/pbpmez2018C/8a9e3dcc-3790-4048-876e-ee6440bf0228/prot_pbpmez2018C_MEZ_md_dry.gro -nocenter -n /home/arunima/gitrepos/gromacs_sims/Antimicrobial_Peptides/Pseudomonas_antibiotics/simulation/pbpmez2018C/8a9e3dcc-3790-4048-876e-ee6440bf0228/prot_pbpmez2018C_MEZ_index.ndx

Will write gro: Coordinate file in Gromos-87 format
Reading file /home/arunima/gitrepos/gromacs_sims/Antimicrobial_Peptides/Pseudomonas_antibiotics/simulation/pbpmez2018C/8a9e3dcc-3790-4048-876e-ee6440bf0228/prot_pbpmez2018C_MEZ_gppmd.tpr, VERSION 2024.5-conda_forge (single precision)
Reading file /home/arunima/gitrepos/gromacs_sims/Antimicrobial_Peptides/Pseudomonas_antibiotics/simulation/pbpmez2018C/8a9e3dcc-3790-4048-876e-ee6440bf0228/prot_pbpmez2018C_MEZ_gppmd.tpr, VERSION 2024.5-conda_forge (single precision)
Group     0 (         System) has 955819 elements
Group     1 (        Protein) has 10188 elements
Group     2 (      Protein-H) has  5100 elements
Group     3 (        C-alpha) has   646 elements
Group     4 (       Backbone) has  1938 elements
Group     5 (      MainChain) has  2585 elements
Group     6 (   MainChain+Cb) has  3183 elements
Group     7 (    MainChain+H) has  3189 elements
Group     8 (      SideChain) has  6999 elements
Group     9 (    SideChain-H) has  2515 elements
Group    10 (    Prot-Masses) has 10188 elements
Group    11 (    non-Protein) has 945631 elements
Group    12 (          Other) has    59 elements
Group    13 (            MEZ) has    59 elements
Group    14 (             CL) has     2 elements
Group    15 (          Water) has 945570 elements
Group    16 (            SOL) has 945570 elements
Group    17 (      non-Water) has 10249 elements
Group    18 (            Ion) has     2 elements
Group    19 ( Water_and_ions) has 945572 elements
Group    20 (  Protein_Other) has 10247 elements
Select a group: Reading frames from gro file 'Protein in water', 955819 atoms.
Reading frame       0 time    0.000   
Precision of /home/arunima/gitrepos/gromacs_sims/Antimicrobial_Peptides/Pseudomonas_antibiotics/simulation/pbpmez2018C/8a9e3dcc-3790-4048-876e-ee6440bf0228/prot_pbpmez2018C_MEZ_md.gro is 0.001 (nm)
Last frame          0 time    0.000   
 ->  frame      0 time    0.000      
Last written: frame      0 time    0.000


GROMACS reminds you: "I never thought of stopping, and I just hated sleeping. I can't imagine having a better life." (Barbara McClintock)


