2025-09-04 19:10:16,524 [MainThread  ] [INFO ]                       :-) GROMACS - gmx solvate, 2024.4 (-:

Executable:   /usr/local/gromacs/bin/gmx
Data prefix:  /usr/local/gromacs
Working dir:  /home/admin/gitrepos/gromacs_sims/Antimicrobial_Peptides/Pseudomonas_antibiotics/simulation/aminotob2012C
Command line:
  gmx -nobackup -nocopyright solvate -cp /home/admin/gitrepos/gromacs_sims/Antimicrobial_Peptides/Pseudomonas_antibiotics/simulation/aminotob2012C/sandbox_1469a833-1aa1-4105-94be-d71b841a411e/prot_aminotob2012C_TOB_complex_editconf.gro -cs spc216.gro -o /home/admin/gitrepos/gromacs_sims/Antimicrobial_Peptides/Pseudomonas_antibiotics/simulation/aminotob2012C/sandbox_1469a833-1aa1-4105-94be-d71b841a411e/prot_aminotob2012C_TOB_solvate.gro -p aea63417-f8f8-43da-8075-11d4e4493155/ligand.top

Reading solute configuration
Reading solvent configuration

Initialising inter-atomic distances...
Generating solvent configuration
Will generate new solvent configuration of 5x5x5 boxes
Solvent box contains 65250 atoms in 21750 residues
Removed 6903 solvent atoms due to solvent-solvent overlap
Removed 5619 solvent atoms due to solute-solvent overlap
Sorting configuration
Found 1 molecule type:
    SOL (   3 atoms): 17576 residues
Generated solvent containing 52728 atoms in 17576 residues
Writing generated configuration to /home/admin/gitrepos/gromacs_sims/Antimicrobial_Peptides/Pseudomonas_antibiotics/simulation/aminotob2012C/sandbox_1469a833-1aa1-4105-94be-d71b841a411e/prot_aminotob2012C_TOB_solvate.gro

Output configuration contains 58742 atoms in 17959 residues
Volume                 :     595.196 (nm^3)
Density                :     1010.66 (g/l)
Number of solvent molecules:  17576   

Processing topology

GROMACS reminds you: "Let Me Do This" (Urban Dance Squad)


