                :-) GROMACS - gmx mdrun, 2023.2-conda_forge (-:

Copyright 1991-2023 The GROMACS Authors.
GROMACS is free software; you can redistribute it and/or modify it
under the terms of the GNU Lesser General Public License
as published by the Free Software Foundation; either version 2.1
of the License, or (at your option) any later version.

                         Current GROMACS contributors:
       Mark Abraham           Andrey Alekseenko           Cathrine Bergh      
      Christian Blau            Eliane Briand             Mahesh Doijade      
    Stefan Fleischmann           Vytas Gapsys              Gaurav Garg        
      Sergey Gorelov         Gilles Gouaillardet            Alan Gray         
     M. Eric Irrgang         Farzaneh Jalalypour            Joe Jordan        
    Christoph Junghans        Prashanth Kanduri          Sebastian Keller     
     Carsten Kutzner           Justin A. Lemkul          Magnus Lundborg      
       Pascal Merz              Vedran Miletic            Dmitry Morozov      
       Szilard Pall             Roland Schulz             Michael Shirts      
     Alexey Shvetsov            Balint Soproni         David van der Spoel    
      Philip Turner             Carsten Uphoff           Alessandra Villa     
 Sebastian Wingbermuehle        Artem Zhmurov       

                         Previous GROMACS contributors:
        Emile Apol             Rossen Apostolov           James Barnett       
  Herman J.C. Berendsen          Par Bjelkmar           Viacheslav Bolnykh    
        Kevin Boyd            Aldert van Buuren          Carlo Camilloni      
     Rudi van Drunen            Anton Feenstra           Oliver Fleetwood     
     Gerrit Groenhof            Bert de Groot             Anca Hamuraru       
    Vincent Hindriksen          Victor Holanda           Aleksei Iupinov      
   Dimitrios Karkoulis           Peter Kasson             Sebastian Kehl      
        Jiri Kraus               Per Larsson              Viveca Lindahl      
      Erik Marklund           Pieter Meulenhoff           Teemu Murtola       
       Sander Pronk             Alfons Sijbers            Peter Tieleman      
       Jon Vincent             Teemu Virolainen         Christian Wennberg    
       Maarten Wolf       

                  Coordinated by the GROMACS project leaders:
                    Paul Bauer, Berk Hess, and Erik Lindahl

GROMACS:      gmx mdrun, version 2023.2-conda_forge
Executable:   /usr/local/condaenv/envs/mdanalysis-old/bin.AVX2_256/gmx
Data prefix:  /usr/local/condaenv/envs/mdanalysis-old
Working dir:  /home/admin/gitrepos/gromacs_sims/zeb_hb/zeb_hb_only_sim/sys_equi/sys_em
Process ID:   1830872
Command line:
  gmx mdrun -s Init_em_zeb_hb.tpr -deffnm Init_em_zeb_hb -nt 16 -ntmpi 0 -nsteps -2 -nocopyright -gpu_id 0

GROMACS version:    2023.2-conda_forge
Precision:          mixed
Memory model:       64 bit
MPI library:        thread_mpi
OpenMP support:     enabled (GMX_OPENMP_MAX_THREADS = 128)
GPU support:        CUDA
NB cluster size:    8
SIMD instructions:  AVX2_256
CPU FFT library:    fftw-3.3.10-sse2-avx
GPU FFT library:    cuFFT
Multi-GPU FFT:      none
RDTSCP usage:       enabled
TNG support:        enabled
Hwloc support:      disabled
Tracing support:    disabled
C compiler:         /home/conda/feedstock_root/build_artifacts/gromacs_1696359863238/_build_env/bin/x86_64-conda-linux-gnu-cc GNU 10.4.0
C compiler flags:   -fexcess-precision=fast -funroll-all-loops -mavx2 -mfma -Wno-missing-field-initializers -O3 -DNDEBUG
C++ compiler:       /home/conda/feedstock_root/build_artifacts/gromacs_1696359863238/_build_env/bin/x86_64-conda-linux-gnu-c++ GNU 10.4.0
C++ compiler flags: -fexcess-precision=fast -funroll-all-loops -mavx2 -mfma -Wno-missing-field-initializers -Wno-cast-function-type-strict SHELL:-fopenmp -O3 -DNDEBUG
BLAS library:       
LAPACK library:     
CUDA compiler:      /usr/local/cuda/bin/nvcc nvcc: NVIDIA (R) Cuda compiler driver;Copyright (c) 2005-2021 NVIDIA Corporation;Built on Sun_Feb_14_21:12:58_PST_2021;Cuda compilation tools, release 11.2, V11.2.152;Build cuda_11.2.r11.2/compiler.29618528_0
CUDA compiler flags:-std=c++17;--generate-code=arch=compute_35,code=sm_35;--generate-code=arch=compute_37,code=sm_37;--generate-code=arch=compute_50,code=sm_50;--generate-code=arch=compute_52,code=sm_52;--generate-code=arch=compute_60,code=sm_60;--generate-code=arch=compute_61,code=sm_61;--generate-code=arch=compute_70,code=sm_70;--generate-code=arch=compute_75,code=sm_75;--generate-code=arch=compute_80,code=sm_80;--generate-code=arch=compute_86,code=sm_86;-Wno-deprecated-gpu-targets;--generate-code=arch=compute_53,code=sm_53;--generate-code=arch=compute_80,code=sm_80;-use_fast_math;-Xptxas;-warn-double-usage;-Xptxas;-Werror;;-fexcess-precision=fast -funroll-all-loops -mavx2 -mfma -Wno-missing-field-initializers -Wno-cast-function-type-strict SHELL:-fopenmp -O3 -DNDEBUG
CUDA driver:        12.0
CUDA runtime:       11.20


Running on 1 node with total 8 cores, 16 processing units, 1 compatible GPU
Hardware detected on host shavak-DIT400TR-55L:
  CPU info:
    Vendor: Intel
    Brand:  Intel(R) Xeon(R) Gold 6226R CPU @ 2.90GHz
    Family: 6   Model: 85   Stepping: 7
    Features: aes apic avx avx2 avx512f avx512cd avx512bw avx512vl avx512secondFMA clfsh cmov cx8 cx16 f16c fma htt intel lahf mmx msr nonstop_tsc pcid pclmuldq pdcm pdpe1gb popcnt pse rdrnd rdtscp sse2 sse3 sse4.1 sse4.2 ssse3 tdt x2apic
    Number of AVX-512 FMA units: 2
  Hardware topology: Basic
    Packages, cores, and logical processors:
    [indices refer to OS logical processors]
      Package  0: [   0  32] [   1  33] [   2  34] [   3  35] [   8  40] [   9  41] [  10  42] [  11  43]
    CPU limit set by OS: -1   Recommended max number of threads: 16
  GPU info:
    Number of GPUs detected: 1
    #0: NVIDIA Quadro RTX 5000, compute cap.: 7.5, ECC:  no, stat: compatible

Likely fastest SIMD instructions supported by all nodes: AVX_512
SIMD instructions selected at compile time:              AVX2_256
Merely a note: it is unfortunately hard to know for sure which SIMD
instructons will perform best on this hardware. For non-GPU runs
on Intel CPUs with dual AVX-512 units, using AVX-512 can be good,
while AVX2 is often better for runs also using a GPU. Typically
this is just a few percent, so don't worry unless you are tuning.


++++ PLEASE READ AND CITE THE FOLLOWING REFERENCE ++++
M. J. Abraham, T. Murtola, R. Schulz, S. Páll, J. C. Smith, B. Hess, E.
Lindahl
GROMACS: High performance molecular simulations through multi-level
parallelism from laptops to supercomputers
SoftwareX 1 (2015) pp. 19-25
-------- -------- --- Thank You --- -------- --------


++++ PLEASE READ AND CITE THE FOLLOWING REFERENCE ++++
S. Páll, M. J. Abraham, C. Kutzner, B. Hess, E. Lindahl
Tackling Exascale Software Challenges in Molecular Dynamics Simulations with
GROMACS
In S. Markidis & E. Laure (Eds.), Solving Software Challenges for Exascale 8759 (2015) pp. 3-27
-------- -------- --- Thank You --- -------- --------


++++ PLEASE READ AND CITE THE FOLLOWING REFERENCE ++++
S. Pronk, S. Páll, R. Schulz, P. Larsson, P. Bjelkmar, R. Apostolov, M. R.
Shirts, J. C. Smith, P. M. Kasson, D. van der Spoel, B. Hess, and E. Lindahl
GROMACS 4.5: a high-throughput and highly parallel open source molecular
simulation toolkit
Bioinformatics 29 (2013) pp. 845-54
-------- -------- --- Thank You --- -------- --------


++++ PLEASE READ AND CITE THE FOLLOWING REFERENCE ++++
B. Hess and C. Kutzner and D. van der Spoel and E. Lindahl
GROMACS 4: Algorithms for highly efficient, load-balanced, and scalable
molecular simulation
J. Chem. Theory Comput. 4 (2008) pp. 435-447
-------- -------- --- Thank You --- -------- --------


++++ PLEASE READ AND CITE THE FOLLOWING REFERENCE ++++
D. van der Spoel, E. Lindahl, B. Hess, G. Groenhof, A. E. Mark and H. J. C.
Berendsen
GROMACS: Fast, Flexible and Free
J. Comp. Chem. 26 (2005) pp. 1701-1719
-------- -------- --- Thank You --- -------- --------


++++ PLEASE READ AND CITE THE FOLLOWING REFERENCE ++++
E. Lindahl and B. Hess and D. van der Spoel
GROMACS 3.0: A package for molecular simulation and trajectory analysis
J. Mol. Mod. 7 (2001) pp. 306-317
-------- -------- --- Thank You --- -------- --------


++++ PLEASE READ AND CITE THE FOLLOWING REFERENCE ++++
H. J. C. Berendsen, D. van der Spoel and R. van Drunen
GROMACS: A message-passing parallel molecular dynamics implementation
Comp. Phys. Comm. 91 (1995) pp. 43-56
-------- -------- --- Thank You --- -------- --------

Input Parameters:
   integrator                     = steep
   tinit                          = 0
   dt                             = 0
   nsteps                         = 10000
   init-step                      = 0
   simulation-part                = 1
   mts                            = false
   comm-mode                      = Linear
   nstcomm                        = 100
   bd-fric                        = 0
   ld-seed                        = 526210798
   emtol                          = 10
   emstep                         = 0.01
   niter                          = 20
   fcstep                         = 0
   nstcgsteep                     = 1000
   nbfgscorr                      = 10
   rtpi                           = 0.05
   nstxout                        = 0
   nstvout                        = 0
   nstfout                        = 0
   nstlog                         = 5000
   nstcalcenergy                  = 100
   nstenergy                      = 5000
   nstxout-compressed             = 5000
   compressed-x-precision         = 1000
   cutoff-scheme                  = Verlet
   nstlist                        = 10
   pbc                            = xyz
   periodic-molecules             = false
   verlet-buffer-tolerance        = 0.005
   rlist                          = 1.05
   coulombtype                    = PME
   coulomb-modifier               = Potential-shift
   rcoulomb-switch                = 0
   rcoulomb                       = 1
   epsilon-r                      = 1
   epsilon-rf                     = inf
   vdw-type                       = Cut-off
   vdw-modifier                   = Potential-shift
   rvdw-switch                    = 0
   rvdw                           = 1
   DispCorr                       = EnerPres
   table-extension                = 1
   fourierspacing                 = 0.12
   fourier-nx                     = 60
   fourier-ny                     = 60
   fourier-nz                     = 60
   pme-order                      = 4
   ewald-rtol                     = 1e-05
   ewald-rtol-lj                  = 0.001
   lj-pme-comb-rule               = Geometric
   ewald-geometry                 = 3d
   epsilon-surface                = 0
   ensemble-temperature-setting   = not available
   ensemble-temperature           = -1
   tcoupl                         = No
   nsttcouple                     = -1
   nh-chain-length                = 0
   print-nose-hoover-chain-variables = false
   pcoupl                         = No
   pcoupltype                     = Isotropic
   nstpcouple                     = -1
   tau-p                          = 5
   compressibility (3x3):
      compressibility[    0]={ 0.00000e+00,  0.00000e+00,  0.00000e+00}
      compressibility[    1]={ 0.00000e+00,  0.00000e+00,  0.00000e+00}
      compressibility[    2]={ 0.00000e+00,  0.00000e+00,  0.00000e+00}
   ref-p (3x3):
      ref-p[    0]={ 0.00000e+00,  0.00000e+00,  0.00000e+00}
      ref-p[    1]={ 0.00000e+00,  0.00000e+00,  0.00000e+00}
      ref-p[    2]={ 0.00000e+00,  0.00000e+00,  0.00000e+00}
   refcoord-scaling               = COM
   posres-com (3):
      posres-com[0]= 0.00000e+00
      posres-com[1]= 0.00000e+00
      posres-com[2]= 0.00000e+00
   posres-comB (3):
      posres-comB[0]= 0.00000e+00
      posres-comB[1]= 0.00000e+00
      posres-comB[2]= 0.00000e+00
   QMMM                           = false
qm-opts:
   ngQM                           = 0
   constraint-algorithm           = Lincs
   continuation                   = false
   Shake-SOR                      = false
   shake-tol                      = 0.0001
   lincs-order                    = 4
   lincs-iter                     = 1
   lincs-warnangle                = 30
   nwall                          = 0
   wall-type                      = 9-3
   wall-r-linpot                  = -1
   wall-atomtype[0]               = -1
   wall-atomtype[1]               = -1
   wall-density[0]                = 0
   wall-density[1]                = 0
   wall-ewald-zfac                = 3
   pull                           = false
   awh                            = false
   rotation                       = false
   interactiveMD                  = false
   disre                          = Simple
   disre-weighting                = Conservative
   disre-mixed                    = false
   dr-fc                          = 1000
   dr-tau                         = 0
   nstdisreout                    = 0
   orire-fc                       = 0
   orire-tau                      = 0
   nstorireout                    = 100
   free-energy                    = no
   cos-acceleration               = 0
   deform (3x3):
      deform[    0]={ 0.00000e+00,  0.00000e+00,  0.00000e+00}
      deform[    1]={ 0.00000e+00,  0.00000e+00,  0.00000e+00}
      deform[    2]={ 0.00000e+00,  0.00000e+00,  0.00000e+00}
   simulated-tempering            = false
   swapcoords                     = no
   userint1                       = 0
   userint2                       = 0
   userint3                       = 0
   userint4                       = 0
   userreal1                      = 0
   userreal2                      = 0
   userreal3                      = 0
   userreal4                      = 0
   applied-forces:
     electric-field:
       x:
         E0                       = 0
         omega                    = 0
         t0                       = 0
         sigma                    = 0
       y:
         E0                       = 0
         omega                    = 0
         t0                       = 0
         sigma                    = 0
       z:
         E0                       = 0
         omega                    = 0
         t0                       = 0
         sigma                    = 0
     density-guided-simulation:
       active                     = false
       group                      = protein
       similarity-measure         = inner-product
       atom-spreading-weight      = unity
       force-constant             = 1e+09
       gaussian-transform-spreading-width = 0.2
       gaussian-transform-spreading-range-in-multiples-of-width = 4
       reference-density-filename = reference.mrc
       nst                        = 1
       normalize-densities        = true
       adaptive-force-scaling     = false
       adaptive-force-scaling-time-constant = 4
       shift-vector               = 
       transformation-matrix      = 
     qmmm-cp2k:
       active                     = false
       qmgroup                    = System
       qmmethod                   = PBE
       qmfilenames                = 
       qmcharge                   = 0
       qmmultiplicity             = 1
grpopts:
   nrdf:       45402
   ref-t:           0
   tau-t:           0
annealing:          No
annealing-npoints:           0
   acc:	           0           0           0
   nfreeze:           N           N           N
   energygrp-flags[  0]: 0

When checking whether update groups are usable:
  Domain decomposition is not active, so there is no need for update groups

Update task can not run on the GPU, because the following condition(s) were not satisfied:

Only the md integrator is supported.

1 GPU selected for this run.
Mapping of GPU IDs to the 1 GPU task in the 1 rank on this node:
  PP:0
PP tasks will do (non-perturbed) short-ranged interactions on the GPU
PP task will update and constrain coordinates on the CPU
Using 1 MPI thread

Non-default thread affinity set, disabling internal thread affinity

Using 16 OpenMP threads 

System total charge: -0.000
Will do PME sum in reciprocal space for electrostatic interactions.

++++ PLEASE READ AND CITE THE FOLLOWING REFERENCE ++++
U. Essmann, L. Perera, M. L. Berkowitz, T. Darden, H. Lee and L. G. Pedersen 
A smooth particle mesh Ewald method
J. Chem. Phys. 103 (1995) pp. 8577-8592
-------- -------- --- Thank You --- -------- --------

Using a Gaussian width (1/beta) of 0.320163 nm for Ewald
Potential shift: LJ r^-12: -1.000e+00 r^-6: -1.000e+00, Ewald -1.000e-05
Initialized non-bonded Coulomb Ewald tables, spacing: 9.33e-04 size: 1073

Generated table with 1025 data points for 1-4 COUL.
Tabscale = 500 points/nm
Generated table with 1025 data points for 1-4 LJ6.
Tabscale = 500 points/nm
Generated table with 1025 data points for 1-4 LJ12.
Tabscale = 500 points/nm
Long Range LJ corr.: <C6> 3.2536e-04


Using GPU 8x8 nonbonded short-range kernels

Using a 8x8 pair-list setup:
  updated every 10 steps, buffer 0.050 nm, rlist 1.050 nm

Using Lorentz-Berthelot Lennard-Jones combination rule
Removing pbc first time

++++ PLEASE READ AND CITE THE FOLLOWING REFERENCE ++++
S. Miyamoto and P. A. Kollman
SETTLE: An Analytical Version of the SHAKE and RATTLE Algorithms for Rigid
Water Models
J. Comp. Chem. 13 (1992) pp. 952-962
-------- -------- --- Thank You --- -------- --------


Note that activating steepest-descent energy minimization via the integrator .mdp option and the command gmx mdrun may be available in a different form in a future version of GROMACS, e.g. gmx minimize and an .mdp option.
Initiating Steepest Descents
Started Steepest Descents on rank 0 Fri Aug 30 12:23:48 2024


Steepest Descents:
   Tolerance (Fmax)   =  1.00000e+01
   Number of steps    =        10000
           Step           Time
              0        0.00000

   Energies (kJ/mol)
           Bond          Angle    Proper Dih. Per. Imp. Dih.          LJ-14
    6.35772e+01    1.48410e+03    5.65539e+03    7.81244e+01    2.18726e+03
     Coulomb-14        LJ (SR)  Disper. corr.   Coulomb (SR)   Coul. recip.
    3.20599e+04    4.98612e+04   -2.87190e+03   -4.34697e+05    1.74950e+03
      Potential Pres. DC (bar) Pressure (bar)
   -3.47302e+05   -2.16419e+02   -3.30083e+03

           Step           Time
              1        1.00000

           Step           Time
              2        2.00000

   Energies (kJ/mol)
           Bond          Angle    Proper Dih. Per. Imp. Dih.          LJ-14
    4.26356e+02    1.23920e+03    5.64379e+03    7.77089e+01    2.17328e+03
     Coulomb-14        LJ (SR)  Disper. corr.   Coulomb (SR)   Coul. recip.
    3.19845e+04    4.98610e+04   -2.87190e+03   -4.34763e+05    1.74042e+03
      Potential Pres. DC (bar) Pressure (bar)
   -3.47361e+05   -2.16419e+02   -3.41853e+03

           Step           Time
              3        3.00000

           Step           Time
              4        4.00000

   Energies (kJ/mol)
           Bond          Angle    Proper Dih. Per. Imp. Dih.          LJ-14
    1.12400e+02    1.30092e+03    5.64773e+03    7.75480e+01    2.16109e+03
     Coulomb-14        LJ (SR)  Disper. corr.   Coulomb (SR)   Coul. recip.
    3.19760e+04    4.98847e+04   -2.87190e+03   -4.34718e+05    1.74503e+03
      Potential Pres. DC (bar) Pressure (bar)
   -3.47556e+05   -2.16419e+02   -3.57382e+03

           Step           Time
              5        5.00000

           Step           Time
              6        6.00000

   Energies (kJ/mol)
           Bond          Angle    Proper Dih. Per. Imp. Dih.          LJ-14
    1.72608e+02    1.25580e+03    5.64681e+03    7.64723e+01    2.15291e+03
     Coulomb-14        LJ (SR)  Disper. corr.   Coulomb (SR)   Coul. recip.
    3.19629e+04    4.98883e+04   -2.87190e+03   -4.34740e+05    1.74284e+03
      Potential Pres. DC (bar) Pressure (bar)
   -3.47585e+05   -2.16419e+02   -3.64297e+03

           Step           Time
              7        7.00000

           Step           Time
              8        8.00000

   Energies (kJ/mol)
           Bond          Angle    Proper Dih. Per. Imp. Dih.          LJ-14
    1.37503e+02    1.25853e+03    5.64627e+03    7.67287e+01    2.14953e+03
     Coulomb-14        LJ (SR)  Disper. corr.   Coulomb (SR)   Coul. recip.
    3.19495e+04    4.98939e+04   -2.87190e+03   -4.34725e+05    1.74370e+03
      Potential Pres. DC (bar) Pressure (bar)
   -3.47613e+05   -2.16419e+02   -3.68941e+03

           Step           Time
              9        9.00000

   Energies (kJ/mol)
           Bond          Angle    Proper Dih. Per. Imp. Dih.          LJ-14
    1.96879e+02    1.24114e+03    5.64539e+03    7.62507e+01    2.13318e+03
     Coulomb-14        LJ (SR)  Disper. corr.   Coulomb (SR)   Coul. recip.
    3.19180e+04    4.99057e+04   -2.87190e+03   -4.34735e+05    1.74252e+03
      Potential Pres. DC (bar) Pressure (bar)
   -3.47620e+05   -2.16419e+02   -3.84800e+03

           Step           Time
             10       10.00000

   Energies (kJ/mol)
           Bond          Angle    Proper Dih. Per. Imp. Dih.          LJ-14
    1.69771e+02    1.23989e+03    5.64526e+03    7.62748e+01    2.13154e+03
     Coulomb-14        LJ (SR)  Disper. corr.   Coulomb (SR)   Coul. recip.
    3.19069e+04    4.99073e+04   -2.87190e+03   -4.34720e+05    1.74338e+03
      Potential Pres. DC (bar) Pressure (bar)
   -3.47644e+05   -2.16419e+02   -3.85727e+03

           Step           Time
             11       11.00000

           Step           Time
             12       12.00000

   Energies (kJ/mol)
           Bond          Angle    Proper Dih. Per. Imp. Dih.          LJ-14
    1.82823e+02    1.23729e+03    5.64525e+03    7.61194e+01    2.12694e+03
     Coulomb-14        LJ (SR)  Disper. corr.   Coulomb (SR)   Coul. recip.
    3.18992e+04    4.99086e+04   -2.87190e+03   -4.34725e+05    1.74284e+03
      Potential Pres. DC (bar) Pressure (bar)
   -3.47650e+05   -2.16419e+02   -3.88633e+03

           Step           Time
             13       13.00000

   Energies (kJ/mol)
           Bond          Angle    Proper Dih. Per. Imp. Dih.          LJ-14
    1.82384e+02    1.23755e+03    5.64542e+03    7.60505e+01    2.12324e+03
     Coulomb-14        LJ (SR)  Disper. corr.   Coulomb (SR)   Coul. recip.
    3.18884e+04    4.99101e+04   -2.87190e+03   -4.34717e+05    1.74335e+03
      Potential Pres. DC (bar) Pressure (bar)
   -3.47655e+05   -2.16419e+02   -3.90577e+03

           Step           Time
             14       14.00000

   Energies (kJ/mol)
           Bond          Angle    Proper Dih. Per. Imp. Dih.          LJ-14
    1.96657e+02    1.23583e+03    5.64548e+03    7.59205e+01    2.11887e+03
     Coulomb-14        LJ (SR)  Disper. corr.   Coulomb (SR)   Coul. recip.
    3.18813e+04    4.99109e+04   -2.87190e+03   -4.34722e+05    1.74267e+03
      Potential Pres. DC (bar) Pressure (bar)
   -3.47658e+05   -2.16419e+02   -3.92932e+03

           Step           Time
             15       15.00000

   Energies (kJ/mol)
           Bond          Angle    Proper Dih. Per. Imp. Dih.          LJ-14
    1.94331e+02    1.23714e+03    5.64582e+03    7.58904e+01    2.11568e+03
     Coulomb-14        LJ (SR)  Disper. corr.   Coulomb (SR)   Coul. recip.
    3.18724e+04    4.99121e+04   -2.87190e+03   -4.34714e+05    1.74340e+03
      Potential Pres. DC (bar) Pressure (bar)
   -3.47661e+05   -2.16419e+02   -3.94232e+03

           Step           Time
             16       16.00000

   Energies (kJ/mol)
           Bond          Angle    Proper Dih. Per. Imp. Dih.          LJ-14
    2.11472e+02    1.23596e+03    5.64588e+03    7.57863e+01    2.11159e+03
     Coulomb-14        LJ (SR)  Disper. corr.   Coulomb (SR)   Coul. recip.
    3.18659e+04    4.99127e+04   -2.87190e+03   -4.34719e+05    1.74251e+03
      Potential Pres. DC (bar) Pressure (bar)
   -3.47661e+05   -2.16419e+02   -3.96190e+03

           Step           Time
             17       17.00000

   Energies (kJ/mol)
           Bond          Angle    Proper Dih. Per. Imp. Dih.          LJ-14
    2.07873e+02    1.23818e+03    5.64637e+03    7.57838e+01    2.10872e+03
     Coulomb-14        LJ (SR)  Disper. corr.   Coulomb (SR)   Coul. recip.
    3.18585e+04    4.99137e+04   -2.87190e+03   -4.34711e+05    1.74351e+03
      Potential Pres. DC (bar) Pressure (bar)
   -3.47662e+05   -2.16419e+02   -3.97136e+03

           Step           Time
             18       18.00000

           Step           Time
             19       19.00000

   Energies (kJ/mol)
           Bond          Angle    Proper Dih. Per. Imp. Dih.          LJ-14
    2.02753e+02    1.23603e+03    5.64635e+03    7.57412e+01    2.10686e+03
     Coulomb-14        LJ (SR)  Disper. corr.   Coulomb (SR)   Coul. recip.
    3.18556e+04    4.99138e+04   -2.87190e+03   -4.34714e+05    1.74288e+03
      Potential Pres. DC (bar) Pressure (bar)
   -3.47677e+05   -2.16419e+02   -3.97873e+03

           Step           Time
             20       20.00000

           Step           Time
             21       21.00000

   Energies (kJ/mol)
           Bond          Angle    Proper Dih. Per. Imp. Dih.          LJ-14
    2.11441e+02    1.23749e+03    5.64709e+03    7.56691e+01    2.09961e+03
     Coulomb-14        LJ (SR)  Disper. corr.   Coulomb (SR)   Coul. recip.
    3.18421e+04    4.99153e+04   -2.87190e+03   -4.34710e+05    1.74313e+03
      Potential Pres. DC (bar) Pressure (bar)
   -3.47682e+05   -2.16419e+02   -4.00511e+03

           Step           Time
             22       22.00000

   Energies (kJ/mol)
           Bond          Angle    Proper Dih. Per. Imp. Dih.          LJ-14
    2.13923e+02    1.23729e+03    5.64717e+03    7.56488e+01    2.09750e+03
     Coulomb-14        LJ (SR)  Disper. corr.   Coulomb (SR)   Coul. recip.
    3.18379e+04    4.99156e+04   -2.87190e+03   -4.34710e+05    1.74274e+03
      Potential Pres. DC (bar) Pressure (bar)
   -3.47686e+05   -2.16419e+02   -4.01210e+03

           Step           Time
             23       23.00000

           Step           Time
             24       24.00000

   Energies (kJ/mol)
           Bond          Angle    Proper Dih. Per. Imp. Dih.          LJ-14
    2.13814e+02    1.23793e+03    5.64746e+03    7.56421e+01    2.09543e+03
     Coulomb-14        LJ (SR)  Disper. corr.   Coulomb (SR)   Coul. recip.
    3.18345e+04    4.99160e+04   -2.87190e+03   -4.34708e+05    1.74294e+03
      Potential Pres. DC (bar) Pressure (bar)
   -3.47688e+05   -2.16419e+02   -4.01842e+03

           Step           Time
             25       25.00000

   Energies (kJ/mol)
           Bond          Angle    Proper Dih. Per. Imp. Dih.          LJ-14
    2.20944e+02    1.23870e+03    5.64783e+03    7.56172e+01    2.09121e+03
     Coulomb-14        LJ (SR)  Disper. corr.   Coulomb (SR)   Coul. recip.
    3.18270e+04    4.99167e+04   -2.87190e+03   -4.34708e+05    1.74269e+03
      Potential Pres. DC (bar) Pressure (bar)
   -3.47691e+05   -2.16419e+02   -4.03157e+03

           Step           Time
             26       26.00000

   Energies (kJ/mol)
           Bond          Angle    Proper Dih. Per. Imp. Dih.          LJ-14
    2.19727e+02    1.23954e+03    5.64815e+03    7.56183e+01    2.08917e+03
     Coulomb-14        LJ (SR)  Disper. corr.   Coulomb (SR)   Coul. recip.
    3.18240e+04    4.99172e+04   -2.87190e+03   -4.34707e+05    1.74297e+03
      Potential Pres. DC (bar) Pressure (bar)
   -3.47694e+05   -2.16419e+02   -4.03730e+03

           Step           Time
             27       27.00000

           Step           Time
             28       28.00000

   Energies (kJ/mol)
           Bond          Angle    Proper Dih. Per. Imp. Dih.          LJ-14
    2.21890e+02    1.23970e+03    5.64829e+03    7.56104e+01    2.08737e+03
     Coulomb-14        LJ (SR)  Disper. corr.   Coulomb (SR)   Coul. recip.
    3.18208e+04    4.99174e+04   -2.87190e+03   -4.34706e+05    1.74277e+03
      Potential Pres. DC (bar) Pressure (bar)
   -3.47696e+05   -2.16419e+02   -4.04250e+03

           Step           Time
             29       29.00000

   Energies (kJ/mol)
           Bond          Angle    Proper Dih. Per. Imp. Dih.          LJ-14
    2.24705e+02    1.24115e+03    5.64880e+03    7.56060e+01    2.08357e+03
     Coulomb-14        LJ (SR)  Disper. corr.   Coulomb (SR)   Coul. recip.
    3.18150e+04    4.99182e+04   -2.87190e+03   -4.34705e+05    1.74295e+03
      Potential Pres. DC (bar) Pressure (bar)
   -3.47699e+05   -2.16419e+02   -4.05314e+03

           Step           Time
             30       30.00000

   Energies (kJ/mol)
           Bond          Angle    Proper Dih. Per. Imp. Dih.          LJ-14
    2.27682e+02    1.24135e+03    5.64895e+03    7.55984e+01    2.08157e+03
     Coulomb-14        LJ (SR)  Disper. corr.   Coulomb (SR)   Coul. recip.
    3.18116e+04    4.99184e+04   -2.87190e+03   -4.34705e+05    1.74269e+03
      Potential Pres. DC (bar) Pressure (bar)
   -3.47701e+05   -2.16419e+02   -4.05871e+03

           Step           Time
             31       31.00000

   Energies (kJ/mol)
           Bond          Angle    Proper Dih. Per. Imp. Dih.          LJ-14
    2.29002e+02    1.24274e+03    5.64937e+03    7.56022e+01    2.07881e+03
     Coulomb-14        LJ (SR)  Disper. corr.   Coulomb (SR)   Coul. recip.
    3.18078e+04    4.99190e+04   -2.87190e+03   -4.34703e+05    1.74296e+03
      Potential Pres. DC (bar) Pressure (bar)
   -3.47702e+05   -2.16419e+02   -4.06595e+03

           Step           Time
             32       32.00000

   Energies (kJ/mol)
           Bond          Angle    Proper Dih. Per. Imp. Dih.          LJ-14
    2.33195e+02    1.24290e+03    5.64951e+03    7.55937e+01    2.07672e+03
     Coulomb-14        LJ (SR)  Disper. corr.   Coulomb (SR)   Coul. recip.
    3.18042e+04    4.99193e+04   -2.87190e+03   -4.34704e+05    1.74259e+03
      Potential Pres. DC (bar) Pressure (bar)
   -3.47704e+05   -2.16419e+02   -4.07168e+03

           Step           Time
             33       33.00000

   Energies (kJ/mol)
           Bond          Angle    Proper Dih. Per. Imp. Dih.          LJ-14
    2.33484e+02    1.24444e+03    5.64993e+03    7.56020e+01    2.07438e+03
     Coulomb-14        LJ (SR)  Disper. corr.   Coulomb (SR)   Coul. recip.
    3.18013e+04    4.99198e+04   -2.87190e+03   -4.34703e+05    1.74298e+03
      Potential Pres. DC (bar) Pressure (bar)
   -3.47705e+05   -2.16419e+02   -4.07753e+03

           Step           Time
             34       34.00000

   Energies (kJ/mol)
           Bond          Angle    Proper Dih. Per. Imp. Dih.          LJ-14
    2.39649e+02    1.24451e+03    5.65002e+03    7.55914e+01    2.07228e+03
     Coulomb-14        LJ (SR)  Disper. corr.   Coulomb (SR)   Coul. recip.
    3.17977e+04    4.99202e+04   -2.87190e+03   -4.34703e+05    1.74248e+03
      Potential Pres. DC (bar) Pressure (bar)
   -3.47705e+05   -2.16419e+02   -4.08319e+03

           Step           Time
             35       35.00000

           Step           Time
             36       36.00000

   Energies (kJ/mol)
           Bond          Angle    Proper Dih. Per. Imp. Dih.          LJ-14
    2.33971e+02    1.24488e+03    5.65025e+03    7.55976e+01    2.07122e+03
     Coulomb-14        LJ (SR)  Disper. corr.   Coulomb (SR)   Coul. recip.
    3.17965e+04    4.99204e+04   -2.87190e+03   -4.34702e+05    1.74274e+03
      Potential Pres. DC (bar) Pressure (bar)
   -3.47711e+05   -2.16419e+02   -4.08542e+03

           Step           Time
             37       37.00000

   Energies (kJ/mol)
           Bond          Angle    Proper Dih. Per. Imp. Dih.          LJ-14
    2.53987e+02    1.24999e+03    5.65187e+03    7.55965e+01    2.05732e+03
     Coulomb-14        LJ (SR)  Disper. corr.   Coulomb (SR)   Coul. recip.
    3.17765e+04    4.99233e+04   -2.87190e+03   -4.34701e+05    1.74227e+03
      Potential Pres. DC (bar) Pressure (bar)
   -3.47714e+05   -2.16419e+02   -4.12072e+03

           Step           Time
             38       38.00000

   Energies (kJ/mol)
           Bond          Angle    Proper Dih. Per. Imp. Dih.          LJ-14
    2.44869e+02    1.25043e+03    5.65212e+03    7.56049e+01    2.05638e+03
     Coulomb-14        LJ (SR)  Disper. corr.   Coulomb (SR)   Coul. recip.
    3.17758e+04    4.99237e+04   -2.87190e+03   -4.34701e+05    1.74262e+03
      Potential Pres. DC (bar) Pressure (bar)
   -3.47723e+05   -2.16419e+02   -4.12227e+03

           Step           Time
             39       39.00000

           Step           Time
             40       40.00000

   Energies (kJ/mol)
           Bond          Angle    Proper Dih. Per. Imp. Dih.          LJ-14
    2.49998e+02    1.25135e+03    5.65240e+03    7.56028e+01    2.05362e+03
     Coulomb-14        LJ (SR)  Disper. corr.   Coulomb (SR)   Coul. recip.
    3.17721e+04    4.99242e+04   -2.87190e+03   -4.34701e+05    1.74236e+03
      Potential Pres. DC (bar) Pressure (bar)
   -3.47723e+05   -2.16419e+02   -4.12864e+03

           Step           Time
             41       41.00000

   Energies (kJ/mol)
           Bond          Angle    Proper Dih. Per. Imp. Dih.          LJ-14
    2.47446e+02    1.25219e+03    5.65264e+03    7.56100e+01    2.05247e+03
     Coulomb-14        LJ (SR)  Disper. corr.   Coulomb (SR)   Coul. recip.
    3.17710e+04    4.99248e+04   -2.87190e+03   -4.34701e+05    1.74259e+03
      Potential Pres. DC (bar) Pressure (bar)
   -3.47726e+05   -2.16419e+02   -4.13094e+03

           Step           Time
             42       42.00000

           Step           Time
             43       43.00000

   Energies (kJ/mol)
           Bond          Angle    Proper Dih. Per. Imp. Dih.          LJ-14
    2.48919e+02    1.25234e+03    5.65274e+03    7.56064e+01    2.05133e+03
     Coulomb-14        LJ (SR)  Disper. corr.   Coulomb (SR)   Coul. recip.
    3.17694e+04    4.99249e+04   -2.87190e+03   -4.34701e+05    1.74241e+03
      Potential Pres. DC (bar) Pressure (bar)
   -3.47727e+05   -2.16419e+02   -4.13351e+03

           Step           Time
             44       44.00000

   Energies (kJ/mol)
           Bond          Angle    Proper Dih. Per. Imp. Dih.          LJ-14
    2.49583e+02    1.25364e+03    5.65306e+03    7.56145e+01    2.04932e+03
     Coulomb-14        LJ (SR)  Disper. corr.   Coulomb (SR)   Coul. recip.
    3.17672e+04    4.99257e+04   -2.87190e+03   -4.34701e+05    1.74256e+03
      Potential Pres. DC (bar) Pressure (bar)
   -3.47728e+05   -2.16419e+02   -4.13787e+03

           Step           Time
             45       45.00000

   Energies (kJ/mol)
           Bond          Angle    Proper Dih. Per. Imp. Dih.          LJ-14
    2.51720e+02    1.25373e+03    5.65314e+03    7.56099e+01    2.04810e+03
     Coulomb-14        LJ (SR)  Disper. corr.   Coulomb (SR)   Coul. recip.
    3.17654e+04    4.99260e+04   -2.87190e+03   -4.34702e+05    1.74230e+03
      Potential Pres. DC (bar) Pressure (bar)
   -3.47730e+05   -2.16419e+02   -4.14066e+03

           Step           Time
             46       46.00000

   Energies (kJ/mol)
           Bond          Angle    Proper Dih. Per. Imp. Dih.          LJ-14
    2.51809e+02    1.25506e+03    5.65344e+03    7.56171e+01    2.04646e+03
     Coulomb-14        LJ (SR)  Disper. corr.   Coulomb (SR)   Coul. recip.
    3.17638e+04    4.99266e+04   -2.87190e+03   -4.34702e+05    1.74252e+03
      Potential Pres. DC (bar) Pressure (bar)
   -3.47730e+05   -2.16419e+02   -4.14412e+03

           Step           Time
             47       47.00000

   Energies (kJ/mol)
           Bond          Angle    Proper Dih. Per. Imp. Dih.          LJ-14
    2.55007e+02    1.25504e+03    5.65350e+03    7.56110e+01    2.04522e+03
     Coulomb-14        LJ (SR)  Disper. corr.   Coulomb (SR)   Coul. recip.
    3.17618e+04    4.99269e+04   -2.87190e+03   -4.34702e+05    1.74219e+03
      Potential Pres. DC (bar) Pressure (bar)
   -3.47731e+05   -2.16419e+02   -4.14703e+03

           Step           Time
             48       48.00000

           Step           Time
             49       49.00000

   Energies (kJ/mol)
           Bond          Angle    Proper Dih. Per. Imp. Dih.          LJ-14
    2.52155e+02    1.25553e+03    5.65365e+03    7.56151e+01    2.04450e+03
     Coulomb-14        LJ (SR)  Disper. corr.   Coulomb (SR)   Coul. recip.
    3.17612e+04    4.99273e+04   -2.87190e+03   -4.34702e+05    1.74234e+03
      Potential Pres. DC (bar) Pressure (bar)
   -3.47733e+05   -2.16419e+02   -4.14836e+03

           Step           Time
             50       50.00000

   Energies (kJ/mol)
           Bond          Angle    Proper Dih. Per. Imp. Dih.          LJ-14
    2.60178e+02    1.25784e+03    5.65427e+03    7.56158e+01    2.03919e+03
     Coulomb-14        LJ (SR)  Disper. corr.   Coulomb (SR)   Coul. recip.
    3.17545e+04    4.99291e+04   -2.87190e+03   -4.34704e+05    1.74201e+03
      Potential Pres. DC (bar) Pressure (bar)
   -3.47735e+05   -2.16419e+02   -4.16017e+03

           Step           Time
             51       51.00000

   Energies (kJ/mol)
           Bond          Angle    Proper Dih. Per. Imp. Dih.          LJ-14
    2.55735e+02    1.25842e+03    5.65445e+03    7.56228e+01    2.03846e+03
     Coulomb-14        LJ (SR)  Disper. corr.   Coulomb (SR)   Coul. recip.
    3.17540e+04    4.99296e+04   -2.87190e+03   -4.34704e+05    1.74222e+03
      Potential Pres. DC (bar) Pressure (bar)
   -3.47739e+05   -2.16419e+02   -4.16138e+03

           Step           Time
             52       52.00000

           Step           Time
             53       53.00000

   Energies (kJ/mol)
           Bond          Angle    Proper Dih. Per. Imp. Dih.          LJ-14
    2.58257e+02    1.25885e+03    5.65459e+03    7.56201e+01    2.03704e+03
     Coulomb-14        LJ (SR)  Disper. corr.   Coulomb (SR)   Coul. recip.
    3.17520e+04    4.99300e+04   -2.87190e+03   -4.34705e+05    1.74204e+03
      Potential Pres. DC (bar) Pressure (bar)
   -3.47741e+05   -2.16419e+02   -4.16454e+03

           Step           Time
             54       54.00000

   Energies (kJ/mol)
           Bond          Angle    Proper Dih. Per. Imp. Dih.          LJ-14
    2.57237e+02    1.25968e+03    5.65477e+03    7.56247e+01    2.03606e+03
     Coulomb-14        LJ (SR)  Disper. corr.   Coulomb (SR)   Coul. recip.
    3.17511e+04    4.99306e+04   -2.87190e+03   -4.34705e+05    1.74217e+03
      Potential Pres. DC (bar) Pressure (bar)
   -3.47742e+05   -2.16419e+02   -4.16647e+03

           Step           Time
             55       55.00000

   Energies (kJ/mol)
           Bond          Angle    Proper Dih. Per. Imp. Dih.          LJ-14
    2.60645e+02    1.25998e+03    5.65487e+03    7.56206e+01    2.03474e+03
     Coulomb-14        LJ (SR)  Disper. corr.   Coulomb (SR)   Coul. recip.
    3.17492e+04    4.99311e+04   -2.87190e+03   -4.34706e+05    1.74194e+03
      Potential Pres. DC (bar) Pressure (bar)
   -3.47742e+05   -2.16419e+02   -4.16948e+03

           Step           Time
             56       56.00000

   Energies (kJ/mol)
           Bond          Angle    Proper Dih. Per. Imp. Dih.          LJ-14
    2.58908e+02    1.26096e+03    5.65509e+03    7.56272e+01    2.03378e+03
     Coulomb-14        LJ (SR)  Disper. corr.   Coulomb (SR)   Coul. recip.
    3.17485e+04    4.99316e+04   -2.87190e+03   -4.34706e+05    1.74214e+03
      Potential Pres. DC (bar) Pressure (bar)
   -3.47744e+05   -2.16419e+02   -4.17126e+03

           Step           Time
             57       57.00000

           Step           Time
             58       58.00000

   Energies (kJ/mol)
           Bond          Angle    Proper Dih. Per. Imp. Dih.          LJ-14
    2.59338e+02    1.26083e+03    5.65511e+03    7.56236e+01    2.03318e+03
     Coulomb-14        LJ (SR)  Disper. corr.   Coulomb (SR)   Coul. recip.
    3.17475e+04    4.99318e+04   -2.87190e+03   -4.34707e+05    1.74198e+03
      Potential Pres. DC (bar) Pressure (bar)
   -3.47745e+05   -2.16419e+02   -4.17259e+03

           Step           Time
             59       59.00000

   Energies (kJ/mol)
           Bond          Angle    Proper Dih. Per. Imp. Dih.          LJ-14
    2.61022e+02    1.26261e+03    5.65549e+03    7.56299e+01    2.03073e+03
     Coulomb-14        LJ (SR)  Disper. corr.   Coulomb (SR)   Coul. recip.
    3.17448e+04    4.99331e+04   -2.87190e+03   -4.34708e+05    1.74205e+03
      Potential Pres. DC (bar) Pressure (bar)
   -3.47746e+05   -2.16419e+02   -4.17765e+03

           Step           Time
             60       60.00000

   Energies (kJ/mol)
           Bond          Angle    Proper Dih. Per. Imp. Dih.          LJ-14
    2.61843e+02    1.26237e+03    5.65550e+03    7.56254e+01    2.03007e+03
     Coulomb-14        LJ (SR)  Disper. corr.   Coulomb (SR)   Coul. recip.
    3.17437e+04    4.99333e+04   -2.87190e+03   -4.34709e+05    1.74183e+03
      Potential Pres. DC (bar) Pressure (bar)
   -3.47748e+05   -2.16419e+02   -4.17915e+03

           Step           Time
             61       61.00000

           Step           Time
             62       62.00000

   Energies (kJ/mol)
           Bond          Angle    Proper Dih. Per. Imp. Dih.          LJ-14
    2.61039e+02    1.26301e+03    5.65565e+03    7.56292e+01    2.02931e+03
     Coulomb-14        LJ (SR)  Disper. corr.   Coulomb (SR)   Coul. recip.
    3.17430e+04    4.99338e+04   -2.87190e+03   -4.34709e+05    1.74191e+03
      Potential Pres. DC (bar) Pressure (bar)
   -3.47750e+05   -2.16419e+02   -4.18062e+03

           Step           Time
             63       63.00000

   Energies (kJ/mol)
           Bond          Angle    Proper Dih. Per. Imp. Dih.          LJ-14
    2.63675e+02    1.26343e+03    5.65576e+03    7.56260e+01    2.02803e+03
     Coulomb-14        LJ (SR)  Disper. corr.   Coulomb (SR)   Coul. recip.
    3.17412e+04    4.99345e+04   -2.87190e+03   -4.34710e+05    1.74172e+03
      Potential Pres. DC (bar) Pressure (bar)
   -3.47750e+05   -2.16419e+02   -4.18343e+03

           Step           Time
             64       64.00000

   Energies (kJ/mol)
           Bond          Angle    Proper Dih. Per. Imp. Dih.          LJ-14
    2.62305e+02    1.26419e+03    5.65592e+03    7.56307e+01    2.02727e+03
     Coulomb-14        LJ (SR)  Disper. corr.   Coulomb (SR)   Coul. recip.
    3.17406e+04    4.99351e+04   -2.87190e+03   -4.34710e+05    1.74184e+03
      Potential Pres. DC (bar) Pressure (bar)
   -3.47751e+05   -2.16419e+02   -4.18486e+03

           Step           Time
             65       65.00000

   Energies (kJ/mol)
           Bond          Angle    Proper Dih. Per. Imp. Dih.          LJ-14
    2.65902e+02    1.26445e+03    5.65600e+03    7.56263e+01    2.02614e+03
     Coulomb-14        LJ (SR)  Disper. corr.   Coulomb (SR)   Coul. recip.
    3.17389e+04    4.99355e+04   -2.87190e+03   -4.34712e+05    1.74161e+03
      Potential Pres. DC (bar) Pressure (bar)
   -3.47752e+05   -2.16419e+02   -4.18742e+03

           Step           Time
             66       66.00000

   Energies (kJ/mol)
           Bond          Angle    Proper Dih. Per. Imp. Dih.          LJ-14
    2.63768e+02    1.26537e+03    5.65619e+03    7.56334e+01    2.02537e+03
     Coulomb-14        LJ (SR)  Disper. corr.   Coulomb (SR)   Coul. recip.
    3.17383e+04    4.99361e+04   -2.87190e+03   -4.34711e+05    1.74181e+03
      Potential Pres. DC (bar) Pressure (bar)
   -3.47752e+05   -2.16419e+02   -4.18876e+03

           Step           Time
             67       67.00000

           Step           Time
             68       68.00000

   Energies (kJ/mol)
           Bond          Angle    Proper Dih. Per. Imp. Dih.          LJ-14
    2.64178e+02    1.26520e+03    5.65620e+03    7.56297e+01    2.02487e+03
     Coulomb-14        LJ (SR)  Disper. corr.   Coulomb (SR)   Coul. recip.
    3.17375e+04    4.99364e+04   -2.87190e+03   -4.34712e+05    1.74164e+03
      Potential Pres. DC (bar) Pressure (bar)
   -3.47755e+05   -2.16419e+02   -4.18986e+03

           Step           Time
             69       69.00000

   Energies (kJ/mol)
           Bond          Angle    Proper Dih. Per. Imp. Dih.          LJ-14
    2.65500e+02    1.26674e+03    5.65650e+03    7.56357e+01    2.02306e+03
     Coulomb-14        LJ (SR)  Disper. corr.   Coulomb (SR)   Coul. recip.
    3.17356e+04    4.99377e+04   -2.87190e+03   -4.34714e+05    1.74173e+03
      Potential Pres. DC (bar) Pressure (bar)
   -3.47756e+05   -2.16419e+02   -4.19352e+03

           Step           Time
             70       70.00000

   Energies (kJ/mol)
           Bond          Angle    Proper Dih. Per. Imp. Dih.          LJ-14
    2.66272e+02    1.26645e+03    5.65650e+03    7.56302e+01    2.02251e+03
     Coulomb-14        LJ (SR)  Disper. corr.   Coulomb (SR)   Coul. recip.
    3.17346e+04    4.99379e+04   -2.87190e+03   -4.34715e+05    1.74149e+03
      Potential Pres. DC (bar) Pressure (bar)
   -3.47757e+05   -2.16419e+02   -4.19476e+03

           Step           Time
             71       71.00000

           Step           Time
             72       72.00000

   Energies (kJ/mol)
           Bond          Angle    Proper Dih. Per. Imp. Dih.          LJ-14
    2.65269e+02    1.26704e+03    5.65663e+03    7.56345e+01    2.02190e+03
     Coulomb-14        LJ (SR)  Disper. corr.   Coulomb (SR)   Coul. recip.
    3.17340e+04    4.99383e+04   -2.87190e+03   -4.34715e+05    1.74159e+03
      Potential Pres. DC (bar) Pressure (bar)
   -3.47758e+05   -2.16419e+02   -4.19589e+03

           Step           Time
             73       73.00000

   Energies (kJ/mol)
           Bond          Angle    Proper Dih. Per. Imp. Dih.          LJ-14
    2.67961e+02    1.26739e+03    5.65672e+03    7.56313e+01    2.02081e+03
     Coulomb-14        LJ (SR)  Disper. corr.   Coulomb (SR)   Coul. recip.
    3.17325e+04    4.99389e+04   -2.87190e+03   -4.34717e+05    1.74139e+03
      Potential Pres. DC (bar) Pressure (bar)
   -3.47759e+05   -2.16419e+02   -4.19831e+03

           Step           Time
             74       74.00000

   Energies (kJ/mol)
           Bond          Angle    Proper Dih. Per. Imp. Dih.          LJ-14
    2.66365e+02    1.26811e+03    5.65687e+03    7.56372e+01    2.02018e+03
     Coulomb-14        LJ (SR)  Disper. corr.   Coulomb (SR)   Coul. recip.
    3.17320e+04    4.99396e+04   -2.87190e+03   -4.34716e+05    1.74152e+03
      Potential Pres. DC (bar) Pressure (bar)
   -3.47760e+05   -2.16419e+02   -4.19940e+03

           Step           Time
             75       75.00000

           Step           Time
             76       76.00000

   Energies (kJ/mol)
           Bond          Angle    Proper Dih. Per. Imp. Dih.          LJ-14
    2.67044e+02    1.26808e+03    5.65689e+03    7.56346e+01    2.01970e+03
     Coulomb-14        LJ (SR)  Disper. corr.   Coulomb (SR)   Coul. recip.
    3.17312e+04    4.99398e+04   -2.87190e+03   -4.34717e+05    1.74140e+03
      Potential Pres. DC (bar) Pressure (bar)
   -3.47761e+05   -2.16419e+02   -4.20041e+03

           Step           Time
             77       77.00000

   Energies (kJ/mol)
           Bond          Angle    Proper Dih. Per. Imp. Dih.          LJ-14
    2.67530e+02    1.26920e+03    5.65711e+03    7.56388e+01    2.01841e+03
     Coulomb-14        LJ (SR)  Disper. corr.   Coulomb (SR)   Coul. recip.
    3.17298e+04    4.99408e+04   -2.87190e+03   -4.34718e+05    1.74144e+03
      Potential Pres. DC (bar) Pressure (bar)
   -3.47762e+05   -2.16419e+02   -4.20297e+03

           Step           Time
             78       78.00000

   Energies (kJ/mol)
           Bond          Angle    Proper Dih. Per. Imp. Dih.          LJ-14
    2.68564e+02    1.26909e+03    5.65713e+03    7.56349e+01    2.01790e+03
     Coulomb-14        LJ (SR)  Disper. corr.   Coulomb (SR)   Coul. recip.
    3.17290e+04    4.99411e+04   -2.87190e+03   -4.34720e+05    1.74128e+03
      Potential Pres. DC (bar) Pressure (bar)
   -3.47764e+05   -2.16419e+02   -4.20412e+03

           Step           Time
             79       79.00000

   Energies (kJ/mol)
           Bond          Angle    Proper Dih. Per. Imp. Dih.          LJ-14
    2.68747e+02    1.27019e+03    5.65732e+03    7.56402e+01    2.01693e+03
     Coulomb-14        LJ (SR)  Disper. corr.   Coulomb (SR)   Coul. recip.
    3.17281e+04    4.99419e+04   -2.87190e+03   -4.34720e+05    1.74137e+03
      Potential Pres. DC (bar) Pressure (bar)
   -3.47764e+05   -2.16419e+02   -4.20597e+03

           Step           Time
             80       80.00000

   Energies (kJ/mol)
           Bond          Angle    Proper Dih. Per. Imp. Dih.          LJ-14
    2.70358e+02    1.26995e+03    5.65731e+03    7.56354e+01    2.01640e+03
     Coulomb-14        LJ (SR)  Disper. corr.   Coulomb (SR)   Coul. recip.
    3.17271e+04    4.99422e+04   -2.87190e+03   -4.34721e+05    1.74115e+03
      Potential Pres. DC (bar) Pressure (bar)
   -3.47765e+05   -2.16419e+02   -4.20721e+03

           Step           Time
             81       81.00000

   Energies (kJ/mol)
           Bond          Angle    Proper Dih. Per. Imp. Dih.          LJ-14
    2.70364e+02    1.27122e+03    5.65752e+03    7.56437e+01    2.01556e+03
     Coulomb-14        LJ (SR)  Disper. corr.   Coulomb (SR)   Coul. recip.
    3.17265e+04    4.99431e+04   -2.87190e+03   -4.34722e+05    1.74135e+03
      Potential Pres. DC (bar) Pressure (bar)
   -3.47765e+05   -2.16419e+02   -4.20873e+03

           Step           Time
             82       82.00000

   Energies (kJ/mol)
           Bond          Angle    Proper Dih. Per. Imp. Dih.          LJ-14
    2.72971e+02    1.27078e+03    5.65748e+03    7.56364e+01    2.01504e+03
     Coulomb-14        LJ (SR)  Disper. corr.   Coulomb (SR)   Coul. recip.
    3.17253e+04    4.99432e+04   -2.87190e+03   -4.34724e+05    1.74103e+03
      Potential Pres. DC (bar) Pressure (bar)
   -3.47766e+05   -2.16419e+02   -4.21008e+03

           Step           Time
             83       83.00000

           Step           Time
             84       84.00000

   Energies (kJ/mol)
           Bond          Angle    Proper Dih. Per. Imp. Dih.          LJ-14
    2.69374e+02    1.27122e+03    5.65760e+03    7.56413e+01    2.01465e+03
     Coulomb-14        LJ (SR)  Disper. corr.   Coulomb (SR)   Coul. recip.
    3.17251e+04    4.99437e+04   -2.87190e+03   -4.34724e+05    1.74116e+03
      Potential Pres. DC (bar) Pressure (bar)
   -3.47769e+05   -2.16419e+02   -4.21055e+03

           Step           Time
             85       85.00000

           Step           Time
             86       86.00000

   Energies (kJ/mol)
           Bond          Angle    Proper Dih. Per. Imp. Dih.          LJ-14
    2.71375e+02    1.27159e+03    5.65769e+03    7.56394e+01    2.01368e+03
     Coulomb-14        LJ (SR)  Disper. corr.   Coulomb (SR)   Coul. recip.
    3.17237e+04    4.99445e+04   -2.87190e+03   -4.34726e+05    1.74101e+03
      Potential Pres. DC (bar) Pressure (bar)
   -3.47770e+05   -2.16419e+02   -4.21262e+03

           Step           Time
             87       87.00000

   Energies (kJ/mol)
           Bond          Angle    Proper Dih. Per. Imp. Dih.          LJ-14
    2.70216e+02    1.27216e+03    5.65780e+03    7.56428e+01    2.01319e+03
     Coulomb-14        LJ (SR)  Disper. corr.   Coulomb (SR)   Coul. recip.
    3.17234e+04    4.99451e+04   -2.87190e+03   -4.34726e+05    1.74109e+03
      Potential Pres. DC (bar) Pressure (bar)
   -3.47771e+05   -2.16419e+02   -4.21347e+03

           Step           Time
             88       88.00000

   Energies (kJ/mol)
           Bond          Angle    Proper Dih. Per. Imp. Dih.          LJ-14
    2.72896e+02    1.27237e+03    5.65786e+03    7.56394e+01    2.01238e+03
     Coulomb-14        LJ (SR)  Disper. corr.   Coulomb (SR)   Coul. recip.
    3.17221e+04    4.99457e+04   -2.87190e+03   -4.34728e+05    1.74090e+03
      Potential Pres. DC (bar) Pressure (bar)
   -3.47772e+05   -2.16419e+02   -4.21527e+03

           Step           Time
             89       89.00000

   Energies (kJ/mol)
           Bond          Angle    Proper Dih. Per. Imp. Dih.          LJ-14
    2.71137e+02    1.27307e+03    5.65799e+03    7.56449e+01    2.01187e+03
     Coulomb-14        LJ (SR)  Disper. corr.   Coulomb (SR)   Coul. recip.
    3.17218e+04    4.99464e+04   -2.87190e+03   -4.34728e+05    1.74101e+03
      Potential Pres. DC (bar) Pressure (bar)
   -3.47773e+05   -2.16419e+02   -4.21609e+03

           Step           Time
             90       90.00000

           Step           Time
             91       91.00000

   Energies (kJ/mol)
           Bond          Angle    Proper Dih. Per. Imp. Dih.          LJ-14
    2.71661e+02    1.27296e+03    5.65800e+03    7.56428e+01    2.01153e+03
     Coulomb-14        LJ (SR)  Disper. corr.   Coulomb (SR)   Coul. recip.
    3.17211e+04    4.99466e+04   -2.87190e+03   -4.34729e+05    1.74090e+03
      Potential Pres. DC (bar) Pressure (bar)
   -3.47774e+05   -2.16419e+02   -4.21684e+03

           Step           Time
             92       92.00000

   Energies (kJ/mol)
           Bond          Angle    Proper Dih. Per. Imp. Dih.          LJ-14
    2.72164e+02    1.27403e+03    5.65819e+03    7.56481e+01    2.01046e+03
     Coulomb-14        LJ (SR)  Disper. corr.   Coulomb (SR)   Coul. recip.
    3.17200e+04    4.99477e+04   -2.87190e+03   -4.34730e+05    1.74093e+03
      Potential Pres. DC (bar) Pressure (bar)
   -3.47775e+05   -2.16419e+02   -4.21889e+03

           Step           Time
             93       93.00000

   Energies (kJ/mol)
           Bond          Angle    Proper Dih. Per. Imp. Dih.          LJ-14
    2.73004e+02    1.27382e+03    5.65818e+03    7.56446e+01    2.01009e+03
     Coulomb-14        LJ (SR)  Disper. corr.   Coulomb (SR)   Coul. recip.
    3.17193e+04    4.99480e+04   -2.87190e+03   -4.34731e+05    1.74078e+03
      Potential Pres. DC (bar) Pressure (bar)
   -3.47776e+05   -2.16419e+02   -4.21975e+03

           Step           Time
             94       94.00000

   Energies (kJ/mol)
           Bond          Angle    Proper Dih. Per. Imp. Dih.          LJ-14
    2.73335e+02    1.27491e+03    5.65836e+03    7.56499e+01    2.00929e+03
     Coulomb-14        LJ (SR)  Disper. corr.   Coulomb (SR)   Coul. recip.
    3.17186e+04    4.99490e+04   -2.87190e+03   -4.34733e+05    1.74088e+03
      Potential Pres. DC (bar) Pressure (bar)
   -3.47776e+05   -2.16419e+02   -4.22121e+03

           Step           Time
             95       95.00000

   Energies (kJ/mol)
           Bond          Angle    Proper Dih. Per. Imp. Dih.          LJ-14
    2.74719e+02    1.27454e+03    5.65833e+03    7.56445e+01    2.00891e+03
     Coulomb-14        LJ (SR)  Disper. corr.   Coulomb (SR)   Coul. recip.
    3.17177e+04    4.99492e+04   -2.87190e+03   -4.34734e+05    1.74067e+03
      Potential Pres. DC (bar) Pressure (bar)
   -3.47778e+05   -2.16419e+02   -4.22216e+03

           Step           Time
             96       96.00000

           Step           Time
             97       97.00000

   Energies (kJ/mol)
           Bond          Angle    Proper Dih. Per. Imp. Dih.          LJ-14
    2.72801e+02    1.27499e+03    5.65843e+03    7.56487e+01    2.00857e+03
     Coulomb-14        LJ (SR)  Disper. corr.   Coulomb (SR)   Coul. recip.
    3.17175e+04    4.99496e+04   -2.87190e+03   -4.34734e+05    1.74074e+03
      Potential Pres. DC (bar) Pressure (bar)
   -3.47780e+05   -2.16419e+02   -4.22264e+03

           Step           Time
             98       98.00000

           Step           Time
             99       99.00000

   Energies (kJ/mol)
           Bond          Angle    Proper Dih. Per. Imp. Dih.          LJ-14
    2.73887e+02    1.27514e+03    5.65847e+03    7.56473e+01    2.00803e+03
     Coulomb-14        LJ (SR)  Disper. corr.   Coulomb (SR)   Coul. recip.
    3.17167e+04    4.99501e+04   -2.87190e+03   -4.34735e+05    1.74063e+03
      Potential Pres. DC (bar) Pressure (bar)
   -3.47780e+05   -2.16419e+02   -4.22379e+03

           Step           Time
            100      100.00000

   Energies (kJ/mol)
           Bond          Angle    Proper Dih. Per. Imp. Dih.          LJ-14
    2.73395e+02    1.27569e+03    5.65857e+03    7.56498e+01    2.00755e+03
     Coulomb-14        LJ (SR)  Disper. corr.   Coulomb (SR)   Coul. recip.
    3.17162e+04    4.99507e+04   -2.87190e+03   -4.34736e+05    1.74067e+03
      Potential Pres. DC (bar) Pressure (bar)
   -3.47781e+05   -2.16419e+02   -4.22465e+03

           Step           Time
            101      101.00000

   Energies (kJ/mol)
           Bond          Angle    Proper Dih. Per. Imp. Dih.          LJ-14
    2.74903e+02    1.27576e+03    5.65860e+03    7.56474e+01    2.00704e+03
     Coulomb-14        LJ (SR)  Disper. corr.   Coulomb (SR)   Coul. recip.
    3.17154e+04    4.99513e+04   -2.87190e+03   -4.34737e+05    1.74053e+03
      Potential Pres. DC (bar) Pressure (bar)
   -3.47782e+05   -2.16419e+02   -4.22578e+03

           Step           Time
            102      102.00000

   Energies (kJ/mol)
           Bond          Angle    Proper Dih. Per. Imp. Dih.          LJ-14
    2.74073e+02    1.27641e+03    5.65872e+03    7.56520e+01    2.00656e+03
     Coulomb-14        LJ (SR)  Disper. corr.   Coulomb (SR)   Coul. recip.
    3.17150e+04    4.99519e+04   -2.87190e+03   -4.34738e+05    1.74060e+03
      Potential Pres. DC (bar) Pressure (bar)
   -3.47783e+05   -2.16419e+02   -4.22657e+03

           Step           Time
            103      103.00000

   Energies (kJ/mol)
           Bond          Angle    Proper Dih. Per. Imp. Dih.          LJ-14
    2.76234e+02    1.27637e+03    5.65873e+03    7.56479e+01    2.00608e+03
     Coulomb-14        LJ (SR)  Disper. corr.   Coulomb (SR)   Coul. recip.
    3.17141e+04    4.99524e+04   -2.87190e+03   -4.34740e+05    1.74043e+03
      Potential Pres. DC (bar) Pressure (bar)
   -3.47784e+05   -2.16419e+02   -4.22771e+03

           Step           Time
            104      104.00000

   Energies (kJ/mol)
           Bond          Angle    Proper Dih. Per. Imp. Dih.          LJ-14
    2.74986e+02    1.27718e+03    5.65886e+03    7.56545e+01    2.00560e+03
     Coulomb-14        LJ (SR)  Disper. corr.   Coulomb (SR)   Coul. recip.
    3.17138e+04    4.99531e+04   -2.87190e+03   -4.34740e+05    1.74056e+03
      Potential Pres. DC (bar) Pressure (bar)
   -3.47784e+05   -2.16419e+02   -4.22845e+03

           Step           Time
            105      105.00000

           Step           Time
            106      106.00000

   Energies (kJ/mol)
           Bond          Angle    Proper Dih. Per. Imp. Dih.          LJ-14
    2.74925e+02    1.27692e+03    5.65885e+03    7.56511e+01    2.00539e+03
     Coulomb-14        LJ (SR)  Disper. corr.   Coulomb (SR)   Coul. recip.
    3.17133e+04    4.99533e+04   -2.87190e+03   -4.34741e+05    1.74044e+03
      Potential Pres. DC (bar) Pressure (bar)
   -3.47786e+05   -2.16419e+02   -4.22894e+03

           Step           Time
            107      107.00000

   Energies (kJ/mol)
           Bond          Angle    Proper Dih. Per. Imp. Dih.          LJ-14
    2.76358e+02    1.27842e+03    5.65912e+03    7.56567e+01    2.00384e+03
     Coulomb-14        LJ (SR)  Disper. corr.   Coulomb (SR)   Coul. recip.
    3.17116e+04    4.99553e+04   -2.87190e+03   -4.34745e+05    1.74042e+03
      Potential Pres. DC (bar) Pressure (bar)
   -3.47788e+05   -2.16419e+02   -4.23191e+03

           Step           Time
            108      108.00000

   Energies (kJ/mol)
           Bond          Angle    Proper Dih. Per. Imp. Dih.          LJ-14
    2.76440e+02    1.27804e+03    5.65909e+03    7.56529e+01    2.00360e+03
     Coulomb-14        LJ (SR)  Disper. corr.   Coulomb (SR)   Coul. recip.
    3.17110e+04    4.99555e+04   -2.87190e+03   -4.34745e+05    1.74026e+03
      Potential Pres. DC (bar) Pressure (bar)
   -3.47789e+05   -2.16419e+02   -4.23248e+03

           Step           Time
            109      109.00000

           Step           Time
            110      110.00000

   Energies (kJ/mol)
           Bond          Angle    Proper Dih. Per. Imp. Dih.          LJ-14
    2.75871e+02    1.27855e+03    5.65918e+03    7.56560e+01    2.00320e+03
     Coulomb-14        LJ (SR)  Disper. corr.   Coulomb (SR)   Coul. recip.
    3.17106e+04    4.99561e+04   -2.87190e+03   -4.34746e+05    1.74029e+03
      Potential Pres. DC (bar) Pressure (bar)
   -3.47790e+05   -2.16419e+02   -4.23316e+03

           Step           Time
            111      111.00000

   Energies (kJ/mol)
           Bond          Angle    Proper Dih. Per. Imp. Dih.          LJ-14
    2.77402e+02    1.27858e+03    5.65920e+03    7.56543e+01    2.00277e+03
     Coulomb-14        LJ (SR)  Disper. corr.   Coulomb (SR)   Coul. recip.
    3.17099e+04    4.99566e+04   -2.87190e+03   -4.34747e+05    1.74017e+03
      Potential Pres. DC (bar) Pressure (bar)
   -3.47791e+05   -2.16419e+02   -4.23413e+03

           Step           Time
            112      112.00000

   Energies (kJ/mol)
           Bond          Angle    Proper Dih. Per. Imp. Dih.          LJ-14
    2.76501e+02    1.27921e+03    5.65931e+03    7.56581e+01    2.00236e+03
     Coulomb-14        LJ (SR)  Disper. corr.   Coulomb (SR)   Coul. recip.
    3.17096e+04    4.99573e+04   -2.87190e+03   -4.34748e+05    1.74024e+03
      Potential Pres. DC (bar) Pressure (bar)
   -3.47792e+05   -2.16419e+02   -4.23478e+03

           Step           Time
            113      113.00000

   Energies (kJ/mol)
           Bond          Angle    Proper Dih. Per. Imp. Dih.          LJ-14
    2.78728e+02    1.27912e+03    5.65930e+03    7.56538e+01    2.00198e+03
     Coulomb-14        LJ (SR)  Disper. corr.   Coulomb (SR)   Coul. recip.
    3.17088e+04    4.99578e+04   -2.87190e+03   -4.34750e+05    1.74007e+03
      Potential Pres. DC (bar) Pressure (bar)
   -3.47792e+05   -2.16419e+02   -4.23573e+03

           Step           Time
            114      114.00000

   Energies (kJ/mol)
           Bond          Angle    Proper Dih. Per. Imp. Dih.          LJ-14
    2.77417e+02    1.27992e+03    5.65943e+03    7.56602e+01    2.00156e+03
     Coulomb-14        LJ (SR)  Disper. corr.   Coulomb (SR)   Coul. recip.
    3.17086e+04    4.99584e+04   -2.87190e+03   -4.34750e+05    1.74019e+03
      Potential Pres. DC (bar) Pressure (bar)
   -3.47792e+05   -2.16419e+02   -4.23633e+03

           Step           Time
            115      115.00000

   Energies (kJ/mol)
           Bond          Angle    Proper Dih. Per. Imp. Dih.          LJ-14
    2.80785e+02    1.27967e+03    5.65939e+03    7.56551e+01    2.00122e+03
     Coulomb-14        LJ (SR)  Disper. corr.   Coulomb (SR)   Coul. recip.
    3.17077e+04    4.99589e+04   -2.87190e+03   -4.34752e+05    1.73996e+03
      Potential Pres. DC (bar) Pressure (bar)
   -3.47792e+05   -2.16419e+02   -4.23733e+03

           Step           Time
            116      116.00000

   Energies (kJ/mol)
           Bond          Angle    Proper Dih. Per. Imp. Dih.          LJ-14
    2.79014e+02    1.28073e+03    5.65956e+03    7.56625e+01    2.00078e+03
     Coulomb-14        LJ (SR)  Disper. corr.   Coulomb (SR)   Coul. recip.
    3.17077e+04    4.99596e+04   -2.87190e+03   -4.34752e+05    1.74015e+03
      Potential Pres. DC (bar) Pressure (bar)
   -3.47793e+05   -2.16419e+02   -4.23786e+03

           Step           Time
            117      117.00000

           Step           Time
            118      118.00000

   Energies (kJ/mol)
           Bond          Angle    Proper Dih. Per. Imp. Dih.          LJ-14
    2.77694e+02    1.28012e+03    5.65952e+03    7.56581e+01    2.00063e+03
     Coulomb-14        LJ (SR)  Disper. corr.   Coulomb (SR)   Coul. recip.
    3.17071e+04    4.99597e+04   -2.87190e+03   -4.34753e+05    1.73999e+03
      Potential Pres. DC (bar) Pressure (bar)
   -3.47797e+05   -2.16419e+02   -4.23819e+03

           Step           Time
            119      119.00000

           Step           Time
            120      120.00000

   Energies (kJ/mol)
           Bond          Angle    Proper Dih. Per. Imp. Dih.          LJ-14
    2.77989e+02    1.28092e+03    5.65966e+03    7.56617e+01    1.99991e+03
     Coulomb-14        LJ (SR)  Disper. corr.   Coulomb (SR)   Coul. recip.
    3.17064e+04    4.99609e+04   -2.87190e+03   -4.34755e+05    1.73998e+03
      Potential Pres. DC (bar) Pressure (bar)
   -3.47798e+05   -2.16419e+02   -4.23947e+03

           Step           Time
            121      121.00000

   Energies (kJ/mol)
           Bond          Angle    Proper Dih. Per. Imp. Dih.          LJ-14
    2.78625e+02    1.28073e+03    5.65964e+03    7.56601e+01    1.99969e+03
     Coulomb-14        LJ (SR)  Disper. corr.   Coulomb (SR)   Coul. recip.
    3.17058e+04    4.99612e+04   -2.87190e+03   -4.34756e+05    1.73986e+03
      Potential Pres. DC (bar) Pressure (bar)
   -3.47799e+05   -2.16419e+02   -4.24004e+03

           Step           Time
            122      122.00000

   Energies (kJ/mol)
           Bond          Angle    Proper Dih. Per. Imp. Dih.          LJ-14
    2.78789e+02    1.28157e+03    5.65978e+03    7.56642e+01    1.99915e+03
     Coulomb-14        LJ (SR)  Disper. corr.   Coulomb (SR)   Coul. recip.
    3.17054e+04    4.99622e+04   -2.87190e+03   -4.34758e+05    1.73993e+03
      Potential Pres. DC (bar) Pressure (bar)
   -3.47799e+05   -2.16419e+02   -4.24096e+03

           Step           Time
            123      123.00000

   Energies (kJ/mol)
           Bond          Angle    Proper Dih. Per. Imp. Dih.          LJ-14
    2.79828e+02    1.28125e+03    5.65974e+03    7.56597e+01    1.99892e+03
     Coulomb-14        LJ (SR)  Disper. corr.   Coulomb (SR)   Coul. recip.
    3.17047e+04    4.99625e+04   -2.87190e+03   -4.34759e+05    1.73975e+03
      Potential Pres. DC (bar) Pressure (bar)
   -3.47800e+05   -2.16419e+02   -4.24156e+03

           Step           Time
            124      124.00000

           Step           Time
            125      125.00000

   Energies (kJ/mol)
           Bond          Angle    Proper Dih. Per. Imp. Dih.          LJ-14
    2.78398e+02    1.28160e+03    5.65981e+03    7.56626e+01    1.99868e+03
     Coulomb-14        LJ (SR)  Disper. corr.   Coulomb (SR)   Coul. recip.
    3.17046e+04    4.99630e+04   -2.87190e+03   -4.34759e+05    1.73981e+03
      Potential Pres. DC (bar) Pressure (bar)
   -3.47802e+05   -2.16419e+02   -4.24187e+03

           Step           Time
            126      126.00000

   Energies (kJ/mol)
           Bond          Angle    Proper Dih. Per. Imp. Dih.          LJ-14
    2.81076e+02    1.28187e+03    5.65986e+03    7.56612e+01    1.99802e+03
     Coulomb-14        LJ (SR)  Disper. corr.   Coulomb (SR)   Coul. recip.
    3.17035e+04    4.99640e+04   -2.87190e+03   -4.34762e+05    1.73964e+03
      Potential Pres. DC (bar) Pressure (bar)
   -3.47802e+05   -2.16419e+02   -4.24334e+03

           Step           Time
            127      127.00000

   Energies (kJ/mol)
           Bond          Angle    Proper Dih. Per. Imp. Dih.          LJ-14
    2.78991e+02    1.28234e+03    5.65996e+03    7.56651e+01    1.99775e+03
     Coulomb-14        LJ (SR)  Disper. corr.   Coulomb (SR)   Coul. recip.
    3.17034e+04    4.99645e+04   -2.87190e+03   -4.34763e+05    1.73972e+03
      Potential Pres. DC (bar) Pressure (bar)
   -3.47804e+05   -2.16419e+02   -4.24364e+03

           Step           Time
            128      128.00000

           Step           Time
            129      129.00000

   Energies (kJ/mol)
           Bond          Angle    Proper Dih. Per. Imp. Dih.          LJ-14
    2.79722e+02    1.28226e+03    5.65995e+03    7.56637e+01    1.99752e+03
     Coulomb-14        LJ (SR)  Disper. corr.   Coulomb (SR)   Coul. recip.
    3.17029e+04    4.99649e+04   -2.87190e+03   -4.34764e+05    1.73962e+03
      Potential Pres. DC (bar) Pressure (bar)
   -3.47805e+05   -2.16419e+02   -4.24415e+03

           Step           Time
            130      130.00000

   Energies (kJ/mol)
           Bond          Angle    Proper Dih. Per. Imp. Dih.          LJ-14
    2.79503e+02    1.28288e+03    5.66006e+03    7.56660e+01    1.99710e+03
     Coulomb-14        LJ (SR)  Disper. corr.   Coulomb (SR)   Coul. recip.
    3.17026e+04    4.99658e+04   -2.87190e+03   -4.34765e+05    1.73966e+03
      Potential Pres. DC (bar) Pressure (bar)
   -3.47806e+05   -2.16419e+02   -4.24486e+03

           Step           Time
            131      131.00000

   Energies (kJ/mol)
           Bond          Angle    Proper Dih. Per. Imp. Dih.          LJ-14
    2.80605e+02    1.28271e+03    5.66004e+03    7.56629e+01    1.99687e+03
     Coulomb-14        LJ (SR)  Disper. corr.   Coulomb (SR)   Coul. recip.
    3.17020e+04    4.99662e+04   -2.87190e+03   -4.34766e+05    1.73952e+03
      Potential Pres. DC (bar) Pressure (bar)
   -3.47806e+05   -2.16419e+02   -4.24543e+03

           Step           Time
            132      132.00000

   Energies (kJ/mol)
           Bond          Angle    Proper Dih. Per. Imp. Dih.          LJ-14
    2.80218e+02    1.28344e+03    5.66016e+03    7.56677e+01    1.99648e+03
     Coulomb-14        LJ (SR)  Disper. corr.   Coulomb (SR)   Coul. recip.
    3.17018e+04    4.99669e+04   -2.87190e+03   -4.34767e+05    1.73959e+03
      Potential Pres. DC (bar) Pressure (bar)
   -3.47807e+05   -2.16419e+02   -4.24604e+03

           Step           Time
            133      133.00000

   Energies (kJ/mol)
           Bond          Angle    Proper Dih. Per. Imp. Dih.          LJ-14
    2.81921e+02    1.28314e+03    5.66011e+03    7.56635e+01    1.99626e+03
     Coulomb-14        LJ (SR)  Disper. corr.   Coulomb (SR)   Coul. recip.
    3.17011e+04    4.99672e+04   -2.87190e+03   -4.34769e+05    1.73943e+03
      Potential Pres. DC (bar) Pressure (bar)
   -3.47808e+05   -2.16419e+02   -4.24666e+03

           Step           Time
            134      134.00000

           Step           Time
            135      135.00000

   Energies (kJ/mol)
           Bond          Angle    Proper Dih. Per. Imp. Dih.          LJ-14
    2.79907e+02    1.28343e+03    5.66019e+03    7.56663e+01    1.99607e+03
     Coulomb-14        LJ (SR)  Disper. corr.   Coulomb (SR)   Coul. recip.
    3.17011e+04    4.99677e+04   -2.87190e+03   -4.34769e+05    1.73949e+03
      Potential Pres. DC (bar) Pressure (bar)
   -3.47809e+05   -2.16419e+02   -4.24682e+03

           Step           Time
            136      136.00000

   Energies (kJ/mol)
           Bond          Angle    Proper Dih. Per. Imp. Dih.          LJ-14
    2.83456e+02    1.28402e+03    5.66028e+03    7.56661e+01    1.99506e+03
     Coulomb-14        LJ (SR)  Disper. corr.   Coulomb (SR)   Coul. recip.
    3.16994e+04    4.99695e+04   -2.87190e+03   -4.34773e+05    1.73925e+03
      Potential Pres. DC (bar) Pressure (bar)
   -3.47811e+05   -2.16419e+02   -4.24896e+03

           Step           Time
            137      137.00000

   Energies (kJ/mol)
           Bond          Angle    Proper Dih. Per. Imp. Dih.          LJ-14
    2.80623e+02    1.28440e+03    5.66037e+03    7.56708e+01    1.99483e+03
     Coulomb-14        LJ (SR)  Disper. corr.   Coulomb (SR)   Coul. recip.
    3.16995e+04    4.99700e+04   -2.87190e+03   -4.34774e+05    1.73934e+03
      Potential Pres. DC (bar) Pressure (bar)
   -3.47813e+05   -2.16419e+02   -4.24913e+03

           Step           Time
            138      138.00000

           Step           Time
            139      139.00000

   Energies (kJ/mol)
           Bond          Angle    Proper Dih. Per. Imp. Dih.          LJ-14
    2.81659e+02    1.28437e+03    5.66037e+03    7.56695e+01    1.99459e+03
     Coulomb-14        LJ (SR)  Disper. corr.   Coulomb (SR)   Coul. recip.
    3.16989e+04    4.99706e+04   -2.87190e+03   -4.34775e+05    1.73923e+03
      Potential Pres. DC (bar) Pressure (bar)
   -3.47814e+05   -2.16419e+02   -4.24971e+03

           Step           Time
            140      140.00000

   Energies (kJ/mol)
           Bond          Angle    Proper Dih. Per. Imp. Dih.          LJ-14
    2.81056e+02    1.28487e+03    5.66046e+03    7.56729e+01    1.99429e+03
     Coulomb-14        LJ (SR)  Disper. corr.   Coulomb (SR)   Coul. recip.
    3.16988e+04    4.99713e+04   -2.87190e+03   -4.34777e+05    1.73928e+03
      Potential Pres. DC (bar) Pressure (bar)
   -3.47815e+05   -2.16419e+02   -4.25014e+03

           Step           Time
            141      141.00000

   Energies (kJ/mol)
           Bond          Angle    Proper Dih. Per. Imp. Dih.          LJ-14
    2.82544e+02    1.28475e+03    5.66044e+03    7.56694e+01    1.99407e+03
     Coulomb-14        LJ (SR)  Disper. corr.   Coulomb (SR)   Coul. recip.
    3.16981e+04    4.99717e+04   -2.87190e+03   -4.34778e+05    1.73915e+03
      Potential Pres. DC (bar) Pressure (bar)
   -3.47815e+05   -2.16419e+02   -4.25073e+03

           Step           Time
            142      142.00000

   Energies (kJ/mol)
           Bond          Angle    Proper Dih. Per. Imp. Dih.          LJ-14
    2.81701e+02    1.28538e+03    5.66055e+03    7.56732e+01    1.99376e+03
     Coulomb-14        LJ (SR)  Disper. corr.   Coulomb (SR)   Coul. recip.
    3.16981e+04    4.99724e+04   -2.87190e+03   -4.34779e+05    1.73923e+03
      Potential Pres. DC (bar) Pressure (bar)
   -3.47816e+05   -2.16419e+02   -4.25114e+03

           Step           Time
            143      143.00000

   Energies (kJ/mol)
           Bond          Angle    Proper Dih. Per. Imp. Dih.          LJ-14
    2.83913e+02    1.28513e+03    5.66050e+03    7.56692e+01    1.99356e+03
     Coulomb-14        LJ (SR)  Disper. corr.   Coulomb (SR)   Coul. recip.
    3.16974e+04    4.99728e+04   -2.87190e+03   -4.34781e+05    1.73906e+03
      Potential Pres. DC (bar) Pressure (bar)
   -3.47817e+05   -2.16419e+02   -4.25175e+03

           Step           Time
            144      144.00000

   Energies (kJ/mol)
           Bond          Angle    Proper Dih. Per. Imp. Dih.          LJ-14
    2.82826e+02    1.28597e+03    5.66064e+03    7.56755e+01    1.99324e+03
     Coulomb-14        LJ (SR)  Disper. corr.   Coulomb (SR)   Coul. recip.
    3.16974e+04    4.99736e+04   -2.87190e+03   -4.34782e+05    1.73918e+03
      Potential Pres. DC (bar) Pressure (bar)
   -3.47817e+05   -2.16419e+02   -4.25212e+03

           Step           Time
            145      145.00000

           Step           Time
            146      146.00000

   Energies (kJ/mol)
           Bond          Angle    Proper Dih. Per. Imp. Dih.          LJ-14
    2.81804e+02    1.28549e+03    5.66059e+03    7.56728e+01    1.99316e+03
     Coulomb-14        LJ (SR)  Disper. corr.   Coulomb (SR)   Coul. recip.
    3.16970e+04    4.99737e+04   -2.87190e+03   -4.34783e+05    1.73906e+03
      Potential Pres. DC (bar) Pressure (bar)
   -3.47820e+05   -2.16419e+02   -4.25230e+03

           Step           Time
            147      147.00000

   Energies (kJ/mol)
           Bond          Angle    Proper Dih. Per. Imp. Dih.          LJ-14
    2.84339e+02    1.28710e+03    5.66085e+03    7.56792e+01    1.99187e+03
     Coulomb-14        LJ (SR)  Disper. corr.   Coulomb (SR)   Coul. recip.
    3.16956e+04    4.99769e+04   -2.87190e+03   -4.34789e+05    1.73899e+03
      Potential Pres. DC (bar) Pressure (bar)
   -3.47821e+05   -2.16419e+02   -4.25467e+03

           Step           Time
            148      148.00000

   Energies (kJ/mol)
           Bond          Angle    Proper Dih. Per. Imp. Dih.          LJ-14
    2.83147e+02    1.28646e+03    5.66078e+03    7.56763e+01    1.99179e+03
     Coulomb-14        LJ (SR)  Disper. corr.   Coulomb (SR)   Coul. recip.
    3.16950e+04    4.99770e+04   -2.87190e+03   -4.34790e+05    1.73883e+03
      Potential Pres. DC (bar) Pressure (bar)
   -3.47825e+05   -2.16419e+02   -4.25490e+03

           Step           Time
            149      149.00000

           Step           Time
            150      150.00000

   Energies (kJ/mol)
           Bond          Angle    Proper Dih. Per. Imp. Dih.          LJ-14
    2.82744e+02    1.28697e+03    5.66087e+03    7.56789e+01    1.99150e+03
     Coulomb-14        LJ (SR)  Disper. corr.   Coulomb (SR)   Coul. recip.
    3.16949e+04    4.99777e+04   -2.87190e+03   -4.34790e+05    1.73886e+03
      Potential Pres. DC (bar) Pressure (bar)
   -3.47825e+05   -2.16419e+02   -4.25530e+03

           Step           Time
            151      151.00000

   Energies (kJ/mol)
           Bond          Angle    Proper Dih. Per. Imp. Dih.          LJ-14
    2.83967e+02    1.28679e+03    5.66083e+03    7.56765e+01    1.99135e+03
     Coulomb-14        LJ (SR)  Disper. corr.   Coulomb (SR)   Coul. recip.
    3.16944e+04    4.99781e+04   -2.87190e+03   -4.34792e+05    1.73874e+03
      Potential Pres. DC (bar) Pressure (bar)
   -3.47826e+05   -2.16419e+02   -4.25575e+03

           Step           Time
            152      152.00000

   Energies (kJ/mol)
           Bond          Angle    Proper Dih. Per. Imp. Dih.          LJ-14
    2.83415e+02    1.28744e+03    5.66095e+03    7.56812e+01    1.99106e+03
     Coulomb-14        LJ (SR)  Disper. corr.   Coulomb (SR)   Coul. recip.
    3.16943e+04    4.99788e+04   -2.87190e+03   -4.34793e+05    1.73882e+03
      Potential Pres. DC (bar) Pressure (bar)
   -3.47826e+05   -2.16419e+02   -4.25613e+03

           Step           Time
            153      153.00000

   Energies (kJ/mol)
           Bond          Angle    Proper Dih. Per. Imp. Dih.          LJ-14
    2.85283e+02    1.28713e+03    5.66088e+03    7.56768e+01    1.99092e+03
     Coulomb-14        LJ (SR)  Disper. corr.   Coulomb (SR)   Coul. recip.
    3.16937e+04    4.99792e+04   -2.87190e+03   -4.34794e+05    1.73865e+03
      Potential Pres. DC (bar) Pressure (bar)
   -3.47827e+05   -2.16419e+02   -4.25661e+03

           Step           Time
            154      154.00000

           Step           Time
            155      155.00000

   Energies (kJ/mol)
           Bond          Angle    Proper Dih. Per. Imp. Dih.          LJ-14
    2.82955e+02    1.28736e+03    5.66095e+03    7.56799e+01    1.99077e+03
     Coulomb-14        LJ (SR)  Disper. corr.   Coulomb (SR)   Coul. recip.
    3.16937e+04    4.99796e+04   -2.87190e+03   -4.34794e+05    1.73870e+03
      Potential Pres. DC (bar) Pressure (bar)
   -3.47828e+05   -2.16419e+02   -4.25668e+03

           Step           Time
            156      156.00000

   Energies (kJ/mol)
           Bond          Angle    Proper Dih. Per. Imp. Dih.          LJ-14
    2.86788e+02    1.28792e+03    5.66103e+03    7.56767e+01    1.98988e+03
     Coulomb-14        LJ (SR)  Disper. corr.   Coulomb (SR)   Coul. recip.
    3.16921e+04    4.99820e+04   -2.87190e+03   -4.34800e+05    1.73844e+03
      Potential Pres. DC (bar) Pressure (bar)
   -3.47830e+05   -2.16419e+02   -4.25855e+03

           Step           Time
            157      157.00000

   Energies (kJ/mol)
           Bond          Angle    Proper Dih. Per. Imp. Dih.          LJ-14
    2.83588e+02    1.28825e+03    5.66112e+03    7.56806e+01    1.98970e+03
     Coulomb-14        LJ (SR)  Disper. corr.   Coulomb (SR)   Coul. recip.
    3.16923e+04    4.99825e+04   -2.87190e+03   -4.34801e+05    1.73853e+03
      Potential Pres. DC (bar) Pressure (bar)
   -3.47833e+05   -2.16419e+02   -4.25862e+03

           Step           Time
            158      158.00000

           Step           Time
            159      159.00000

   Energies (kJ/mol)
           Bond          Angle    Proper Dih. Per. Imp. Dih.          LJ-14
    2.84699e+02    1.28819e+03    5.66110e+03    7.56803e+01    1.98952e+03
     Coulomb-14        LJ (SR)  Disper. corr.   Coulomb (SR)   Coul. recip.
    3.16918e+04    4.99831e+04   -2.87190e+03   -4.34802e+05    1.73842e+03
      Potential Pres. DC (bar) Pressure (bar)
   -3.47834e+05   -2.16419e+02   -4.25906e+03

           Step           Time
            160      160.00000

   Energies (kJ/mol)
           Bond          Angle    Proper Dih. Per. Imp. Dih.          LJ-14
    2.83956e+02    1.28863e+03    5.66119e+03    7.56837e+01    1.98929e+03
     Coulomb-14        LJ (SR)  Disper. corr.   Coulomb (SR)   Coul. recip.
    3.16917e+04    4.99838e+04   -2.87190e+03   -4.34803e+05    1.73846e+03
      Potential Pres. DC (bar) Pressure (bar)
   -3.47834e+05   -2.16419e+02   -4.25933e+03

           Step           Time
            161      161.00000

   Energies (kJ/mol)
           Bond          Angle    Proper Dih. Per. Imp. Dih.          LJ-14
    2.85570e+02    1.28849e+03    5.66115e+03    7.56812e+01    1.98914e+03
     Coulomb-14        LJ (SR)  Disper. corr.   Coulomb (SR)   Coul. recip.
    3.16912e+04    4.99842e+04   -2.87190e+03   -4.34805e+05    1.73835e+03
      Potential Pres. DC (bar) Pressure (bar)
   -3.47835e+05   -2.16419e+02   -4.25979e+03

           Step           Time
            162      162.00000

   Energies (kJ/mol)
           Bond          Angle    Proper Dih. Per. Imp. Dih.          LJ-14
    2.84559e+02    1.28905e+03    5.66126e+03    7.56864e+01    1.98890e+03
     Coulomb-14        LJ (SR)  Disper. corr.   Coulomb (SR)   Coul. recip.
    3.16912e+04    4.99849e+04   -2.87190e+03   -4.34806e+05    1.73842e+03
      Potential Pres. DC (bar) Pressure (bar)
   -3.47836e+05   -2.16419e+02   -4.26004e+03

           Step           Time
            163      163.00000

           Step           Time
            164      164.00000

   Energies (kJ/mol)
           Bond          Angle    Proper Dih. Per. Imp. Dih.          LJ-14
    2.84288e+02    1.28877e+03    5.66122e+03    7.56836e+01    1.98884e+03
     Coulomb-14        LJ (SR)  Disper. corr.   Coulomb (SR)   Coul. recip.
    3.16909e+04    4.99850e+04   -2.87190e+03   -4.34807e+05    1.73834e+03
      Potential Pres. DC (bar) Pressure (bar)
   -3.47838e+05   -2.16419e+02   -4.26020e+03

           Step           Time
            165      165.00000

   Energies (kJ/mol)
           Bond          Angle    Proper Dih. Per. Imp. Dih.          LJ-14
    2.85376e+02    1.28974e+03    5.66138e+03    7.56874e+01    1.98812e+03
     Coulomb-14        LJ (SR)  Disper. corr.   Coulomb (SR)   Coul. recip.
    3.16902e+04    4.99874e+04   -2.87190e+03   -4.34811e+05    1.73828e+03
      Potential Pres. DC (bar) Pressure (bar)
   -3.47839e+05   -2.16419e+02   -4.26143e+03

           Step           Time
            166      166.00000

   Energies (kJ/mol)
           Bond          Angle    Proper Dih. Per. Imp. Dih.          LJ-14
    2.85108e+02    1.28935e+03    5.66132e+03    7.56846e+01    1.98806e+03
     Coulomb-14        LJ (SR)  Disper. corr.   Coulomb (SR)   Coul. recip.
    3.16897e+04    4.99875e+04   -2.87190e+03   -4.34812e+05    1.73816e+03
      Potential Pres. DC (bar) Pressure (bar)
   -3.47841e+05   -2.16419e+02   -4.26162e+03

           Step           Time
            167      167.00000

           Step           Time
            168      168.00000

   Energies (kJ/mol)
           Bond          Angle    Proper Dih. Per. Imp. Dih.          LJ-14
    2.84693e+02    1.28969e+03    5.66139e+03    7.56875e+01    1.98786e+03
     Coulomb-14        LJ (SR)  Disper. corr.   Coulomb (SR)   Coul. recip.
    3.16896e+04    4.99883e+04   -2.87190e+03   -4.34814e+05    1.73818e+03
      Potential Pres. DC (bar) Pressure (bar)
   -3.47842e+05   -2.16419e+02   -4.26187e+03

           Step           Time
            169      169.00000

   Energies (kJ/mol)
           Bond          Angle    Proper Dih. Per. Imp. Dih.          LJ-14
    2.85666e+02    1.28961e+03    5.66136e+03    7.56851e+01    1.98772e+03
     Coulomb-14        LJ (SR)  Disper. corr.   Coulomb (SR)   Coul. recip.
    3.16892e+04    4.99886e+04   -2.87190e+03   -4.34815e+05    1.73807e+03
      Potential Pres. DC (bar) Pressure (bar)
   -3.47843e+05   -2.16419e+02   -4.26224e+03

           Step           Time
            170      170.00000

   Energies (kJ/mol)
           Bond          Angle    Proper Dih. Per. Imp. Dih.          LJ-14
    2.85069e+02    1.29004e+03    5.66145e+03    7.56897e+01    1.98751e+03
     Coulomb-14        LJ (SR)  Disper. corr.   Coulomb (SR)   Coul. recip.
    3.16892e+04    4.99894e+04   -2.87190e+03   -4.34816e+05    1.73813e+03
      Potential Pres. DC (bar) Pressure (bar)
   -3.47843e+05   -2.16419e+02   -4.26248e+03

           Step           Time
            171      171.00000

   Energies (kJ/mol)
           Bond          Angle    Proper Dih. Per. Imp. Dih.          LJ-14
    2.86517e+02    1.28986e+03    5.66140e+03    7.56868e+01    1.98740e+03
     Coulomb-14        LJ (SR)  Disper. corr.   Coulomb (SR)   Coul. recip.
    3.16887e+04    4.99898e+04   -2.87190e+03   -4.34817e+05    1.73799e+03
      Potential Pres. DC (bar) Pressure (bar)
   -3.47844e+05   -2.16419e+02   -4.26286e+03

           Step           Time
            172      172.00000

   Energies (kJ/mol)
           Bond          Angle    Proper Dih. Per. Imp. Dih.          LJ-14
    2.85718e+02    1.29043e+03    5.66151e+03    7.56913e+01    1.98717e+03
     Coulomb-14        LJ (SR)  Disper. corr.   Coulomb (SR)   Coul. recip.
    3.16888e+04    4.99906e+04   -2.87190e+03   -4.34818e+05    1.73807e+03
      Potential Pres. DC (bar) Pressure (bar)
   -3.47844e+05   -2.16419e+02   -4.26308e+03

           Step           Time
            173      173.00000

           Step           Time
            174      174.00000

   Energies (kJ/mol)
           Bond          Angle    Proper Dih. Per. Imp. Dih.          LJ-14
    2.85234e+02    1.29013e+03    5.66147e+03    7.56890e+01    1.98713e+03
     Coulomb-14        LJ (SR)  Disper. corr.   Coulomb (SR)   Coul. recip.
    3.16885e+04    4.99907e+04   -2.87190e+03   -4.34818e+05    1.73799e+03
      Potential Pres. DC (bar) Pressure (bar)
   -3.47845e+05   -2.16419e+02   -4.26319e+03

           Step           Time
            175      175.00000

   Energies (kJ/mol)
           Bond          Angle    Proper Dih. Per. Imp. Dih.          LJ-14
    2.86675e+02    1.29122e+03    5.66165e+03    7.56946e+01    1.98627e+03
     Coulomb-14        LJ (SR)  Disper. corr.   Coulomb (SR)   Coul. recip.
    3.16875e+04    4.99938e+04   -2.87190e+03   -4.34825e+05    1.73790e+03
      Potential Pres. DC (bar) Pressure (bar)
   -3.47848e+05   -2.16419e+02   -4.26468e+03

           Step           Time
            176      176.00000

   Energies (kJ/mol)
           Bond          Angle    Proper Dih. Per. Imp. Dih.          LJ-14
    2.86125e+02    1.29080e+03    5.66159e+03    7.56914e+01    1.98623e+03
     Coulomb-14        LJ (SR)  Disper. corr.   Coulomb (SR)   Coul. recip.
    3.16871e+04    4.99940e+04   -2.87190e+03   -4.34827e+05    1.73777e+03
      Potential Pres. DC (bar) Pressure (bar)
   -3.47851e+05   -2.16419e+02   -4.26482e+03

           Step           Time
            177      177.00000

           Step           Time
            178      178.00000

   Energies (kJ/mol)
           Bond          Angle    Proper Dih. Per. Imp. Dih.          LJ-14
    2.85804e+02    1.29115e+03    5.66165e+03    7.56937e+01    1.98604e+03
     Coulomb-14        LJ (SR)  Disper. corr.   Coulomb (SR)   Coul. recip.
    3.16870e+04    4.99947e+04   -2.87190e+03   -4.34828e+05    1.73780e+03
      Potential Pres. DC (bar) Pressure (bar)
   -3.47852e+05   -2.16419e+02   -4.26507e+03

           Step           Time
            179      179.00000

   Energies (kJ/mol)
           Bond          Angle    Proper Dih. Per. Imp. Dih.          LJ-14
    2.86652e+02    1.29102e+03    5.66162e+03    7.56923e+01    1.98595e+03
     Coulomb-14        LJ (SR)  Disper. corr.   Coulomb (SR)   Coul. recip.
    3.16866e+04    4.99951e+04   -2.87190e+03   -4.34829e+05    1.73770e+03
      Potential Pres. DC (bar) Pressure (bar)
   -3.47852e+05   -2.16419e+02   -4.26534e+03

           Step           Time
            180      180.00000

   Energies (kJ/mol)
           Bond          Angle    Proper Dih. Per. Imp. Dih.          LJ-14
    2.86199e+02    1.29147e+03    5.66170e+03    7.56954e+01    1.98574e+03
     Coulomb-14        LJ (SR)  Disper. corr.   Coulomb (SR)   Coul. recip.
    3.16866e+04    4.99959e+04   -2.87190e+03   -4.34830e+05    1.73774e+03
      Potential Pres. DC (bar) Pressure (bar)
   -3.47853e+05   -2.16419e+02   -4.26557e+03

           Step           Time
            181      181.00000

   Energies (kJ/mol)
           Bond          Angle    Proper Dih. Per. Imp. Dih.          LJ-14
    2.87485e+02    1.29125e+03    5.66165e+03    7.56927e+01    1.98567e+03
     Coulomb-14        LJ (SR)  Disper. corr.   Coulomb (SR)   Coul. recip.
    3.16861e+04    4.99963e+04   -2.87190e+03   -4.34831e+05    1.73761e+03
      Potential Pres. DC (bar) Pressure (bar)
   -3.47853e+05   -2.16419e+02   -4.26587e+03

           Step           Time
            182      182.00000

   Energies (kJ/mol)
           Bond          Angle    Proper Dih. Per. Imp. Dih.          LJ-14
    2.86899e+02    1.29184e+03    5.66176e+03    7.56974e+01    1.98545e+03
     Coulomb-14        LJ (SR)  Disper. corr.   Coulomb (SR)   Coul. recip.
    3.16863e+04    4.99970e+04   -2.87190e+03   -4.34833e+05    1.73769e+03
      Potential Pres. DC (bar) Pressure (bar)
   -3.47854e+05   -2.16419e+02   -4.26607e+03

           Step           Time
            183      183.00000

   Energies (kJ/mol)
           Bond          Angle    Proper Dih. Per. Imp. Dih.          LJ-14
    2.88904e+02    1.29151e+03    5.66167e+03    7.56924e+01    1.98540e+03
     Coulomb-14        LJ (SR)  Disper. corr.   Coulomb (SR)   Coul. recip.
    3.16856e+04    4.99974e+04   -2.87190e+03   -4.34835e+05    1.73752e+03
      Potential Pres. DC (bar) Pressure (bar)
   -3.47855e+05   -2.16419e+02   -4.26641e+03

           Step           Time
            184      184.00000

           Step           Time
            185      185.00000

   Energies (kJ/mol)
           Bond          Angle    Proper Dih. Per. Imp. Dih.          LJ-14
    2.86160e+02    1.29166e+03    5.66174e+03    7.56958e+01    1.98528e+03
     Coulomb-14        LJ (SR)  Disper. corr.   Coulomb (SR)   Coul. recip.
    3.16858e+04    4.99977e+04   -2.87190e+03   -4.34835e+05    1.73758e+03
      Potential Pres. DC (bar) Pressure (bar)
   -3.47857e+05   -2.16419e+02   -4.26637e+03

           Step           Time
            186      186.00000

   Energies (kJ/mol)
           Bond          Angle    Proper Dih. Per. Imp. Dih.          LJ-14
    2.90451e+02    1.29214e+03    5.66176e+03    7.56949e+01    1.98464e+03
     Coulomb-14        LJ (SR)  Disper. corr.   Coulomb (SR)   Coul. recip.
    3.16844e+04    5.00006e+04   -2.87190e+03   -4.34841e+05    1.73730e+03
      Potential Pres. DC (bar) Pressure (bar)
   -3.47858e+05   -2.16419e+02   -4.26776e+03

           Step           Time
            187      187.00000

   Energies (kJ/mol)
           Bond          Angle    Proper Dih. Per. Imp. Dih.          LJ-14
    2.86671e+02    1.29237e+03    5.66187e+03    7.56989e+01    1.98449e+03
     Coulomb-14        LJ (SR)  Disper. corr.   Coulomb (SR)   Coul. recip.
    3.16847e+04    5.00012e+04   -2.87190e+03   -4.34842e+05    1.73740e+03
      Potential Pres. DC (bar) Pressure (bar)
   -3.47861e+05   -2.16419e+02   -4.26770e+03

           Step           Time
            188      188.00000

           Step           Time
            189      189.00000

   Energies (kJ/mol)
           Bond          Angle    Proper Dih. Per. Imp. Dih.          LJ-14
    2.87862e+02    1.29229e+03    5.66183e+03    7.56976e+01    1.98439e+03
     Coulomb-14        LJ (SR)  Disper. corr.   Coulomb (SR)   Coul. recip.
    3.16842e+04    5.00017e+04   -2.87190e+03   -4.34844e+05    1.73729e+03
      Potential Pres. DC (bar) Pressure (bar)
   -3.47862e+05   -2.16419e+02   -4.26799e+03

           Step           Time
            190      190.00000

   Energies (kJ/mol)
           Bond          Angle    Proper Dih. Per. Imp. Dih.          LJ-14
    2.87011e+02    1.29266e+03    5.66192e+03    7.57006e+01    1.98422e+03
     Coulomb-14        LJ (SR)  Disper. corr.   Coulomb (SR)   Coul. recip.
    3.16843e+04    5.00023e+04   -2.87190e+03   -4.34845e+05    1.73734e+03
      Potential Pres. DC (bar) Pressure (bar)
   -3.47863e+05   -2.16419e+02   -4.26812e+03

           Step           Time
            191      191.00000

           Step           Time
            192      192.00000

   Energies (kJ/mol)
           Bond          Angle    Proper Dih. Per. Imp. Dih.          LJ-14
    2.87005e+02    1.29250e+03    5.66188e+03    7.56983e+01    1.98419e+03
     Coulomb-14        LJ (SR)  Disper. corr.   Coulomb (SR)   Coul. recip.
    3.16841e+04    5.00026e+04   -2.87190e+03   -4.34845e+05    1.73727e+03
      Potential Pres. DC (bar) Pressure (bar)
   -3.47864e+05   -2.16419e+02   -4.26824e+03

           Step           Time
            193      193.00000

   Energies (kJ/mol)
           Bond          Angle    Proper Dih. Per. Imp. Dih.          LJ-14
    2.87463e+02    1.29305e+03    5.66198e+03    7.57037e+01    1.98380e+03
     Coulomb-14        LJ (SR)  Disper. corr.   Coulomb (SR)   Coul. recip.
    3.16837e+04    5.00043e+04   -2.87190e+03   -4.34849e+05    1.73724e+03
      Potential Pres. DC (bar) Pressure (bar)
   -3.47865e+05   -2.16419e+02   -4.26883e+03

           Step           Time
            194      194.00000

   Energies (kJ/mol)
           Bond          Angle    Proper Dih. Per. Imp. Dih.          LJ-14
    2.87515e+02    1.29281e+03    5.66193e+03    7.57015e+01    1.98377e+03
     Coulomb-14        LJ (SR)  Disper. corr.   Coulomb (SR)   Coul. recip.
    3.16834e+04    5.00045e+04   -2.87190e+03   -4.34850e+05    1.73714e+03
      Potential Pres. DC (bar) Pressure (bar)
   -3.47867e+05   -2.16419e+02   -4.26897e+03

           Step           Time
            195      195.00000

   Energies (kJ/mol)
           Bond          Angle    Proper Dih. Per. Imp. Dih.          LJ-14
    2.88047e+02    1.29339e+03    5.66203e+03    7.57055e+01    1.98351e+03
     Coulomb-14        LJ (SR)  Disper. corr.   Coulomb (SR)   Coul. recip.
    3.16833e+04    5.00057e+04   -2.87190e+03   -4.34852e+05    1.73718e+03
      Potential Pres. DC (bar) Pressure (bar)
   -3.47867e+05   -2.16419e+02   -4.26933e+03

           Step           Time
            196      196.00000

   Energies (kJ/mol)
           Bond          Angle    Proper Dih. Per. Imp. Dih.          LJ-14
    2.88229e+02    1.29304e+03    5.66196e+03    7.57017e+01    1.98349e+03
     Coulomb-14        LJ (SR)  Disper. corr.   Coulomb (SR)   Coul. recip.
    3.16829e+04    5.00059e+04   -2.87190e+03   -4.34853e+05    1.73705e+03
      Potential Pres. DC (bar) Pressure (bar)
   -3.47869e+05   -2.16419e+02   -4.26948e+03

           Step           Time
            197      197.00000

           Step           Time
            198      198.00000

   Energies (kJ/mol)
           Bond          Angle    Proper Dih. Per. Imp. Dih.          LJ-14
    2.87306e+02    1.29327e+03    5.66202e+03    7.57041e+01    1.98337e+03
     Coulomb-14        LJ (SR)  Disper. corr.   Coulomb (SR)   Coul. recip.
    3.16830e+04    5.00064e+04   -2.87190e+03   -4.34854e+05    1.73706e+03
      Potential Pres. DC (bar) Pressure (bar)
   -3.47870e+05   -2.16419e+02   -4.26954e+03

           Step           Time
            199      199.00000

   Energies (kJ/mol)
           Bond          Angle    Proper Dih. Per. Imp. Dih.          LJ-14
    2.88890e+02    1.29325e+03    5.66198e+03    7.57021e+01    1.98325e+03
     Coulomb-14        LJ (SR)  Disper. corr.   Coulomb (SR)   Coul. recip.
    3.16825e+04    5.00072e+04   -2.87190e+03   -4.34856e+05    1.73695e+03
      Potential Pres. DC (bar) Pressure (bar)
   -3.47870e+05   -2.16419e+02   -4.26990e+03

           Step           Time
            200      200.00000

   Energies (kJ/mol)
           Bond          Angle    Proper Dih. Per. Imp. Dih.          LJ-14
    2.87615e+02    1.29355e+03    5.66207e+03    7.57054e+01    1.98310e+03
     Coulomb-14        LJ (SR)  Disper. corr.   Coulomb (SR)   Coul. recip.
    3.16826e+04    5.00078e+04   -2.87190e+03   -4.34857e+05    1.73701e+03
      Potential Pres. DC (bar) Pressure (bar)
   -3.47871e+05   -2.16419e+02   -4.26995e+03

           Step           Time
            201      201.00000

           Step           Time
            202      202.00000

   Energies (kJ/mol)
           Bond          Angle    Proper Dih. Per. Imp. Dih.          LJ-14
    2.87799e+02    1.29341e+03    5.66203e+03    7.57041e+01    1.98307e+03
     Coulomb-14        LJ (SR)  Disper. corr.   Coulomb (SR)   Coul. recip.
    3.16823e+04    5.00081e+04   -2.87190e+03   -4.34858e+05    1.73694e+03
      Potential Pres. DC (bar) Pressure (bar)
   -3.47873e+05   -2.16419e+02   -4.27009e+03

           Step           Time
            203      203.00000

           Step           Time
            204      204.00000

           Step           Time
            205      205.00000

           Step           Time
            206      206.00000

           Step           Time
            207      207.00000

           Step           Time
            208      208.00000

           Step           Time
            209      209.00000

           Step           Time
            210      210.00000

           Step           Time
            211      211.00000

           Step           Time
            212      212.00000


Energy minimization has stopped, but the forces have not converged to the
requested precision Fmax < 10 (which may not be possible for your system). It
stopped because the algorithm tried to make a new step whose size was too
small, or there was no change in the energy since last step. Either way, we
regard the minimization as converged to within the available machine
precision, given your starting configuration and EM parameters.

Double precision normally gives you higher accuracy, but this is often not
needed for preparing to run molecular dynamics.
You might need to increase your constraint accuracy, or turn
off constraints altogether (set constraints = none in mdp file)

Steepest Descents converged to machine precision in 213 steps,
but did not reach the requested Fmax < 10.
Potential Energy  = -3.4787266e+05
Maximum force     =  3.0689932e+02 on atom 1152
Norm of force     =  6.5417825e+00
Finished mdrun on rank 0 Fri Aug 30 12:23:48 2024

