2025-04-29 16:33:30,000 [MainThread  ] [INFO ]  Executing biobb_gromacs.gromacs.grompp Version: 4.2.0
2025-04-29 16:33:30,056 [MainThread  ] [INFO ]  Copy: prot_ndxgyra2018C_NDX_genion.gro to /home/arunima/gitrepos/gromacs_sims/Antimicrobial_Peptides/Pseudomonas_antibiotics/simulation/ndxgyra2018C/b23a5ab3-aa77-4358-ba7a-c1a38e2ddede
2025-04-29 16:33:30,084 [MainThread  ] [INFO ]  Extracting: /home/arunima/gitrepos/gromacs_sims/Antimicrobial_Peptides/Pseudomonas_antibiotics/simulation/ndxgyra2018C/prot_ndxgyra2018C_NDX_genion_top.zip
2025-04-29 16:33:30,084 [MainThread  ] [INFO ]  to:
2025-04-29 16:33:30,084 [MainThread  ] [INFO ]  ['/home/arunima/gitrepos/gromacs_sims/Antimicrobial_Peptides/Pseudomonas_antibiotics/simulation/ndxgyra2018C/b23a5ab3-aa77-4358-ba7a-c1a38e2ddede/NDX_posres.itp', '/home/arunima/gitrepos/gromacs_sims/Antimicrobial_Peptides/Pseudomonas_antibiotics/simulation/ndxgyra2018C/b23a5ab3-aa77-4358-ba7a-c1a38e2ddede/NDXparams.itp', '/home/arunima/gitrepos/gromacs_sims/Antimicrobial_Peptides/Pseudomonas_antibiotics/simulation/ndxgyra2018C/b23a5ab3-aa77-4358-ba7a-c1a38e2ddede/ligand.top', '/home/arunima/gitrepos/gromacs_sims/Antimicrobial_Peptides/Pseudomonas_antibiotics/simulation/ndxgyra2018C/b23a5ab3-aa77-4358-ba7a-c1a38e2ddede/posre.itp']
2025-04-29 16:33:30,084 [MainThread  ] [INFO ]  Unzipping: 
2025-04-29 16:33:30,084 [MainThread  ] [INFO ]  prot_ndxgyra2018C_NDX_genion_top.zip
2025-04-29 16:33:30,085 [MainThread  ] [INFO ]  To: 
2025-04-29 16:33:30,085 [MainThread  ] [INFO ]  /home/arunima/gitrepos/gromacs_sims/Antimicrobial_Peptides/Pseudomonas_antibiotics/simulation/ndxgyra2018C/b23a5ab3-aa77-4358-ba7a-c1a38e2ddede/NDX_posres.itp
2025-04-29 16:33:30,085 [MainThread  ] [INFO ]  /home/arunima/gitrepos/gromacs_sims/Antimicrobial_Peptides/Pseudomonas_antibiotics/simulation/ndxgyra2018C/b23a5ab3-aa77-4358-ba7a-c1a38e2ddede/NDXparams.itp
2025-04-29 16:33:30,085 [MainThread  ] [INFO ]  /home/arunima/gitrepos/gromacs_sims/Antimicrobial_Peptides/Pseudomonas_antibiotics/simulation/ndxgyra2018C/b23a5ab3-aa77-4358-ba7a-c1a38e2ddede/ligand.top
2025-04-29 16:33:30,085 [MainThread  ] [INFO ]  /home/arunima/gitrepos/gromacs_sims/Antimicrobial_Peptides/Pseudomonas_antibiotics/simulation/ndxgyra2018C/b23a5ab3-aa77-4358-ba7a-c1a38e2ddede/posre.itp
2025-04-29 16:33:30,086 [MainThread  ] [INFO ]  gmx -nobackup -nocopyright grompp -f /home/arunima/gitrepos/gromacs_sims/Antimicrobial_Peptides/Pseudomonas_antibiotics/simulation/ndxgyra2018C/b23a5ab3-aa77-4358-ba7a-c1a38e2ddede/grompp.mdp -c /home/arunima/gitrepos/gromacs_sims/Antimicrobial_Peptides/Pseudomonas_antibiotics/simulation/ndxgyra2018C/b23a5ab3-aa77-4358-ba7a-c1a38e2ddede/prot_ndxgyra2018C_NDX_genion.gro -r /home/arunima/gitrepos/gromacs_sims/Antimicrobial_Peptides/Pseudomonas_antibiotics/simulation/ndxgyra2018C/b23a5ab3-aa77-4358-ba7a-c1a38e2ddede/prot_ndxgyra2018C_NDX_genion.gro -p /home/arunima/gitrepos/gromacs_sims/Antimicrobial_Peptides/Pseudomonas_antibiotics/simulation/ndxgyra2018C/b23a5ab3-aa77-4358-ba7a-c1a38e2ddede/ligand.top -o /home/arunima/gitrepos/gromacs_sims/Antimicrobial_Peptides/Pseudomonas_antibiotics/simulation/ndxgyra2018C/b23a5ab3-aa77-4358-ba7a-c1a38e2ddede/prot_ndxgyra2018C_NDX_gppmin.tpr -po mdout.mdp -maxwarn 10

2025-04-29 16:33:33,840 [MainThread  ] [INFO ]  Exit code 0

2025-04-29 16:33:33,841 [MainThread  ] [INFO ]  Setting the LD random seed to 1996086599

Generated 2850 of the 2850 non-bonded parameter combinations

Generated 2850 of the 2850 1-4 parameter combinations

Excluding 3 bonded neighbours molecule type 'Protein_chain_A'

Excluding 3 bonded neighbours molecule type 'NDXparams'

Excluding 2 bonded neighbours molecule type 'SOL'

Excluding 1 bonded neighbours molecule type 'NA'
Analysing residue names:
There are:   921    Protein residues
There are:     1      Other residues
There are: 146355      Water residues
There are:    42        Ion residues
Analysing Protein...
Analysing residues not classified as Protein/DNA/RNA/Water and splitting into groups...

The largest distance between excluded atoms is 0.425 nm between atom 11968 and 11976
Calculating fourier grid dimensions for X Y Z
Using a fourier grid of 160x160x160, spacing 0.113 0.113 0.113

Estimate for the relative computational load of the PME mesh part: 0.28

This run will generate roughly 35 Mb of data

2025-04-29 16:33:33,901 [MainThread  ] [INFO ]  Removed: ['/home/arunima/gitrepos/gromacs_sims/Antimicrobial_Peptides/Pseudomonas_antibiotics/simulation/ndxgyra2018C/b23a5ab3-aa77-4358-ba7a-c1a38e2ddede', 'mdout.mdp']
