2025-04-29 16:32:58,748 [MainThread  ] [INFO ]  Executing biobb_model.model.fix_side_chain Version: 4.2.0
2025-04-29 16:32:58,754 [MainThread  ] [INFO ]  Copy: prot_ndxgyra2018C.pdb to /home/arunima/gitrepos/gromacs_sims/Antimicrobial_Peptides/Pseudomonas_antibiotics/simulation/ndxgyra2018C/bcc8855d-37b5-4839-8738-3da89de95360
2025-04-29 16:32:58,754 [MainThread  ] [INFO ]  check_structure -i /home/arunima/gitrepos/gromacs_sims/Antimicrobial_Peptides/Pseudomonas_antibiotics/simulation/ndxgyra2018C/bcc8855d-37b5-4839-8738-3da89de95360/prot_ndxgyra2018C.pdb -o /home/arunima/gitrepos/gromacs_sims/Antimicrobial_Peptides/Pseudomonas_antibiotics/simulation/ndxgyra2018C/bcc8855d-37b5-4839-8738-3da89de95360/prot_ndxgyra2018C_fixed.pdb --force_save fixside --fix ALL

2025-04-29 16:32:59,421 [MainThread  ] [INFO ]  Exit code 0

2025-04-29 16:32:59,421 [MainThread  ] [INFO ]  ================================================================================
=                   BioBB structure checking utility v3.13.4                   =
=            P. Andrio, A. Hospital, G. Bayarri, J.L. Gelpi 2018-23            =
================================================================================

Warning: sequence features may not be available, use --sequence for  external fasta input
Structure /home/arunima/gitrepos/gromacs_sims/Antimicrobial_Peptides/Pseudomonas_antibiotics/simulation/ndxgyra2018C/bcc8855d-37b5-4839-8738-3da89de95360/prot_ndxgyra2018C.pdb loaded
 PDB id:  
 Title: 
 Experimental method: unknown
 Resolution (A): N.A.

 Num. models: 1
 Num. chains: 1 (A: Protein)
 Num. residues:  921
 Num. residues with ins. codes:  0
 Num. residues with H atoms: 921 (total 921 H atoms)
 Num. HETATM residues:  0
 Num. ligands or modified residues:  0
 Num. water mol.:  0
 Num. atoms:  8008
Running fixside. Options: --fix ALL
Found no residues with missing or unknown side chain atoms
Structure not modified, saving due to --force_save option
Final Num. models: 1
Final Num. chains: 1 (A: Protein)
Final Num. residues:  921
Final Num. residues with ins. codes:  0
Final Num. residues with H atoms: 921 (total 921 H atoms)
Final Num. HETATM residues:  0
Final Num. ligands or modified residues:  0
Final Num. water mol.:  0
Final Num. atoms:  8008
Structure saved on /home/arunima/gitrepos/gromacs_sims/Antimicrobial_Peptides/Pseudomonas_antibiotics/simulation/ndxgyra2018C/bcc8855d-37b5-4839-8738-3da89de95360/prot_ndxgyra2018C_fixed.pdb

2025-04-29 16:32:59,431 [MainThread  ] [INFO ]  Removed: ['/home/arunima/gitrepos/gromacs_sims/Antimicrobial_Peptides/Pseudomonas_antibiotics/simulation/ndxgyra2018C/bcc8855d-37b5-4839-8738-3da89de95360']
