2025-10-31 03:13:30,894 [MainThread  ] [INFO ]                  :-) GROMACS - gmx genion, 2024.5-conda_forge (-:

Executable:   /usr/local/bin.AVX2_256/gmx
Data prefix:  /usr/local
Working dir:  /host_pwd/levparc2015C
Command line:
  gmx -nobackup -nocopyright genion -s /host_pwd/levparc2015C/sandbox_88183aea-35fb-4b7f-95c2-68fafa592dc6/prot_levparc2015C_LEV_complex_gppion.tpr -o /host_pwd/levparc2015C/sandbox_88183aea-35fb-4b7f-95c2-68fafa592dc6/prot_levparc2015C_LEV_genion.gro -p 2f50d617-e46a-4612-a4ea-45985aa49314/ligand.top -neutral -seed 1993

Reading file /host_pwd/levparc2015C/sandbox_88183aea-35fb-4b7f-95c2-68fafa592dc6/prot_levparc2015C_LEV_complex_gppion.tpr, VERSION 2024.5-conda_forge (single precision)
Reading file /host_pwd/levparc2015C/sandbox_88183aea-35fb-4b7f-95c2-68fafa592dc6/prot_levparc2015C_LEV_complex_gppion.tpr, VERSION 2024.5-conda_forge (single precision)
Group     0 (         System) has 1545299 elements
Group     1 (        Protein) has 22354 elements
Group     2 (      Protein-H) has 11100 elements
Group     3 (        C-alpha) has  1430 elements
Group     4 (       Backbone) has  4290 elements
Group     5 (      MainChain) has  5722 elements
Group     6 (   MainChain+Cb) has  7036 elements
Group     7 (    MainChain+H) has  7072 elements
Group     8 (      SideChain) has 15282 elements
Group     9 (    SideChain-H) has  5378 elements
Group    10 (    Prot-Masses) has 22354 elements
Group    11 (    non-Protein) has 1522945 elements
Group    12 (          Other) has    58 elements
Group    13 (            LEV) has    58 elements
Group    14 (          Water) has 1522887 elements
Group    15 (            SOL) has 1522887 elements
Group    16 (      non-Water) has 22412 elements
Select a group: Number of (3-atomic) solvent molecules: 507629
Using random seed 1993.
Replacing solvent molecule 435357 (atom 1328483) with NA
Replacing solvent molecule 103888 (atom 334076) with NA
Replacing solvent molecule 307619 (atom 945269) with NA
Replacing solvent molecule 245912 (atom 760148) with NA
Replacing solvent molecule 81881 (atom 268055) with NA
Replacing solvent molecule 393801 (atom 1203815) with NA
Replacing solvent molecule 472587 (atom 1440173) with NA
Replacing solvent molecule 369617 (atom 1131263) with NA
Replacing solvent molecule 63196 (atom 212000) with NA
Replacing solvent molecule 274529 (atom 845999) with NA
Replacing solvent molecule 337742 (atom 1035638) with NA
Replacing solvent molecule 419263 (atom 1280201) with NA
Replacing solvent molecule 293959 (atom 904289) with NA
Replacing solvent molecule 186664 (atom 582404) with NA


GROMACS reminds you: "Nothing is more anarchic than power." (Pier Paolo Pasolini)


