2025-04-30 19:28:22,410 [MainThread  ] [INFO ]                  :-) GROMACS - gmx genion, 2024.5-conda_forge (-:

Executable:   /home/arunima/.conda/envs/biobb_wf_protein-complex_md_setup/bin.AVX2_256/gmx
Data prefix:  /home/arunima/.conda/envs/biobb_wf_protein-complex_md_setup
Working dir:  /home/arunima/gitrepos/gromacs_sims/Antimicrobial_Peptides/Pseudomonas_antibiotics/simulation/pbppen1999C
Command line:
  gmx -nobackup -nocopyright genion -s /home/arunima/gitrepos/gromacs_sims/Antimicrobial_Peptides/Pseudomonas_antibiotics/simulation/pbppen1999C/1f14745d-6168-4250-8ff4-e6e0ff299915/prot_pbppen1999C_PEN_complex_gppion.tpr -o /home/arunima/gitrepos/gromacs_sims/Antimicrobial_Peptides/Pseudomonas_antibiotics/simulation/pbppen1999C/1f14745d-6168-4250-8ff4-e6e0ff299915/prot_pbppen1999C_PEN_genion.gro -p 62ca8755-92d8-48c2-9e42-d87e49f0cdd8/ligand.top -neutral -seed 1993

Reading file /home/arunima/gitrepos/gromacs_sims/Antimicrobial_Peptides/Pseudomonas_antibiotics/simulation/pbppen1999C/1f14745d-6168-4250-8ff4-e6e0ff299915/prot_pbppen1999C_PEN_complex_gppion.tpr, VERSION 2024.5-conda_forge (single precision)
Reading file /home/arunima/gitrepos/gromacs_sims/Antimicrobial_Peptides/Pseudomonas_antibiotics/simulation/pbppen1999C/1f14745d-6168-4250-8ff4-e6e0ff299915/prot_pbppen1999C_PEN_complex_gppion.tpr, VERSION 2024.5-conda_forge (single precision)
Group     0 (         System) has 955824 elements
Group     1 (        Protein) has 10189 elements
Group     2 (      Protein-H) has  5099 elements
Group     3 (        C-alpha) has   646 elements
Group     4 (       Backbone) has  1938 elements
Group     5 (      MainChain) has  2585 elements
Group     6 (   MainChain+Cb) has  3183 elements
Group     7 (    MainChain+H) has  3190 elements
Group     8 (      SideChain) has  6999 elements
Group     9 (    SideChain-H) has  2514 elements
Group    10 (    Prot-Masses) has 10189 elements
Group    11 (    non-Protein) has 945635 elements
Group    12 (          Other) has    53 elements
Group    13 (            PEN) has    53 elements
Group    14 (          Water) has 945582 elements
Group    15 (            SOL) has 945582 elements
Group    16 (      non-Water) has 10242 elements
Select a group: Number of (3-atomic) solvent molecules: 315194
Using random seed 1993.
Replacing solvent molecule 3783 (atom 21591) with CL


GROMACS reminds you: "The Lord of the Rings can be confusing to follow because many of the bad minions look and sound familiar; that's why Tolkien gave them each an ORCid." (Caroline Bartman)


