2025-04-30 19:28:01,776 [MainThread  ] [INFO ]                 :-) GROMACS - gmx trjconv, 2024.5-conda_forge (-:

Executable:   /home/arunima/.conda/envs/biobb_wf_protein-complex_md_setup/bin.AVX2_256/gmx
Data prefix:  /home/arunima/.conda/envs/biobb_wf_protein-complex_md_setup
Working dir:  /home/arunima/gitrepos/gromacs_sims/Antimicrobial_Peptides/Pseudomonas_antibiotics/simulation/pbppen1999C
Command line:
  gmx trjconv -f /home/arunima/gitrepos/gromacs_sims/Antimicrobial_Peptides/Pseudomonas_antibiotics/simulation/pbppen1999C/8687fcb4-18ea-4dac-8767-cb22e97133db/prot_pbppen1999C_pdb2gmx.gro -s /home/arunima/gitrepos/gromacs_sims/Antimicrobial_Peptides/Pseudomonas_antibiotics/simulation/pbppen1999C/8687fcb4-18ea-4dac-8767-cb22e97133db/prot_pbppen1999C_pdb2gmx.gro -o /home/arunima/gitrepos/gromacs_sims/Antimicrobial_Peptides/Pseudomonas_antibiotics/simulation/pbppen1999C/8687fcb4-18ea-4dac-8767-cb22e97133db/prot_pbppen1999C_PEN_complex_H.pdb -nocenter

Will write pdb: Protein data bank file
Group     0 (         System) has 10189 elements
Group     1 (        Protein) has 10189 elements
Group     2 (      Protein-H) has  5099 elements
Group     3 (        C-alpha) has   646 elements
Group     4 (       Backbone) has  1938 elements
Group     5 (      MainChain) has  2585 elements
Group     6 (   MainChain+Cb) has  3183 elements
Group     7 (    MainChain+H) has  3190 elements
Group     8 (      SideChain) has  6999 elements
Group     9 (    SideChain-H) has  2514 elements
Select a group: Reading frames from gro file 'Good gRace! Old Maple Actually Chews Slate', 10189 atoms.
Reading frame       0 time    0.000   
Precision of /home/arunima/gitrepos/gromacs_sims/Antimicrobial_Peptides/Pseudomonas_antibiotics/simulation/pbppen1999C/8687fcb4-18ea-4dac-8767-cb22e97133db/prot_pbppen1999C_pdb2gmx.gro is 0.001 (nm)
Last frame          0 time    0.000   
 ->  frame      0 time    0.000      
Last written: frame      0 time    0.000


GROMACS reminds you: "Correctomundo" (Pulp Fiction)


