2025-06-08 23:07:41,779 [MainThread  ] [INFO ]  Executing biobb_gromacs.gromacs.grompp Version: 4.2.0
2025-06-08 23:07:41,792 [MainThread  ] [INFO ]  Copy: prot_E6AP_VIA_complex_VIA_genion.gro to /home/arunima/gitrepos/gromacs_sims/E6_E6AP_Sildenafil/E6AP/E6AP_VIA_MD/138f882f-e441-4021-90f3-2f3c7df59dd1
2025-06-08 23:07:41,814 [MainThread  ] [INFO ]  Extracting: /home/arunima/gitrepos/gromacs_sims/E6_E6AP_Sildenafil/E6AP/E6AP_VIA_MD/prot_E6AP_VIA_complex_VIA_genion_top.zip
2025-06-08 23:07:41,814 [MainThread  ] [INFO ]  to:
2025-06-08 23:07:41,814 [MainThread  ] [INFO ]  ['/home/arunima/gitrepos/gromacs_sims/E6_E6AP_Sildenafil/E6AP/E6AP_VIA_MD/138f882f-e441-4021-90f3-2f3c7df59dd1/VIA_posres.itp', '/home/arunima/gitrepos/gromacs_sims/E6_E6AP_Sildenafil/E6AP/E6AP_VIA_MD/138f882f-e441-4021-90f3-2f3c7df59dd1/VIAparams.itp', '/home/arunima/gitrepos/gromacs_sims/E6_E6AP_Sildenafil/E6AP/E6AP_VIA_MD/138f882f-e441-4021-90f3-2f3c7df59dd1/ligand.top', '/home/arunima/gitrepos/gromacs_sims/E6_E6AP_Sildenafil/E6AP/E6AP_VIA_MD/138f882f-e441-4021-90f3-2f3c7df59dd1/posre.itp']
2025-06-08 23:07:41,814 [MainThread  ] [INFO ]  Unzipping: 
2025-06-08 23:07:41,814 [MainThread  ] [INFO ]  prot_E6AP_VIA_complex_VIA_genion_top.zip
2025-06-08 23:07:41,814 [MainThread  ] [INFO ]  To: 
2025-06-08 23:07:41,814 [MainThread  ] [INFO ]  /home/arunima/gitrepos/gromacs_sims/E6_E6AP_Sildenafil/E6AP/E6AP_VIA_MD/138f882f-e441-4021-90f3-2f3c7df59dd1/VIA_posres.itp
2025-06-08 23:07:41,815 [MainThread  ] [INFO ]  /home/arunima/gitrepos/gromacs_sims/E6_E6AP_Sildenafil/E6AP/E6AP_VIA_MD/138f882f-e441-4021-90f3-2f3c7df59dd1/VIAparams.itp
2025-06-08 23:07:41,815 [MainThread  ] [INFO ]  /home/arunima/gitrepos/gromacs_sims/E6_E6AP_Sildenafil/E6AP/E6AP_VIA_MD/138f882f-e441-4021-90f3-2f3c7df59dd1/ligand.top
2025-06-08 23:07:41,815 [MainThread  ] [INFO ]  /home/arunima/gitrepos/gromacs_sims/E6_E6AP_Sildenafil/E6AP/E6AP_VIA_MD/138f882f-e441-4021-90f3-2f3c7df59dd1/posre.itp
2025-06-08 23:07:41,817 [MainThread  ] [INFO ]  gmx -nobackup -nocopyright grompp -f /home/arunima/gitrepos/gromacs_sims/E6_E6AP_Sildenafil/E6AP/E6AP_VIA_MD/138f882f-e441-4021-90f3-2f3c7df59dd1/grompp.mdp -c /home/arunima/gitrepos/gromacs_sims/E6_E6AP_Sildenafil/E6AP/E6AP_VIA_MD/138f882f-e441-4021-90f3-2f3c7df59dd1/prot_E6AP_VIA_complex_VIA_genion.gro -r /home/arunima/gitrepos/gromacs_sims/E6_E6AP_Sildenafil/E6AP/E6AP_VIA_MD/138f882f-e441-4021-90f3-2f3c7df59dd1/prot_E6AP_VIA_complex_VIA_genion.gro -p /home/arunima/gitrepos/gromacs_sims/E6_E6AP_Sildenafil/E6AP/E6AP_VIA_MD/138f882f-e441-4021-90f3-2f3c7df59dd1/ligand.top -o /home/arunima/gitrepos/gromacs_sims/E6_E6AP_Sildenafil/E6AP/E6AP_VIA_MD/138f882f-e441-4021-90f3-2f3c7df59dd1/prot_E6AP_VIA_complex_VIA_gppmin.tpr -po mdout.mdp -maxwarn 10

2025-06-08 23:07:42,315 [MainThread  ] [INFO ]  Exit code 0

2025-06-08 23:07:42,315 [MainThread  ] [INFO ]  Setting the LD random seed to -68000284

Generated 3003 of the 3003 non-bonded parameter combinations

Generated 3003 of the 3003 1-4 parameter combinations

Excluding 3 bonded neighbours molecule type 'Protein_chain_A'

Excluding 3 bonded neighbours molecule type 'VIAparams'

Excluding 2 bonded neighbours molecule type 'SOL'

Excluding 1 bonded neighbours molecule type 'NA'
Analysing residue names:
There are:   383    Protein residues
There are:     1      Other residues
There are: 12798      Water residues
There are:    13        Ion residues
Analysing Protein...
Analysing residues not classified as Protein/DNA/RNA/Water and splitting into groups...

The largest distance between excluded atoms is 0.629 nm between atom 4635 and 4642
Calculating fourier grid dimensions for X Y Z
Using a fourier grid of 72x72x72, spacing 0.116 0.116 0.116

Estimate for the relative computational load of the PME mesh part: 0.25

This run will generate roughly 3 Mb of data

2025-06-08 23:07:42,338 [MainThread  ] [INFO ]  Removed: ['/home/arunima/gitrepos/gromacs_sims/E6_E6AP_Sildenafil/E6AP/E6AP_VIA_MD/138f882f-e441-4021-90f3-2f3c7df59dd1', 'mdout.mdp']
