2025-06-08 22:45:14,703 [MainThread  ] [INFO ]                 :-) GROMACS - gmx pdb2gmx, 2024.5-conda_forge (-:

Executable:   /home/arunima/.conda/envs/biobb_wf_protein-complex_md_setup/bin.AVX2_256/gmx
Data prefix:  /home/arunima/.conda/envs/biobb_wf_protein-complex_md_setup
Working dir:  /home/arunima/gitrepos/gromacs_sims/E6_E6AP_Sildenafil/E6AP/E6AP_VIA_MD
Command line:
  gmx -nobackup -nocopyright pdb2gmx -f /home/arunima/gitrepos/gromacs_sims/E6_E6AP_Sildenafil/E6AP/E6AP_VIA_MD/b71eed6b-601a-46d9-9bcc-8493903c5fa0/prot_E6AP_VIA_complex_fixed.pdb -o /home/arunima/gitrepos/gromacs_sims/E6_E6AP_Sildenafil/E6AP/E6AP_VIA_MD/b71eed6b-601a-46d9-9bcc-8493903c5fa0/prot_E6AP_VIA_complex_pdb2gmx.gro -p p2g.top -water spce -ff amber99sb-ildn -i posre.itp

Opening force field file /home/arunima/.conda/envs/biobb_wf_protein-complex_md_setup/share/gromacs/top/amber99sb-ildn.ff/aminoacids.r2b
Opening force field file /home/arunima/.conda/envs/biobb_wf_protein-complex_md_setup/share/gromacs/top/amber99sb-ildn.ff/dna.r2b
Opening force field file /home/arunima/.conda/envs/biobb_wf_protein-complex_md_setup/share/gromacs/top/amber99sb-ildn.ff/rna.r2b
All occupancies are one
Opening force field file /home/arunima/.conda/envs/biobb_wf_protein-complex_md_setup/share/gromacs/top/amber99sb-ildn.ff/atomtypes.atp
Opening force field file /home/arunima/.conda/envs/biobb_wf_protein-complex_md_setup/share/gromacs/top/amber99sb-ildn.ff/aminoacids.rtp
Opening force field file /home/arunima/.conda/envs/biobb_wf_protein-complex_md_setup/share/gromacs/top/amber99sb-ildn.ff/dna.rtp
Opening force field file /home/arunima/.conda/envs/biobb_wf_protein-complex_md_setup/share/gromacs/top/amber99sb-ildn.ff/rna.rtp
Opening force field file /home/arunima/.conda/envs/biobb_wf_protein-complex_md_setup/share/gromacs/top/amber99sb-ildn.ff/aminoacids.hdb
Opening force field file /home/arunima/.conda/envs/biobb_wf_protein-complex_md_setup/share/gromacs/top/amber99sb-ildn.ff/dna.hdb
Opening force field file /home/arunima/.conda/envs/biobb_wf_protein-complex_md_setup/share/gromacs/top/amber99sb-ildn.ff/rna.hdb
Opening force field file /home/arunima/.conda/envs/biobb_wf_protein-complex_md_setup/share/gromacs/top/amber99sb-ildn.ff/aminoacids.n.tdb
Opening force field file /home/arunima/.conda/envs/biobb_wf_protein-complex_md_setup/share/gromacs/top/amber99sb-ildn.ff/aminoacids.c.tdb
Analysing hydrogen-bonding network for automated assignment of histidine
 protonation. 527 donors and 566 acceptors were found.
There are 804 hydrogen bonds
Will use HISE for residue 40
Will use HISE for residue 65
Will use HISE for residue 204
9 out of 9 lines of specbond.dat converted successfully
Special Atom Distance matrix:
                    MET1   HIS40   HIS65  MET149  HIS204  MET205  MET225
                     SD7  NE2318  NE2515  SD1180 NE21617  SD1624  SD1772
   HIS40  NE2318   2.658
   HIS65  NE2515   2.980   2.459
  MET149  SD1180   4.791   2.481   2.911
  HIS204 NE21617   5.842   3.765   3.564   1.345
  MET205  SD1624   4.836   2.844   2.586   0.782   1.034
  MET225  SD1772   5.155   3.066   2.706   1.186   1.427   0.983
  MET322  SD2506   3.829   2.694   1.275   2.751   3.399   2.518   2.155
  MET331  SD2575   3.170   2.264   0.564   2.413   3.059   2.071   2.321
  MET337  SD2622   3.192   2.698   0.808   2.810   3.288   2.370   2.752
                  MET322  MET331
                  SD2506  SD2575
  MET331  SD2575   1.423
  MET337  SD2622   1.915   0.620
Opening force field file /home/arunima/.conda/envs/biobb_wf_protein-complex_md_setup/share/gromacs/top/amber99sb-ildn.ff/aminoacids.arn
Opening force field file /home/arunima/.conda/envs/biobb_wf_protein-complex_md_setup/share/gromacs/top/amber99sb-ildn.ff/dna.arn
Opening force field file /home/arunima/.conda/envs/biobb_wf_protein-complex_md_setup/share/gromacs/top/amber99sb-ildn.ff/rna.arn

Long Bond (4635-4637 = 0.409208 nm)
Before cleaning: 15661 pairs
Before cleaning: 16461 dihedrals

GROMACS reminds you: "Load Up Your Rubber Bullets" (10 CC)


