2025-06-08 22:45:18,598 [MainThread  ] [INFO ]  Executing biobb_chemistry.acpype.acpype_params_gmx Version: 4.2.0
2025-06-08 22:45:18,603 [MainThread  ] [INFO ]  Copy: /home/arunima/gitrepos/gromacs_sims/E6_E6AP_Sildenafil/E6AP/E6AP_VIA_MD/VIA.H.min.mol2 to /home/arunima/gitrepos/gromacs_sims/E6_E6AP_Sildenafil/E6AP/E6AP_VIA_MD/a86c378b-8c0d-449c-97e4-1afc61efe42c
2025-06-08 22:45:18,603 [MainThread  ] [INFO ]  acpype -i /home/arunima/gitrepos/gromacs_sims/E6_E6AP_Sildenafil/E6AP/E6AP_VIA_MD/a86c378b-8c0d-449c-97e4-1afc61efe42c/VIA.H.min.mol2 -b VIAparams.lecq2A -n 0

2025-06-08 23:07:39,022 [MainThread  ] [INFO ]  Exit code 0

2025-06-08 23:07:39,023 [MainThread  ] [INFO ]  ==========================================================================
| ACPYPE: AnteChamber PYthon Parser interfacE v. 2022.6.6 (c) 2025 AWSdS |
==========================================================================
==> ... charge set to 0
==> Executing Antechamber...
==> * Antechamber OK *
==> * Parmchk OK *
==> Executing Tleap...
==> * Tleap OK *
==> Removing temporary files...
==> Using OpenBabel v.3.1.0

==> Writing NEW PDB file

==> Writing CNS/XPLOR files

==> Writing GROMACS files

==> Disambiguating lower and uppercase atomtypes in GMX top file, even if identical.

==> Writing GMX dihedrals for GMX 4.5 and higher.

==> Writing CHARMM files

==> Writing pickle file VIAparams.lecq2A.pkl
==> Removing temporary files...
Total time of execution: 22m 20s

2025-06-08 23:07:39,036 [MainThread  ] [INFO ]  File VIAparams.gro succesfully created
2025-06-08 23:07:39,044 [MainThread  ] [INFO ]  File VIAparams.top succesfully created
2025-06-08 23:07:39,053 [MainThread  ] [INFO ]  File VIAparams.itp succesfully created
