2025-06-08 23:07:39,118 [MainThread  ] [INFO ]  Executing biobb_gromacs.gromacs.make_ndx Version: 4.2.0
2025-06-08 23:07:39,124 [MainThread  ] [INFO ]  Copy: VIAparams.gro to /home/arunima/gitrepos/gromacs_sims/E6_E6AP_Sildenafil/E6AP/E6AP_VIA_MD/624342d5-118c-4ae9-98ad-0509bf4c6f2a
2025-06-08 23:07:39,127 [MainThread  ] [INFO ]  Copy: /home/arunima/gitrepos/gromacs_sims/E6_E6AP_Sildenafil/E6AP/E6AP_VIA_MD/7f5768de-c818-4f69-b327-a38ea1cf3fc9.stdin to /home/arunima/gitrepos/gromacs_sims/E6_E6AP_Sildenafil/E6AP/E6AP_VIA_MD/624342d5-118c-4ae9-98ad-0509bf4c6f2a
2025-06-08 23:07:39,128 [MainThread  ] [INFO ]  gmx -nobackup -nocopyright make_ndx -f /home/arunima/gitrepos/gromacs_sims/E6_E6AP_Sildenafil/E6AP/E6AP_VIA_MD/624342d5-118c-4ae9-98ad-0509bf4c6f2a/VIAparams.gro -o /home/arunima/gitrepos/gromacs_sims/E6_E6AP_Sildenafil/E6AP/E6AP_VIA_MD/624342d5-118c-4ae9-98ad-0509bf4c6f2a/VIA_index.ndx < /home/arunima/gitrepos/gromacs_sims/E6_E6AP_Sildenafil/E6AP/E6AP_VIA_MD/624342d5-118c-4ae9-98ad-0509bf4c6f2a/7f5768de-c818-4f69-b327-a38ea1cf3fc9.stdin

2025-06-08 23:07:39,165 [MainThread  ] [INFO ]  Exit code 0

2025-06-08 23:07:39,165 [MainThread  ] [INFO ]  Going to read 0 old index file(s)
Analysing residue names:
There are:     1      Other residues
Analysing residues not classified as Protein/DNA/RNA/Water and splitting into groups...

  0 System              :    37 atoms
  1 Other               :    37 atoms
  2 VIA                 :    37 atoms

 nr : group      '!': not  'name' nr name   'splitch' nr    Enter: list groups
 'a': atom       '&': and  'del' nr         'splitres' nr   'l': list residues
 't': atom type  '|': or   'keep' nr        'splitat' nr    'h': help
 'r': residue              'res' nr         'chain' char
 "name": group             'case': case sensitive           'q': save and quit
 'ri': residue index

> 
Copied index group 0 'System'
Found 4 atoms with name H*
Complemented group: 33 atoms
Merged two groups with AND: 37 33 -> 33

> 

2025-06-08 23:07:39,189 [MainThread  ] [INFO ]  Removed: ['/home/arunima/gitrepos/gromacs_sims/E6_E6AP_Sildenafil/E6AP/E6AP_VIA_MD/624342d5-118c-4ae9-98ad-0509bf4c6f2a', '/home/arunima/gitrepos/gromacs_sims/E6_E6AP_Sildenafil/E6AP/E6AP_VIA_MD/7f5768de-c818-4f69-b327-a38ea1cf3fc9.stdin']
