                :-) GROMACS - gmx mdrun, 2024.5-conda_forge (-:

Copyright 1991-2024 The GROMACS Authors.
GROMACS is free software; you can redistribute it and/or modify it
under the terms of the GNU Lesser General Public License
as published by the Free Software Foundation; either version 2.1
of the License, or (at your option) any later version.

                         Current GROMACS contributors:
       Mark Abraham           Andrey Alekseenko           Vladimir Basov      
      Cathrine Bergh            Eliane Briand               Ania Brown        
      Mahesh Doijade            Giacomo Fiorin          Stefan Fleischmann    
      Sergey Gorelov         Gilles Gouaillardet            Alan Gray         
     M. Eric Irrgang         Farzaneh Jalalypour            Joe Jordan        
     Carsten Kutzner           Justin A. Lemkul          Magnus Lundborg      
       Pascal Merz              Vedran Miletic            Dmitry Morozov      
       Julien Nabet              Szilard Pall        Andrea Pasquadibisceglie 
    Michele Pellegrino          Hubert Santuz             Roland Schulz       
     Tatiana Shugaeva          Alexey Shvetsov            Philip Turner       
     Alessandra Villa      Sebastian Wingbermuehle  

                         Previous GROMACS contributors:
        Emile Apol             Rossen Apostolov           James Barnett       
        Paul Bauer          Herman J.C. Berendsen          Par Bjelkmar       
      Christian Blau          Viacheslav Bolnykh            Kevin Boyd        
    Aldert van Buuren          Carlo Camilloni           Rudi van Drunen      
      Anton Feenstra           Oliver Fleetwood            Vytas Gapsys       
       Gaurav Garg             Gerrit Groenhof            Bert de Groot       
      Anca Hamuraru           Vincent Hindriksen          Victor Holanda      
     Aleksei Iupinov          Christoph Junghans        Prashanth Kanduri     
   Dimitrios Karkoulis           Peter Kasson             Sebastian Kehl      
     Sebastian Keller             Jiri Kraus               Per Larsson        
      Viveca Lindahl            Erik Marklund           Pieter Meulenhoff     
      Teemu Murtola              Sander Pronk             Michael Shirts      
      Alfons Sijbers            Balint Soproni         David van der Spoel    
      Peter Tieleman            Carsten Uphoff             Jon Vincent        
     Teemu Virolainen         Christian Wennberg           Maarten Wolf       
      Artem Zhmurov       

                  Coordinated by the GROMACS project leaders:
                           Berk Hess and Erik Lindahl

GROMACS:      gmx mdrun, version 2024.5-conda_forge
Executable:   /home/arunima/.conda/envs/biobb_wf_protein-complex_md_setup/bin.AVX2_256/gmx
Data prefix:  /home/arunima/.conda/envs/biobb_wf_protein-complex_md_setup
Working dir:  /home/arunima/gitrepos/gromacs_sims/E6_E6AP_Sildenafil/E6AP/E6AP_VIA_MD
Process ID:   280126
Command line:
  gmx -nobackup -nocopyright mdrun -o /home/arunima/gitrepos/gromacs_sims/E6_E6AP_Sildenafil/E6AP/E6AP_VIA_MD/9ace7f12-5aaf-44ec-99f6-26255e1f9cd4/prot_E6AP_VIA_complex_VIA_npt.trr -s /home/arunima/gitrepos/gromacs_sims/E6_E6AP_Sildenafil/E6AP/E6AP_VIA_MD/9ace7f12-5aaf-44ec-99f6-26255e1f9cd4/prot_E6AP_VIA_complex_VIA_gppnpt.tpr -c /home/arunima/gitrepos/gromacs_sims/E6_E6AP_Sildenafil/E6AP/E6AP_VIA_MD/9ace7f12-5aaf-44ec-99f6-26255e1f9cd4/prot_E6AP_VIA_complex_VIA_npt.gro -e /home/arunima/gitrepos/gromacs_sims/E6_E6AP_Sildenafil/E6AP/E6AP_VIA_MD/9ace7f12-5aaf-44ec-99f6-26255e1f9cd4/prot_E6AP_VIA_complex_VIA_npt.edr -g /home/arunima/gitrepos/gromacs_sims/E6_E6AP_Sildenafil/E6AP/E6AP_VIA_MD/9ace7f12-5aaf-44ec-99f6-26255e1f9cd4/prot_E6AP_VIA_complex_VIA_npt.log -cpo /home/arunima/gitrepos/gromacs_sims/E6_E6AP_Sildenafil/E6AP/E6AP_VIA_MD/9ace7f12-5aaf-44ec-99f6-26255e1f9cd4/prot_E6AP_VIA_complex_VIA_npt.cpt

GROMACS version:     2024.5-conda_forge
Precision:           mixed
Memory model:        64 bit
MPI library:         thread_mpi
OpenMP support:      enabled (GMX_OPENMP_MAX_THREADS = 128)
GPU support:         CUDA
NBNxM GPU setup:     super-cluster 2x2x2 / cluster 8
SIMD instructions:   AVX2_256
CPU FFT library:     fftw-3.3.10-sse2-avx
GPU FFT library:     cuFFT
Multi-GPU FFT:       none
RDTSCP usage:        disabled
TNG support:         enabled
Hwloc support:       disabled
Tracing support:     disabled
C compiler:          /home/conda/feedstock_root/build_artifacts/gromacs_1737880200488/_build_env/bin/x86_64-conda-linux-gnu-cc GNU 11.4.0
C compiler flags:    -fexcess-precision=fast -funroll-all-loops -mavx2 -mfma -Wno-missing-field-initializers -O3 -DNDEBUG
C++ compiler:        /home/conda/feedstock_root/build_artifacts/gromacs_1737880200488/_build_env/bin/x86_64-conda-linux-gnu-c++ GNU 11.4.0
C++ compiler flags:  -fexcess-precision=fast -funroll-all-loops -mavx2 -mfma -Wno-missing-field-initializers -Wno-cast-function-type-strict SHELL:-fopenmp -O3 -DNDEBUG
BLAS library:        Internal
LAPACK library:      Internal
CUDA compiler:       /usr/local/cuda/bin/nvcc nvcc: NVIDIA (R) Cuda compiler driver;Copyright (c) 2005-2022 NVIDIA Corporation;Built on Wed_Sep_21_10:33:58_PDT_2022;Cuda compilation tools, release 11.8, V11.8.89;Build cuda_11.8.r11.8/compiler.31833905_0
CUDA compiler flags:-std=c++17;--generate-code=arch=compute_35,code=sm_35;--generate-code=arch=compute_37,code=sm_37;--generate-code=arch=compute_50,code=sm_50;--generate-code=arch=compute_52,code=sm_52;--generate-code=arch=compute_60,code=sm_60;--generate-code=arch=compute_61,code=sm_61;--generate-code=arch=compute_70,code=sm_70;--generate-code=arch=compute_75,code=sm_75;--generate-code=arch=compute_80,code=sm_80;--generate-code=arch=compute_86,code=sm_86;--generate-code=arch=compute_89,code=sm_89;--generate-code=arch=compute_90,code=sm_90;-Wno-deprecated-gpu-targets;--generate-code=arch=compute_53,code=sm_53;--generate-code=arch=compute_80,code=sm_80;-use_fast_math;-Xptxas;-warn-double-usage;-Xptxas;-Werror;;-Xcompiler;-fopenmp;-fexcess-precision=fast -funroll-all-loops -mavx2 -mfma -Wno-missing-field-initializers -Wno-cast-function-type-strict SHELL:-fopenmp -O3 -DNDEBUG
CUDA driver:         11.70
CUDA runtime:        11.80


Running on 1 node with total 32 cores, 64 processing units, 1 compatible GPU
Hardware detected on host kuhpcgn2:
  CPU info:
    Vendor: Intel
    Brand:  Intel(R) Xeon(R) Silver 4216 CPU @ 2.10GHz
    Family: 6   Model: 85   Stepping: 7
    Features: aes apic avx avx2 avx512f avx512cd avx512bw avx512vl clfsh cmov cx8 cx16 f16c fma hle htt intel lahf mmx msr nonstop_tsc pcid pclmuldq pdcm pdpe1gb popcnt pse rdrnd rdtscp rtm sse2 sse3 sse4.1 sse4.2 ssse3 tdt x2apic
    Number of AVX-512 FMA units: 1 (For Intel, AVX2 is faster w/o 2 AVX-512 FMA units)
  Hardware topology: Basic
    Packages, cores, and logical processors:
    [indices refer to OS logical processors]
      Package  0: [   0  32] [   1  33] [   2  34] [   3  35] [   4  36] [   5  37] [   6  38] [   7  39] [   8  40] [   9  41] [  10  42] [  11  43] [  12  44] [  13  45] [  14  46] [  15  47]
      Package  1: [  16  48] [  17  49] [  18  50] [  19  51] [  20  52] [  21  53] [  22  54] [  23  55] [  24  56] [  25  57] [  26  58] [  27  59] [  28  60] [  29  61] [  30  62] [  31  63]
    CPU limit set by OS: -1   Recommended max number of threads: 64
  GPU info:
    Number of GPUs detected: 1
    #0: NVIDIA Tesla V100-PCIE-32GB, compute cap.: 7.0, ECC: yes, stat: compatible

The current CPU can measure timings more accurately than the code in
gmx mdrun was configured to use. This might affect your simulation
speed as accurate timings are needed for load-balancing.
Please consider rebuilding gmx mdrun with the GMX_USE_RDTSCP=ON CMake option.

++++ PLEASE READ AND CITE THE FOLLOWING REFERENCE ++++
M. J. Abraham, T. Murtola, R. Schulz, S. Páll, J. C. Smith, B. Hess, E.
Lindahl
GROMACS: High performance molecular simulations through multi-level
parallelism from laptops to supercomputers
SoftwareX 1 (2015) pp. 19-25
-------- -------- --- Thank You --- -------- --------


++++ PLEASE READ AND CITE THE FOLLOWING REFERENCE ++++
S. Páll, M. J. Abraham, C. Kutzner, B. Hess, E. Lindahl
Tackling Exascale Software Challenges in Molecular Dynamics Simulations with
GROMACS
In S. Markidis & E. Laure (Eds.), Solving Software Challenges for Exascale 8759 (2015) pp. 3-27
-------- -------- --- Thank You --- -------- --------


++++ PLEASE READ AND CITE THE FOLLOWING REFERENCE ++++
S. Pronk, S. Páll, R. Schulz, P. Larsson, P. Bjelkmar, R. Apostolov, M. R.
Shirts, J. C. Smith, P. M. Kasson, D. van der Spoel, B. Hess, and E. Lindahl
GROMACS 4.5: a high-throughput and highly parallel open source molecular
simulation toolkit
Bioinformatics 29 (2013) pp. 845-54
-------- -------- --- Thank You --- -------- --------


++++ PLEASE READ AND CITE THE FOLLOWING REFERENCE ++++
B. Hess and C. Kutzner and D. van der Spoel and E. Lindahl
GROMACS 4: Algorithms for highly efficient, load-balanced, and scalable
molecular simulation
J. Chem. Theory Comput. 4 (2008) pp. 435-447
-------- -------- --- Thank You --- -------- --------


++++ PLEASE READ AND CITE THE FOLLOWING REFERENCE ++++
D. van der Spoel, E. Lindahl, B. Hess, G. Groenhof, A. E. Mark and H. J. C.
Berendsen
GROMACS: Fast, Flexible and Free
J. Comp. Chem. 26 (2005) pp. 1701-1719
-------- -------- --- Thank You --- -------- --------


++++ PLEASE READ AND CITE THE FOLLOWING REFERENCE ++++
E. Lindahl and B. Hess and D. van der Spoel
GROMACS 3.0: A package for molecular simulation and trajectory analysis
J. Mol. Mod. 7 (2001) pp. 306-317
-------- -------- --- Thank You --- -------- --------


++++ PLEASE READ AND CITE THE FOLLOWING REFERENCE ++++
H. J. C. Berendsen, D. van der Spoel and R. van Drunen
GROMACS: A message-passing parallel molecular dynamics implementation
Comp. Phys. Comm. 91 (1995) pp. 43-56
-------- -------- --- Thank You --- -------- --------

Input Parameters:
   integrator                     = md
   tinit                          = 0
   dt                             = 0.002
   nsteps                         = 50000
   init-step                      = 0
   simulation-part                = 1
   mts                            = false
   mass-repartition-factor        = 1
   comm-mode                      = Linear
   nstcomm                        = 100
   bd-fric                        = 0
   ld-seed                        = -894501889
   emtol                          = 10
   emstep                         = 0.01
   niter                          = 20
   fcstep                         = 0
   nstcgsteep                     = 1000
   nbfgscorr                      = 10
   rtpi                           = 0.05
   nstxout                        = 500
   nstvout                        = 500
   nstfout                        = 0
   nstlog                         = 500
   nstcalcenergy                  = 100
   nstenergy                      = 500
   nstxout-compressed             = 1000
   compressed-x-precision         = 1000
   cutoff-scheme                  = Verlet
   nstlist                        = 10
   pbc                            = xyz
   periodic-molecules             = false
   verlet-buffer-tolerance        = 0.005
   verlet-buffer-pressure-tolerance = 0.5
   rlist                          = 1
   coulombtype                    = PME
   coulomb-modifier               = Potential-shift
   rcoulomb-switch                = 0
   rcoulomb                       = 1
   epsilon-r                      = 1
   epsilon-rf                     = inf
   vdw-type                       = Cut-off
   vdw-modifier                   = Potential-shift
   rvdw-switch                    = 0
   rvdw                           = 1
   DispCorr                       = EnerPres
   table-extension                = 1
   fourierspacing                 = 0.12
   fourier-nx                     = 72
   fourier-ny                     = 72
   fourier-nz                     = 72
   pme-order                      = 4
   ewald-rtol                     = 1e-05
   ewald-rtol-lj                  = 0.001
   lj-pme-comb-rule               = Geometric
   ewald-geometry                 = 3d
   epsilon-surface                = 0
   ensemble-temperature-setting   = constant
   ensemble-temperature           = 300
   tcoupl                         = V-rescale
   nsttcouple                     = 10
   nh-chain-length                = 0
   print-nose-hoover-chain-variables = false
   pcoupl                         = Parrinello-Rahman
   pcoupltype                     = Isotropic
   nstpcouple                     = 25
   tau-p                          = 1
   compressibility (3x3):
      compressibility[    0]={ 4.50000e-05,  0.00000e+00,  0.00000e+00}
      compressibility[    1]={ 0.00000e+00,  4.50000e-05,  0.00000e+00}
      compressibility[    2]={ 0.00000e+00,  0.00000e+00,  4.50000e-05}
   ref-p (3x3):
      ref-p[    0]={ 1.00000e+00,  0.00000e+00,  0.00000e+00}
      ref-p[    1]={ 0.00000e+00,  1.00000e+00,  0.00000e+00}
      ref-p[    2]={ 0.00000e+00,  0.00000e+00,  1.00000e+00}
   refcoord-scaling               = COM
   posres-com (3):
      posres-com[0]= 4.99887e-01
      posres-com[1]= 5.00184e-01
      posres-com[2]= 5.00110e-01
   posres-comB (3):
      posres-comB[0]= 4.99887e-01
      posres-comB[1]= 5.00184e-01
      posres-comB[2]= 5.00110e-01
   QMMM                           = false
qm-opts:
   ngQM                           = 0
   constraint-algorithm           = Lincs
   continuation                   = true
   Shake-SOR                      = false
   shake-tol                      = 0.0001
   lincs-order                    = 4
   lincs-iter                     = 1
   lincs-warnangle                = 30
   nwall                          = 0
   wall-type                      = 9-3
   wall-r-linpot                  = -1
   wall-atomtype[0]               = -1
   wall-atomtype[1]               = -1
   wall-density[0]                = 0
   wall-density[1]                = 0
   wall-ewald-zfac                = 3
   pull                           = false
   awh                            = false
   rotation                       = false
   interactiveMD                  = false
   disre                          = No
   disre-weighting                = Conservative
   disre-mixed                    = false
   dr-fc                          = 1000
   dr-tau                         = 0
   nstdisreout                    = 100
   orire-fc                       = 0
   orire-tau                      = 0
   nstorireout                    = 100
   free-energy                    = no
   cos-acceleration               = 0
   deform (3x3):
      deform[    0]={ 0.00000e+00,  0.00000e+00,  0.00000e+00}
      deform[    1]={ 0.00000e+00,  0.00000e+00,  0.00000e+00}
      deform[    2]={ 0.00000e+00,  0.00000e+00,  0.00000e+00}
   simulated-tempering            = false
   swapcoords                     = no
   userint1                       = 0
   userint2                       = 0
   userint3                       = 0
   userint4                       = 0
   userreal1                      = 0
   userreal2                      = 0
   userreal3                      = 0
   userreal4                      = 0
   applied-forces:
     electric-field:
       x:
         E0                       = 0
         omega                    = 0
         t0                       = 0
         sigma                    = 0
       y:
         E0                       = 0
         omega                    = 0
         t0                       = 0
         sigma                    = 0
       z:
         E0                       = 0
         omega                    = 0
         t0                       = 0
         sigma                    = 0
     density-guided-simulation:
       active                     = false
       group                      = protein
       similarity-measure         = inner-product
       atom-spreading-weight      = unity
       force-constant             = 1e+09
       gaussian-transform-spreading-width = 0.2
       gaussian-transform-spreading-range-in-multiples-of-width = 4
       reference-density-filename = reference.mrc
       nst                        = 1
       normalize-densities        = true
       adaptive-force-scaling     = false
       adaptive-force-scaling-time-constant = 4
       shift-vector               = 
       transformation-matrix      = 
     qmmm-cp2k:
       active                     = false
       qmgroup                    = System
       qmmethod                   = PBE
       qmfilenames                = 
       qmcharge                   = 0
       qmmultiplicity             = 1
     colvars:
       active                     = false
       configfile                 = 
       seed                       = -1
grpopts:
   nrdf:     14801.5     76824.5
   ref-t:         300         300
   tau-t:         0.1         0.1
annealing:          No          No
annealing-npoints:           0           0
   acc:	           0           0           0
   nfreeze:           N           N           N
   energygrp-flags[  0]: 0

Changing nstlist from 10 to 100, rlist from 1 to 1.182


Update groups can not be used for this system because atoms that are (in)directly constrained together are interdispersed with other atoms

1 GPU selected for this run.
Mapping of GPU IDs to the 2 GPU tasks in the 1 rank on this node:
  PP:0,PME:0
PP tasks will do (non-perturbed) short-ranged interactions on the GPU
PP task will update and constrain coordinates on the GPU
PME tasks will do all aspects on the GPU
Using 1 MPI thread
Using 32 OpenMP threads 

System total charge: 0.000
Will do PME sum in reciprocal space for electrostatic interactions.

++++ PLEASE READ AND CITE THE FOLLOWING REFERENCE ++++
U. Essmann, L. Perera, M. L. Berkowitz, T. Darden, H. Lee and L. G. Pedersen 
A smooth particle mesh Ewald method
J. Chem. Phys. 103 (1995) pp. 8577-8592
-------- -------- --- Thank You --- -------- --------

Using a Gaussian width (1/beta) of 0.320163 nm for Ewald
Potential shift: LJ r^-12: -1.000e+00 r^-6: -1.000e+00, Ewald -1.000e-05
Initialized non-bonded Coulomb Ewald tables, spacing: 9.33e-04 size: 1073

Generated table with 1091 data points for 1-4 COUL.
Tabscale = 500 points/nm
Generated table with 1091 data points for 1-4 LJ6.
Tabscale = 500 points/nm
Generated table with 1091 data points for 1-4 LJ12.
Tabscale = 500 points/nm
Long Range LJ corr.: <C6> 3.5252e-04


Using GPU 8x8 nonbonded short-range kernels

Using a dual 8x8 pair-list setup updated with dynamic, rolling pruning:
  outer list: updated every 100 steps, buffer 0.182 nm, rlist 1.182 nm
  inner list: updated every   8 steps, buffer 0.002 nm, rlist 1.002 nm
At tolerance 0.005 kJ/mol/ps per atom, equivalent classical 1x1 list would be:
  outer list: updated every 100 steps, buffer 0.314 nm, rlist 1.314 nm
  inner list: updated every   8 steps, buffer 0.029 nm, rlist 1.029 nm

The average pressure is off by at most 0.53 bar due to missing LJ interactions

Using Lorentz-Berthelot Lennard-Jones combination rule

Pinning threads with an auto-selected logical cpu stride of 2

Initializing LINear Constraint Solver

++++ PLEASE READ AND CITE THE FOLLOWING REFERENCE ++++
B. Hess and H. Bekker and H. J. C. Berendsen and J. G. E. M. Fraaije
LINCS: A Linear Constraint Solver for molecular simulations
J. Comp. Chem. 18 (1997) pp. 1463-1472
-------- -------- --- Thank You --- -------- --------

The number of constraints is 2925

++++ PLEASE READ AND CITE THE FOLLOWING REFERENCE ++++
S. Miyamoto and P. A. Kollman
SETTLE: An Analytical Version of the SHAKE and RATTLE Algorithms for Rigid
Water Models
J. Comp. Chem. 13 (1992) pp. 952-962
-------- -------- --- Thank You --- -------- --------


++++ PLEASE READ AND CITE THE FOLLOWING REFERENCE ++++
G. Bussi, D. Donadio and M. Parrinello
Canonical sampling through velocity rescaling
J. Chem. Phys. 126 (2007) pp. 014101
-------- -------- --- Thank You --- -------- --------

There are: 44316 Atoms

Updating coordinates and applying constraints on the GPU.
Center of mass motion removal mode is Linear
We have the following groups for center of mass motion removal:
  0:  rest

Started mdrun on rank 0 Sun Jun  8 23:08:32 2025

           Step           Time
              0        0.00000

   Energies (kJ/mol)
           Bond          Angle    Proper Dih. Per. Imp. Dih.          LJ-14
    4.63461e+03    1.40256e+04    1.59016e+04    7.67540e+02    6.52337e+03
     Coulomb-14        LJ (SR)  Disper. corr.   Coulomb (SR)   Coul. recip.
    8.50776e+04    1.00270e+05   -6.44653e+03   -8.59769e+05    4.41154e+03
 Position Rest.      Potential    Kinetic En.   Total Energy  Conserved En.
    3.74090e-01   -6.34604e+05    1.14222e+05   -5.20381e+05   -5.20354e+05
    Temperature Pres. DC (bar) Pressure (bar)   Constr. rmsd
    2.99866e+02   -2.38537e+02   -5.25523e+02    0.00000e+00

           Step           Time
            500        1.00000

   Energies (kJ/mol)
           Bond          Angle    Proper Dih. Per. Imp. Dih.          LJ-14
    4.70833e+03    1.36921e+04    1.58335e+04    7.43900e+02    6.62567e+03
     Coulomb-14        LJ (SR)  Disper. corr.   Coulomb (SR)   Coul. recip.
    8.50974e+04    1.03679e+05   -6.62777e+03   -8.66038e+05    4.29544e+03
 Position Rest.      Potential    Kinetic En.   Total Energy  Conserved En.
    1.35344e+03   -6.36637e+05    1.13560e+05   -5.23077e+05   -5.20010e+05
    Temperature Pres. DC (bar) Pressure (bar)   Constr. rmsd
    2.98129e+02   -2.52122e+02    4.17504e+00    0.00000e+00

           Step           Time
           1000        2.00000

   Energies (kJ/mol)
           Bond          Angle    Proper Dih. Per. Imp. Dih.          LJ-14
    4.91879e+03    1.38900e+04    1.58838e+04    7.43680e+02    6.62268e+03
     Coulomb-14        LJ (SR)  Disper. corr.   Coulomb (SR)   Coul. recip.
    8.52035e+04    1.03218e+05   -6.65359e+03   -8.66753e+05    4.29823e+03
 Position Rest.      Potential    Kinetic En.   Total Energy  Conserved En.
    1.41917e+03   -6.37209e+05    1.13788e+05   -5.23421e+05   -5.19910e+05
    Temperature Pres. DC (bar) Pressure (bar)   Constr. rmsd
    2.98728e+02   -2.54088e+02   -2.02731e+02    0.00000e+00

           Step           Time
           1500        3.00000

   Energies (kJ/mol)
           Bond          Angle    Proper Dih. Per. Imp. Dih.          LJ-14
    4.78661e+03    1.38766e+04    1.58738e+04    7.77004e+02    6.66299e+03
     Coulomb-14        LJ (SR)  Disper. corr.   Coulomb (SR)   Coul. recip.
    8.50986e+04    1.01028e+05   -6.65644e+03   -8.63504e+05    4.23724e+03
 Position Rest.      Potential    Kinetic En.   Total Energy  Conserved En.
    1.42164e+03   -6.36398e+05    1.15234e+05   -5.21164e+05   -5.19954e+05
    Temperature Pres. DC (bar) Pressure (bar)   Constr. rmsd
    3.02522e+02   -2.54305e+02   -3.36665e+02    0.00000e+00

           Step           Time
           2000        4.00000

   Energies (kJ/mol)
           Bond          Angle    Proper Dih. Per. Imp. Dih.          LJ-14
    4.74136e+03    1.36894e+04    1.58823e+04    7.51758e+02    6.52455e+03
     Coulomb-14        LJ (SR)  Disper. corr.   Coulomb (SR)   Coul. recip.
    8.51492e+04    1.04865e+05   -6.68482e+03   -8.68453e+05    4.29291e+03
 Position Rest.      Potential    Kinetic En.   Total Energy  Conserved En.
    1.34599e+03   -6.37895e+05    1.14512e+05   -5.23383e+05   -5.19936e+05
    Temperature Pres. DC (bar) Pressure (bar)   Constr. rmsd
    3.00627e+02   -2.56475e+02    1.77590e+02    0.00000e+00

           Step           Time
           2500        5.00000

   Energies (kJ/mol)
           Bond          Angle    Proper Dih. Per. Imp. Dih.          LJ-14
    4.76815e+03    1.37406e+04    1.58316e+04    7.28210e+02    6.58302e+03
     Coulomb-14        LJ (SR)  Disper. corr.   Coulomb (SR)   Coul. recip.
    8.49869e+04    1.04740e+05   -6.67001e+03   -8.67667e+05    4.29634e+03
 Position Rest.      Potential    Kinetic En.   Total Energy  Conserved En.
    1.38129e+03   -6.37281e+05    1.14986e+05   -5.22296e+05   -5.19894e+05
    Temperature Pres. DC (bar) Pressure (bar)   Constr. rmsd
    3.01870e+02   -2.55342e+02    1.02805e+02    0.00000e+00

           Step           Time
           3000        6.00000

   Energies (kJ/mol)
           Bond          Angle    Proper Dih. Per. Imp. Dih.          LJ-14
    4.75587e+03    1.35575e+04    1.58862e+04    8.13204e+02    6.67613e+03
     Coulomb-14        LJ (SR)  Disper. corr.   Coulomb (SR)   Coul. recip.
    8.50064e+04    1.03430e+05   -6.66498e+03   -8.66387e+05    4.30157e+03
 Position Rest.      Potential    Kinetic En.   Total Energy  Conserved En.
    1.48307e+03   -6.37143e+05    1.15142e+05   -5.22000e+05   -5.19888e+05
    Temperature Pres. DC (bar) Pressure (bar)   Constr. rmsd
    3.02282e+02   -2.54958e+02   -1.25106e+02    0.00000e+00

           Step           Time
           3500        7.00000

   Energies (kJ/mol)
           Bond          Angle    Proper Dih. Per. Imp. Dih.          LJ-14
    4.77701e+03    1.39551e+04    1.60190e+04    7.99754e+02    6.63142e+03
     Coulomb-14        LJ (SR)  Disper. corr.   Coulomb (SR)   Coul. recip.
    8.51238e+04    1.03916e+05   -6.67304e+03   -8.67585e+05    4.20792e+03
 Position Rest.      Potential    Kinetic En.   Total Energy  Conserved En.
    1.51227e+03   -6.37316e+05    1.14446e+05   -5.22870e+05   -5.19807e+05
    Temperature Pres. DC (bar) Pressure (bar)   Constr. rmsd
    3.00455e+02   -2.55574e+02   -1.02635e+02    0.00000e+00

           Step           Time
           4000        8.00000

   Energies (kJ/mol)
           Bond          Angle    Proper Dih. Per. Imp. Dih.          LJ-14
    4.81950e+03    1.36112e+04    1.57205e+04    7.40291e+02    6.58333e+03
     Coulomb-14        LJ (SR)  Disper. corr.   Coulomb (SR)   Coul. recip.
    8.50554e+04    1.04453e+05   -6.67870e+03   -8.67509e+05    4.19351e+03
 Position Rest.      Potential    Kinetic En.   Total Energy  Conserved En.
    1.50311e+03   -6.37508e+05    1.13004e+05   -5.24504e+05   -5.19802e+05
    Temperature Pres. DC (bar) Pressure (bar)   Constr. rmsd
    2.96669e+02   -2.56007e+02    7.65563e+01    0.00000e+00

           Step           Time
           4500        9.00000

   Energies (kJ/mol)
           Bond          Angle    Proper Dih. Per. Imp. Dih.          LJ-14
    4.69438e+03    1.37213e+04    1.58616e+04    7.46664e+02    6.57433e+03
     Coulomb-14        LJ (SR)  Disper. corr.   Coulomb (SR)   Coul. recip.
    8.52972e+04    1.04252e+05   -6.68010e+03   -8.67226e+05    4.30124e+03
 Position Rest.      Potential    Kinetic En.   Total Energy  Conserved En.
    1.39902e+03   -6.37058e+05    1.15257e+05   -5.21802e+05   -5.19822e+05
    Temperature Pres. DC (bar) Pressure (bar)   Constr. rmsd
    3.02583e+02   -2.56114e+02    1.80022e+02    0.00000e+00

           Step           Time
           5000       10.00000

   Energies (kJ/mol)
           Bond          Angle    Proper Dih. Per. Imp. Dih.          LJ-14
    4.62290e+03    1.40218e+04    1.57327e+04    7.07461e+02    6.65135e+03
     Coulomb-14        LJ (SR)  Disper. corr.   Coulomb (SR)   Coul. recip.
    8.51894e+04    1.04225e+05   -6.68880e+03   -8.66229e+05    4.33541e+03
 Position Rest.      Potential    Kinetic En.   Total Energy  Conserved En.
    1.41077e+03   -6.36021e+05    1.15061e+05   -5.20960e+05   -5.19774e+05
    Temperature Pres. DC (bar) Pressure (bar)   Constr. rmsd
    3.02069e+02   -2.56781e+02    9.61922e+01    0.00000e+00

           Step           Time
           5500       11.00000

   Energies (kJ/mol)
           Bond          Angle    Proper Dih. Per. Imp. Dih.          LJ-14
    4.69055e+03    1.40363e+04    1.58710e+04    7.65945e+02    6.56562e+03
     Coulomb-14        LJ (SR)  Disper. corr.   Coulomb (SR)   Coul. recip.
    8.50861e+04    1.04514e+05   -6.65085e+03   -8.66922e+05    4.13996e+03
 Position Rest.      Potential    Kinetic En.   Total Energy  Conserved En.
    1.44090e+03   -6.36463e+05    1.14873e+05   -5.21590e+05   -5.19788e+05
    Temperature Pres. DC (bar) Pressure (bar)   Constr. rmsd
    3.01576e+02   -2.53879e+02    1.73727e+02    0.00000e+00

           Step           Time
           6000       12.00000

   Energies (kJ/mol)
           Bond          Angle    Proper Dih. Per. Imp. Dih.          LJ-14
    4.80671e+03    1.40249e+04    1.58021e+04    7.62155e+02    6.59160e+03
     Coulomb-14        LJ (SR)  Disper. corr.   Coulomb (SR)   Coul. recip.
    8.51154e+04    1.04635e+05   -6.66420e+03   -8.67622e+05    4.24959e+03
 Position Rest.      Potential    Kinetic En.   Total Energy  Conserved En.
    1.48510e+03   -6.36814e+05    1.15015e+05   -5.21799e+05   -5.19768e+05
    Temperature Pres. DC (bar) Pressure (bar)   Constr. rmsd
    3.01946e+02   -2.54898e+02    2.85913e+02    0.00000e+00

           Step           Time
           6500       13.00000

   Energies (kJ/mol)
           Bond          Angle    Proper Dih. Per. Imp. Dih.          LJ-14
    4.91184e+03    1.35566e+04    1.57553e+04    7.07342e+02    6.47615e+03
     Coulomb-14        LJ (SR)  Disper. corr.   Coulomb (SR)   Coul. recip.
    8.51892e+04    1.02800e+05   -6.66693e+03   -8.66172e+05    4.36913e+03
 Position Rest.      Potential    Kinetic En.   Total Energy  Conserved En.
    1.49284e+03   -6.37581e+05    1.13627e+05   -5.23954e+05   -5.19732e+05
    Temperature Pres. DC (bar) Pressure (bar)   Constr. rmsd
    2.98303e+02   -2.55106e+02   -1.55790e+02    0.00000e+00

           Step           Time
           7000       14.00000

   Energies (kJ/mol)
           Bond          Angle    Proper Dih. Per. Imp. Dih.          LJ-14
    4.88280e+03    1.34427e+04    1.59342e+04    8.08814e+02    6.62242e+03
     Coulomb-14        LJ (SR)  Disper. corr.   Coulomb (SR)   Coul. recip.
    8.51825e+04    1.05189e+05   -6.71811e+03   -8.68928e+05    4.21121e+03
 Position Rest.      Potential    Kinetic En.   Total Energy  Conserved En.
    1.55543e+03   -6.37817e+05    1.13839e+05   -5.23977e+05   -5.19663e+05
    Temperature Pres. DC (bar) Pressure (bar)   Constr. rmsd
    2.98861e+02   -2.59033e+02    8.95984e+01    0.00000e+00

           Step           Time
           7500       15.00000

   Energies (kJ/mol)
           Bond          Angle    Proper Dih. Per. Imp. Dih.          LJ-14
    4.68362e+03    1.39677e+04    1.57329e+04    7.26114e+02    6.54856e+03
     Coulomb-14        LJ (SR)  Disper. corr.   Coulomb (SR)   Coul. recip.
    8.48556e+04    1.02957e+05   -6.67598e+03   -8.64923e+05    4.29099e+03
 Position Rest.      Potential    Kinetic En.   Total Energy  Conserved En.
    1.53779e+03   -6.36299e+05    1.14095e+05   -5.22204e+05   -5.19633e+05
    Temperature Pres. DC (bar) Pressure (bar)   Constr. rmsd
    2.99532e+02   -2.55798e+02   -2.54383e+02    0.00000e+00

           Step           Time
           8000       16.00000

   Energies (kJ/mol)
           Bond          Angle    Proper Dih. Per. Imp. Dih.          LJ-14
    4.74916e+03    1.38218e+04    1.58522e+04    8.11827e+02    6.52387e+03
     Coulomb-14        LJ (SR)  Disper. corr.   Coulomb (SR)   Coul. recip.
    8.50109e+04    1.04551e+05   -6.67922e+03   -8.66159e+05    4.43061e+03
 Position Rest.      Potential    Kinetic En.   Total Energy  Conserved En.
    1.47926e+03   -6.35608e+05    1.13868e+05   -5.21740e+05   -5.19601e+05
    Temperature Pres. DC (bar) Pressure (bar)   Constr. rmsd
    2.98936e+02   -2.56046e+02    1.38080e+02    0.00000e+00

           Step           Time
           8500       17.00000

   Energies (kJ/mol)
           Bond          Angle    Proper Dih. Per. Imp. Dih.          LJ-14
    4.81972e+03    1.35799e+04    1.59369e+04    7.09958e+02    6.58300e+03
     Coulomb-14        LJ (SR)  Disper. corr.   Coulomb (SR)   Coul. recip.
    8.52171e+04    1.04011e+05   -6.69130e+03   -8.67392e+05    4.28044e+03
 Position Rest.      Potential    Kinetic En.   Total Energy  Conserved En.
    1.37801e+03   -6.37568e+05    1.14298e+05   -5.23270e+05   -5.19603e+05
    Temperature Pres. DC (bar) Pressure (bar)   Constr. rmsd
    3.00064e+02   -2.56972e+02    8.78733e+01    0.00000e+00

           Step           Time
           9000       18.00000

   Energies (kJ/mol)
           Bond          Angle    Proper Dih. Per. Imp. Dih.          LJ-14
    4.69215e+03    1.35451e+04    1.58730e+04    7.12078e+02    6.65492e+03
     Coulomb-14        LJ (SR)  Disper. corr.   Coulomb (SR)   Coul. recip.
    8.53401e+04    1.03341e+05   -6.72928e+03   -8.67053e+05    4.26072e+03
 Position Rest.      Potential    Kinetic En.   Total Energy  Conserved En.
    1.48165e+03   -6.37881e+05    1.12800e+05   -5.25082e+05   -5.19557e+05
    Temperature Pres. DC (bar) Pressure (bar)   Constr. rmsd
    2.96132e+02   -2.59895e+02    1.96924e+02    0.00000e+00

           Step           Time
           9500       19.00000

   Energies (kJ/mol)
           Bond          Angle    Proper Dih. Per. Imp. Dih.          LJ-14
    4.88776e+03    1.35730e+04    1.59017e+04    7.38625e+02    6.60307e+03
     Coulomb-14        LJ (SR)  Disper. corr.   Coulomb (SR)   Coul. recip.
    8.51903e+04    1.02201e+05   -6.68032e+03   -8.64536e+05    4.36450e+03
 Position Rest.      Potential    Kinetic En.   Total Energy  Conserved En.
    1.59519e+03   -6.36162e+05    1.15169e+05   -5.20992e+05   -5.19437e+05
    Temperature Pres. DC (bar) Pressure (bar)   Constr. rmsd
    3.02353e+02   -2.56131e+02   -5.96527e+02    0.00000e+00

           Step           Time
          10000       20.00000

   Energies (kJ/mol)
           Bond          Angle    Proper Dih. Per. Imp. Dih.          LJ-14
    4.53622e+03    1.38517e+04    1.59857e+04    6.96468e+02    6.72350e+03
     Coulomb-14        LJ (SR)  Disper. corr.   Coulomb (SR)   Coul. recip.
    8.50645e+04    1.03418e+05   -6.71158e+03   -8.66405e+05    4.27908e+03
 Position Rest.      Potential    Kinetic En.   Total Energy  Conserved En.
    1.48399e+03   -6.37078e+05    1.14906e+05   -5.22172e+05   -5.19406e+05
    Temperature Pres. DC (bar) Pressure (bar)   Constr. rmsd
    3.01661e+02   -2.58530e+02    2.03950e+02    0.00000e+00

           Step           Time
          10500       21.00000

   Energies (kJ/mol)
           Bond          Angle    Proper Dih. Per. Imp. Dih.          LJ-14
    4.76883e+03    1.36170e+04    1.58682e+04    7.03407e+02    6.61545e+03
     Coulomb-14        LJ (SR)  Disper. corr.   Coulomb (SR)   Coul. recip.
    8.52016e+04    1.05206e+05   -6.69732e+03   -8.68638e+05    4.28373e+03
 Position Rest.      Potential    Kinetic En.   Total Energy  Conserved En.
    1.55565e+03   -6.37515e+05    1.15336e+05   -5.22179e+05   -5.19416e+05
    Temperature Pres. DC (bar) Pressure (bar)   Constr. rmsd
    3.02792e+02   -2.57434e+02    3.62929e+02    0.00000e+00

step 10600: timed with pme grid 72 72 72, coulomb cutoff 1.000: 116.6 M-cycles
step 10800: timed with pme grid 60 60 60, coulomb cutoff 1.161: 112.7 M-cycles
step 11000: timed with pme grid 52 52 52, coulomb cutoff 1.339: 131.1 M-cycles
           Step           Time
          11000       22.00000

   Energies (kJ/mol)
           Bond          Angle    Proper Dih. Per. Imp. Dih.          LJ-14
    4.95099e+03    1.35991e+04    1.57814e+04    7.61642e+02    6.53329e+03
     Coulomb-14        LJ (SR)  Disper. corr.   Coulomb (SR)   Coul. recip.
    8.52589e+04    1.05212e+05   -6.69109e+03   -8.66193e+05    1.95135e+03
 Position Rest.      Potential    Kinetic En.   Total Energy  Conserved En.
    1.51258e+03   -6.37323e+05    1.14058e+05   -5.23265e+05   -5.19362e+05
    Temperature Pres. DC (bar) Pressure (bar)   Constr. rmsd
    2.99435e+02   -2.56956e+02    1.22938e+02    0.00000e+00

step 11200: timed with pme grid 56 56 56, coulomb cutoff 1.244: 119.9 M-cycles
step 11400: timed with pme grid 60 60 60, coulomb cutoff 1.161: 109.6 M-cycles
           Step           Time
          11500       23.00000

   Energies (kJ/mol)
           Bond          Angle    Proper Dih. Per. Imp. Dih.          LJ-14
    4.77357e+03    1.36401e+04    1.58301e+04    7.19655e+02    6.51916e+03
     Coulomb-14        LJ (SR)  Disper. corr.   Coulomb (SR)   Coul. recip.
    8.49406e+04    1.03509e+05   -6.67569e+03   -8.66877e+05    3.17496e+03
 Position Rest.      Potential    Kinetic En.   Total Energy  Conserved En.
    1.45071e+03   -6.38995e+05    1.13629e+05   -5.25365e+05   -5.19371e+05
    Temperature Pres. DC (bar) Pressure (bar)   Constr. rmsd
    2.98310e+02   -2.55777e+02   -4.13510e+02    0.00000e+00

step 11600: timed with pme grid 64 64 64, coulomb cutoff 1.088: 126.7 M-cycles
step 11800: timed with pme grid 72 72 72, coulomb cutoff 1.000: 94.8 M-cycles
step 12000: timed with pme grid 72 72 72, coulomb cutoff 1.000: 95.1 M-cycles
              optimal pme grid 72 72 72, coulomb cutoff 1.000
           Step           Time
          12000       24.00000

   Energies (kJ/mol)
           Bond          Angle    Proper Dih. Per. Imp. Dih.          LJ-14
    4.77179e+03    1.35307e+04    1.58486e+04    7.76643e+02    6.65962e+03
     Coulomb-14        LJ (SR)  Disper. corr.   Coulomb (SR)   Coul. recip.
    8.52919e+04    1.02718e+05   -6.67541e+03   -8.65464e+05    4.18955e+03
 Position Rest.      Potential    Kinetic En.   Total Energy  Conserved En.
    1.44238e+03   -6.36910e+05    1.14069e+05   -5.22841e+05   -5.19383e+05
    Temperature Pres. DC (bar) Pressure (bar)   Constr. rmsd
    2.99463e+02   -2.55755e+02    1.26493e+02    0.00000e+00

           Step           Time
          12500       25.00000

   Energies (kJ/mol)
           Bond          Angle    Proper Dih. Per. Imp. Dih.          LJ-14
    4.65384e+03    1.37721e+04    1.57816e+04    7.68356e+02    6.66534e+03
     Coulomb-14        LJ (SR)  Disper. corr.   Coulomb (SR)   Coul. recip.
    8.50897e+04    1.05764e+05   -6.70469e+03   -8.69860e+05    4.29199e+03
 Position Rest.      Potential    Kinetic En.   Total Energy  Conserved En.
    1.57095e+03   -6.38206e+05    1.13633e+05   -5.24574e+05   -5.19327e+05
    Temperature Pres. DC (bar) Pressure (bar)   Constr. rmsd
    2.98319e+02   -2.58001e+02    3.67480e+02    0.00000e+00

           Step           Time
          13000       26.00000

   Energies (kJ/mol)
           Bond          Angle    Proper Dih. Per. Imp. Dih.          LJ-14
    4.77833e+03    1.35506e+04    1.58694e+04    7.37121e+02    6.50956e+03
     Coulomb-14        LJ (SR)  Disper. corr.   Coulomb (SR)   Coul. recip.
    8.49963e+04    1.03674e+05   -6.68174e+03   -8.68081e+05    4.23257e+03
 Position Rest.      Potential    Kinetic En.   Total Energy  Conserved En.
    1.48387e+03   -6.38931e+05    1.14146e+05   -5.24785e+05   -5.19234e+05
    Temperature Pres. DC (bar) Pressure (bar)   Constr. rmsd
    2.99666e+02   -2.56240e+02    1.88992e+02    0.00000e+00

           Step           Time
          13500       27.00000

   Energies (kJ/mol)
           Bond          Angle    Proper Dih. Per. Imp. Dih.          LJ-14
    4.76434e+03    1.35127e+04    1.58968e+04    7.90230e+02    6.56754e+03
     Coulomb-14        LJ (SR)  Disper. corr.   Coulomb (SR)   Coul. recip.
    8.54492e+04    1.04258e+05   -6.69421e+03   -8.68330e+05    4.29513e+03
 Position Rest.      Potential    Kinetic En.   Total Energy  Conserved En.
    1.51883e+03   -6.37971e+05    1.13909e+05   -5.24062e+05   -5.19243e+05
    Temperature Pres. DC (bar) Pressure (bar)   Constr. rmsd
    2.99045e+02   -2.57196e+02    7.79561e+01    0.00000e+00

           Step           Time
          14000       28.00000

   Energies (kJ/mol)
           Bond          Angle    Proper Dih. Per. Imp. Dih.          LJ-14
    4.74232e+03    1.35559e+04    1.58117e+04    7.63534e+02    6.58601e+03
     Coulomb-14        LJ (SR)  Disper. corr.   Coulomb (SR)   Coul. recip.
    8.51061e+04    1.04304e+05   -6.67508e+03   -8.68991e+05    4.17274e+03
 Position Rest.      Potential    Kinetic En.   Total Energy  Conserved En.
    1.55589e+03   -6.39068e+05    1.14139e+05   -5.24929e+05   -5.19195e+05
    Temperature Pres. DC (bar) Pressure (bar)   Constr. rmsd
    2.99647e+02   -2.55729e+02   -1.86359e+01    0.00000e+00

           Step           Time
          14500       29.00000

   Energies (kJ/mol)
           Bond          Angle    Proper Dih. Per. Imp. Dih.          LJ-14
    4.87728e+03    1.36936e+04    1.57816e+04    7.88745e+02    6.57846e+03
     Coulomb-14        LJ (SR)  Disper. corr.   Coulomb (SR)   Coul. recip.
    8.53091e+04    1.04754e+05   -6.69275e+03   -8.68961e+05    4.18929e+03
 Position Rest.      Potential    Kinetic En.   Total Energy  Conserved En.
    1.47473e+03   -6.38207e+05    1.13923e+05   -5.24284e+05   -5.19171e+05
    Temperature Pres. DC (bar) Pressure (bar)   Constr. rmsd
    2.99081e+02   -2.57083e+02    2.17363e+02    0.00000e+00

           Step           Time
          15000       30.00000

   Energies (kJ/mol)
           Bond          Angle    Proper Dih. Per. Imp. Dih.          LJ-14
    4.73705e+03    1.35975e+04    1.59554e+04    8.12217e+02    6.62354e+03
     Coulomb-14        LJ (SR)  Disper. corr.   Coulomb (SR)   Coul. recip.
    8.51883e+04    1.02494e+05   -6.67309e+03   -8.65568e+05    4.19407e+03
 Position Rest.      Potential    Kinetic En.   Total Energy  Conserved En.
    1.51182e+03   -6.37127e+05    1.14775e+05   -5.22352e+05   -5.19185e+05
    Temperature Pres. DC (bar) Pressure (bar)   Constr. rmsd
    3.01317e+02   -2.55577e+02   -7.08406e+01    0.00000e+00

           Step           Time
          15500       31.00000

   Energies (kJ/mol)
           Bond          Angle    Proper Dih. Per. Imp. Dih.          LJ-14
    4.73819e+03    1.38227e+04    1.57856e+04    7.41071e+02    6.67638e+03
     Coulomb-14        LJ (SR)  Disper. corr.   Coulomb (SR)   Coul. recip.
    8.51710e+04    1.05846e+05   -6.70589e+03   -8.70154e+05    4.26370e+03
 Position Rest.      Potential    Kinetic En.   Total Energy  Conserved En.
    1.53287e+03   -6.38283e+05    1.14579e+05   -5.23704e+05   -5.19117e+05
    Temperature Pres. DC (bar) Pressure (bar)   Constr. rmsd
    3.00803e+02   -2.58093e+02    4.02646e+02    0.00000e+00

           Step           Time
          16000       32.00000

   Energies (kJ/mol)
           Bond          Angle    Proper Dih. Per. Imp. Dih.          LJ-14
    4.75486e+03    1.35982e+04    1.59249e+04    7.22593e+02    6.60826e+03
     Coulomb-14        LJ (SR)  Disper. corr.   Coulomb (SR)   Coul. recip.
    8.51169e+04    1.04243e+05   -6.69278e+03   -8.67051e+05    4.16687e+03
 Position Rest.      Potential    Kinetic En.   Total Energy  Conserved En.
    1.50224e+03   -6.37106e+05    1.14239e+05   -5.22868e+05   -5.19144e+05
    Temperature Pres. DC (bar) Pressure (bar)   Constr. rmsd
    2.99909e+02   -2.57086e+02    2.75706e+02    0.00000e+00

           Step           Time
          16500       33.00000

   Energies (kJ/mol)
           Bond          Angle    Proper Dih. Per. Imp. Dih.          LJ-14
    4.88871e+03    1.33604e+04    1.57883e+04    6.77434e+02    6.56560e+03
     Coulomb-14        LJ (SR)  Disper. corr.   Coulomb (SR)   Coul. recip.
    8.51606e+04    1.04785e+05   -6.67982e+03   -8.68597e+05    4.22825e+03
 Position Rest.      Potential    Kinetic En.   Total Energy  Conserved En.
    1.49749e+03   -6.38325e+05    1.13532e+05   -5.24794e+05   -5.19117e+05
    Temperature Pres. DC (bar) Pressure (bar)   Constr. rmsd
    2.98054e+02   -2.56092e+02    4.90715e+00    0.00000e+00

           Step           Time
          17000       34.00000

   Energies (kJ/mol)
           Bond          Angle    Proper Dih. Per. Imp. Dih.          LJ-14
    4.89639e+03    1.37084e+04    1.57673e+04    7.01735e+02    6.74511e+03
     Coulomb-14        LJ (SR)  Disper. corr.   Coulomb (SR)   Coul. recip.
    8.53826e+04    1.06456e+05   -6.71004e+03   -8.71607e+05    4.29291e+03
 Position Rest.      Potential    Kinetic En.   Total Energy  Conserved En.
    1.58609e+03   -6.38780e+05    1.15183e+05   -5.23598e+05   -5.19086e+05
    Temperature Pres. DC (bar) Pressure (bar)   Constr. rmsd
    3.02388e+02   -2.58412e+02    1.85077e+02    0.00000e+00

           Step           Time
          17500       35.00000

   Energies (kJ/mol)
           Bond          Angle    Proper Dih. Per. Imp. Dih.          LJ-14
    4.58263e+03    1.39055e+04    1.58348e+04    7.96210e+02    6.63554e+03
     Coulomb-14        LJ (SR)  Disper. corr.   Coulomb (SR)   Coul. recip.
    8.53025e+04    1.04976e+05   -6.67237e+03   -8.69059e+05    4.27356e+03
 Position Rest.      Potential    Kinetic En.   Total Energy  Conserved En.
    1.59398e+03   -6.37830e+05    1.15140e+05   -5.22690e+05   -5.19086e+05
    Temperature Pres. DC (bar) Pressure (bar)   Constr. rmsd
    3.02276e+02   -2.55522e+02    1.02433e+02    0.00000e+00

           Step           Time
          18000       36.00000

   Energies (kJ/mol)
           Bond          Angle    Proper Dih. Per. Imp. Dih.          LJ-14
    4.73516e+03    1.36162e+04    1.58658e+04    6.80568e+02    6.51108e+03
     Coulomb-14        LJ (SR)  Disper. corr.   Coulomb (SR)   Coul. recip.
    8.52561e+04    1.06556e+05   -6.68580e+03   -8.70789e+05    4.18189e+03
 Position Rest.      Potential    Kinetic En.   Total Energy  Conserved En.
    1.52334e+03   -6.38549e+05    1.13852e+05   -5.24697e+05   -5.18994e+05
    Temperature Pres. DC (bar) Pressure (bar)   Constr. rmsd
    2.98894e+02   -2.56550e+02    1.90183e+02    0.00000e+00

           Step           Time
          18500       37.00000

   Energies (kJ/mol)
           Bond          Angle    Proper Dih. Per. Imp. Dih.          LJ-14
    4.75465e+03    1.38063e+04    1.58100e+04    7.07687e+02    6.56367e+03
     Coulomb-14        LJ (SR)  Disper. corr.   Coulomb (SR)   Coul. recip.
    8.46790e+04    1.04167e+05   -6.68913e+03   -8.67875e+05    4.25562e+03
 Position Rest.      Potential    Kinetic En.   Total Energy  Conserved En.
    1.50986e+03   -6.38310e+05    1.14187e+05   -5.24123e+05   -5.18973e+05
    Temperature Pres. DC (bar) Pressure (bar)   Constr. rmsd
    2.99774e+02   -2.56806e+02    1.65387e+02    0.00000e+00

           Step           Time
          19000       38.00000

   Energies (kJ/mol)
           Bond          Angle    Proper Dih. Per. Imp. Dih.          LJ-14
    4.72726e+03    1.36466e+04    1.57238e+04    7.27181e+02    6.61910e+03
     Coulomb-14        LJ (SR)  Disper. corr.   Coulomb (SR)   Coul. recip.
    8.49981e+04    1.02398e+05   -6.67744e+03   -8.65429e+05    4.16552e+03
 Position Rest.      Potential    Kinetic En.   Total Energy  Conserved En.
    1.57518e+03   -6.37526e+05    1.13243e+05   -5.24283e+05   -5.18933e+05
    Temperature Pres. DC (bar) Pressure (bar)   Constr. rmsd
    2.97297e+02   -2.55910e+02   -1.08459e+02    0.00000e+00

           Step           Time
          19500       39.00000

   Energies (kJ/mol)
           Bond          Angle    Proper Dih. Per. Imp. Dih.          LJ-14
    4.66926e+03    1.33715e+04    1.59770e+04    6.90069e+02    6.60954e+03
     Coulomb-14        LJ (SR)  Disper. corr.   Coulomb (SR)   Coul. recip.
    8.49850e+04    1.03007e+05   -6.67048e+03   -8.66488e+05    4.23876e+03
 Position Rest.      Potential    Kinetic En.   Total Energy  Conserved En.
    1.52560e+03   -6.38084e+05    1.13972e+05   -5.24112e+05   -5.18926e+05
    Temperature Pres. DC (bar) Pressure (bar)   Constr. rmsd
    2.99210e+02   -2.55378e+02   -1.04976e+02    0.00000e+00

           Step           Time
          20000       40.00000

   Energies (kJ/mol)
           Bond          Angle    Proper Dih. Per. Imp. Dih.          LJ-14
    4.74082e+03    1.34933e+04    1.59197e+04    7.44750e+02    6.71473e+03
     Coulomb-14        LJ (SR)  Disper. corr.   Coulomb (SR)   Coul. recip.
    8.52464e+04    1.05058e+05   -6.68460e+03   -8.69080e+05    4.36890e+03
 Position Rest.      Potential    Kinetic En.   Total Energy  Conserved En.
    1.49320e+03   -6.37985e+05    1.14417e+05   -5.23568e+05   -5.18889e+05
    Temperature Pres. DC (bar) Pressure (bar)   Constr. rmsd
    3.00377e+02   -2.56459e+02    9.16047e+01    0.00000e+00

           Step           Time
          20500       41.00000

   Energies (kJ/mol)
           Bond          Angle    Proper Dih. Per. Imp. Dih.          LJ-14
    4.74126e+03    1.35771e+04    1.58610e+04    7.25123e+02    6.52676e+03
     Coulomb-14        LJ (SR)  Disper. corr.   Coulomb (SR)   Coul. recip.
    8.49780e+04    1.03610e+05   -6.66224e+03   -8.66688e+05    4.31510e+03
 Position Rest.      Potential    Kinetic En.   Total Energy  Conserved En.
    1.54122e+03   -6.37475e+05    1.13990e+05   -5.23485e+05   -5.18885e+05
    Temperature Pres. DC (bar) Pressure (bar)   Constr. rmsd
    2.99257e+02   -2.54747e+02    1.44454e+02    0.00000e+00

           Step           Time
          21000       42.00000

   Energies (kJ/mol)
           Bond          Angle    Proper Dih. Per. Imp. Dih.          LJ-14
    4.88271e+03    1.34638e+04    1.59292e+04    7.40166e+02    6.58601e+03
     Coulomb-14        LJ (SR)  Disper. corr.   Coulomb (SR)   Coul. recip.
    8.50085e+04    1.04767e+05   -6.68956e+03   -8.68225e+05    4.22640e+03
 Position Rest.      Potential    Kinetic En.   Total Energy  Conserved En.
    1.39530e+03   -6.37915e+05    1.13819e+05   -5.24096e+05   -5.18840e+05
    Temperature Pres. DC (bar) Pressure (bar)   Constr. rmsd
    2.98808e+02   -2.56839e+02    2.41108e+02    0.00000e+00

           Step           Time
          21500       43.00000

   Energies (kJ/mol)
           Bond          Angle    Proper Dih. Per. Imp. Dih.          LJ-14
    4.89027e+03    1.35878e+04    1.58287e+04    7.65487e+02    6.56861e+03
     Coulomb-14        LJ (SR)  Disper. corr.   Coulomb (SR)   Coul. recip.
    8.52679e+04    1.05125e+05   -6.69165e+03   -8.69709e+05    4.19857e+03
 Position Rest.      Potential    Kinetic En.   Total Energy  Conserved En.
    1.50794e+03   -6.38660e+05    1.14669e+05   -5.23991e+05   -5.18812e+05
    Temperature Pres. DC (bar) Pressure (bar)   Constr. rmsd
    3.01039e+02   -2.56999e+02    5.67431e+01    0.00000e+00

           Step           Time
          22000       44.00000

   Energies (kJ/mol)
           Bond          Angle    Proper Dih. Per. Imp. Dih.          LJ-14
    4.66168e+03    1.34413e+04    1.58788e+04    7.46016e+02    6.50267e+03
     Coulomb-14        LJ (SR)  Disper. corr.   Coulomb (SR)   Coul. recip.
    8.51968e+04    1.03554e+05   -6.67652e+03   -8.66500e+05    4.17553e+03
 Position Rest.      Potential    Kinetic En.   Total Energy  Conserved En.
    1.47408e+03   -6.37546e+05    1.13687e+05   -5.23859e+05   -5.18746e+05
    Temperature Pres. DC (bar) Pressure (bar)   Constr. rmsd
    2.98461e+02   -2.55840e+02   -2.08085e+02    0.00000e+00

           Step           Time
          22500       45.00000

   Energies (kJ/mol)
           Bond          Angle    Proper Dih. Per. Imp. Dih.          LJ-14
    4.64760e+03    1.35750e+04    1.58540e+04    8.22130e+02    6.49896e+03
     Coulomb-14        LJ (SR)  Disper. corr.   Coulomb (SR)   Coul. recip.
    8.49995e+04    1.04058e+05   -6.68312e+03   -8.67632e+05    4.33840e+03
 Position Rest.      Potential    Kinetic En.   Total Energy  Conserved En.
    1.48559e+03   -6.38036e+05    1.13708e+05   -5.24328e+05   -5.18715e+05
    Temperature Pres. DC (bar) Pressure (bar)   Constr. rmsd
    2.98517e+02   -2.56346e+02    1.28969e+01    0.00000e+00

           Step           Time
          23000       46.00000

   Energies (kJ/mol)
           Bond          Angle    Proper Dih. Per. Imp. Dih.          LJ-14
    4.61010e+03    1.34271e+04    1.59786e+04    7.70976e+02    6.63380e+03
     Coulomb-14        LJ (SR)  Disper. corr.   Coulomb (SR)   Coul. recip.
    8.51821e+04    1.04072e+05   -6.66527e+03   -8.67028e+05    4.23584e+03
 Position Rest.      Potential    Kinetic En.   Total Energy  Conserved En.
    1.53066e+03   -6.37252e+05    1.13074e+05   -5.24178e+05   -5.18703e+05
    Temperature Pres. DC (bar) Pressure (bar)   Constr. rmsd
    2.96852e+02   -2.54979e+02    6.07906e+01    0.00000e+00

           Step           Time
          23500       47.00000

   Energies (kJ/mol)
           Bond          Angle    Proper Dih. Per. Imp. Dih.          LJ-14
    4.78923e+03    1.36006e+04    1.59140e+04    7.87307e+02    6.58946e+03
     Coulomb-14        LJ (SR)  Disper. corr.   Coulomb (SR)   Coul. recip.
    8.51116e+04    1.02372e+05   -6.63919e+03   -8.64467e+05    4.21669e+03
 Position Rest.      Potential    Kinetic En.   Total Energy  Conserved En.
    1.53953e+03   -6.36186e+05    1.13742e+05   -5.22444e+05   -5.18649e+05
    Temperature Pres. DC (bar) Pressure (bar)   Constr. rmsd
    2.98606e+02   -2.52990e+02   -4.05980e+02    0.00000e+00

           Step           Time
          24000       48.00000

   Energies (kJ/mol)
           Bond          Angle    Proper Dih. Per. Imp. Dih.          LJ-14
    4.80888e+03    1.37034e+04    1.58022e+04    7.42208e+02    6.51411e+03
     Coulomb-14        LJ (SR)  Disper. corr.   Coulomb (SR)   Coul. recip.
    8.51227e+04    1.04968e+05   -6.67011e+03   -8.68522e+05    4.19513e+03
 Position Rest.      Potential    Kinetic En.   Total Energy  Conserved En.
    1.53825e+03   -6.37797e+05    1.14439e+05   -5.23358e+05   -5.18638e+05
    Temperature Pres. DC (bar) Pressure (bar)   Constr. rmsd
    3.00435e+02   -2.55349e+02   -3.80375e+01    0.00000e+00

           Step           Time
          24500       49.00000

   Energies (kJ/mol)
           Bond          Angle    Proper Dih. Per. Imp. Dih.          LJ-14
    4.86775e+03    1.38544e+04    1.58482e+04    7.20597e+02    6.53687e+03
     Coulomb-14        LJ (SR)  Disper. corr.   Coulomb (SR)   Coul. recip.
    8.51637e+04    1.04584e+05   -6.66026e+03   -8.67432e+05    4.28366e+03
 Position Rest.      Potential    Kinetic En.   Total Energy  Conserved En.
    1.50860e+03   -6.36724e+05    1.15024e+05   -5.21700e+05   -5.18648e+05
    Temperature Pres. DC (bar) Pressure (bar)   Constr. rmsd
    3.01972e+02   -2.54597e+02   -3.31570e+01    0.00000e+00

           Step           Time
          25000       50.00000

   Energies (kJ/mol)
           Bond          Angle    Proper Dih. Per. Imp. Dih.          LJ-14
    4.58613e+03    1.36575e+04    1.58640e+04    7.89578e+02    6.70824e+03
     Coulomb-14        LJ (SR)  Disper. corr.   Coulomb (SR)   Coul. recip.
    8.50173e+04    1.03200e+05   -6.67342e+03   -8.66458e+05    4.21090e+03
 Position Rest.      Potential    Kinetic En.   Total Energy  Conserved En.
    1.46514e+03   -6.37632e+05    1.14698e+05   -5.22934e+05   -5.18659e+05
    Temperature Pres. DC (bar) Pressure (bar)   Constr. rmsd
    3.01117e+02   -2.55603e+02    4.52442e+01    0.00000e+00

           Step           Time
          25500       51.00000

   Energies (kJ/mol)
           Bond          Angle    Proper Dih. Per. Imp. Dih.          LJ-14
    4.69798e+03    1.37172e+04    1.57580e+04    7.51153e+02    6.67161e+03
     Coulomb-14        LJ (SR)  Disper. corr.   Coulomb (SR)   Coul. recip.
    8.49746e+04    1.03194e+05   -6.66232e+03   -8.66449e+05    4.26293e+03
 Position Rest.      Potential    Kinetic En.   Total Energy  Conserved En.
    1.48642e+03   -6.37597e+05    1.14581e+05   -5.23016e+05   -5.18650e+05
    Temperature Pres. DC (bar) Pressure (bar)   Constr. rmsd
    3.00809e+02   -2.54754e+02   -2.48284e+02    0.00000e+00

           Step           Time
          26000       52.00000

   Energies (kJ/mol)
           Bond          Angle    Proper Dih. Per. Imp. Dih.          LJ-14
    4.70463e+03    1.37946e+04    1.58844e+04    7.12613e+02    6.70141e+03
     Coulomb-14        LJ (SR)  Disper. corr.   Coulomb (SR)   Coul. recip.
    8.53198e+04    1.03660e+05   -6.68380e+03   -8.66939e+05    4.24269e+03
 Position Rest.      Potential    Kinetic En.   Total Energy  Conserved En.
    1.51149e+03   -6.37091e+05    1.14811e+05   -5.22280e+05   -5.18581e+05
    Temperature Pres. DC (bar) Pressure (bar)   Constr. rmsd
    3.01411e+02   -2.56397e+02   -1.46328e+01    0.00000e+00

           Step           Time
          26500       53.00000

   Energies (kJ/mol)
           Bond          Angle    Proper Dih. Per. Imp. Dih.          LJ-14
    4.60780e+03    1.35031e+04    1.57703e+04    7.24303e+02    6.67454e+03
     Coulomb-14        LJ (SR)  Disper. corr.   Coulomb (SR)   Coul. recip.
    8.52444e+04    1.03835e+05   -6.68764e+03   -8.68211e+05    4.28344e+03
 Position Rest.      Potential    Kinetic En.   Total Energy  Conserved En.
    1.56862e+03   -6.38687e+05    1.13872e+05   -5.24814e+05   -5.18576e+05
    Temperature Pres. DC (bar) Pressure (bar)   Constr. rmsd
    2.98947e+02   -2.56692e+02    4.66647e-01    0.00000e+00

           Step           Time
          27000       54.00000

   Energies (kJ/mol)
           Bond          Angle    Proper Dih. Per. Imp. Dih.          LJ-14
    4.70703e+03    1.33948e+04    1.57442e+04    7.30721e+02    6.64433e+03
     Coulomb-14        LJ (SR)  Disper. corr.   Coulomb (SR)   Coul. recip.
    8.50045e+04    1.06233e+05   -6.68882e+03   -8.70184e+05    4.25615e+03
 Position Rest.      Potential    Kinetic En.   Total Energy  Conserved En.
    1.45912e+03   -6.38698e+05    1.14718e+05   -5.23980e+05   -5.18560e+05
    Temperature Pres. DC (bar) Pressure (bar)   Constr. rmsd
    3.01168e+02   -2.56782e+02    5.83993e+02    0.00000e+00

           Step           Time
          27500       55.00000

   Energies (kJ/mol)
           Bond          Angle    Proper Dih. Per. Imp. Dih.          LJ-14
    4.97800e+03    1.36399e+04    1.57612e+04    6.60052e+02    6.50307e+03
     Coulomb-14        LJ (SR)  Disper. corr.   Coulomb (SR)   Coul. recip.
    8.50025e+04    1.02528e+05   -6.65432e+03   -8.65490e+05    4.31636e+03
 Position Rest.      Potential    Kinetic En.   Total Energy  Conserved En.
    1.52550e+03   -6.37229e+05    1.13890e+05   -5.23340e+05   -5.18520e+05
    Temperature Pres. DC (bar) Pressure (bar)   Constr. rmsd
    2.98994e+02   -2.54143e+02   -6.19895e+02    0.00000e+00

           Step           Time
          28000       56.00000

   Energies (kJ/mol)
           Bond          Angle    Proper Dih. Per. Imp. Dih.          LJ-14
    4.57516e+03    1.33951e+04    1.58373e+04    7.44658e+02    6.61040e+03
     Coulomb-14        LJ (SR)  Disper. corr.   Coulomb (SR)   Coul. recip.
    8.53823e+04    1.04465e+05   -6.66573e+03   -8.68433e+05    4.17392e+03
 Position Rest.      Potential    Kinetic En.   Total Energy  Conserved En.
    1.58539e+03   -6.38330e+05    1.12934e+05   -5.25396e+05   -5.18481e+05
    Temperature Pres. DC (bar) Pressure (bar)   Constr. rmsd
    2.96485e+02   -2.55015e+02    1.84839e+02    0.00000e+00

           Step           Time
          28500       57.00000

   Energies (kJ/mol)
           Bond          Angle    Proper Dih. Per. Imp. Dih.          LJ-14
    4.62155e+03    1.36653e+04    1.57993e+04    7.57966e+02    6.64574e+03
     Coulomb-14        LJ (SR)  Disper. corr.   Coulomb (SR)   Coul. recip.
    8.50789e+04    1.02936e+05   -6.67223e+03   -8.66272e+05    4.23130e+03
 Position Rest.      Potential    Kinetic En.   Total Energy  Conserved En.
    1.51436e+03   -6.37694e+05    1.14409e+05   -5.23285e+05   -5.18492e+05
    Temperature Pres. DC (bar) Pressure (bar)   Constr. rmsd
    3.00357e+02   -2.55512e+02   -1.76190e+02    0.00000e+00

           Step           Time
          29000       58.00000

   Energies (kJ/mol)
           Bond          Angle    Proper Dih. Per. Imp. Dih.          LJ-14
    4.79226e+03    1.38542e+04    1.59222e+04    7.22673e+02    6.59378e+03
     Coulomb-14        LJ (SR)  Disper. corr.   Coulomb (SR)   Coul. recip.
    8.49680e+04    1.03797e+05   -6.68171e+03   -8.66329e+05    4.22387e+03
 Position Rest.      Potential    Kinetic En.   Total Energy  Conserved En.
    1.44249e+03   -6.36695e+05    1.13924e+05   -5.22771e+05   -5.18433e+05
    Temperature Pres. DC (bar) Pressure (bar)   Constr. rmsd
    2.99083e+02   -2.56237e+02    6.78574e+00    0.00000e+00

           Step           Time
          29500       59.00000

   Energies (kJ/mol)
           Bond          Angle    Proper Dih. Per. Imp. Dih.          LJ-14
    4.76224e+03    1.36268e+04    1.58842e+04    8.00853e+02    6.63279e+03
     Coulomb-14        LJ (SR)  Disper. corr.   Coulomb (SR)   Coul. recip.
    8.48652e+04    1.04546e+05   -6.68470e+03   -8.68954e+05    4.36857e+03
 Position Rest.      Potential    Kinetic En.   Total Energy  Conserved En.
    1.64107e+03   -6.38511e+05    1.13901e+05   -5.24610e+05   -5.18398e+05
    Temperature Pres. DC (bar) Pressure (bar)   Constr. rmsd
    2.99023e+02   -2.56466e+02   -1.70762e+01    0.00000e+00

           Step           Time
          30000       60.00000

   Energies (kJ/mol)
           Bond          Angle    Proper Dih. Per. Imp. Dih.          LJ-14
    4.67232e+03    1.37048e+04    1.58100e+04    7.00707e+02    6.61313e+03
     Coulomb-14        LJ (SR)  Disper. corr.   Coulomb (SR)   Coul. recip.
    8.49320e+04    1.04434e+05   -6.66394e+03   -8.67958e+05    4.31262e+03
 Position Rest.      Potential    Kinetic En.   Total Energy  Conserved En.
    1.58807e+03   -6.37855e+05    1.14484e+05   -5.23371e+05   -5.18399e+05
    Temperature Pres. DC (bar) Pressure (bar)   Constr. rmsd
    3.00555e+02   -2.54878e+02   -3.74424e+01    0.00000e+00

           Step           Time
          30500       61.00000

   Energies (kJ/mol)
           Bond          Angle    Proper Dih. Per. Imp. Dih.          LJ-14
    4.52337e+03    1.38725e+04    1.58495e+04    7.61199e+02    6.71856e+03
     Coulomb-14        LJ (SR)  Disper. corr.   Coulomb (SR)   Coul. recip.
    8.51891e+04    1.03522e+05   -6.65483e+03   -8.66157e+05    4.26115e+03
 Position Rest.      Potential    Kinetic En.   Total Energy  Conserved En.
    1.53217e+03   -6.36582e+05    1.14979e+05   -5.21603e+05   -5.18420e+05
    Temperature Pres. DC (bar) Pressure (bar)   Constr. rmsd
    3.01854e+02   -2.54182e+02    1.91541e+02    0.00000e+00

           Step           Time
          31000       62.00000

   Energies (kJ/mol)
           Bond          Angle    Proper Dih. Per. Imp. Dih.          LJ-14
    4.67822e+03    1.36965e+04    1.58469e+04    7.23227e+02    6.53758e+03
     Coulomb-14        LJ (SR)  Disper. corr.   Coulomb (SR)   Coul. recip.
    8.49428e+04    1.03840e+05   -6.66288e+03   -8.67751e+05    4.34667e+03
 Position Rest.      Potential    Kinetic En.   Total Energy  Conserved En.
    1.51818e+03   -6.38284e+05    1.14057e+05   -5.24227e+05   -5.18348e+05
    Temperature Pres. DC (bar) Pressure (bar)   Constr. rmsd
    2.99431e+02   -2.54797e+02   -1.54820e+02    0.00000e+00

           Step           Time
          31500       63.00000

   Energies (kJ/mol)
           Bond          Angle    Proper Dih. Per. Imp. Dih.          LJ-14
    4.50213e+03    1.38980e+04    1.58275e+04    7.26966e+02    6.50255e+03
     Coulomb-14        LJ (SR)  Disper. corr.   Coulomb (SR)   Coul. recip.
    8.51355e+04    1.05029e+05   -6.69745e+03   -8.68996e+05    4.18199e+03
 Position Rest.      Potential    Kinetic En.   Total Energy  Conserved En.
    1.52454e+03   -6.38366e+05    1.14660e+05   -5.23706e+05   -5.18345e+05
    Temperature Pres. DC (bar) Pressure (bar)   Constr. rmsd
    3.01016e+02   -2.57444e+02    3.81235e+02    0.00000e+00

           Step           Time
          32000       64.00000

   Energies (kJ/mol)
           Bond          Angle    Proper Dih. Per. Imp. Dih.          LJ-14
    4.80750e+03    1.37089e+04    1.57780e+04    7.57090e+02    6.57129e+03
     Coulomb-14        LJ (SR)  Disper. corr.   Coulomb (SR)   Coul. recip.
    8.51871e+04    1.04058e+05   -6.70845e+03   -8.67085e+05    4.28173e+03
 Position Rest.      Potential    Kinetic En.   Total Energy  Conserved En.
    1.46878e+03   -6.37175e+05    1.12872e+05   -5.24302e+05   -5.18287e+05
    Temperature Pres. DC (bar) Pressure (bar)   Constr. rmsd
    2.96322e+02   -2.58290e+02    1.57802e+02    0.00000e+00

           Step           Time
          32500       65.00000

   Energies (kJ/mol)
           Bond          Angle    Proper Dih. Per. Imp. Dih.          LJ-14
    4.60570e+03    1.39516e+04    1.59840e+04    7.73862e+02    6.53631e+03
     Coulomb-14        LJ (SR)  Disper. corr.   Coulomb (SR)   Coul. recip.
    8.49658e+04    1.03348e+05   -6.68995e+03   -8.66554e+05    4.18654e+03
 Position Rest.      Potential    Kinetic En.   Total Energy  Conserved En.
    1.58084e+03   -6.37312e+05    1.13548e+05   -5.23765e+05   -5.18268e+05
    Temperature Pres. DC (bar) Pressure (bar)   Constr. rmsd
    2.98095e+02   -2.56869e+02   -2.69661e+02    0.00000e+00

           Step           Time
          33000       66.00000

   Energies (kJ/mol)
           Bond          Angle    Proper Dih. Per. Imp. Dih.          LJ-14
    4.59051e+03    1.36628e+04    1.58513e+04    7.82313e+02    6.51356e+03
     Coulomb-14        LJ (SR)  Disper. corr.   Coulomb (SR)   Coul. recip.
    8.51875e+04    1.05583e+05   -6.70584e+03   -8.69668e+05    4.12962e+03
 Position Rest.      Potential    Kinetic En.   Total Energy  Conserved En.
    1.56899e+03   -6.38504e+05    1.14373e+05   -5.24131e+05   -5.18312e+05
    Temperature Pres. DC (bar) Pressure (bar)   Constr. rmsd
    3.00262e+02   -2.58089e+02    2.55861e+02    0.00000e+00

           Step           Time
          33500       67.00000

   Energies (kJ/mol)
           Bond          Angle    Proper Dih. Per. Imp. Dih.          LJ-14
    4.65404e+03    1.33655e+04    1.57982e+04    7.36011e+02    6.61211e+03
     Coulomb-14        LJ (SR)  Disper. corr.   Coulomb (SR)   Coul. recip.
    8.53523e+04    1.05033e+05   -6.71942e+03   -8.69592e+05    4.26798e+03
 Position Rest.      Potential    Kinetic En.   Total Energy  Conserved En.
    1.52441e+03   -6.38968e+05    1.15242e+05   -5.23725e+05   -5.18291e+05
    Temperature Pres. DC (bar) Pressure (bar)   Constr. rmsd
    3.02544e+02   -2.59134e+02    2.44245e+02    0.00000e+00

           Step           Time
          34000       68.00000

   Energies (kJ/mol)
           Bond          Angle    Proper Dih. Per. Imp. Dih.          LJ-14
    4.74969e+03    1.33988e+04    1.58681e+04    7.04496e+02    6.57005e+03
     Coulomb-14        LJ (SR)  Disper. corr.   Coulomb (SR)   Coul. recip.
    8.51826e+04    1.04047e+05   -6.67341e+03   -8.68036e+05    4.25044e+03
 Position Rest.      Potential    Kinetic En.   Total Energy  Conserved En.
    1.55784e+03   -6.38380e+05    1.13626e+05   -5.24755e+05   -5.18197e+05
    Temperature Pres. DC (bar) Pressure (bar)   Constr. rmsd
    2.98300e+02   -2.55602e+02   -2.08576e+02    0.00000e+00

           Step           Time
          34500       69.00000

   Energies (kJ/mol)
           Bond          Angle    Proper Dih. Per. Imp. Dih.          LJ-14
    4.98784e+03    1.38801e+04    1.57816e+04    8.16765e+02    6.49857e+03
     Coulomb-14        LJ (SR)  Disper. corr.   Coulomb (SR)   Coul. recip.
    8.50522e+04    1.04117e+05   -6.70396e+03   -8.67241e+05    4.27607e+03
 Position Rest.      Potential    Kinetic En.   Total Energy  Conserved En.
    1.50369e+03   -6.37030e+05    1.14216e+05   -5.22814e+05   -5.18165e+05
    Temperature Pres. DC (bar) Pressure (bar)   Constr. rmsd
    2.99851e+02   -2.57944e+02   -2.40125e+01    0.00000e+00

           Step           Time
          35000       70.00000

   Energies (kJ/mol)
           Bond          Angle    Proper Dih. Per. Imp. Dih.          LJ-14
    4.71837e+03    1.35177e+04    1.58947e+04    7.23710e+02    6.73682e+03
     Coulomb-14        LJ (SR)  Disper. corr.   Coulomb (SR)   Coul. recip.
    8.52294e+04    1.04620e+05   -6.68258e+03   -8.67378e+05    4.21387e+03
 Position Rest.      Potential    Kinetic En.   Total Energy  Conserved En.
    1.52016e+03   -6.36886e+05    1.14242e+05   -5.22644e+05   -5.18121e+05
    Temperature Pres. DC (bar) Pressure (bar)   Constr. rmsd
    2.99917e+02   -2.56304e+02    1.95655e+02    0.00000e+00

           Step           Time
          35500       71.00000

   Energies (kJ/mol)
           Bond          Angle    Proper Dih. Per. Imp. Dih.          LJ-14
    4.62579e+03    1.36166e+04    1.59409e+04    7.46838e+02    6.60108e+03
     Coulomb-14        LJ (SR)  Disper. corr.   Coulomb (SR)   Coul. recip.
    8.50514e+04    1.04625e+05   -6.66895e+03   -8.67809e+05    4.25610e+03
 Position Rest.      Potential    Kinetic En.   Total Energy  Conserved En.
    1.55998e+03   -6.37454e+05    1.13667e+05   -5.23787e+05   -5.18048e+05
    Temperature Pres. DC (bar) Pressure (bar)   Constr. rmsd
    2.98409e+02   -2.55261e+02   -9.80321e+00    0.00000e+00

           Step           Time
          36000       72.00000

   Energies (kJ/mol)
           Bond          Angle    Proper Dih. Per. Imp. Dih.          LJ-14
    4.82388e+03    1.37029e+04    1.56846e+04    6.88085e+02    6.51467e+03
     Coulomb-14        LJ (SR)  Disper. corr.   Coulomb (SR)   Coul. recip.
    8.50260e+04    1.04343e+05   -6.70426e+03   -8.68146e+05    4.16598e+03
 Position Rest.      Potential    Kinetic En.   Total Energy  Conserved En.
    1.49541e+03   -6.38405e+05    1.13744e+05   -5.24661e+05   -5.18033e+05
    Temperature Pres. DC (bar) Pressure (bar)   Constr. rmsd
    2.98611e+02   -2.57968e+02   -1.00349e+02    0.00000e+00

           Step           Time
          36500       73.00000

   Energies (kJ/mol)
           Bond          Angle    Proper Dih. Per. Imp. Dih.          LJ-14
    4.81823e+03    1.36996e+04    1.58001e+04    7.62629e+02    6.71900e+03
     Coulomb-14        LJ (SR)  Disper. corr.   Coulomb (SR)   Coul. recip.
    8.51295e+04    1.03843e+05   -6.66743e+03   -8.66734e+05    4.38329e+03
 Position Rest.      Potential    Kinetic En.   Total Energy  Conserved En.
    1.55276e+03   -6.36693e+05    1.13420e+05   -5.23273e+05   -5.18013e+05
    Temperature Pres. DC (bar) Pressure (bar)   Constr. rmsd
    2.97760e+02   -2.55145e+02    6.97465e+01    0.00000e+00

           Step           Time
          37000       74.00000

   Energies (kJ/mol)
           Bond          Angle    Proper Dih. Per. Imp. Dih.          LJ-14
    4.94189e+03    1.39159e+04    1.59033e+04    7.31722e+02    6.63524e+03
     Coulomb-14        LJ (SR)  Disper. corr.   Coulomb (SR)   Coul. recip.
    8.52543e+04    1.03335e+05   -6.68878e+03   -8.65789e+05    4.24906e+03
 Position Rest.      Potential    Kinetic En.   Total Energy  Conserved En.
    1.53543e+03   -6.35976e+05    1.15280e+05   -5.20696e+05   -5.17986e+05
    Temperature Pres. DC (bar) Pressure (bar)   Constr. rmsd
    3.02643e+02   -2.56779e+02   -1.87087e+02    0.00000e+00

           Step           Time
          37500       75.00000

   Energies (kJ/mol)
           Bond          Angle    Proper Dih. Per. Imp. Dih.          LJ-14
    4.66635e+03    1.37274e+04    1.58637e+04    6.91599e+02    6.54118e+03
     Coulomb-14        LJ (SR)  Disper. corr.   Coulomb (SR)   Coul. recip.
    8.49801e+04    1.03640e+05   -6.68672e+03   -8.66412e+05    4.22912e+03
 Position Rest.      Potential    Kinetic En.   Total Energy  Conserved En.
    1.49661e+03   -6.37263e+05    1.14195e+05   -5.23068e+05   -5.17996e+05
    Temperature Pres. DC (bar) Pressure (bar)   Constr. rmsd
    2.99795e+02   -2.56622e+02    1.32511e+02    0.00000e+00

           Step           Time
          38000       76.00000

   Energies (kJ/mol)
           Bond          Angle    Proper Dih. Per. Imp. Dih.          LJ-14
    4.84572e+03    1.36997e+04    1.59343e+04    7.73222e+02    6.66405e+03
     Coulomb-14        LJ (SR)  Disper. corr.   Coulomb (SR)   Coul. recip.
    8.48857e+04    1.03981e+05   -6.67809e+03   -8.66934e+05    4.35742e+03
 Position Rest.      Potential    Kinetic En.   Total Energy  Conserved En.
    1.54757e+03   -6.36923e+05    1.16075e+05   -5.20848e+05   -5.17980e+05
    Temperature Pres. DC (bar) Pressure (bar)   Constr. rmsd
    3.04730e+02   -2.55960e+02    1.54278e+01    0.00000e+00

           Step           Time
          38500       77.00000

   Energies (kJ/mol)
           Bond          Angle    Proper Dih. Per. Imp. Dih.          LJ-14
    4.67691e+03    1.38296e+04    1.58886e+04    7.76949e+02    6.58237e+03
     Coulomb-14        LJ (SR)  Disper. corr.   Coulomb (SR)   Coul. recip.
    8.51626e+04    1.04840e+05   -6.67256e+03   -8.68692e+05    4.27899e+03
 Position Rest.      Potential    Kinetic En.   Total Energy  Conserved En.
    1.55686e+03   -6.37771e+05    1.14738e+05   -5.23034e+05   -5.17920e+05
    Temperature Pres. DC (bar) Pressure (bar)   Constr. rmsd
    3.01220e+02   -2.55537e+02    1.69729e+02    0.00000e+00

           Step           Time
          39000       78.00000

   Energies (kJ/mol)
           Bond          Angle    Proper Dih. Per. Imp. Dih.          LJ-14
    4.53589e+03    1.34699e+04    1.60548e+04    7.60417e+02    6.48637e+03
     Coulomb-14        LJ (SR)  Disper. corr.   Coulomb (SR)   Coul. recip.
    8.51525e+04    1.05293e+05   -6.69113e+03   -8.69790e+05    4.31270e+03
 Position Rest.      Potential    Kinetic En.   Total Energy  Conserved En.
    1.47031e+03   -6.38944e+05    1.13467e+05   -5.25477e+05   -5.17914e+05
    Temperature Pres. DC (bar) Pressure (bar)   Constr. rmsd
    2.97884e+02   -2.56959e+02    1.37633e+02    0.00000e+00

           Step           Time
          39500       79.00000

   Energies (kJ/mol)
           Bond          Angle    Proper Dih. Per. Imp. Dih.          LJ-14
    4.72937e+03    1.35770e+04    1.58779e+04    7.59481e+02    6.59372e+03
     Coulomb-14        LJ (SR)  Disper. corr.   Coulomb (SR)   Coul. recip.
    8.50111e+04    1.02864e+05   -6.65089e+03   -8.65661e+05    4.31843e+03
 Position Rest.      Potential    Kinetic En.   Total Energy  Conserved En.
    1.45717e+03   -6.37124e+05    1.13686e+05   -5.23438e+05   -5.17907e+05
    Temperature Pres. DC (bar) Pressure (bar)   Constr. rmsd
    2.98459e+02   -2.53882e+02   -1.32244e+02    0.00000e+00

           Step           Time
          40000       80.00000

   Energies (kJ/mol)
           Bond          Angle    Proper Dih. Per. Imp. Dih.          LJ-14
    4.86021e+03    1.37376e+04    1.58272e+04    7.62402e+02    6.68181e+03
     Coulomb-14        LJ (SR)  Disper. corr.   Coulomb (SR)   Coul. recip.
    8.48986e+04    1.02721e+05   -6.66655e+03   -8.65036e+05    4.42867e+03
 Position Rest.      Potential    Kinetic En.   Total Energy  Conserved En.
    1.43839e+03   -6.36346e+05    1.14539e+05   -5.21807e+05   -5.17842e+05
    Temperature Pres. DC (bar) Pressure (bar)   Constr. rmsd
    3.00698e+02   -2.55077e+02   -4.35529e+01    0.00000e+00

           Step           Time
          40500       81.00000

   Energies (kJ/mol)
           Bond          Angle    Proper Dih. Per. Imp. Dih.          LJ-14
    4.71319e+03    1.36743e+04    1.58902e+04    8.12680e+02    6.50810e+03
     Coulomb-14        LJ (SR)  Disper. corr.   Coulomb (SR)   Coul. recip.
    8.52197e+04    1.02561e+05   -6.67783e+03   -8.65240e+05    4.32997e+03
 Position Rest.      Potential    Kinetic En.   Total Energy  Conserved En.
    1.57660e+03   -6.36633e+05    1.13083e+05   -5.23549e+05   -5.17788e+05
    Temperature Pres. DC (bar) Pressure (bar)   Constr. rmsd
    2.96877e+02   -2.55940e+02   -1.80794e+02    0.00000e+00

           Step           Time
          41000       82.00000

   Energies (kJ/mol)
           Bond          Angle    Proper Dih. Per. Imp. Dih.          LJ-14
    4.92369e+03    1.37591e+04    1.59333e+04    7.51699e+02    6.51406e+03
     Coulomb-14        LJ (SR)  Disper. corr.   Coulomb (SR)   Coul. recip.
    8.50127e+04    1.04657e+05   -6.67677e+03   -8.67780e+05    4.33099e+03
 Position Rest.      Potential    Kinetic En.   Total Energy  Conserved En.
    1.59803e+03   -6.36976e+05    1.14648e+05   -5.22328e+05   -5.17772e+05
    Temperature Pres. DC (bar) Pressure (bar)   Constr. rmsd
    3.00983e+02   -2.55859e+02    1.10484e+02    0.00000e+00

           Step           Time
          41500       83.00000

   Energies (kJ/mol)
           Bond          Angle    Proper Dih. Per. Imp. Dih.          LJ-14
    4.88584e+03    1.35438e+04    1.59220e+04    7.97251e+02    6.58450e+03
     Coulomb-14        LJ (SR)  Disper. corr.   Coulomb (SR)   Coul. recip.
    8.52802e+04    1.03239e+05   -6.66935e+03   -8.66512e+05    4.22214e+03
 Position Rest.      Potential    Kinetic En.   Total Energy  Conserved En.
    1.60075e+03   -6.37105e+05    1.15059e+05   -5.22046e+05   -5.17734e+05
    Temperature Pres. DC (bar) Pressure (bar)   Constr. rmsd
    3.02062e+02   -2.55291e+02   -1.56417e+02    0.00000e+00

           Step           Time
          42000       84.00000

   Energies (kJ/mol)
           Bond          Angle    Proper Dih. Per. Imp. Dih.          LJ-14
    4.67912e+03    1.36538e+04    1.59538e+04    7.65342e+02    6.48199e+03
     Coulomb-14        LJ (SR)  Disper. corr.   Coulomb (SR)   Coul. recip.
    8.51654e+04    1.04736e+05   -6.67293e+03   -8.67963e+05    4.33333e+03
 Position Rest.      Potential    Kinetic En.   Total Energy  Conserved En.
    1.48214e+03   -6.37384e+05    1.14100e+05   -5.23285e+05   -5.17751e+05
    Temperature Pres. DC (bar) Pressure (bar)   Constr. rmsd
    2.99545e+02   -2.55565e+02    7.34129e+00    0.00000e+00

           Step           Time
          42500       85.00000

   Energies (kJ/mol)
           Bond          Angle    Proper Dih. Per. Imp. Dih.          LJ-14
    4.55174e+03    1.37606e+04    1.58517e+04    7.43502e+02    6.60924e+03
     Coulomb-14        LJ (SR)  Disper. corr.   Coulomb (SR)   Coul. recip.
    8.50887e+04    1.05013e+05   -6.68332e+03   -8.69301e+05    4.36480e+03
 Position Rest.      Potential    Kinetic En.   Total Energy  Conserved En.
    1.50509e+03   -6.38496e+05    1.14100e+05   -5.24397e+05   -5.17662e+05
    Temperature Pres. DC (bar) Pressure (bar)   Constr. rmsd
    2.99544e+02   -2.56361e+02    1.41826e+02    0.00000e+00

           Step           Time
          43000       86.00000

   Energies (kJ/mol)
           Bond          Angle    Proper Dih. Per. Imp. Dih.          LJ-14
    4.73385e+03    1.34475e+04    1.58249e+04    7.09258e+02    6.66581e+03
     Coulomb-14        LJ (SR)  Disper. corr.   Coulomb (SR)   Coul. recip.
    8.53358e+04    1.05450e+05   -6.70046e+03   -8.69496e+05    4.23222e+03
 Position Rest.      Potential    Kinetic En.   Total Energy  Conserved En.
    1.49727e+03   -6.38300e+05    1.13833e+05   -5.24466e+05   -5.17617e+05
    Temperature Pres. DC (bar) Pressure (bar)   Constr. rmsd
    2.98846e+02   -2.57676e+02    1.90070e+02    0.00000e+00

           Step           Time
          43500       87.00000

   Energies (kJ/mol)
           Bond          Angle    Proper Dih. Per. Imp. Dih.          LJ-14
    4.63755e+03    1.37600e+04    1.57156e+04    7.95123e+02    6.61832e+03
     Coulomb-14        LJ (SR)  Disper. corr.   Coulomb (SR)   Coul. recip.
    8.52334e+04    1.04587e+05   -6.65833e+03   -8.68043e+05    4.22952e+03
 Position Rest.      Potential    Kinetic En.   Total Energy  Conserved En.
    1.54182e+03   -6.37583e+05    1.15162e+05   -5.22421e+05   -5.17637e+05
    Temperature Pres. DC (bar) Pressure (bar)   Constr. rmsd
    3.02334e+02   -2.54449e+02    8.03978e+01    0.00000e+00

           Step           Time
          44000       88.00000

   Energies (kJ/mol)
           Bond          Angle    Proper Dih. Per. Imp. Dih.          LJ-14
    4.80691e+03    1.38492e+04    1.58635e+04    8.22083e+02    6.47317e+03
     Coulomb-14        LJ (SR)  Disper. corr.   Coulomb (SR)   Coul. recip.
    8.48033e+04    1.05157e+05   -6.71060e+03   -8.69073e+05    4.28492e+03
 Position Rest.      Potential    Kinetic En.   Total Energy  Conserved En.
    1.54203e+03   -6.38182e+05    1.14315e+05   -5.23867e+05   -5.17549e+05
    Temperature Pres. DC (bar) Pressure (bar)   Constr. rmsd
    3.00110e+02   -2.58455e+02    9.49898e+01    0.00000e+00

           Step           Time
          44500       89.00000

   Energies (kJ/mol)
           Bond          Angle    Proper Dih. Per. Imp. Dih.          LJ-14
    4.78440e+03    1.39542e+04    1.57993e+04    7.43279e+02    6.51762e+03
     Coulomb-14        LJ (SR)  Disper. corr.   Coulomb (SR)   Coul. recip.
    8.49773e+04    1.04664e+05   -6.69386e+03   -8.68523e+05    4.18483e+03
 Position Rest.      Potential    Kinetic En.   Total Energy  Conserved En.
    1.50433e+03   -6.38088e+05    1.14853e+05   -5.23235e+05   -5.17471e+05
    Temperature Pres. DC (bar) Pressure (bar)   Constr. rmsd
    3.01521e+02   -2.57169e+02    9.36233e+00    0.00000e+00

           Step           Time
          45000       90.00000

   Energies (kJ/mol)
           Bond          Angle    Proper Dih. Per. Imp. Dih.          LJ-14
    4.84178e+03    1.35901e+04    1.58041e+04    7.37579e+02    6.70578e+03
     Coulomb-14        LJ (SR)  Disper. corr.   Coulomb (SR)   Coul. recip.
    8.55495e+04    1.03058e+05   -6.66765e+03   -8.65584e+05    4.32651e+03
 Position Rest.      Potential    Kinetic En.   Total Energy  Conserved En.
    1.56572e+03   -6.36073e+05    1.14280e+05   -5.21793e+05   -5.17398e+05
    Temperature Pres. DC (bar) Pressure (bar)   Constr. rmsd
    3.00019e+02   -2.55161e+02   -2.77219e+02    0.00000e+00

           Step           Time
          45500       91.00000

   Energies (kJ/mol)
           Bond          Angle    Proper Dih. Per. Imp. Dih.          LJ-14
    4.78209e+03    1.35789e+04    1.57942e+04    6.82638e+02    6.57212e+03
     Coulomb-14        LJ (SR)  Disper. corr.   Coulomb (SR)   Coul. recip.
    8.51326e+04    1.03378e+05   -6.69333e+03   -8.66663e+05    4.27170e+03
 Position Rest.      Potential    Kinetic En.   Total Energy  Conserved En.
    1.47896e+03   -6.37685e+05    1.12690e+05   -5.24995e+05   -5.17378e+05
    Temperature Pres. DC (bar) Pressure (bar)   Constr. rmsd
    2.95843e+02   -2.57128e+02   -2.17630e+01    0.00000e+00

           Step           Time
          46000       92.00000

   Energies (kJ/mol)
           Bond          Angle    Proper Dih. Per. Imp. Dih.          LJ-14
    4.70547e+03    1.35142e+04    1.58535e+04    6.97391e+02    6.61674e+03
     Coulomb-14        LJ (SR)  Disper. corr.   Coulomb (SR)   Coul. recip.
    8.51440e+04    1.02668e+05   -6.68035e+03   -8.65150e+05    4.44896e+03
 Position Rest.      Potential    Kinetic En.   Total Energy  Conserved En.
    1.50052e+03   -6.36681e+05    1.15216e+05   -5.21465e+05   -5.17345e+05
    Temperature Pres. DC (bar) Pressure (bar)   Constr. rmsd
    3.02475e+02   -2.56133e+02   -3.84673e+01    0.00000e+00

           Step           Time
          46500       93.00000

   Energies (kJ/mol)
           Bond          Angle    Proper Dih. Per. Imp. Dih.          LJ-14
    4.66763e+03    1.35957e+04    1.58852e+04    7.10690e+02    6.51701e+03
     Coulomb-14        LJ (SR)  Disper. corr.   Coulomb (SR)   Coul. recip.
    8.52208e+04    1.02901e+05   -6.67939e+03   -8.66525e+05    4.23827e+03
 Position Rest.      Potential    Kinetic En.   Total Energy  Conserved En.
    1.56492e+03   -6.37903e+05    1.15298e+05   -5.22605e+05   -5.17353e+05
    Temperature Pres. DC (bar) Pressure (bar)   Constr. rmsd
    3.02690e+02   -2.56060e+02   -1.96437e+02    0.00000e+00

           Step           Time
          47000       94.00000

   Energies (kJ/mol)
           Bond          Angle    Proper Dih. Per. Imp. Dih.          LJ-14
    4.67419e+03    1.36808e+04    1.58477e+04    6.93139e+02    6.62213e+03
     Coulomb-14        LJ (SR)  Disper. corr.   Coulomb (SR)   Coul. recip.
    8.52172e+04    1.02974e+05   -6.68504e+03   -8.66379e+05    4.31175e+03
 Position Rest.      Potential    Kinetic En.   Total Energy  Conserved En.
    1.48440e+03   -6.37559e+05    1.14741e+05   -5.22818e+05   -5.17313e+05
    Temperature Pres. DC (bar) Pressure (bar)   Constr. rmsd
    3.01227e+02   -2.56492e+02   -1.68616e+01    0.00000e+00

           Step           Time
          47500       95.00000

   Energies (kJ/mol)
           Bond          Angle    Proper Dih. Per. Imp. Dih.          LJ-14
    4.76808e+03    1.37971e+04    1.58538e+04    6.81182e+02    6.55696e+03
     Coulomb-14        LJ (SR)  Disper. corr.   Coulomb (SR)   Coul. recip.
    8.50658e+04    1.02800e+05   -6.65947e+03   -8.66633e+05    4.36203e+03
 Position Rest.      Potential    Kinetic En.   Total Energy  Conserved En.
    1.55924e+03   -6.37848e+05    1.13198e+05   -5.24650e+05   -5.17252e+05
    Temperature Pres. DC (bar) Pressure (bar)   Constr. rmsd
    2.97178e+02   -2.54537e+02   -3.35819e+02    0.00000e+00

           Step           Time
          48000       96.00000

   Energies (kJ/mol)
           Bond          Angle    Proper Dih. Per. Imp. Dih.          LJ-14
    4.77304e+03    1.36701e+04    1.58535e+04    7.69463e+02    6.55261e+03
     Coulomb-14        LJ (SR)  Disper. corr.   Coulomb (SR)   Coul. recip.
    8.50145e+04    1.04080e+05   -6.67115e+03   -8.67992e+05    4.33139e+03
 Position Rest.      Potential    Kinetic En.   Total Energy  Conserved En.
    1.49028e+03   -6.38128e+05    1.14551e+05   -5.23577e+05   -5.17277e+05
    Temperature Pres. DC (bar) Pressure (bar)   Constr. rmsd
    3.00729e+02   -2.55429e+02    5.90324e+01    0.00000e+00

           Step           Time
          48500       97.00000

   Energies (kJ/mol)
           Bond          Angle    Proper Dih. Per. Imp. Dih.          LJ-14
    4.78333e+03    1.34823e+04    1.57651e+04    7.57675e+02    6.71757e+03
     Coulomb-14        LJ (SR)  Disper. corr.   Coulomb (SR)   Coul. recip.
    8.51385e+04    1.02785e+05   -6.68513e+03   -8.65821e+05    4.38350e+03
 Position Rest.      Potential    Kinetic En.   Total Energy  Conserved En.
    1.53368e+03   -6.37160e+05    1.13906e+05   -5.23255e+05   -5.17257e+05
    Temperature Pres. DC (bar) Pressure (bar)   Constr. rmsd
    2.99035e+02   -2.56499e+02   -2.36582e+02    0.00000e+00

           Step           Time
          49000       98.00000

   Energies (kJ/mol)
           Bond          Angle    Proper Dih. Per. Imp. Dih.          LJ-14
    4.85273e+03    1.33801e+04    1.58896e+04    7.50742e+02    6.68578e+03
     Coulomb-14        LJ (SR)  Disper. corr.   Coulomb (SR)   Coul. recip.
    8.53369e+04    1.04140e+05   -6.70778e+03   -8.68281e+05    4.23665e+03
 Position Rest.      Potential    Kinetic En.   Total Energy  Conserved En.
    1.52516e+03   -6.38191e+05    1.14632e+05   -5.23559e+05   -5.17227e+05
    Temperature Pres. DC (bar) Pressure (bar)   Constr. rmsd
    3.00942e+02   -2.58239e+02    8.18809e+01    0.00000e+00

           Step           Time
          49500       99.00000

   Energies (kJ/mol)
           Bond          Angle    Proper Dih. Per. Imp. Dih.          LJ-14
    4.78470e+03    1.35941e+04    1.58347e+04    7.69801e+02    6.51909e+03
     Coulomb-14        LJ (SR)  Disper. corr.   Coulomb (SR)   Coul. recip.
    8.49414e+04    1.03568e+05   -6.70047e+03   -8.66798e+05    4.35102e+03
 Position Rest.      Potential    Kinetic En.   Total Energy  Conserved En.
    1.42462e+03   -6.37711e+05    1.14611e+05   -5.23100e+05   -5.17236e+05
    Temperature Pres. DC (bar) Pressure (bar)   Constr. rmsd
    3.00886e+02   -2.57677e+02    1.09559e+02    0.00000e+00

           Step           Time
          50000      100.00000

Writing checkpoint, step 50000 at Sun Jun  8 23:09:00 2025


   Energies (kJ/mol)
           Bond          Angle    Proper Dih. Per. Imp. Dih.          LJ-14
    4.84904e+03    1.37106e+04    1.59123e+04    7.07408e+02    6.66749e+03
     Coulomb-14        LJ (SR)  Disper. corr.   Coulomb (SR)   Coul. recip.
    8.50874e+04    1.04636e+05   -6.67891e+03   -8.68090e+05    4.32698e+03
 Position Rest.      Potential    Kinetic En.   Total Energy  Conserved En.
    1.51059e+03   -6.37361e+05    1.14263e+05   -5.23098e+05   -5.17218e+05
    Temperature Pres. DC (bar) Pressure (bar)   Constr. rmsd
    2.99974e+02   -2.56023e+02    4.96171e+01    0.00000e+00


Energy conservation over simulation part #1 of length 100 ps, time 0 to 100 ps
  Conserved energy drift: 7.08e-04 kJ/mol/ps per atom


	<======  ###############  ==>
	<====  A V E R A G E S  ====>
	<==  ###############  ======>

	Statistics over 50001 steps using 501 frames

   Energies (kJ/mol)
           Bond          Angle    Proper Dih. Per. Imp. Dih.          LJ-14
    4.76236e+03    1.36577e+04    1.58475e+04    7.50237e+02    6.60935e+03
     Coulomb-14        LJ (SR)  Disper. corr.   Coulomb (SR)   Coul. recip.
    8.51248e+04    1.03897e+05   -6.67851e+03   -8.67229e+05    4.24012e+03
 Position Rest.      Potential    Kinetic En.   Total Energy  Conserved En.
    1.50823e+03   -6.37511e+05    1.14220e+05   -5.23291e+05   -5.18636e+05
    Temperature Pres. DC (bar) Pressure (bar)   Constr. rmsd
    2.99861e+02   -2.55995e+02   -1.40423e+00    0.00000e+00

          Box-X          Box-Y          Box-Z
    8.25933e+00    7.78697e+00    6.74371e+00

   Total Virial (kJ/mol)
    3.79382e+04    7.83669e+02   -3.24187e+02
    7.83682e+02    3.79978e+04   -2.78871e+02
   -3.24183e+02   -2.78878e+02    3.83513e+04

   Pressure (bar)
    7.41345e+00   -5.91120e+01    2.30469e+01
   -5.91129e+01    8.53338e+00    2.02625e+01
    2.30466e+01    2.02630e+01   -2.01595e+01

T-Protein_OtherT-Water_and_ions
    2.99855e+02    2.99862e+02


	M E G A - F L O P S   A C C O U N T I N G

 NB=Group-cutoff nonbonded kernels    NxN=N-by-N cluster Verlet kernels
 RF=Reaction-Field  VdW=Van der Waals  QSTab=quadratic-spline table
 W3=SPC/TIP3p  W4=TIP4p (single or pairs)
 V&F=Potential and force  V=Potential only  F=Force only

 Computing:                               M-Number         M-Flops  % Flops
-----------------------------------------------------------------------------
 Pair Search distance check            2193.125728       19738.132     0.0
 NxN QSTab Elec. + LJ [F]           2266188.477696    92913727.586    98.1
 NxN QSTab Elec. + LJ [V&F]           22936.169344     1353233.991     1.4
 1,4 nonbonded interactions             780.665613       70259.905     0.1
 Shift-X                                 22.202316         133.214     0.0
 Bonds                                  152.803056        9015.380     0.0
 Angles                                 542.760855       91183.824     0.1
 Propers                                844.666893      193428.718     0.2
 Impropers                               58.151163       12095.442     0.0
 Pos. Restr.                            149.202984        7460.149     0.0
 Virial                                  88.766361        1597.794     0.0
 Stop-CM                                 22.202316         222.023     0.0
 Calc-Ekin                              886.408632       23933.033     0.0
-----------------------------------------------------------------------------
 Total                                                94696029.192   100.0
-----------------------------------------------------------------------------


      R E A L   C Y C L E   A N D   T I M E   A C C O U N T I N G

On 1 MPI rank, each using 32 OpenMP threads

 Activity:              Num   Num      Call    Wall time         Giga-Cycles
                        Ranks Threads  Count      (s)         total sum    %
--------------------------------------------------------------------------------
 Neighbor search           1   32        501       0.944         63.258   3.4
 Launch PP GPU ops.        1   32      99501       2.429        162.824   8.8
 Force                     1   32      50001      11.371        762.337  41.2
 PME GPU mesh              1   32      50001       1.720        115.296   6.2
 Wait GPU NB local         1   32      50001       0.224         15.042   0.8
 Wait GPU state copy       1   32      72003       5.320        356.651  19.3
 NB X/F buffer ops.        1   32       2001       0.168         11.268   0.6
 Write traj.               1   32        101       1.437         96.337   5.2
 Rest                                              3.970        266.171  14.4
--------------------------------------------------------------------------------
 Total                                            27.583       1849.185 100.0
--------------------------------------------------------------------------------
 Breakdown of PME mesh activities
--------------------------------------------------------------------------------
 Wait PME GPU gather       1   32      50001       0.018          1.240   0.1
 Reduce GPU PME F          1   32      50001       0.032          2.171   0.1
 Launch PME GPU ops.       1   32     450009       1.625        108.959   5.9
--------------------------------------------------------------------------------

               Core t (s)   Wall t (s)        (%)
       Time:      881.796       27.583     3196.9
                 (ns/day)    (hour/ns)
Performance:      313.244        0.077
Finished mdrun on rank 0 Sun Jun  8 23:09:00 2025

