2025-04-27 20:01:04,744 [MainThread  ] [INFO ]  
A T O M   T Y P E S

IDX	TYPE	RING
1	c3	NO
2	n3	AL
3	os	AL
4	c3	AL
5	n3	AL
6	oh	NO
7	c3	AL
8	n3	AL
9	oh	NO
10	c3	AL
11	oh	NO
12	c3	AL
13	c3	AL
14	c3	AL
15	c3	AL
16	c3	AL
17	c3	AL
18	c3	AL
19	c3	AL
20	c3	AL
21	c3	AL
22	c3	AL
23	c3	AL
24	c3	NO
25	c3	NO
26	f	NO
27	ho	NO
28	ho	NO
29	ho	NO

C H A R G E S

IDX	CHARGE
1	0.019987
2	-0.270486
3	-0.351976
4	0.087357
5	-0.267151
6	-0.384193
7	0.157970
8	-0.269115
9	-0.360157
10	0.147019
11	-0.360157
12	0.088649
13	0.079593
14	0.098796
15	0.118063
16	0.046972
17	0.040602
18	0.177986
19	0.119123
20	0.089762
21	0.089706
22	0.089706
23	0.089762
24	0.089705
25	0.232017
26	-0.235756
27	0.210339
28	0.212938
29	0.212938

S E T T I N G   U P   C A L C U L A T I O N S

SETTING UP BOND CALCULATIONS...
SETTING UP ANGLE CALCULATIONS...
SETTING UP TORSION CALCULATIONS...
SETTING UP IMPROPER TORSION CALCULATIONS...
SETTING UP VAN DER WAALS CALCULATIONS...
SETTING UP ELECTROSTATIC CALCULATIONS...

S T E E P E S T   D E S C E N T

STEPS = 2500

STEP n       E(n)         E(n-1)    
------------------------------------
    0     186.860      ----
   10    170.51472    170.76873
   20    168.86222    168.98299
   30    167.93513    168.01013
   40    167.32293    167.37499
   50    166.87910    166.91823
   60    166.53416    166.56540
   70    166.25185    166.27792
   80    166.01195    166.03442
   90    165.80247    165.82228
  100    165.61588    165.63366
  110    165.44726    165.46342
  120    165.29322    165.30804
  130    165.15132    165.16502
  140    165.01979    165.03252
  150    164.89726    164.90914
  160    164.78266    164.79379
  170    164.67515    164.68560
  180    164.57402    164.58386
  190    164.47868    164.48797
  200    164.38866    164.39743
  210    164.30351    164.31181
  220    164.22287    164.23074
  230    164.14641    164.15387
  240    164.07384    164.08093
  250    164.00489    164.01163
  260    163.93935    163.94575
  270    163.87698    163.88308
  280    163.81759    163.82340
  290    163.76100    163.76654
  300    163.70706    163.71234
  310    163.65560    163.66063
  320    163.60648    163.61129
  330    163.55958    163.56417
  340    163.51477    163.51916
  350    163.47194    163.47614
  360    163.43099    163.43500
  370    163.39181    163.39565
  380    163.35431    163.35799
  390    163.31842    163.32194
  400    163.28404    163.28741
  410    163.25111    163.25434
  420    163.21955    163.22265
  430    163.18930    163.19227
  440    163.16029    163.16314
  450    163.13247    163.13520
  460    163.10578    163.10840
  470    163.08017    163.08268
  480    163.05559    163.05800
  490    163.03200    163.03431
  500    163.00934    163.01157
  510    162.98759    162.98973
  520    162.96670    162.96876
  530    162.94664    162.94861
  540    162.92737    162.92926
  550    162.90885    162.91067
  560    162.89105    162.89280
  570    162.87393    162.87561
  580    162.85746    162.85908
  590    162.84160    162.84316
  600    162.82632    162.82782
  610    162.81159    162.81304
  620    162.79739    162.79879
  630    162.78369    162.78504
  640    162.77047    162.77177
  650    162.75769    162.75895
  660    162.74535    162.74656
  670    162.73341    162.73458
  680    162.72186    162.72299
  690    162.71067    162.71178
  700    162.69984    162.70091
  710    162.68934    162.69038
  720    162.67917    162.68017
  730    162.66929    162.67026
  740    162.65970    162.66065
  750    162.65039    162.65131
  760    162.64133    162.64223
  770    162.63253    162.63340
  780    162.62396    162.62481
  790    162.61562    162.61645
  800    162.60750    162.60830
  810    162.59958    162.60036
  820    162.59186    162.59262
  830    162.58433    162.58507
  840    162.57697    162.57770
  850    162.56979    162.57050
  860    162.56277    162.56346
  870    162.55590    162.55658
  880    162.54918    162.54985
  890    162.54261    162.54326
  900    162.53617    162.53681
  910    162.52986    162.53048
  920    162.52367    162.52429
  930    162.51761    162.51821
  940    162.51166    162.51225
  950    162.50581    162.50639
  960    162.50008    162.50065
  970    162.49444    162.49500
  980    162.48890    162.48945
  990    162.48344    162.48398
 1000    162.47808    162.47861
 1010    162.47280    162.47332
 1020    162.46760    162.46812
 1030    162.46248    162.46299
 1040    162.45743    162.45793
 1050    162.45245    162.45295
 1060    162.44754    162.44803
 1070    162.44269    162.44317
 1080    162.43791    162.43838
 1090    162.43318    162.43365
 1100    162.42851    162.42898
 1110    162.42390    162.42436
 1120    162.41934    162.41980
 1130    162.41483    162.41528
 1140    162.41037    162.41081
 1150    162.40595    162.40639
 1160    162.40157    162.40201
 1170    162.39724    162.39767
 1180    162.39295    162.39338
 1190    162.38870    162.38912
 1200    162.38449    162.38491
 1210    162.38031    162.38072
 1220    162.37616    162.37657
 1230    162.37204    162.37245
 1240    162.36796    162.36837
 1250    162.36391    162.36431
 1260    162.35988    162.36028
 1270    162.35588    162.35628
 1280    162.35190    162.35230
 1290    162.34794    162.34834
 1300    162.34401    162.34440
 1310    162.34010    162.34049
 1320    162.33621    162.33660
 1330    162.33234    162.33272
 1340    162.32848    162.32887
 1350    162.32464    162.32503
 1360    162.32082    162.32120
 1370    162.31701    162.31739
 1380    162.31320    162.31358
 1390    162.30942    162.30979
 1400    162.30564    162.30601
 1410    162.30187    162.30224
 1420    162.29810    162.29848
 1430    162.29435    162.29473
 1440    162.29060    162.29098
 1450    162.28685    162.28723
 1460    162.28311    162.28348
 1470    162.27936    162.27974
 1480    162.27561    162.27599
 1490    162.27186    162.27224
 1500    162.26811    162.26848
 1510    162.26435    162.26473
 1520    162.26060    162.26097
 1530    162.25683    162.25720
 1540    162.25305    162.25343
 1550    162.24926    162.24964
 1560    162.24546    162.24584
 1570    162.24165    162.24203
 1580    162.23782    162.23820
 1590    162.23397    162.23436
 1600    162.23011    162.23050
 1610    162.22622    162.22661
 1620    162.22231    162.22270
 1630    162.21837    162.21876
 1640    162.21440    162.21480
 1650    162.21039    162.21080
 1660    162.20635    162.20676
 1670    162.20227    162.20268
 1680    162.19814    162.19855
 1690    162.19396    162.19438
 1700    162.18974    162.19016
 1710    162.18546    162.18589
 1720    162.18145    162.18179
 1730    162.17885    162.17910
 1740    162.17641    162.17666
 1750    162.17397    162.17422
 1760    162.17154    162.17178
 1770    162.16910    162.16934
 1780    162.16666    162.16690
 1790    162.16422    162.16446
 1800    162.16177    162.16202
 1810    162.15932    162.15957
 1820    162.15687    162.15712
 1830    162.15441    162.15465
 1840    162.15194    162.15219
 1850    162.14947    162.14972
 1860    162.14699    162.14724
 1870    162.14450    162.14475
 1880    162.14200    162.14225
 1890    162.13949    162.13974
 1900    162.13697    162.13722
 1910    162.13444    162.13469
 1920    162.13190    162.13215
 1930    162.12933    162.12959
 1940    162.12676    162.12701
 1950    162.12416    162.12442
 1960    162.12154    162.12180
 1970    162.11889    162.11915
 1980    162.11622    162.11649
 1990    162.11353    162.11380
 2000    162.11080    162.11108
 2010    162.10805    162.10833
 2020    162.10527    162.10555
 2030    162.10246    162.10274
 2040    162.09962    162.09991
 2050    162.09675    162.09704
 2060    162.09383    162.09413
 2070    162.09088    162.09118
 2080    162.08818    162.08840
 2090    162.08645    162.08661
 2100    162.08478    162.08495
 2110    162.08311    162.08328
 2120    162.08145    162.08161
 2130    162.07978    162.07994
 2140    162.07810    162.07827
 2150    162.07642    162.07659
 2160    162.07474    162.07491
 2170    162.07305    162.07322
 2180    162.07135    162.07152
 2190    162.06965    162.06982
 2200    162.06794    162.06811
 2210    162.06623    162.06640
 2220    162.06452    162.06469
 2230    162.06280    162.06297
 2240    162.06107    162.06124
 2250    162.05934    162.05951
 2260    162.05760    162.05777
 2270    162.05585    162.05603
 2280    162.05410    162.05427
 2290    162.05233    162.05251
 2300    162.05056    162.05073
 2310    162.04877    162.04895
 2320    162.04697    162.04715
 2330    162.04517    162.04535
 2340    162.04335    162.04354
 2350    162.04153    162.04171
 2360    162.03969    162.03988
 2370    162.03783    162.03802
 2380    162.03595    162.03614
 2390    162.03405    162.03424
 2400    162.03213    162.03232
 2410    162.03019    162.03038
 2420    162.02823    162.02842
 2430    162.02624    162.02644
 2440    162.02421    162.02442
 2450    162.02217    162.02238
 2460    162.02028    162.02044
 2470    162.01904    162.01916
 2480    162.01785    162.01797
 2490    162.01666    162.01678
 2500    162.01547    162.01559
Time: 0.79seconds. Iterations per second: 3165.82

