                :-) GROMACS - gmx mdrun, 2024.4-conda_forge (-:

Copyright 1991-2024 The GROMACS Authors.
GROMACS is free software; you can redistribute it and/or modify it
under the terms of the GNU Lesser General Public License
as published by the Free Software Foundation; either version 2.1
of the License, or (at your option) any later version.

                         Current GROMACS contributors:
       Mark Abraham           Andrey Alekseenko           Vladimir Basov      
      Cathrine Bergh            Eliane Briand               Ania Brown        
      Mahesh Doijade            Giacomo Fiorin          Stefan Fleischmann    
      Sergey Gorelov         Gilles Gouaillardet            Alan Gray         
     M. Eric Irrgang         Farzaneh Jalalypour            Joe Jordan        
     Carsten Kutzner           Justin A. Lemkul          Magnus Lundborg      
       Pascal Merz              Vedran Miletic            Dmitry Morozov      
       Julien Nabet              Szilard Pall        Andrea Pasquadibisceglie 
    Michele Pellegrino          Hubert Santuz             Roland Schulz       
     Tatiana Shugaeva          Alexey Shvetsov            Philip Turner       
     Alessandra Villa      Sebastian Wingbermuehle  

                         Previous GROMACS contributors:
        Emile Apol             Rossen Apostolov           James Barnett       
        Paul Bauer          Herman J.C. Berendsen          Par Bjelkmar       
      Christian Blau          Viacheslav Bolnykh            Kevin Boyd        
    Aldert van Buuren          Carlo Camilloni           Rudi van Drunen      
      Anton Feenstra           Oliver Fleetwood            Vytas Gapsys       
       Gaurav Garg             Gerrit Groenhof            Bert de Groot       
      Anca Hamuraru           Vincent Hindriksen          Victor Holanda      
     Aleksei Iupinov          Christoph Junghans        Prashanth Kanduri     
   Dimitrios Karkoulis           Peter Kasson             Sebastian Kehl      
     Sebastian Keller             Jiri Kraus               Per Larsson        
      Viveca Lindahl            Erik Marklund           Pieter Meulenhoff     
      Teemu Murtola              Sander Pronk             Michael Shirts      
      Alfons Sijbers            Balint Soproni         David van der Spoel    
      Peter Tieleman            Carsten Uphoff             Jon Vincent        
     Teemu Virolainen         Christian Wennberg           Maarten Wolf       
      Artem Zhmurov       

                  Coordinated by the GROMACS project leaders:
                           Berk Hess and Erik Lindahl

GROMACS:      gmx mdrun, version 2024.4-conda_forge
Executable:   /usr/local/bin.AVX2_256/gmx
Data prefix:  /usr/local
Working dir:  /host_pwd/colpk_pyc_complex/sys_equi/sys_equi/00_equi_HA
Process ID:   167753
Command line:
  gmx mdrun -s equi_HA_colpk_pyc_complex.tpr -deffnm equi_HA_colpk_pyc_complex -nt 32 -ntmpi 0 -nsteps -2 -nocopyright -gpu_id 0

GROMACS version:     2024.4-conda_forge
Precision:           mixed
Memory model:        64 bit
MPI library:         thread_mpi
OpenMP support:      enabled (GMX_OPENMP_MAX_THREADS = 128)
GPU support:         CUDA
NBNxM GPU setup:     super-cluster 2x2x2 / cluster 8
SIMD instructions:   AVX2_256
CPU FFT library:     fftw-3.3.10-sse2-avx
GPU FFT library:     cuFFT
Multi-GPU FFT:       none
RDTSCP usage:        disabled
TNG support:         enabled
Hwloc support:       disabled
Tracing support:     disabled
C compiler:          /home/conda/feedstock_root/build_artifacts/gromacs_1730738703188/_build_env/bin/x86_64-conda-linux-gnu-cc GNU 11.4.0
C compiler flags:    -fexcess-precision=fast -funroll-all-loops -mavx2 -mfma -Wno-missing-field-initializers -O3 -DNDEBUG
C++ compiler:        /home/conda/feedstock_root/build_artifacts/gromacs_1730738703188/_build_env/bin/x86_64-conda-linux-gnu-c++ GNU 11.4.0
C++ compiler flags:  -fexcess-precision=fast -funroll-all-loops -mavx2 -mfma -Wno-missing-field-initializers -Wno-cast-function-type-strict SHELL:-fopenmp -O3 -DNDEBUG
BLAS library:        Internal
LAPACK library:      Internal
CUDA compiler:       /usr/local/cuda/bin/nvcc nvcc: NVIDIA (R) Cuda compiler driver;Copyright (c) 2005-2022 NVIDIA Corporation;Built on Wed_Sep_21_10:33:58_PDT_2022;Cuda compilation tools, release 11.8, V11.8.89;Build cuda_11.8.r11.8/compiler.31833905_0
CUDA compiler flags:-std=c++17;--generate-code=arch=compute_35,code=sm_35;--generate-code=arch=compute_37,code=sm_37;--generate-code=arch=compute_50,code=sm_50;--generate-code=arch=compute_52,code=sm_52;--generate-code=arch=compute_60,code=sm_60;--generate-code=arch=compute_61,code=sm_61;--generate-code=arch=compute_70,code=sm_70;--generate-code=arch=compute_75,code=sm_75;--generate-code=arch=compute_80,code=sm_80;--generate-code=arch=compute_86,code=sm_86;--generate-code=arch=compute_89,code=sm_89;--generate-code=arch=compute_90,code=sm_90;-Wno-deprecated-gpu-targets;--generate-code=arch=compute_53,code=sm_53;--generate-code=arch=compute_80,code=sm_80;-use_fast_math;-Xptxas;-warn-double-usage;-Xptxas;-Werror;;-Xcompiler;-fopenmp;-fexcess-precision=fast -funroll-all-loops -mavx2 -mfma -Wno-missing-field-initializers -Wno-cast-function-type-strict SHELL:-fopenmp -O3 -DNDEBUG
CUDA driver:         11.70
CUDA runtime:        11.80


Running on 1 node with total 32 cores, 64 processing units, 1 compatible GPU
Hardware detected on host kuhpcgn2:
  CPU info:
    Vendor: Intel
    Brand:  Intel(R) Xeon(R) Silver 4216 CPU @ 2.10GHz
    Family: 6   Model: 85   Stepping: 7
    Features: aes apic avx avx2 avx512f avx512cd avx512bw avx512vl clfsh cmov cx8 cx16 f16c fma hle htt intel lahf mmx msr nonstop_tsc pcid pclmuldq pdcm pdpe1gb popcnt pse rdrnd rdtscp rtm sse2 sse3 sse4.1 sse4.2 ssse3 tdt x2apic
    Number of AVX-512 FMA units: 1 (For Intel, AVX2 is faster w/o 2 AVX-512 FMA units)
  Hardware topology: Basic
    Packages, cores, and logical processors:
    [indices refer to OS logical processors]
      Package  0: [   0  32] [   1  33] [   2  34] [   3  35] [   4  36] [   5  37] [   6  38] [   7  39] [   8  40] [   9  41] [  10  42] [  11  43] [  12  44] [  13  45] [  14  46] [  15  47]
      Package  1: [  16  48] [  17  49] [  18  50] [  19  51] [  20  52] [  21  53] [  22  54] [  23  55] [  24  56] [  25  57] [  26  58] [  27  59] [  28  60] [  29  61] [  30  62] [  31  63]
    CPU limit set by OS: -1   Recommended max number of threads: 64
  GPU info:
    Number of GPUs detected: 1
    #0: NVIDIA Tesla V100-PCIE-32GB, compute cap.: 7.0, ECC: yes, stat: compatible

The current CPU can measure timings more accurately than the code in
gmx mdrun was configured to use. This might affect your simulation
speed as accurate timings are needed for load-balancing.
Please consider rebuilding gmx mdrun with the GMX_USE_RDTSCP=ON CMake option.

++++ PLEASE READ AND CITE THE FOLLOWING REFERENCE ++++
M. J. Abraham, T. Murtola, R. Schulz, S. Páll, J. C. Smith, B. Hess, E.
Lindahl
GROMACS: High performance molecular simulations through multi-level
parallelism from laptops to supercomputers
SoftwareX 1 (2015) pp. 19-25
-------- -------- --- Thank You --- -------- --------


++++ PLEASE READ AND CITE THE FOLLOWING REFERENCE ++++
S. Páll, M. J. Abraham, C. Kutzner, B. Hess, E. Lindahl
Tackling Exascale Software Challenges in Molecular Dynamics Simulations with
GROMACS
In S. Markidis & E. Laure (Eds.), Solving Software Challenges for Exascale 8759 (2015) pp. 3-27
-------- -------- --- Thank You --- -------- --------


++++ PLEASE READ AND CITE THE FOLLOWING REFERENCE ++++
S. Pronk, S. Páll, R. Schulz, P. Larsson, P. Bjelkmar, R. Apostolov, M. R.
Shirts, J. C. Smith, P. M. Kasson, D. van der Spoel, B. Hess, and E. Lindahl
GROMACS 4.5: a high-throughput and highly parallel open source molecular
simulation toolkit
Bioinformatics 29 (2013) pp. 845-54
-------- -------- --- Thank You --- -------- --------


++++ PLEASE READ AND CITE THE FOLLOWING REFERENCE ++++
B. Hess and C. Kutzner and D. van der Spoel and E. Lindahl
GROMACS 4: Algorithms for highly efficient, load-balanced, and scalable
molecular simulation
J. Chem. Theory Comput. 4 (2008) pp. 435-447
-------- -------- --- Thank You --- -------- --------


++++ PLEASE READ AND CITE THE FOLLOWING REFERENCE ++++
D. van der Spoel, E. Lindahl, B. Hess, G. Groenhof, A. E. Mark and H. J. C.
Berendsen
GROMACS: Fast, Flexible and Free
J. Comp. Chem. 26 (2005) pp. 1701-1719
-------- -------- --- Thank You --- -------- --------


++++ PLEASE READ AND CITE THE FOLLOWING REFERENCE ++++
E. Lindahl and B. Hess and D. van der Spoel
GROMACS 3.0: A package for molecular simulation and trajectory analysis
J. Mol. Mod. 7 (2001) pp. 306-317
-------- -------- --- Thank You --- -------- --------


++++ PLEASE READ AND CITE THE FOLLOWING REFERENCE ++++
H. J. C. Berendsen, D. van der Spoel and R. van Drunen
GROMACS: A message-passing parallel molecular dynamics implementation
Comp. Phys. Comm. 91 (1995) pp. 43-56
-------- -------- --- Thank You --- -------- --------

Input Parameters:
   integrator                     = md
   tinit                          = 0
   dt                             = 0.001
   nsteps                         = 500000
   init-step                      = 0
   simulation-part                = 1
   mts                            = false
   mass-repartition-factor        = 1
   comm-mode                      = None
   nstcomm                        = 0
   bd-fric                        = 0
   ld-seed                        = -1220018186
   emtol                          = 10
   emstep                         = 0.01
   niter                          = 20
   fcstep                         = 0
   nstcgsteep                     = 1000
   nbfgscorr                      = 10
   rtpi                           = 0.05
   nstxout                        = 200000
   nstvout                        = 200000
   nstfout                        = 0
   nstlog                         = 5000
   nstcalcenergy                  = 100
   nstenergy                      = 5000
   nstxout-compressed             = 5000
   compressed-x-precision         = 1000
   cutoff-scheme                  = Verlet
   nstlist                        = 10
   pbc                            = xyz
   periodic-molecules             = false
   verlet-buffer-tolerance        = 0.005
   verlet-buffer-pressure-tolerance = 0.5
   rlist                          = 1
   coulombtype                    = PME
   coulomb-modifier               = Potential-shift
   rcoulomb-switch                = 0
   rcoulomb                       = 1
   epsilon-r                      = 1
   epsilon-rf                     = inf
   vdw-type                       = Cut-off
   vdw-modifier                   = Potential-shift
   rvdw-switch                    = 0
   rvdw                           = 1
   DispCorr                       = EnerPres
   table-extension                = 1
   fourierspacing                 = 0.12
   fourier-nx                     = 144
   fourier-ny                     = 144
   fourier-nz                     = 144
   pme-order                      = 4
   ewald-rtol                     = 1e-05
   ewald-rtol-lj                  = 0.001
   lj-pme-comb-rule               = Geometric
   ewald-geometry                 = 3d
   epsilon-surface                = 0
   ensemble-temperature-setting   = constant
   ensemble-temperature           = 310
   tcoupl                         = V-rescale
   nsttcouple                     = 20
   nh-chain-length                = 0
   print-nose-hoover-chain-variables = false
   pcoupl                         = Berendsen
   pcoupltype                     = Isotropic
   nstpcouple                     = 100
   tau-p                          = 5
   compressibility (3x3):
      compressibility[    0]={ 4.50000e-05,  0.00000e+00,  0.00000e+00}
      compressibility[    1]={ 0.00000e+00,  4.50000e-05,  0.00000e+00}
      compressibility[    2]={ 0.00000e+00,  0.00000e+00,  4.50000e-05}
   ref-p (3x3):
      ref-p[    0]={ 1.00000e+00,  0.00000e+00,  0.00000e+00}
      ref-p[    1]={ 0.00000e+00,  1.00000e+00,  0.00000e+00}
      ref-p[    2]={ 0.00000e+00,  0.00000e+00,  1.00000e+00}
   refcoord-scaling               = COM
   posres-com (3):
      posres-com[0]= 4.99602e-01
      posres-com[1]= 5.00032e-01
      posres-com[2]= 4.98992e-01
   posres-comB (3):
      posres-comB[0]= 4.99602e-01
      posres-comB[1]= 5.00032e-01
      posres-comB[2]= 4.98992e-01
   QMMM                           = false
qm-opts:
   ngQM                           = 0
   constraint-algorithm           = Lincs
   continuation                   = false
   Shake-SOR                      = false
   shake-tol                      = 0.0001
   lincs-order                    = 4
   lincs-iter                     = 1
   lincs-warnangle                = 30
   nwall                          = 0
   wall-type                      = 9-3
   wall-r-linpot                  = -1
   wall-atomtype[0]               = -1
   wall-atomtype[1]               = -1
   wall-density[0]                = 0
   wall-density[1]                = 0
   wall-ewald-zfac                = 3
   pull                           = false
   awh                            = false
   rotation                       = false
   interactiveMD                  = false
   disre                          = Simple
   disre-weighting                = Conservative
   disre-mixed                    = false
   dr-fc                          = 1000
   dr-tau                         = 0
   nstdisreout                    = 0
   orire-fc                       = 0
   orire-tau                      = 0
   nstorireout                    = 100
   free-energy                    = no
   cos-acceleration               = 0
   deform (3x3):
      deform[    0]={ 0.00000e+00,  0.00000e+00,  0.00000e+00}
      deform[    1]={ 0.00000e+00,  0.00000e+00,  0.00000e+00}
      deform[    2]={ 0.00000e+00,  0.00000e+00,  0.00000e+00}
   simulated-tempering            = false
   swapcoords                     = no
   userint1                       = 0
   userint2                       = 0
   userint3                       = 0
   userint4                       = 0
   userreal1                      = 0
   userreal2                      = 0
   userreal3                      = 0
   userreal4                      = 0
   applied-forces:
     electric-field:
       x:
         E0                       = 0
         omega                    = 0
         t0                       = 0
         sigma                    = 0
       y:
         E0                       = 0
         omega                    = 0
         t0                       = 0
         sigma                    = 0
       z:
         E0                       = 0
         omega                    = 0
         t0                       = 0
         sigma                    = 0
     density-guided-simulation:
       active                     = false
       group                      = protein
       similarity-measure         = inner-product
       atom-spreading-weight      = unity
       force-constant             = 1e+09
       gaussian-transform-spreading-width = 0.2
       gaussian-transform-spreading-range-in-multiples-of-width = 4
       reference-density-filename = reference.mrc
       nst                        = 1
       normalize-densities        = true
       adaptive-force-scaling     = false
       adaptive-force-scaling-time-constant = 4
       shift-vector               = 
       transformation-matrix      = 
     qmmm-cp2k:
       active                     = false
       qmgroup                    = System
       qmmethod                   = PBE
       qmfilenames                = 
       qmcharge                   = 0
       qmmultiplicity             = 1
     colvars:
       active                     = false
       configfile                 = 
       seed                       = -1
grpopts:
   nrdf:       14832      575403
   ref-t:         310         310
   tau-t:         0.1         0.1
annealing:          No          No
annealing-npoints:           0           0
   acc:	           0           0           0
   nfreeze:           N           N           N
   energygrp-flags[  0]: 0

Changing nstlist from 10 to 100, rlist from 1 to 1.113


Update groups can not be used for this system because atoms that are (in)directly constrained together are interdispersed with other atoms

1 GPU selected for this run.
Mapping of GPU IDs to the 2 GPU tasks in the 1 rank on this node:
  PP:0,PME:0
PP tasks will do (non-perturbed) short-ranged interactions on the GPU
PP task will update and constrain coordinates on the GPU
PME tasks will do all aspects on the GPU
Using 1 MPI thread
Using 32 OpenMP threads 

System total charge: 0.000
Will do PME sum in reciprocal space for electrostatic interactions.

++++ PLEASE READ AND CITE THE FOLLOWING REFERENCE ++++
U. Essmann, L. Perera, M. L. Berkowitz, T. Darden, H. Lee and L. G. Pedersen 
A smooth particle mesh Ewald method
J. Chem. Phys. 103 (1995) pp. 8577-8592
-------- -------- --- Thank You --- -------- --------

Using a Gaussian width (1/beta) of 0.320163 nm for Ewald
Potential shift: LJ r^-12: -1.000e+00 r^-6: -1.000e+00, Ewald -1.000e-05
Initialized non-bonded Coulomb Ewald tables, spacing: 9.33e-04 size: 1073

Generated table with 1056 data points for 1-4 COUL.
Tabscale = 500 points/nm
Generated table with 1056 data points for 1-4 LJ6.
Tabscale = 500 points/nm
Generated table with 1056 data points for 1-4 LJ12.
Tabscale = 500 points/nm
Long Range LJ corr.: <C6> 2.8846e-04


Using GPU 8x8 nonbonded short-range kernels

Using a dual 8x8 pair-list setup updated with dynamic, rolling pruning:
  outer list: updated every 100 steps, buffer 0.113 nm, rlist 1.113 nm
  inner list: updated every  20 steps, buffer 0.002 nm, rlist 1.002 nm
At tolerance 0.005 kJ/mol/ps per atom, equivalent classical 1x1 list would be:
  outer list: updated every 100 steps, buffer 0.240 nm, rlist 1.240 nm
  inner list: updated every  20 steps, buffer 0.044 nm, rlist 1.044 nm

The average pressure is off by at most 0.30 bar due to missing LJ interactions

Using Lorentz-Berthelot Lennard-Jones combination rule
Removing pbc first time

NOTE: The number of threads is not equal to the number of (logical) cpus
      and the -pin option is set to auto: will not pin threads to cpus.
      This can lead to significant performance degradation.
      Consider using -pin on (and -pinoffset in case you run multiple jobs).

Initializing LINear Constraint Solver

++++ PLEASE READ AND CITE THE FOLLOWING REFERENCE ++++
B. Hess and H. Bekker and H. J. C. Berendsen and J. G. E. M. Fraaije
LINCS: A Linear Constraint Solver for molecular simulations
J. Comp. Chem. 18 (1997) pp. 1463-1472
-------- -------- --- Thank You --- -------- --------

The number of constraints is 2949

++++ PLEASE READ AND CITE THE FOLLOWING REFERENCE ++++
S. Miyamoto and P. A. Kollman
SETTLE: An Analytical Version of the SHAKE and RATTLE Algorithms for Rigid
Water Models
J. Comp. Chem. 13 (1992) pp. 952-962
-------- -------- --- Thank You --- -------- --------


++++ PLEASE READ AND CITE THE FOLLOWING REFERENCE ++++
G. Bussi, D. Donadio and M. Parrinello
Canonical sampling through velocity rescaling
J. Chem. Phys. 126 (2007) pp. 014101
-------- -------- --- Thank You --- -------- --------

There are: 293369 Atoms

Updating coordinates and applying constraints on the GPU.

Constraining the starting coordinates (step 0)

Constraining the coordinates at t0-dt (step 0)
RMS relative constraint deviation after constraining: 2.26e-06
Initial temperature: 9.64694e-06 K

Started mdrun on rank 0 Thu Jan 16 22:12:37 2025

           Step           Time
              0        0.00000

   Energies (kJ/mol)
           Bond          Angle    Proper Dih. Per. Imp. Dih.          LJ-14
    9.87723e+01    3.74408e+03    1.46006e+04    1.79515e+02    5.52685e+03
     Coulomb-14        LJ (SR)  Disper. corr.   Coulomb (SR)   Coul. recip.
    5.66988e+04    7.91984e+05   -3.45515e+04   -5.82724e+06    1.88272e+04
 Position Rest.      Potential    Kinetic En.   Total Energy  Conserved En.
    1.44514e-03   -4.97013e+06    2.44630e+01   -4.97011e+06   -4.96631e+06
    Temperature Pres. DC (bar) Pressure (bar)   Constr. rmsd
    9.96967e-03   -1.91095e+02   -4.82805e+03    2.25513e-06

step 2300: timed with pme grid 144 144 144, coulomb cutoff 1.000: 456.6 M-cycles
step 2500: timed with pme grid 120 120 120, coulomb cutoff 1.125: 528.6 M-cycles
step 2700: timed with pme grid 128 128 128, coulomb cutoff 1.055: 475.9 M-cycles
step 2900: timed with pme grid 144 144 144, coulomb cutoff 1.000: 463.4 M-cycles
              optimal pme grid 144 144 144, coulomb cutoff 1.000
           Step           Time
           5000        5.00000

   Energies (kJ/mol)
           Bond          Angle    Proper Dih. Per. Imp. Dih.          LJ-14
    4.77045e+03    1.22751e+04    1.62465e+04    7.54265e+02    5.68834e+03
     Coulomb-14        LJ (SR)  Disper. corr.   Coulomb (SR)   Coul. recip.
    5.50026e+04    5.92024e+05   -3.47904e+04   -4.70629e+06    2.77607e+04
 Position Rest.      Potential    Kinetic En.   Total Energy  Conserved En.
    1.37008e+03   -4.02519e+06    7.58919e+05   -3.26627e+06   -4.96834e+06
    Temperature Pres. DC (bar) Pressure (bar)   Constr. rmsd
    3.09290e+02   -1.93743e+02    2.66903e+01    2.25513e-06

           Step           Time
          10000       10.00000

   Energies (kJ/mol)
           Bond          Angle    Proper Dih. Per. Imp. Dih.          LJ-14
    4.68116e+03    1.21589e+04    1.62926e+04    8.10576e+02    5.81001e+03
     Coulomb-14        LJ (SR)  Disper. corr.   Coulomb (SR)   Coul. recip.
    5.49862e+04    5.91214e+05   -3.47340e+04   -4.70150e+06    2.80093e+04
 Position Rest.      Potential    Kinetic En.   Total Energy  Conserved En.
    1.36605e+03   -4.02091e+06    7.61079e+05   -3.25983e+06   -4.96829e+06
    Temperature Pres. DC (bar) Pressure (bar)   Constr. rmsd
    3.10170e+02   -1.93116e+02   -1.85792e+01    2.25513e-06

           Step           Time
          15000       15.00000

   Energies (kJ/mol)
           Bond          Angle    Proper Dih. Per. Imp. Dih.          LJ-14
    4.63453e+03    1.25997e+04    1.63469e+04    7.86752e+02    5.74156e+03
     Coulomb-14        LJ (SR)  Disper. corr.   Coulomb (SR)   Coul. recip.
    5.48452e+04    5.93372e+05   -3.47081e+04   -4.70606e+06    2.79429e+04
 Position Rest.      Potential    Kinetic En.   Total Energy  Conserved En.
    1.48266e+03   -4.02301e+06    7.61783e+05   -3.26123e+06   -4.96830e+06
    Temperature Pres. DC (bar) Pressure (bar)   Constr. rmsd
    3.10457e+02   -1.92829e+02    4.78712e+01    2.25513e-06

           Step           Time
          20000       20.00000

   Energies (kJ/mol)
           Bond          Angle    Proper Dih. Per. Imp. Dih.          LJ-14
    4.71754e+03    1.24309e+04    1.62426e+04    6.93952e+02    5.72124e+03
     Coulomb-14        LJ (SR)  Disper. corr.   Coulomb (SR)   Coul. recip.
    5.49031e+04    5.93388e+05   -3.47012e+04   -4.70338e+06    2.79741e+04
 Position Rest.      Potential    Kinetic En.   Total Energy  Conserved En.
    1.41122e+03   -4.02060e+06    7.61807e+05   -3.25880e+06   -4.96826e+06
    Temperature Pres. DC (bar) Pressure (bar)   Constr. rmsd
    3.10467e+02   -1.92752e+02    3.13166e+01    2.25513e-06

           Step           Time
          25000       25.00000

   Energies (kJ/mol)
           Bond          Angle    Proper Dih. Per. Imp. Dih.          LJ-14
    4.67960e+03    1.27770e+04    1.62090e+04    7.80305e+02    5.79778e+03
     Coulomb-14        LJ (SR)  Disper. corr.   Coulomb (SR)   Coul. recip.
    5.49188e+04    5.95138e+05   -3.47011e+04   -4.70308e+06    2.79318e+04
 Position Rest.      Potential    Kinetic En.   Total Energy  Conserved En.
    1.45406e+03   -4.01809e+06    7.58841e+05   -3.25925e+06   -4.96826e+06
    Temperature Pres. DC (bar) Pressure (bar)   Constr. rmsd
    3.09259e+02   -1.92751e+02    9.02448e+01    2.25513e-06

           Step           Time
          30000       30.00000

   Energies (kJ/mol)
           Bond          Angle    Proper Dih. Per. Imp. Dih.          LJ-14
    4.79625e+03    1.28591e+04    1.63378e+04    7.73305e+02    5.61027e+03
     Coulomb-14        LJ (SR)  Disper. corr.   Coulomb (SR)   Coul. recip.
    5.46013e+04    5.90469e+05   -3.47116e+04   -4.69849e+06    2.82007e+04
 Position Rest.      Potential    Kinetic En.   Total Energy  Conserved En.
    1.47784e+03   -4.01808e+06    7.61591e+05   -3.25649e+06   -4.96819e+06
    Temperature Pres. DC (bar) Pressure (bar)   Constr. rmsd
    3.10379e+02   -1.92868e+02   -3.37656e+01    2.25513e-06

           Step           Time
          35000       35.00000

   Energies (kJ/mol)
           Bond          Angle    Proper Dih. Per. Imp. Dih.          LJ-14
    4.59244e+03    1.24055e+04    1.63315e+04    7.31068e+02    5.66090e+03
     Coulomb-14        LJ (SR)  Disper. corr.   Coulomb (SR)   Coul. recip.
    5.49912e+04    5.91632e+05   -3.46983e+04   -4.70239e+06    2.80368e+04
 Position Rest.      Potential    Kinetic En.   Total Energy  Conserved En.
    1.43421e+03   -4.02127e+06    7.58186e+05   -3.26309e+06   -4.96821e+06
    Temperature Pres. DC (bar) Pressure (bar)   Constr. rmsd
    3.08991e+02   -1.92720e+02   -5.85309e+00    2.25513e-06

           Step           Time
          40000       40.00000

   Energies (kJ/mol)
           Bond          Angle    Proper Dih. Per. Imp. Dih.          LJ-14
    4.65094e+03    1.26542e+04    1.62958e+04    7.69371e+02    5.60354e+03
     Coulomb-14        LJ (SR)  Disper. corr.   Coulomb (SR)   Coul. recip.
    5.47525e+04    5.87849e+05   -3.46945e+04   -4.69703e+06    2.78647e+04
 Position Rest.      Potential    Kinetic En.   Total Energy  Conserved En.
    1.59042e+03   -4.01970e+06    7.59050e+05   -3.26065e+06   -4.96816e+06
    Temperature Pres. DC (bar) Pressure (bar)   Constr. rmsd
    3.09344e+02   -1.92678e+02   -9.86735e+01    2.25513e-06

           Step           Time
          45000       45.00000

   Energies (kJ/mol)
           Bond          Angle    Proper Dih. Per. Imp. Dih.          LJ-14
    4.62130e+03    1.26081e+04    1.62226e+04    7.15071e+02    5.67244e+03
     Coulomb-14        LJ (SR)  Disper. corr.   Coulomb (SR)   Coul. recip.
    5.47619e+04    5.92880e+05   -3.47005e+04   -4.70153e+06    2.80000e+04
 Position Rest.      Potential    Kinetic En.   Total Energy  Conserved En.
    1.47641e+03   -4.01927e+06    7.60091e+05   -3.25918e+06   -4.96818e+06
    Temperature Pres. DC (bar) Pressure (bar)   Constr. rmsd
    3.09768e+02   -1.92744e+02    3.14847e+01    2.25513e-06

           Step           Time
          50000       50.00000

   Energies (kJ/mol)
           Bond          Angle    Proper Dih. Per. Imp. Dih.          LJ-14
    4.73604e+03    1.26215e+04    1.63228e+04    7.69899e+02    5.59597e+03
     Coulomb-14        LJ (SR)  Disper. corr.   Coulomb (SR)   Coul. recip.
    5.45794e+04    5.90817e+05   -3.47006e+04   -4.69996e+06    2.83006e+04
 Position Rest.      Potential    Kinetic En.   Total Energy  Conserved En.
    1.43750e+03   -4.01948e+06    7.60117e+05   -3.25937e+06   -4.96815e+06
    Temperature Pres. DC (bar) Pressure (bar)   Constr. rmsd
    3.09779e+02   -1.92746e+02   -4.47426e+01    2.25513e-06

           Step           Time
          55000       55.00000

   Energies (kJ/mol)
           Bond          Angle    Proper Dih. Per. Imp. Dih.          LJ-14
    4.51832e+03    1.27887e+04    1.62620e+04    6.84938e+02    5.51293e+03
     Coulomb-14        LJ (SR)  Disper. corr.   Coulomb (SR)   Coul. recip.
    5.47521e+04    5.92031e+05   -3.47008e+04   -4.70474e+06    2.80430e+04
 Position Rest.      Potential    Kinetic En.   Total Energy  Conserved En.
    1.51652e+03   -4.02333e+06    7.62359e+05   -3.26097e+06   -4.96812e+06
    Temperature Pres. DC (bar) Pressure (bar)   Constr. rmsd
    3.10692e+02   -1.92747e+02   -4.10468e+01    2.25513e-06

           Step           Time
          60000       60.00000

   Energies (kJ/mol)
           Bond          Angle    Proper Dih. Per. Imp. Dih.          LJ-14
    4.90066e+03    1.23936e+04    1.63544e+04    7.48265e+02    5.67673e+03
     Coulomb-14        LJ (SR)  Disper. corr.   Coulomb (SR)   Coul. recip.
    5.48082e+04    5.92665e+05   -3.47074e+04   -4.70188e+06    2.81978e+04
 Position Rest.      Potential    Kinetic En.   Total Energy  Conserved En.
    1.46317e+03   -4.01938e+06    7.60689e+05   -3.25870e+06   -4.96813e+06
    Temperature Pres. DC (bar) Pressure (bar)   Constr. rmsd
    3.10012e+02   -1.92822e+02    4.41140e+01    2.25513e-06

           Step           Time
          65000       65.00000

   Energies (kJ/mol)
           Bond          Angle    Proper Dih. Per. Imp. Dih.          LJ-14
    4.55988e+03    1.26547e+04    1.63422e+04    7.62974e+02    5.74393e+03
     Coulomb-14        LJ (SR)  Disper. corr.   Coulomb (SR)   Coul. recip.
    5.49047e+04    5.92594e+05   -3.47088e+04   -4.70419e+06    2.79288e+04
 Position Rest.      Potential    Kinetic En.   Total Energy  Conserved En.
    1.59064e+03   -4.02182e+06    7.64330e+05   -3.25749e+06   -4.96810e+06
    Temperature Pres. DC (bar) Pressure (bar)   Constr. rmsd
    3.11495e+02   -1.92837e+02    4.70614e+00    2.25513e-06

           Step           Time
          70000       70.00000

   Energies (kJ/mol)
           Bond          Angle    Proper Dih. Per. Imp. Dih.          LJ-14
    4.63145e+03    1.23594e+04    1.64038e+04    7.95269e+02    5.69587e+03
     Coulomb-14        LJ (SR)  Disper. corr.   Coulomb (SR)   Coul. recip.
    5.50984e+04    5.94467e+05   -3.47081e+04   -4.70512e+06    2.75882e+04
 Position Rest.      Potential    Kinetic En.   Total Energy  Conserved En.
    1.54590e+03   -4.02124e+06    7.59585e+05   -3.26166e+06   -4.96810e+06
    Temperature Pres. DC (bar) Pressure (bar)   Constr. rmsd
    3.09562e+02   -1.92829e+02    4.38043e+01    2.25513e-06

           Step           Time
          75000       75.00000

   Energies (kJ/mol)
           Bond          Angle    Proper Dih. Per. Imp. Dih.          LJ-14
    4.53719e+03    1.21010e+04    1.62545e+04    7.72145e+02    5.71037e+03
     Coulomb-14        LJ (SR)  Disper. corr.   Coulomb (SR)   Coul. recip.
    5.48178e+04    5.94107e+05   -3.46953e+04   -4.70922e+06    2.75577e+04
 Position Rest.      Potential    Kinetic En.   Total Energy  Conserved En.
    1.43113e+03   -4.02663e+06    7.59142e+05   -3.26749e+06   -4.96806e+06
    Temperature Pres. DC (bar) Pressure (bar)   Constr. rmsd
    3.09381e+02   -1.92686e+02   -1.14844e+01    2.25513e-06

           Step           Time
          80000       80.00000

   Energies (kJ/mol)
           Bond          Angle    Proper Dih. Per. Imp. Dih.          LJ-14
    4.65835e+03    1.24920e+04    1.62659e+04    7.78941e+02    5.69112e+03
     Coulomb-14        LJ (SR)  Disper. corr.   Coulomb (SR)   Coul. recip.
    5.48683e+04    5.87615e+05   -3.46954e+04   -4.69528e+06    2.81038e+04
 Position Rest.      Potential    Kinetic En.   Total Energy  Conserved En.
    1.55344e+03   -4.01794e+06    7.60837e+05   -3.25711e+06   -4.96800e+06
    Temperature Pres. DC (bar) Pressure (bar)   Constr. rmsd
    3.10072e+02   -1.92688e+02   -7.89888e+01    2.25513e-06

           Step           Time
          85000       85.00000

   Energies (kJ/mol)
           Bond          Angle    Proper Dih. Per. Imp. Dih.          LJ-14
    4.57883e+03    1.23349e+04    1.62112e+04    8.30808e+02    5.71817e+03
     Coulomb-14        LJ (SR)  Disper. corr.   Coulomb (SR)   Coul. recip.
    5.48782e+04    5.92825e+05   -3.46962e+04   -4.70324e+06    2.77307e+04
 Position Rest.      Potential    Kinetic En.   Total Energy  Conserved En.
    1.43049e+03   -4.02140e+06    7.58280e+05   -3.26312e+06   -4.96802e+06
    Temperature Pres. DC (bar) Pressure (bar)   Constr. rmsd
    3.09030e+02   -1.92697e+02    2.38134e+01    2.25513e-06

           Step           Time
          90000       90.00000

   Energies (kJ/mol)
           Bond          Angle    Proper Dih. Per. Imp. Dih.          LJ-14
    4.74471e+03    1.25512e+04    1.62990e+04    7.82214e+02    5.78645e+03
     Coulomb-14        LJ (SR)  Disper. corr.   Coulomb (SR)   Coul. recip.
    5.47727e+04    5.94043e+05   -3.47077e+04   -4.70873e+06    2.77526e+04
 Position Rest.      Potential    Kinetic En.   Total Energy  Conserved En.
    1.45240e+03   -4.02525e+06    7.60896e+05   -3.26435e+06   -4.96804e+06
    Temperature Pres. DC (bar) Pressure (bar)   Constr. rmsd
    3.10096e+02   -1.92824e+02    9.90606e+01    2.25513e-06

           Step           Time
          95000       95.00000

   Energies (kJ/mol)
           Bond          Angle    Proper Dih. Per. Imp. Dih.          LJ-14
    4.76513e+03    1.22618e+04    1.62507e+04    8.28552e+02    5.57280e+03
     Coulomb-14        LJ (SR)  Disper. corr.   Coulomb (SR)   Coul. recip.
    5.46873e+04    5.90744e+05   -3.47087e+04   -4.70177e+06    2.81656e+04
 Position Rest.      Potential    Kinetic En.   Total Energy  Conserved En.
    1.46901e+03   -4.02174e+06    7.60225e+05   -3.26151e+06   -4.96795e+06
    Temperature Pres. DC (bar) Pressure (bar)   Constr. rmsd
    3.09822e+02   -1.92836e+02   -7.01210e+01    2.25513e-06

           Step           Time
         100000      100.00000

   Energies (kJ/mol)
           Bond          Angle    Proper Dih. Per. Imp. Dih.          LJ-14
    4.65294e+03    1.26673e+04    1.62288e+04    7.42349e+02    5.69056e+03
     Coulomb-14        LJ (SR)  Disper. corr.   Coulomb (SR)   Coul. recip.
    5.51787e+04    5.93097e+05   -3.46898e+04   -4.70287e+06    2.79688e+04
 Position Rest.      Potential    Kinetic En.   Total Energy  Conserved En.
    1.45228e+03   -4.01988e+06    7.63082e+05   -3.25680e+06   -4.96798e+06
    Temperature Pres. DC (bar) Pressure (bar)   Constr. rmsd
    3.10987e+02   -1.92626e+02    2.77055e+01    2.25513e-06

           Step           Time
         105000      105.00000

   Energies (kJ/mol)
           Bond          Angle    Proper Dih. Per. Imp. Dih.          LJ-14
    4.76464e+03    1.22167e+04    1.63793e+04    7.56798e+02    5.74228e+03
     Coulomb-14        LJ (SR)  Disper. corr.   Coulomb (SR)   Coul. recip.
    5.46265e+04    5.89292e+05   -3.46823e+04   -4.69834e+06    2.81544e+04
 Position Rest.      Potential    Kinetic En.   Total Energy  Conserved En.
    1.47204e+03   -4.01962e+06    7.63678e+05   -3.25594e+06   -4.96794e+06
    Temperature Pres. DC (bar) Pressure (bar)   Constr. rmsd
    3.11230e+02   -1.92542e+02   -2.45940e+01    2.25513e-06

           Step           Time
         110000      110.00000

   Energies (kJ/mol)
           Bond          Angle    Proper Dih. Per. Imp. Dih.          LJ-14
    4.76670e+03    1.23612e+04    1.62617e+04    7.18131e+02    5.75879e+03
     Coulomb-14        LJ (SR)  Disper. corr.   Coulomb (SR)   Coul. recip.
    5.47996e+04    5.90569e+05   -3.46843e+04   -4.69942e+06    2.78864e+04
 Position Rest.      Potential    Kinetic En.   Total Energy  Conserved En.
    1.51420e+03   -4.01947e+06    7.59085e+05   -3.26039e+06   -4.96791e+06
    Temperature Pres. DC (bar) Pressure (bar)   Constr. rmsd
    3.09358e+02   -1.92565e+02   -9.94283e+00    2.25513e-06

           Step           Time
         115000      115.00000

   Energies (kJ/mol)
           Bond          Angle    Proper Dih. Per. Imp. Dih.          LJ-14
    4.63735e+03    1.22865e+04    1.61703e+04    7.79607e+02    5.65093e+03
     Coulomb-14        LJ (SR)  Disper. corr.   Coulomb (SR)   Coul. recip.
    5.48788e+04    5.92805e+05   -3.46934e+04   -4.70130e+06    2.78195e+04
 Position Rest.      Potential    Kinetic En.   Total Energy  Conserved En.
    1.48683e+03   -4.01948e+06    7.59318e+05   -3.26016e+06   -4.96789e+06
    Temperature Pres. DC (bar) Pressure (bar)   Constr. rmsd
    3.09453e+02   -1.92666e+02    9.01760e+00    2.25513e-06

           Step           Time
         120000      120.00000

   Energies (kJ/mol)
           Bond          Angle    Proper Dih. Per. Imp. Dih.          LJ-14
    4.58321e+03    1.28106e+04    1.63134e+04    8.00191e+02    5.70238e+03
     Coulomb-14        LJ (SR)  Disper. corr.   Coulomb (SR)   Coul. recip.
    5.48282e+04    5.91528e+05   -3.46963e+04   -4.69832e+06    2.79832e+04
 Position Rest.      Potential    Kinetic En.   Total Energy  Conserved En.
    1.49150e+03   -4.01697e+06    7.59395e+05   -3.25758e+06   -4.96788e+06
    Temperature Pres. DC (bar) Pressure (bar)   Constr. rmsd
    3.09484e+02   -1.92698e+02    3.75908e+01    2.25513e-06

           Step           Time
         125000      125.00000

   Energies (kJ/mol)
           Bond          Angle    Proper Dih. Per. Imp. Dih.          LJ-14
    4.93225e+03    1.23690e+04    1.62708e+04    7.64687e+02    5.60577e+03
     Coulomb-14        LJ (SR)  Disper. corr.   Coulomb (SR)   Coul. recip.
    5.49588e+04    5.92168e+05   -3.46907e+04   -4.70513e+06    2.79946e+04
 Position Rest.      Potential    Kinetic En.   Total Energy  Conserved En.
    1.43640e+03   -4.02332e+06    7.61472e+05   -3.26185e+06   -4.96781e+06
    Temperature Pres. DC (bar) Pressure (bar)   Constr. rmsd
    3.10331e+02   -1.92636e+02   -5.13568e+01    2.25513e-06

           Step           Time
         130000      130.00000

   Energies (kJ/mol)
           Bond          Angle    Proper Dih. Per. Imp. Dih.          LJ-14
    4.46190e+03    1.24689e+04    1.62179e+04    7.49667e+02    5.72363e+03
     Coulomb-14        LJ (SR)  Disper. corr.   Coulomb (SR)   Coul. recip.
    5.46941e+04    5.92084e+05   -3.47006e+04   -4.70207e+06    2.76107e+04
 Position Rest.      Potential    Kinetic En.   Total Energy  Conserved En.
    1.50138e+03   -4.02126e+06    7.57483e+05   -3.26378e+06   -4.96785e+06
    Temperature Pres. DC (bar) Pressure (bar)   Constr. rmsd
    3.08705e+02   -1.92746e+02    3.21208e+01    2.25513e-06

           Step           Time
         135000      135.00000

   Energies (kJ/mol)
           Bond          Angle    Proper Dih. Per. Imp. Dih.          LJ-14
    4.72051e+03    1.24463e+04    1.61966e+04    7.06099e+02    5.65246e+03
     Coulomb-14        LJ (SR)  Disper. corr.   Coulomb (SR)   Coul. recip.
    5.47240e+04    5.87918e+05   -3.46962e+04   -4.69705e+06    2.78081e+04
 Position Rest.      Potential    Kinetic En.   Total Energy  Conserved En.
    1.52652e+03   -4.02005e+06    7.61274e+05   -3.25878e+06   -4.96779e+06
    Temperature Pres. DC (bar) Pressure (bar)   Constr. rmsd
    3.10250e+02   -1.92697e+02   -5.74543e+01    2.25513e-06

           Step           Time
         140000      140.00000

   Energies (kJ/mol)
           Bond          Angle    Proper Dih. Per. Imp. Dih.          LJ-14
    4.75377e+03    1.24892e+04    1.62851e+04    7.42015e+02    5.66116e+03
     Coulomb-14        LJ (SR)  Disper. corr.   Coulomb (SR)   Coul. recip.
    5.49127e+04    5.91821e+05   -3.47039e+04   -4.70265e+06    2.78267e+04
 Position Rest.      Potential    Kinetic En.   Total Energy  Conserved En.
    1.50658e+03   -4.02136e+06    7.59135e+05   -3.26222e+06   -4.96781e+06
    Temperature Pres. DC (bar) Pressure (bar)   Constr. rmsd
    3.09378e+02   -1.92783e+02    1.00937e+01    2.25513e-06

           Step           Time
         145000      145.00000

   Energies (kJ/mol)
           Bond          Angle    Proper Dih. Per. Imp. Dih.          LJ-14
    4.62833e+03    1.24985e+04    1.63223e+04    7.20678e+02    5.69561e+03
     Coulomb-14        LJ (SR)  Disper. corr.   Coulomb (SR)   Coul. recip.
    5.50551e+04    5.87777e+05   -3.47026e+04   -4.69666e+06    2.82304e+04
 Position Rest.      Potential    Kinetic En.   Total Energy  Conserved En.
    1.48393e+03   -4.01895e+06    7.58436e+05   -3.26051e+06   -4.96774e+06
    Temperature Pres. DC (bar) Pressure (bar)   Constr. rmsd
    3.09094e+02   -1.92767e+02   -3.80245e+01    2.25513e-06

           Step           Time
         150000      150.00000

   Energies (kJ/mol)
           Bond          Angle    Proper Dih. Per. Imp. Dih.          LJ-14
    4.58970e+03    1.25362e+04    1.61392e+04    7.32774e+02    5.67935e+03
     Coulomb-14        LJ (SR)  Disper. corr.   Coulomb (SR)   Coul. recip.
    5.48036e+04    5.91707e+05   -3.47133e+04   -4.70317e+06    2.76388e+04
 Position Rest.      Potential    Kinetic En.   Total Energy  Conserved En.
    1.49152e+03   -4.02257e+06    7.61345e+05   -3.26122e+06   -4.96776e+06
    Temperature Pres. DC (bar) Pressure (bar)   Constr. rmsd
    3.10279e+02   -1.92886e+02    1.42757e+00    2.25513e-06

           Step           Time
         155000      155.00000

   Energies (kJ/mol)
           Bond          Angle    Proper Dih. Per. Imp. Dih.          LJ-14
    4.70139e+03    1.28396e+04    1.61115e+04    7.75635e+02    5.64018e+03
     Coulomb-14        LJ (SR)  Disper. corr.   Coulomb (SR)   Coul. recip.
    5.47372e+04    5.91438e+05   -3.46870e+04   -4.69952e+06    2.83863e+04
 Position Rest.      Potential    Kinetic En.   Total Energy  Conserved En.
    1.47966e+03   -4.01810e+06    7.62313e+05   -3.25579e+06   -4.96773e+06
    Temperature Pres. DC (bar) Pressure (bar)   Constr. rmsd
    3.10673e+02   -1.92595e+02   -1.83031e+01    2.25513e-06

           Step           Time
         160000      160.00000

   Energies (kJ/mol)
           Bond          Angle    Proper Dih. Per. Imp. Dih.          LJ-14
    4.68323e+03    1.25866e+04    1.62529e+04    7.56881e+02    5.70032e+03
     Coulomb-14        LJ (SR)  Disper. corr.   Coulomb (SR)   Coul. recip.
    5.47487e+04    5.92720e+05   -3.46822e+04   -4.70192e+06    2.78671e+04
 Position Rest.      Potential    Kinetic En.   Total Energy  Conserved En.
    1.53859e+03   -4.01974e+06    7.60339e+05   -3.25941e+06   -4.96772e+06
    Temperature Pres. DC (bar) Pressure (bar)   Constr. rmsd
    3.09869e+02   -1.92541e+02    1.01685e+01    2.25513e-06

           Step           Time
         165000      165.00000

   Energies (kJ/mol)
           Bond          Angle    Proper Dih. Per. Imp. Dih.          LJ-14
    4.70316e+03    1.26242e+04    1.63346e+04    8.12166e+02    5.76907e+03
     Coulomb-14        LJ (SR)  Disper. corr.   Coulomb (SR)   Coul. recip.
    5.47790e+04    5.86404e+05   -3.46927e+04   -4.69282e+06    2.79044e+04
 Position Rest.      Potential    Kinetic En.   Total Energy  Conserved En.
    1.41142e+03   -4.01677e+06    7.61190e+05   -3.25558e+06   -4.96768e+06
    Temperature Pres. DC (bar) Pressure (bar)   Constr. rmsd
    3.10216e+02   -1.92658e+02   -4.67320e+01    2.25513e-06

           Step           Time
         170000      170.00000

   Energies (kJ/mol)
           Bond          Angle    Proper Dih. Per. Imp. Dih.          LJ-14
    4.61850e+03    1.26314e+04    1.62335e+04    7.97514e+02    5.72605e+03
     Coulomb-14        LJ (SR)  Disper. corr.   Coulomb (SR)   Coul. recip.
    5.49993e+04    5.87996e+05   -3.46953e+04   -4.69358e+06    2.78671e+04
 Position Rest.      Potential    Kinetic En.   Total Energy  Conserved En.
    1.50325e+03   -4.01590e+06    7.62280e+05   -3.25362e+06   -4.96768e+06
    Temperature Pres. DC (bar) Pressure (bar)   Constr. rmsd
    3.10660e+02   -1.92687e+02   -2.23056e+01    2.25513e-06

           Step           Time
         175000      175.00000

   Energies (kJ/mol)
           Bond          Angle    Proper Dih. Per. Imp. Dih.          LJ-14
    4.80063e+03    1.23988e+04    1.61988e+04    7.31715e+02    5.71130e+03
     Coulomb-14        LJ (SR)  Disper. corr.   Coulomb (SR)   Coul. recip.
    5.50228e+04    5.89895e+05   -3.46860e+04   -4.70091e+06    2.79036e+04
 Position Rest.      Potential    Kinetic En.   Total Energy  Conserved En.
    1.49608e+03   -4.02144e+06    7.60042e+05   -3.26139e+06   -4.96768e+06
    Temperature Pres. DC (bar) Pressure (bar)   Constr. rmsd
    3.09748e+02   -1.92584e+02   -1.93170e+01    2.25513e-06

           Step           Time
         180000      180.00000

   Energies (kJ/mol)
           Bond          Angle    Proper Dih. Per. Imp. Dih.          LJ-14
    4.66017e+03    1.26931e+04    1.61583e+04    7.84660e+02    5.70305e+03
     Coulomb-14        LJ (SR)  Disper. corr.   Coulomb (SR)   Coul. recip.
    5.48790e+04    5.93247e+05   -3.46850e+04   -4.70415e+06    2.80997e+04
 Position Rest.      Potential    Kinetic En.   Total Energy  Conserved En.
    1.59603e+03   -4.02101e+06    7.60367e+05   -3.26064e+06   -4.96766e+06
    Temperature Pres. DC (bar) Pressure (bar)   Constr. rmsd
    3.09880e+02   -1.92572e+02    1.93919e+01    2.25513e-06

           Step           Time
         185000      185.00000

   Energies (kJ/mol)
           Bond          Angle    Proper Dih. Per. Imp. Dih.          LJ-14
    4.72789e+03    1.24309e+04    1.61328e+04    7.87688e+02    5.67803e+03
     Coulomb-14        LJ (SR)  Disper. corr.   Coulomb (SR)   Coul. recip.
    5.51146e+04    5.90307e+05   -3.46811e+04   -4.70066e+06    2.76960e+04
 Position Rest.      Potential    Kinetic En.   Total Energy  Conserved En.
    1.41007e+03   -4.02105e+06    7.59436e+05   -3.26162e+06   -4.96765e+06
    Temperature Pres. DC (bar) Pressure (bar)   Constr. rmsd
    3.09501e+02   -1.92529e+02   -3.78316e+01    2.25513e-06

           Step           Time
         190000      190.00000

   Energies (kJ/mol)
           Bond          Angle    Proper Dih. Per. Imp. Dih.          LJ-14
    4.53020e+03    1.24474e+04    1.64279e+04    7.60293e+02    5.62063e+03
     Coulomb-14        LJ (SR)  Disper. corr.   Coulomb (SR)   Coul. recip.
    5.47367e+04    5.86857e+05   -3.46888e+04   -4.69474e+06    2.77460e+04
 Position Rest.      Potential    Kinetic En.   Total Energy  Conserved En.
    1.49966e+03   -4.01880e+06    7.61258e+05   -3.25754e+06   -4.96761e+06
    Temperature Pres. DC (bar) Pressure (bar)   Constr. rmsd
    3.10244e+02   -1.92615e+02   -6.83396e+01    2.25513e-06

           Step           Time
         195000      195.00000

   Energies (kJ/mol)
           Bond          Angle    Proper Dih. Per. Imp. Dih.          LJ-14
    4.71172e+03    1.24006e+04    1.62906e+04    7.70493e+02    5.69299e+03
     Coulomb-14        LJ (SR)  Disper. corr.   Coulomb (SR)   Coul. recip.
    5.49187e+04    5.93433e+05   -3.46953e+04   -4.70251e+06    2.80174e+04
 Position Rest.      Potential    Kinetic En.   Total Energy  Conserved En.
    1.44249e+03   -4.01953e+06    7.58454e+05   -3.26108e+06   -4.96763e+06
    Temperature Pres. DC (bar) Pressure (bar)   Constr. rmsd
    3.09101e+02   -1.92687e+02    3.75435e+01    2.25513e-06

           Step           Time
         200000      200.00000

   Energies (kJ/mol)
           Bond          Angle    Proper Dih. Per. Imp. Dih.          LJ-14
    4.42885e+03    1.25780e+04    1.62368e+04    7.47651e+02    5.59110e+03
     Coulomb-14        LJ (SR)  Disper. corr.   Coulomb (SR)   Coul. recip.
    5.45763e+04    5.88977e+05   -3.46980e+04   -4.70045e+06    2.76718e+04
 Position Rest.      Potential    Kinetic En.   Total Energy  Conserved En.
    1.49607e+03   -4.02284e+06    7.62324e+05   -3.26052e+06   -4.96757e+06
    Temperature Pres. DC (bar) Pressure (bar)   Constr. rmsd
    3.10678e+02   -1.92717e+02   -6.70217e+01    2.25513e-06

           Step           Time
         205000      205.00000

   Energies (kJ/mol)
           Bond          Angle    Proper Dih. Per. Imp. Dih.          LJ-14
    4.67955e+03    1.24238e+04    1.63868e+04    7.26937e+02    5.66115e+03
     Coulomb-14        LJ (SR)  Disper. corr.   Coulomb (SR)   Coul. recip.
    5.46168e+04    5.91494e+05   -3.46976e+04   -4.70400e+06    2.78435e+04
 Position Rest.      Potential    Kinetic En.   Total Energy  Conserved En.
    1.45722e+03   -4.02341e+06    7.63188e+05   -3.26022e+06   -4.96757e+06
    Temperature Pres. DC (bar) Pressure (bar)   Constr. rmsd
    3.11030e+02   -1.92713e+02   -2.31067e+01    2.25513e-06

           Step           Time
         210000      210.00000

   Energies (kJ/mol)
           Bond          Angle    Proper Dih. Per. Imp. Dih.          LJ-14
    4.57360e+03    1.24068e+04    1.62860e+04    8.19616e+02    5.79427e+03
     Coulomb-14        LJ (SR)  Disper. corr.   Coulomb (SR)   Coul. recip.
    5.51641e+04    5.88460e+05   -3.46901e+04   -4.69669e+06    2.80054e+04
 Position Rest.      Potential    Kinetic En.   Total Energy  Conserved En.
    1.48416e+03   -4.01838e+06    7.57638e+05   -3.26074e+06   -4.96754e+06
    Temperature Pres. DC (bar) Pressure (bar)   Constr. rmsd
    3.08768e+02   -1.92630e+02   -1.96629e+01    2.25513e-06

           Step           Time
         215000      215.00000

   Energies (kJ/mol)
           Bond          Angle    Proper Dih. Per. Imp. Dih.          LJ-14
    4.60446e+03    1.26440e+04    1.63381e+04    8.04412e+02    5.80435e+03
     Coulomb-14        LJ (SR)  Disper. corr.   Coulomb (SR)   Coul. recip.
    5.49851e+04    5.90910e+05   -3.46988e+04   -4.70068e+06    2.80964e+04
 Position Rest.      Potential    Kinetic En.   Total Energy  Conserved En.
    1.56022e+03   -4.01964e+06    7.61484e+05   -3.25815e+06   -4.96754e+06
    Temperature Pres. DC (bar) Pressure (bar)   Constr. rmsd
    3.10336e+02   -1.92726e+02    1.79553e+01    2.25513e-06

           Step           Time
         220000      220.00000

   Energies (kJ/mol)
           Bond          Angle    Proper Dih. Per. Imp. Dih.          LJ-14
    4.78105e+03    1.26864e+04    1.62758e+04    7.18535e+02    5.73138e+03
     Coulomb-14        LJ (SR)  Disper. corr.   Coulomb (SR)   Coul. recip.
    5.48874e+04    5.90630e+05   -3.46894e+04   -4.69924e+06    2.80771e+04
 Position Rest.      Potential    Kinetic En.   Total Energy  Conserved En.
    1.44244e+03   -4.01870e+06    7.60783e+05   -3.25792e+06   -4.96750e+06
    Temperature Pres. DC (bar) Pressure (bar)   Constr. rmsd
    3.10050e+02   -1.92622e+02    7.71608e+00    2.25513e-06

           Step           Time
         225000      225.00000

   Energies (kJ/mol)
           Bond          Angle    Proper Dih. Per. Imp. Dih.          LJ-14
    4.84034e+03    1.25819e+04    1.61589e+04    7.60109e+02    5.61152e+03
     Coulomb-14        LJ (SR)  Disper. corr.   Coulomb (SR)   Coul. recip.
    5.46256e+04    5.91979e+05   -3.47078e+04   -4.69890e+06    2.77233e+04
 Position Rest.      Potential    Kinetic En.   Total Energy  Conserved En.
    1.47246e+03   -4.01786e+06    7.60199e+05   -3.25766e+06   -4.96749e+06
    Temperature Pres. DC (bar) Pressure (bar)   Constr. rmsd
    3.09812e+02   -1.92825e+02    3.81453e+00    2.25513e-06

           Step           Time
         230000      230.00000

   Energies (kJ/mol)
           Bond          Angle    Proper Dih. Per. Imp. Dih.          LJ-14
    4.83690e+03    1.25385e+04    1.63880e+04    8.21360e+02    5.62978e+03
     Coulomb-14        LJ (SR)  Disper. corr.   Coulomb (SR)   Coul. recip.
    5.50957e+04    5.90199e+05   -3.47150e+04   -4.69858e+06    2.80429e+04
 Position Rest.      Potential    Kinetic En.   Total Energy  Conserved En.
    1.44939e+03   -4.01829e+06    7.58694e+05   -3.25960e+06   -4.96743e+06
    Temperature Pres. DC (bar) Pressure (bar)   Constr. rmsd
    3.09199e+02   -1.92905e+02   -3.76606e+01    2.25513e-06

           Step           Time
         235000      235.00000

   Energies (kJ/mol)
           Bond          Angle    Proper Dih. Per. Imp. Dih.          LJ-14
    4.69839e+03    1.26766e+04    1.61789e+04    6.91948e+02    5.55937e+03
     Coulomb-14        LJ (SR)  Disper. corr.   Coulomb (SR)   Coul. recip.
    5.49357e+04    5.89661e+05   -3.47144e+04   -4.70130e+06    2.78226e+04
 Position Rest.      Potential    Kinetic En.   Total Energy  Conserved En.
    1.50837e+03   -4.02228e+06    7.60909e+05   -3.26138e+06   -4.96744e+06
    Temperature Pres. DC (bar) Pressure (bar)   Constr. rmsd
    3.10101e+02   -1.92899e+02   -1.76514e+01    2.25513e-06

           Step           Time
         240000      240.00000

   Energies (kJ/mol)
           Bond          Angle    Proper Dih. Per. Imp. Dih.          LJ-14
    4.72681e+03    1.23460e+04    1.62091e+04    7.77121e+02    5.69138e+03
     Coulomb-14        LJ (SR)  Disper. corr.   Coulomb (SR)   Coul. recip.
    5.45795e+04    5.89473e+05   -3.47069e+04   -4.69851e+06    2.78436e+04
 Position Rest.      Potential    Kinetic En.   Total Energy  Conserved En.
    1.53353e+03   -4.02003e+06    7.60820e+05   -3.25921e+06   -4.96743e+06
    Temperature Pres. DC (bar) Pressure (bar)   Constr. rmsd
    3.10065e+02   -1.92815e+02   -3.83145e+01    2.25513e-06

           Step           Time
         245000      245.00000

   Energies (kJ/mol)
           Bond          Angle    Proper Dih. Per. Imp. Dih.          LJ-14
    4.65351e+03    1.26552e+04    1.62091e+04    7.80839e+02    5.57985e+03
     Coulomb-14        LJ (SR)  Disper. corr.   Coulomb (SR)   Coul. recip.
    5.50120e+04    5.88480e+05   -3.46934e+04   -4.69640e+06    2.79940e+04
 Position Rest.      Potential    Kinetic En.   Total Energy  Conserved En.
    1.46196e+03   -4.01826e+06    7.59203e+05   -3.25906e+06   -4.96737e+06
    Temperature Pres. DC (bar) Pressure (bar)   Constr. rmsd
    3.09406e+02   -1.92666e+02   -5.77631e+01    2.25513e-06

           Step           Time
         250000      250.00000

   Energies (kJ/mol)
           Bond          Angle    Proper Dih. Per. Imp. Dih.          LJ-14
    4.62585e+03    1.27078e+04    1.62479e+04    8.15665e+02    5.74089e+03
     Coulomb-14        LJ (SR)  Disper. corr.   Coulomb (SR)   Coul. recip.
    5.46396e+04    5.90842e+05   -3.46866e+04   -4.70013e+06    2.77869e+04
 Position Rest.      Potential    Kinetic En.   Total Energy  Conserved En.
    1.51646e+03   -4.01990e+06    7.59685e+05   -3.26021e+06   -4.96741e+06
    Temperature Pres. DC (bar) Pressure (bar)   Constr. rmsd
    3.09602e+02   -1.92590e+02    2.10708e+01    2.25513e-06

           Step           Time
         255000      255.00000

   Energies (kJ/mol)
           Bond          Angle    Proper Dih. Per. Imp. Dih.          LJ-14
    4.62420e+03    1.25838e+04    1.62118e+04    7.51199e+02    5.80341e+03
     Coulomb-14        LJ (SR)  Disper. corr.   Coulomb (SR)   Coul. recip.
    5.50944e+04    5.89662e+05   -3.46760e+04   -4.70086e+06    2.79520e+04
 Position Rest.      Potential    Kinetic En.   Total Energy  Conserved En.
    1.49892e+03   -4.02135e+06    7.60957e+05   -3.26040e+06   -4.96737e+06
    Temperature Pres. DC (bar) Pressure (bar)   Constr. rmsd
    3.10121e+02   -1.92473e+02   -8.45563e+00    2.25513e-06

           Step           Time
         260000      260.00000

   Energies (kJ/mol)
           Bond          Angle    Proper Dih. Per. Imp. Dih.          LJ-14
    4.72020e+03    1.27108e+04    1.62120e+04    7.38633e+02    5.65434e+03
     Coulomb-14        LJ (SR)  Disper. corr.   Coulomb (SR)   Coul. recip.
    5.48757e+04    5.87180e+05   -3.46723e+04   -4.69677e+06    2.81650e+04
 Position Rest.      Potential    Kinetic En.   Total Energy  Conserved En.
    1.47978e+03   -4.01971e+06    7.62431e+05   -3.25728e+06   -4.96733e+06
    Temperature Pres. DC (bar) Pressure (bar)   Constr. rmsd
    3.10722e+02   -1.92431e+02   -9.92177e+01    2.25513e-06

           Step           Time
         265000      265.00000

   Energies (kJ/mol)
           Bond          Angle    Proper Dih. Per. Imp. Dih.          LJ-14
    4.56548e+03    1.25560e+04    1.62739e+04    7.95688e+02    5.72250e+03
     Coulomb-14        LJ (SR)  Disper. corr.   Coulomb (SR)   Coul. recip.
    5.49494e+04    5.93032e+05   -3.46844e+04   -4.70438e+06    2.79033e+04
 Position Rest.      Potential    Kinetic En.   Total Energy  Conserved En.
    1.45657e+03   -4.02181e+06    7.61582e+05   -3.26022e+06   -4.96735e+06
    Temperature Pres. DC (bar) Pressure (bar)   Constr. rmsd
    3.10375e+02   -1.92566e+02    3.42630e+01    2.25513e-06

           Step           Time
         270000      270.00000

   Energies (kJ/mol)
           Bond          Angle    Proper Dih. Per. Imp. Dih.          LJ-14
    4.67919e+03    1.22297e+04    1.61609e+04    7.45244e+02    5.67526e+03
     Coulomb-14        LJ (SR)  Disper. corr.   Coulomb (SR)   Coul. recip.
    5.50518e+04    5.93666e+05   -3.46909e+04   -4.70209e+06    2.78153e+04
 Position Rest.      Potential    Kinetic En.   Total Energy  Conserved En.
    1.40015e+03   -4.01936e+06    7.59408e+05   -3.25995e+06   -4.96737e+06
    Temperature Pres. DC (bar) Pressure (bar)   Constr. rmsd
    3.09489e+02   -1.92638e+02    7.46368e+01    2.25513e-06

           Step           Time
         275000      275.00000

   Energies (kJ/mol)
           Bond          Angle    Proper Dih. Per. Imp. Dih.          LJ-14
    4.59485e+03    1.24181e+04    1.62123e+04    7.70750e+02    5.62028e+03
     Coulomb-14        LJ (SR)  Disper. corr.   Coulomb (SR)   Coul. recip.
    5.46999e+04    5.89328e+05   -3.46934e+04   -4.70144e+06    2.79072e+04
 Position Rest.      Potential    Kinetic En.   Total Energy  Conserved En.
    1.52681e+03   -4.02305e+06    7.60670e+05   -3.26238e+06   -4.96727e+06
    Temperature Pres. DC (bar) Pressure (bar)   Constr. rmsd
    3.10004e+02   -1.92666e+02   -7.68635e+01    2.25513e-06

           Step           Time
         280000      280.00000

   Energies (kJ/mol)
           Bond          Angle    Proper Dih. Per. Imp. Dih.          LJ-14
    4.61689e+03    1.23518e+04    1.64036e+04    8.04549e+02    5.69113e+03
     Coulomb-14        LJ (SR)  Disper. corr.   Coulomb (SR)   Coul. recip.
    5.47216e+04    5.92826e+05   -3.46951e+04   -4.70056e+06    2.80842e+04
 Position Rest.      Potential    Kinetic En.   Total Energy  Conserved En.
    1.57304e+03   -4.01818e+06    7.61394e+05   -3.25679e+06   -4.96731e+06
    Temperature Pres. DC (bar) Pressure (bar)   Constr. rmsd
    3.10299e+02   -1.92684e+02    4.54291e+01    2.25513e-06

           Step           Time
         285000      285.00000

   Energies (kJ/mol)
           Bond          Angle    Proper Dih. Per. Imp. Dih.          LJ-14
    4.55815e+03    1.24387e+04    1.63060e+04    7.33363e+02    5.71255e+03
     Coulomb-14        LJ (SR)  Disper. corr.   Coulomb (SR)   Coul. recip.
    5.49551e+04    5.87919e+05   -3.46744e+04   -4.69357e+06    2.79477e+04
 Position Rest.      Potential    Kinetic En.   Total Energy  Conserved En.
    1.48954e+03   -4.01619e+06    7.59074e+05   -3.25711e+06   -4.96721e+06
    Temperature Pres. DC (bar) Pressure (bar)   Constr. rmsd
    3.09354e+02   -1.92456e+02   -5.97828e+01    2.25513e-06

           Step           Time
         290000      290.00000

   Energies (kJ/mol)
           Bond          Angle    Proper Dih. Per. Imp. Dih.          LJ-14
    4.87320e+03    1.28128e+04    1.61816e+04    7.49626e+02    5.68303e+03
     Coulomb-14        LJ (SR)  Disper. corr.   Coulomb (SR)   Coul. recip.
    5.48507e+04    5.90451e+05   -3.46922e+04   -4.69902e+06    2.78930e+04
 Position Rest.      Potential    Kinetic En.   Total Energy  Conserved En.
    1.50856e+03   -4.01870e+06    7.61276e+05   -3.25743e+06   -4.96721e+06
    Temperature Pres. DC (bar) Pressure (bar)   Constr. rmsd
    3.10251e+02   -1.92652e+02    2.62178e+00    2.25513e-06

           Step           Time
         295000      295.00000

   Energies (kJ/mol)
           Bond          Angle    Proper Dih. Per. Imp. Dih.          LJ-14
    4.79093e+03    1.24123e+04    1.63048e+04    7.15047e+02    5.76955e+03
     Coulomb-14        LJ (SR)  Disper. corr.   Coulomb (SR)   Coul. recip.
    5.48475e+04    5.90038e+05   -3.46893e+04   -4.69886e+06    2.81107e+04
 Position Rest.      Potential    Kinetic En.   Total Energy  Conserved En.
    1.49821e+03   -4.01906e+06    7.59578e+05   -3.25948e+06   -4.96721e+06
    Temperature Pres. DC (bar) Pressure (bar)   Constr. rmsd
    3.09559e+02   -1.92620e+02    1.07302e+01    2.25513e-06

           Step           Time
         300000      300.00000

   Energies (kJ/mol)
           Bond          Angle    Proper Dih. Per. Imp. Dih.          LJ-14
    4.61994e+03    1.26661e+04    1.62586e+04    7.56186e+02    5.65330e+03
     Coulomb-14        LJ (SR)  Disper. corr.   Coulomb (SR)   Coul. recip.
    5.46123e+04    5.92956e+05   -3.46885e+04   -4.69984e+06    2.79611e+04
 Position Rest.      Potential    Kinetic En.   Total Energy  Conserved En.
    1.60452e+03   -4.01744e+06    7.62924e+05   -3.25452e+06   -4.96722e+06
    Temperature Pres. DC (bar) Pressure (bar)   Constr. rmsd
    3.10922e+02   -1.92611e+02    4.83104e+01    2.25513e-06

           Step           Time
         305000      305.00000

   Energies (kJ/mol)
           Bond          Angle    Proper Dih. Per. Imp. Dih.          LJ-14
    4.49890e+03    1.24979e+04    1.62930e+04    8.16698e+02    5.80653e+03
     Coulomb-14        LJ (SR)  Disper. corr.   Coulomb (SR)   Coul. recip.
    5.51532e+04    5.91965e+05   -3.46801e+04   -4.70124e+06    2.81896e+04
 Position Rest.      Potential    Kinetic En.   Total Energy  Conserved En.
    1.57969e+03   -4.01912e+06    7.58160e+05   -3.26096e+06   -4.96719e+06
    Temperature Pres. DC (bar) Pressure (bar)   Constr. rmsd
    3.08981e+02   -1.92518e+02    4.53244e+01    2.25513e-06

           Step           Time
         310000      310.00000

   Energies (kJ/mol)
           Bond          Angle    Proper Dih. Per. Imp. Dih.          LJ-14
    4.79796e+03    1.23274e+04    1.61692e+04    7.40608e+02    5.70059e+03
     Coulomb-14        LJ (SR)  Disper. corr.   Coulomb (SR)   Coul. recip.
    5.47679e+04    5.91892e+05   -3.46889e+04   -4.70260e+06    2.82991e+04
 Position Rest.      Potential    Kinetic En.   Total Energy  Conserved En.
    1.56192e+03   -4.02103e+06    7.60051e+05   -3.26098e+06   -4.96715e+06
    Temperature Pres. DC (bar) Pressure (bar)   Constr. rmsd
    3.09752e+02   -1.92615e+02    1.18006e+01    2.25513e-06

           Step           Time
         315000      315.00000

   Energies (kJ/mol)
           Bond          Angle    Proper Dih. Per. Imp. Dih.          LJ-14
    4.90453e+03    1.25618e+04    1.64131e+04    7.43026e+02    5.61944e+03
     Coulomb-14        LJ (SR)  Disper. corr.   Coulomb (SR)   Coul. recip.
    5.47307e+04    5.92736e+05   -3.47017e+04   -4.70291e+06    2.77101e+04
 Position Rest.      Potential    Kinetic En.   Total Energy  Conserved En.
    1.50265e+03   -4.02069e+06    7.62958e+05   -3.25773e+06   -4.96712e+06
    Temperature Pres. DC (bar) Pressure (bar)   Constr. rmsd
    3.10936e+02   -1.92758e+02    1.95985e+01    2.25513e-06

           Step           Time
         320000      320.00000

   Energies (kJ/mol)
           Bond          Angle    Proper Dih. Per. Imp. Dih.          LJ-14
    4.55413e+03    1.22530e+04    1.63643e+04    7.61701e+02    5.64834e+03
     Coulomb-14        LJ (SR)  Disper. corr.   Coulomb (SR)   Coul. recip.
    5.51728e+04    5.91560e+05   -3.47002e+04   -4.70702e+06    2.79993e+04
 Position Rest.      Potential    Kinetic En.   Total Energy  Conserved En.
    1.38875e+03   -4.02602e+06    7.58372e+05   -3.26765e+06   -4.96706e+06
    Temperature Pres. DC (bar) Pressure (bar)   Constr. rmsd
    3.09067e+02   -1.92741e+02   -5.31703e+01    2.25513e-06

           Step           Time
         325000      325.00000

   Energies (kJ/mol)
           Bond          Angle    Proper Dih. Per. Imp. Dih.          LJ-14
    4.72311e+03    1.23422e+04    1.63079e+04    7.29920e+02    5.61807e+03
     Coulomb-14        LJ (SR)  Disper. corr.   Coulomb (SR)   Coul. recip.
    5.50492e+04    5.91156e+05   -3.47007e+04   -4.70251e+06    2.80996e+04
 Position Rest.      Potential    Kinetic En.   Total Energy  Conserved En.
    1.56945e+03   -4.02161e+06    7.58597e+05   -3.26302e+06   -4.96706e+06
    Temperature Pres. DC (bar) Pressure (bar)   Constr. rmsd
    3.09159e+02   -1.92747e+02   -3.34301e+01    2.25513e-06

           Step           Time
         330000      330.00000

   Energies (kJ/mol)
           Bond          Angle    Proper Dih. Per. Imp. Dih.          LJ-14
    4.37182e+03    1.25228e+04    1.61017e+04    7.53134e+02    5.63649e+03
     Coulomb-14        LJ (SR)  Disper. corr.   Coulomb (SR)   Coul. recip.
    5.48506e+04    5.92173e+05   -3.47035e+04   -4.70210e+06    2.79359e+04
 Position Rest.      Potential    Kinetic En.   Total Energy  Conserved En.
    1.50291e+03   -4.02096e+06    7.58951e+05   -3.26201e+06   -4.96707e+06
    Temperature Pres. DC (bar) Pressure (bar)   Constr. rmsd
    3.09303e+02   -1.92778e+02    3.49599e+01    2.25513e-06

           Step           Time
         335000      335.00000

   Energies (kJ/mol)
           Bond          Angle    Proper Dih. Per. Imp. Dih.          LJ-14
    4.68467e+03    1.25477e+04    1.61979e+04    7.50733e+02    5.70120e+03
     Coulomb-14        LJ (SR)  Disper. corr.   Coulomb (SR)   Coul. recip.
    5.50634e+04    5.92513e+05   -3.46836e+04   -4.70311e+06    2.81788e+04
 Position Rest.      Potential    Kinetic En.   Total Energy  Conserved En.
    1.51991e+03   -4.02064e+06    7.59236e+05   -3.26140e+06   -4.96702e+06
    Temperature Pres. DC (bar) Pressure (bar)   Constr. rmsd
    3.09419e+02   -1.92557e+02   -3.64235e+00    2.25513e-06

           Step           Time
         340000      340.00000

   Energies (kJ/mol)
           Bond          Angle    Proper Dih. Per. Imp. Dih.          LJ-14
    4.70018e+03    1.28031e+04    1.63614e+04    7.72557e+02    5.65909e+03
     Coulomb-14        LJ (SR)  Disper. corr.   Coulomb (SR)   Coul. recip.
    5.48728e+04    5.86990e+05   -3.46814e+04   -4.69357e+06    2.79567e+04
 Position Rest.      Potential    Kinetic En.   Total Energy  Conserved En.
    1.49609e+03   -4.01664e+06    7.61655e+05   -3.25498e+06   -4.96700e+06
    Temperature Pres. DC (bar) Pressure (bar)   Constr. rmsd
    3.10405e+02   -1.92533e+02   -6.33747e+01    2.25513e-06

           Step           Time
         345000      345.00000

   Energies (kJ/mol)
           Bond          Angle    Proper Dih. Per. Imp. Dih.          LJ-14
    4.94018e+03    1.25218e+04    1.63452e+04    8.05337e+02    5.65469e+03
     Coulomb-14        LJ (SR)  Disper. corr.   Coulomb (SR)   Coul. recip.
    5.46801e+04    5.89907e+05   -3.46842e+04   -4.69586e+06    2.78393e+04
 Position Rest.      Potential    Kinetic En.   Total Energy  Conserved En.
    1.50215e+03   -4.01635e+06    7.61892e+05   -3.25446e+06   -4.96699e+06
    Temperature Pres. DC (bar) Pressure (bar)   Constr. rmsd
    3.10502e+02   -1.92564e+02    3.81401e-01    2.25513e-06

           Step           Time
         350000      350.00000

   Energies (kJ/mol)
           Bond          Angle    Proper Dih. Per. Imp. Dih.          LJ-14
    4.53471e+03    1.25452e+04    1.62959e+04    6.95927e+02    5.64828e+03
     Coulomb-14        LJ (SR)  Disper. corr.   Coulomb (SR)   Coul. recip.
    5.48740e+04    5.91731e+05   -3.46946e+04   -4.70293e+06    2.79648e+04
 Position Rest.      Potential    Kinetic En.   Total Energy  Conserved En.
    1.45318e+03   -4.02188e+06    7.58903e+05   -3.26298e+06   -4.96696e+06
    Temperature Pres. DC (bar) Pressure (bar)   Constr. rmsd
    3.09284e+02   -1.92679e+02   -1.14640e+00    2.25513e-06

           Step           Time
         355000      355.00000

   Energies (kJ/mol)
           Bond          Angle    Proper Dih. Per. Imp. Dih.          LJ-14
    4.72480e+03    1.29147e+04    1.62063e+04    7.96228e+02    5.62874e+03
     Coulomb-14        LJ (SR)  Disper. corr.   Coulomb (SR)   Coul. recip.
    5.49269e+04    5.91187e+05   -3.46978e+04   -4.70236e+06    2.79636e+04
 Position Rest.      Potential    Kinetic En.   Total Energy  Conserved En.
    1.47951e+03   -4.02123e+06    7.63693e+05   -3.25753e+06   -4.96691e+06
    Temperature Pres. DC (bar) Pressure (bar)   Constr. rmsd
    3.11236e+02   -1.92714e+02   -1.90419e+01    2.25513e-06

           Step           Time
         360000      360.00000

   Energies (kJ/mol)
           Bond          Angle    Proper Dih. Per. Imp. Dih.          LJ-14
    4.74141e+03    1.29575e+04    1.62722e+04    7.92884e+02    5.70777e+03
     Coulomb-14        LJ (SR)  Disper. corr.   Coulomb (SR)   Coul. recip.
    5.48220e+04    5.88233e+05   -3.46966e+04   -4.69645e+06    2.73840e+04
 Position Rest.      Potential    Kinetic En.   Total Energy  Conserved En.
    1.44310e+03   -4.01879e+06    7.61641e+05   -3.25715e+06   -4.96688e+06
    Temperature Pres. DC (bar) Pressure (bar)   Constr. rmsd
    3.10400e+02   -1.92701e+02   -3.18219e+01    2.25513e-06

           Step           Time
         365000      365.00000

   Energies (kJ/mol)
           Bond          Angle    Proper Dih. Per. Imp. Dih.          LJ-14
    4.89031e+03    1.27344e+04    1.64184e+04    7.67714e+02    5.70662e+03
     Coulomb-14        LJ (SR)  Disper. corr.   Coulomb (SR)   Coul. recip.
    5.47376e+04    5.90478e+05   -3.47009e+04   -4.70095e+06    2.78645e+04
 Position Rest.      Potential    Kinetic En.   Total Energy  Conserved En.
    1.47322e+03   -4.02058e+06    7.62404e+05   -3.25818e+06   -4.96688e+06
    Temperature Pres. DC (bar) Pressure (bar)   Constr. rmsd
    3.10710e+02   -1.92749e+02   -1.34097e+01    2.25513e-06

           Step           Time
         370000      370.00000

   Energies (kJ/mol)
           Bond          Angle    Proper Dih. Per. Imp. Dih.          LJ-14
    4.86349e+03    1.23463e+04    1.62245e+04    7.86218e+02    5.71147e+03
     Coulomb-14        LJ (SR)  Disper. corr.   Coulomb (SR)   Coul. recip.
    5.47354e+04    5.95431e+05   -3.46862e+04   -4.70633e+06    2.79504e+04
 Position Rest.      Potential    Kinetic En.   Total Energy  Conserved En.
    1.44247e+03   -4.02152e+06    7.63097e+05   -3.25843e+06   -4.96691e+06
    Temperature Pres. DC (bar) Pressure (bar)   Constr. rmsd
    3.10993e+02   -1.92586e+02    1.08159e+02    2.25513e-06

Writing checkpoint, step 373200 at Thu Jan 16 22:27:37 2025


           Step           Time
         375000      375.00000

   Energies (kJ/mol)
           Bond          Angle    Proper Dih. Per. Imp. Dih.          LJ-14
    4.70948e+03    1.27526e+04    1.62236e+04    7.94854e+02    5.73292e+03
     Coulomb-14        LJ (SR)  Disper. corr.   Coulomb (SR)   Coul. recip.
    5.45184e+04    5.88481e+05   -3.46920e+04   -4.69522e+06    2.80879e+04
 Position Rest.      Potential    Kinetic En.   Total Energy  Conserved En.
    1.58578e+03   -4.01703e+06    7.62293e+05   -3.25473e+06   -4.96682e+06
    Temperature Pres. DC (bar) Pressure (bar)   Constr. rmsd
    3.10665e+02   -1.92650e+02   -3.14334e+01    2.25513e-06

           Step           Time
         380000      380.00000

   Energies (kJ/mol)
           Bond          Angle    Proper Dih. Per. Imp. Dih.          LJ-14
    4.91471e+03    1.28906e+04    1.62386e+04    7.67534e+02    5.71773e+03
     Coulomb-14        LJ (SR)  Disper. corr.   Coulomb (SR)   Coul. recip.
    5.45531e+04    5.91268e+05   -3.46938e+04   -4.69964e+06    2.78419e+04
 Position Rest.      Potential    Kinetic En.   Total Energy  Conserved En.
    1.47419e+03   -4.01866e+06    7.60875e+05   -3.25779e+06   -4.96682e+06
    Temperature Pres. DC (bar) Pressure (bar)   Constr. rmsd
    3.10087e+02   -1.92670e+02    2.87525e+01    2.25513e-06

           Step           Time
         385000      385.00000

   Energies (kJ/mol)
           Bond          Angle    Proper Dih. Per. Imp. Dih.          LJ-14
    4.93674e+03    1.25695e+04    1.63377e+04    7.37285e+02    5.68537e+03
     Coulomb-14        LJ (SR)  Disper. corr.   Coulomb (SR)   Coul. recip.
    5.45639e+04    5.91908e+05   -3.47008e+04   -4.70067e+06    2.78214e+04
 Position Rest.      Potential    Kinetic En.   Total Energy  Conserved En.
    1.48116e+03   -4.01933e+06    7.60981e+05   -3.25835e+06   -4.96681e+06
    Temperature Pres. DC (bar) Pressure (bar)   Constr. rmsd
    3.10131e+02   -1.92748e+02    6.28550e+00    2.25513e-06

           Step           Time
         390000      390.00000

   Energies (kJ/mol)
           Bond          Angle    Proper Dih. Per. Imp. Dih.          LJ-14
    4.50956e+03    1.24301e+04    1.65000e+04    7.04047e+02    5.67166e+03
     Coulomb-14        LJ (SR)  Disper. corr.   Coulomb (SR)   Coul. recip.
    5.50019e+04    5.90939e+05   -3.47042e+04   -4.70152e+06    2.79361e+04
 Position Rest.      Potential    Kinetic En.   Total Energy  Conserved En.
    1.41762e+03   -4.02111e+06    7.57825e+05   -3.26329e+06   -4.96679e+06
    Temperature Pres. DC (bar) Pressure (bar)   Constr. rmsd
    3.08844e+02   -1.92786e+02   -4.15260e-01    2.25513e-06

           Step           Time
         395000      395.00000

   Energies (kJ/mol)
           Bond          Angle    Proper Dih. Per. Imp. Dih.          LJ-14
    4.39493e+03    1.25457e+04    1.61826e+04    7.24955e+02    5.65345e+03
     Coulomb-14        LJ (SR)  Disper. corr.   Coulomb (SR)   Coul. recip.
    5.49369e+04    5.87192e+05   -3.47026e+04   -4.69559e+06    2.76817e+04
 Position Rest.      Potential    Kinetic En.   Total Energy  Conserved En.
    1.42303e+03   -4.01955e+06    7.56238e+05   -3.26332e+06   -4.96675e+06
    Temperature Pres. DC (bar) Pressure (bar)   Constr. rmsd
    3.08198e+02   -1.92768e+02   -9.41675e+01    2.25513e-06

           Step           Time
         400000      400.00000

   Energies (kJ/mol)
           Bond          Angle    Proper Dih. Per. Imp. Dih.          LJ-14
    4.43724e+03    1.24980e+04    1.64380e+04    8.48499e+02    5.65376e+03
     Coulomb-14        LJ (SR)  Disper. corr.   Coulomb (SR)   Coul. recip.
    5.48638e+04    5.91929e+05   -3.47001e+04   -4.70199e+06    2.80120e+04
 Position Rest.      Potential    Kinetic En.   Total Energy  Conserved En.
    1.52793e+03   -4.02049e+06    7.59444e+05   -3.26104e+06   -4.96676e+06
    Temperature Pres. DC (bar) Pressure (bar)   Constr. rmsd
    3.09504e+02   -1.92740e+02    2.19432e+01    2.25513e-06

           Step           Time
         405000      405.00000

   Energies (kJ/mol)
           Bond          Angle    Proper Dih. Per. Imp. Dih.          LJ-14
    4.49778e+03    1.26167e+04    1.62653e+04    8.37320e+02    5.75402e+03
     Coulomb-14        LJ (SR)  Disper. corr.   Coulomb (SR)   Coul. recip.
    5.47122e+04    5.89482e+05   -3.46964e+04   -4.69761e+06    2.79433e+04
 Position Rest.      Potential    Kinetic En.   Total Energy  Conserved En.
    1.56256e+03   -4.01863e+06    7.63155e+05   -3.25548e+06   -4.96672e+06
    Temperature Pres. DC (bar) Pressure (bar)   Constr. rmsd
    3.11017e+02   -1.92699e+02   -2.95946e+01    2.25513e-06

           Step           Time
         410000      410.00000

   Energies (kJ/mol)
           Bond          Angle    Proper Dih. Per. Imp. Dih.          LJ-14
    4.51269e+03    1.27338e+04    1.62348e+04    8.28386e+02    5.64353e+03
     Coulomb-14        LJ (SR)  Disper. corr.   Coulomb (SR)   Coul. recip.
    5.46354e+04    5.88346e+05   -3.46924e+04   -4.69559e+06    2.79281e+04
 Position Rest.      Potential    Kinetic En.   Total Energy  Conserved En.
    1.48106e+03   -4.01794e+06    7.61442e+05   -3.25650e+06   -4.96673e+06
    Temperature Pres. DC (bar) Pressure (bar)   Constr. rmsd
    3.10319e+02   -1.92655e+02    2.14903e+00    2.25513e-06

           Step           Time
         415000      415.00000

   Energies (kJ/mol)
           Bond          Angle    Proper Dih. Per. Imp. Dih.          LJ-14
    4.45318e+03    1.26383e+04    1.64227e+04    7.71767e+02    5.71847e+03
     Coulomb-14        LJ (SR)  Disper. corr.   Coulomb (SR)   Coul. recip.
    5.49647e+04    5.90109e+05   -3.46767e+04   -4.69790e+06    2.79030e+04
 Position Rest.      Potential    Kinetic En.   Total Energy  Conserved En.
    1.56359e+03   -4.01804e+06    7.59695e+05   -3.25834e+06   -4.96671e+06
    Temperature Pres. DC (bar) Pressure (bar)   Constr. rmsd
    3.09606e+02   -1.92481e+02   -1.50287e+00    2.25513e-06

           Step           Time
         420000      420.00000

   Energies (kJ/mol)
           Bond          Angle    Proper Dih. Per. Imp. Dih.          LJ-14
    4.55981e+03    1.23133e+04    1.62334e+04    8.37493e+02    5.76883e+03
     Coulomb-14        LJ (SR)  Disper. corr.   Coulomb (SR)   Coul. recip.
    5.48923e+04    5.92727e+05   -3.46864e+04   -4.70136e+06    2.79184e+04
 Position Rest.      Potential    Kinetic En.   Total Energy  Conserved En.
    1.42179e+03   -4.01938e+06    7.59666e+05   -3.25971e+06   -4.96670e+06
    Temperature Pres. DC (bar) Pressure (bar)   Constr. rmsd
    3.09595e+02   -1.92589e+02    4.70964e+01    2.25513e-06

           Step           Time
         425000      425.00000

   Energies (kJ/mol)
           Bond          Angle    Proper Dih. Per. Imp. Dih.          LJ-14
    4.81102e+03    1.28191e+04    1.61881e+04    7.30671e+02    5.64077e+03
     Coulomb-14        LJ (SR)  Disper. corr.   Coulomb (SR)   Coul. recip.
    5.46738e+04    5.88815e+05   -3.46844e+04   -4.69448e+06    2.79685e+04
 Position Rest.      Potential    Kinetic En.   Total Energy  Conserved En.
    1.50327e+03   -4.01601e+06    7.61809e+05   -3.25420e+06   -4.96664e+06
    Temperature Pres. DC (bar) Pressure (bar)   Constr. rmsd
    3.10468e+02   -1.92566e+02   -7.60181e+00    2.25513e-06

           Step           Time
         430000      430.00000

   Energies (kJ/mol)
           Bond          Angle    Proper Dih. Per. Imp. Dih.          LJ-14
    4.78964e+03    1.27081e+04    1.61854e+04    7.61212e+02    5.59784e+03
     Coulomb-14        LJ (SR)  Disper. corr.   Coulomb (SR)   Coul. recip.
    5.46355e+04    5.90142e+05   -3.46846e+04   -4.69693e+06    2.79245e+04
 Position Rest.      Potential    Kinetic En.   Total Energy  Conserved En.
    1.45516e+03   -4.01741e+06    7.59956e+05   -3.25746e+06   -4.96664e+06
    Temperature Pres. DC (bar) Pressure (bar)   Constr. rmsd
    3.09713e+02   -1.92568e+02   -4.34058e+00    2.25513e-06

           Step           Time
         435000      435.00000

   Energies (kJ/mol)
           Bond          Angle    Proper Dih. Per. Imp. Dih.          LJ-14
    4.67631e+03    1.28908e+04    1.62856e+04    8.05140e+02    5.73374e+03
     Coulomb-14        LJ (SR)  Disper. corr.   Coulomb (SR)   Coul. recip.
    5.47263e+04    5.89725e+05   -3.46863e+04   -4.69441e+06    2.82381e+04
 Position Rest.      Potential    Kinetic En.   Total Energy  Conserved En.
    1.53196e+03   -4.01449e+06    7.61696e+05   -3.25279e+06   -4.96664e+06
    Temperature Pres. DC (bar) Pressure (bar)   Constr. rmsd
    3.10422e+02   -1.92588e+02    1.13113e+01    2.25513e-06

           Step           Time
         440000      440.00000

   Energies (kJ/mol)
           Bond          Angle    Proper Dih. Per. Imp. Dih.          LJ-14
    4.76239e+03    1.24877e+04    1.62840e+04    6.99144e+02    5.74344e+03
     Coulomb-14        LJ (SR)  Disper. corr.   Coulomb (SR)   Coul. recip.
    5.49238e+04    5.89515e+05   -3.46923e+04   -4.69328e+06    2.80958e+04
 Position Rest.      Potential    Kinetic En.   Total Energy  Conserved En.
    1.50814e+03   -4.01395e+06    7.62575e+05   -3.25138e+06   -4.96661e+06
    Temperature Pres. DC (bar) Pressure (bar)   Constr. rmsd
    3.10780e+02   -1.92653e+02    1.78378e+01    2.25513e-06

           Step           Time
         445000      445.00000

   Energies (kJ/mol)
           Bond          Angle    Proper Dih. Per. Imp. Dih.          LJ-14
    4.73713e+03    1.28043e+04    1.62778e+04    7.47522e+02    5.56669e+03
     Coulomb-14        LJ (SR)  Disper. corr.   Coulomb (SR)   Coul. recip.
    5.47875e+04    5.87537e+05   -3.46844e+04   -4.69380e+06    2.82037e+04
 Position Rest.      Potential    Kinetic En.   Total Energy  Conserved En.
    1.44776e+03   -4.01638e+06    7.60735e+05   -3.25564e+06   -4.96655e+06
    Temperature Pres. DC (bar) Pressure (bar)   Constr. rmsd
    3.10030e+02   -1.92566e+02   -7.10013e+01    2.25513e-06

           Step           Time
         450000      450.00000

   Energies (kJ/mol)
           Bond          Angle    Proper Dih. Per. Imp. Dih.          LJ-14
    4.61462e+03    1.25612e+04    1.62211e+04    7.24281e+02    5.65310e+03
     Coulomb-14        LJ (SR)  Disper. corr.   Coulomb (SR)   Coul. recip.
    5.49061e+04    5.93654e+05   -3.46872e+04   -4.70231e+06    2.80086e+04
 Position Rest.      Potential    Kinetic En.   Total Energy  Conserved En.
    1.50538e+03   -4.01915e+06    7.61405e+05   -3.25774e+06   -4.96660e+06
    Temperature Pres. DC (bar) Pressure (bar)   Constr. rmsd
    3.10303e+02   -1.92598e+02    8.94419e+01    2.25513e-06

           Step           Time
         455000      455.00000

   Energies (kJ/mol)
           Bond          Angle    Proper Dih. Per. Imp. Dih.          LJ-14
    4.61914e+03    1.26659e+04    1.62577e+04    7.29938e+02    5.71337e+03
     Coulomb-14        LJ (SR)  Disper. corr.   Coulomb (SR)   Coul. recip.
    5.47504e+04    5.94403e+05   -3.46766e+04   -4.70117e+06    2.82985e+04
 Position Rest.      Potential    Kinetic En.   Total Energy  Conserved En.
    1.47809e+03   -4.01693e+06    7.59222e+05   -3.25771e+06   -4.96656e+06
    Temperature Pres. DC (bar) Pressure (bar)   Constr. rmsd
    3.09414e+02   -1.92480e+02    5.31889e+01    2.25513e-06

           Step           Time
         460000      460.00000

   Energies (kJ/mol)
           Bond          Angle    Proper Dih. Per. Imp. Dih.          LJ-14
    4.75447e+03    1.25672e+04    1.63084e+04    8.33309e+02    5.68029e+03
     Coulomb-14        LJ (SR)  Disper. corr.   Coulomb (SR)   Coul. recip.
    5.45789e+04    5.91501e+05   -3.46797e+04   -4.69757e+06    2.80225e+04
 Position Rest.      Potential    Kinetic En.   Total Energy  Conserved En.
    1.46880e+03   -4.01653e+06    7.63559e+05   -3.25298e+06   -4.96654e+06
    Temperature Pres. DC (bar) Pressure (bar)   Constr. rmsd
    3.11181e+02   -1.92514e+02    2.66528e+01    2.25513e-06

           Step           Time
         465000      465.00000

   Energies (kJ/mol)
           Bond          Angle    Proper Dih. Per. Imp. Dih.          LJ-14
    4.83777e+03    1.23930e+04    1.62690e+04    7.57465e+02    5.64499e+03
     Coulomb-14        LJ (SR)  Disper. corr.   Coulomb (SR)   Coul. recip.
    5.49310e+04    5.86496e+05   -3.46883e+04   -4.69295e+06    2.79032e+04
 Position Rest.      Potential    Kinetic En.   Total Energy  Conserved En.
    1.45346e+03   -4.01696e+06    7.60793e+05   -3.25616e+06   -4.96644e+06
    Temperature Pres. DC (bar) Pressure (bar)   Constr. rmsd
    3.10054e+02   -1.92609e+02   -7.39284e+01    2.25513e-06

           Step           Time
         470000      470.00000

   Energies (kJ/mol)
           Bond          Angle    Proper Dih. Per. Imp. Dih.          LJ-14
    4.78444e+03    1.28664e+04    1.63555e+04    8.24353e+02    5.70295e+03
     Coulomb-14        LJ (SR)  Disper. corr.   Coulomb (SR)   Coul. recip.
    5.46779e+04    5.90772e+05   -3.46876e+04   -4.69900e+06    2.78941e+04
 Position Rest.      Potential    Kinetic En.   Total Energy  Conserved En.
    1.57215e+03   -4.01824e+06    7.62724e+05   -3.25552e+06   -4.96646e+06
    Temperature Pres. DC (bar) Pressure (bar)   Constr. rmsd
    3.10841e+02   -1.92602e+02   -1.44529e+01    2.25513e-06

           Step           Time
         475000      475.00000

   Energies (kJ/mol)
           Bond          Angle    Proper Dih. Per. Imp. Dih.          LJ-14
    4.53876e+03    1.24523e+04    1.62513e+04    8.17283e+02    5.70566e+03
     Coulomb-14        LJ (SR)  Disper. corr.   Coulomb (SR)   Coul. recip.
    5.49783e+04    5.90377e+05   -3.46997e+04   -4.69960e+06    2.77190e+04
 Position Rest.      Potential    Kinetic En.   Total Energy  Conserved En.
    1.52122e+03   -4.01994e+06    7.59949e+05   -3.25999e+06   -4.96643e+06
    Temperature Pres. DC (bar) Pressure (bar)   Constr. rmsd
    3.09710e+02   -1.92736e+02    3.40342e+00    2.25513e-06

           Step           Time
         480000      480.00000

   Energies (kJ/mol)
           Bond          Angle    Proper Dih. Per. Imp. Dih.          LJ-14
    4.58166e+03    1.28009e+04    1.61577e+04    7.62633e+02    5.76986e+03
     Coulomb-14        LJ (SR)  Disper. corr.   Coulomb (SR)   Coul. recip.
    5.47762e+04    5.88458e+05   -3.46990e+04   -4.69391e+06    2.77326e+04
 Position Rest.      Potential    Kinetic En.   Total Energy  Conserved En.
    1.45384e+03   -4.01612e+06    7.60271e+05   -3.25585e+06   -4.96642e+06
    Temperature Pres. DC (bar) Pressure (bar)   Constr. rmsd
    3.09841e+02   -1.92728e+02   -1.23392e+00    2.25513e-06

           Step           Time
         485000      485.00000

   Energies (kJ/mol)
           Bond          Angle    Proper Dih. Per. Imp. Dih.          LJ-14
    4.67457e+03    1.27048e+04    1.62962e+04    8.02732e+02    5.74618e+03
     Coulomb-14        LJ (SR)  Disper. corr.   Coulomb (SR)   Coul. recip.
    5.49848e+04    5.90430e+05   -3.46932e+04   -4.69857e+06    2.81685e+04
 Position Rest.      Potential    Kinetic En.   Total Energy  Conserved En.
    1.52496e+03   -4.01793e+06    7.62715e+05   -3.25521e+06   -4.96643e+06
    Temperature Pres. DC (bar) Pressure (bar)   Constr. rmsd
    3.10837e+02   -1.92663e+02    2.03770e+01    2.25513e-06

           Step           Time
         490000      490.00000

   Energies (kJ/mol)
           Bond          Angle    Proper Dih. Per. Imp. Dih.          LJ-14
    4.46225e+03    1.24340e+04    1.63278e+04    7.87921e+02    5.71625e+03
     Coulomb-14        LJ (SR)  Disper. corr.   Coulomb (SR)   Coul. recip.
    5.49780e+04    5.89640e+05   -3.46828e+04   -4.69581e+06    2.80079e+04
 Position Rest.      Potential    Kinetic En.   Total Energy  Conserved En.
    1.46215e+03   -4.01667e+06    7.58907e+05   -3.25777e+06   -4.96636e+06
    Temperature Pres. DC (bar) Pressure (bar)   Constr. rmsd
    3.09285e+02   -1.92549e+02   -1.79361e+01    2.25513e-06

           Step           Time
         495000      495.00000

   Energies (kJ/mol)
           Bond          Angle    Proper Dih. Per. Imp. Dih.          LJ-14
    4.60609e+03    1.25809e+04    1.62365e+04    8.28720e+02    5.79272e+03
     Coulomb-14        LJ (SR)  Disper. corr.   Coulomb (SR)   Coul. recip.
    5.51653e+04    5.90596e+05   -3.46894e+04   -4.69810e+06    2.81566e+04
 Position Rest.      Potential    Kinetic En.   Total Energy  Conserved En.
    1.48741e+03   -4.01734e+06    7.63223e+05   -3.25411e+06   -4.96639e+06
    Temperature Pres. DC (bar) Pressure (bar)   Constr. rmsd
    3.11044e+02   -1.92622e+02    2.69423e+01    2.25513e-06

           Step           Time
         500000      500.00000

Writing checkpoint, step 500000 at Thu Jan 16 22:33:18 2025


   Energies (kJ/mol)
           Bond          Angle    Proper Dih. Per. Imp. Dih.          LJ-14
    4.73432e+03    1.21127e+04    1.62840e+04    7.06350e+02    5.77206e+03
     Coulomb-14        LJ (SR)  Disper. corr.   Coulomb (SR)   Coul. recip.
    5.49174e+04    5.86488e+05   -3.46896e+04   -4.69453e+06    2.80134e+04
 Position Rest.      Potential    Kinetic En.   Total Energy  Conserved En.
    1.48399e+03   -4.01871e+06    7.58597e+05   -3.26012e+06   -4.96631e+06
    Temperature Pres. DC (bar) Pressure (bar)   Constr. rmsd
    3.09159e+02   -1.92624e+02   -6.19417e+01    2.25513e-06


Energy conservation over simulation part #1 of length 500 ps, time 0 to 500 ps
  Conserved energy drift: -3.41e-08 kJ/mol/ps per atom


	<======  ###############  ==>
	<====  A V E R A G E S  ====>
	<==  ###############  ======>

	Statistics over 500001 steps using 5001 frames

   Energies (kJ/mol)
           Bond          Angle    Proper Dih. Per. Imp. Dih.          LJ-14
    4.67559e+03    1.25237e+04    1.62720e+04    7.66867e+02    5.68895e+03
     Coulomb-14        LJ (SR)  Disper. corr.   Coulomb (SR)   Coul. recip.
    5.48855e+04    5.91329e+05   -3.46963e+04   -4.70136e+06    2.79555e+04
 Position Rest.      Potential    Kinetic En.   Total Energy  Conserved En.
    1.48422e+03   -4.02047e+06    7.60236e+05   -3.26024e+06   -4.96736e+06
    Temperature Pres. DC (bar) Pressure (bar)   Constr. rmsd
    3.09827e+02   -1.92698e+02    1.12901e-01    0.00000e+00

          Box-X          Box-Y          Box-Z
    1.61771e+01    1.61771e+01    1.14389e+01

   Total Virial (kJ/mol)
    2.53422e+05    8.16563e+02   -4.67192e+02
    8.16567e+02    2.53388e+05   -1.88426e+02
   -4.67177e+02   -1.88413e+02    2.53397e+05

   Pressure (bar)
   -4.86638e-01   -9.37244e+00    5.02839e+00
   -9.37248e+00    6.53958e-01    2.32509e+00
    5.02822e+00    2.32495e+00    1.71383e-01

  T-Protein_PYCT-Water_and_ions
    3.09860e+02    3.09826e+02


	M E G A - F L O P S   A C C O U N T I N G

 NB=Group-cutoff nonbonded kernels    NxN=N-by-N cluster Verlet kernels
 RF=Reaction-Field  VdW=Van der Waals  QSTab=quadratic-spline table
 W3=SPC/TIP3p  W4=TIP4p (single or pairs)
 V&F=Potential and force  V=Potential only  F=Force only

 Computing:                               M-Number         M-Flops  % Flops
-----------------------------------------------------------------------------
 Pair Search distance check          131999.168048     1187992.512     0.0
 NxN QSTab Elec. + LJ [F]         126166398.234624  5172822327.620    98.5
 NxN QSTab Elec. + LJ [V&F]         1274662.858240    75205108.636     1.4
 1,4 nonbonded interactions            7804.015608      702361.405     0.0
 Shift-X                               1467.138369        8802.830     0.0
 Bonds                                 1525.003050       89975.180     0.0
 Angles                                5430.510861      912325.825     0.0
 Propers                               8400.516801     1923718.347     0.0
 Impropers                              597.001194      124176.248     0.0
 Pos. Restr.                           1481.002962       74050.148     0.0
 Virial                                1467.363414       26412.541     0.0
 P-Coupling                            1467.138369        8802.830     0.0
 Calc-Ekin                            14669.036738      396063.992     0.0
 Lincs                                    0.005898           0.354     0.0
 Lincs-Mat                                0.031584           0.126     0.0
 Constraint-V                             0.292821           2.635     0.0
 Settle                                   0.191282          70.774     0.0
-----------------------------------------------------------------------------
 Total                                              5253482192.005   100.0
-----------------------------------------------------------------------------


      R E A L   C Y C L E   A N D   T I M E   A C C O U N T I N G

On 1 MPI rank, each using 32 OpenMP threads

 Activity:              Num   Num      Call    Wall time         Giga-Cycles
                        Ranks Threads  Count      (s)         total sum    %
--------------------------------------------------------------------------------
 Neighbor search           1   32       5001      78.669       5274.033   6.3
 Launch PP GPU ops.        1   32     995001      28.178       1889.116   2.3
 Force                     1   32     500001     176.505      11833.070  14.2
 PME GPU mesh              1   32     500001      26.668       1787.862   2.1
 Wait GPU NB local         1   32     500001      15.464       1036.705   1.2
 Wait GPU state copy       1   32     560001     893.151      59877.767  71.9
 NB X/F buffer ops.        1   32       5001       2.632        176.470   0.2
 Write traj.               1   32        102       3.576        239.745   0.3
 Constraints               1   32          2       0.001          0.068   0.0
 Rest                                             17.096       1146.113   1.4
--------------------------------------------------------------------------------
 Total                                          1241.940      83260.948 100.0
--------------------------------------------------------------------------------
 Breakdown of PME mesh activities
--------------------------------------------------------------------------------
 Wait PME GPU gather       1   32     500001       4.645        311.420   0.4
 Reduce GPU PME F          1   32     500001       0.602         40.331   0.0
 Launch PME GPU ops.       1   32    4500009      20.447       1370.811   1.6
--------------------------------------------------------------------------------

               Core t (s)   Wall t (s)        (%)
       Time:    39741.065     1241.940     3199.9
                 (ns/day)    (hour/ns)
Performance:       34.784        0.690
Finished mdrun on rank 0 Thu Jan 16 22:33:19 2025

