
======== PDB2PQR/PROPKA STDOUT ========

======== PDB2PQR/PROPKA STDERR ========
INFO:PDB2PQR v3.6.1: biomolecular structure conversion software.
INFO:Please cite:  Jurrus E, et al.  Improvements to the APBS biomolecular solvation software suite.  Protein Sci 27 112-128 (2018).
INFO:Please cite:  Dolinsky TJ, et al.  PDB2PQR: expanding and upgrading automated preparation of biomolecular structures for molecular simulations. Nucleic Acids Res 35 W522-W525 (2007).
INFO:Checking and transforming input arguments.
INFO:Loading topology files.
INFO:Loading molecule: /home/daneel/gitrepos/gromacs_sims/htvs/1afk_pap/1afk_expt.pdb
INFO:Setting up molecule.
INFO:Created biomolecule object with 124 residues and 951 atoms.
INFO:Setting termini states for biomolecule chains.
INFO:Arguments specified cleaning only; skipping remaining steps.

======== Prepare_Receptor4 STDOUT ========
adding gasteiger charges to peptide

======== Prepare_Receptor4 STDERR ========

======== Prepare_Ligand4 STDOUT ========

======== Prepare_Ligand4 STDERR ========

======== AutoGrid4 STDOUT ========

======== AutoGrid4 STDERR ========

======== AutoLigand Site Search (Automatic) STDOUT ========
total grid points =  86903
done loading affinity maps, now track through all points and find (ten) best start points
10 Unique Results:  (note, some starting points converge to same answer, so may be less than 10)
Output # 1  Total Volume =  257.0  Total Energy per Vol, EPV =  -0.16949752918287941  (Kcal/mol A**3)
Output # 2  Total Volume =  269.0  Total Energy per Vol, EPV =  -0.1579826765799257  (Kcal/mol A**3)
Output # 3  Total Volume =  285.0  Total Energy per Vol, EPV =  -0.1572299298245613  (Kcal/mol A**3)
Output # 4  Total Volume =  268.0  Total Energy per Vol, EPV =  -0.15687460820895519  (Kcal/mol A**3)
Output # 5  Total Volume =  276.0  Total Energy per Vol, EPV =  -0.15684418478260861  (Kcal/mol A**3)
Output # 6  Total Volume =  270.0  Total Energy per Vol, EPV =  -0.15561466666666662  (Kcal/mol A**3)
Output # 7  Total Volume =  292.0  Total Energy per Vol, EPV =  -0.14951710616438352  (Kcal/mol A**3)
Output # 8  Total Volume =  300.0  Total Energy per Vol, EPV =  -0.14573726666666664  (Kcal/mol A**3)
Output # 9  Total Volume =  246.0  Total Energy per Vol, EPV =  -0.14262380081300818  (Kcal/mol A**3)

======== AutoLigand Site Search (Automatic) STDERR ========

======== AutoDock Vina (Site 1) STDOUT ========

======== AutoDock Vina (Site 1) STDERR ========

======== AutoDock Vina (Site 2) STDOUT ========

======== AutoDock Vina (Site 2) STDERR ========

======== AutoDock Vina (Site 3) STDOUT ========

======== AutoDock Vina (Site 3) STDERR ========

======== AutoDock Vina (Site 4) STDOUT ========

======== AutoDock Vina (Site 4) STDERR ========

======== AutoDock Vina (Site 5) STDOUT ========

======== AutoDock Vina (Site 5) STDERR ========

======== AutoDock Vina (Site 6) STDOUT ========

======== AutoDock Vina (Site 6) STDERR ========

======== AutoDock Vina (Site 7) STDOUT ========

======== AutoDock Vina (Site 7) STDERR ========

======== AutoDock Vina (Site 8) STDOUT ========

======== AutoDock Vina (Site 8) STDERR ========

======== AutoDock Vina (Site 9) STDOUT ========

======== AutoDock Vina (Site 9) STDERR ========
