2025-04-30 00:43:13,282 [MainThread  ] [INFO ]  Executing biobb_structure_utils.utils.extract_molecule Version: 4.2.0
2025-04-30 00:43:13,289 [MainThread  ] [INFO ]  Copy: /home/arunima/gitrepos/gromacs_sims/Antimicrobial_Peptides/Pseudomonas_antibiotics/simulation/ndxparc1999C_chainB/ndxparc1999C_chainB.pdb to /home/arunima/gitrepos/gromacs_sims/Antimicrobial_Peptides/Pseudomonas_antibiotics/simulation/ndxparc1999C_chainB/7a1fb48c-981f-444a-ba46-8057692a7b25
2025-04-30 00:43:13,290 [MainThread  ] [INFO ]  Creating 11589a91-85d0-4ee2-beef-1efeb26e7bde temporary folder
2025-04-30 00:43:13,291 [MainThread  ] [INFO ]  check_structure -i /home/arunima/gitrepos/gromacs_sims/Antimicrobial_Peptides/Pseudomonas_antibiotics/simulation/ndxparc1999C_chainB/ndxparc1999C_chainB.pdb -o prot_ndxparc1999C_chainB.pdb --force_save --non_interactive command_list --list 11589a91-85d0-4ee2-beef-1efeb26e7bde/extract_prot.lst

2025-04-30 00:43:14,144 [MainThread  ] [INFO ]  Exit code 0

2025-04-30 00:43:14,144 [MainThread  ] [INFO ]  ================================================================================
=                   BioBB structure checking utility v3.13.4                   =
=            P. Andrio, A. Hospital, G. Bayarri, J.L. Gelpi 2018-23            =
================================================================================

Warning: sequence features may not be available, use --sequence for  external fasta input
Structure /home/arunima/gitrepos/gromacs_sims/Antimicrobial_Peptides/Pseudomonas_antibiotics/simulation/ndxparc1999C_chainB/ndxparc1999C_chainB.pdb loaded
 PDB id:  
 Title: 
 Experimental method: unknown
 Resolution (A): N.A.

 Num. models: 1
 Num. chains: 2 ( : Unknown, B: Protein)
 Num. residues:  716
 Num. residues with ins. codes:  0
 Num. residues with H atoms: 716 (total 739 H atoms)
 Num. HETATM residues:  1
 Num. ligands or modified residues:  1
 Num. water mol.:  0
 Num. atoms:  6306
Small mol ligands found
NDX  1

Step 1: ligands --remove All

Running ligands. Options: --remove All
Detected 1 Ligands
 NDX  1
Ligands removed All (1)

Step 2: water --remove Yes

Running water. Options: --remove Yes
No water molecules found
Command list completed
Final Num. models: 1
Final Num. chains: 2 ( : Water, B: Protein)
Final Num. residues:  715
Final Num. residues with ins. codes:  0
Final Num. residues with H atoms: 715 (total 715 H atoms)
Final Num. HETATM residues:  0
Final Num. ligands or modified residues:  0
Final Num. water mol.:  0
Final Num. atoms:  6265
Structure saved on prot_ndxparc1999C_chainB.pdb

2025-04-30 00:43:14,149 [MainThread  ] [INFO ]  Removed: ['/home/arunima/gitrepos/gromacs_sims/Antimicrobial_Peptides/Pseudomonas_antibiotics/simulation/ndxparc1999C_chainB/7a1fb48c-981f-444a-ba46-8057692a7b25', '11589a91-85d0-4ee2-beef-1efeb26e7bde']
