AutoDock Vina 7ac2999-mod
#################################################################
# If you used AutoDock Vina in your work, please cite:          #
#                                                               #
# J. Eberhardt, D. Santos-Martins, A. F. Tillack, and S. Forli  #
# AutoDock Vina 1.2.0: New Docking Methods, Expanded Force      #
# Field, and Python Bindings, J. Chem. Inf. Model. (2021)       #
# DOI 10.1021/acs.jcim.1c00203                                  #
#                                                               #
# O. Trott, A. J. Olson,                                        #
# AutoDock Vina: improving the speed and accuracy of docking    #
# with a new scoring function, efficient optimization and       #
# multithreading, J. Comp. Chem. (2010)                         #
# DOI 10.1002/jcc.21334                                         #
#                                                               #
# Please see https://github.com/ccsb-scripps/AutoDock-Vina for  #
# more information.                                             #
#################################################################

Scoring function : vina
Rigid receptor: 1hsg_protein_h.pdbqt
Ligand: mk1.pdbqt
Grid center: X 14.8222 Y 21.0222 Z 4.96667
Grid size  : X 30 Y 30 Z 30
Grid space : 0.375
Exhaustiveness: 8
CPU: 12
Verbosity: 1

Computing Vina grid ... done.
WARNING: At low exhaustiveness, it may be impossible to utilize all CPUs.
Performing docking (random seed: -1233340833) ... 
0%   10   20   30   40   50   60   70   80   90   100%
|----|----|----|----|----|----|----|----|----|----|
***************************************************

mode |   affinity | dist from best mode
     | (kcal/mol) | rmsd l.b.| rmsd u.b.
-----+------------+----------+----------
   1       -10.99          0          0
   2       -10.24      1.965      4.661
   3       -10.08      2.073      11.73
   4       -9.923      2.613      11.27
   5       -9.853      2.368      11.12
   6         -9.8      2.426      11.76
   7       -9.094       2.63      11.55
   8       -8.931      4.956      8.844
   9       -8.915      1.589      4.238
