2025-10-16 16:56:10,864 [MainThread  ] [INFO ]                        :-) GROMACS - gmx genion, 2024.4 (-:

Executable:   /usr/local/gromacs/bin/gmx
Data prefix:  /usr/local/gromacs
Working dir:  /home/admin/gitrepos/gromacs_sims/Antimicrobial_Peptides/Pseudomonas_antibiotics/simulation/pbpmez2015C
Command line:
  gmx -nobackup -nocopyright genion -s /home/admin/gitrepos/gromacs_sims/Antimicrobial_Peptides/Pseudomonas_antibiotics/simulation/pbpmez2015C/sandbox_323a8e55-5f56-4254-b250-6e9b805d869d/prot_pbpmez2015C_MEZ_complex_gppion.tpr -o /home/admin/gitrepos/gromacs_sims/Antimicrobial_Peptides/Pseudomonas_antibiotics/simulation/pbpmez2015C/sandbox_323a8e55-5f56-4254-b250-6e9b805d869d/prot_pbpmez2015C_MEZ_genion.gro -p 6ca37c06-2870-4e8b-bd66-c38a6b7fd2f8/ligand.top -neutral -seed 1993

Reading file /home/admin/gitrepos/gromacs_sims/Antimicrobial_Peptides/Pseudomonas_antibiotics/simulation/pbpmez2015C/sandbox_323a8e55-5f56-4254-b250-6e9b805d869d/prot_pbpmez2015C_MEZ_complex_gppion.tpr, VERSION 2024.4 (single precision)
Reading file /home/admin/gitrepos/gromacs_sims/Antimicrobial_Peptides/Pseudomonas_antibiotics/simulation/pbpmez2015C/sandbox_323a8e55-5f56-4254-b250-6e9b805d869d/prot_pbpmez2015C_MEZ_complex_gppion.tpr, VERSION 2024.4 (single precision)
Group     0 (         System) has 955785 elements
Group     1 (        Protein) has 10186 elements
Group     2 (      Protein-H) has  5098 elements
Group     3 (        C-alpha) has   646 elements
Group     4 (       Backbone) has  1938 elements
Group     5 (      MainChain) has  2585 elements
Group     6 (   MainChain+Cb) has  3182 elements
Group     7 (    MainChain+H) has  3190 elements
Group     8 (      SideChain) has  6996 elements
Group     9 (    SideChain-H) has  2513 elements
Group    10 (    Prot-Masses) has 10186 elements
Group    11 (    non-Protein) has 945599 elements
Group    12 (          Other) has    59 elements
Group    13 (            MEZ) has    59 elements
Group    14 (          Water) has 945540 elements
Group    15 (            SOL) has 945540 elements
Group    16 (      non-Water) has 10245 elements
Select a group: Number of (3-atomic) solvent molecules: 315180
Using random seed 1993.
Replacing solvent molecule 163974 (atom 502167) with CL


GROMACS reminds you: "If You're So Special Why aren't You Dead ?" (The Breeders)


