2025-04-29 00:00:22,841 [MainThread  ] [INFO ]  Executing biobb_gromacs.gromacs_extra.append_ligand Version: 4.2.0
2025-04-29 00:00:22,861 [MainThread  ] [INFO ]  Extracting: /home/arunima/gitrepos/gromacs_sims/Antimicrobial_Peptides/Pseudomonas_antibiotics/simulation/aminotob2016C/prot_aminotob2016C_pdb2gmx_top.zip
2025-04-29 00:00:22,861 [MainThread  ] [INFO ]  to:
2025-04-29 00:00:22,861 [MainThread  ] [INFO ]  ['ccd920d3-8799-4a32-97b5-ff2803121cdf/p2g.top', 'ccd920d3-8799-4a32-97b5-ff2803121cdf/p2g_Protein_chain_A.itp', 'ccd920d3-8799-4a32-97b5-ff2803121cdf/p2g_Protein_chain_B.itp', 'ccd920d3-8799-4a32-97b5-ff2803121cdf/posre_Protein_chain_A.itp', 'ccd920d3-8799-4a32-97b5-ff2803121cdf/posre_Protein_chain_B.itp']
2025-04-29 00:00:22,861 [MainThread  ] [INFO ]  Unzipping: 
2025-04-29 00:00:22,861 [MainThread  ] [INFO ]  prot_aminotob2016C_pdb2gmx_top.zip
2025-04-29 00:00:22,861 [MainThread  ] [INFO ]  To: 
2025-04-29 00:00:22,861 [MainThread  ] [INFO ]  ccd920d3-8799-4a32-97b5-ff2803121cdf/p2g.top
2025-04-29 00:00:22,861 [MainThread  ] [INFO ]  ccd920d3-8799-4a32-97b5-ff2803121cdf/p2g_Protein_chain_A.itp
2025-04-29 00:00:22,861 [MainThread  ] [INFO ]  ccd920d3-8799-4a32-97b5-ff2803121cdf/p2g_Protein_chain_B.itp
2025-04-29 00:00:22,861 [MainThread  ] [INFO ]  ccd920d3-8799-4a32-97b5-ff2803121cdf/posre_Protein_chain_A.itp
2025-04-29 00:00:22,861 [MainThread  ] [INFO ]  ccd920d3-8799-4a32-97b5-ff2803121cdf/posre_Protein_chain_B.itp
2025-04-29 00:00:22,869 [MainThread  ] [INFO ]  Compressing topology to: prot_aminotob2016C_TOB_complex.top.zip
2025-04-29 00:00:22,869 [MainThread  ] [INFO ]  Ignored file ccd920d3-8799-4a32-97b5-ff2803121cdf/amber99sb-ildn.ff/forcefield.itp
2025-04-29 00:00:22,890 [MainThread  ] [INFO ]  Ignored file ccd920d3-8799-4a32-97b5-ff2803121cdf/amber99sb-ildn.ff/spce.itp
2025-04-29 00:00:22,890 [MainThread  ] [INFO ]  Ignored file ccd920d3-8799-4a32-97b5-ff2803121cdf/amber99sb-ildn.ff/ions.itp
2025-04-29 00:00:22,901 [MainThread  ] [INFO ]  Adding:
2025-04-29 00:00:22,901 [MainThread  ] [INFO ]  ['ccd920d3-8799-4a32-97b5-ff2803121cdf/TOB_posres.itp', 'ccd920d3-8799-4a32-97b5-ff2803121cdf/TOBparams.itp', 'ccd920d3-8799-4a32-97b5-ff2803121cdf/ligand.top', 'ccd920d3-8799-4a32-97b5-ff2803121cdf/p2g_Protein_chain_A.itp', 'ccd920d3-8799-4a32-97b5-ff2803121cdf/p2g_Protein_chain_B.itp', 'ccd920d3-8799-4a32-97b5-ff2803121cdf/posre_Protein_chain_A.itp', 'ccd920d3-8799-4a32-97b5-ff2803121cdf/posre_Protein_chain_B.itp']
2025-04-29 00:00:22,901 [MainThread  ] [INFO ]  to: /home/arunima/gitrepos/gromacs_sims/Antimicrobial_Peptides/Pseudomonas_antibiotics/simulation/aminotob2016C/prot_aminotob2016C_TOB_complex.top.zip
2025-04-29 00:00:22,906 [MainThread  ] [INFO ]  Removed: ['ccd920d3-8799-4a32-97b5-ff2803121cdf/TOBparams.itp', 'ccd920d3-8799-4a32-97b5-ff2803121cdf/TOB_posres.itp', 'ccd920d3-8799-4a32-97b5-ff2803121cdf/posre_Protein_chain_A.itp', 'ccd920d3-8799-4a32-97b5-ff2803121cdf/p2g_Protein_chain_A.itp', 'ccd920d3-8799-4a32-97b5-ff2803121cdf/posre_Protein_chain_B.itp', 'ccd920d3-8799-4a32-97b5-ff2803121cdf/p2g_Protein_chain_B.itp', 'ccd920d3-8799-4a32-97b5-ff2803121cdf/ligand.top']
2025-04-29 00:00:22,907 [MainThread  ] [INFO ]  Removed: ['ccd920d3-8799-4a32-97b5-ff2803121cdf']
