2025-04-29 00:18:11,653 [MainThread  ] [INFO ]  Executing biobb_gromacs.gromacs.grompp Version: 4.2.0
2025-04-29 00:18:11,669 [MainThread  ] [INFO ]  Copy: prot_aminotob2016C_TOB_npt.gro to /home/arunima/gitrepos/gromacs_sims/Antimicrobial_Peptides/Pseudomonas_antibiotics/simulation/aminotob2016C/e4d596f0-61cc-45b4-9f7a-0be087974af9
2025-04-29 00:18:11,675 [MainThread  ] [INFO ]  Copy: prot_aminotob2016C_TOB_npt.cpt to /home/arunima/gitrepos/gromacs_sims/Antimicrobial_Peptides/Pseudomonas_antibiotics/simulation/aminotob2016C/e4d596f0-61cc-45b4-9f7a-0be087974af9
2025-04-29 00:18:11,696 [MainThread  ] [INFO ]  Extracting: /home/arunima/gitrepos/gromacs_sims/Antimicrobial_Peptides/Pseudomonas_antibiotics/simulation/aminotob2016C/prot_aminotob2016C_TOB_genion_top.zip
2025-04-29 00:18:11,696 [MainThread  ] [INFO ]  to:
2025-04-29 00:18:11,696 [MainThread  ] [INFO ]  ['/home/arunima/gitrepos/gromacs_sims/Antimicrobial_Peptides/Pseudomonas_antibiotics/simulation/aminotob2016C/e4d596f0-61cc-45b4-9f7a-0be087974af9/TOB_posres.itp', '/home/arunima/gitrepos/gromacs_sims/Antimicrobial_Peptides/Pseudomonas_antibiotics/simulation/aminotob2016C/e4d596f0-61cc-45b4-9f7a-0be087974af9/TOBparams.itp', '/home/arunima/gitrepos/gromacs_sims/Antimicrobial_Peptides/Pseudomonas_antibiotics/simulation/aminotob2016C/e4d596f0-61cc-45b4-9f7a-0be087974af9/ligand.top', '/home/arunima/gitrepos/gromacs_sims/Antimicrobial_Peptides/Pseudomonas_antibiotics/simulation/aminotob2016C/e4d596f0-61cc-45b4-9f7a-0be087974af9/p2g_Protein_chain_A.itp', '/home/arunima/gitrepos/gromacs_sims/Antimicrobial_Peptides/Pseudomonas_antibiotics/simulation/aminotob2016C/e4d596f0-61cc-45b4-9f7a-0be087974af9/p2g_Protein_chain_B.itp', '/home/arunima/gitrepos/gromacs_sims/Antimicrobial_Peptides/Pseudomonas_antibiotics/simulation/aminotob2016C/e4d596f0-61cc-45b4-9f7a-0be087974af9/posre_Protein_chain_A.itp', '/home/arunima/gitrepos/gromacs_sims/Antimicrobial_Peptides/Pseudomonas_antibiotics/simulation/aminotob2016C/e4d596f0-61cc-45b4-9f7a-0be087974af9/posre_Protein_chain_B.itp']
2025-04-29 00:18:11,696 [MainThread  ] [INFO ]  Unzipping: 
2025-04-29 00:18:11,696 [MainThread  ] [INFO ]  prot_aminotob2016C_TOB_genion_top.zip
2025-04-29 00:18:11,696 [MainThread  ] [INFO ]  To: 
2025-04-29 00:18:11,697 [MainThread  ] [INFO ]  /home/arunima/gitrepos/gromacs_sims/Antimicrobial_Peptides/Pseudomonas_antibiotics/simulation/aminotob2016C/e4d596f0-61cc-45b4-9f7a-0be087974af9/TOB_posres.itp
2025-04-29 00:18:11,697 [MainThread  ] [INFO ]  /home/arunima/gitrepos/gromacs_sims/Antimicrobial_Peptides/Pseudomonas_antibiotics/simulation/aminotob2016C/e4d596f0-61cc-45b4-9f7a-0be087974af9/TOBparams.itp
2025-04-29 00:18:11,697 [MainThread  ] [INFO ]  /home/arunima/gitrepos/gromacs_sims/Antimicrobial_Peptides/Pseudomonas_antibiotics/simulation/aminotob2016C/e4d596f0-61cc-45b4-9f7a-0be087974af9/ligand.top
2025-04-29 00:18:11,697 [MainThread  ] [INFO ]  /home/arunima/gitrepos/gromacs_sims/Antimicrobial_Peptides/Pseudomonas_antibiotics/simulation/aminotob2016C/e4d596f0-61cc-45b4-9f7a-0be087974af9/p2g_Protein_chain_A.itp
2025-04-29 00:18:11,697 [MainThread  ] [INFO ]  /home/arunima/gitrepos/gromacs_sims/Antimicrobial_Peptides/Pseudomonas_antibiotics/simulation/aminotob2016C/e4d596f0-61cc-45b4-9f7a-0be087974af9/p2g_Protein_chain_B.itp
2025-04-29 00:18:11,697 [MainThread  ] [INFO ]  /home/arunima/gitrepos/gromacs_sims/Antimicrobial_Peptides/Pseudomonas_antibiotics/simulation/aminotob2016C/e4d596f0-61cc-45b4-9f7a-0be087974af9/posre_Protein_chain_A.itp
2025-04-29 00:18:11,697 [MainThread  ] [INFO ]  /home/arunima/gitrepos/gromacs_sims/Antimicrobial_Peptides/Pseudomonas_antibiotics/simulation/aminotob2016C/e4d596f0-61cc-45b4-9f7a-0be087974af9/posre_Protein_chain_B.itp
2025-04-29 00:18:11,698 [MainThread  ] [INFO ]  gmx -nobackup -nocopyright grompp -f /home/arunima/gitrepos/gromacs_sims/Antimicrobial_Peptides/Pseudomonas_antibiotics/simulation/aminotob2016C/e4d596f0-61cc-45b4-9f7a-0be087974af9/grompp.mdp -c /home/arunima/gitrepos/gromacs_sims/Antimicrobial_Peptides/Pseudomonas_antibiotics/simulation/aminotob2016C/e4d596f0-61cc-45b4-9f7a-0be087974af9/prot_aminotob2016C_TOB_npt.gro -r /home/arunima/gitrepos/gromacs_sims/Antimicrobial_Peptides/Pseudomonas_antibiotics/simulation/aminotob2016C/e4d596f0-61cc-45b4-9f7a-0be087974af9/prot_aminotob2016C_TOB_npt.gro -p /home/arunima/gitrepos/gromacs_sims/Antimicrobial_Peptides/Pseudomonas_antibiotics/simulation/aminotob2016C/e4d596f0-61cc-45b4-9f7a-0be087974af9/ligand.top -o /home/arunima/gitrepos/gromacs_sims/Antimicrobial_Peptides/Pseudomonas_antibiotics/simulation/aminotob2016C/e4d596f0-61cc-45b4-9f7a-0be087974af9/prot_aminotob2016C_TOB_gppmd.tpr -po mdout.mdp -maxwarn 10 -t /home/arunima/gitrepos/gromacs_sims/Antimicrobial_Peptides/Pseudomonas_antibiotics/simulation/aminotob2016C/e4d596f0-61cc-45b4-9f7a-0be087974af9/prot_aminotob2016C_TOB_npt.cpt

2025-04-29 00:18:12,501 [MainThread  ] [INFO ]  Exit code 0

2025-04-29 00:18:12,502 [MainThread  ] [INFO ]  Setting the LD random seed to -739876867

Generated 2850 of the 2850 non-bonded parameter combinations

Generated 2850 of the 2850 1-4 parameter combinations

Excluding 3 bonded neighbours molecule type 'Protein_chain_A'

turning H bonds into constraints...

Excluding 3 bonded neighbours molecule type 'Protein_chain_B'

turning H bonds into constraints...

Excluding 3 bonded neighbours molecule type 'TOBparams'

turning H bonds into constraints...

Excluding 2 bonded neighbours molecule type 'SOL'

turning H bonds into constraints...

Excluding 1 bonded neighbours molecule type 'NA'

turning H bonds into constraints...
Analysing residue names:
There are:   382    Protein residues
There are:     1      Other residues
There are: 17560      Water residues
There are:    12        Ion residues
Analysing Protein...
Analysing residues not classified as Protein/DNA/RNA/Water and splitting into groups...

The largest distance between excluded atoms is 0.443 nm between atom 5506 and 5514

Determining Verlet buffer for a tolerance of 0.005 kJ/mol/ps at 300 K

Calculated rlist for 1x1 atom pair-list as 1.034 nm, buffer size 0.034 nm

Set rlist, assuming 4x4 atom pair-list, to 1.000 nm, buffer size 0.000 nm

Note that mdrun will redetermine rlist based on the actual pair-list setup

Reading Coordinates, Velocities and Box size from old trajectory

Will read whole trajectory

Using frame at t = 100 ps

Starting time for run is 0 ps
Calculating fourier grid dimensions for X Y Z
Using a fourier grid of 80x80x80, spacing 0.114 0.114 0.114

Estimate for the relative computational load of the PME mesh part: 0.28

2025-04-29 00:18:12,539 [MainThread  ] [INFO ]  Removed: ['/home/arunima/gitrepos/gromacs_sims/Antimicrobial_Peptides/Pseudomonas_antibiotics/simulation/aminotob2016C/e4d596f0-61cc-45b4-9f7a-0be087974af9', 'mdout.mdp']
