2025-04-29 00:17:19,605 [MainThread  ] [INFO ]                  :-) GROMACS - gmx grompp, 2024.5-conda_forge (-:

Executable:   /home/arunima/.conda/envs/biobb_wf_protein-complex_md_setup/bin.AVX2_256/gmx
Data prefix:  /home/arunima/.conda/envs/biobb_wf_protein-complex_md_setup
Working dir:  /home/arunima/gitrepos/gromacs_sims/Antimicrobial_Peptides/Pseudomonas_antibiotics/simulation/aminotob2016C
Command line:
  gmx -nobackup -nocopyright grompp -f /home/arunima/gitrepos/gromacs_sims/Antimicrobial_Peptides/Pseudomonas_antibiotics/simulation/aminotob2016C/5df4380c-60c1-450b-8f58-66affe06fade/grompp.mdp -c /home/arunima/gitrepos/gromacs_sims/Antimicrobial_Peptides/Pseudomonas_antibiotics/simulation/aminotob2016C/5df4380c-60c1-450b-8f58-66affe06fade/prot_aminotob2016C_TOB_nvt.gro -r /home/arunima/gitrepos/gromacs_sims/Antimicrobial_Peptides/Pseudomonas_antibiotics/simulation/aminotob2016C/5df4380c-60c1-450b-8f58-66affe06fade/prot_aminotob2016C_TOB_nvt.gro -p /home/arunima/gitrepos/gromacs_sims/Antimicrobial_Peptides/Pseudomonas_antibiotics/simulation/aminotob2016C/5df4380c-60c1-450b-8f58-66affe06fade/ligand.top -o /home/arunima/gitrepos/gromacs_sims/Antimicrobial_Peptides/Pseudomonas_antibiotics/simulation/aminotob2016C/5df4380c-60c1-450b-8f58-66affe06fade/prot_aminotob2016C_TOB_gppnpt.tpr -po mdout.mdp -maxwarn 10 -t /home/arunima/gitrepos/gromacs_sims/Antimicrobial_Peptides/Pseudomonas_antibiotics/simulation/aminotob2016C/5df4380c-60c1-450b-8f58-66affe06fade/prot_aminotob2016C_TOB_nvt.cpt -n /home/arunima/gitrepos/gromacs_sims/Antimicrobial_Peptides/Pseudomonas_antibiotics/simulation/aminotob2016C/5df4380c-60c1-450b-8f58-66affe06fade/prot_aminotob2016C_TOB_index.ndx

Ignoring obsolete mdp entry 'ns-type'
Generating 1-4 interactions: fudge = 0.5

NOTE 1 [file ligand.top, line 59]:
  You are combining position restraints with Parrinello-Rahman pressure
  coupling, which can lead to instabilities. If you really want to combine
  position restraints with pressure coupling, we suggest to use C-rescale
  pressure coupling instead.

Number of degrees of freedom in T-Coupling group Protein_Other is 15027.63
Number of degrees of freedom in T-Coupling group Water_and_ions is 105393.38

NOTE 2 [file /home/arunima/gitrepos/gromacs_sims/Antimicrobial_Peptides/Pseudomonas_antibiotics/simulation/aminotob2016C/5df4380c-60c1-450b-8f58-66affe06fade/grompp.mdp]:
  Removing center of mass motion in the presence of position restraints
  might cause artifacts. When you are using position restraints to
  equilibrate a macro-molecule, the artifacts are usually negligible.

Last frame         -1 time  100.000   

There were 2 NOTEs

GROMACS reminds you: "Courage is like - it's a habitus, a habit, a virtue: you get it by courageous acts. It's like you learn to swim by swimming. You learn courage by couraging." (Marie Daly)


