2025-04-27 18:44:09,673 [MainThread  ] [INFO ]  Executing biobb_gromacs.gromacs.pdb2gmx Version: 4.2.0
2025-04-27 18:44:09,679 [MainThread  ] [INFO ]  Copy: prot_pbppen2018_fixed_deprotonated.pdb to /home/arunima/gitrepos/gromacs_sims/Antimicrobial_Peptides/Pseudomonas_antibiotics/simulation/pbppen2018/a5330120-2f17-40a3-8131-6a38a6f1774c
2025-04-27 18:44:09,679 [MainThread  ] [INFO ]  gmx -nobackup -nocopyright pdb2gmx -f /home/arunima/gitrepos/gromacs_sims/Antimicrobial_Peptides/Pseudomonas_antibiotics/simulation/pbppen2018/a5330120-2f17-40a3-8131-6a38a6f1774c/prot_pbppen2018_fixed_deprotonated.pdb -o /home/arunima/gitrepos/gromacs_sims/Antimicrobial_Peptides/Pseudomonas_antibiotics/simulation/pbppen2018/a5330120-2f17-40a3-8131-6a38a6f1774c/prot_pbppen2018_pdb2gmx.gro -p p2g.top -water spce -ff amber99sb-ildn -i posre.itp

2025-04-27 18:44:10,202 [MainThread  ] [INFO ]  Exit code 0

2025-04-27 18:44:10,202 [MainThread  ] [INFO ]  Using the Amber99sb-ildn force field in directory amber99sb-ildn.ff

going to rename amber99sb-ildn.ff/aminoacids.r2b

going to rename amber99sb-ildn.ff/dna.r2b

going to rename amber99sb-ildn.ff/rna.r2b
Reading /home/arunima/gitrepos/gromacs_sims/Antimicrobial_Peptides/Pseudomonas_antibiotics/simulation/pbppen2018/a5330120-2f17-40a3-8131-6a38a6f1774c/prot_pbppen2018_fixed_deprotonated.pdb...
Read '', 5100 atoms

Analyzing pdb file
Splitting chemical chains based on TER records or chain id changing.

There are 1 chains and 0 blocks of water and 646 residues with 5100 atoms

  chain  #res #atoms

  1 'A'   646   5100  

All occupancies are one

Reading residue database... (Amber99sb-ildn)

Processing chain 1 'A' (5100 atoms, 646 residues)

Identified residue MET1 as a starting terminus.

Identified residue GLN646 as a ending terminus.

Checking for duplicate atoms....

Generating any missing hydrogen atoms and/or adding termini.

Now there are 646 residues with 10188 atoms

Making bonds...

Number of bonds was 10311, now 10310

Generating angles, dihedrals and pairs...

Making cmap torsions...

There are 28307 dihedrals, 2073 impropers, 18660 angles
          26869 pairs,     10310 bonds and     0 virtual sites

Total mass 72227.085 a.m.u.

Total charge 2.000 e

Writing topology

Writing coordinate file...

		--------- PLEASE NOTE ------------

You have successfully generated a topology from: /home/arunima/gitrepos/gromacs_sims/Antimicrobial_Peptides/Pseudomonas_antibiotics/simulation/pbppen2018/a5330120-2f17-40a3-8131-6a38a6f1774c/prot_pbppen2018_fixed_deprotonated.pdb.

The Amber99sb-ildn force field and the spce water model are used.

		--------- ETON ESAELP ------------

2025-04-27 18:44:10,209 [MainThread  ] [INFO ]  Compressing topology to: prot_pbppen2018_pdb2gmx_top.zip
2025-04-27 18:44:10,210 [MainThread  ] [INFO ]  Ignored file amber99sb-ildn.ff/forcefield.itp
2025-04-27 18:44:10,250 [MainThread  ] [INFO ]  Ignored file amber99sb-ildn.ff/spce.itp
2025-04-27 18:44:10,250 [MainThread  ] [INFO ]  Ignored file amber99sb-ildn.ff/ions.itp
2025-04-27 18:44:10,266 [MainThread  ] [INFO ]  Adding:
2025-04-27 18:44:10,266 [MainThread  ] [INFO ]  ['p2g.top', 'posre.itp']
2025-04-27 18:44:10,266 [MainThread  ] [INFO ]  to: /home/arunima/gitrepos/gromacs_sims/Antimicrobial_Peptides/Pseudomonas_antibiotics/simulation/pbppen2018/prot_pbppen2018_pdb2gmx_top.zip
2025-04-27 18:44:10,269 [MainThread  ] [INFO ]  Removed: ['posre.itp', 'p2g.top']
2025-04-27 18:44:10,271 [MainThread  ] [INFO ]  Removed: ['/home/arunima/gitrepos/gromacs_sims/Antimicrobial_Peptides/Pseudomonas_antibiotics/simulation/pbppen2018/a5330120-2f17-40a3-8131-6a38a6f1774c']
