Starting
---------------------------------------------
Pseudo-terminal will not be allocated because stdin is not a terminal.
/usr/local/lib/python3.12/site-packages/biobb_analysis/gromacs/gmx_energy.py:37: SyntaxWarning: invalid escape sequence '\('
  * **terms** (*list*) - (["Potential"]) Energy terms. Values: Angle, Proper-Dih., Improper-Dih., LJ-14, Coulomb-14, LJ-\(SR\), Coulomb-\(SR\), Coul.-recip., Position-Rest., Potential, Kinetic-En., Total-Energy, Temperature, Pressure,  Constr.-rmsd, Box-X, Box-Y,  Box-Z, Volume, Density, pV, Enthalpy, Vir-XX, Vir-XY, Vir-XZ, Vir-YX, Vir-YY, Vir-YZ, Vir-ZX, Vir-ZY, Vir-ZZ, Pres-XX, Pres-XY, Pres-XZ, Pres-YX, Pres-YY,  Pres-YZ, Pres-ZX, Pres-ZY, Pres-ZZ, #Surf*SurfTen, Box-Vel-XX, Box-Vel-YY, Box-Vel-ZZ, Mu-X, Mu-Y, Mu-Z, T-Protein, T-non-Protein, Lamb-Protein, Lamb-non-Protein.
==================================================
Start of Protein-Ligand Dynamics Simulation
==================================================
+---------------------------+------------------------------------------------------------------------------------------------------------------------------------------+
| Parameter                 | Value                                                                                                                                    |
+===========================+==========================================================================================================================================+
| Input Structure           | /home/arunima/gitrepos/gromacs_sims/Antimicrobial_Peptides/Pseudomonas_antibiotics/simulation/parc_simulation_complexes/ndxparc2014C.pdb |
+---------------------------+------------------------------------------------------------------------------------------------------------------------------------------+
| Ligand Code               | NDX                                                                                                                                      |
+---------------------------+------------------------------------------------------------------------------------------------------------------------------------------+
| Ligand Charge             | 0                                                                                                                                        |
+---------------------------+------------------------------------------------------------------------------------------------------------------------------------------+
| Output Directory          | ndxparc2014C                                                                                                                             |
+---------------------------+------------------------------------------------------------------------------------------------------------------------------------------+
| Number of Processors      | 32                                                                                                                                       |
+---------------------------+------------------------------------------------------------------------------------------------------------------------------------------+
| Use GPU                   | True                                                                                                                                     |
+---------------------------+------------------------------------------------------------------------------------------------------------------------------------------+
| GPU ID                    | 0                                                                                                                                        |
+---------------------------+------------------------------------------------------------------------------------------------------------------------------------------+
| Energy Minimization Steps | 15000                                                                                                                                    |
+---------------------------+------------------------------------------------------------------------------------------------------------------------------------------+
| NVT Time (ps)             | 100.0                                                                                                                                    |
+---------------------------+------------------------------------------------------------------------------------------------------------------------------------------+
| NPT Time (ps)             | 100.0                                                                                                                                    |
+---------------------------+------------------------------------------------------------------------------------------------------------------------------------------+
| MD Time (ns)              | 10.0                                                                                                                                     |
+---------------------------+------------------------------------------------------------------------------------------------------------------------------------------+
| Log File                  | ndxparc2014C/simulation_log_20251102-123555.log                                                                                          |
+---------------------------+------------------------------------------------------------------------------------------------------------------------------------------+
==================================================
End of Protein-Ligand Dynamics Simulation
==================================================
NUM_CPUS= 32
---------------------------------------------
Runtime: 203959.487921887 sec
---------------------------------------------
  % Total    % Received % Xferd  Average Speed   Time    Time     Time  Current
                                 Dload  Upload   Total   Spent    Left  Speed
  0     0    0     0    0     0      0      0 --:--:-- --:--:-- --:--:--     0  0     0    0     0    0     0      0      0 --:--:-- --:--:-- --:--:--     0100   466  100   288  100   178    172    106  0:00:01  0:00:01 --:--:--   172{"id":"oQ3uGvH6Rjrn","time":1762292630,"expires":1762335830,"event":"message","topic":"kuhpchn","message":"Job '44875.kuhpchn' finished on kuhpchn in '203959.487921887' secs. Check output @ '/home/arunima/gitrepos/gromacs_sims/Antimicrobial_Peptides/Pseudomonas_antibiotics/simulation'"}

