
======== PDB2PQR/PROPKA STDOUT ========

======== PDB2PQR/PROPKA STDERR ========
INFO:PDB2PQR v3.6.1: biomolecular structure conversion software.
INFO:Please cite:  Jurrus E, et al.  Improvements to the APBS biomolecular solvation software suite.  Protein Sci 27 112-128 (2018).
INFO:Please cite:  Dolinsky TJ, et al.  PDB2PQR: expanding and upgrading automated preparation of biomolecular structures for molecular simulations. Nucleic Acids Res 35 W522-W525 (2007).
INFO:Checking and transforming input arguments.
INFO:Loading topology files.
INFO:Loading molecule: /home/daneel/gitrepos/gromacs_sims/htvs/1hsg_mk1/experiment/1hsg_protein.pdb
INFO:Setting up molecule.
INFO:Created biomolecule object with 198 residues and 1514 atoms.
INFO:Setting termini states for biomolecule chains.
INFO:Arguments specified cleaning only; skipping remaining steps.

======== Prepare_Receptor4 STDOUT ========
adding gasteiger charges to peptide

======== Prepare_Receptor4 STDERR ========

======== Prepare_Ligand4 STDOUT ========

======== Prepare_Ligand4 STDERR ========

======== AutoGrid4 STDOUT ========

======== AutoGrid4 STDERR ========

======== AutoLigand Site Search (Automatic) STDOUT ========
total grid points =  154757
done loading affinity maps, now track through all points and find (ten) best start points
10 Unique Results:  (note, some starting points converge to same answer, so may be less than 10)
Output # 1  Total Volume =  291.0  Total Energy per Vol, EPV =  -0.16062886597938145  (Kcal/mol A**3)
Output # 2  Total Volume =  290.0  Total Energy per Vol, EPV =  -0.15941724137931038  (Kcal/mol A**3)
Output # 3  Total Volume =  295.0  Total Energy per Vol, EPV =  -0.15911525423728812  (Kcal/mol A**3)
Output # 4  Total Volume =  298.0  Total Energy per Vol, EPV =  -0.1576711409395973  (Kcal/mol A**3)
Output # 5  Total Volume =  304.0  Total Energy per Vol, EPV =  -0.1560361842105263  (Kcal/mol A**3)
Output # 6  Total Volume =  294.0  Total Energy per Vol, EPV =  -0.15459210884353736  (Kcal/mol A**3)
Output # 7  Total Volume =  301.0  Total Energy per Vol, EPV =  -0.15089664451827237  (Kcal/mol A**3)
Output # 8  Total Volume =  305.0  Total Energy per Vol, EPV =  -0.15025901639344263  (Kcal/mol A**3)
Output # 9  Total Volume =  308.0  Total Energy per Vol, EPV =  -0.14873701298701306  (Kcal/mol A**3)
Output # 10  Total Volume =  298.0  Total Energy per Vol, EPV =  -0.1438724832214765  (Kcal/mol A**3)

======== AutoLigand Site Search (Automatic) STDERR ========

======== AutoDock Vina (Site 1) STDOUT ========

======== AutoDock Vina (Site 1) STDERR ========

======== AutoDock Vina (Site 2) STDOUT ========

======== AutoDock Vina (Site 2) STDERR ========

======== AutoDock Vina (Site 3) STDOUT ========

======== AutoDock Vina (Site 3) STDERR ========

======== AutoDock Vina (Site 4) STDOUT ========

======== AutoDock Vina (Site 4) STDERR ========

======== AutoDock Vina (Site 5) STDOUT ========

======== AutoDock Vina (Site 5) STDERR ========

======== AutoDock Vina (Site 6) STDOUT ========

======== AutoDock Vina (Site 6) STDERR ========

======== AutoDock Vina (Site 7) STDOUT ========

======== AutoDock Vina (Site 7) STDERR ========

======== AutoDock Vina (Site 8) STDOUT ========

======== AutoDock Vina (Site 8) STDERR ========

======== AutoDock Vina (Site 9) STDOUT ========

======== AutoDock Vina (Site 9) STDERR ========

======== AutoDock Vina (Site 10) STDOUT ========

======== AutoDock Vina (Site 10) STDERR ========
