2025-11-01 11:22:59,907 [MainThread  ] [INFO ]  Module: biobb_gromacs.gromacs.grompp Version: 5.1.1
2025-11-01 11:22:59,907 [MainThread  ] [INFO ]  /host_pwd/ndxparc2007C/sandbox_e02ee801-47a1-46dc-8116-7a2208b3baa6 directory successfully created
2025-11-01 11:23:00,129 [MainThread  ] [INFO ]  Copy: prot_ndxparc2007C_NDX_npt.gro to /host_pwd/ndxparc2007C/sandbox_e02ee801-47a1-46dc-8116-7a2208b3baa6
2025-11-01 11:23:00,242 [MainThread  ] [INFO ]  Copy: prot_ndxparc2007C_NDX_npt.cpt to /host_pwd/ndxparc2007C/sandbox_e02ee801-47a1-46dc-8116-7a2208b3baa6
2025-11-01 11:23:00,347 [MainThread  ] [INFO ]  Extracting: /host_pwd/ndxparc2007C/prot_ndxparc2007C_NDX_genion_top.zip
2025-11-01 11:23:00,347 [MainThread  ] [INFO ]  to:
2025-11-01 11:23:00,347 [MainThread  ] [INFO ]  ['/host_pwd/ndxparc2007C/sandbox_e02ee801-47a1-46dc-8116-7a2208b3baa6/NDX_posres.itp', '/host_pwd/ndxparc2007C/sandbox_e02ee801-47a1-46dc-8116-7a2208b3baa6/NDXparams.itp', '/host_pwd/ndxparc2007C/sandbox_e02ee801-47a1-46dc-8116-7a2208b3baa6/ligand.top', '/host_pwd/ndxparc2007C/sandbox_e02ee801-47a1-46dc-8116-7a2208b3baa6/p2g_Protein_chain_A.itp', '/host_pwd/ndxparc2007C/sandbox_e02ee801-47a1-46dc-8116-7a2208b3baa6/p2g_Protein_chain_B.itp', '/host_pwd/ndxparc2007C/sandbox_e02ee801-47a1-46dc-8116-7a2208b3baa6/posre_Protein_chain_A.itp', '/host_pwd/ndxparc2007C/sandbox_e02ee801-47a1-46dc-8116-7a2208b3baa6/posre_Protein_chain_B.itp']
2025-11-01 11:23:00,347 [MainThread  ] [INFO ]  Unzipping: 
2025-11-01 11:23:00,347 [MainThread  ] [INFO ]  prot_ndxparc2007C_NDX_genion_top.zip
2025-11-01 11:23:00,347 [MainThread  ] [INFO ]  To: 
2025-11-01 11:23:00,347 [MainThread  ] [INFO ]  /host_pwd/ndxparc2007C/sandbox_e02ee801-47a1-46dc-8116-7a2208b3baa6/NDX_posres.itp
2025-11-01 11:23:00,347 [MainThread  ] [INFO ]  /host_pwd/ndxparc2007C/sandbox_e02ee801-47a1-46dc-8116-7a2208b3baa6/NDXparams.itp
2025-11-01 11:23:00,347 [MainThread  ] [INFO ]  /host_pwd/ndxparc2007C/sandbox_e02ee801-47a1-46dc-8116-7a2208b3baa6/ligand.top
2025-11-01 11:23:00,347 [MainThread  ] [INFO ]  /host_pwd/ndxparc2007C/sandbox_e02ee801-47a1-46dc-8116-7a2208b3baa6/p2g_Protein_chain_A.itp
2025-11-01 11:23:00,347 [MainThread  ] [INFO ]  /host_pwd/ndxparc2007C/sandbox_e02ee801-47a1-46dc-8116-7a2208b3baa6/p2g_Protein_chain_B.itp
2025-11-01 11:23:00,347 [MainThread  ] [INFO ]  /host_pwd/ndxparc2007C/sandbox_e02ee801-47a1-46dc-8116-7a2208b3baa6/posre_Protein_chain_A.itp
2025-11-01 11:23:00,347 [MainThread  ] [INFO ]  /host_pwd/ndxparc2007C/sandbox_e02ee801-47a1-46dc-8116-7a2208b3baa6/posre_Protein_chain_B.itp
2025-11-01 11:23:00,349 [MainThread  ] [INFO ]  gmx -nobackup -nocopyright grompp -f /host_pwd/ndxparc2007C/sandbox_e02ee801-47a1-46dc-8116-7a2208b3baa6/grompp.mdp -c /host_pwd/ndxparc2007C/sandbox_e02ee801-47a1-46dc-8116-7a2208b3baa6/prot_ndxparc2007C_NDX_npt.gro -r /host_pwd/ndxparc2007C/sandbox_e02ee801-47a1-46dc-8116-7a2208b3baa6/prot_ndxparc2007C_NDX_npt.gro -p /host_pwd/ndxparc2007C/sandbox_e02ee801-47a1-46dc-8116-7a2208b3baa6/ligand.top -o /host_pwd/ndxparc2007C/sandbox_e02ee801-47a1-46dc-8116-7a2208b3baa6/prot_ndxparc2007C_NDX_gppmd.tpr -po mdout.mdp -maxwarn 10 -t /host_pwd/ndxparc2007C/sandbox_e02ee801-47a1-46dc-8116-7a2208b3baa6/prot_ndxparc2007C_NDX_npt.cpt

2025-11-01 11:23:07,367 [MainThread  ] [INFO ]  Executing: gmx -nobackup -nocopyright grompp -f /host_pwd/ndxparc2007C/sandbox_e02ee801-47a...
2025-11-01 11:23:07,367 [MainThread  ] [INFO ]  Exit code: 0
2025-11-01 11:23:07,367 [MainThread  ] [INFO ]  Setting the LD random seed to -753922

Generated 2850 of the 2850 non-bonded parameter combinations

Generated 2850 of the 2850 1-4 parameter combinations

Excluding 3 bonded neighbours molecule type 'Protein_chain_A'

turning H bonds into constraints...

Excluding 3 bonded neighbours molecule type 'Protein_chain_B'

turning H bonds into constraints...

Excluding 3 bonded neighbours molecule type 'NDXparams'

turning H bonds into constraints...

Excluding 2 bonded neighbours molecule type 'SOL'

turning H bonds into constraints...

Excluding 1 bonded neighbours molecule type 'NA'

turning H bonds into constraints...
Analysing residue names:
There are:  1430    Protein residues
There are:     1      Other residues
There are: 507601      Water residues
There are:    16        Ion residues
Analysing Protein...
Analysing residues not classified as Protein/DNA/RNA/Water and splitting into groups...

The largest distance between excluded atoms is 0.435 nm between atom 897 and 904

Determining Verlet buffer for a tolerance of 0.005 kJ/mol/ps at 300 K

Calculated rlist for 1x1 atom pair-list as 1.036 nm, buffer size 0.036 nm

Set rlist, assuming 4x4 atom pair-list, to 1.000 nm, buffer size 0.000 nm

Note that mdrun will redetermine rlist based on the actual pair-list setup

Reading Coordinates, Velocities and Box size from old trajectory

Will read whole trajectory

Using frame at t = 100 ps

Starting time for run is 0 ps
Calculating fourier grid dimensions for X Y Z
Using a fourier grid of 240x240x240, spacing 0.113 0.113 0.113

Estimate for the relative computational load of the PME mesh part: 0.31

2025-11-01 11:23:07,581 [MainThread  ] [INFO ]  Removed: ['/host_pwd/ndxparc2007C/sandbox_e02ee801-47a1-46dc-8116-7a2208b3baa6', 'mdout.mdp']
2025-11-01 11:23:07,582 [MainThread  ] [INFO ]  
