2025-11-01 10:01:23,984 [MainThread  ] [INFO ]                 :-) GROMACS - gmx solvate, 2024.5-conda_forge (-:

Executable:   /usr/local/bin.AVX2_256/gmx
Data prefix:  /usr/local
Working dir:  /host_pwd/ndxparc2007C
Command line:
  gmx -nobackup -nocopyright solvate -cp /host_pwd/ndxparc2007C/sandbox_bd4bc865-bf37-4508-9f76-11e135926eb8/prot_ndxparc2007C_NDX_complex_editconf.gro -cs spc216.gro -o /host_pwd/ndxparc2007C/sandbox_bd4bc865-bf37-4508-9f76-11e135926eb8/prot_ndxparc2007C_NDX_solvate.gro -p cc165041-77ad-4fb2-bb9a-1819f56ee9d0/ligand.top

Reading solute configuration
Reading solvent configuration

Initialising inter-atomic distances...
Generating solvent configuration
Will generate new solvent configuration of 15x14x12 boxes
Solvent box contains 1616328 atoms in 538776 residues
Removed 71997 solvent atoms due to solvent-solvent overlap
Removed 21480 solvent atoms due to solute-solvent overlap
Sorting configuration
Found 1 molecule type:
    SOL (   3 atoms): 507617 residues
Generated solvent containing 1522851 atoms in 507617 residues
Writing generated configuration to /host_pwd/ndxparc2007C/sandbox_bd4bc865-bf37-4508-9f76-11e135926eb8/prot_ndxparc2007C_NDX_solvate.gro

Output configuration contains 1545268 atoms in 509048 residues
Volume                 :     15739.4 (nm^3)
Density                :     982.662 (g/l)
Number of solvent molecules:  507617   

Processing topology

GROMACS reminds you: "The programmer got stuck in the shower because the instructions on the shampoo bottle said: Lather, Rinse, Repeat." (Anonymous)


