2025-09-18 11:35:23,356 [MainThread  ] [INFO ]                        :-) GROMACS - gmx mdrun, 2024.4 (-:

Executable:   /usr/local/gromacs/bin/gmx
Data prefix:  /usr/local/gromacs
Working dir:  /home/admin/gitrepos/gromacs_sims/Antimicrobial_Peptides/Pseudomonas_antibiotics/simulation/ndxgyra2007C
Command line:
  gmx -nobackup -nocopyright mdrun -o /home/admin/gitrepos/gromacs_sims/Antimicrobial_Peptides/Pseudomonas_antibiotics/simulation/ndxgyra2007C/sandbox_7e756b00-8436-42eb-9862-5b520aff143a/prot_ndxgyra2007C_NEO_npt.trr -s /home/admin/gitrepos/gromacs_sims/Antimicrobial_Peptides/Pseudomonas_antibiotics/simulation/ndxgyra2007C/sandbox_7e756b00-8436-42eb-9862-5b520aff143a/prot_ndxgyra2007C_NEO_gppnpt.tpr -c /home/admin/gitrepos/gromacs_sims/Antimicrobial_Peptides/Pseudomonas_antibiotics/simulation/ndxgyra2007C/sandbox_7e756b00-8436-42eb-9862-5b520aff143a/prot_ndxgyra2007C_NEO_npt.gro -e /home/admin/gitrepos/gromacs_sims/Antimicrobial_Peptides/Pseudomonas_antibiotics/simulation/ndxgyra2007C/sandbox_7e756b00-8436-42eb-9862-5b520aff143a/prot_ndxgyra2007C_NEO_npt.edr -g /home/admin/gitrepos/gromacs_sims/Antimicrobial_Peptides/Pseudomonas_antibiotics/simulation/ndxgyra2007C/sandbox_7e756b00-8436-42eb-9862-5b520aff143a/prot_ndxgyra2007C_NEO_npt.log -cpo /home/admin/gitrepos/gromacs_sims/Antimicrobial_Peptides/Pseudomonas_antibiotics/simulation/ndxgyra2007C/sandbox_7e756b00-8436-42eb-9862-5b520aff143a/prot_ndxgyra2007C_NEO_npt.cpt

Reading file /home/admin/gitrepos/gromacs_sims/Antimicrobial_Peptides/Pseudomonas_antibiotics/simulation/ndxgyra2007C/sandbox_7e756b00-8436-42eb-9862-5b520aff143a/prot_ndxgyra2007C_NEO_gppnpt.tpr, VERSION 2024.4 (single precision)
Changing nstlist from 10 to 100, rlist from 1 to 1.17

Update groups can not be used for this system because atoms that are (in)directly constrained together are interdispersed with other atoms

1 GPU selected for this run.
Mapping of GPU IDs to the 2 GPU tasks in the 1 rank on this node:
  PP:0,PME:0
PP tasks will do (non-perturbed) short-ranged interactions on the GPU
PP task will update and constrain coordinates on the GPU
PME tasks will do all aspects on the GPU
Using 1 MPI thread

Non-default thread affinity set, disabling internal thread affinity

Using 24 OpenMP threads 

starting mdrun 'Protein in water'
50000 steps,    100.0 ps.

Writing final coordinates.

               Core t (s)   Wall t (s)        (%)
       Time:     7308.633      304.549     2399.8
                 (ns/day)    (hour/ns)
Performance:       28.370        0.846

GROMACS reminds you: "I don't believe in astrology; I'm a Sagittarian and we're skeptical." (Arthur C. Clarke)


