            --------------------------------------------------------
                             AMBER SQM VERSION 19
 
                                     By
              Ross C. Walker, Michael F. Crowley, Scott Brozell,
                         Tim Giese, Andreas W. Goetz,
                        Tai-Sung Lee and David A. Case
 
            --------------------------------------------------------
 

--------------------------------------------------------------------------------
  QM CALCULATION INFO
--------------------------------------------------------------------------------

| QMMM: Citation for AMBER QMMM Run:
| QMMM: R.C. Walker, M.F. Crowley and D.A. Case, J. COMP. CHEM. 29:1019, 2008

QMMM: SINGLET STATE CALCULATION
QMMM: RHF CALCULATION, NO. OF DOUBLY OCCUPIED LEVELS = 73

| QMMM: *** Selected Hamiltonian *** 
| QMMM: AM1         

| QMMM: *** Parameter sets in use ***
| QMMM: C : M.J.S.DEWAR et al. JACS, 107, 3902, (1985)
| QMMM: N : M.J.S.DEWAR et al. JACS, 107, 3902, (1985)
| QMMM: O : M.J.S.DEWAR et al. JACS, 107, 3902, (1985)
| QMMM: H : M.J.S.DEWAR et al. JACS, 107, 3902, (1985)

| QMMM: *** SCF convergence criteria ***
| QMMM: Energy change                :  0.1D-09 kcal/mol
| QMMM: Error matrix |FP-PF|         :  0.1D+00 au
| QMMM: Density matrix change        :  0.5D-06
| QMMM: Maximum number of SCF cycles :     1000

| QMMM: *** Diagonalization Routine Information ***
| QMMM: Pseudo diagonalizations are allowed.
| QMMM: Auto diagonalization routine selection is in use.
| QMMM:
| QMMM: Timing diagonalization routines:
| QMMM:                              norbs =      135
| QMMM:    diag iterations used for timing =       10
| QMMM:
| QMMM:              Internal diag routine = 0.057040 seconds
| QMMM:                 Dspev diag routine = 0.084742 seconds
| QMMM:                Dspevd diag routine = 0.036957 seconds
| QMMM:                Dspevx diag routine = 0.144847 seconds
| QMMM:                 Dsyev diag routine = 0.068521 seconds
| QMMM:                Dsyevd diag routine = 0.024036 seconds
| QMMM:                Dsyevr diag routine = 0.034977 seconds
| QMMM:
| QMMM:                Pseudo diag routine = 0.030384 seconds
| QMMM: Pseudo diagonalization appears to be slower than regular
| QMMM: diagonalization. Setting pseudo_diag=0 for optimum performance.
| QMMM:
| QMMM: Using dsyevd routine (diag_routine=6).

  QMMM: QM Region Cartesian Coordinates (*=link atom) 
  QMMM: QM_NO.   MM_NO.  ATOM         X         Y         Z
  QMMM:     1        1      C       56.5200   86.7840  145.6850
  QMMM:     2        2      N       57.6170   87.2730  146.5000
  QMMM:     3        3      C       58.9430   87.1750  145.9120
  QMMM:     4        4      C       60.0790   87.8220  146.7020
  QMMM:     5        5      O       61.0670   88.2820  146.1310
  QMMM:     6        6      N       59.9900   87.6360  148.0870
  QMMM:     7        7      C       58.6380   87.8170  148.6800
  QMMM:     8        8      C       57.5010   87.1410  147.8840
  QMMM:     9        9      O       56.4790   86.7150  148.4200
  QMMM:    10       10      C       58.5290   87.3560  150.1520
  QMMM:    11       11      C       59.6590   87.9140  150.9280
  QMMM:    12       12      C       60.8470   88.2240  150.3040
  QMMM:    13       13      C       61.1830   88.0670  148.8530
  QMMM:    14       14      N       61.7050   88.7070  151.2560
  QMMM:    15       15      C       61.0830   88.7190  152.4870
  QMMM:    16       16      C       61.5670   89.1250  153.7360
  QMMM:    17       17      C       60.7030   89.0190  154.8310
  QMMM:    18       18      C       59.4080   88.5270  154.6800
  QMMM:    19       19      C       58.9390   88.1240  153.4240
  QMMM:    20       20      C       59.7910   88.2210  152.3060
  QMMM:    21       21      H       62.6620   88.9920  151.0960
  QMMM:    22       22      C       62.3300   87.0730  148.6700
  QMMM:    23       23      C       63.6640   87.5160  148.5880
  QMMM:    24       24      C       64.6570   86.5740  148.4160
  QMMM:    25       25      C       64.3740   85.2320  148.3260
  QMMM:    26       26      O       65.9880   86.8330  148.3170
  QMMM:    27       27      C       63.0850   84.7550  148.4070
  QMMM:    28       28      O       65.4930   84.4770  148.1580
  QMMM:    29       29      C       62.0560   85.6860  148.5810
  QMMM:    30       30      C       66.5110   85.4980  148.1540
  QMMM:    31       31      H       56.7430   86.9490  144.6510
  QMMM:    32       32      H       55.6230   87.3060  145.9440
  QMMM:    33       33      H       56.3860   85.7370  145.8590
  QMMM:    34       34      H       58.9090   87.6400  144.9490
  QMMM:    35       35      H       59.1700   86.1300  145.8880
  QMMM:    36       36      H       58.5120   88.8790  148.6330
  QMMM:    37       37      H       58.5600   86.2870  150.1940
  QMMM:    38       38      H       57.6060   87.7020  150.5670
  QMMM:    39       39      H       61.5000   89.0170  148.4760
  QMMM:    40       40      H       62.5260   89.4890  153.8450
  QMMM:    41       41      H       61.0300   89.3100  155.7660
  QMMM:    42       42      H       58.7880   88.4590  155.5020
  QMMM:    43       43      H       57.9790   87.7600  153.3180
  QMMM:    44       44      H       63.8930   88.5200  148.6550
  QMMM:    45       45      H       62.8850   83.7450  148.3420
  QMMM:    46       46      H       61.0800   85.3570  148.6460
  QMMM:    47       47      H       67.0340   85.4510  147.2220
  QMMM:    48       48      H       67.1520   85.3070  148.9890

--------------------------------------------------------------------------------
  RESULTS
--------------------------------------------------------------------------------

      iter         sqm energy              rms gradient
      ----    -------------------    -----------------------
xmin    10      -20.1946 kcal/mol        0.6265 kcal/(mol*A)
xmin    20      -21.0076 kcal/mol        0.5538 kcal/(mol*A)
xmin    30      -21.6995 kcal/mol        0.1689 kcal/(mol*A)
xmin    40      -21.9657 kcal/mol        0.1887 kcal/(mol*A)
xmin    50      -22.2854 kcal/mol        0.1827 kcal/(mol*A)
xmin    60      -22.2978 kcal/mol        0.0078 kcal/(mol*A)
  ... geometry converged !
 
 Final MO eigenvalues (eV):
 -42.4348  -42.0741  -41.0665  -39.4969  -38.6003  -37.6428  -36.9138  -36.8098
 -36.5613  -34.1327  -32.9290  -31.4050  -31.3657  -29.9434  -29.8845  -29.2055
 -27.6058  -26.6603  -25.9545  -24.7330  -23.8385  -23.5369  -23.2527  -22.4527
 -21.9297  -20.1913  -19.3382  -19.0646  -18.6377  -18.4993  -18.2856  -17.9426
 -17.8681  -17.6408  -17.2202  -17.0058  -16.7162  -16.2447  -15.7005  -15.5870
 -15.3999  -15.2232  -15.1216  -15.0325  -14.8646  -14.8494  -14.7625  -14.5760
 -14.4651  -14.2080  -14.0808  -13.8492  -13.8105  -13.6395  -13.5103  -13.2582
 -13.0722  -12.9447  -12.8765  -12.4172  -12.3202  -12.1959  -11.8980  -11.7431
 -11.4098  -11.1519  -10.5352  -10.0679   -9.8928   -9.7848   -9.0608   -8.9469
  -8.5049   -0.1138    0.0367    0.2511    0.5736    0.7965    0.8699    1.3059
   1.3835    1.5854    1.8092    1.9526    2.4328    2.4573    2.5619    2.8858
   3.0620    3.1600    3.2954    3.3434    3.4318    3.4809    3.5426    3.6249
   3.6927    3.7118    3.7687    3.8222    3.8695    3.9167    3.9466    4.0276
   4.0679    4.0887    4.1554    4.1898    4.2423    4.3642    4.3786    4.4353
   4.5391    4.5693    4.7282    4.7947    4.9157    4.9901    5.0346    5.0415
   5.0701    5.1007    5.2544    5.4075    5.4295    5.5261    5.6055    5.6493
   5.7157    5.8400    6.0691    6.1617    6.2718    6.4875    6.7236

 Heat of formation   =        -22.29796372 kcal/mol  (       -0.96691226 eV)

 Total SCF energy    =    -114798.88458801 kcal/mol  (    -4978.05318885 eV)
 Electronic energy   =    -916565.24349451 kcal/mol  (   -39745.25144159 eV)
 Core-core repulsion =     801766.35890651 kcal/mol  (    34767.19825274 eV)
 
    Atomic Charges for Step       1 :
  Atom    Element       Mulliken Charge
     1      C                 -0.074
     2      N                 -0.337
     3      C                 -0.038
     4      C                  0.299
     5      O                 -0.359
     6      N                 -0.325
     7      C                  0.026
     8      C                  0.296
     9      O                 -0.350
    10      C                 -0.082
    11      C                 -0.148
    12      C                 -0.051
    13      C                  0.149
    14      N                 -0.190
    15      C                  0.003
    16      C                 -0.143
    17      C                 -0.111
    18      C                 -0.154
    19      C                 -0.083
    20      C                 -0.065
    21      H                  0.255
    22      C                 -0.114
    23      C                 -0.091
    24      C                  0.000
    25      C                  0.021
    26      O                 -0.215
    27      C                 -0.121
    28      O                 -0.217
    29      C                 -0.103
    30      C                  0.098
    31      H                  0.074
    32      H                  0.122
    33      H                  0.074
    34      H                  0.106
    35      H                  0.131
    36      H                  0.107
    37      H                  0.114
    38      H                  0.120
    39      H                  0.125
    40      H                  0.135
    41      H                  0.132
    42      H                  0.132
    43      H                  0.137
    44      H                  0.178
    45      H                  0.158
    46      H                  0.152
    47      H                  0.112
    48      H                  0.111
 Total Mulliken Charge =       0.000
 
                  X        Y        Z     TOTAL  
  QM DIPOLE     0.480    1.217   -0.192    1.322
 
 Final Structure

  QMMM: QM Region Cartesian Coordinates (*=link atom) 
  QMMM: QM_NO.   MM_NO.  ATOM         X         Y         Z
  QMMM:     1        1      C       57.3527   86.2785  145.4753
  QMMM:     2        2      N       58.0646   87.0782  146.4304
  QMMM:     3        3      C       58.9789   88.0654  145.9253
  QMMM:     4        4      C       60.1990   88.3424  146.8091
  QMMM:     5        5      O       61.2293   88.8237  146.3014
  QMMM:     6        6      N       60.1064   88.0556  148.1636
  QMMM:     7        7      C       58.7899   87.7823  148.7148
  QMMM:     8        8      C       57.9488   86.8687  147.7940
  QMMM:     9        9      O       57.1650   86.0259  148.2648
  QMMM:    10       10      C       58.7603   87.1878  150.1368
  QMMM:    11       11      C       59.7194   87.8983  150.9857
  QMMM:    12       12      C       60.9099   88.3971  150.4451
  QMMM:    13       13      C       61.2897   88.2362  149.0042
  QMMM:    14       14      N       61.6500   89.0607  151.4245
  QMMM:    15       15      C       60.9486   88.9507  152.6317
  QMMM:    16       16      C       61.2653   89.4249  153.9149
  QMMM:    17       17      C       60.3538   89.1899  154.9318
  QMMM:    18       18      C       59.1477   88.5029  154.6999
  QMMM:    19       19      C       58.8191   88.0274  153.4400
  QMMM:    20       20      C       59.7100   88.2377  152.3858
  QMMM:    21       21      H       62.5750   89.3847  151.3242
  QMMM:    22       22      C       62.2866   87.1020  148.8572
  QMMM:    23       23      C       63.3103   87.2540  147.8951
  QMMM:    24       24      C       64.2181   86.2209  147.8042
  QMMM:    25       25      C       64.1270   85.0612  148.6193
  QMMM:    26       26      O       65.3211   86.1045  146.9624
  QMMM:    27       27      C       63.1189   84.9028  149.5476
  QMMM:    28       28      O       65.1695   84.1966  148.3070
  QMMM:    29       29      C       62.1922   85.9566  149.6466
  QMMM:    30       30      C       65.9376   84.8303  147.2568
  QMMM:    31       31      H       56.7699   86.9448  144.7840
  QMMM:    32       32      H       56.6445   85.5908  146.0106
  QMMM:    33       33      H       58.0711   85.6655  144.8665
  QMMM:    34       34      H       58.4437   89.0519  145.7912
  QMMM:    35       35      H       59.3704   87.7386  144.9183
  QMMM:    36       36      H       58.2270   88.7698  148.7580
  QMMM:    37       37      H       59.0068   86.0915  150.0950
  QMMM:    38       38      H       57.7115   87.2776  150.5256
  QMMM:    39       39      H       61.7993   89.1878  148.6412
  QMMM:    40       40      H       62.2032   89.9635  154.1040
  QMMM:    41       41      H       60.5754   89.5485  155.9485
  QMMM:    42       42      H       58.4566   88.3437  155.5408
  QMMM:    43       43      H       57.8749   87.4924  153.2634
  QMMM:    44       44      H       63.3556   88.1385  147.2420
  QMMM:    45       45      H       63.0378   84.0066  150.1749
  QMMM:    46       46      H       61.3700   85.8675  150.3763
  QMMM:    47       47      H       65.8881   84.1890  146.3427
  QMMM:    48       48      H       66.9735   85.0131  147.6345

           --------- Calculation Completed ----------

