2024-11-06 23:59:08,305 INFO:main.py:240:print_splash_screen:PDB2PQR v3.6.1: biomolecular structure conversion software.
2024-11-06 23:59:08,305 INFO:main.py:242:print_splash_screen:Please cite:  Jurrus E, et al.  Improvements to the APBS biomolecular solvation software suite.  Protein Sci 27 112-128 (2018).
2024-11-06 23:59:08,305 INFO:main.py:242:print_splash_screen:Please cite:  Dolinsky TJ, et al.  PDB2PQR: expanding and upgrading automated preparation of biomolecular structures for molecular simulations. Nucleic Acids Res 35 W522-W525 (2007).
2024-11-06 23:59:08,305 INFO:main.py:759:main_driver:Checking and transforming input arguments.
2024-11-06 23:59:08,306 INFO:main.py:763:main_driver:Loading topology files.
2024-11-06 23:59:08,359 INFO:main.py:765:main_driver:Loading molecule: ./tmp_pdb2pqr.pdb
2024-11-06 23:59:08,407 INFO:main.py:770:main_driver:Setting up molecule.
2024-11-06 23:59:08,460 INFO:main.py:408:setup_molecule:Created biomolecule object with 619 residues and 9585 atoms.
2024-11-06 23:59:08,461 INFO:main.py:774:main_driver:Setting termini states for biomolecule chains.
2024-11-06 23:59:08,481 INFO:main.py:604:non_trivial:Loading forcefield.
2024-11-06 23:59:08,488 INFO:main.py:608:non_trivial:Loading hydrogen topology definitions.
2024-11-06 23:59:08,492 WARNING:biomolecule.py:157:num_missing_heavy:Missing atom OXT in residue PRO A 449
2024-11-06 23:59:08,495 WARNING:biomolecule.py:157:num_missing_heavy:Missing atom OXT in residue PRO A 449
2024-11-06 23:59:08,496 INFO:main.py:618:non_trivial:Attempting to repair 1 missing atoms in biomolecule.
2024-11-06 23:59:08,497 WARNING:biomolecule.py:157:num_missing_heavy:Missing atom OXT in residue PRO A 449
2024-11-06 23:59:08,501 INFO:biomolecule.py:1077:repair_heavy:Added atom OXT to residue PRO A 449 at coordinates 67.810, 66.810, 136.365
2024-11-06 23:59:08,502 INFO:main.py:623:non_trivial:Updating disulfide bridges.
2024-11-06 23:59:08,506 INFO:main.py:626:non_trivial:Debumping biomolecule.
2024-11-06 23:59:08,695 INFO:main.py:633:non_trivial:Assigning titration states with PROPKA.
2024-11-06 23:59:08,729 INFO:output.py:74:print_header:
propka3.5.1                                                                                  2024-11-06

-------------------------------------------------------------------------------
--                                                                           --
--  PROPKA: A PROTEIN PKA PREDICTOR                                          --
--                                                                           --
--  VERSION 1.0,  04/25/2004,  IOWA CITY                                     --
--  BY HUI LI                                                                --
--                                                                           --
--  VERSION 2.0,  11/05/2007, IOWA CITY/COPENHAGEN                           --
--  BY DELPHINE C. BAS AND DAVID M. ROGERS                                   --
--                                                                           --
--  VERSION 3.0,  01/06/2011, COPENHAGEN                                     --
--  BY MATS H.M. OLSSON AND CHRESTEN R. SONDERGARD                           --
--                                                                           --
--  VERSION 3.1,  07/01/2011, COPENHAGEN                                     --
--  BY CHRESTEN R. SONDERGARD AND MATS H.M. OLSSON                           --
--                                                                           --
--  VERSION 3.2,  06/17/2020, PLANET EARTH                                   --
--  SEE ABOVE FOR AUTHORS                                                    --
--                                                                           --
-------------------------------------------------------------------------------


-------------------------------------------------------------------------------
References:

Very Fast Empirical Prediction and Rationalization of Protein pKa Values.
Hui Li, Andrew D. Robertson and Jan H. Jensen. PROTEINS: Structure, Function,
and Bioinformatics. 61:704-721 (2005)

Very Fast Prediction and Rationalization of pKa Values for Protein-Ligand
Complexes.  Delphine C. Bas, David M. Rogers and Jan H. Jensen.  PROTEINS:
Structure, Function, and Bioinformatics 73:765-783 (2008)

PROPKA3: Consistent Treatment of Internal and Surface Residues in Empirical
pKa predictions.  Mats H.M. Olsson, Chresten R. Sondergard, Michal Rostkowski,
and Jan H. Jensen.  Journal of Chemical Theory and Computation, 7(2):525-537
(2011)

Improved Treatment of Ligands and Coupling Effects in Empirical Calculation
and Rationalization of pKa Values.  Chresten R. Sondergaard, Mats H.M. Olsson,
Michal Rostkowski, and Jan H. Jensen.  Journal of Chemical Theory and
Computation, (2011)
-------------------------------------------------------------------------------



2024-11-06 23:59:08,932 INFO:conformation_container.py:124:find_covalently_coupled_groups:Coupling map:

2024-11-06 23:59:08,933 INFO:conformation_container.py:213:calculate_pka:Calculating pKas for Conformation container 1A with 5729 atoms and 1504 groups
2024-11-06 23:59:10,831 WARNING:energy.py:226:hydrogen_bond_interaction:Side chain interaction failed for C-  660 B and CYS 469 B
2024-11-06 23:59:10,831 WARNING:energy.py:226:hydrogen_bond_interaction:Side chain interaction failed for C-  660 B and ARG 500 B
2024-11-06 23:59:10,831 WARNING:energy.py:226:hydrogen_bond_interaction:Side chain interaction failed for C-  660 B and SER 652 B
2024-11-06 23:59:10,831 WARNING:energy.py:226:hydrogen_bond_interaction:Side chain interaction failed for C-  660 B and LYS 654 B
2024-11-06 23:59:10,831 WARNING:energy.py:226:hydrogen_bond_interaction:Side chain interaction failed for C-  660 B and SER 655 B
2024-11-06 23:59:10,831 WARNING:energy.py:226:hydrogen_bond_interaction:Side chain interaction failed for C-  660 B and ASP 656 B
2024-11-06 23:59:10,831 WARNING:energy.py:226:hydrogen_bond_interaction:Side chain interaction failed for C-  660 B and CYS 660 B
2024-11-06 23:59:10,981 INFO:output.py:225:print_pka_section:pKa determinants:

---------  -----   ------   ---------------------    --------------    --------------    --------------
                            DESOLVATION  EFFECTS       SIDECHAIN          BACKBONE        COULOMBIC
 RESIDUE    pKa    BURIED     REGULAR      RE        HYDROGEN BOND     HYDROGEN BOND      INTERACTION
---------  -----   ------   ---------   ---------    --------------    --------------    --------------

ASP  40 A   3.45    28 %    1.27  360   0.18    0   -0.60 ARG 368 A   -0.47 VAL  41 A   -0.01 LYS  36 A
ASP  40 A                                            0.00 XXX   0 X    0.00 XXX   0 X   -0.22 LYS 372 A
ASP  40 A                                            0.00 XXX   0 X    0.00 XXX   0 X   -0.50 ARG 368 A

ASP  46 A   3.46     0 %    0.42  251   0.00    0   -0.36 ARG  98 A   -0.06 ASP  46 A   -0.03 LYS  47 A
ASP  46 A                                            0.00 XXX   0 X    0.00 XXX   0 X   -0.30 ARG  98 A

ASP  72 A   3.28     0 %    0.32  258   0.00    0   -0.25 LYS  76 A    0.00 XXX   0 X   -0.21 LYS  75 A
ASP  72 A                                            0.00 XXX   0 X    0.00 XXX   0 X   -0.38 LYS  76 A

ASP  88 A   3.03     0 %    0.25  223   0.00    0   -0.09 THR  86 A    0.00 XXX   0 X   -0.06 LYS  47 A
ASP  88 A                                           -0.53 LYS  71 A    0.00 XXX   0 X   -0.01 LYS  75 A
ASP  88 A                                            0.00 XXX   0 X    0.00 XXX   0 X   -0.33 LYS  71 A

ASP  90 A   4.93    23 %    1.11  346   0.24    0   -0.34 THR  93 A    0.00 XXX   0 X   -0.01 LYS  71 A
ASP  90 A                                            0.00 XXX   0 X    0.00 XXX   0 X    0.13 ASP  88 A

ASP 106 A   5.16    89 %    3.99  530   0.59    0   -0.85 TYR  58 A    0.00 XXX   0 X   -1.84 ARG 101 A
ASP 106 A                                           -0.54 ARG 101 A    0.00 XXX   0 X    0.00 XXX   0 X

ASP 120 A   3.58     0 %    0.32  229   0.00    0    0.00 XXX   0 X    0.00 XXX   0 X   -0.33 LYS 116 A
ASP 120 A                                            0.00 XXX   0 X    0.00 XXX   0 X   -0.21 LYS 118 A

ASP 134 A   6.27   100 %    2.69  560   0.81    0   -0.00 THR 132 A   -0.57 TRP 213 A   -0.34 LYS 187 A
ASP 134 A                                            0.00 XXX   0 X    0.00 XXX   0 X   -0.13 ARG 315 A
ASP 134 A                                            0.00 XXX   0 X    0.00 XXX   0 X    0.01 ASP 210 A
ASP 134 A                                            0.00 XXX   0 X    0.00 XXX   0 X    0.01 ASP 392 A

ASP 136 A   3.38    65 %    2.63  463   0.00    0   -0.85 THR 139 A   -0.39 ASP 136 A   -0.09 LYS 224 A
ASP 136 A                                           -0.71 ARG 222 A   -0.54 THR 139 A   -0.48 ARG 222 A

ASP 141 A   4.92    61 %    2.32  452   0.42    0   -0.85 TYR 131 A   -0.01 ASP 141 A    0.08 ASP 136 A
ASP 141 A                                           -0.30 ARG 161 A    0.00 XXX   0 X    0.08 GLU 138 A
ASP 141 A                                            0.00 XXX   0 X    0.00 XXX   0 X    0.04 ASP 142 A
ASP 141 A                                            0.00 XXX   0 X    0.00 XXX   0 X   -0.65 ARG 161 A

ASP 142 A   3.66    20 %    0.68  338   0.09    0   -0.45 ARG 146 A    0.00 XXX   0 X   -0.00 ARG 222 A
ASP 142 A                                            0.00 XXX   0 X    0.00 XXX   0 X    0.03 ASP 136 A
ASP 142 A                                            0.00 XXX   0 X    0.00 XXX   0 X   -0.48 ARG 146 A

ASP 153 A   4.26    14 %    0.43  321   0.09    0    0.00 XXX   0 X    0.00 XXX   0 X   -0.06 ARG 158 A

ASP 164 A   3.43     0 %    0.21  167   0.00    0    0.00 XXX   0 X   -0.35 GLY 165 A   -0.22 ARG 127 A

ASP 168 A   3.50    33 %    1.25  375   0.19    0   -0.74 THR 125 A   -0.24 THR 125 A   -0.44 LYS 121 A
ASP 168 A                                           -0.29 LYS 121 A   -0.02 ASP 168 A    0.00 XXX   0 X

ASP 180 A   4.88    40 %    1.70  394   0.12    0    0.00 XXX   0 X   -0.37 ASP 180 A    0.17 GLU 177 A
ASP 180 A                                            0.00 XXX   0 X   -0.06 GLY 181 A    0.00 XXX   0 X
ASP 180 A                                            0.00 XXX   0 X   -0.48 TYR 182 A    0.00 XXX   0 X

ASP 185 A   5.80    65 %    1.40  463   0.85    0    0.00 XXX   0 X   -0.21 ASP 185 A   -0.02 LYS  44 A
ASP 185 A                                            0.00 XXX   0 X   -0.05 LEU 190 A    0.01 ASP 188 A
ASP 185 A                                            0.00 XXX   0 X    0.00 XXX   0 X    0.03 ASP 210 A

ASP 188 A   3.80    74 %    1.66  489   0.00    0   -0.82 TYR 395 A    0.00 XXX   0 X   -0.35 LYS 372 A
ASP 188 A                                            0.00 XXX   0 X    0.00 XXX   0 X    0.01 ASP 370 A
ASP 188 A                                            0.00 XXX   0 X    0.00 XXX   0 X   -0.51 LYS 187 A

ASP 210 A   3.86    35 %    1.44  378   0.02    0   -0.13 TRP 176 A    0.00 XXX   0 X   -0.04 LYS 187 A
ASP 210 A                                           -0.76 ARG 175 A    0.00 XXX   0 X   -0.48 ARG 175 A

ASP 229 A   3.57     2 %    0.43  288   0.04    0   -0.14 LYS 224 A    0.00 XXX   0 X   -0.09 ARG 222 A
ASP 229 A                                            0.00 XXX   0 X    0.00 XXX   0 X   -0.46 LYS 224 A

ASP 249 A   4.28    17 %    0.51  330   0.13    0    0.00 XXX   0 X   -0.16 ASP 249 A   -0.01 LYS 242 A
ASP 249 A                                            0.00 XXX   0 X    0.00 XXX   0 X   -0.02 ARG 252 A
ASP 249 A                                            0.00 XXX   0 X    0.00 XXX   0 X    0.04 ASP 254 A

ASP 254 A   1.99     0 %    0.64  240   0.00    0   -1.24 ARG 252 A   -0.40 ASP 254 A   -0.38 ARG 252 A
ASP 254 A                                            0.00 XXX   0 X   -0.43 PHE 256 A    0.00 XXX   0 X

ASP 268 A   3.21     0 %    0.43  213   0.00    0   -0.65 THR 262 A    0.00 XXX   0 X   -0.11 LYS 267 A
ASP 268 A                                            0.00 XXX   0 X    0.00 XXX   0 X   -0.27 LYS 270 A

ASP 303 A   4.02     0 %    0.22  229   0.00    0    0.00 XXX   0 X    0.00 XXX   0 X    0.00 XXX   0 X

ASP 312 A   2.53    16 %    1.08  327   0.02    0   -1.38 ARG 310 A   -0.22 ASP 312 A   -0.01 ARG 127 A
ASP 312 A                                            0.00 XXX   0 X   -0.32 TYR 314 A   -0.44 ARG 310 A

ASP 322 A   3.12     0 %    0.55  220   0.00    0    0.00 XXX   0 X   -0.13 ASP 324 A   -0.16 ARG 296 A
ASP 322 A                                            0.00 XXX   0 X   -0.83 ARG 325 A   -0.25 ARG 325 A
ASP 322 A                                            0.00 XXX   0 X    0.00 XXX   0 X   -0.04 LYS 327 A
ASP 322 A                                            0.00 XXX   0 X    0.00 XXX   0 X    0.18 ASP 326 A

ASP 324 A   4.51     0 %    0.67  255   0.00    0    0.00 XXX   0 X    0.00 XXX   0 X   -0.12 ARG 296 A
ASP 324 A                                            0.00 XXX   0 X    0.00 XXX   0 X   -0.07 LYS 327 A
ASP 324 A                                            0.00 XXX   0 X    0.00 XXX   0 X    0.22 ASP 322 A
ASP 324 A                                            0.00 XXX   0 X    0.00 XXX   0 X    0.02 ASP 326 A

ASP 326 A   1.92     0 %    0.68  240   0.00    0   -0.69 THR 320 A   -0.11 ASP 322 A   -0.06 LYS 327 A
ASP 326 A                                           -1.29 ARG 325 A   -0.01 ASP 326 A   -0.02 LYS 328 A
ASP 326 A                                            0.00 XXX   0 X    0.00 XXX   0 X   -0.38 ARG 325 A

ASP 370 A   3.62    25 %    1.37  351   0.08    0   -0.13 ARG 368 A   -0.09 ASP 370 A   -0.30 LYS 372 A
ASP 370 A                                            0.00 XXX   0 X   -0.78 LYS 372 A    0.16 ASP  40 A
ASP 370 A                                            0.00 XXX   0 X    0.00 XXX   0 X   -0.49 ARG 368 A

ASP 382 A   3.20     2 %    0.61  288   0.01    0    0.00 XXX   0 X   -0.68 LEU 356 A   -0.17 ARG 385 A
ASP 382 A                                            0.00 XXX   0 X   -0.37 GLY 357 A    0.00 XXX   0 X

ASP 383 A   4.37     0 %    0.32  185   0.00    0    0.00 XXX   0 X    0.00 XXX   0 X   -0.05 ARG 385 A
ASP 383 A                                            0.00 XXX   0 X    0.00 XXX   0 X    0.11 ASP 382 A
ASP 383 A                                            0.00 XXX   0 X    0.00 XXX   0 X    0.20 ASP 384 A

ASP 384 A   3.31     0 %    0.41  239   0.00    0   -0.85 THR 378 A    0.00 XXX   0 X   -0.02 ARG 385 A
ASP 384 A                                            0.00 XXX   0 X    0.00 XXX   0 X   -0.02 LYS 386 A

ASP 392 A   4.44    72 %    1.64  482   0.10    0   -0.05 LYS 187 A   -0.32 ASP 392 A   -0.17 LYS 372 A
ASP 392 A                                            0.00 XXX   0 X   -0.16 GLY 394 A   -0.98 LYS 187 A
ASP 392 A                                            0.00 XXX   0 X    0.00 XXX   0 X    0.58 ASP 188 A

ASP 416 A   5.32    55 %    2.03  435   0.00    0   -0.22 THR 465 B   -0.69 GLY 418 A   -0.04 LYS 439 A
ASP 416 A                                            0.00 XXX   0 X    0.00 XXX   0 X    0.45 ASP 436 A

ASP 436 A   3.71    37 %    1.00  384   0.00    0   -0.80 SER 414 A    0.00 XXX   0 X   -0.30 LYS 439 A

ASP 437 A   6.69    89 %    3.67  531   0.64    0   -0.20 SER 434 A   -0.74 LEU 420 A    0.24 ASP 416 A
ASP 437 A                                            0.00 XXX   0 X   -0.61 MET 421 A    0.30 ASP 436 A
ASP 437 A                                            0.00 XXX   0 X   -0.43 SER 434 A    0.00 XXX   0 X

GLU  48 A   4.22     0 %    0.31  173   0.00    0    0.00 XXX   0 X   -0.37 THR  45 A   -0.23 LYS  44 A

GLU  63 A   4.56     0 %    0.07   85   0.00    0    0.00 XXX   0 X    0.00 XXX   0 X   -0.01 LYS  62 A

GLU  95 A   5.13    39 %    0.85  391   0.29    0    0.00 XXX   0 X    0.00 XXX   0 X   -0.01 ARG  98 A
GLU  95 A                                            0.00 XXX   0 X    0.00 XXX   0 X   -0.22 LYS  99 A
GLU  95 A                                            0.00 XXX   0 X    0.00 XXX   0 X   -0.43 ARG 495 B
GLU  95 A                                            0.00 XXX   0 X    0.00 XXX   0 X    0.15 GLU 484 B

GLU 138 A   3.80     0 %    0.22  282   0.00    0   -0.73 ARG 222 A    0.00 XXX   0 X   -0.05 LYS 224 A
GLU 138 A                                            0.00 XXX   0 X    0.00 XXX   0 X    0.19 ASP 136 A
GLU 138 A                                            0.00 XXX   0 X    0.00 XXX   0 X    0.01 ASP 142 A
GLU 138 A                                            0.00 XXX   0 X    0.00 XXX   0 X    0.01 ASP 229 A
GLU 138 A                                            0.00 XXX   0 X    0.00 XXX   0 X   -0.34 ARG 222 A

GLU 166 A   5.17    13 %    0.54  317   0.14    0    0.00 XXX   0 X    0.00 XXX   0 X   -0.06 ARG 127 A
GLU 166 A                                            0.00 XXX   0 X    0.00 XXX   0 X    0.05 ASP 168 A

GLU 177 A   4.43     0 %    0.41  244   0.00    0    0.00 XXX   0 X   -0.47 GLY 179 A    0.00 XXX   0 X

GLU 217 A   4.31    37 %    0.82  384   0.00    0   -0.77 TYR 427 A    0.00 XXX   0 X   -0.10 LYS 234 A
GLU 217 A                                            0.00 XXX   0 X    0.00 XXX   0 X   -0.14 LYS 429 A

GLU 231 A   4.51     0 %    0.32  269   0.00    0    0.00 XXX   0 X   -0.32 GLU 231 A   -0.03 ARG 222 A
GLU 231 A                                            0.00 XXX   0 X    0.00 XXX   0 X   -0.01 LYS 270 A
GLU 231 A                                            0.00 XXX   0 X    0.00 XXX   0 X    0.05 ASP 229 A

GLU 243 A   3.01    10 %    0.66  309   0.00    0   -0.85 TYR 263 A    0.00 XXX   0 X   -0.38 ARG 550 B
GLU 243 A                                           -0.92 ARG 550 B    0.00 XXX   0 X    0.00 XXX   0 X

GLU 266 A   4.64     0 %    0.14  176   0.00    0    0.00 XXX   0 X    0.00 XXX   0 X    0.00 XXX   0 X

GLU 277 A   4.99    83 %    2.42  513   0.50    0   -0.74 THR 335 A   -0.47 GLU 277 A   -1.17 ARG 315 A
GLU 277 A                                           -0.04 ARG 315 A    0.00 XXX   0 X    0.00 XXX   0 X

GLU 287 A   4.44     0 %    0.10  140   0.00    0    0.00 XXX   0 X    0.00 XXX   0 X   -0.16 LYS 328 A

GLU 308 A   4.64     0 %    0.18  212   0.00    0   -0.04 TYR 302 A    0.00 XXX   0 X    0.00 XXX   0 X

GLU 321 A   4.20     0 %    0.19  204   0.00    0   -0.36 ARG 325 A    0.00 XXX   0 X   -0.08 LYS 292 A
GLU 321 A                                            0.00 XXX   0 X    0.00 XXX   0 X    0.10 ASP 322 A
GLU 321 A                                            0.00 XXX   0 X    0.00 XXX   0 X    0.12 ASP 326 A
GLU 321 A                                            0.00 XXX   0 X    0.00 XXX   0 X   -0.27 ARG 325 A

GLU 345 A   4.55     0 %    0.13  202   0.00    0    0.00 XXX   0 X    0.00 XXX   0 X   -0.12 LYS 386 A
GLU 345 A                                            0.00 XXX   0 X    0.00 XXX   0 X    0.04 ASP 303 A

GLU 361 A   4.43     0 %    0.29  228   0.00    0    0.00 XXX   0 X   -0.06 GLU 361 A   -0.29 LYS 359 A

GLU 412 A   6.89    73 %    1.81  485   0.51    0    0.00 XXX   0 X    0.00 XXX   0 X    0.07 ASP 106 A

GLU 443 A   4.60     0 %    0.18  251   0.00    0    0.00 XXX   0 X    0.00 XXX   0 X   -0.08 LYS 439 A

C-  449 A   3.27     0 %    0.20  135   0.00    0    0.00 XXX   0 X    0.00 XXX   0 X   -0.13 ARG 158 A

CYS  60 A   8.83*   18 %    1.17  333   0.00    0   -0.40 THR  73 A    0.00 XXX   0 X   -0.03 LYS  62 A
CYS  60 A                                           -0.85 CYS  65 A    0.00 XXX   0 X   -0.08 LYS  76 A
CYS  60 A                                            0.00 XXX   0 X    0.00 XXX   0 X    0.02 ASP  72 A

CYS  65 A  11.35*   18 %    1.10  331   0.00    0    0.85 CYS  60 A   -0.04 ASN  66 A   -0.01 LYS  47 A
CYS  65 A                                            0.00 XXX   0 X    0.00 XXX   0 X   -0.00 LYS  62 A
CYS  65 A                                            0.00 XXX   0 X    0.00 XXX   0 X    0.45 CYS  60 A

TYR  53 A  12.13   100 %    4.09  565   0.00    0   -0.79 ARG 101 A    0.00 XXX   0 X   -2.03 ARG 101 A
TYR  53 A                                            0.00 XXX   0 X    0.00 XXX   0 X    0.86 ASP 106 A

TYR  58 A  16.39    82 %    4.31  510   0.00    0    0.85 ASP 106 A    0.00 XXX   0 X   -0.73 ARG 101 A
TYR  58 A                                            0.00 XXX   0 X    0.00 XXX   0 X    0.71 TYR  53 A
TYR  58 A                                            0.00 XXX   0 X    0.00 XXX   0 X    1.26 ASP 106 A

TYR 110 A  10.01     0 %    0.14  156   0.00    0    0.00 XXX   0 X    0.00 XXX   0 X   -0.14 ARG 115 A
TYR 110 A                                            0.00 XXX   0 X    0.00 XXX   0 X    0.01 GLU 412 A

TYR 126 A  11.55    62 %    1.68  456   0.00    0    0.00 XXX   0 X    0.00 XXX   0 X    0.13 ASP 141 A
TYR 126 A                                            0.00 XXX   0 X    0.00 XXX   0 X   -0.26 ARG 161 A

TYR 131 A  14.51    61 %    2.48  453   0.00    0   -0.38 ARG 161 A    0.00 XXX   0 X    0.02 ASP 136 A
TYR 131 A                                            0.67 TYR 314 A    0.00 XXX   0 X    0.01 GLU 138 A
TYR 131 A                                            0.85 ASP 141 A    0.00 XXX   0 X   -0.63 ARG 161 A
TYR 131 A                                            0.00 XXX   0 X    0.00 XXX   0 X    0.04 ASP 312 A
TYR 131 A                                            0.00 XXX   0 X    0.00 XXX   0 X    0.04 TYR 126 A
TYR 131 A                                            0.00 XXX   0 X    0.00 XXX   0 X    0.64 TYR 314 A
TYR 131 A                                            0.00 XXX   0 X    0.00 XXX   0 X    0.76 ASP 141 A

TYR 182 A  10.76    27 %    0.67  358   0.00    0    0.00 XXX   0 X    0.00 XXX   0 X    0.09 ASP 180 A

TYR 225 A  10.63    18 %    0.53  333   0.00    0    0.00 XXX   0 X    0.00 XXX   0 X    0.11 ASP 229 A

TYR 232 A  11.19    48 %    1.56  416   0.00    0   -0.85 THR 139 A    0.00 XXX   0 X    0.06 GLU 138 A
TYR 232 A                                            0.00 XXX   0 X    0.00 XXX   0 X    0.15 ASP 142 A
TYR 232 A                                            0.00 XXX   0 X    0.00 XXX   0 X   -0.09 ARG 146 A
TYR 232 A                                            0.00 XXX   0 X    0.00 XXX   0 X   -0.27 ARG 222 A
TYR 232 A                                            0.00 XXX   0 X    0.00 XXX   0 X    0.63 ASP 136 A

TYR 244 A  10.88    35 %    1.59  379   0.00    0   -0.74 THR 250 A    0.00 XXX   0 X    0.02 ASP 249 A

TYR 263 A  11.35     0 %    0.56  275   0.00    0   -0.21 ARG 550 B    0.00 XXX   0 X   -0.24 ARG 550 B
TYR 263 A                                            0.85 GLU 243 A    0.00 XXX   0 X    0.40 GLU 243 A

TYR 271 A  10.17     2 %    0.28  287   0.00    0    0.00 XXX   0 X    0.00 XXX   0 X   -0.10 ARG 252 A
TYR 271 A                                            0.00 XXX   0 X    0.00 XXX   0 X    0.00 ASP 254 A

TYR 302 A  10.40     0 %    0.54  257   0.00    0   -0.53 THR 300 A    0.00 XXX   0 X    0.32 GLU 308 A
TYR 302 A                                            0.04 GLU 308 A    0.00 XXX   0 X    0.02 ASP 324 A

TYR 314 A  10.54    37 %    0.91  385   0.00    0   -0.67 TYR 131 A    0.00 XXX   0 X    0.03 GLU 138 A
TYR 314 A                                            0.00 XXX   0 X    0.00 XXX   0 X    0.40 ASP 141 A
TYR 314 A                                            0.00 XXX   0 X    0.00 XXX   0 X   -0.27 ARG 161 A
TYR 314 A                                            0.00 XXX   0 X    0.00 XXX   0 X   -0.05 ARG 310 A
TYR 314 A                                            0.00 XXX   0 X    0.00 XXX   0 X    0.19 ASP 312 A

TYR 323 A  10.78    17 %    0.60  328   0.00    0    0.00 XXX   0 X    0.00 XXX   0 X   -0.03 ARG 310 A
TYR 323 A                                            0.00 XXX   0 X    0.00 XXX   0 X    0.08 ASP 324 A
TYR 323 A                                            0.00 XXX   0 X    0.00 XXX   0 X    0.14 TYR 329 A

TYR 329 A  10.18     0 %    0.29  271   0.00    0    0.00 XXX   0 X    0.00 XXX   0 X   -0.11 ARG 310 A
TYR 329 A                                            0.00 XXX   0 X    0.00 XXX   0 X    0.01 ASP 312 A

TYR 360 A  10.35    19 %    1.01  334   0.00    0   -0.71 ASN 358 A    0.00 XXX   0 X    0.05 ASP 382 A

TYR 381 A  11.82    38 %    1.95  389   0.00    0    0.00 XXX   0 X    0.00 XXX   0 X    0.02 ASP  40 A
TYR 381 A                                            0.00 XXX   0 X    0.00 XXX   0 X   -0.01 ARG 368 A
TYR 381 A                                            0.00 XXX   0 X    0.00 XXX   0 X    0.05 ASP 382 A
TYR 381 A                                            0.00 XXX   0 X    0.00 XXX   0 X   -0.19 ARG 385 A

TYR 395 A  15.45    82 %    2.90  512   0.00    0    0.82 ASP 188 A    0.00 XXX   0 X    0.43 ASP 392 A
TYR 395 A                                            0.00 XXX   0 X    0.00 XXX   0 X    0.24 TYR 425 A
TYR 395 A                                            0.00 XXX   0 X    0.00 XXX   0 X    1.06 ASP 188 A

TYR 425 A  12.35    88 %    3.12  529   0.00    0    0.00 XXX   0 X   -0.81 SER 396 A    0.02 GLU 217 A
TYR 425 A                                            0.00 XXX   0 X    0.00 XXX   0 X    0.02 ASP 392 A

TYR 427 A  13.52    45 %    1.95  407   0.00    0    0.77 GLU 217 A    0.00 XXX   0 X    0.01 GLU 515 B
TYR 427 A                                            0.00 XXX   0 X    0.00 XXX   0 X    0.22 TYR 425 A
TYR 427 A                                            0.00 XXX   0 X    0.00 XXX   0 X    0.57 GLU 217 A

TYR 445 A  13.39    63 %    3.37  457   0.00    0    0.00 XXX   0 X   -0.08 TRP 119 A    0.11 ASP 120 A

LYS  36 A  10.43     0 %   -0.08  147   0.00    0    0.00 XXX   0 X    0.00 XXX   0 X    0.01 ASP  40 A

LYS  44 A  10.58     0 %   -0.17  223   0.00    0    0.00 XXX   0 X    0.00 XXX   0 X    0.23 GLU  48 A
LYS  44 A                                            0.00 XXX   0 X    0.00 XXX   0 X    0.02 ASP 185 A

LYS  47 A  10.02     2 %   -0.36  288   0.00    0    0.00 XXX   0 X    0.00 XXX   0 X    0.03 ASP  46 A
LYS  47 A                                            0.00 XXX   0 X    0.00 XXX   0 X    0.01 CYS  65 A
LYS  47 A                                            0.00 XXX   0 X    0.00 XXX   0 X    0.06 ASP  88 A
LYS  47 A                                            0.00 XXX   0 X    0.00 XXX   0 X   -0.22 LYS  71 A

LYS  62 A  10.32     0 %   -0.23  245   0.00    0    0.00 XXX   0 X    0.00 XXX   0 X    0.03 CYS  60 A
LYS  62 A                                            0.00 XXX   0 X    0.00 XXX   0 X    0.01 GLU  63 A
LYS  62 A                                            0.00 XXX   0 X    0.00 XXX   0 X    0.00 CYS  65 A

LYS  71 A  11.03     0 %   -0.34  245   0.00    0    0.53 ASP  88 A    0.00 XXX   0 X    0.01 ASP  90 A
LYS  71 A                                            0.00 XXX   0 X    0.00 XXX   0 X    0.33 ASP  88 A

LYS  75 A  10.44     0 %   -0.24  208   0.00    0    0.00 XXX   0 X    0.00 XXX   0 X    0.21 ASP  72 A
LYS  75 A                                            0.00 XXX   0 X    0.00 XXX   0 X    0.01 ASP  88 A
LYS  75 A                                            0.00 XXX   0 X    0.00 XXX   0 X   -0.01 LYS  71 A
LYS  75 A                                            0.00 XXX   0 X    0.00 XXX   0 X   -0.03 LYS  76 A

LYS  76 A  10.80     7 %   -0.41  301   0.00    0    0.25 ASP  72 A    0.00 XXX   0 X    0.08 CYS  60 A
LYS  76 A                                            0.00 XXX   0 X    0.00 XXX   0 X    0.38 ASP  72 A

LYS  79 A  10.38     0 %   -0.12  203   0.00    0    0.00 XXX   0 X    0.00 XXX   0 X    0.00 XXX   0 X

LYS  99 A   8.91    80 %   -1.73  506   0.00    0    0.00 XXX   0 X    0.00 XXX   0 X    0.22 GLU  95 A
LYS  99 A                                            0.00 XXX   0 X    0.00 XXX   0 X   -0.07 ARG 495 B

LYS 116 A  10.24     6 %   -0.51  299   0.00    0    0.00 XXX   0 X    0.00 XXX   0 X    0.33 ASP 120 A
LYS 116 A                                            0.00 XXX   0 X    0.00 XXX   0 X   -0.08 LYS 118 A

LYS 118 A  10.54     0 %   -0.16  201   0.00    0    0.00 XXX   0 X    0.00 XXX   0 X    0.21 ASP 120 A

LYS 121 A  10.87     0 %   -0.36  282   0.00    0    0.29 ASP 168 A    0.00 XXX   0 X    0.44 ASP 168 A

LYS 187 A  10.30    84 %   -2.12  516   0.00    0    0.05 ASP 392 A    0.00 XXX   0 X    0.34 ASP 134 A
LYS 187 A                                            0.00 XXX   0 X    0.00 XXX   0 X    0.04 ASP 210 A
LYS 187 A                                            0.00 XXX   0 X    0.00 XXX   0 X    0.51 ASP 188 A
LYS 187 A                                            0.00 XXX   0 X    0.00 XXX   0 X    0.98 ASP 392 A

LYS 224 A  10.09    40 %   -0.98  393   0.00    0    0.14 ASP 229 A    0.00 XXX   0 X    0.09 ASP 136 A
LYS 224 A                                            0.00 XXX   0 X    0.00 XXX   0 X    0.05 GLU 138 A
LYS 224 A                                            0.00 XXX   0 X    0.00 XXX   0 X   -0.17 ARG 222 A
LYS 224 A                                            0.00 XXX   0 X    0.00 XXX   0 X    0.46 ASP 229 A

LYS 234 A  10.24    26 %   -0.36  353   0.00    0    0.00 XXX   0 X    0.00 XXX   0 X    0.10 GLU 217 A

LYS 242 A   8.61    52 %   -1.90  427   0.00    0    0.00 XXX   0 X    0.00 XXX   0 X    0.01 ASP 249 A

LYS 267 A  10.54     0 %   -0.07   92   0.00    0    0.00 XXX   0 X    0.00 XXX   0 X    0.11 ASP 268 A

LYS 270 A  10.47     0 %   -0.30  194   0.00    0    0.00 XXX   0 X    0.00 XXX   0 X    0.01 GLU 231 A
LYS 270 A                                            0.00 XXX   0 X    0.00 XXX   0 X    0.27 ASP 268 A
LYS 270 A                                            0.00 XXX   0 X    0.00 XXX   0 X   -0.02 LYS 267 A

LYS 292 A  10.43     0 %   -0.15  223   0.00    0    0.00 XXX   0 X    0.00 XXX   0 X    0.08 GLU 321 A

LYS 327 A  10.46     0 %   -0.20  158   0.00    0    0.00 XXX   0 X    0.00 XXX   0 X    0.04 ASP 322 A
LYS 327 A                                            0.00 XXX   0 X    0.00 XXX   0 X    0.07 ASP 324 A
LYS 327 A                                            0.00 XXX   0 X    0.00 XXX   0 X   -0.01 ARG 325 A
LYS 327 A                                            0.00 XXX   0 X    0.00 XXX   0 X    0.06 ASP 326 A

LYS 328 A  10.44     0 %   -0.24  209   0.00    0    0.00 XXX   0 X    0.00 XXX   0 X    0.16 GLU 287 A
LYS 328 A                                            0.00 XXX   0 X    0.00 XXX   0 X    0.02 ASP 326 A

LYS 359 A  10.64     0 %   -0.15  152   0.00    0    0.00 XXX   0 X    0.00 XXX   0 X    0.29 GLU 361 A

LYS 372 A   9.23    54 %   -1.77  432   0.00    0    0.00 XXX   0 X    0.00 XXX   0 X    0.22 ASP  40 A
LYS 372 A                                            0.00 XXX   0 X    0.00 XXX   0 X    0.35 ASP 188 A
LYS 372 A                                            0.00 XXX   0 X    0.00 XXX   0 X   -0.29 ARG 368 A
LYS 372 A                                            0.00 XXX   0 X    0.00 XXX   0 X    0.30 ASP 370 A
LYS 372 A                                            0.00 XXX   0 X    0.00 XXX   0 X    0.17 ASP 392 A
LYS 372 A                                            0.00 XXX   0 X    0.00 XXX   0 X   -0.26 LYS 187 A

LYS 386 A   9.75     3 %   -0.90  291   0.00    0    0.00 XXX   0 X    0.00 XXX   0 X    0.12 GLU 345 A
LYS 386 A                                            0.00 XXX   0 X    0.00 XXX   0 X    0.02 ASP 384 A

LYS 429 A  10.18    29 %   -0.75  362   0.00    0    0.00 XXX   0 X    0.00 XXX   0 X    0.14 GLU 217 A
LYS 429 A                                            0.00 XXX   0 X    0.00 XXX   0 X   -0.02 ARG 491 B
LYS 429 A                                            0.00 XXX   0 X    0.00 XXX   0 X    0.09 GLU 515 B
LYS 429 A                                            0.00 XXX   0 X    0.00 XXX   0 X    0.16 GLU 518 B
LYS 429 A                                            0.00 XXX   0 X    0.00 XXX   0 X    0.09 GLU 539 B
LYS 429 A                                            0.00 XXX   0 X    0.00 XXX   0 X   -0.02 LYS 519 B

LYS 439 A  10.72     0 %   -0.20  258   0.00    0    0.00 XXX   0 X    0.00 XXX   0 X    0.04 ASP 416 A
LYS 439 A                                            0.00 XXX   0 X    0.00 XXX   0 X    0.30 ASP 436 A
LYS 439 A                                            0.00 XXX   0 X    0.00 XXX   0 X    0.08 GLU 443 A

ARG  98 A  12.66    10 %   -0.52  310   0.00    0    0.36 ASP  46 A    0.00 XXX   0 X    0.01 GLU  95 A
ARG  98 A                                            0.00 XXX   0 X    0.00 XXX   0 X    0.30 ASP  46 A

ARG 101 A  14.11   100 %   -4.32  576   0.00    0    0.79 TYR  53 A    0.00 XXX   0 X    2.03 TYR  53 A
ARG 101 A                                            0.54 ASP 106 A    0.00 XXX   0 X    0.73 TYR  58 A
ARG 101 A                                            0.00 XXX   0 X    0.00 XXX   0 X    1.84 ASP 106 A

ARG 115 A  12.36     0 %   -0.28  159   0.00    0    0.00 XXX   0 X    0.00 XXX   0 X    0.14 TYR 110 A

ARG 127 A  12.26     2 %   -0.52  287   0.00    0    0.00 XXX   0 X    0.00 XXX   0 X    0.22 ASP 164 A
ARG 127 A                                            0.00 XXX   0 X    0.00 XXX   0 X    0.06 GLU 166 A
ARG 127 A                                            0.00 XXX   0 X    0.00 XXX   0 X    0.01 ASP 312 A

ARG 146 A  12.30    49 %   -1.22  418   0.00    0    0.45 ASP 142 A    0.00 XXX   0 X    0.09 TYR 232 A
ARG 146 A                                            0.00 XXX   0 X    0.00 XXX   0 X    0.48 ASP 142 A

ARG 158 A  12.34     0 %   -0.35  237   0.00    0    0.00 XXX   0 X    0.00 XXX   0 X    0.06 ASP 153 A
ARG 158 A                                            0.00 XXX   0 X    0.00 XXX   0 X    0.13 C-  449 A

ARG 161 A  13.81    40 %   -1.19  394   0.00    0    0.38 TYR 131 A    0.00 XXX   0 X    0.26 TYR 126 A
ARG 161 A                                            0.30 ASP 141 A    0.00 XXX   0 X    0.63 TYR 131 A
ARG 161 A                                            0.00 XXX   0 X    0.00 XXX   0 X    0.27 TYR 314 A
ARG 161 A                                            0.00 XXX   0 X    0.00 XXX   0 X    0.65 ASP 141 A

ARG 175 A  13.24    13 %   -0.50  319   0.00    0    0.76 ASP 210 A    0.00 XXX   0 X    0.48 ASP 210 A

ARG 222 A  14.59    17 %   -0.57  329   0.00    0    0.71 ASP 136 A    0.00 XXX   0 X    0.00 ASP 142 A
ARG 222 A                                            0.73 GLU 138 A    0.00 XXX   0 X    0.09 ASP 229 A
ARG 222 A                                            0.00 XXX   0 X    0.00 XXX   0 X    0.03 GLU 231 A
ARG 222 A                                            0.00 XXX   0 X    0.00 XXX   0 X    0.27 TYR 232 A
ARG 222 A                                            0.00 XXX   0 X    0.00 XXX   0 X    0.48 ASP 136 A
ARG 222 A                                            0.00 XXX   0 X    0.00 XXX   0 X    0.34 GLU 138 A

ARG 252 A  13.71     1 %   -0.54  284   0.00    0    1.24 ASP 254 A    0.00 XXX   0 X    0.02 ASP 249 A
ARG 252 A                                            0.00 XXX   0 X    0.00 XXX   0 X    0.10 TYR 271 A
ARG 252 A                                            0.00 XXX   0 X    0.00 XXX   0 X    0.38 ASP 254 A

ARG 296 A  12.61     0 %   -0.17  168   0.00    0    0.00 XXX   0 X    0.00 XXX   0 X    0.16 ASP 322 A
ARG 296 A                                            0.00 XXX   0 X    0.00 XXX   0 X    0.12 ASP 324 A

ARG 310 A  13.67    16 %   -0.84  326   0.00    0    1.38 ASP 312 A    0.00 XXX   0 X    0.05 TYR 314 A
ARG 310 A                                            0.00 XXX   0 X    0.00 XXX   0 X    0.03 TYR 323 A
ARG 310 A                                            0.00 XXX   0 X    0.00 XXX   0 X    0.11 TYR 329 A
ARG 310 A                                            0.00 XXX   0 X    0.00 XXX   0 X    0.44 ASP 312 A

ARG 315 A  11.24    94 %   -2.61  544   0.00    0    0.04 GLU 277 A    0.00 XXX   0 X    0.13 ASP 134 A
ARG 315 A                                            0.00 XXX   0 X    0.00 XXX   0 X    1.17 GLU 277 A

ARG 325 A  14.70     0 %   -0.35  189   0.00    0    0.36 GLU 321 A    0.00 XXX   0 X    0.25 ASP 322 A
ARG 325 A                                            1.29 ASP 326 A    0.00 XXX   0 X    0.27 GLU 321 A
ARG 325 A                                            0.00 XXX   0 X    0.00 XXX   0 X    0.38 ASP 326 A

ARG 368 A  12.91    30 %   -1.33  365   0.00    0    0.60 ASP  40 A    0.00 XXX   0 X    0.01 TYR 381 A
ARG 368 A                                            0.13 ASP 370 A    0.00 XXX   0 X    0.50 ASP  40 A
ARG 368 A                                            0.00 XXX   0 X    0.00 XXX   0 X    0.49 ASP 370 A

ARG 385 A  12.63     0 %   -0.30  250   0.00    0    0.00 XXX   0 X    0.00 XXX   0 X    0.19 TYR 381 A
ARG 385 A                                            0.00 XXX   0 X    0.00 XXX   0 X    0.17 ASP 382 A
ARG 385 A                                            0.00 XXX   0 X    0.00 XXX   0 X    0.05 ASP 383 A
ARG 385 A                                            0.00 XXX   0 X    0.00 XXX   0 X    0.02 ASP 384 A

ARG 432 A  12.30     0 %   -0.20  280   0.00    0    0.00 XXX   0 X    0.00 XXX   0 X    0.00 XXX   0 X

N+   31 A   7.90     0 %   -0.10  106   0.00    0    0.00 XXX   0 X    0.00 XXX   0 X    0.00 XXX   0 X

ASP 472 B   2.92     0 %    0.36  222   0.00    0   -0.85 LYS 654 B    0.00 XXX   0 X   -0.38 LYS 654 B

ASP 476 B   6.29    63 %    2.05  459   0.46    0    0.00 XXX   0 X   -0.08 ASP 476 B   -0.41 LYS 489 B
ASP 476 B                                            0.00 XXX   0 X    0.00 XXX   0 X   -0.11 LYS 519 B
ASP 476 B                                            0.00 XXX   0 X    0.00 XXX   0 X    0.42 ASP 490 B
ASP 476 B                                            0.00 XXX   0 X    0.00 XXX   0 X    0.13 ASP 521 B
ASP 476 B                                            0.00 XXX   0 X    0.00 XXX   0 X    0.03 ASP 618 B

ASP 490 B   4.05    32 %    0.74  370   0.00    0    0.00 XXX   0 X    0.00 XXX   0 X   -0.41 LYS 489 B
ASP 490 B                                            0.00 XXX   0 X    0.00 XXX   0 X   -0.03 ARG 491 B
ASP 490 B                                            0.00 XXX   0 X    0.00 XXX   0 X   -0.05 LYS 519 B

ASP 501 B   3.26     0 %    0.57  279   0.00    0   -0.80 THR 496 B   -0.05 THR 498 B   -0.01 ARG 500 B
ASP 501 B                                           -0.25 THR 498 B    0.00 XXX   0 X    0.00 XXX   0 X

ASP 521 B   5.21    56 %    1.54  438   0.72    0    0.00 XXX   0 X   -0.43 GLY 537 B   -0.27 LYS 519 B
ASP 521 B                                            0.00 XXX   0 X    0.00 XXX   0 X   -0.15 ARG 567 B

ASP 564 B   3.53     0 %    0.43  245   0.00    0    0.00 XXX   0 X   -0.04 ASP 564 B   -0.21 LYS 587 B
ASP 564 B                                            0.00 XXX   0 X   -0.45 VAL 565 B    0.00 XXX   0 X

ASP 569 B   5.96    63 %    1.82  458   0.84    0    0.00 XXX   0 X   -0.18 ASP 569 B   -0.10 ARG 567 B
ASP 569 B                                            0.00 XXX   0 X   -0.35 GLY 585 B   -0.01 LYS 587 B
ASP 569 B                                            0.00 XXX   0 X    0.00 XXX   0 X   -0.12 LYS 633 B
ASP 569 B                                            0.00 XXX   0 X    0.00 XXX   0 X    0.10 ASP 521 B
ASP 569 B                                            0.00 XXX   0 X    0.00 XXX   0 X    0.04 ASP 586 B
ASP 569 B                                            0.00 XXX   0 X    0.00 XXX   0 X    0.02 ASP 615 B
ASP 569 B                                            0.00 XXX   0 X    0.00 XXX   0 X    0.10 ASP 618 B

ASP 586 B   3.65     0 %    0.28  255   0.00    0    0.00 XXX   0 X   -0.22 ASP 586 B   -0.22 LYS 587 B

ASP 599 B   3.38     6 %    0.73  299   0.01    0   -0.22 LYS 579 B    0.00 XXX   0 X   -0.42 ARG 590 B
ASP 599 B                                            0.00 XXX   0 X    0.00 XXX   0 X   -0.13 LYS 595 B
ASP 599 B                                            0.00 XXX   0 X    0.00 XXX   0 X   -0.39 LYS 579 B

ASP 608 B   3.88     0 %    0.20  180   0.00    0    0.00 XXX   0 X    0.00 XXX   0 X   -0.12 LYS 604 B

ASP 615 B   4.71     1 %    0.69  285   0.01    0    0.00 XXX   0 X    0.00 XXX   0 X   -0.00 LYS 587 B
ASP 615 B                                            0.00 XXX   0 X    0.00 XXX   0 X    0.19 ASP 586 B
ASP 615 B                                            0.00 XXX   0 X    0.00 XXX   0 X    0.02 ASP 608 B

ASP 618 B   5.13    57 %    1.82  441   0.86    0   -0.27 LYS 633 B   -0.51 ASP 618 B   -0.03 LYS 489 B
ASP 618 B                                            0.00 XXX   0 X    0.00 XXX   0 X   -0.54 LYS 633 B

ASP 622 B   5.70    55 %    1.76  434   0.98    0   -0.34 SER 575 B   -0.19 SER 575 B   -0.22 LYS 576 B
ASP 622 B                                           -0.09 ASN 642 B    0.00 XXX   0 X    0.00 XXX   0 X

ASP 656 B   3.26     2 %    0.57  288   0.03    0   -0.39 TYR 637 B   -0.63 SER 652 B   -0.09 LYS 639 B
ASP 656 B                                            0.00 XXX   0 X   -0.02 ASP 656 B    0.00 XXX   0 X

GLU 467 B   4.40     0 %    0.30  268   0.00    0    0.00 XXX   0 X    0.00 XXX   0 X   -0.32 LYS 470 B
GLU 467 B                                            0.00 XXX   0 X    0.00 XXX   0 X   -0.08 LYS 502 B

GLU 484 B   4.55    44 %    1.37  404   0.08    0   -0.74 ARG 495 B    0.00 XXX   0 X   -0.66 ARG 495 B

GLU 515 B   5.05    55 %    1.92  436   0.10    0   -0.85 TYR 543 B   -0.57 GLU 515 B   -0.09 LYS 429 A
GLU 515 B                                            0.00 XXX   0 X    0.00 XXX   0 X    0.04 GLU 217 A

GLU 518 B   3.28    16 %    0.50  325   0.00    0   -0.39 LYS 519 B   -0.58 GLU 518 B   -0.16 LYS 429 A
GLU 518 B                                            0.00 XXX   0 X    0.00 XXX   0 X   -0.18 ARG 491 B
GLU 518 B                                            0.00 XXX   0 X    0.00 XXX   0 X   -0.41 LYS 519 B

GLU 525 B   6.84    50 %    1.61  422   0.65    0    0.00 XXX   0 X    0.00 XXX   0 X   -0.18 ARG 482 B
GLU 525 B                                            0.00 XXX   0 X    0.00 XXX   0 X    0.26 GLU 530 B

GLU 529 B   3.44     0 %    0.28  240   0.00    0   -0.83 LYS 531 B    0.00 XXX   0 X   -0.02 ARG 482 B
GLU 529 B                                            0.00 XXX   0 X    0.00 XXX   0 X   -0.12 LYS 596 B
GLU 529 B                                            0.00 XXX   0 X    0.00 XXX   0 X   -0.38 LYS 531 B

GLU 530 B   4.52     0 %    0.35  252   0.00    0    0.00 XXX   0 X    0.00 XXX   0 X   -0.32 ARG 482 B

GLU 539 B   4.98    15 %    0.57  322   0.00    0    0.00 XXX   0 X    0.00 XXX   0 X   -0.09 LYS 429 A
GLU 539 B                                            0.00 XXX   0 X    0.00 XXX   0 X   -0.00 LYS 519 B

GLU 549 B   4.45    18 %    1.02  332   0.13    0   -0.85 LYS 531 B    0.00 XXX   0 X   -0.03 ARG 482 B
GLU 549 B                                            0.00 XXX   0 X    0.00 XXX   0 X   -0.03 LYS 554 B
GLU 549 B                                            0.00 XXX   0 X    0.00 XXX   0 X   -0.03 LYS 596 B
GLU 549 B                                            0.00 XXX   0 X    0.00 XXX   0 X    0.16 GLU 529 B
GLU 549 B                                            0.00 XXX   0 X    0.00 XXX   0 X   -0.42 LYS 531 B

GLU 593 B   5.48    77 %    2.90  496   0.16    0   -0.76 THR 580 B    0.00 XXX   0 X   -0.46 LYS 596 B
GLU 593 B                                           -0.85 TYR 524 B    0.00 XXX   0 X    0.00 XXX   0 X

GLU 641 B   4.30     0 %    0.29  192   0.00    0   -0.22 SER 647 B    0.00 XXX   0 X   -0.01 LYS 576 B
GLU 641 B                                            0.00 XXX   0 X    0.00 XXX   0 X   -0.12 LYS 646 B
GLU 641 B                                            0.00 XXX   0 X    0.00 XXX   0 X   -0.13 LYS 649 B

C-  660 B   3.63     0 %    0.38  216   0.00    0    0.00 XXX   0 X    0.00 XXX   0 X   -0.01 ARG 500 B
C-  660 B                                            0.00 XXX   0 X    0.00 XXX   0 X   -0.04 LYS 654 B
C-  660 B                                            0.00 XXX   0 X    0.00 XXX   0 X    0.10 ASP 656 B

CYS 469 B   7.85*    9 %    0.90  306   0.00    0   -0.85 LYS 502 B    0.00 XXX   0 X   -0.01 LYS 470 B
CYS 469 B                                           -0.85 CYS 660 B    0.00 XXX   0 X   -0.04 LYS 654 B
CYS 469 B                                            0.00 XXX   0 X    0.00 XXX   0 X    0.05 GLU 467 B
CYS 469 B                                            0.00 XXX   0 X    0.00 XXX   0 X    0.07 C-  660 B
CYS 469 B                                            0.00 XXX   0 X    0.00 XXX   0 X   -0.43 LYS 502 B

CYS 660 B  11.23*   13 %    1.13  317   0.00    0    0.85 CYS 469 B    0.00 XXX   0 X   -0.25 LYS 502 B
CYS 660 B                                            0.00 XXX   0 X    0.00 XXX   0 X   -0.13 LYS 654 B
CYS 660 B                                            0.00 XXX   0 X    0.00 XXX   0 X    0.05 ASP 472 B
CYS 660 B                                            0.00 XXX   0 X    0.00 XXX   0 X    0.16 C-  660 B
CYS 660 B                                            0.00 XXX   0 X    0.00 XXX   0 X    0.42 CYS 469 B

TYR 524 B  16.42   100 %    3.63  589   0.00    0   -0.43 THR 580 B    0.00 XXX   0 X    0.22 TYR 540 B
TYR 524 B                                            0.85 GLU 593 B    0.00 XXX   0 X    0.12 TYR 552 B
TYR 524 B                                            0.00 XXX   0 X    0.00 XXX   0 X    0.42 TYR 591 B
TYR 524 B                                            0.00 XXX   0 X    0.00 XXX   0 X    1.60 GLU 593 B

TYR 540 B  13.38    60 %    2.27  450   0.00    0    0.09 TYR 552 B    0.00 XXX   0 X    0.09 GLU 593 B
TYR 540 B                                            0.00 XXX   0 X    0.00 XXX   0 X    0.56 TYR 552 B
TYR 540 B                                            0.00 XXX   0 X    0.00 XXX   0 X    0.37 TYR 591 B

TYR 543 B  14.84    65 %    3.30  464   0.00    0    0.85 GLU 515 B   -0.07 GLU 515 B    0.75 GLU 515 B

TYR 552 B  11.30    41 %    1.25  396   0.00    0   -0.09 TYR 540 B    0.00 XXX   0 X    0.01 GLU 529 B
TYR 552 B                                            0.00 XXX   0 X    0.00 XXX   0 X    0.17 GLU 549 B
TYR 552 B                                            0.00 XXX   0 X    0.00 XXX   0 X    0.07 GLU 593 B
TYR 552 B                                            0.00 XXX   0 X    0.00 XXX   0 X   -0.10 LYS 531 B

TYR 581 B  11.48    58 %    1.89  445   0.00    0    0.00 XXX   0 X    0.00 XXX   0 X   -0.48 ARG 590 B
TYR 581 B                                            0.00 XXX   0 X    0.00 XXX   0 X    0.08 ASP 599 B

TYR 591 B  12.19    49 %    1.57  418   0.00    0    0.00 XXX   0 X    0.00 XXX   0 X    0.43 GLU 593 B
TYR 591 B                                            0.00 XXX   0 X    0.00 XXX   0 X    0.19 TYR 552 B

TYR 630 B  11.75    47 %    1.61  413   0.00    0    0.00 XXX   0 X    0.00 XXX   0 X    0.14 ASP 622 B

TYR 636 B  10.13     0 %    0.12  190   0.00    0    0.00 XXX   0 X    0.00 XXX   0 X    0.10 ASP 472 B
TYR 636 B                                            0.00 XXX   0 X    0.00 XXX   0 X   -0.09 LYS 654 B

TYR 637 B  12.44    35 %    1.43  379   0.00    0    0.39 ASP 656 B    0.00 XXX   0 X    0.16 TYR 630 B
TYR 637 B                                            0.00 XXX   0 X    0.00 XXX   0 X    0.45 ASP 656 B

LYS 470 B  10.72     0 %   -0.10  146   0.00    0    0.00 XXX   0 X    0.00 XXX   0 X    0.32 GLU 467 B
LYS 470 B                                            0.00 XXX   0 X    0.00 XXX   0 X    0.01 CYS 469 B
LYS 470 B                                            0.00 XXX   0 X    0.00 XXX   0 X   -0.01 LYS 502 B

LYS 489 B  10.33    35 %   -1.03  378   0.00    0    0.00 XXX   0 X    0.00 XXX   0 X    0.41 ASP 476 B
LYS 489 B                                            0.00 XXX   0 X    0.00 XXX   0 X    0.41 ASP 490 B
LYS 489 B                                            0.00 XXX   0 X    0.00 XXX   0 X    0.03 ASP 618 B

LYS 502 B  11.35    20 %   -0.77  337   0.00    0    0.85 CYS 469 B    0.00 XXX   0 X    0.08 GLU 467 B
LYS 502 B                                            0.00 XXX   0 X    0.00 XXX   0 X    0.25 CYS 660 B
LYS 502 B                                            0.00 XXX   0 X    0.00 XXX   0 X    0.43 CYS 469 B

LYS 519 B  10.94    29 %   -0.78  363   0.00    0    0.39 GLU 518 B    0.00 XXX   0 X    0.11 ASP 476 B
LYS 519 B                                            0.00 XXX   0 X    0.00 XXX   0 X    0.05 ASP 490 B
LYS 519 B                                            0.00 XXX   0 X    0.00 XXX   0 X   -0.02 ARG 491 B
LYS 519 B                                            0.00 XXX   0 X    0.00 XXX   0 X    0.27 ASP 521 B
LYS 519 B                                            0.00 XXX   0 X    0.00 XXX   0 X    0.00 GLU 539 B
LYS 519 B                                            0.00 XXX   0 X    0.00 XXX   0 X    0.41 GLU 518 B

LYS 531 B  12.34     6 %   -0.72  298   0.00    0    0.83 GLU 529 B    0.00 XXX   0 X   -0.04 ARG 482 B
LYS 531 B                                            0.85 GLU 549 B    0.00 XXX   0 X    0.10 TYR 552 B
LYS 531 B                                            0.00 XXX   0 X    0.00 XXX   0 X    0.38 GLU 529 B
LYS 531 B                                            0.00 XXX   0 X    0.00 XXX   0 X    0.42 GLU 549 B

LYS 554 B  10.08     5 %   -0.45  295   0.00    0    0.00 XXX   0 X    0.00 XXX   0 X    0.03 GLU 549 B

LYS 576 B   8.40    26 %   -2.33  353   0.00    0    0.00 XXX   0 X    0.00 XXX   0 X    0.22 ASP 622 B
LYS 576 B                                            0.00 XXX   0 X    0.00 XXX   0 X    0.01 GLU 641 B

LYS 578 B  10.24     2 %   -0.26  287   0.00    0    0.00 XXX   0 X    0.00 XXX   0 X    0.00 XXX   0 X

LYS 579 B  10.26     0 %   -0.44  282   0.00    0    0.22 ASP 599 B    0.00 XXX   0 X   -0.27 ARG 590 B
LYS 579 B                                            0.00 XXX   0 X    0.00 XXX   0 X   -0.15 LYS 595 B
LYS 579 B                                            0.00 XXX   0 X    0.00 XXX   0 X    0.39 ASP 599 B

LYS 587 B  10.66     0 %   -0.27  276   0.00    0    0.00 XXX   0 X    0.00 XXX   0 X    0.21 ASP 564 B
LYS 587 B                                            0.00 XXX   0 X    0.00 XXX   0 X    0.01 ASP 569 B
LYS 587 B                                            0.00 XXX   0 X    0.00 XXX   0 X    0.22 ASP 586 B
LYS 587 B                                            0.00 XXX   0 X    0.00 XXX   0 X    0.00 ASP 615 B

LYS 595 B  10.51     0 %   -0.12  150   0.00    0    0.00 XXX   0 X    0.00 XXX   0 X    0.13 ASP 599 B

LYS 596 B  10.13    25 %   -0.90  350   0.00    0    0.00 XXX   0 X    0.00 XXX   0 X    0.12 GLU 529 B
LYS 596 B                                            0.00 XXX   0 X    0.00 XXX   0 X    0.03 GLU 549 B
LYS 596 B                                            0.00 XXX   0 X    0.00 XXX   0 X    0.46 GLU 593 B
LYS 596 B                                            0.00 XXX   0 X    0.00 XXX   0 X   -0.08 LYS 531 B

LYS 597 B  10.41     0 %   -0.09  125   0.00    0    0.00 XXX   0 X    0.00 XXX   0 X    0.00 XXX   0 X

LYS 604 B  10.41     0 %   -0.18  223   0.00    0    0.00 XXX   0 X    0.00 XXX   0 X   -0.02 ARG 590 B
LYS 604 B                                            0.00 XXX   0 X    0.00 XXX   0 X    0.12 ASP 608 B

LYS 633 B  10.79    15 %   -0.64  323   0.00    0    0.27 ASP 618 B    0.00 XXX   0 X    0.12 ASP 569 B
LYS 633 B                                            0.00 XXX   0 X    0.00 XXX   0 X    0.54 ASP 618 B

LYS 639 B   9.69     0 %   -0.66  279   0.00    0    0.00 XXX   0 X    0.00 XXX   0 X    0.09 ASP 656 B
LYS 639 B                                            0.00 XXX   0 X    0.00 XXX   0 X   -0.24 LYS 649 B

LYS 646 B  10.50     0 %   -0.12  134   0.00    0    0.00 XXX   0 X    0.00 XXX   0 X    0.12 GLU 641 B

LYS 649 B  10.42     0 %   -0.19  208   0.00    0    0.00 XXX   0 X    0.00 XXX   0 X    0.13 GLU 641 B
LYS 649 B                                            0.00 XXX   0 X    0.00 XXX   0 X   -0.02 LYS 646 B

LYS 654 B  11.57     0 %   -0.46  241   0.00    0    0.85 ASP 472 B    0.00 XXX   0 X    0.04 CYS 469 B
LYS 654 B                                            0.00 XXX   0 X    0.00 XXX   0 X    0.13 CYS 660 B
LYS 654 B                                            0.00 XXX   0 X    0.00 XXX   0 X    0.04 C-  660 B
LYS 654 B                                            0.00 XXX   0 X    0.00 XXX   0 X    0.09 TYR 636 B
LYS 654 B                                            0.00 XXX   0 X    0.00 XXX   0 X    0.38 ASP 472 B

ARG 482 B  12.53     2 %   -0.51  287   0.00    0    0.00 XXX   0 X    0.00 XXX   0 X    0.18 GLU 525 B
ARG 482 B                                            0.00 XXX   0 X    0.00 XXX   0 X    0.02 GLU 529 B
ARG 482 B                                            0.00 XXX   0 X    0.00 XXX   0 X    0.32 GLU 530 B
ARG 482 B                                            0.00 XXX   0 X    0.00 XXX   0 X    0.03 GLU 549 B

ARG 491 B  11.51    45 %   -1.06  408   0.00    0    0.00 XXX   0 X    0.00 XXX   0 X    0.03 ASP 490 B
ARG 491 B                                            0.00 XXX   0 X    0.00 XXX   0 X    0.18 GLU 518 B
ARG 491 B                                            0.00 XXX   0 X    0.00 XXX   0 X   -0.13 ARG 432 A

ARG 495 B  12.94    58 %   -1.38  444   0.00    0    0.74 GLU 484 B    0.00 XXX   0 X    0.43 GLU  95 A
ARG 495 B                                            0.00 XXX   0 X    0.00 XXX   0 X    0.66 GLU 484 B

ARG 500 B  12.46     0 %   -0.06  144   0.00    0    0.00 XXX   0 X    0.00 XXX   0 X    0.01 ASP 501 B
ARG 500 B                                            0.00 XXX   0 X    0.00 XXX   0 X    0.01 C-  660 B

ARG 550 B  14.03     0 %   -0.22  243   0.00    0    0.21 TYR 263 A    0.00 XXX   0 X    0.24 TYR 263 A
ARG 550 B                                            0.92 GLU 243 A    0.00 XXX   0 X    0.38 GLU 243 A

ARG 567 B  12.56     0 %   -0.19  281   0.00    0    0.00 XXX   0 X    0.00 XXX   0 X    0.15 ASP 521 B
ARG 567 B                                            0.00 XXX   0 X    0.00 XXX   0 X    0.10 ASP 569 B

ARG 590 B  12.39    24 %   -1.02  349   0.00    0    0.00 XXX   0 X    0.00 XXX   0 X    0.48 TYR 581 B
ARG 590 B                                            0.00 XXX   0 X    0.00 XXX   0 X    0.42 ASP 599 B

N+  461 B   7.78     0 %   -0.19  187   0.00    0    0.00 XXX   0 X    0.00 XXX   0 X   -0.03 ARG 432 A

Coupled residues (marked *) were detected.Please rerun PropKa with the --display-coupled-residues 
or -d option for detailed information.

2024-11-06 23:59:10,982 INFO:output.py:227:print_pka_section:pKa summary:
--------------------------------------------------------------------------------------------------------
SUMMARY OF THIS PREDICTION
       Group      pKa  model-pKa   ligand atom-type
   ASP  40 A     3.45       3.80                      
   ASP  46 A     3.46       3.80                      
   ASP  72 A     3.28       3.80                      
   ASP  88 A     3.03       3.80                      
   ASP  90 A     4.93       3.80                      
   ASP 106 A     5.16       3.80                      
   ASP 120 A     3.58       3.80                      
   ASP 134 A     6.27       3.80                      
   ASP 136 A     3.38       3.80                      
   ASP 141 A     4.92       3.80                      
   ASP 142 A     3.66       3.80                      
   ASP 153 A     4.26       3.80                      
   ASP 164 A     3.43       3.80                      
   ASP 168 A     3.50       3.80                      
   ASP 180 A     4.88       3.80                      
   ASP 185 A     5.80       3.80                      
   ASP 188 A     3.80       3.80                      
   ASP 210 A     3.86       3.80                      
   ASP 229 A     3.57       3.80                      
   ASP 249 A     4.28       3.80                      
   ASP 254 A     1.99       3.80                      
   ASP 268 A     3.21       3.80                      
   ASP 303 A     4.02       3.80                      
   ASP 312 A     2.53       3.80                      
   ASP 322 A     3.12       3.80                      
   ASP 324 A     4.51       3.80                      
   ASP 326 A     1.92       3.80                      
   ASP 370 A     3.62       3.80                      
   ASP 382 A     3.20       3.80                      
   ASP 383 A     4.37       3.80                      
   ASP 384 A     3.31       3.80                      
   ASP 392 A     4.44       3.80                      
   ASP 416 A     5.32       3.80                      
   ASP 436 A     3.71       3.80                      
   ASP 437 A     6.69       3.80                      
   ASP 472 B     2.92       3.80                      
   ASP 476 B     6.29       3.80                      
   ASP 490 B     4.05       3.80                      
   ASP 501 B     3.26       3.80                      
   ASP 521 B     5.21       3.80                      
   ASP 564 B     3.53       3.80                      
   ASP 569 B     5.96       3.80                      
   ASP 586 B     3.65       3.80                      
   ASP 599 B     3.38       3.80                      
   ASP 608 B     3.88       3.80                      
   ASP 615 B     4.71       3.80                      
   ASP 618 B     5.13       3.80                      
   ASP 622 B     5.70       3.80                      
   ASP 656 B     3.26       3.80                      
   GLU  48 A     4.22       4.50                      
   GLU  63 A     4.56       4.50                      
   GLU  95 A     5.13       4.50                      
   GLU 138 A     3.80       4.50                      
   GLU 166 A     5.17       4.50                      
   GLU 177 A     4.43       4.50                      
   GLU 217 A     4.31       4.50                      
   GLU 231 A     4.51       4.50                      
   GLU 243 A     3.01       4.50                      
   GLU 266 A     4.64       4.50                      
   GLU 277 A     4.99       4.50                      
   GLU 287 A     4.44       4.50                      
   GLU 308 A     4.64       4.50                      
   GLU 321 A     4.20       4.50                      
   GLU 345 A     4.55       4.50                      
   GLU 361 A     4.43       4.50                      
   GLU 412 A     6.89       4.50                      
   GLU 443 A     4.60       4.50                      
   GLU 467 B     4.40       4.50                      
   GLU 484 B     4.55       4.50                      
   GLU 515 B     5.05       4.50                      
   GLU 518 B     3.28       4.50                      
   GLU 525 B     6.84       4.50                      
   GLU 529 B     3.44       4.50                      
   GLU 530 B     4.52       4.50                      
   GLU 539 B     4.98       4.50                      
   GLU 549 B     4.45       4.50                      
   GLU 593 B     5.48       4.50                      
   GLU 641 B     4.30       4.50                      
   C-  449 A     3.27       3.20                      
   C-  660 B     3.63       3.20                      
   CYS  60 A     8.83       9.00                      
   CYS  65 A    11.35       9.00                      
   CYS 469 B     7.85       9.00                      
   CYS 660 B    11.23       9.00                      
   TYR  53 A    12.13      10.00                      
   TYR  58 A    16.39      10.00                      
   TYR 110 A    10.01      10.00                      
   TYR 126 A    11.55      10.00                      
   TYR 131 A    14.51      10.00                      
   TYR 182 A    10.76      10.00                      
   TYR 225 A    10.63      10.00                      
   TYR 232 A    11.19      10.00                      
   TYR 244 A    10.88      10.00                      
   TYR 263 A    11.35      10.00                      
   TYR 271 A    10.17      10.00                      
   TYR 302 A    10.40      10.00                      
   TYR 314 A    10.54      10.00                      
   TYR 323 A    10.78      10.00                      
   TYR 329 A    10.18      10.00                      
   TYR 360 A    10.35      10.00                      
   TYR 381 A    11.82      10.00                      
   TYR 395 A    15.45      10.00                      
   TYR 425 A    12.35      10.00                      
   TYR 427 A    13.52      10.00                      
   TYR 445 A    13.39      10.00                      
   TYR 524 B    16.42      10.00                      
   TYR 540 B    13.38      10.00                      
   TYR 543 B    14.84      10.00                      
   TYR 552 B    11.30      10.00                      
   TYR 581 B    11.48      10.00                      
   TYR 591 B    12.19      10.00                      
   TYR 630 B    11.75      10.00                      
   TYR 636 B    10.13      10.00                      
   TYR 637 B    12.44      10.00                      
   LYS  36 A    10.43      10.50                      
   LYS  44 A    10.58      10.50                      
   LYS  47 A    10.02      10.50                      
   LYS  62 A    10.32      10.50                      
   LYS  71 A    11.03      10.50                      
   LYS  75 A    10.44      10.50                      
   LYS  76 A    10.80      10.50                      
   LYS  79 A    10.38      10.50                      
   LYS  99 A     8.91      10.50                      
   LYS 116 A    10.24      10.50                      
   LYS 118 A    10.54      10.50                      
   LYS 121 A    10.87      10.50                      
   LYS 187 A    10.30      10.50                      
   LYS 224 A    10.09      10.50                      
   LYS 234 A    10.24      10.50                      
   LYS 242 A     8.61      10.50                      
   LYS 267 A    10.54      10.50                      
   LYS 270 A    10.47      10.50                      
   LYS 292 A    10.43      10.50                      
   LYS 327 A    10.46      10.50                      
   LYS 328 A    10.44      10.50                      
   LYS 359 A    10.64      10.50                      
   LYS 372 A     9.23      10.50                      
   LYS 386 A     9.75      10.50                      
   LYS 429 A    10.18      10.50                      
   LYS 439 A    10.72      10.50                      
   LYS 470 B    10.72      10.50                      
   LYS 489 B    10.33      10.50                      
   LYS 502 B    11.35      10.50                      
   LYS 519 B    10.94      10.50                      
   LYS 531 B    12.34      10.50                      
   LYS 554 B    10.08      10.50                      
   LYS 576 B     8.40      10.50                      
   LYS 578 B    10.24      10.50                      
   LYS 579 B    10.26      10.50                      
   LYS 587 B    10.66      10.50                      
   LYS 595 B    10.51      10.50                      
   LYS 596 B    10.13      10.50                      
   LYS 597 B    10.41      10.50                      
   LYS 604 B    10.41      10.50                      
   LYS 633 B    10.79      10.50                      
   LYS 639 B     9.69      10.50                      
   LYS 646 B    10.50      10.50                      
   LYS 649 B    10.42      10.50                      
   LYS 654 B    11.57      10.50                      
   ARG  98 A    12.66      12.50                      
   ARG 101 A    14.11      12.50                      
   ARG 115 A    12.36      12.50                      
   ARG 127 A    12.26      12.50                      
   ARG 146 A    12.30      12.50                      
   ARG 158 A    12.34      12.50                      
   ARG 161 A    13.81      12.50                      
   ARG 175 A    13.24      12.50                      
   ARG 222 A    14.59      12.50                      
   ARG 252 A    13.71      12.50                      
   ARG 296 A    12.61      12.50                      
   ARG 310 A    13.67      12.50                      
   ARG 315 A    11.24      12.50                      
   ARG 325 A    14.70      12.50                      
   ARG 368 A    12.91      12.50                      
   ARG 385 A    12.63      12.50                      
   ARG 432 A    12.30      12.50                      
   ARG 482 B    12.53      12.50                      
   ARG 491 B    11.51      12.50                      
   ARG 495 B    12.94      12.50                      
   ARG 500 B    12.46      12.50                      
   ARG 550 B    14.03      12.50                      
   ARG 567 B    12.56      12.50                      
   ARG 590 B    12.39      12.50                      
   N+   31 A     7.90       8.00                      
   N+  461 B     7.78       8.00                      

2024-11-06 23:59:11,035 INFO:main.py:636:non_trivial:PROPKA information:
--------------------------------------------------------------------------------------------------------
Free energy of   folding (kcal/mol) as a function of pH (using neutral reference)
  0.00     41.62
  1.00     41.47
  2.00     40.34
  3.00     36.27
  4.00     34.19
  5.00     46.15
  6.00     58.33
  7.00     63.36
  8.00     63.71
  9.00     62.61
 10.00     67.49
 11.00     87.65
 12.00    109.97
 13.00    128.31
 14.00    143.84

The pH of optimum stability is  3.7 for which the free energy is   33.5 kcal/mol at 298K
Could not determine pH values where the free energy is within 80 % of minimum
Could not determine the pH-range where the free energy is negative


Protein charge of folded and unfolded state as a function of pH
    pH  unfolded  folded
  0.00     70.99   70.96
  0.10     70.99   70.95
  0.20     70.98   70.94
  0.30     70.98   70.92
  0.40     70.98   70.90
  0.50     70.97   70.88
  0.60     70.96   70.85
  0.70     70.95   70.81
  0.80     70.94   70.76
  0.90     70.92   70.70
  1.00     70.90   70.63
  1.10     70.88   70.54
  1.20     70.84   70.43
  1.30     70.80   70.29
  1.40     70.75   70.13
  1.50     70.69   69.94
  1.60     70.61   69.72
  1.70     70.51   69.45
  1.80     70.38   69.13
  1.90     70.22   68.77
  2.00     70.03   68.34
  2.10     69.78   67.85
  2.20     69.47   67.28
  2.30     69.09   66.63
  2.40     68.62   65.87
  2.50     68.04   65.01
  2.60     67.33   64.01
  2.70     66.46   62.88
  2.80     65.41   61.60
  2.90     64.14   60.17
  3.00     62.63   58.57
  3.10     60.85   56.81
  3.20     58.78   54.90
  3.30     56.39   52.84
  3.40     53.69   50.67
  3.50     50.67   48.38
  3.60     47.37   46.01
  3.70     43.82   43.57
  3.80     40.08   41.08
  3.90     36.20   38.55
  4.00     32.26   36.00
  4.10     28.32   33.43
  4.20     24.45   30.87
  4.30     20.70   28.31
  4.40     17.12   25.77
  4.50     13.75   23.28
  4.60     10.62   20.84
  4.70      7.76   18.48
  4.80      5.18   16.21
  4.90      2.90   14.04
  5.00      0.90   11.99
  5.10     -0.82   10.07
  5.20     -2.28    8.28
  5.30     -3.52    6.62
  5.40     -4.55    5.09
  5.50     -5.40    3.70
  5.60     -6.10    2.42
  5.70     -6.68    1.26
  5.80     -7.14    0.20
  5.90     -7.52   -0.76
  6.00     -7.83   -1.64
  6.10     -8.08   -2.45
  6.20     -8.28   -3.19
  6.30     -8.45   -3.88
  6.40     -8.59   -4.51
  6.50     -8.70   -5.11
  6.60     -8.80   -5.66
  6.70     -8.89   -6.18
  6.80     -8.98   -6.66
  6.90     -9.06   -7.12
  7.00     -9.14   -7.56
  7.10     -9.23   -7.98
  7.20     -9.33   -8.38
  7.30     -9.44   -8.77
  7.40     -9.56   -9.15
  7.50     -9.70   -9.53
  7.60     -9.87   -9.91
  7.70    -10.06  -10.30
  7.80    -10.27  -10.69
  7.90    -10.51  -11.10
  8.00    -10.79  -11.51
  8.10    -11.10  -11.94
  8.20    -11.46  -12.39
  8.30    -11.86  -12.85
  8.40    -12.32  -13.34
  8.50    -12.84  -13.85
  8.60    -13.45  -14.39
  8.70    -14.14  -14.97
  8.80    -14.94  -15.60
  8.90    -15.86  -16.28
  9.00    -16.93  -17.02
  9.10    -18.17  -17.83
  9.20    -19.60  -18.74
  9.30    -21.24  -19.76
  9.40    -23.14  -20.90
  9.50    -25.30  -22.19
  9.60    -27.75  -23.65
  9.70    -30.51  -25.29
  9.80    -33.56  -27.13
  9.90    -36.90  -29.17
 10.00    -40.50  -31.41
 10.10    -44.32  -33.84
 10.20    -48.29  -36.44
 10.30    -52.34  -39.18
 10.40    -56.41  -42.03
 10.50    -60.40  -44.93
 10.60    -64.25  -47.86
 10.70    -67.89  -50.77
 10.80    -71.28  -53.62
 10.90    -74.37  -56.38
 11.00    -77.16  -59.05
 11.10    -79.64  -61.60
 11.20    -81.85  -64.03
 11.30    -83.82  -66.34
 11.40    -85.57  -68.53
 11.50    -87.16  -70.62
 11.60    -88.63  -72.62
 11.70    -90.02  -74.53
 11.80    -91.37  -76.38
 11.90    -92.72  -78.17
 12.00    -94.09  -79.91
 12.10    -95.49  -81.62
 12.20    -96.94  -83.29
 12.30    -98.43  -84.92
 12.40    -99.94  -86.52
 12.50   -101.46  -88.07
 12.60   -102.94  -89.57
 12.70   -104.37  -91.01
 12.80   -105.71  -92.38
 12.90   -106.95  -93.69
 13.00   -108.06  -94.92
 13.10   -109.04  -96.09
 13.20   -109.90  -97.20
 13.30   -110.63  -98.24
 13.40   -111.25  -99.23
 13.50   -111.76 -100.17
 13.60   -112.19 -101.07
 13.70   -112.54 -101.91
 13.80   -112.83 -102.72
 13.90   -113.06 -103.48
 14.00   -113.25 -104.21
The pI is  5.82 (folded) and  5.05 (unfolded)

--------------------------------------------------------------------------------------------------------
2024-11-06 23:59:11,035 INFO:biomolecule.py:794:apply_pka_values:Applying pKa values at a pH of 7.00:
2024-11-06 23:59:11,038 INFO:main.py:649:non_trivial:Adding hydrogens to biomolecule.
2024-11-06 23:59:11,661 INFO:main.py:652:non_trivial:Debumping biomolecule (again).
2024-11-06 23:59:12,286 INFO:main.py:654:non_trivial:Optimizing hydrogen bonds
2024-11-06 23:59:13,445 INFO:main.py:666:non_trivial:Applying force field to biomolecule states.
2024-11-06 23:59:13,454 INFO:main.py:707:non_trivial:Applying custom naming scheme (amber).
2024-11-06 23:59:13,463 INFO:main.py:713:non_trivial:Regenerating headers.
2024-11-06 23:59:13,465 INFO:main.py:738:non_trivial:Regenerating PDB lines.
2024-11-06 23:59:13,512 WARNING:main.py:311:print_pqr:Ignoring 540 header lines in output.
