2025-10-24 09:54:47,707 [MainThread  ] [INFO ]  Module: biobb_gromacs.gromacs.grompp Version: 5.1.1
2025-10-24 09:54:47,708 [MainThread  ] [INFO ]  /host_pwd/cipparc2014C/sandbox_4ca331d3-e90d-4690-afe3-e5a79fb7bb59 directory successfully created
2025-10-24 09:54:47,905 [MainThread  ] [INFO ]  Copy: prot_cipparc2014C_CIP_min.gro to /host_pwd/cipparc2014C/sandbox_4ca331d3-e90d-4690-afe3-e5a79fb7bb59
2025-10-24 09:54:48,105 [MainThread  ] [INFO ]  Copy: prot_cipparc2014C_CIP_index.ndx to /host_pwd/cipparc2014C/sandbox_4ca331d3-e90d-4690-afe3-e5a79fb7bb59
2025-10-24 09:54:48,227 [MainThread  ] [INFO ]  Extracting: /host_pwd/cipparc2014C/prot_cipparc2014C_CIP_genion_top.zip
2025-10-24 09:54:48,227 [MainThread  ] [INFO ]  to:
2025-10-24 09:54:48,227 [MainThread  ] [INFO ]  ['/host_pwd/cipparc2014C/sandbox_4ca331d3-e90d-4690-afe3-e5a79fb7bb59/CIP_posres.itp', '/host_pwd/cipparc2014C/sandbox_4ca331d3-e90d-4690-afe3-e5a79fb7bb59/CIPparams.itp', '/host_pwd/cipparc2014C/sandbox_4ca331d3-e90d-4690-afe3-e5a79fb7bb59/ligand.top', '/host_pwd/cipparc2014C/sandbox_4ca331d3-e90d-4690-afe3-e5a79fb7bb59/p2g_Protein_chain_A.itp', '/host_pwd/cipparc2014C/sandbox_4ca331d3-e90d-4690-afe3-e5a79fb7bb59/p2g_Protein_chain_B.itp', '/host_pwd/cipparc2014C/sandbox_4ca331d3-e90d-4690-afe3-e5a79fb7bb59/posre_Protein_chain_A.itp', '/host_pwd/cipparc2014C/sandbox_4ca331d3-e90d-4690-afe3-e5a79fb7bb59/posre_Protein_chain_B.itp']
2025-10-24 09:54:48,228 [MainThread  ] [INFO ]  Unzipping: 
2025-10-24 09:54:48,228 [MainThread  ] [INFO ]  prot_cipparc2014C_CIP_genion_top.zip
2025-10-24 09:54:48,228 [MainThread  ] [INFO ]  To: 
2025-10-24 09:54:48,228 [MainThread  ] [INFO ]  /host_pwd/cipparc2014C/sandbox_4ca331d3-e90d-4690-afe3-e5a79fb7bb59/CIP_posres.itp
2025-10-24 09:54:48,228 [MainThread  ] [INFO ]  /host_pwd/cipparc2014C/sandbox_4ca331d3-e90d-4690-afe3-e5a79fb7bb59/CIPparams.itp
2025-10-24 09:54:48,228 [MainThread  ] [INFO ]  /host_pwd/cipparc2014C/sandbox_4ca331d3-e90d-4690-afe3-e5a79fb7bb59/ligand.top
2025-10-24 09:54:48,228 [MainThread  ] [INFO ]  /host_pwd/cipparc2014C/sandbox_4ca331d3-e90d-4690-afe3-e5a79fb7bb59/p2g_Protein_chain_A.itp
2025-10-24 09:54:48,228 [MainThread  ] [INFO ]  /host_pwd/cipparc2014C/sandbox_4ca331d3-e90d-4690-afe3-e5a79fb7bb59/p2g_Protein_chain_B.itp
2025-10-24 09:54:48,228 [MainThread  ] [INFO ]  /host_pwd/cipparc2014C/sandbox_4ca331d3-e90d-4690-afe3-e5a79fb7bb59/posre_Protein_chain_A.itp
2025-10-24 09:54:48,228 [MainThread  ] [INFO ]  /host_pwd/cipparc2014C/sandbox_4ca331d3-e90d-4690-afe3-e5a79fb7bb59/posre_Protein_chain_B.itp
2025-10-24 09:54:48,230 [MainThread  ] [INFO ]  gmx -nobackup -nocopyright grompp -f /host_pwd/cipparc2014C/sandbox_4ca331d3-e90d-4690-afe3-e5a79fb7bb59/grompp.mdp -c /host_pwd/cipparc2014C/sandbox_4ca331d3-e90d-4690-afe3-e5a79fb7bb59/prot_cipparc2014C_CIP_min.gro -r /host_pwd/cipparc2014C/sandbox_4ca331d3-e90d-4690-afe3-e5a79fb7bb59/prot_cipparc2014C_CIP_min.gro -p /host_pwd/cipparc2014C/sandbox_4ca331d3-e90d-4690-afe3-e5a79fb7bb59/ligand.top -o /host_pwd/cipparc2014C/sandbox_4ca331d3-e90d-4690-afe3-e5a79fb7bb59/prot_cipparc2014C_CIPgppnvt.tpr -po mdout.mdp -maxwarn 10 -n /host_pwd/cipparc2014C/sandbox_4ca331d3-e90d-4690-afe3-e5a79fb7bb59/prot_cipparc2014C_CIP_index.ndx

2025-10-24 10:07:23,915 [MainThread  ] [INFO ]  Executing: gmx -nobackup -nocopyright grompp -f /host_pwd/cipparc2014C/sandbox_4ca331d3-e90...
2025-10-24 10:07:23,916 [MainThread  ] [INFO ]  Exit code: 0
2025-10-24 10:07:23,916 [MainThread  ] [INFO ]  Setting the LD random seed to -1762296066

Generated 3003 of the 3003 non-bonded parameter combinations

Generated 3003 of the 3003 1-4 parameter combinations

Excluding 3 bonded neighbours molecule type 'Protein_chain_A'

turning H bonds into constraints...

Excluding 3 bonded neighbours molecule type 'Protein_chain_B'

turning H bonds into constraints...

Excluding 3 bonded neighbours molecule type 'CIPparams'

turning H bonds into constraints...

Excluding 2 bonded neighbours molecule type 'SOL'

turning H bonds into constraints...

Excluding 1 bonded neighbours molecule type 'NA'

turning H bonds into constraints...

Setting gen_seed to -70017

Velocities were taken from a Maxwell distribution at 300 K

The largest distance between excluded atoms is 0.422 nm between atom 12088 and 12095

Determining Verlet buffer for a tolerance of 0.005 kJ/mol/ps at 300 K

Calculated rlist for 1x1 atom pair-list as 1.036 nm, buffer size 0.036 nm

Set rlist, assuming 4x4 atom pair-list, to 1.000 nm, buffer size 0.000 nm

Note that mdrun will redetermine rlist based on the actual pair-list setup
Calculating fourier grid dimensions for X Y Z
Using a fourier grid of 240x240x240, spacing 0.114 0.114 0.114

Estimate for the relative computational load of the PME mesh part: 0.31

2025-10-24 10:07:24,107 [MainThread  ] [INFO ]  Removed: ['/host_pwd/cipparc2014C/sandbox_4ca331d3-e90d-4690-afe3-e5a79fb7bb59', 'mdout.mdp']
2025-10-24 10:07:24,108 [MainThread  ] [INFO ]  
