2025-10-24 15:11:04,488 [MainThread  ] [INFO ]                  :-) GROMACS - gmx grompp, 2024.5-conda_forge (-:

Executable:   /usr/local/bin.AVX2_256/gmx
Data prefix:  /usr/local
Working dir:  /host_pwd/cipparc2014C
Command line:
  gmx -nobackup -nocopyright grompp -f /host_pwd/cipparc2014C/sandbox_6157bdf6-6245-4585-997f-64450cc43220/grompp.mdp -c /host_pwd/cipparc2014C/sandbox_6157bdf6-6245-4585-997f-64450cc43220/prot_cipparc2014C_CIP_nvt.gro -r /host_pwd/cipparc2014C/sandbox_6157bdf6-6245-4585-997f-64450cc43220/prot_cipparc2014C_CIP_nvt.gro -p /host_pwd/cipparc2014C/sandbox_6157bdf6-6245-4585-997f-64450cc43220/ligand.top -o /host_pwd/cipparc2014C/sandbox_6157bdf6-6245-4585-997f-64450cc43220/prot_cipparc2014C_CIP_gppnpt.tpr -po mdout.mdp -maxwarn 10 -t /host_pwd/cipparc2014C/sandbox_6157bdf6-6245-4585-997f-64450cc43220/prot_cipparc2014C_CIP_nvt.cpt -n /host_pwd/cipparc2014C/sandbox_6157bdf6-6245-4585-997f-64450cc43220/prot_cipparc2014C_CIP_index.ndx

Ignoring obsolete mdp entry 'ns-type'
Generating 1-4 interactions: fudge = 0.5

NOTE 1 [file ligand.top, line 74]:
  You are combining position restraints with Parrinello-Rahman pressure
  coupling, which can lead to instabilities. If you really want to combine
  position restraints with pressure coupling, we suggest to use C-rescale
  pressure coupling instead.

Number of degrees of freedom in T-Coupling group Protein_Other is 56003.95
Number of degrees of freedom in T-Coupling group Water_and_ions is 3040023.00

NOTE 2 [file /host_pwd/cipparc2014C/sandbox_6157bdf6-6245-4585-997f-64450cc43220/grompp.mdp]:
  Removing center of mass motion in the presence of position restraints
  might cause artifacts. When you are using position restraints to
  equilibrate a macro-molecule, the artifacts are usually negligible.

Last frame         -1 time  100.000   

NOTE 3 [file /host_pwd/cipparc2014C/sandbox_6157bdf6-6245-4585-997f-64450cc43220/grompp.mdp]:
  This run will generate roughly 4059 Mb of data


There were 3 NOTEs

GROMACS reminds you: "Don't Push Me, Cause I'm Close to the Edge" (Tricky)


