2025-11-04 04:36:14,276 [MainThread  ] [INFO ]                 :-) GROMACS - gmx solvate, 2024.5-conda_forge (-:

Executable:   /usr/local/bin.AVX2_256/gmx
Data prefix:  /usr/local
Working dir:  /host_pwd/ndxparc2015C
Command line:
  gmx -nobackup -nocopyright solvate -cp /host_pwd/ndxparc2015C/sandbox_92c72065-ad85-496d-8453-4d7106737059/prot_ndxparc2015C_NDX_complex_editconf.gro -cs spc216.gro -o /host_pwd/ndxparc2015C/sandbox_92c72065-ad85-496d-8453-4d7106737059/prot_ndxparc2015C_NDX_solvate.gro -p dc3fdcc6-4519-4144-91d8-c25b64e4ae8f/ligand.top

Reading solute configuration
Reading solvent configuration

Initialising inter-atomic distances...
Generating solvent configuration
Will generate new solvent configuration of 15x14x12 boxes
Solvent box contains 1615824 atoms in 538608 residues
Removed 71715 solvent atoms due to solvent-solvent overlap
Removed 21204 solvent atoms due to solute-solvent overlap
Sorting configuration
Found 1 molecule type:
    SOL (   3 atoms): 507635 residues
Generated solvent containing 1522905 atoms in 507635 residues
Writing generated configuration to /host_pwd/ndxparc2015C/sandbox_92c72065-ad85-496d-8453-4d7106737059/prot_ndxparc2015C_NDX_solvate.gro

Output configuration contains 1545300 atoms in 509066 residues
Volume                 :     15708.7 (nm^3)
Density                :     984.604 (g/l)
Number of solvent molecules:  507635   

Processing topology

GROMACS reminds you: "You Think That You're Bigger When You Fill the Void" (Urban Dance Squad)


