2025-04-29 08:45:33,602 [MainThread  ] [INFO ]                  :-) GROMACS - gmx genion, 2024.5-conda_forge (-:

Executable:   /home/arunima/.conda/envs/biobb_wf_protein-complex_md_setup/bin.AVX2_256/gmx
Data prefix:  /home/arunima/.conda/envs/biobb_wf_protein-complex_md_setup
Working dir:  /home/arunima/gitrepos/gromacs_sims/Antimicrobial_Peptides/Pseudomonas_antibiotics/simulation/ndxgyra1996C
Command line:
  gmx -nobackup -nocopyright genion -s /home/arunima/gitrepos/gromacs_sims/Antimicrobial_Peptides/Pseudomonas_antibiotics/simulation/ndxgyra1996C/709f079b-2355-44d3-a69e-fb7088836c02/prot_ndxgyra1996C_NDX_complex_gppion.tpr -o /home/arunima/gitrepos/gromacs_sims/Antimicrobial_Peptides/Pseudomonas_antibiotics/simulation/ndxgyra1996C/709f079b-2355-44d3-a69e-fb7088836c02/prot_ndxgyra1996C_NDX_genion.gro -p 4118d9d5-6fb5-47b9-a781-8d0ea0b4fdbc/ligand.top -neutral -seed 1993

Reading file /home/arunima/gitrepos/gromacs_sims/Antimicrobial_Peptides/Pseudomonas_antibiotics/simulation/ndxgyra1996C/709f079b-2355-44d3-a69e-fb7088836c02/prot_ndxgyra1996C_NDX_complex_gppion.tpr, VERSION 2024.5-conda_forge (single precision)
Reading file /home/arunima/gitrepos/gromacs_sims/Antimicrobial_Peptides/Pseudomonas_antibiotics/simulation/ndxgyra1996C/709f079b-2355-44d3-a69e-fb7088836c02/prot_ndxgyra1996C_NDX_complex_gppion.tpr, VERSION 2024.5-conda_forge (single precision)
Group     0 (         System) has 453492 elements
Group     1 (        Protein) has 14257 elements
Group     2 (      Protein-H) has  7100 elements
Group     3 (        C-alpha) has   923 elements
Group     4 (       Backbone) has  2769 elements
Group     5 (      MainChain) has  3693 elements
Group     6 (   MainChain+Cb) has  4533 elements
Group     7 (    MainChain+H) has  4580 elements
Group     8 (      SideChain) has  9677 elements
Group     9 (    SideChain-H) has  3407 elements
Group    10 (    Prot-Masses) has 14257 elements
Group    11 (    non-Protein) has 439235 elements
Group    12 (          Other) has    41 elements
Group    13 (            NDX) has    41 elements
Group    14 (          Water) has 439194 elements
Group    15 (            SOL) has 439194 elements
Group    16 (      non-Water) has 14298 elements
Select a group: Number of (3-atomic) solvent molecules: 146398
Using random seed 1993.
Replacing solvent molecule 53619 (atom 175155) with NA
Replacing solvent molecule 76902 (atom 245004) with NA
Replacing solvent molecule 56729 (atom 184485) with NA
Replacing solvent molecule 38869 (atom 130905) with NA
Replacing solvent molecule 92047 (atom 290439) with NA
Replacing solvent molecule 33353 (atom 114357) with NA
Replacing solvent molecule 131172 (atom 407814) with NA
Replacing solvent molecule 1678 (atom 19332) with NA
Replacing solvent molecule 18354 (atom 69360) with NA
Replacing solvent molecule 106375 (atom 333423) with NA
Replacing solvent molecule 30822 (atom 106764) with NA
Replacing solvent molecule 69547 (atom 222939) with NA
Replacing solvent molecule 67072 (atom 215514) with NA
Replacing solvent molecule 34843 (atom 118827) with NA
Replacing solvent molecule 37247 (atom 126039) with NA
Replacing solvent molecule 38462 (atom 129684) with NA
Replacing solvent molecule 93968 (atom 296202) with NA
Replacing solvent molecule 15054 (atom 59460) with NA
Replacing solvent molecule 84054 (atom 266460) with NA
Replacing solvent molecule 11858 (atom 49872) with NA
Replacing solvent molecule 10145 (atom 44733) with NA
Replacing solvent molecule 33687 (atom 115359) with NA
Replacing solvent molecule 115998 (atom 362292) with NA
Replacing solvent molecule 124534 (atom 387900) with NA
Replacing solvent molecule 24181 (atom 86841) with NA
Replacing solvent molecule 140171 (atom 434811) with NA
Replacing solvent molecule 44106 (atom 146616) with NA
Replacing solvent molecule 55329 (atom 180285) with NA
Replacing solvent molecule 50151 (atom 164751) with NA
Replacing solvent molecule 132598 (atom 412092) with NA
Replacing solvent molecule 135781 (atom 421641) with NA
Replacing solvent molecule 45426 (atom 150576) with NA
Replacing solvent molecule 108280 (atom 339138) with NA
Replacing solvent molecule 138854 (atom 430860) with NA
Replacing solvent molecule 87680 (atom 277338) with NA
Replacing solvent molecule 57417 (atom 186549) with NA
Replacing solvent molecule 31268 (atom 108102) with NA
Replacing solvent molecule 65135 (atom 209703) with NA
Replacing solvent molecule 109660 (atom 343278) with NA
Replacing solvent molecule 88709 (atom 280425) with NA
Replacing solvent molecule 62219 (atom 200955) with NA
Replacing solvent molecule 23345 (atom 84333) with NA
Replacing solvent molecule 95323 (atom 300267) with NA


GROMACS reminds you: "Requiem, bring the dissident from slumber" (Bad Religion)


