2025-10-29 16:42:30,831 [MainThread  ] [INFO ]  Module: biobb_gromacs.gromacs.grompp Version: 5.1.1
2025-10-29 16:42:30,831 [MainThread  ] [INFO ]  /host_pwd/levparc2014C/sandbox_a0a999ab-8459-4a07-990f-2ffe76970614 directory successfully created
2025-10-29 16:42:31,018 [MainThread  ] [INFO ]  Copy: prot_levparc2014C_LEV_genion.gro to /host_pwd/levparc2014C/sandbox_a0a999ab-8459-4a07-990f-2ffe76970614
2025-10-29 16:42:31,195 [MainThread  ] [INFO ]  Extracting: /host_pwd/levparc2014C/prot_levparc2014C_LEV_genion_top.zip
2025-10-29 16:42:31,195 [MainThread  ] [INFO ]  to:
2025-10-29 16:42:31,195 [MainThread  ] [INFO ]  ['/host_pwd/levparc2014C/sandbox_a0a999ab-8459-4a07-990f-2ffe76970614/LEV_posres.itp', '/host_pwd/levparc2014C/sandbox_a0a999ab-8459-4a07-990f-2ffe76970614/LEVparams.itp', '/host_pwd/levparc2014C/sandbox_a0a999ab-8459-4a07-990f-2ffe76970614/ligand.top', '/host_pwd/levparc2014C/sandbox_a0a999ab-8459-4a07-990f-2ffe76970614/p2g_Protein_chain_A.itp', '/host_pwd/levparc2014C/sandbox_a0a999ab-8459-4a07-990f-2ffe76970614/p2g_Protein_chain_B.itp', '/host_pwd/levparc2014C/sandbox_a0a999ab-8459-4a07-990f-2ffe76970614/posre_Protein_chain_A.itp', '/host_pwd/levparc2014C/sandbox_a0a999ab-8459-4a07-990f-2ffe76970614/posre_Protein_chain_B.itp']
2025-10-29 16:42:31,195 [MainThread  ] [INFO ]  Unzipping: 
2025-10-29 16:42:31,195 [MainThread  ] [INFO ]  prot_levparc2014C_LEV_genion_top.zip
2025-10-29 16:42:31,195 [MainThread  ] [INFO ]  To: 
2025-10-29 16:42:31,195 [MainThread  ] [INFO ]  /host_pwd/levparc2014C/sandbox_a0a999ab-8459-4a07-990f-2ffe76970614/LEV_posres.itp
2025-10-29 16:42:31,195 [MainThread  ] [INFO ]  /host_pwd/levparc2014C/sandbox_a0a999ab-8459-4a07-990f-2ffe76970614/LEVparams.itp
2025-10-29 16:42:31,195 [MainThread  ] [INFO ]  /host_pwd/levparc2014C/sandbox_a0a999ab-8459-4a07-990f-2ffe76970614/ligand.top
2025-10-29 16:42:31,195 [MainThread  ] [INFO ]  /host_pwd/levparc2014C/sandbox_a0a999ab-8459-4a07-990f-2ffe76970614/p2g_Protein_chain_A.itp
2025-10-29 16:42:31,195 [MainThread  ] [INFO ]  /host_pwd/levparc2014C/sandbox_a0a999ab-8459-4a07-990f-2ffe76970614/p2g_Protein_chain_B.itp
2025-10-29 16:42:31,195 [MainThread  ] [INFO ]  /host_pwd/levparc2014C/sandbox_a0a999ab-8459-4a07-990f-2ffe76970614/posre_Protein_chain_A.itp
2025-10-29 16:42:31,195 [MainThread  ] [INFO ]  /host_pwd/levparc2014C/sandbox_a0a999ab-8459-4a07-990f-2ffe76970614/posre_Protein_chain_B.itp
2025-10-29 16:42:31,197 [MainThread  ] [INFO ]  gmx -nobackup -nocopyright grompp -f /host_pwd/levparc2014C/sandbox_a0a999ab-8459-4a07-990f-2ffe76970614/grompp.mdp -c /host_pwd/levparc2014C/sandbox_a0a999ab-8459-4a07-990f-2ffe76970614/prot_levparc2014C_LEV_genion.gro -r /host_pwd/levparc2014C/sandbox_a0a999ab-8459-4a07-990f-2ffe76970614/prot_levparc2014C_LEV_genion.gro -p /host_pwd/levparc2014C/sandbox_a0a999ab-8459-4a07-990f-2ffe76970614/ligand.top -o /host_pwd/levparc2014C/sandbox_a0a999ab-8459-4a07-990f-2ffe76970614/prot_levparc2014C_LEV_gppmin.tpr -po mdout.mdp -maxwarn 10

2025-10-29 16:42:43,410 [MainThread  ] [INFO ]  Executing: gmx -nobackup -nocopyright grompp -f /host_pwd/levparc2014C/sandbox_a0a999ab-845...
2025-10-29 16:42:43,412 [MainThread  ] [INFO ]  Exit code: 0
2025-10-29 16:42:43,412 [MainThread  ] [INFO ]  Setting the LD random seed to -614868262

Generated 2850 of the 2850 non-bonded parameter combinations

Generated 2850 of the 2850 1-4 parameter combinations

Excluding 3 bonded neighbours molecule type 'Protein_chain_A'

Excluding 3 bonded neighbours molecule type 'Protein_chain_B'

Excluding 3 bonded neighbours molecule type 'LEVparams'

Excluding 2 bonded neighbours molecule type 'SOL'

Excluding 1 bonded neighbours molecule type 'NA'
Analysing residue names:
There are:  1430    Protein residues
There are:     1      Other residues
There are: 506650      Water residues
There are:    14        Ion residues
Analysing Protein...
Analysing residues not classified as Protein/DNA/RNA/Water and splitting into groups...

The largest distance between excluded atoms is 0.427 nm between atom 12138 and 12146
Calculating fourier grid dimensions for X Y Z
Using a fourier grid of 240x240x240, spacing 0.114 0.114 0.114

Estimate for the relative computational load of the PME mesh part: 0.29

This run will generate roughly 118 Mb of data

2025-10-29 16:42:43,526 [MainThread  ] [INFO ]  Removed: ['/host_pwd/levparc2014C/sandbox_a0a999ab-8459-4a07-990f-2ffe76970614', 'mdout.mdp']
2025-10-29 16:42:43,527 [MainThread  ] [INFO ]  
