2025-11-06 12:03:28,238 [MainThread  ] [INFO ]  Module: biobb_gromacs.gromacs.grompp Version: 5.1.1
2025-11-06 12:03:28,238 [MainThread  ] [INFO ]  /host_pwd/levparc2007C/sandbox_b6727006-c8a2-4df1-9e0c-d7e0fedc3bab directory successfully created
2025-11-06 12:03:28,457 [MainThread  ] [INFO ]  Copy: prot_levparc2007C_new_LEV_npt.gro to /host_pwd/levparc2007C/sandbox_b6727006-c8a2-4df1-9e0c-d7e0fedc3bab
2025-11-06 12:03:28,553 [MainThread  ] [INFO ]  Copy: prot_levparc2007C_new_LEV_npt.cpt to /host_pwd/levparc2007C/sandbox_b6727006-c8a2-4df1-9e0c-d7e0fedc3bab
2025-11-06 12:03:28,630 [MainThread  ] [INFO ]  Extracting: /host_pwd/levparc2007C/prot_levparc2007C_new_LEV_genion_top.zip
2025-11-06 12:03:28,630 [MainThread  ] [INFO ]  to:
2025-11-06 12:03:28,630 [MainThread  ] [INFO ]  ['/host_pwd/levparc2007C/sandbox_b6727006-c8a2-4df1-9e0c-d7e0fedc3bab/LEV_posres.itp', '/host_pwd/levparc2007C/sandbox_b6727006-c8a2-4df1-9e0c-d7e0fedc3bab/LEVparams.itp', '/host_pwd/levparc2007C/sandbox_b6727006-c8a2-4df1-9e0c-d7e0fedc3bab/ligand.top', '/host_pwd/levparc2007C/sandbox_b6727006-c8a2-4df1-9e0c-d7e0fedc3bab/p2g_Protein_chain_A.itp', '/host_pwd/levparc2007C/sandbox_b6727006-c8a2-4df1-9e0c-d7e0fedc3bab/p2g_Protein_chain_B.itp', '/host_pwd/levparc2007C/sandbox_b6727006-c8a2-4df1-9e0c-d7e0fedc3bab/posre_Protein_chain_A.itp', '/host_pwd/levparc2007C/sandbox_b6727006-c8a2-4df1-9e0c-d7e0fedc3bab/posre_Protein_chain_B.itp']
2025-11-06 12:03:28,630 [MainThread  ] [INFO ]  Unzipping: 
2025-11-06 12:03:28,630 [MainThread  ] [INFO ]  prot_levparc2007C_new_LEV_genion_top.zip
2025-11-06 12:03:28,630 [MainThread  ] [INFO ]  To: 
2025-11-06 12:03:28,630 [MainThread  ] [INFO ]  /host_pwd/levparc2007C/sandbox_b6727006-c8a2-4df1-9e0c-d7e0fedc3bab/LEV_posres.itp
2025-11-06 12:03:28,630 [MainThread  ] [INFO ]  /host_pwd/levparc2007C/sandbox_b6727006-c8a2-4df1-9e0c-d7e0fedc3bab/LEVparams.itp
2025-11-06 12:03:28,630 [MainThread  ] [INFO ]  /host_pwd/levparc2007C/sandbox_b6727006-c8a2-4df1-9e0c-d7e0fedc3bab/ligand.top
2025-11-06 12:03:28,630 [MainThread  ] [INFO ]  /host_pwd/levparc2007C/sandbox_b6727006-c8a2-4df1-9e0c-d7e0fedc3bab/p2g_Protein_chain_A.itp
2025-11-06 12:03:28,630 [MainThread  ] [INFO ]  /host_pwd/levparc2007C/sandbox_b6727006-c8a2-4df1-9e0c-d7e0fedc3bab/p2g_Protein_chain_B.itp
2025-11-06 12:03:28,630 [MainThread  ] [INFO ]  /host_pwd/levparc2007C/sandbox_b6727006-c8a2-4df1-9e0c-d7e0fedc3bab/posre_Protein_chain_A.itp
2025-11-06 12:03:28,630 [MainThread  ] [INFO ]  /host_pwd/levparc2007C/sandbox_b6727006-c8a2-4df1-9e0c-d7e0fedc3bab/posre_Protein_chain_B.itp
2025-11-06 12:03:28,632 [MainThread  ] [INFO ]  gmx -nobackup -nocopyright grompp -f /host_pwd/levparc2007C/sandbox_b6727006-c8a2-4df1-9e0c-d7e0fedc3bab/grompp.mdp -c /host_pwd/levparc2007C/sandbox_b6727006-c8a2-4df1-9e0c-d7e0fedc3bab/prot_levparc2007C_new_LEV_npt.gro -r /host_pwd/levparc2007C/sandbox_b6727006-c8a2-4df1-9e0c-d7e0fedc3bab/prot_levparc2007C_new_LEV_npt.gro -p /host_pwd/levparc2007C/sandbox_b6727006-c8a2-4df1-9e0c-d7e0fedc3bab/ligand.top -o /host_pwd/levparc2007C/sandbox_b6727006-c8a2-4df1-9e0c-d7e0fedc3bab/prot_levparc2007C_new_LEV_gppmd.tpr -po mdout.mdp -maxwarn 10 -t /host_pwd/levparc2007C/sandbox_b6727006-c8a2-4df1-9e0c-d7e0fedc3bab/prot_levparc2007C_new_LEV_npt.cpt

2025-11-06 12:03:38,086 [MainThread  ] [INFO ]  Executing: gmx -nobackup -nocopyright grompp -f /host_pwd/levparc2007C/sandbox_b6727006-c8a...
2025-11-06 12:03:38,088 [MainThread  ] [INFO ]  Exit code: 0
2025-11-06 12:03:38,088 [MainThread  ] [INFO ]  Setting the LD random seed to 1576533715

Generated 3486 of the 3486 non-bonded parameter combinations

Generated 3486 of the 3486 1-4 parameter combinations

Excluding 3 bonded neighbours molecule type 'Protein_chain_A'

turning H bonds into constraints...

Excluding 3 bonded neighbours molecule type 'Protein_chain_B'

turning H bonds into constraints...

Excluding 3 bonded neighbours molecule type 'LEVparams'

turning H bonds into constraints...

Excluding 2 bonded neighbours molecule type 'SOL'

turning H bonds into constraints...

Excluding 1 bonded neighbours molecule type 'NA'

turning H bonds into constraints...
Analysing residue names:
There are:  1430    Protein residues
There are:     1      Other residues
There are: 507652      Water residues
There are:    16        Ion residues
Analysing Protein...
Analysing residues not classified as Protein/DNA/RNA/Water and splitting into groups...

The largest distance between excluded atoms is 0.440 nm between atom 18647 and 18655

Determining Verlet buffer for a tolerance of 0.005 kJ/mol/ps at 300 K

Calculated rlist for 1x1 atom pair-list as 1.036 nm, buffer size 0.036 nm

Set rlist, assuming 4x4 atom pair-list, to 1.000 nm, buffer size 0.000 nm

Note that mdrun will redetermine rlist based on the actual pair-list setup

Reading Coordinates, Velocities and Box size from old trajectory

Will read whole trajectory

Using frame at t = 100 ps

Starting time for run is 0 ps
Calculating fourier grid dimensions for X Y Z
Using a fourier grid of 240x240x240, spacing 0.113 0.113 0.113

Estimate for the relative computational load of the PME mesh part: 0.31

2025-11-06 12:03:38,279 [MainThread  ] [INFO ]  Removed: ['/host_pwd/levparc2007C/sandbox_b6727006-c8a2-4df1-9e0c-d7e0fedc3bab', 'mdout.mdp']
2025-11-06 12:03:38,279 [MainThread  ] [INFO ]  
