2025-09-25 18:57:52,032 [MainThread  ] [INFO ]                        :-) GROMACS - gmx mdrun, 2024.4 (-:

Executable:   /usr/local/gromacs/bin/gmx
Data prefix:  /usr/local/gromacs
Working dir:  /home/admin/gitrepos/gromacs_sims/Antimicrobial_Peptides/Pseudomonas_antibiotics/simulation/norgyra2018C
Command line:
  gmx -nobackup -nocopyright mdrun -o /home/admin/gitrepos/gromacs_sims/Antimicrobial_Peptides/Pseudomonas_antibiotics/simulation/norgyra2018C/sandbox_aa9d93ec-3d8d-40e4-a212-aa391ef1c436/prot_norgyra2018C_NOR_nvt.trr -s /home/admin/gitrepos/gromacs_sims/Antimicrobial_Peptides/Pseudomonas_antibiotics/simulation/norgyra2018C/sandbox_aa9d93ec-3d8d-40e4-a212-aa391ef1c436/prot_norgyra2018C_NORgppnvt.tpr -c /home/admin/gitrepos/gromacs_sims/Antimicrobial_Peptides/Pseudomonas_antibiotics/simulation/norgyra2018C/sandbox_aa9d93ec-3d8d-40e4-a212-aa391ef1c436/prot_norgyra2018C_NOR_nvt.gro -e /home/admin/gitrepos/gromacs_sims/Antimicrobial_Peptides/Pseudomonas_antibiotics/simulation/norgyra2018C/sandbox_aa9d93ec-3d8d-40e4-a212-aa391ef1c436/prot_norgyra2018C_NOR_nvt.edr -g /home/admin/gitrepos/gromacs_sims/Antimicrobial_Peptides/Pseudomonas_antibiotics/simulation/norgyra2018C/sandbox_aa9d93ec-3d8d-40e4-a212-aa391ef1c436/prot_norgyra2018C_NOR_nvt.log -cpo /home/admin/gitrepos/gromacs_sims/Antimicrobial_Peptides/Pseudomonas_antibiotics/simulation/norgyra2018C/sandbox_aa9d93ec-3d8d-40e4-a212-aa391ef1c436/prot_norgyra2018C_NOR_nvt.cpt

Reading file /home/admin/gitrepos/gromacs_sims/Antimicrobial_Peptides/Pseudomonas_antibiotics/simulation/norgyra2018C/sandbox_aa9d93ec-3d8d-40e4-a212-aa391ef1c436/prot_norgyra2018C_NORgppnvt.tpr, VERSION 2024.4 (single precision)
Changing nstlist from 10 to 100, rlist from 1 to 1.17

Update groups can not be used for this system because atoms that are (in)directly constrained together are interdispersed with other atoms

1 GPU selected for this run.
Mapping of GPU IDs to the 2 GPU tasks in the 1 rank on this node:
  PP:0,PME:0
PP tasks will do (non-perturbed) short-ranged interactions on the GPU
PP task will update and constrain coordinates on the GPU
PME tasks will do all aspects on the GPU
Using 1 MPI thread

Non-default thread affinity set, disabling internal thread affinity

Using 24 OpenMP threads 

starting mdrun 'Protein in water'
50000 steps,    100.0 ps.

Writing final coordinates.

               Core t (s)   Wall t (s)        (%)
       Time:     7214.427      300.626     2399.8
                 (ns/day)    (hour/ns)
Performance:       28.741        0.835

GROMACS reminds you: "It's just B I O L O G Y, can't you see?" (Joe Jackson)


