2025-09-25 18:50:51,166 [MainThread  ] [INFO ]                        :-) GROMACS - gmx genion, 2024.4 (-:

Executable:   /usr/local/gromacs/bin/gmx
Data prefix:  /usr/local/gromacs
Working dir:  /home/admin/gitrepos/gromacs_sims/Antimicrobial_Peptides/Pseudomonas_antibiotics/simulation/norgyra2018C
Command line:
  gmx -nobackup -nocopyright genion -s /home/admin/gitrepos/gromacs_sims/Antimicrobial_Peptides/Pseudomonas_antibiotics/simulation/norgyra2018C/sandbox_245560ff-0adf-4a80-9475-c4b2ca672e59/prot_norgyra2018C_NOR_complex_gppion.tpr -o /home/admin/gitrepos/gromacs_sims/Antimicrobial_Peptides/Pseudomonas_antibiotics/simulation/norgyra2018C/sandbox_245560ff-0adf-4a80-9475-c4b2ca672e59/prot_norgyra2018C_NOR_genion.gro -p cdbe437a-3f57-4933-b37c-ec46c7206e18/ligand.top -neutral -seed 1993

Reading file /home/admin/gitrepos/gromacs_sims/Antimicrobial_Peptides/Pseudomonas_antibiotics/simulation/norgyra2018C/sandbox_245560ff-0adf-4a80-9475-c4b2ca672e59/prot_norgyra2018C_NOR_complex_gppion.tpr, VERSION 2024.4 (single precision)
Reading file /home/admin/gitrepos/gromacs_sims/Antimicrobial_Peptides/Pseudomonas_antibiotics/simulation/norgyra2018C/sandbox_245560ff-0adf-4a80-9475-c4b2ca672e59/prot_norgyra2018C_NOR_complex_gppion.tpr, VERSION 2024.4 (single precision)
Group     0 (         System) has 453520 elements
Group     1 (        Protein) has 14237 elements
Group     2 (      Protein-H) has  7087 elements
Group     3 (        C-alpha) has   921 elements
Group     4 (       Backbone) has  2763 elements
Group     5 (      MainChain) has  3685 elements
Group     6 (   MainChain+Cb) has  4523 elements
Group     7 (    MainChain+H) has  4570 elements
Group     8 (      SideChain) has  9667 elements
Group     9 (    SideChain-H) has  3402 elements
Group    10 (    Prot-Masses) has 14237 elements
Group    11 (    non-Protein) has 439283 elements
Group    12 (          Other) has    53 elements
Group    13 (            NOR) has    53 elements
Group    14 (          Water) has 439230 elements
Group    15 (            SOL) has 439230 elements
Group    16 (      non-Water) has 14290 elements
Select a group: Number of (3-atomic) solvent molecules: 146410
Using random seed 1993.
Replacing solvent molecule 64328 (atom 207274) with NA
Replacing solvent molecule 11275 (atom 48115) with NA
Replacing solvent molecule 121600 (atom 379090) with NA
Replacing solvent molecule 123159 (atom 383767) with NA
Replacing solvent molecule 120970 (atom 377200) with NA
Replacing solvent molecule 90771 (atom 286603) with NA
Replacing solvent molecule 146189 (atom 452857) with NA
Replacing solvent molecule 41635 (atom 139195) with NA
Replacing solvent molecule 20781 (atom 76633) with NA
Replacing solvent molecule 66292 (atom 213166) with NA
Replacing solvent molecule 10179 (atom 44827) with NA
Replacing solvent molecule 53619 (atom 175147) with NA
Replacing solvent molecule 76902 (atom 244996) with NA
Replacing solvent molecule 133131 (atom 413683) with NA
Replacing solvent molecule 2465 (atom 21685) with NA
Replacing solvent molecule 20496 (atom 75778) with NA
Replacing solvent molecule 91499 (atom 288787) with NA
Replacing solvent molecule 111191 (atom 347863) with NA
Replacing solvent molecule 1678 (atom 19324) with NA
Replacing solvent molecule 32891 (atom 112963) with NA
Replacing solvent molecule 97362 (atom 306376) with NA
Replacing solvent molecule 40998 (atom 137284) with NA
Replacing solvent molecule 126346 (atom 393328) with NA
Replacing solvent molecule 99830 (atom 313780) with NA
Replacing solvent molecule 36501 (atom 123793) with NA
Replacing solvent molecule 34843 (atom 118819) with NA
Replacing solvent molecule 21927 (atom 80071) with NA
Replacing solvent molecule 38462 (atom 129676) with NA
Replacing solvent molecule 106873 (atom 334909) with NA
Replacing solvent molecule 132365 (atom 411385) with NA
Replacing solvent molecule 110575 (atom 346015) with NA
Replacing solvent molecule 11858 (atom 49864) with NA
Replacing solvent molecule 55268 (atom 180094) with NA
Replacing solvent molecule 33687 (atom 115351) with NA
Replacing solvent molecule 80259 (atom 255067) with NA
Replacing solvent molecule 124534 (atom 387892) with NA
Replacing solvent molecule 54290 (atom 177160) with NA
Replacing solvent molecule 140171 (atom 434803) with NA
Replacing solvent molecule 56997 (atom 185281) with NA
Replacing solvent molecule 43133 (atom 143689) with NA
Replacing solvent molecule 132598 (atom 412084) with NA
Replacing solvent molecule 45712 (atom 151426) with NA


GROMACS reminds you: "A computer without COBOL and FORTRAN is like a piece of chocolate cake without ketchup or mustard." (Unix fortune program)


