2025-10-24 06:10:28,702 [MainThread  ] [INFO ]  
A T O M   T Y P E S

IDX	TYPE	RING
1	cx	AL
2	n3	AL
3	oh	NO
4	cx	AL
5	n3	AL
6	oh	NO
7	cx	AL
8	n3	AL
9	oh	NO
10	c3	AL
11	c3	AL
12	c3	AL
13	c3	AL
14	c3	AL
15	c3	AL
16	c3	AL
17	c3	AL
18	c3	AL
19	c3	AL
20	c3	AL
21	c3	AL
22	c3	AL
23	c3	NO
24	f	NO
25	hc	NO
26	hc	NO
27	ho	NO
28	hc	NO
29	hc	NO
30	ho	NO
31	h1	NO
32	hn	NO
33	ho	NO
34	h1	NO
35	h1	NO
36	hc	NO
37	h1	NO
38	hc	NO
39	hc	NO
40	hc	NO
41	h1	NO
42	h1	NO
43	hc	NO
44	hc	NO
45	h1	NO
46	h1	NO
47	h1	NO
48	h1	NO
49	h1	NO
50	h1	NO
51	h1	NO
52	h1	NO
53	h1	NO
54	h2	NO

C H A R G E S

IDX	CHARGE
1	-0.035911
2	-0.295548
3	-0.390973
4	-0.035911
5	-0.294214
6	-0.366790
7	0.010815
8	-0.313556
9	-0.366790
10	0.009272
11	0.048688
12	0.068142
13	0.003816
14	-0.013628
15	0.116836
16	0.042957
17	-0.018622
18	0.017469
19	0.011852
20	0.008735
21	0.008735
22	0.011852
23	0.159481
24	-0.243863
25	0.028078
26	0.028078
27	0.209804
28	0.028078
29	0.028078
30	0.212483
31	0.046255
32	0.122026
33	0.212483
34	0.043183
35	0.043183
36	0.038744
37	0.060119
38	0.034182
39	0.029738
40	0.029738
41	0.066683
42	0.049125
43	0.029638
44	0.029638
45	0.046660
46	0.043907
47	0.043907
48	0.043652
49	0.043652
50	0.043652
51	0.043652
52	0.043907
53	0.043907
54	0.090927

S E T T I N G   U P   C A L C U L A T I O N S

SETTING UP BOND CALCULATIONS...
SETTING UP ANGLE CALCULATIONS...
SETTING UP TORSION CALCULATIONS...
COULD NOT FIND PARAMETERS FOR TORSION cx-cx-n3-c3, USING DEFAULT PARAMETERS
COULD NOT FIND PARAMETERS FOR TORSION cx-cx-n3-c3, USING DEFAULT PARAMETERS
COULD NOT FIND PARAMETERS FOR TORSION cx-cx-n3-c3, USING DEFAULT PARAMETERS
COULD NOT FIND PARAMETERS FOR TORSION cx-cx-n3-c3, USING DEFAULT PARAMETERS
COULD NOT FIND PARAMETERS FOR TORSION h1-cx-n3-c3, USING DEFAULT PARAMETERS
COULD NOT FIND PARAMETERS FOR TORSION h1-cx-n3-c3, USING DEFAULT PARAMETERS
SETTING UP IMPROPER TORSION CALCULATIONS...
SETTING UP VAN DER WAALS CALCULATIONS...
SETTING UP ELECTROSTATIC CALCULATIONS...

S T E E P E S T   D E S C E N T

STEPS = 2500

STEP n       E(n)         E(n-1)    
------------------------------------
    0    1234.013      ----
   10    697.68845    711.26737
   20    623.68246    628.07387
   30    595.36386    597.31530
   40    581.53959    582.57262
   50    573.77540    574.38653
   60    568.97089    569.36466
   70    565.75324    566.02621
   80    563.44497    563.64672
   90    561.68705    561.84465
  100    560.27853    560.40748
  110    559.10160    559.21119
  120    558.08431    558.18032
  130    557.18103    557.26718
  140    556.36176    556.44056
  150    555.60592    555.67910
  160    554.89915    554.96794
  170    554.23151    554.29670
  180    553.59724    553.65932
  190    552.99146    553.05088
  200    552.41045    552.46753
  210    551.85140    551.90639
  220    551.31214    551.36523
  230    550.79085    550.84222
  240    550.28588    550.33569
  250    549.79562    549.84403
  260    549.31836    549.36555
  270    548.85227    548.89843
  280    548.39545    548.44077
  290    547.94594    547.99062
  300    547.50202    547.54620
  310    547.06243    547.10621
  320    546.62676    546.67014
  330    546.19584    546.23866
  340    545.77193    545.81391
  350    545.35867    545.39939
  360    544.96058    544.99957
  370    544.58223    544.61906
  380    544.22735    544.26170
  390    543.89815    543.92989
  400    543.59516    543.62430
  410    543.31737    543.34406
  420    543.06278    543.08727
  430    542.82888    542.85142
  440    542.61308    542.63392
  450    542.41284    542.43223
  460    542.22609    542.24421
  470    542.05113    542.06814
  480    541.88649    541.90252
  490    541.73098    541.74615
  500    541.58363    541.59802
  510    541.44362    541.45731
  520    541.31029    541.32334
  530    541.18306    541.19553
  540    541.06145    541.07337
  550    540.94502    540.95644
  560    540.83339    540.84434
  570    540.72621    540.73674
  580    540.62319    540.63332
  590    540.52404    540.53379
  600    540.42849    540.43789
  610    540.33632    540.34539
  620    540.24729    540.25606
  630    540.16121    540.16969
  640    540.07789    540.08610
  650    539.99714    540.00511
  660    539.91882    539.92655
  670    539.84275    539.85026
  680    539.76880    539.77611
  690    539.69684    539.70395
  700    539.62674    539.63367
  710    539.55838    539.56515
  720    539.49166    539.49826
  730    539.42647    539.43293
  740    539.36272    539.36903
  750    539.30032    539.30650
  760    539.23917    539.24523
  770    539.17922    539.18516
  780    539.12037    539.12621
  790    539.06257    539.06830
  800    539.00574    539.01138
  810    538.94983    538.95539
  820    538.89478    538.90025
  830    538.84054    538.84593
  840    538.78706    538.79237
  850    538.73428    538.73953
  860    538.68217    538.68735
  870    538.63068    538.63580
  880    538.57978    538.58485
  890    538.52943    538.53444
  900    538.47959    538.48455
  910    538.43023    538.43515
  920    538.38133    538.38620
  930    538.33285    538.33768
  940    538.28477    538.28956
  950    538.23705    538.24181
  960    538.18969    538.19441
  970    538.14265    538.14734
  980    538.09592    538.10058
  990    538.04947    538.05410
 1000    538.00328    538.00789
 1010    537.95735    537.96194
 1020    537.91165    537.91621
 1030    537.86617    537.87071
 1040    537.82089    537.82541
 1050    537.77579    537.78029
 1060    537.73087    537.73536
 1070    537.68612    537.69059
 1080    537.64151    537.64596
 1090    537.59704    537.60148
 1100    537.55271    537.55713
 1110    537.50849    537.51290
 1120    537.46438    537.46879
 1130    537.42037    537.42477
 1140    537.37645    537.38084
 1150    537.33262    537.33700
 1160    537.28887    537.29324
 1170    537.24518    537.24955
 1180    537.20156    537.20592
 1190    537.15799    537.16235
 1200    537.11448    537.11883
 1210    537.07100    537.07535
 1220    537.02757    537.03191
 1230    536.98416    536.98850
 1240    536.94078    536.94512
 1250    536.89743    536.90176
 1260    536.85409    536.85843
 1270    536.81077    536.81510
 1280    536.76745    536.77178
 1290    536.72413    536.72846
 1300    536.68082    536.68515
 1310    536.63750    536.64183
 1320    536.59417    536.59850
 1330    536.55083    536.55517
 1340    536.50747    536.51181
 1350    536.46410    536.46844
 1360    536.42070    536.42504
 1370    536.37728    536.38162
 1380    536.33383    536.33818
 1390    536.29034    536.29469
 1400    536.24682    536.25118
 1410    536.20326    536.20762
 1420    536.15966    536.16403
 1430    536.11602    536.12038
 1440    536.07232    536.07670
 1450    536.02858    536.03296
 1460    535.98478    535.98917
 1470    535.94093    535.94532
 1480    535.89702    535.90141
 1490    535.85304    535.85745
 1500    535.80901    535.81341
 1510    535.76490    535.76932
 1520    535.72072    535.72515
 1530    535.67647    535.68090
 1540    535.63215    535.63658
 1550    535.58774    535.59219
 1560    535.54326    535.54771
 1570    535.49869    535.50315
 1580    535.45403    535.45850
 1590    535.40928    535.41376
 1600    535.36444    535.36893
 1610    535.31951    535.32401
 1620    535.27448    535.27898
 1630    535.22934    535.23386
 1640    535.18410    535.18863
 1650    535.13876    535.14330
 1660    535.09330    535.09785
 1670    535.04773    535.05230
 1680    535.00205    535.00662
 1690    534.95624    534.96083
 1700    534.91031    534.91491
 1710    534.86426    534.86887
 1720    534.81807    534.82270
 1730    534.77176    534.77639
 1740    534.72530    534.72995
 1750    534.67871    534.68337
 1760    534.63197    534.63665
 1770    534.58508    534.58978
 1780    534.53804    534.54276
 1790    534.49085    534.49558
 1800    534.44350    534.44824
 1810    534.39598    534.40074
 1820    534.34830    534.35308
 1830    534.30044    534.30524
 1840    534.25241    534.25722
 1850    534.20419    534.20902
 1860    534.15579    534.16064
 1870    534.10720    534.11207
 1880    534.05841    534.06330
 1890    534.00942    534.01433
 1900    533.96023    533.96516
 1910    533.91083    533.91578
 1920    533.86121    533.86618
 1930    533.81136    533.81636
 1940    533.76129    533.76631
 1950    533.71099    533.71603
 1960    533.66045    533.66552
 1970    533.60966    533.61475
 1980    533.55862    533.56374
 1990    533.50732    533.51246
 2000    533.45576    533.46093
 2010    533.40392    533.40912
 2020    533.35181    533.35703
 2030    533.29940    533.30466
 2040    533.24671    533.25199
 2050    533.19371    533.19902
 2060    533.14039    533.14574
 2070    533.08676    533.09214
 2080    533.03280    533.03822
 2090    532.97851    532.98396
 2100    532.92387    532.92935
 2110    532.86887    532.87439
 2120    532.81351    532.81906
 2130    532.75777    532.76336
 2140    532.70164    532.70727
 2150    532.64511    532.65079
 2160    532.58818    532.59389
 2170    532.53082    532.53658
 2180    532.47303    532.47883
 2190    532.41479    532.42064
 2200    532.35609    532.36199
 2210    532.29692    532.30286
 2220    532.23726    532.24325
 2230    532.17709    532.18314
 2240    532.11640    532.12250
 2250    532.05518    532.06133
 2260    531.99340    531.99961
 2270    531.93105    531.93732
 2280    531.86811    531.87444
 2290    531.80456    531.81095
 2300    531.74039    531.74684
 2310    531.67556    531.68207
 2320    531.61006    531.61664
 2330    531.54386    531.55052
 2340    531.47694    531.48367
 2350    531.40928    531.41609
 2360    531.34085    531.34773
 2370    531.27161    531.27858
 2380    531.20155    531.20860
 2390    531.13063    531.13776
 2400    531.05881    531.06604
 2410    530.98607    530.99339
 2420    530.91236    530.91978
 2430    530.83764    530.84517
 2440    530.76189    530.76952
 2450    530.68505    530.69279
 2460    530.60707    530.61493
 2470    530.52792    530.53590
 2480    530.44753    530.45564
 2490    530.36586    530.37409
 2500    530.28284    530.29121
Time: 1.6889seconds. Iterations per second: 1480.85

