Starting
---------------------------------------------
NUM_CPUS= 32
                      :-) GROMACS - gmx mdrun, 2024.4 (-:

Executable:   /usr/local/gromacs/bin/gmx
Data prefix:  /usr/local/gromacs
Working dir:  /home/admin/gitrepos/gromacs_sims/Antimicrobial_Peptides/Pseudomonas_antibiotics/simulation/norgyra2018C
Command line:
  gmx -nobackup -nocopyright mdrun -o /home/admin/gitrepos/gromacs_sims/Antimicrobial_Peptides/Pseudomonas_antibiotics/simulation/norgyra2018C/sandbox_e29b3078-14e8-4ffc-879e-c5fb85811538/prot_norgyra2018C_md.trr -s /home/admin/gitrepos/gromacs_sims/Antimicrobial_Peptides/Pseudomonas_antibiotics/simulation/norgyra2018C/sandbox_e29b3078-14e8-4ffc-879e-c5fb85811538/prot_norgyra2018C_gppmd.tpr -c /home/admin/gitrepos/gromacs_sims/Antimicrobial_Peptides/Pseudomonas_antibiotics/simulation/norgyra2018C/sandbox_e29b3078-14e8-4ffc-879e-c5fb85811538/prot_norgyra2018C_md.gro -e /home/admin/gitrepos/gromacs_sims/Antimicrobial_Peptides/Pseudomonas_antibiotics/simulation/norgyra2018C/sandbox_e29b3078-14e8-4ffc-879e-c5fb85811538/prot_norgyra2018C_md.edr -g /home/admin/gitrepos/gromacs_sims/Antimicrobial_Peptides/Pseudomonas_antibiotics/simulation/norgyra2018C/sandbox_e29b3078-14e8-4ffc-879e-c5fb85811538/prot_norgyra2018C_md.log -x /home/admin/gitrepos/gromacs_sims/Antimicrobial_Peptides/Pseudomonas_antibiotics/simulation/norgyra2018C/sandbox_e29b3078-14e8-4ffc-879e-c5fb85811538/prot_norgyra2018C_md.xtc -cpi /home/admin/gitrepos/gromacs_sims/Antimicrobial_Peptides/Pseudomonas_antibiotics/simulation/norgyra2018C/sandbox_e29b3078-14e8-4ffc-879e-c5fb85811538/prot_norgyra2018C_md.cpt -cpo /home/admin/gitrepos/gromacs_sims/Antimicrobial_Peptides/Pseudomonas_antibiotics/simulation/norgyra2018C/sandbox_e29b3078-14e8-4ffc-879e-c5fb85811538/prot_norgyra2018C_md.cpt


-------------------------------------------------------
Program:     gmx mdrun, version 2024.4
Source file: src/gromacs/commandline/cmdlineparser.cpp (line 271)
Function:    void gmx::CommandLineParser::parse(int*, char**)

Error in user input:
Invalid command-line options
  In command-line option -s
    File
    '/home/admin/gitrepos/gromacs_sims/Antimicrobial_Peptides/Pseudomonas_antibiotics/simulation/norgyra2018C/sandbox_e29b3078-14e8-4ffc-879e-c5fb85811538/prot_norgyra2018C_gppmd.tpr'
    does not exist or is not accessible.
    The file could not be opened.
      Reason: No such file or directory
      (call to fopen() returned error code 2)

For more information and tips for troubleshooting, please check the GROMACS
website at https://manual.gromacs.org/current/user-guide/run-time-errors.html
-------------------------------------------------------
                     :-) GROMACS - gmx trjconv, 2024.4 (-:

Executable:   /usr/local/gromacs/bin/gmx
Data prefix:  /usr/local/gromacs
Working dir:  /home/admin/gitrepos/gromacs_sims/Antimicrobial_Peptides/Pseudomonas_antibiotics/simulation/norgyra2018C
Command line:
  gmx trjconv -f /home/admin/gitrepos/gromacs_sims/Antimicrobial_Peptides/Pseudomonas_antibiotics/simulation/norgyra2018C/sandbox_e29b3078-14e8-4ffc-879e-c5fb85811538/prot_norgyra2018C_md.xtc -s /home/admin/gitrepos/gromacs_sims/Antimicrobial_Peptides/Pseudomonas_antibiotics/simulation/norgyra2018C/sandbox_e29b3078-14e8-4ffc-879e-c5fb85811538/prot_norgyra2018C_gppmd.tpr -fit none -o /home/admin/gitrepos/gromacs_sims/Antimicrobial_Peptides/Pseudomonas_antibiotics/simulation/norgyra2018C/sandbox_e29b3078-14e8-4ffc-879e-c5fb85811538/prot_norgyra2018C_cluster_traj.xtc -n /home/admin/gitrepos/gromacs_sims/Antimicrobial_Peptides/Pseudomonas_antibiotics/simulation/norgyra2018C/sandbox_e29b3078-14e8-4ffc-879e-c5fb85811538/../prot_norgyra2018C_index.ndx -nocenter -pbc cluster -ur compact


-------------------------------------------------------
Program:     gmx trjconv, version 2024.4
Source file: src/gromacs/commandline/cmdlineparser.cpp (line 271)
Function:    void gmx::CommandLineParser::parse(int*, char**)

Error in user input:
Invalid command-line options
  In command-line option -f
    File
    '/home/admin/gitrepos/gromacs_sims/Antimicrobial_Peptides/Pseudomonas_antibiotics/simulation/norgyra2018C/sandbox_e29b3078-14e8-4ffc-879e-c5fb85811538/prot_norgyra2018C_md.xtc'
    does not exist or is not accessible.
    The file could not be opened.
      Reason: No such file or directory
      (call to fopen() returned error code 2)
  In command-line option -s
    File
    '/home/admin/gitrepos/gromacs_sims/Antimicrobial_Peptides/Pseudomonas_antibiotics/simulation/norgyra2018C/sandbox_e29b3078-14e8-4ffc-879e-c5fb85811538/prot_norgyra2018C_gppmd.tpr'
    does not exist or is not accessible.
    The file could not be opened.
      Reason: No such file or directory
      (call to fopen() returned error code 2)
  In command-line option -n
    File
    '/home/admin/gitrepos/gromacs_sims/Antimicrobial_Peptides/Pseudomonas_antibiotics/simulation/norgyra2018C/sandbox_e29b3078-14e8-4ffc-879e-c5fb85811538/../prot_norgyra2018C_index.ndx'
    does not exist or is not accessible.
    The file could not be opened.
      Reason: No such file or directory
      (call to fopen() returned error code 2)

For more information and tips for troubleshooting, please check the GROMACS
website at https://manual.gromacs.org/current/user-guide/run-time-errors.html
-------------------------------------------------------
                     :-) GROMACS - gmx trjconv, 2024.4 (-:

Executable:   /usr/local/gromacs/bin/gmx
Data prefix:  /usr/local/gromacs
Working dir:  /home/admin/gitrepos/gromacs_sims/Antimicrobial_Peptides/Pseudomonas_antibiotics/simulation/norgyra2018C
Command line:
  gmx trjconv -f /home/admin/gitrepos/gromacs_sims/Antimicrobial_Peptides/Pseudomonas_antibiotics/simulation/norgyra2018C/sandbox_e29b3078-14e8-4ffc-879e-c5fb85811538/prot_norgyra2018C_cluster_traj.xtc -s /home/admin/gitrepos/gromacs_sims/Antimicrobial_Peptides/Pseudomonas_antibiotics/simulation/norgyra2018C/sandbox_e29b3078-14e8-4ffc-879e-c5fb85811538/prot_norgyra2018C_gppmd.tpr -fit none -o /home/admin/gitrepos/gromacs_sims/Antimicrobial_Peptides/Pseudomonas_antibiotics/simulation/norgyra2018C/sandbox_e29b3078-14e8-4ffc-879e-c5fb85811538/prot_norgyra2018C_cluster_center_traj.xtc -n /home/admin/gitrepos/gromacs_sims/Antimicrobial_Peptides/Pseudomonas_antibiotics/simulation/norgyra2018C/sandbox_e29b3078-14e8-4ffc-879e-c5fb85811538/../prot_norgyra2018C_index.ndx -center -pbc none -ur compact


-------------------------------------------------------
Program:     gmx trjconv, version 2024.4
Source file: src/gromacs/commandline/cmdlineparser.cpp (line 271)
Function:    void gmx::CommandLineParser::parse(int*, char**)

Error in user input:
Invalid command-line options
  In command-line option -f
    File
    '/home/admin/gitrepos/gromacs_sims/Antimicrobial_Peptides/Pseudomonas_antibiotics/simulation/norgyra2018C/sandbox_e29b3078-14e8-4ffc-879e-c5fb85811538/prot_norgyra2018C_cluster_traj.xtc'
    does not exist or is not accessible.
    The file could not be opened.
      Reason: No such file or directory
      (call to fopen() returned error code 2)
  In command-line option -s
    File
    '/home/admin/gitrepos/gromacs_sims/Antimicrobial_Peptides/Pseudomonas_antibiotics/simulation/norgyra2018C/sandbox_e29b3078-14e8-4ffc-879e-c5fb85811538/prot_norgyra2018C_gppmd.tpr'
    does not exist or is not accessible.
    The file could not be opened.
      Reason: No such file or directory
      (call to fopen() returned error code 2)
  In command-line option -n
    File
    '/home/admin/gitrepos/gromacs_sims/Antimicrobial_Peptides/Pseudomonas_antibiotics/simulation/norgyra2018C/sandbox_e29b3078-14e8-4ffc-879e-c5fb85811538/../prot_norgyra2018C_index.ndx'
    does not exist or is not accessible.
    The file could not be opened.
      Reason: No such file or directory
      (call to fopen() returned error code 2)

For more information and tips for troubleshooting, please check the GROMACS
website at https://manual.gromacs.org/current/user-guide/run-time-errors.html
-------------------------------------------------------
                     :-) GROMACS - gmx trjconv, 2024.4 (-:

Executable:   /usr/local/gromacs/bin/gmx
Data prefix:  /usr/local/gromacs
Working dir:  /home/admin/gitrepos/gromacs_sims/Antimicrobial_Peptides/Pseudomonas_antibiotics/simulation/norgyra2018C
Command line:
  gmx trjconv -f /home/admin/gitrepos/gromacs_sims/Antimicrobial_Peptides/Pseudomonas_antibiotics/simulation/norgyra2018C/sandbox_e29b3078-14e8-4ffc-879e-c5fb85811538/_cluster_center_traj.xtc -s /home/admin/gitrepos/gromacs_sims/Antimicrobial_Peptides/Pseudomonas_antibiotics/simulation/norgyra2018C/sandbox_e29b3078-14e8-4ffc-879e-c5fb85811538/prot_norgyra2018C_gppmd.tpr -dump 0 -o /home/admin/gitrepos/gromacs_sims/Antimicrobial_Peptides/Pseudomonas_antibiotics/simulation/norgyra2018C/sandbox_e29b3078-14e8-4ffc-879e-c5fb85811538/prot_norgyra2018C_md_start_dry.pdb -n /home/admin/gitrepos/gromacs_sims/Antimicrobial_Peptides/Pseudomonas_antibiotics/simulation/norgyra2018C/sandbox_e29b3078-14e8-4ffc-879e-c5fb85811538/../prot_norgyra2018C_index.ndx


-------------------------------------------------------
Program:     gmx trjconv, version 2024.4
Source file: src/gromacs/commandline/cmdlineparser.cpp (line 271)
Function:    void gmx::CommandLineParser::parse(int*, char**)

Error in user input:
Invalid command-line options
  In command-line option -f
    File
    '/home/admin/gitrepos/gromacs_sims/Antimicrobial_Peptides/Pseudomonas_antibiotics/simulation/norgyra2018C/sandbox_e29b3078-14e8-4ffc-879e-c5fb85811538/_cluster_center_traj.xtc'
    does not exist or is not accessible.
    The file could not be opened.
      Reason: No such file or directory
      (call to fopen() returned error code 2)
  In command-line option -s
    File
    '/home/admin/gitrepos/gromacs_sims/Antimicrobial_Peptides/Pseudomonas_antibiotics/simulation/norgyra2018C/sandbox_e29b3078-14e8-4ffc-879e-c5fb85811538/prot_norgyra2018C_gppmd.tpr'
    does not exist or is not accessible.
    The file could not be opened.
      Reason: No such file or directory
      (call to fopen() returned error code 2)
  In command-line option -n
    File
    '/home/admin/gitrepos/gromacs_sims/Antimicrobial_Peptides/Pseudomonas_antibiotics/simulation/norgyra2018C/sandbox_e29b3078-14e8-4ffc-879e-c5fb85811538/../prot_norgyra2018C_index.ndx'
    does not exist or is not accessible.
    The file could not be opened.
      Reason: No such file or directory
      (call to fopen() returned error code 2)

For more information and tips for troubleshooting, please check the GROMACS
website at https://manual.gromacs.org/current/user-guide/run-time-errors.html
-------------------------------------------------------
(standard_in) 2: syntax error
---------------------------------------------
Runtime:  sec
---------------------------------------------
