                :-) GROMACS - gmx mdrun, 2024.4-conda_forge (-:

Copyright 1991-2024 The GROMACS Authors.
GROMACS is free software; you can redistribute it and/or modify it
under the terms of the GNU Lesser General Public License
as published by the Free Software Foundation; either version 2.1
of the License, or (at your option) any later version.

                         Current GROMACS contributors:
       Mark Abraham           Andrey Alekseenko           Vladimir Basov      
      Cathrine Bergh            Eliane Briand               Ania Brown        
      Mahesh Doijade            Giacomo Fiorin          Stefan Fleischmann    
      Sergey Gorelov         Gilles Gouaillardet            Alan Gray         
     M. Eric Irrgang         Farzaneh Jalalypour            Joe Jordan        
     Carsten Kutzner           Justin A. Lemkul          Magnus Lundborg      
       Pascal Merz              Vedran Miletic            Dmitry Morozov      
       Julien Nabet              Szilard Pall        Andrea Pasquadibisceglie 
    Michele Pellegrino          Hubert Santuz             Roland Schulz       
     Tatiana Shugaeva          Alexey Shvetsov            Philip Turner       
     Alessandra Villa      Sebastian Wingbermuehle  

                         Previous GROMACS contributors:
        Emile Apol             Rossen Apostolov           James Barnett       
        Paul Bauer          Herman J.C. Berendsen          Par Bjelkmar       
      Christian Blau          Viacheslav Bolnykh            Kevin Boyd        
    Aldert van Buuren          Carlo Camilloni           Rudi van Drunen      
      Anton Feenstra           Oliver Fleetwood            Vytas Gapsys       
       Gaurav Garg             Gerrit Groenhof            Bert de Groot       
      Anca Hamuraru           Vincent Hindriksen          Victor Holanda      
     Aleksei Iupinov          Christoph Junghans        Prashanth Kanduri     
   Dimitrios Karkoulis           Peter Kasson             Sebastian Kehl      
     Sebastian Keller             Jiri Kraus               Per Larsson        
      Viveca Lindahl            Erik Marklund           Pieter Meulenhoff     
      Teemu Murtola              Sander Pronk             Michael Shirts      
      Alfons Sijbers            Balint Soproni         David van der Spoel    
      Peter Tieleman            Carsten Uphoff             Jon Vincent        
     Teemu Virolainen         Christian Wennberg           Maarten Wolf       
      Artem Zhmurov       

                  Coordinated by the GROMACS project leaders:
                           Berk Hess and Erik Lindahl

GROMACS:      gmx mdrun, version 2024.4-conda_forge
Executable:   /usr/local/bin.AVX2_256/gmx
Data prefix:  /usr/local
Working dir:  /host_pwd/molecular_dynamics/dna_sequence_101_peptide_model_0/sys_equi/00_equi_HA
Process ID:   135533
Command line:
  gmx mdrun -s equi_HA_dna_sequence_101_peptide_model_0.tpr -deffnm equi_HA_dna_sequence_101_peptide_model_0 -nt 32 -ntmpi 0 -nsteps -2 -nocopyright -gpu_id 0

GROMACS version:     2024.4-conda_forge
Precision:           mixed
Memory model:        64 bit
MPI library:         thread_mpi
OpenMP support:      enabled (GMX_OPENMP_MAX_THREADS = 128)
GPU support:         CUDA
NBNxM GPU setup:     super-cluster 2x2x2 / cluster 8
SIMD instructions:   AVX2_256
CPU FFT library:     fftw-3.3.10-sse2-avx
GPU FFT library:     cuFFT
Multi-GPU FFT:       none
RDTSCP usage:        disabled
TNG support:         enabled
Hwloc support:       disabled
Tracing support:     disabled
C compiler:          /home/conda/feedstock_root/build_artifacts/gromacs_1730738703188/_build_env/bin/x86_64-conda-linux-gnu-cc GNU 11.4.0
C compiler flags:    -fexcess-precision=fast -funroll-all-loops -mavx2 -mfma -Wno-missing-field-initializers -O3 -DNDEBUG
C++ compiler:        /home/conda/feedstock_root/build_artifacts/gromacs_1730738703188/_build_env/bin/x86_64-conda-linux-gnu-c++ GNU 11.4.0
C++ compiler flags:  -fexcess-precision=fast -funroll-all-loops -mavx2 -mfma -Wno-missing-field-initializers -Wno-cast-function-type-strict SHELL:-fopenmp -O3 -DNDEBUG
BLAS library:        Internal
LAPACK library:      Internal
CUDA compiler:       /usr/local/cuda/bin/nvcc nvcc: NVIDIA (R) Cuda compiler driver;Copyright (c) 2005-2022 NVIDIA Corporation;Built on Wed_Sep_21_10:33:58_PDT_2022;Cuda compilation tools, release 11.8, V11.8.89;Build cuda_11.8.r11.8/compiler.31833905_0
CUDA compiler flags:-std=c++17;--generate-code=arch=compute_35,code=sm_35;--generate-code=arch=compute_37,code=sm_37;--generate-code=arch=compute_50,code=sm_50;--generate-code=arch=compute_52,code=sm_52;--generate-code=arch=compute_60,code=sm_60;--generate-code=arch=compute_61,code=sm_61;--generate-code=arch=compute_70,code=sm_70;--generate-code=arch=compute_75,code=sm_75;--generate-code=arch=compute_80,code=sm_80;--generate-code=arch=compute_86,code=sm_86;--generate-code=arch=compute_89,code=sm_89;--generate-code=arch=compute_90,code=sm_90;-Wno-deprecated-gpu-targets;--generate-code=arch=compute_53,code=sm_53;--generate-code=arch=compute_80,code=sm_80;-use_fast_math;-Xptxas;-warn-double-usage;-Xptxas;-Werror;;-Xcompiler;-fopenmp;-fexcess-precision=fast -funroll-all-loops -mavx2 -mfma -Wno-missing-field-initializers -Wno-cast-function-type-strict SHELL:-fopenmp -O3 -DNDEBUG
CUDA driver:         11.70
CUDA runtime:        11.80


Running on 1 node with total 32 cores, 64 processing units, 1 compatible GPU
Hardware detected on host kuhpcgn1:
  CPU info:
    Vendor: Intel
    Brand:  Intel(R) Xeon(R) Silver 4216 CPU @ 2.10GHz
    Family: 6   Model: 85   Stepping: 7
    Features: aes apic avx avx2 avx512f avx512cd avx512bw avx512vl clfsh cmov cx8 cx16 f16c fma hle htt intel lahf mmx msr nonstop_tsc pcid pclmuldq pdcm pdpe1gb popcnt pse rdrnd rdtscp rtm sse2 sse3 sse4.1 sse4.2 ssse3 tdt x2apic
    Number of AVX-512 FMA units: 1 (For Intel, AVX2 is faster w/o 2 AVX-512 FMA units)
  Hardware topology: Basic
    Packages, cores, and logical processors:
    [indices refer to OS logical processors]
      Package  0: [   0  32] [   1  33] [   2  34] [   3  35] [   4  36] [   5  37] [   6  38] [   7  39] [   8  40] [   9  41] [  10  42] [  11  43] [  12  44] [  13  45] [  14  46] [  15  47]
      Package  1: [  16  48] [  17  49] [  18  50] [  19  51] [  20  52] [  21  53] [  22  54] [  23  55] [  24  56] [  25  57] [  26  58] [  27  59] [  28  60] [  29  61] [  30  62] [  31  63]
    CPU limit set by OS: -1   Recommended max number of threads: 64
  GPU info:
    Number of GPUs detected: 1
    #0: NVIDIA Tesla V100-PCIE-32GB, compute cap.: 7.0, ECC: yes, stat: compatible

The current CPU can measure timings more accurately than the code in
gmx mdrun was configured to use. This might affect your simulation
speed as accurate timings are needed for load-balancing.
Please consider rebuilding gmx mdrun with the GMX_USE_RDTSCP=ON CMake option.

++++ PLEASE READ AND CITE THE FOLLOWING REFERENCE ++++
M. J. Abraham, T. Murtola, R. Schulz, S. Páll, J. C. Smith, B. Hess, E.
Lindahl
GROMACS: High performance molecular simulations through multi-level
parallelism from laptops to supercomputers
SoftwareX 1 (2015) pp. 19-25
-------- -------- --- Thank You --- -------- --------


++++ PLEASE READ AND CITE THE FOLLOWING REFERENCE ++++
S. Páll, M. J. Abraham, C. Kutzner, B. Hess, E. Lindahl
Tackling Exascale Software Challenges in Molecular Dynamics Simulations with
GROMACS
In S. Markidis & E. Laure (Eds.), Solving Software Challenges for Exascale 8759 (2015) pp. 3-27
-------- -------- --- Thank You --- -------- --------


++++ PLEASE READ AND CITE THE FOLLOWING REFERENCE ++++
S. Pronk, S. Páll, R. Schulz, P. Larsson, P. Bjelkmar, R. Apostolov, M. R.
Shirts, J. C. Smith, P. M. Kasson, D. van der Spoel, B. Hess, and E. Lindahl
GROMACS 4.5: a high-throughput and highly parallel open source molecular
simulation toolkit
Bioinformatics 29 (2013) pp. 845-54
-------- -------- --- Thank You --- -------- --------


++++ PLEASE READ AND CITE THE FOLLOWING REFERENCE ++++
B. Hess and C. Kutzner and D. van der Spoel and E. Lindahl
GROMACS 4: Algorithms for highly efficient, load-balanced, and scalable
molecular simulation
J. Chem. Theory Comput. 4 (2008) pp. 435-447
-------- -------- --- Thank You --- -------- --------


++++ PLEASE READ AND CITE THE FOLLOWING REFERENCE ++++
D. van der Spoel, E. Lindahl, B. Hess, G. Groenhof, A. E. Mark and H. J. C.
Berendsen
GROMACS: Fast, Flexible and Free
J. Comp. Chem. 26 (2005) pp. 1701-1719
-------- -------- --- Thank You --- -------- --------


++++ PLEASE READ AND CITE THE FOLLOWING REFERENCE ++++
E. Lindahl and B. Hess and D. van der Spoel
GROMACS 3.0: A package for molecular simulation and trajectory analysis
J. Mol. Mod. 7 (2001) pp. 306-317
-------- -------- --- Thank You --- -------- --------


++++ PLEASE READ AND CITE THE FOLLOWING REFERENCE ++++
H. J. C. Berendsen, D. van der Spoel and R. van Drunen
GROMACS: A message-passing parallel molecular dynamics implementation
Comp. Phys. Comm. 91 (1995) pp. 43-56
-------- -------- --- Thank You --- -------- --------

Input Parameters:
   integrator                     = md
   tinit                          = 0
   dt                             = 0.001
   nsteps                         = 500000
   init-step                      = 0
   simulation-part                = 1
   mts                            = false
   mass-repartition-factor        = 1
   comm-mode                      = None
   nstcomm                        = 0
   bd-fric                        = 0
   ld-seed                        = -44574731
   emtol                          = 10
   emstep                         = 0.01
   niter                          = 20
   fcstep                         = 0
   nstcgsteep                     = 1000
   nbfgscorr                      = 10
   rtpi                           = 0.05
   nstxout                        = 200000
   nstvout                        = 200000
   nstfout                        = 0
   nstlog                         = 5000
   nstcalcenergy                  = 100
   nstenergy                      = 5000
   nstxout-compressed             = 5000
   compressed-x-precision         = 1000
   cutoff-scheme                  = Verlet
   nstlist                        = 10
   pbc                            = xyz
   periodic-molecules             = false
   verlet-buffer-tolerance        = 0.005
   verlet-buffer-pressure-tolerance = 0.5
   rlist                          = 1
   coulombtype                    = PME
   coulomb-modifier               = Potential-shift
   rcoulomb-switch                = 0
   rcoulomb                       = 1
   epsilon-r                      = 1
   epsilon-rf                     = inf
   vdw-type                       = Cut-off
   vdw-modifier                   = Potential-shift
   rvdw-switch                    = 0
   rvdw                           = 1
   DispCorr                       = EnerPres
   table-extension                = 1
   fourierspacing                 = 0.12
   fourier-nx                     = 128
   fourier-ny                     = 128
   fourier-nz                     = 128
   pme-order                      = 4
   ewald-rtol                     = 1e-05
   ewald-rtol-lj                  = 0.001
   lj-pme-comb-rule               = Geometric
   ewald-geometry                 = 3d
   epsilon-surface                = 0
   ensemble-temperature-setting   = constant
   ensemble-temperature           = 310
   tcoupl                         = V-rescale
   nsttcouple                     = 20
   nh-chain-length                = 0
   print-nose-hoover-chain-variables = false
   pcoupl                         = Berendsen
   pcoupltype                     = Isotropic
   nstpcouple                     = 100
   tau-p                          = 5
   compressibility (3x3):
      compressibility[    0]={ 4.50000e-05,  0.00000e+00,  0.00000e+00}
      compressibility[    1]={ 0.00000e+00,  4.50000e-05,  0.00000e+00}
      compressibility[    2]={ 0.00000e+00,  0.00000e+00,  4.50000e-05}
   ref-p (3x3):
      ref-p[    0]={ 1.00000e+00,  0.00000e+00,  0.00000e+00}
      ref-p[    1]={ 0.00000e+00,  1.00000e+00,  0.00000e+00}
      ref-p[    2]={ 0.00000e+00,  0.00000e+00,  1.00000e+00}
   refcoord-scaling               = COM
   posres-com (3):
      posres-com[0]= 4.98776e-01
      posres-com[1]= 3.52969e-01
      posres-com[2]= 5.03371e-01
   posres-comB (3):
      posres-comB[0]= 4.98776e-01
      posres-comB[1]= 3.52969e-01
      posres-comB[2]= 5.03371e-01
   QMMM                           = false
qm-opts:
   ngQM                           = 0
   constraint-algorithm           = Lincs
   continuation                   = false
   Shake-SOR                      = false
   shake-tol                      = 0.0001
   lincs-order                    = 4
   lincs-iter                     = 1
   lincs-warnangle                = 30
   nwall                          = 0
   wall-type                      = 9-3
   wall-r-linpot                  = -1
   wall-atomtype[0]               = -1
   wall-atomtype[1]               = -1
   wall-density[0]                = 0
   wall-density[1]                = 0
   wall-ewald-zfac                = 3
   pull                           = false
   awh                            = false
   rotation                       = false
   interactiveMD                  = false
   disre                          = Simple
   disre-weighting                = Conservative
   disre-mixed                    = false
   dr-fc                          = 1000
   dr-tau                         = 0
   nstdisreout                    = 0
   orire-fc                       = 0
   orire-tau                      = 0
   nstorireout                    = 100
   free-energy                    = no
   cos-acceleration               = 0
   deform (3x3):
      deform[    0]={ 0.00000e+00,  0.00000e+00,  0.00000e+00}
      deform[    1]={ 0.00000e+00,  0.00000e+00,  0.00000e+00}
      deform[    2]={ 0.00000e+00,  0.00000e+00,  0.00000e+00}
   simulated-tempering            = false
   swapcoords                     = no
   userint1                       = 0
   userint2                       = 0
   userint3                       = 0
   userint4                       = 0
   userreal1                      = 0
   userreal2                      = 0
   userreal3                      = 0
   userreal4                      = 0
   applied-forces:
     electric-field:
       x:
         E0                       = 0
         omega                    = 0
         t0                       = 0
         sigma                    = 0
       y:
         E0                       = 0
         omega                    = 0
         t0                       = 0
         sigma                    = 0
       z:
         E0                       = 0
         omega                    = 0
         t0                       = 0
         sigma                    = 0
     density-guided-simulation:
       active                     = false
       group                      = protein
       similarity-measure         = inner-product
       atom-spreading-weight      = unity
       force-constant             = 1e+09
       gaussian-transform-spreading-width = 0.2
       gaussian-transform-spreading-range-in-multiples-of-width = 4
       reference-density-filename = reference.mrc
       nst                        = 1
       normalize-densities        = true
       adaptive-force-scaling     = false
       adaptive-force-scaling-time-constant = 4
       shift-vector               = 
       transformation-matrix      = 
     qmmm-cp2k:
       active                     = false
       qmgroup                    = System
       qmmethod                   = PBE
       qmfilenames                = 
       qmcharge                   = 0
       qmmultiplicity             = 1
     colvars:
       active                     = false
       configfile                 = 
       seed                       = -1
grpopts:
   nrdf:        7771      463680
   ref-t:         310         310
   tau-t:         0.1         0.1
annealing:          No          No
annealing-npoints:           0           0
   acc:	           0           0           0
   nfreeze:           N           N           N
   energygrp-flags[  0]: 0

Changing nstlist from 10 to 100, rlist from 1 to 1.114


When checking whether update groups are usable:
  Domain decomposition is not active, so there is no need for update groups
1 GPU selected for this run.
Mapping of GPU IDs to the 2 GPU tasks in the 1 rank on this node:
  PP:0,PME:0
PP tasks will do (non-perturbed) short-ranged interactions on the GPU
PP task will update and constrain coordinates on the GPU
PME tasks will do all aspects on the GPU
Using 1 MPI thread
Using 32 OpenMP threads 

System total charge: 0.000
Will do PME sum in reciprocal space for electrostatic interactions.

++++ PLEASE READ AND CITE THE FOLLOWING REFERENCE ++++
U. Essmann, L. Perera, M. L. Berkowitz, T. Darden, H. Lee and L. G. Pedersen 
A smooth particle mesh Ewald method
J. Chem. Phys. 103 (1995) pp. 8577-8592
-------- -------- --- Thank You --- -------- --------

Using a Gaussian width (1/beta) of 0.320163 nm for Ewald
Potential shift: LJ r^-12: -1.000e+00 r^-6: -1.000e+00, Ewald -1.000e-05
Initialized non-bonded Coulomb Ewald tables, spacing: 9.33e-04 size: 1073

Generated table with 1056 data points for 1-4 COUL.
Tabscale = 500 points/nm
Generated table with 1056 data points for 1-4 LJ6.
Tabscale = 500 points/nm
Generated table with 1056 data points for 1-4 LJ12.
Tabscale = 500 points/nm
Long Range LJ corr.: <C6> 2.8640e-04


Using GPU 8x8 nonbonded short-range kernels

Using a dual 8x8 pair-list setup updated with dynamic, rolling pruning:
  outer list: updated every 100 steps, buffer 0.114 nm, rlist 1.114 nm
  inner list: updated every  20 steps, buffer 0.003 nm, rlist 1.003 nm
At tolerance 0.005 kJ/mol/ps per atom, equivalent classical 1x1 list would be:
  outer list: updated every 100 steps, buffer 0.240 nm, rlist 1.240 nm
  inner list: updated every  20 steps, buffer 0.044 nm, rlist 1.044 nm

The average pressure is off by at most 0.24 bar due to missing LJ interactions

Using Lorentz-Berthelot Lennard-Jones combination rule
Removing pbc first time

NOTE: The number of threads is not equal to the number of (logical) cpus
      and the -pin option is set to auto: will not pin threads to cpus.
      This can lead to significant performance degradation.
      Consider using -pin on (and -pinoffset in case you run multiple jobs).

Initializing LINear Constraint Solver

++++ PLEASE READ AND CITE THE FOLLOWING REFERENCE ++++
B. Hess and H. Bekker and H. J. C. Berendsen and J. G. E. M. Fraaije
LINCS: A Linear Constraint Solver for molecular simulations
J. Comp. Chem. 18 (1997) pp. 1463-1472
-------- -------- --- Thank You --- -------- --------

The number of constraints is 1139

++++ PLEASE READ AND CITE THE FOLLOWING REFERENCE ++++
S. Miyamoto and P. A. Kollman
SETTLE: An Analytical Version of the SHAKE and RATTLE Algorithms for Rigid
Water Models
J. Comp. Chem. 13 (1992) pp. 952-962
-------- -------- --- Thank You --- -------- --------


++++ PLEASE READ AND CITE THE FOLLOWING REFERENCE ++++
G. Bussi, D. Donadio and M. Parrinello
Canonical sampling through velocity rescaling
J. Chem. Phys. 126 (2007) pp. 014101
-------- -------- --- Thank You --- -------- --------

There are: 234636 Atoms

Updating coordinates and applying constraints on the GPU.

Constraining the starting coordinates (step 0)

Constraining the coordinates at t0-dt (step 0)
RMS relative constraint deviation after constraining: 2.05e-06
Initial temperature: 4.15772e-06 K

Started mdrun on rank 0 Wed Mar 12 14:02:39 2025

           Step           Time
              0        0.00000

   Energies (kJ/mol)
           Bond          Angle    Proper Dih. Per. Imp. Dih.          LJ-14
    6.38933e+01    2.01592e+03    7.61334e+03    4.69341e+01    3.01563e+03
     Coulomb-14        LJ (SR)  Disper. corr.   Coulomb (SR)   Coul. recip.
   -3.02645e+04    6.64352e+05   -2.71781e+04   -4.66598e+06    1.54649e+04
 Position Rest.      Potential    Kinetic En.   Total Energy  Conserved En.
    5.07869e-04   -4.03085e+06    1.73706e+01   -4.03083e+06   -4.02806e+06
    Temperature Pres. DC (bar) Pressure (bar)   Constr. rmsd
    8.86287e-03   -1.86170e+02   -4.59259e+03    2.05469e-06

step 3000: timed with pme grid 128 128 128, coulomb cutoff 1.000: 351.6 M-cycles
step 3200: timed with pme grid 112 112 112, coulomb cutoff 1.122: 403.2 M-cycles
step 3400: timed with pme grid 120 120 120, coulomb cutoff 1.048: 380.8 M-cycles
step 3600: timed with pme grid 128 128 128, coulomb cutoff 1.000: 351.4 M-cycles
              optimal pme grid 128 128 128, coulomb cutoff 1.000
           Step           Time
           5000        5.00000

   Energies (kJ/mol)
           Bond          Angle    Proper Dih. Per. Imp. Dih.          LJ-14
    3.12200e+03    6.23396e+03    8.55831e+03    2.25809e+02    3.18198e+03
     Coulomb-14        LJ (SR)  Disper. corr.   Coulomb (SR)   Coul. recip.
   -3.16913e+04    4.77322e+05   -2.74851e+04   -3.71672e+06    2.17655e+04
 Position Rest.      Potential    Kinetic En.   Total Energy  Conserved En.
    8.11812e+02   -3.25468e+06    6.06448e+05   -2.64823e+06   -4.02898e+06
    Temperature Pres. DC (bar) Pressure (bar)   Constr. rmsd
    3.09423e+02   -1.90395e+02    2.29267e+01    2.05469e-06

           Step           Time
          10000       10.00000

   Energies (kJ/mol)
           Bond          Angle    Proper Dih. Per. Imp. Dih.          LJ-14
    3.10199e+03    6.41986e+03    8.59319e+03    2.38647e+02    3.21509e+03
     Coulomb-14        LJ (SR)  Disper. corr.   Coulomb (SR)   Coul. recip.
   -3.14208e+04    4.75912e+05   -2.75016e+04   -3.71421e+06    2.20621e+04
 Position Rest.      Potential    Kinetic En.   Total Energy  Conserved En.
    8.33768e+02   -3.25275e+06    6.06171e+05   -2.64658e+06   -4.02896e+06
    Temperature Pres. DC (bar) Pressure (bar)   Constr. rmsd
    3.09282e+02   -1.90623e+02    1.14345e+01    2.05469e-06

           Step           Time
          15000       15.00000

   Energies (kJ/mol)
           Bond          Angle    Proper Dih. Per. Imp. Dih.          LJ-14
    3.20521e+03    6.49758e+03    8.41772e+03    2.14233e+02    3.19962e+03
     Coulomb-14        LJ (SR)  Disper. corr.   Coulomb (SR)   Coul. recip.
   -3.15502e+04    4.76220e+05   -2.75097e+04   -3.71368e+06    2.19545e+04
 Position Rest.      Potential    Kinetic En.   Total Energy  Conserved En.
    8.08982e+02   -3.25223e+06    6.08371e+05   -2.64385e+06   -4.02894e+06
    Temperature Pres. DC (bar) Pressure (bar)   Constr. rmsd
    3.10404e+02   -1.90735e+02    5.13928e+01    2.05469e-06

           Step           Time
          20000       20.00000

   Energies (kJ/mol)
           Bond          Angle    Proper Dih. Per. Imp. Dih.          LJ-14
    3.05209e+03    6.48340e+03    8.53581e+03    2.14590e+02    3.19104e+03
     Coulomb-14        LJ (SR)  Disper. corr.   Coulomb (SR)   Coul. recip.
   -3.15350e+04    4.77058e+05   -2.75161e+04   -3.71767e+06    2.20664e+04
 Position Rest.      Potential    Kinetic En.   Total Energy  Conserved En.
    8.40010e+02   -3.25528e+06    6.09638e+05   -2.64565e+06   -4.02890e+06
    Temperature Pres. DC (bar) Pressure (bar)   Constr. rmsd
    3.11051e+02   -1.90824e+02    3.66781e+01    2.05469e-06

           Step           Time
          25000       25.00000

   Energies (kJ/mol)
           Bond          Angle    Proper Dih. Per. Imp. Dih.          LJ-14
    3.05924e+03    6.49503e+03    8.47825e+03    2.47024e+02    3.16047e+03
     Coulomb-14        LJ (SR)  Disper. corr.   Coulomb (SR)   Coul. recip.
   -3.16768e+04    4.77081e+05   -2.75003e+04   -3.71872e+06    2.19951e+04
 Position Rest.      Potential    Kinetic En.   Total Energy  Conserved En.
    9.06291e+02   -3.25647e+06    6.07149e+05   -2.64932e+06   -4.02888e+06
    Temperature Pres. DC (bar) Pressure (bar)   Constr. rmsd
    3.09781e+02   -1.90605e+02    1.80323e+01    2.05469e-06

           Step           Time
          30000       30.00000

   Energies (kJ/mol)
           Bond          Angle    Proper Dih. Per. Imp. Dih.          LJ-14
    3.00327e+03    6.19064e+03    8.50397e+03    2.19533e+02    3.23306e+03
     Coulomb-14        LJ (SR)  Disper. corr.   Coulomb (SR)   Coul. recip.
   -3.14605e+04    4.76589e+05   -2.74921e+04   -3.71840e+06    2.19195e+04
 Position Rest.      Potential    Kinetic En.   Total Energy  Conserved En.
    8.08740e+02   -3.25688e+06    6.05988e+05   -2.65089e+06   -4.02884e+06
    Temperature Pres. DC (bar) Pressure (bar)   Constr. rmsd
    3.09189e+02   -1.90491e+02   -3.60227e+01    2.05469e-06

           Step           Time
          35000       35.00000

   Energies (kJ/mol)
           Bond          Angle    Proper Dih. Per. Imp. Dih.          LJ-14
    3.05864e+03    6.40637e+03    8.45718e+03    2.34456e+02    3.13520e+03
     Coulomb-14        LJ (SR)  Disper. corr.   Coulomb (SR)   Coul. recip.
   -3.15546e+04    4.77103e+05   -2.75034e+04   -3.71419e+06    2.17596e+04
 Position Rest.      Potential    Kinetic En.   Total Energy  Conserved En.
    8.31538e+02   -3.25226e+06    6.05655e+05   -2.64661e+06   -4.02882e+06
    Temperature Pres. DC (bar) Pressure (bar)   Constr. rmsd
    3.09018e+02   -1.90648e+02    7.59389e+00    2.05469e-06

           Step           Time
          40000       40.00000

   Energies (kJ/mol)
           Bond          Angle    Proper Dih. Per. Imp. Dih.          LJ-14
    3.04536e+03    6.49269e+03    8.45397e+03    2.16867e+02    3.16906e+03
     Coulomb-14        LJ (SR)  Disper. corr.   Coulomb (SR)   Coul. recip.
   -3.15845e+04    4.78737e+05   -2.75075e+04   -3.71970e+06    2.19021e+04
 Position Rest.      Potential    Kinetic En.   Total Energy  Conserved En.
    8.61317e+02   -3.25591e+06    6.09064e+05   -2.64684e+06   -4.02877e+06
    Temperature Pres. DC (bar) Pressure (bar)   Constr. rmsd
    3.10758e+02   -1.90705e+02   -2.32950e+01    2.05469e-06

           Step           Time
          45000       45.00000

   Energies (kJ/mol)
           Bond          Angle    Proper Dih. Per. Imp. Dih.          LJ-14
    3.03926e+03    6.36320e+03    8.48585e+03    2.31732e+02    3.20118e+03
     Coulomb-14        LJ (SR)  Disper. corr.   Coulomb (SR)   Coul. recip.
   -3.15754e+04    4.78840e+05   -2.75093e+04   -3.72148e+06    2.18501e+04
 Position Rest.      Potential    Kinetic En.   Total Energy  Conserved En.
    9.17026e+02   -3.25764e+06    6.05110e+05   -2.65253e+06   -4.02876e+06
    Temperature Pres. DC (bar) Pressure (bar)   Constr. rmsd
    3.08740e+02   -1.90730e+02    1.50261e+01    2.05469e-06

           Step           Time
          50000       50.00000

   Energies (kJ/mol)
           Bond          Angle    Proper Dih. Per. Imp. Dih.          LJ-14
    3.06431e+03    6.41024e+03    8.42308e+03    2.41314e+02    3.17224e+03
     Coulomb-14        LJ (SR)  Disper. corr.   Coulomb (SR)   Coul. recip.
   -3.15944e+04    4.79670e+05   -2.75135e+04   -3.72383e+06    2.17640e+04
 Position Rest.      Potential    Kinetic En.   Total Energy  Conserved En.
    8.57899e+02   -3.25934e+06    6.07586e+05   -2.65175e+06   -4.02874e+06
    Temperature Pres. DC (bar) Pressure (bar)   Constr. rmsd
    3.10004e+02   -1.90787e+02    1.22226e+01    2.05469e-06

           Step           Time
          55000       55.00000

   Energies (kJ/mol)
           Bond          Angle    Proper Dih. Per. Imp. Dih.          LJ-14
    2.85979e+03    6.54674e+03    8.46234e+03    2.23529e+02    3.12449e+03
     Coulomb-14        LJ (SR)  Disper. corr.   Coulomb (SR)   Coul. recip.
   -3.14753e+04    4.76005e+05   -2.75076e+04   -3.71664e+06    2.19237e+04
 Position Rest.      Potential    Kinetic En.   Total Energy  Conserved En.
    8.71458e+02   -3.25560e+06    6.06707e+05   -2.64890e+06   -4.02872e+06
    Temperature Pres. DC (bar) Pressure (bar)   Constr. rmsd
    3.09555e+02   -1.90706e+02    8.49795e+00    2.05469e-06

           Step           Time
          60000       60.00000

   Energies (kJ/mol)
           Bond          Angle    Proper Dih. Per. Imp. Dih.          LJ-14
    3.12260e+03    6.35832e+03    8.37654e+03    2.33939e+02    3.20303e+03
     Coulomb-14        LJ (SR)  Disper. corr.   Coulomb (SR)   Coul. recip.
   -3.16188e+04    4.77839e+05   -2.75124e+04   -3.71637e+06    2.17797e+04
 Position Rest.      Potential    Kinetic En.   Total Energy  Conserved En.
    8.37569e+02   -3.25375e+06    6.08094e+05   -2.64566e+06   -4.02869e+06
    Temperature Pres. DC (bar) Pressure (bar)   Constr. rmsd
    3.10263e+02   -1.90772e+02    1.26933e+01    2.05469e-06

           Step           Time
          65000       65.00000

   Energies (kJ/mol)
           Bond          Angle    Proper Dih. Per. Imp. Dih.          LJ-14
    2.97339e+03    6.30635e+03    8.57844e+03    2.55131e+02    3.20398e+03
     Coulomb-14        LJ (SR)  Disper. corr.   Coulomb (SR)   Coul. recip.
   -3.15521e+04    4.74597e+05   -2.75058e+04   -3.71282e+06    2.17501e+04
 Position Rest.      Potential    Kinetic En.   Total Energy  Conserved En.
    8.48844e+02   -3.25336e+06    6.08779e+05   -2.64458e+06   -4.02866e+06
    Temperature Pres. DC (bar) Pressure (bar)   Constr. rmsd
    3.10612e+02   -1.90681e+02   -2.83229e+01    2.05469e-06

           Step           Time
          70000       70.00000

   Energies (kJ/mol)
           Bond          Angle    Proper Dih. Per. Imp. Dih.          LJ-14
    3.04394e+03    6.37899e+03    8.49679e+03    1.91877e+02    3.16514e+03
     Coulomb-14        LJ (SR)  Disper. corr.   Coulomb (SR)   Coul. recip.
   -3.14916e+04    4.74880e+05   -2.75204e+04   -3.71633e+06    2.19214e+04
 Position Rest.      Potential    Kinetic En.   Total Energy  Conserved En.
    8.44434e+02   -3.25642e+06    6.08605e+05   -2.64782e+06   -4.02864e+06
    Temperature Pres. DC (bar) Pressure (bar)   Constr. rmsd
    3.10524e+02   -1.90883e+02    6.25440e+00    2.05469e-06

           Step           Time
          75000       75.00000

   Energies (kJ/mol)
           Bond          Angle    Proper Dih. Per. Imp. Dih.          LJ-14
    2.81939e+03    6.31811e+03    8.41082e+03    2.36068e+02    3.21793e+03
     Coulomb-14        LJ (SR)  Disper. corr.   Coulomb (SR)   Coul. recip.
   -3.15145e+04    4.79743e+05   -2.75190e+04   -3.72164e+06    2.16810e+04
 Position Rest.      Potential    Kinetic En.   Total Energy  Conserved En.
    7.57532e+02   -3.25749e+06    6.05392e+05   -2.65210e+06   -4.02862e+06
    Temperature Pres. DC (bar) Pressure (bar)   Constr. rmsd
    3.08884e+02   -1.90864e+02    6.67516e+01    2.05469e-06

           Step           Time
          80000       80.00000

   Energies (kJ/mol)
           Bond          Angle    Proper Dih. Per. Imp. Dih.          LJ-14
    2.94430e+03    6.47785e+03    8.38028e+03    2.20857e+02    3.14637e+03
     Coulomb-14        LJ (SR)  Disper. corr.   Coulomb (SR)   Coul. recip.
   -3.15731e+04    4.76237e+05   -2.75056e+04   -3.71685e+06    2.20188e+04
 Position Rest.      Potential    Kinetic En.   Total Energy  Conserved En.
    8.23771e+02   -3.25568e+06    6.05963e+05   -2.64971e+06   -4.02860e+06
    Temperature Pres. DC (bar) Pressure (bar)   Constr. rmsd
    3.09176e+02   -1.90678e+02    2.70750e+01    2.05469e-06

           Step           Time
          85000       85.00000

   Energies (kJ/mol)
           Bond          Angle    Proper Dih. Per. Imp. Dih.          LJ-14
    2.84507e+03    6.47011e+03    8.43008e+03    2.17318e+02    3.19961e+03
     Coulomb-14        LJ (SR)  Disper. corr.   Coulomb (SR)   Coul. recip.
   -3.13352e+04    4.74929e+05   -2.75084e+04   -3.71406e+06    2.20610e+04
 Position Rest.      Potential    Kinetic En.   Total Energy  Conserved En.
    8.86104e+02   -3.25387e+06    6.05556e+05   -2.64831e+06   -4.02855e+06
    Temperature Pres. DC (bar) Pressure (bar)   Constr. rmsd
    3.08968e+02   -1.90717e+02   -3.19515e+01    2.05469e-06

           Step           Time
          90000       90.00000

   Energies (kJ/mol)
           Bond          Angle    Proper Dih. Per. Imp. Dih.          LJ-14
    3.03180e+03    6.57450e+03    8.47180e+03    2.16068e+02    3.17369e+03
     Coulomb-14        LJ (SR)  Disper. corr.   Coulomb (SR)   Coul. recip.
   -3.15989e+04    4.75499e+05   -2.75067e+04   -3.71559e+06    2.15731e+04
 Position Rest.      Potential    Kinetic En.   Total Energy  Conserved En.
    8.11153e+02   -3.25535e+06    6.07812e+05   -2.64753e+06   -4.02852e+06
    Temperature Pres. DC (bar) Pressure (bar)   Constr. rmsd
    3.10119e+02   -1.90694e+02   -1.02206e+01    2.05469e-06

           Step           Time
          95000       95.00000

   Energies (kJ/mol)
           Bond          Angle    Proper Dih. Per. Imp. Dih.          LJ-14
    3.07383e+03    6.39007e+03    8.42784e+03    2.42398e+02    3.28513e+03
     Coulomb-14        LJ (SR)  Disper. corr.   Coulomb (SR)   Coul. recip.
   -3.16295e+04    4.76631e+05   -2.75036e+04   -3.71650e+06    2.18846e+04
 Position Rest.      Potential    Kinetic En.   Total Energy  Conserved En.
    8.70153e+02   -3.25483e+06    6.07348e+05   -2.64748e+06   -4.02848e+06
    Temperature Pres. DC (bar) Pressure (bar)   Constr. rmsd
    3.09883e+02   -1.90651e+02   -4.55643e+01    2.05469e-06

           Step           Time
         100000      100.00000

   Energies (kJ/mol)
           Bond          Angle    Proper Dih. Per. Imp. Dih.          LJ-14
    3.25108e+03    6.42551e+03    8.47380e+03    2.28353e+02    3.17460e+03
     Coulomb-14        LJ (SR)  Disper. corr.   Coulomb (SR)   Coul. recip.
   -3.17420e+04    4.75927e+05   -2.75138e+04   -3.71441e+06    2.19133e+04
 Position Rest.      Potential    Kinetic En.   Total Energy  Conserved En.
    7.62214e+02   -3.25351e+06    6.09398e+05   -2.64411e+06   -4.02848e+06
    Temperature Pres. DC (bar) Pressure (bar)   Constr. rmsd
    3.10928e+02   -1.90791e+02    9.49935e-01    2.05469e-06

           Step           Time
         105000      105.00000

   Energies (kJ/mol)
           Bond          Angle    Proper Dih. Per. Imp. Dih.          LJ-14
    3.05527e+03    6.51313e+03    8.36539e+03    2.18121e+02    3.12354e+03
     Coulomb-14        LJ (SR)  Disper. corr.   Coulomb (SR)   Coul. recip.
   -3.15101e+04    4.75674e+05   -2.75097e+04   -3.71665e+06    2.15758e+04
 Position Rest.      Potential    Kinetic En.   Total Energy  Conserved En.
    8.34835e+02   -3.25631e+06    6.07123e+05   -2.64918e+06   -4.02845e+06
    Temperature Pres. DC (bar) Pressure (bar)   Constr. rmsd
    3.09768e+02   -1.90735e+02   -3.21642e+01    2.05469e-06

           Step           Time
         110000      110.00000

   Energies (kJ/mol)
           Bond          Angle    Proper Dih. Per. Imp. Dih.          LJ-14
    3.03160e+03    6.66527e+03    8.39900e+03    2.43990e+02    3.11462e+03
     Coulomb-14        LJ (SR)  Disper. corr.   Coulomb (SR)   Coul. recip.
   -3.13619e+04    4.76723e+05   -2.75023e+04   -3.71493e+06    2.19117e+04
 Position Rest.      Potential    Kinetic En.   Total Energy  Conserved En.
    8.20611e+02   -3.25289e+06    6.08856e+05   -2.64403e+06   -4.02842e+06
    Temperature Pres. DC (bar) Pressure (bar)   Constr. rmsd
    3.10652e+02   -1.90632e+02   -1.92805e+01    2.05469e-06

           Step           Time
         115000      115.00000

   Energies (kJ/mol)
           Bond          Angle    Proper Dih. Per. Imp. Dih.          LJ-14
    3.04052e+03    6.65706e+03    8.45117e+03    2.69295e+02    3.13311e+03
     Coulomb-14        LJ (SR)  Disper. corr.   Coulomb (SR)   Coul. recip.
   -3.17704e+04    4.77091e+05   -2.75152e+04   -3.71642e+06    2.19760e+04
 Position Rest.      Potential    Kinetic En.   Total Energy  Conserved En.
    8.21356e+02   -3.25426e+06    6.06128e+05   -2.64814e+06   -4.02841e+06
    Temperature Pres. DC (bar) Pressure (bar)   Constr. rmsd
    3.09260e+02   -1.90811e+02    6.45350e+00    2.05469e-06

           Step           Time
         120000      120.00000

   Energies (kJ/mol)
           Bond          Angle    Proper Dih. Per. Imp. Dih.          LJ-14
    3.10905e+03    6.41028e+03    8.52985e+03    2.20478e+02    3.11792e+03
     Coulomb-14        LJ (SR)  Disper. corr.   Coulomb (SR)   Coul. recip.
   -3.14822e+04    4.76411e+05   -2.75053e+04   -3.71670e+06    2.18648e+04
 Position Rest.      Potential    Kinetic En.   Total Energy  Conserved En.
    7.80788e+02   -3.25524e+06    6.08636e+05   -2.64661e+06   -4.02837e+06
    Temperature Pres. DC (bar) Pressure (bar)   Constr. rmsd
    3.10539e+02   -1.90674e+02   -2.15287e+01    2.05469e-06

           Step           Time
         125000      125.00000

   Energies (kJ/mol)
           Bond          Angle    Proper Dih. Per. Imp. Dih.          LJ-14
    3.05011e+03    6.46416e+03    8.51693e+03    2.63670e+02    3.23907e+03
     Coulomb-14        LJ (SR)  Disper. corr.   Coulomb (SR)   Coul. recip.
   -3.17724e+04    4.78324e+05   -2.75044e+04   -3.72013e+06    2.18981e+04
 Position Rest.      Potential    Kinetic En.   Total Energy  Conserved En.
    8.06095e+02   -3.25684e+06    6.08039e+05   -2.64880e+06   -4.02834e+06
    Temperature Pres. DC (bar) Pressure (bar)   Constr. rmsd
    3.10235e+02   -1.90662e+02    2.57658e+00    2.05469e-06

           Step           Time
         130000      130.00000

   Energies (kJ/mol)
           Bond          Angle    Proper Dih. Per. Imp. Dih.          LJ-14
    2.93794e+03    6.54614e+03    8.48779e+03    2.25188e+02    3.24773e+03
     Coulomb-14        LJ (SR)  Disper. corr.   Coulomb (SR)   Coul. recip.
   -3.16687e+04    4.76934e+05   -2.75140e+04   -3.71770e+06    2.15576e+04
 Position Rest.      Potential    Kinetic En.   Total Energy  Conserved En.
    7.86070e+02   -3.25616e+06    6.07829e+05   -2.64833e+06   -4.02834e+06
    Temperature Pres. DC (bar) Pressure (bar)   Constr. rmsd
    3.10128e+02   -1.90794e+02    1.18385e+01    2.05469e-06

           Step           Time
         135000      135.00000

   Energies (kJ/mol)
           Bond          Angle    Proper Dih. Per. Imp. Dih.          LJ-14
    2.96014e+03    6.32162e+03    8.46197e+03    2.40941e+02    3.24133e+03
     Coulomb-14        LJ (SR)  Disper. corr.   Coulomb (SR)   Coul. recip.
   -3.16747e+04    4.78708e+05   -2.75084e+04   -3.72058e+06    2.18025e+04
 Position Rest.      Potential    Kinetic En.   Total Energy  Conserved En.
    8.36238e+02   -3.25719e+06    6.07810e+05   -2.64938e+06   -4.02834e+06
    Temperature Pres. DC (bar) Pressure (bar)   Constr. rmsd
    3.10118e+02   -1.90718e+02    4.85326e+01    2.05469e-06

           Step           Time
         140000      140.00000

   Energies (kJ/mol)
           Bond          Angle    Proper Dih. Per. Imp. Dih.          LJ-14
    2.94040e+03    6.30062e+03    8.45045e+03    2.06402e+02    3.12133e+03
     Coulomb-14        LJ (SR)  Disper. corr.   Coulomb (SR)   Coul. recip.
   -3.13807e+04    4.79813e+05   -2.75119e+04   -3.72059e+06    2.18522e+04
 Position Rest.      Potential    Kinetic En.   Total Energy  Conserved En.
    8.38605e+02   -3.25596e+06    6.05684e+05   -2.65027e+06   -4.02830e+06
    Temperature Pres. DC (bar) Pressure (bar)   Constr. rmsd
    3.09033e+02   -1.90765e+02    2.85506e+01    2.05469e-06

           Step           Time
         145000      145.00000

   Energies (kJ/mol)
           Bond          Angle    Proper Dih. Per. Imp. Dih.          LJ-14
    3.02322e+03    6.37928e+03    8.41410e+03    2.26245e+02    3.24776e+03
     Coulomb-14        LJ (SR)  Disper. corr.   Coulomb (SR)   Coul. recip.
   -3.15055e+04    4.76399e+05   -2.75094e+04   -3.71614e+06    2.17747e+04
 Position Rest.      Potential    Kinetic En.   Total Energy  Conserved En.
    8.58948e+02   -3.25484e+06    6.08226e+05   -2.64661e+06   -4.02828e+06
    Temperature Pres. DC (bar) Pressure (bar)   Constr. rmsd
    3.10330e+02   -1.90731e+02    5.22554e+01    2.05469e-06

           Step           Time
         150000      150.00000

   Energies (kJ/mol)
           Bond          Angle    Proper Dih. Per. Imp. Dih.          LJ-14
    2.91333e+03    6.38017e+03    8.50967e+03    2.35210e+02    3.18757e+03
     Coulomb-14        LJ (SR)  Disper. corr.   Coulomb (SR)   Coul. recip.
   -3.16769e+04    4.76197e+05   -2.75161e+04   -3.71921e+06    2.19071e+04
 Position Rest.      Potential    Kinetic En.   Total Energy  Conserved En.
    8.67518e+02   -3.25820e+06    6.08008e+05   -2.65019e+06   -4.02824e+06
    Temperature Pres. DC (bar) Pressure (bar)   Constr. rmsd
    3.10219e+02   -1.90823e+02   -4.07655e+00    2.05469e-06

           Step           Time
         155000      155.00000

   Energies (kJ/mol)
           Bond          Angle    Proper Dih. Per. Imp. Dih.          LJ-14
    3.10882e+03    6.31251e+03    8.50909e+03    2.31977e+02    3.22368e+03
     Coulomb-14        LJ (SR)  Disper. corr.   Coulomb (SR)   Coul. recip.
   -3.15293e+04    4.79464e+05   -2.75245e+04   -3.71889e+06    2.19399e+04
 Position Rest.      Potential    Kinetic En.   Total Energy  Conserved En.
    8.64049e+02   -3.25429e+06    6.08451e+05   -2.64584e+06   -4.02823e+06
    Temperature Pres. DC (bar) Pressure (bar)   Constr. rmsd
    3.10445e+02   -1.90940e+02    5.98255e+01    2.05469e-06

           Step           Time
         160000      160.00000

   Energies (kJ/mol)
           Bond          Angle    Proper Dih. Per. Imp. Dih.          LJ-14
    2.93881e+03    6.56755e+03    8.43911e+03    2.13365e+02    3.17545e+03
     Coulomb-14        LJ (SR)  Disper. corr.   Coulomb (SR)   Coul. recip.
   -3.16223e+04    4.76412e+05   -2.75162e+04   -3.72120e+06    2.18842e+04
 Position Rest.      Potential    Kinetic En.   Total Energy  Conserved En.
    8.52180e+02   -3.25986e+06    6.08850e+05   -2.65101e+06   -4.02820e+06
    Temperature Pres. DC (bar) Pressure (bar)   Constr. rmsd
    3.10649e+02   -1.90825e+02   -1.30750e+01    2.05469e-06

           Step           Time
         165000      165.00000

   Energies (kJ/mol)
           Bond          Angle    Proper Dih. Per. Imp. Dih.          LJ-14
    2.99382e+03    6.30956e+03    8.39994e+03    2.43479e+02    3.14007e+03
     Coulomb-14        LJ (SR)  Disper. corr.   Coulomb (SR)   Coul. recip.
   -3.15177e+04    4.75465e+05   -2.75216e+04   -3.71811e+06    2.19580e+04
 Position Rest.      Potential    Kinetic En.   Total Energy  Conserved En.
    7.52660e+02   -3.25789e+06    6.08899e+05   -2.64899e+06   -4.02815e+06
    Temperature Pres. DC (bar) Pressure (bar)   Constr. rmsd
    3.10674e+02   -1.90900e+02   -6.16525e+01    2.05469e-06

           Step           Time
         170000      170.00000

   Energies (kJ/mol)
           Bond          Angle    Proper Dih. Per. Imp. Dih.          LJ-14
    3.07959e+03    6.58240e+03    8.42295e+03    2.09194e+02    3.17514e+03
     Coulomb-14        LJ (SR)  Disper. corr.   Coulomb (SR)   Coul. recip.
   -3.16984e+04    4.79040e+05   -2.75097e+04   -3.72074e+06    2.15169e+04
 Position Rest.      Potential    Kinetic En.   Total Energy  Conserved En.
    8.13999e+02   -3.25710e+06    6.07909e+05   -2.64920e+06   -4.02818e+06
    Temperature Pres. DC (bar) Pressure (bar)   Constr. rmsd
    3.10168e+02   -1.90735e+02    2.68929e+01    2.05469e-06

           Step           Time
         175000      175.00000

   Energies (kJ/mol)
           Bond          Angle    Proper Dih. Per. Imp. Dih.          LJ-14
    3.18256e+03    6.58753e+03    8.42748e+03    2.43137e+02    3.17539e+03
     Coulomb-14        LJ (SR)  Disper. corr.   Coulomb (SR)   Coul. recip.
   -3.17393e+04    4.76727e+05   -2.75087e+04   -3.71685e+06    2.16280e+04
 Position Rest.      Potential    Kinetic En.   Total Energy  Conserved En.
    7.76840e+02   -3.25535e+06    6.08151e+05   -2.64720e+06   -4.02813e+06
    Temperature Pres. DC (bar) Pressure (bar)   Constr. rmsd
    3.10292e+02   -1.90721e+02    3.43257e+01    2.05469e-06

           Step           Time
         180000      180.00000

   Energies (kJ/mol)
           Bond          Angle    Proper Dih. Per. Imp. Dih.          LJ-14
    3.07841e+03    6.50307e+03    8.49563e+03    2.56427e+02    3.15590e+03
     Coulomb-14        LJ (SR)  Disper. corr.   Coulomb (SR)   Coul. recip.
   -3.17077e+04    4.75452e+05   -2.75115e+04   -3.71592e+06    2.17064e+04
 Position Rest.      Potential    Kinetic En.   Total Energy  Conserved En.
    7.57903e+02   -3.25573e+06    6.08839e+05   -2.64689e+06   -4.02809e+06
    Temperature Pres. DC (bar) Pressure (bar)   Constr. rmsd
    3.10643e+02   -1.90759e+02   -2.36369e+01    2.05469e-06

           Step           Time
         185000      185.00000

   Energies (kJ/mol)
           Bond          Angle    Proper Dih. Per. Imp. Dih.          LJ-14
    3.09112e+03    6.52295e+03    8.50697e+03    2.00463e+02    3.10723e+03
     Coulomb-14        LJ (SR)  Disper. corr.   Coulomb (SR)   Coul. recip.
   -3.14262e+04    4.77252e+05   -2.75082e+04   -3.71826e+06    2.19475e+04
 Position Rest.      Potential    Kinetic En.   Total Energy  Conserved En.
    8.42765e+02   -3.25572e+06    6.08539e+05   -2.64718e+06   -4.02809e+06
    Temperature Pres. DC (bar) Pressure (bar)   Constr. rmsd
    3.10490e+02   -1.90714e+02   -2.31460e+00    2.05469e-06

           Step           Time
         190000      190.00000

   Energies (kJ/mol)
           Bond          Angle    Proper Dih. Per. Imp. Dih.          LJ-14
    3.01218e+03    6.57020e+03    8.52379e+03    2.49773e+02    3.15009e+03
     Coulomb-14        LJ (SR)  Disper. corr.   Coulomb (SR)   Coul. recip.
   -3.16393e+04    4.76941e+05   -2.75051e+04   -3.71460e+06    2.17983e+04
 Position Rest.      Potential    Kinetic En.   Total Energy  Conserved En.
    7.98808e+02   -3.25271e+06    6.08156e+05   -2.64455e+06   -4.02808e+06
    Temperature Pres. DC (bar) Pressure (bar)   Constr. rmsd
    3.10295e+02   -1.90672e+02   -6.78219e+00    2.05469e-06

           Step           Time
         195000      195.00000

   Energies (kJ/mol)
           Bond          Angle    Proper Dih. Per. Imp. Dih.          LJ-14
    3.15177e+03    6.65782e+03    8.46758e+03    2.56989e+02    3.24753e+03
     Coulomb-14        LJ (SR)  Disper. corr.   Coulomb (SR)   Coul. recip.
   -3.18143e+04    4.75190e+05   -2.75026e+04   -3.71365e+06    2.19569e+04
 Position Rest.      Potential    Kinetic En.   Total Energy  Conserved En.
    7.91733e+02   -3.25325e+06    6.07489e+05   -2.64576e+06   -4.02803e+06
    Temperature Pres. DC (bar) Pressure (bar)   Constr. rmsd
    3.09954e+02   -1.90636e+02    2.63014e+01    2.05469e-06

           Step           Time
         200000      200.00000

   Energies (kJ/mol)
           Bond          Angle    Proper Dih. Per. Imp. Dih.          LJ-14
    2.97762e+03    6.30103e+03    8.56046e+03    2.35371e+02    3.21675e+03
     Coulomb-14        LJ (SR)  Disper. corr.   Coulomb (SR)   Coul. recip.
   -3.16797e+04    4.77324e+05   -2.75107e+04   -3.72139e+06    2.19384e+04
 Position Rest.      Potential    Kinetic En.   Total Energy  Conserved En.
    8.18062e+02   -3.25921e+06    6.07145e+05   -2.65207e+06   -4.02801e+06
    Temperature Pres. DC (bar) Pressure (bar)   Constr. rmsd
    3.09779e+02   -1.90749e+02   -3.59537e+01    2.05469e-06

           Step           Time
         205000      205.00000

   Energies (kJ/mol)
           Bond          Angle    Proper Dih. Per. Imp. Dih.          LJ-14
    3.08039e+03    6.65209e+03    8.32312e+03    2.28623e+02    3.06325e+03
     Coulomb-14        LJ (SR)  Disper. corr.   Coulomb (SR)   Coul. recip.
   -3.16649e+04    4.73093e+05   -2.75248e+04   -3.71272e+06    2.17847e+04
 Position Rest.      Potential    Kinetic En.   Total Energy  Conserved En.
    7.74172e+02   -3.25491e+06    6.07880e+05   -2.64703e+06   -4.02797e+06
    Temperature Pres. DC (bar) Pressure (bar)   Constr. rmsd
    3.10154e+02   -1.90944e+02   -7.73981e+01    2.05469e-06

           Step           Time
         210000      210.00000

   Energies (kJ/mol)
           Bond          Angle    Proper Dih. Per. Imp. Dih.          LJ-14
    2.99469e+03    6.51270e+03    8.53075e+03    2.23618e+02    3.18500e+03
     Coulomb-14        LJ (SR)  Disper. corr.   Coulomb (SR)   Coul. recip.
   -3.16154e+04    4.77778e+05   -2.75096e+04   -3.71943e+06    2.17017e+04
 Position Rest.      Potential    Kinetic En.   Total Energy  Conserved En.
    8.12252e+02   -3.25682e+06    6.08964e+05   -2.64785e+06   -4.02799e+06
    Temperature Pres. DC (bar) Pressure (bar)   Constr. rmsd
    3.10707e+02   -1.90733e+02    4.50652e+01    2.05469e-06

           Step           Time
         215000      215.00000

   Energies (kJ/mol)
           Bond          Angle    Proper Dih. Per. Imp. Dih.          LJ-14
    3.08578e+03    6.38221e+03    8.56663e+03    2.23718e+02    3.15571e+03
     Coulomb-14        LJ (SR)  Disper. corr.   Coulomb (SR)   Coul. recip.
   -3.15587e+04    4.75368e+05   -2.75071e+04   -3.71325e+06    2.18127e+04
 Position Rest.      Potential    Kinetic En.   Total Energy  Conserved En.
    7.95747e+02   -3.25292e+06    6.06695e+05   -2.64623e+06   -4.02793e+06
    Temperature Pres. DC (bar) Pressure (bar)   Constr. rmsd
    3.09549e+02   -1.90699e+02   -5.87051e+01    2.05469e-06

           Step           Time
         220000      220.00000

   Energies (kJ/mol)
           Bond          Angle    Proper Dih. Per. Imp. Dih.          LJ-14
    3.19977e+03    6.41187e+03    8.56371e+03    2.36116e+02    3.18498e+03
     Coulomb-14        LJ (SR)  Disper. corr.   Coulomb (SR)   Coul. recip.
   -3.16920e+04    4.79001e+05   -2.74914e+04   -3.71965e+06    2.18781e+04
 Position Rest.      Potential    Kinetic En.   Total Energy  Conserved En.
    8.44396e+02   -3.25551e+06    6.08468e+05   -2.64704e+06   -4.02792e+06
    Temperature Pres. DC (bar) Pressure (bar)   Constr. rmsd
    3.10454e+02   -1.90482e+02   -1.17379e+00    2.05469e-06

           Step           Time
         225000      225.00000

   Energies (kJ/mol)
           Bond          Angle    Proper Dih. Per. Imp. Dih.          LJ-14
    2.96602e+03    6.59447e+03    8.46180e+03    2.50133e+02    3.21716e+03
     Coulomb-14        LJ (SR)  Disper. corr.   Coulomb (SR)   Coul. recip.
   -3.14890e+04    4.75973e+05   -2.74833e+04   -3.71557e+06    2.18705e+04
 Position Rest.      Potential    Kinetic En.   Total Energy  Conserved En.
    8.72271e+02   -3.25434e+06    6.07817e+05   -2.64652e+06   -4.02788e+06
    Temperature Pres. DC (bar) Pressure (bar)   Constr. rmsd
    3.10122e+02   -1.90370e+02   -2.66708e+01    2.05469e-06

           Step           Time
         230000      230.00000

   Energies (kJ/mol)
           Bond          Angle    Proper Dih. Per. Imp. Dih.          LJ-14
    2.87667e+03    6.38505e+03    8.43169e+03    2.16433e+02    3.17358e+03
     Coulomb-14        LJ (SR)  Disper. corr.   Coulomb (SR)   Coul. recip.
   -3.13525e+04    4.78575e+05   -2.74942e+04   -3.71936e+06    2.19893e+04
 Position Rest.      Potential    Kinetic En.   Total Energy  Conserved En.
    9.13589e+02   -3.25565e+06    6.05224e+05   -2.65042e+06   -4.02785e+06
    Temperature Pres. DC (bar) Pressure (bar)   Constr. rmsd
    3.08798e+02   -1.90520e+02    2.35153e+01    2.05469e-06

           Step           Time
         235000      235.00000

   Energies (kJ/mol)
           Bond          Angle    Proper Dih. Per. Imp. Dih.          LJ-14
    3.04376e+03    6.59789e+03    8.38035e+03    2.17307e+02    3.20013e+03
     Coulomb-14        LJ (SR)  Disper. corr.   Coulomb (SR)   Coul. recip.
   -3.17740e+04    4.75802e+05   -2.75022e+04   -3.71789e+06    2.18704e+04
 Position Rest.      Potential    Kinetic En.   Total Energy  Conserved En.
    8.23063e+02   -3.25723e+06    6.07761e+05   -2.64947e+06   -4.02782e+06
    Temperature Pres. DC (bar) Pressure (bar)   Constr. rmsd
    3.10093e+02   -1.90631e+02   -4.37435e+01    2.05469e-06

           Step           Time
         240000      240.00000

   Energies (kJ/mol)
           Bond          Angle    Proper Dih. Per. Imp. Dih.          LJ-14
    3.08842e+03    6.36646e+03    8.47837e+03    2.15331e+02    3.15948e+03
     Coulomb-14        LJ (SR)  Disper. corr.   Coulomb (SR)   Coul. recip.
   -3.14675e+04    4.76966e+05   -2.75111e+04   -3.71612e+06    2.17544e+04
 Position Rest.      Potential    Kinetic En.   Total Energy  Conserved En.
    8.40537e+02   -3.25423e+06    6.06756e+05   -2.64748e+06   -4.02782e+06
    Temperature Pres. DC (bar) Pressure (bar)   Constr. rmsd
    3.09580e+02   -1.90754e+02    2.87407e+01    2.05469e-06

           Step           Time
         245000      245.00000

   Energies (kJ/mol)
           Bond          Angle    Proper Dih. Per. Imp. Dih.          LJ-14
    3.16275e+03    6.53308e+03    8.44211e+03    2.29370e+02    3.16230e+03
     Coulomb-14        LJ (SR)  Disper. corr.   Coulomb (SR)   Coul. recip.
   -3.18199e+04    4.77714e+05   -2.75039e+04   -3.71995e+06    2.17994e+04
 Position Rest.      Potential    Kinetic En.   Total Energy  Conserved En.
    7.70712e+02   -3.25746e+06    6.05818e+05   -2.65164e+06   -4.02775e+06
    Temperature Pres. DC (bar) Pressure (bar)   Constr. rmsd
    3.09102e+02   -1.90655e+02   -4.27816e+01    2.05469e-06

           Step           Time
         250000      250.00000

   Energies (kJ/mol)
           Bond          Angle    Proper Dih. Per. Imp. Dih.          LJ-14
    2.97452e+03    6.59575e+03    8.45128e+03    2.30355e+02    3.11106e+03
     Coulomb-14        LJ (SR)  Disper. corr.   Coulomb (SR)   Coul. recip.
   -3.15312e+04    4.75264e+05   -2.75039e+04   -3.71668e+06    2.17700e+04
 Position Rest.      Potential    Kinetic En.   Total Energy  Conserved En.
    7.72471e+02   -3.25654e+06    6.07061e+05   -2.64948e+06   -4.02774e+06
    Temperature Pres. DC (bar) Pressure (bar)   Constr. rmsd
    3.09736e+02   -1.90655e+02   -7.65367e+01    2.05469e-06

           Step           Time
         255000      255.00000

   Energies (kJ/mol)
           Bond          Angle    Proper Dih. Per. Imp. Dih.          LJ-14
    3.04238e+03    6.24166e+03    8.44191e+03    2.29869e+02    3.14331e+03
     Coulomb-14        LJ (SR)  Disper. corr.   Coulomb (SR)   Coul. recip.
   -3.14323e+04    4.73578e+05   -2.75118e+04   -3.71383e+06    2.18181e+04
 Position Rest.      Potential    Kinetic En.   Total Energy  Conserved En.
    8.49378e+02   -3.25542e+06    6.08299e+05   -2.64713e+06   -4.02773e+06
    Temperature Pres. DC (bar) Pressure (bar)   Constr. rmsd
    3.10368e+02   -1.90763e+02   -5.73866e+01    2.05469e-06

           Step           Time
         260000      260.00000

   Energies (kJ/mol)
           Bond          Angle    Proper Dih. Per. Imp. Dih.          LJ-14
    3.16378e+03    6.42025e+03    8.46440e+03    2.59257e+02    3.21678e+03
     Coulomb-14        LJ (SR)  Disper. corr.   Coulomb (SR)   Coul. recip.
   -3.15663e+04    4.74999e+05   -2.75065e+04   -3.71739e+06    2.17551e+04
 Position Rest.      Potential    Kinetic En.   Total Energy  Conserved En.
    8.25792e+02   -3.25736e+06    6.09880e+05   -2.64748e+06   -4.02772e+06
    Temperature Pres. DC (bar) Pressure (bar)   Constr. rmsd
    3.11174e+02   -1.90691e+02   -5.21818e+00    2.05469e-06

           Step           Time
         265000      265.00000

   Energies (kJ/mol)
           Bond          Angle    Proper Dih. Per. Imp. Dih.          LJ-14
    3.05207e+03    6.27061e+03    8.51576e+03    2.29375e+02    3.17590e+03
     Coulomb-14        LJ (SR)  Disper. corr.   Coulomb (SR)   Coul. recip.
   -3.15906e+04    4.77226e+05   -2.75085e+04   -3.71673e+06    2.18761e+04
 Position Rest.      Potential    Kinetic En.   Total Energy  Conserved En.
    7.78333e+02   -3.25471e+06    6.08151e+05   -2.64656e+06   -4.02768e+06
    Temperature Pres. DC (bar) Pressure (bar)   Constr. rmsd
    3.10292e+02   -1.90719e+02   -2.34707e+01    2.05469e-06

           Step           Time
         270000      270.00000

   Energies (kJ/mol)
           Bond          Angle    Proper Dih. Per. Imp. Dih.          LJ-14
    2.84913e+03    6.35146e+03    8.49090e+03    2.63185e+02    3.21102e+03
     Coulomb-14        LJ (SR)  Disper. corr.   Coulomb (SR)   Coul. recip.
   -3.15093e+04    4.76239e+05   -2.75040e+04   -3.72010e+06    2.18392e+04
 Position Rest.      Potential    Kinetic En.   Total Energy  Conserved En.
    8.13397e+02   -3.25905e+06    6.06664e+05   -2.65239e+06   -4.02767e+06
    Temperature Pres. DC (bar) Pressure (bar)   Constr. rmsd
    3.09533e+02   -1.90656e+02   -1.28720e+01    2.05469e-06

           Step           Time
         275000      275.00000

   Energies (kJ/mol)
           Bond          Angle    Proper Dih. Per. Imp. Dih.          LJ-14
    3.19803e+03    6.34349e+03    8.51317e+03    2.05584e+02    3.18588e+03
     Coulomb-14        LJ (SR)  Disper. corr.   Coulomb (SR)   Coul. recip.
   -3.17324e+04    4.75918e+05   -2.75121e+04   -3.71484e+06    2.18104e+04
 Position Rest.      Potential    Kinetic En.   Total Energy  Conserved En.
    8.46430e+02   -3.25406e+06    6.08021e+05   -2.64604e+06   -4.02765e+06
    Temperature Pres. DC (bar) Pressure (bar)   Constr. rmsd
    3.10226e+02   -1.90769e+02   -2.59558e+01    2.05469e-06

           Step           Time
         280000      280.00000

   Energies (kJ/mol)
           Bond          Angle    Proper Dih. Per. Imp. Dih.          LJ-14
    3.04103e+03    6.46417e+03    8.41322e+03    2.41011e+02    3.12820e+03
     Coulomb-14        LJ (SR)  Disper. corr.   Coulomb (SR)   Coul. recip.
   -3.13644e+04    4.79360e+05   -2.75098e+04   -3.71778e+06    2.19123e+04
 Position Rest.      Potential    Kinetic En.   Total Energy  Conserved En.
    7.66199e+02   -3.25333e+06    6.07034e+05   -2.64630e+06   -4.02765e+06
    Temperature Pres. DC (bar) Pressure (bar)   Constr. rmsd
    3.09722e+02   -1.90737e+02    4.59913e+01    2.05469e-06

           Step           Time
         285000      285.00000

   Energies (kJ/mol)
           Bond          Angle    Proper Dih. Per. Imp. Dih.          LJ-14
    3.02764e+03    6.39513e+03    8.35033e+03    2.24776e+02    3.21509e+03
     Coulomb-14        LJ (SR)  Disper. corr.   Coulomb (SR)   Coul. recip.
   -3.13646e+04    4.77192e+05   -2.75077e+04   -3.71603e+06    2.23950e+04
 Position Rest.      Potential    Kinetic En.   Total Energy  Conserved En.
    7.71077e+02   -3.25333e+06    6.05289e+05   -2.64804e+06   -4.02760e+06
    Temperature Pres. DC (bar) Pressure (bar)   Constr. rmsd
    3.08832e+02   -1.90707e+02    1.19592e+01    2.05469e-06

           Step           Time
         290000      290.00000

   Energies (kJ/mol)
           Bond          Angle    Proper Dih. Per. Imp. Dih.          LJ-14
    2.95718e+03    6.21257e+03    8.52070e+03    2.16100e+02    3.15525e+03
     Coulomb-14        LJ (SR)  Disper. corr.   Coulomb (SR)   Coul. recip.
   -3.14666e+04    4.77784e+05   -2.75132e+04   -3.71896e+06    2.18000e+04
 Position Rest.      Potential    Kinetic En.   Total Energy  Conserved En.
    7.81389e+02   -3.25651e+06    6.08303e+05   -2.64821e+06   -4.02762e+06
    Temperature Pres. DC (bar) Pressure (bar)   Constr. rmsd
    3.10370e+02   -1.90783e+02    6.20586e+01    2.05469e-06

           Step           Time
         295000      295.00000

   Energies (kJ/mol)
           Bond          Angle    Proper Dih. Per. Imp. Dih.          LJ-14
    3.00735e+03    6.36646e+03    8.53521e+03    2.29914e+02    3.16955e+03
     Coulomb-14        LJ (SR)  Disper. corr.   Coulomb (SR)   Coul. recip.
   -3.16940e+04    4.79496e+05   -2.75135e+04   -3.72244e+06    2.16918e+04
 Position Rest.      Potential    Kinetic En.   Total Energy  Conserved En.
    7.84633e+02   -3.25836e+06    6.06134e+05   -2.65223e+06   -4.02756e+06
    Temperature Pres. DC (bar) Pressure (bar)   Constr. rmsd
    3.09263e+02   -1.90788e+02    5.47234e+01    2.05469e-06

           Step           Time
         300000      300.00000

   Energies (kJ/mol)
           Bond          Angle    Proper Dih. Per. Imp. Dih.          LJ-14
    3.19062e+03    6.36889e+03    8.47630e+03    2.23018e+02    3.15529e+03
     Coulomb-14        LJ (SR)  Disper. corr.   Coulomb (SR)   Coul. recip.
   -3.16337e+04    4.75972e+05   -2.75048e+04   -3.71610e+06    2.18948e+04
 Position Rest.      Potential    Kinetic En.   Total Energy  Conserved En.
    8.38187e+02   -3.25512e+06    6.07500e+05   -2.64762e+06   -4.02750e+06
    Temperature Pres. DC (bar) Pressure (bar)   Constr. rmsd
    3.09960e+02   -1.90668e+02   -3.61158e+01    2.05469e-06

           Step           Time
         305000      305.00000

   Energies (kJ/mol)
           Bond          Angle    Proper Dih. Per. Imp. Dih.          LJ-14
    2.99767e+03    6.59969e+03    8.37570e+03    2.16759e+02    3.19005e+03
     Coulomb-14        LJ (SR)  Disper. corr.   Coulomb (SR)   Coul. recip.
   -3.15944e+04    4.77811e+05   -2.75073e+04   -3.71599e+06    2.20665e+04
 Position Rest.      Potential    Kinetic En.   Total Energy  Conserved En.
    8.30658e+02   -3.25300e+06    6.07221e+05   -2.64578e+06   -4.02749e+06
    Temperature Pres. DC (bar) Pressure (bar)   Constr. rmsd
    3.09817e+02   -1.90702e+02    3.58492e+00    2.05469e-06

           Step           Time
         310000      310.00000

   Energies (kJ/mol)
           Bond          Angle    Proper Dih. Per. Imp. Dih.          LJ-14
    2.88301e+03    6.51681e+03    8.38397e+03    2.12769e+02    3.20907e+03
     Coulomb-14        LJ (SR)  Disper. corr.   Coulomb (SR)   Coul. recip.
   -3.15152e+04    4.77236e+05   -2.75028e+04   -3.72073e+06    2.17052e+04
 Position Rest.      Potential    Kinetic En.   Total Energy  Conserved En.
    8.17722e+02   -3.25878e+06    6.08882e+05   -2.64990e+06   -4.02746e+06
    Temperature Pres. DC (bar) Pressure (bar)   Constr. rmsd
    3.10665e+02   -1.90639e+02    9.46311e+00    2.05469e-06

           Step           Time
         315000      315.00000

   Energies (kJ/mol)
           Bond          Angle    Proper Dih. Per. Imp. Dih.          LJ-14
    2.92648e+03    6.32319e+03    8.44847e+03    2.56114e+02    3.22016e+03
     Coulomb-14        LJ (SR)  Disper. corr.   Coulomb (SR)   Coul. recip.
   -3.14639e+04    4.79751e+05   -2.75100e+04   -3.72059e+06    2.19454e+04
 Position Rest.      Potential    Kinetic En.   Total Energy  Conserved En.
    7.52255e+02   -3.25594e+06    6.05877e+05   -2.65007e+06   -4.02748e+06
    Temperature Pres. DC (bar) Pressure (bar)   Constr. rmsd
    3.09132e+02   -1.90740e+02    7.10039e+01    2.05469e-06

           Step           Time
         320000      320.00000

   Energies (kJ/mol)
           Bond          Angle    Proper Dih. Per. Imp. Dih.          LJ-14
    2.94712e+03    6.61937e+03    8.38883e+03    2.02255e+02    3.15171e+03
     Coulomb-14        LJ (SR)  Disper. corr.   Coulomb (SR)   Coul. recip.
   -3.17380e+04    4.78255e+05   -2.75047e+04   -3.71750e+06    2.19895e+04
 Position Rest.      Potential    Kinetic En.   Total Energy  Conserved En.
    7.79571e+02   -3.25441e+06    6.04774e+05   -2.64964e+06   -4.02743e+06
    Temperature Pres. DC (bar) Pressure (bar)   Constr. rmsd
    3.08569e+02   -1.90665e+02    3.61292e+00    2.05469e-06

           Step           Time
         325000      325.00000

   Energies (kJ/mol)
           Bond          Angle    Proper Dih. Per. Imp. Dih.          LJ-14
    3.05192e+03    6.39114e+03    8.57553e+03    2.36510e+02    3.15055e+03
     Coulomb-14        LJ (SR)  Disper. corr.   Coulomb (SR)   Coul. recip.
   -3.15001e+04    4.78790e+05   -2.74948e+04   -3.72033e+06    2.17110e+04
 Position Rest.      Potential    Kinetic En.   Total Energy  Conserved En.
    8.34176e+02   -3.25658e+06    6.08016e+05   -2.64857e+06   -4.02740e+06
    Temperature Pres. DC (bar) Pressure (bar)   Constr. rmsd
    3.10223e+02   -1.90529e+02    1.94316e+01    2.05469e-06

           Step           Time
         330000      330.00000

   Energies (kJ/mol)
           Bond          Angle    Proper Dih. Per. Imp. Dih.          LJ-14
    2.99359e+03    6.35656e+03    8.50216e+03    2.19980e+02    3.17489e+03
     Coulomb-14        LJ (SR)  Disper. corr.   Coulomb (SR)   Coul. recip.
   -3.16521e+04    4.76829e+05   -2.74978e+04   -3.71722e+06    2.19290e+04
 Position Rest.      Potential    Kinetic En.   Total Energy  Conserved En.
    8.71393e+02   -3.25549e+06    6.07308e+05   -2.64819e+06   -4.02739e+06
    Temperature Pres. DC (bar) Pressure (bar)   Constr. rmsd
    3.09862e+02   -1.90570e+02    7.92617e+00    2.05469e-06

           Step           Time
         335000      335.00000

   Energies (kJ/mol)
           Bond          Angle    Proper Dih. Per. Imp. Dih.          LJ-14
    2.78601e+03    6.52477e+03    8.42662e+03    2.11380e+02    3.25609e+03
     Coulomb-14        LJ (SR)  Disper. corr.   Coulomb (SR)   Coul. recip.
   -3.15630e+04    4.77489e+05   -2.75096e+04   -3.71891e+06    2.19688e+04
 Position Rest.      Potential    Kinetic En.   Total Energy  Conserved En.
    8.45463e+02   -3.25647e+06    6.08001e+05   -2.64847e+06   -4.02735e+06
    Temperature Pres. DC (bar) Pressure (bar)   Constr. rmsd
    3.10216e+02   -1.90733e+02    4.42233e+00    2.05469e-06

           Step           Time
         340000      340.00000

   Energies (kJ/mol)
           Bond          Angle    Proper Dih. Per. Imp. Dih.          LJ-14
    3.00002e+03    6.40570e+03    8.54061e+03    2.40956e+02    3.19432e+03
     Coulomb-14        LJ (SR)  Disper. corr.   Coulomb (SR)   Coul. recip.
   -3.17060e+04    4.76548e+05   -2.75225e+04   -3.71522e+06    2.19328e+04
 Position Rest.      Potential    Kinetic En.   Total Energy  Conserved En.
    8.09809e+02   -3.25377e+06    6.05448e+05   -2.64832e+06   -4.02733e+06
    Temperature Pres. DC (bar) Pressure (bar)   Constr. rmsd
    3.08913e+02   -1.90913e+02   -8.15789e-01    2.05469e-06

           Step           Time
         345000      345.00000

   Energies (kJ/mol)
           Bond          Angle    Proper Dih. Per. Imp. Dih.          LJ-14
    2.98753e+03    6.63691e+03    8.51258e+03    2.21125e+02    3.13227e+03
     Coulomb-14        LJ (SR)  Disper. corr.   Coulomb (SR)   Coul. recip.
   -3.15786e+04    4.75028e+05   -2.75077e+04   -3.71367e+06    2.17158e+04
 Position Rest.      Potential    Kinetic En.   Total Energy  Conserved En.
    9.04407e+02   -3.25362e+06    6.09129e+05   -2.64449e+06   -4.02730e+06
    Temperature Pres. DC (bar) Pressure (bar)   Constr. rmsd
    3.10791e+02   -1.90707e+02   -2.73915e+01    2.05469e-06

           Step           Time
         350000      350.00000

   Energies (kJ/mol)
           Bond          Angle    Proper Dih. Per. Imp. Dih.          LJ-14
    3.04459e+03    6.54921e+03    8.53619e+03    2.47012e+02    3.22484e+03
     Coulomb-14        LJ (SR)  Disper. corr.   Coulomb (SR)   Coul. recip.
   -3.16000e+04    4.74326e+05   -2.75198e+04   -3.71180e+06    2.17964e+04
 Position Rest.      Potential    Kinetic En.   Total Energy  Conserved En.
    8.10534e+02   -3.25239e+06    6.06473e+05   -2.64591e+06   -4.02727e+06
    Temperature Pres. DC (bar) Pressure (bar)   Constr. rmsd
    3.09436e+02   -1.90875e+02   -1.23729e+01    2.05469e-06

           Step           Time
         355000      355.00000

   Energies (kJ/mol)
           Bond          Angle    Proper Dih. Per. Imp. Dih.          LJ-14
    2.94861e+03    6.49935e+03    8.50018e+03    2.41613e+02    3.10450e+03
     Coulomb-14        LJ (SR)  Disper. corr.   Coulomb (SR)   Coul. recip.
   -3.16027e+04    4.77309e+05   -2.75080e+04   -3.71719e+06    2.17725e+04
 Position Rest.      Potential    Kinetic En.   Total Energy  Conserved En.
    8.96088e+02   -3.25503e+06    6.07132e+05   -2.64790e+06   -4.02726e+06
    Temperature Pres. DC (bar) Pressure (bar)   Constr. rmsd
    3.09772e+02   -1.90712e+02    2.28887e+01    2.05469e-06

           Step           Time
         360000      360.00000

   Energies (kJ/mol)
           Bond          Angle    Proper Dih. Per. Imp. Dih.          LJ-14
    2.95279e+03    6.29596e+03    8.44635e+03    2.41457e+02    3.21802e+03
     Coulomb-14        LJ (SR)  Disper. corr.   Coulomb (SR)   Coul. recip.
   -3.16068e+04    4.76842e+05   -2.75141e+04   -3.71626e+06    2.18598e+04
 Position Rest.      Potential    Kinetic En.   Total Energy  Conserved En.
    8.43416e+02   -3.25468e+06    6.06507e+05   -2.64817e+06   -4.02723e+06
    Temperature Pres. DC (bar) Pressure (bar)   Constr. rmsd
    3.09453e+02   -1.90796e+02    3.08956e+01    2.05469e-06

           Step           Time
         365000      365.00000

   Energies (kJ/mol)
           Bond          Angle    Proper Dih. Per. Imp. Dih.          LJ-14
    2.87062e+03    6.62038e+03    8.39978e+03    2.36438e+02    3.19022e+03
     Coulomb-14        LJ (SR)  Disper. corr.   Coulomb (SR)   Coul. recip.
   -3.16022e+04    4.78289e+05   -2.75070e+04   -3.72063e+06    2.18200e+04
 Position Rest.      Potential    Kinetic En.   Total Energy  Conserved En.
    7.75199e+02   -3.25754e+06    6.07508e+05   -2.65003e+06   -4.02719e+06
    Temperature Pres. DC (bar) Pressure (bar)   Constr. rmsd
    3.09964e+02   -1.90697e+02   -4.07361e+01    2.05469e-06

           Step           Time
         370000      370.00000

   Energies (kJ/mol)
           Bond          Angle    Proper Dih. Per. Imp. Dih.          LJ-14
    3.02173e+03    6.44769e+03    8.45387e+03    2.24023e+02    3.21080e+03
     Coulomb-14        LJ (SR)  Disper. corr.   Coulomb (SR)   Coul. recip.
   -3.14496e+04    4.78915e+05   -2.75105e+04   -3.72033e+06    2.17516e+04
 Position Rest.      Potential    Kinetic En.   Total Energy  Conserved En.
    8.40893e+02   -3.25643e+06    6.07882e+05   -2.64854e+06   -4.02717e+06
    Temperature Pres. DC (bar) Pressure (bar)   Constr. rmsd
    3.10155e+02   -1.90746e+02    1.91612e+01    2.05469e-06

           Step           Time
         375000      375.00000

   Energies (kJ/mol)
           Bond          Angle    Proper Dih. Per. Imp. Dih.          LJ-14
    3.10662e+03    6.27469e+03    8.41229e+03    1.83664e+02    3.09099e+03
     Coulomb-14        LJ (SR)  Disper. corr.   Coulomb (SR)   Coul. recip.
   -3.15758e+04    4.73989e+05   -2.75079e+04   -3.71443e+06    2.18996e+04
 Position Rest.      Potential    Kinetic En.   Total Energy  Conserved En.
    9.03893e+02   -3.25565e+06    6.07070e+05   -2.64858e+06   -4.02710e+06
    Temperature Pres. DC (bar) Pressure (bar)   Constr. rmsd
    3.09741e+02   -1.90710e+02   -7.62638e+01    2.05469e-06

           Step           Time
         380000      380.00000

   Energies (kJ/mol)
           Bond          Angle    Proper Dih. Per. Imp. Dih.          LJ-14
    3.24577e+03    6.40747e+03    8.44936e+03    2.24067e+02    3.16333e+03
     Coulomb-14        LJ (SR)  Disper. corr.   Coulomb (SR)   Coul. recip.
   -3.14769e+04    4.76659e+05   -2.75034e+04   -3.71546e+06    2.17607e+04
 Position Rest.      Potential    Kinetic En.   Total Energy  Conserved En.
    8.32519e+02   -3.25370e+06    6.10009e+05   -2.64369e+06   -4.02713e+06
    Temperature Pres. DC (bar) Pressure (bar)   Constr. rmsd
    3.11240e+02   -1.90647e+02    4.36345e+01    2.05469e-06

           Step           Time
         385000      385.00000

   Energies (kJ/mol)
           Bond          Angle    Proper Dih. Per. Imp. Dih.          LJ-14
    3.17306e+03    6.44377e+03    8.50733e+03    2.34303e+02    3.16392e+03
     Coulomb-14        LJ (SR)  Disper. corr.   Coulomb (SR)   Coul. recip.
   -3.18204e+04    4.77358e+05   -2.74797e+04   -3.71709e+06    2.17037e+04
 Position Rest.      Potential    Kinetic En.   Total Energy  Conserved En.
    8.82256e+02   -3.25492e+06    6.09532e+05   -2.64539e+06   -4.02712e+06
    Temperature Pres. DC (bar) Pressure (bar)   Constr. rmsd
    3.10997e+02   -1.90320e+02    3.02565e+01    2.05469e-06

           Step           Time
         390000      390.00000

   Energies (kJ/mol)
           Bond          Angle    Proper Dih. Per. Imp. Dih.          LJ-14
    2.97633e+03    6.64177e+03    8.44978e+03    2.41386e+02    3.16870e+03
     Coulomb-14        LJ (SR)  Disper. corr.   Coulomb (SR)   Coul. recip.
   -3.16659e+04    4.76276e+05   -2.74953e+04   -3.71095e+06    2.18062e+04
 Position Rest.      Potential    Kinetic En.   Total Energy  Conserved En.
    8.13758e+02   -3.24973e+06    6.05155e+05   -2.64458e+06   -4.02709e+06
    Temperature Pres. DC (bar) Pressure (bar)   Constr. rmsd
    3.08763e+02   -1.90536e+02    7.65490e+01    2.05469e-06

           Step           Time
         395000      395.00000

   Energies (kJ/mol)
           Bond          Angle    Proper Dih. Per. Imp. Dih.          LJ-14
    3.11250e+03    6.36783e+03    8.41888e+03    2.36717e+02    3.24061e+03
     Coulomb-14        LJ (SR)  Disper. corr.   Coulomb (SR)   Coul. recip.
   -3.16160e+04    4.75096e+05   -2.75041e+04   -3.71485e+06    2.17524e+04
 Position Rest.      Potential    Kinetic En.   Total Energy  Conserved En.
    8.61123e+02   -3.25488e+06    6.08090e+05   -2.64679e+06   -4.02705e+06
    Temperature Pres. DC (bar) Pressure (bar)   Constr. rmsd
    3.10261e+02   -1.90657e+02   -2.71500e+01    2.05469e-06

           Step           Time
         400000      400.00000

   Energies (kJ/mol)
           Bond          Angle    Proper Dih. Per. Imp. Dih.          LJ-14
    3.00040e+03    6.39701e+03    8.57639e+03    2.65995e+02    3.10250e+03
     Coulomb-14        LJ (SR)  Disper. corr.   Coulomb (SR)   Coul. recip.
   -3.16441e+04    4.78042e+05   -2.75041e+04   -3.71734e+06    2.19618e+04
 Position Rest.      Potential    Kinetic En.   Total Energy  Conserved En.
    7.74611e+02   -3.25437e+06    6.08099e+05   -2.64627e+06   -4.02704e+06
    Temperature Pres. DC (bar) Pressure (bar)   Constr. rmsd
    3.10265e+02   -1.90658e+02    2.35225e+01    2.05469e-06

           Step           Time
         405000      405.00000

   Energies (kJ/mol)
           Bond          Angle    Proper Dih. Per. Imp. Dih.          LJ-14
    3.21571e+03    6.41995e+03    8.46936e+03    2.54743e+02    3.18939e+03
     Coulomb-14        LJ (SR)  Disper. corr.   Coulomb (SR)   Coul. recip.
   -3.14686e+04    4.72649e+05   -2.75040e+04   -3.71159e+06    2.19420e+04
 Position Rest.      Potential    Kinetic En.   Total Energy  Conserved En.
    8.16009e+02   -3.25360e+06    6.08905e+05   -2.64470e+06   -4.02697e+06
    Temperature Pres. DC (bar) Pressure (bar)   Constr. rmsd
    3.10677e+02   -1.90656e+02   -1.18499e+02    2.05469e-06

           Step           Time
         410000      410.00000

   Energies (kJ/mol)
           Bond          Angle    Proper Dih. Per. Imp. Dih.          LJ-14
    3.01626e+03    6.45001e+03    8.51757e+03    2.47607e+02    3.23563e+03
     Coulomb-14        LJ (SR)  Disper. corr.   Coulomb (SR)   Coul. recip.
   -3.16476e+04    4.77276e+05   -2.75041e+04   -3.71753e+06    2.17854e+04
 Position Rest.      Potential    Kinetic En.   Total Energy  Conserved En.
    7.82594e+02   -3.25537e+06    6.08460e+05   -2.64691e+06   -4.02701e+06
    Temperature Pres. DC (bar) Pressure (bar)   Constr. rmsd
    3.10450e+02   -1.90657e+02    2.73444e+01    2.05469e-06

           Step           Time
         415000      415.00000

   Energies (kJ/mol)
           Bond          Angle    Proper Dih. Per. Imp. Dih.          LJ-14
    3.01234e+03    6.22170e+03    8.46650e+03    2.15340e+02    3.12877e+03
     Coulomb-14        LJ (SR)  Disper. corr.   Coulomb (SR)   Coul. recip.
   -3.14459e+04    4.82208e+05   -2.75010e+04   -3.72480e+06    2.19386e+04
 Position Rest.      Potential    Kinetic En.   Total Energy  Conserved En.
    7.74455e+02   -3.25778e+06    6.07118e+05   -2.65066e+06   -4.02698e+06
    Temperature Pres. DC (bar) Pressure (bar)   Constr. rmsd
    3.09765e+02   -1.90614e+02    9.46226e+01    2.05469e-06

           Step           Time
         420000      420.00000

   Energies (kJ/mol)
           Bond          Angle    Proper Dih. Per. Imp. Dih.          LJ-14
    2.92039e+03    6.53831e+03    8.46480e+03    2.31681e+02    3.16998e+03
     Coulomb-14        LJ (SR)  Disper. corr.   Coulomb (SR)   Coul. recip.
   -3.14813e+04    4.78614e+05   -2.75055e+04   -3.71863e+06    2.19418e+04
 Position Rest.      Potential    Kinetic En.   Total Energy  Conserved En.
    8.54216e+02   -3.25489e+06    6.06490e+05   -2.64840e+06   -4.02693e+06
    Temperature Pres. DC (bar) Pressure (bar)   Constr. rmsd
    3.09445e+02   -1.90677e+02    2.81525e+01    2.05469e-06

           Step           Time
         425000      425.00000

   Energies (kJ/mol)
           Bond          Angle    Proper Dih. Per. Imp. Dih.          LJ-14
    3.10200e+03    6.28361e+03    8.44208e+03    2.11119e+02    3.14453e+03
     Coulomb-14        LJ (SR)  Disper. corr.   Coulomb (SR)   Coul. recip.
   -3.15706e+04    4.76821e+05   -2.75138e+04   -3.71680e+06    2.17858e+04
 Position Rest.      Potential    Kinetic En.   Total Energy  Conserved En.
    8.11436e+02   -3.25528e+06    6.07533e+05   -2.64775e+06   -4.02690e+06
    Temperature Pres. DC (bar) Pressure (bar)   Constr. rmsd
    3.09977e+02   -1.90791e+02   -1.58509e+01    2.05469e-06

           Step           Time
         430000      430.00000

   Energies (kJ/mol)
           Bond          Angle    Proper Dih. Per. Imp. Dih.          LJ-14
    2.93499e+03    6.53328e+03    8.38146e+03    2.33462e+02    3.16284e+03
     Coulomb-14        LJ (SR)  Disper. corr.   Coulomb (SR)   Coul. recip.
   -3.15625e+04    4.80310e+05   -2.75111e+04   -3.72231e+06    2.19658e+04
 Position Rest.      Potential    Kinetic En.   Total Energy  Conserved En.
    7.77207e+02   -3.25708e+06    6.07027e+05   -2.65005e+06   -4.02688e+06
    Temperature Pres. DC (bar) Pressure (bar)   Constr. rmsd
    3.09718e+02   -1.90755e+02    3.36026e+01    2.05469e-06

           Step           Time
         435000      435.00000

   Energies (kJ/mol)
           Bond          Angle    Proper Dih. Per. Imp. Dih.          LJ-14
    3.02761e+03    6.74427e+03    8.42055e+03    2.49756e+02    3.24991e+03
     Coulomb-14        LJ (SR)  Disper. corr.   Coulomb (SR)   Coul. recip.
   -3.18267e+04    4.76526e+05   -2.75065e+04   -3.71586e+06    2.16988e+04
 Position Rest.      Potential    Kinetic En.   Total Energy  Conserved En.
    8.89874e+02   -3.25439e+06    6.07157e+05   -2.64723e+06   -4.02686e+06
    Temperature Pres. DC (bar) Pressure (bar)   Constr. rmsd
    3.09785e+02   -1.90690e+02    1.57573e+01    2.05469e-06

           Step           Time
         440000      440.00000

   Energies (kJ/mol)
           Bond          Angle    Proper Dih. Per. Imp. Dih.          LJ-14
    2.96870e+03    6.37064e+03    8.37405e+03    2.12341e+02    3.18738e+03
     Coulomb-14        LJ (SR)  Disper. corr.   Coulomb (SR)   Coul. recip.
   -3.15173e+04    4.76136e+05   -2.75076e+04   -3.71682e+06    2.18950e+04
 Position Rest.      Potential    Kinetic En.   Total Energy  Conserved En.
    8.17607e+02   -3.25588e+06    6.06695e+05   -2.64918e+06   -4.02682e+06
    Temperature Pres. DC (bar) Pressure (bar)   Constr. rmsd
    3.09549e+02   -1.90706e+02   -3.04969e+01    2.05469e-06

           Step           Time
         445000      445.00000

   Energies (kJ/mol)
           Bond          Angle    Proper Dih. Per. Imp. Dih.          LJ-14
    3.28629e+03    6.38081e+03    8.38648e+03    2.40263e+02    3.12942e+03
     Coulomb-14        LJ (SR)  Disper. corr.   Coulomb (SR)   Coul. recip.
   -3.14913e+04    4.76919e+05   -2.75115e+04   -3.71772e+06    2.18976e+04
 Position Rest.      Potential    Kinetic En.   Total Energy  Conserved En.
    8.49051e+02   -3.25563e+06    6.08454e+05   -2.64718e+06   -4.02679e+06
    Temperature Pres. DC (bar) Pressure (bar)   Constr. rmsd
    3.10447e+02   -1.90760e+02   -2.88819e+01    2.05469e-06

           Step           Time
         450000      450.00000

   Energies (kJ/mol)
           Bond          Angle    Proper Dih. Per. Imp. Dih.          LJ-14
    3.00878e+03    6.52128e+03    8.57620e+03    2.44982e+02    3.20058e+03
     Coulomb-14        LJ (SR)  Disper. corr.   Coulomb (SR)   Coul. recip.
   -3.14877e+04    4.75367e+05   -2.75134e+04   -3.71520e+06    2.18096e+04
 Position Rest.      Potential    Kinetic En.   Total Energy  Conserved En.
    9.16714e+02   -3.25455e+06    6.09808e+05   -2.64475e+06   -4.02677e+06
    Temperature Pres. DC (bar) Pressure (bar)   Constr. rmsd
    3.11137e+02   -1.90787e+02   -4.41193e+01    2.05469e-06

           Step           Time
         455000      455.00000

   Energies (kJ/mol)
           Bond          Angle    Proper Dih. Per. Imp. Dih.          LJ-14
    3.06206e+03    6.48895e+03    8.47094e+03    2.22595e+02    3.30152e+03
     Coulomb-14        LJ (SR)  Disper. corr.   Coulomb (SR)   Coul. recip.
   -3.16800e+04    4.78384e+05   -2.75088e+04   -3.71551e+06    2.18212e+04
 Position Rest.      Potential    Kinetic En.   Total Energy  Conserved En.
    8.70400e+02   -3.25208e+06    6.08838e+05   -2.64324e+06   -4.02678e+06
    Temperature Pres. DC (bar) Pressure (bar)   Constr. rmsd
    3.10643e+02   -1.90722e+02    7.80378e+01    2.05469e-06

           Step           Time
         460000      460.00000

   Energies (kJ/mol)
           Bond          Angle    Proper Dih. Per. Imp. Dih.          LJ-14
    2.86984e+03    6.33078e+03    8.43851e+03    2.72939e+02    3.25026e+03
     Coulomb-14        LJ (SR)  Disper. corr.   Coulomb (SR)   Coul. recip.
   -3.14072e+04    4.77312e+05   -2.75051e+04   -3.71847e+06    2.18724e+04
 Position Rest.      Potential    Kinetic En.   Total Energy  Conserved En.
    7.89055e+02   -3.25625e+06    6.05312e+05   -2.65094e+06   -4.02674e+06
    Temperature Pres. DC (bar) Pressure (bar)   Constr. rmsd
    3.08844e+02   -1.90672e+02    1.09123e+01    2.05469e-06

           Step           Time
         465000      465.00000

   Energies (kJ/mol)
           Bond          Angle    Proper Dih. Per. Imp. Dih.          LJ-14
    3.15001e+03    6.22628e+03    8.44233e+03    2.54948e+02    3.16986e+03
     Coulomb-14        LJ (SR)  Disper. corr.   Coulomb (SR)   Coul. recip.
   -3.13821e+04    4.76701e+05   -2.75034e+04   -3.71875e+06    2.18319e+04
 Position Rest.      Potential    Kinetic En.   Total Energy  Conserved En.
    8.40171e+02   -3.25702e+06    6.07439e+05   -2.64958e+06   -4.02670e+06
    Temperature Pres. DC (bar) Pressure (bar)   Constr. rmsd
    3.09929e+02   -1.90648e+02   -2.79851e+01    2.05469e-06

           Step           Time
         470000      470.00000

   Energies (kJ/mol)
           Bond          Angle    Proper Dih. Per. Imp. Dih.          LJ-14
    3.04707e+03    6.32158e+03    8.44478e+03    2.08489e+02    3.22298e+03
     Coulomb-14        LJ (SR)  Disper. corr.   Coulomb (SR)   Coul. recip.
   -3.15414e+04    4.77796e+05   -2.74993e+04   -3.71880e+06    2.16366e+04
 Position Rest.      Potential    Kinetic En.   Total Energy  Conserved En.
    8.39286e+02   -3.25632e+06    6.07036e+05   -2.64929e+06   -4.02668e+06
    Temperature Pres. DC (bar) Pressure (bar)   Constr. rmsd
    3.09723e+02   -1.90591e+02    2.12373e+01    2.05469e-06

           Step           Time
         475000      475.00000

   Energies (kJ/mol)
           Bond          Angle    Proper Dih. Per. Imp. Dih.          LJ-14
    2.93276e+03    6.53603e+03    8.30970e+03    2.42559e+02    3.24366e+03
     Coulomb-14        LJ (SR)  Disper. corr.   Coulomb (SR)   Coul. recip.
   -3.16630e+04    4.79607e+05   -2.75114e+04   -3.72108e+06    2.18684e+04
 Position Rest.      Potential    Kinetic En.   Total Energy  Conserved En.
    8.89054e+02   -3.25662e+06    6.06898e+05   -2.64972e+06   -4.02666e+06
    Temperature Pres. DC (bar) Pressure (bar)   Constr. rmsd
    3.09653e+02   -1.90759e+02    3.51166e+01    2.05469e-06

           Step           Time
         480000      480.00000

   Energies (kJ/mol)
           Bond          Angle    Proper Dih. Per. Imp. Dih.          LJ-14
    3.04634e+03    6.41087e+03    8.49119e+03    2.60443e+02    3.19925e+03
     Coulomb-14        LJ (SR)  Disper. corr.   Coulomb (SR)   Coul. recip.
   -3.15954e+04    4.77891e+05   -2.75196e+04   -3.72246e+06    2.18540e+04
 Position Rest.      Potential    Kinetic En.   Total Energy  Conserved En.
    7.80190e+02   -3.25964e+06    6.07064e+05   -2.65258e+06   -4.02662e+06
    Temperature Pres. DC (bar) Pressure (bar)   Constr. rmsd
    3.09737e+02   -1.90873e+02   -2.70018e+00    2.05469e-06

           Step           Time
         485000      485.00000

   Energies (kJ/mol)
           Bond          Angle    Proper Dih. Per. Imp. Dih.          LJ-14
    2.95740e+03    6.31159e+03    8.46467e+03    2.21682e+02    3.12768e+03
     Coulomb-14        LJ (SR)  Disper. corr.   Coulomb (SR)   Coul. recip.
   -3.15462e+04    4.79931e+05   -2.75081e+04   -3.72400e+06    2.15909e+04
 Position Rest.      Potential    Kinetic En.   Total Energy  Conserved En.
    7.63474e+02   -3.25968e+06    6.07011e+05   -2.65267e+06   -4.02658e+06
    Temperature Pres. DC (bar) Pressure (bar)   Constr. rmsd
    3.09711e+02   -1.90713e+02   -1.98157e+01    2.05469e-06

           Step           Time
         490000      490.00000

   Energies (kJ/mol)
           Bond          Angle    Proper Dih. Per. Imp. Dih.          LJ-14
    2.98166e+03    6.30506e+03    8.38394e+03    2.06366e+02    3.21122e+03
     Coulomb-14        LJ (SR)  Disper. corr.   Coulomb (SR)   Coul. recip.
   -3.13191e+04    4.78253e+05   -2.75079e+04   -3.71759e+06    2.18693e+04
 Position Rest.      Potential    Kinetic En.   Total Energy  Conserved En.
    8.19448e+02   -3.25438e+06    6.08660e+05   -2.64572e+06   -4.02661e+06
    Temperature Pres. DC (bar) Pressure (bar)   Constr. rmsd
    3.10552e+02   -1.90710e+02    5.98641e+01    2.05469e-06

           Step           Time
         495000      495.00000

   Energies (kJ/mol)
           Bond          Angle    Proper Dih. Per. Imp. Dih.          LJ-14
    3.15491e+03    6.44974e+03    8.35928e+03    2.10512e+02    3.14215e+03
     Coulomb-14        LJ (SR)  Disper. corr.   Coulomb (SR)   Coul. recip.
   -3.15329e+04    4.74591e+05   -2.75020e+04   -3.71467e+06    2.18837e+04
 Position Rest.      Potential    Kinetic En.   Total Energy  Conserved En.
    8.64211e+02   -3.25505e+06    6.08263e+05   -2.64678e+06   -4.02652e+06
    Temperature Pres. DC (bar) Pressure (bar)   Constr. rmsd
    3.10349e+02   -1.90628e+02   -7.31475e+01    2.05469e-06

Writing checkpoint, step 499800 at Wed Mar 12 14:17:39 2025


           Step           Time
         500000      500.00000

Writing checkpoint, step 500000 at Wed Mar 12 14:17:40 2025


   Energies (kJ/mol)
           Bond          Angle    Proper Dih. Per. Imp. Dih.          LJ-14
    2.99639e+03    6.44233e+03    8.46800e+03    2.39256e+02    3.10219e+03
     Coulomb-14        LJ (SR)  Disper. corr.   Coulomb (SR)   Coul. recip.
   -3.14984e+04    4.75832e+05   -2.75089e+04   -3.71560e+06    2.17538e+04
 Position Rest.      Potential    Kinetic En.   Total Energy  Conserved En.
    8.36717e+02   -3.25494e+06    6.08253e+05   -2.64668e+06   -4.02651e+06
    Temperature Pres. DC (bar) Pressure (bar)   Constr. rmsd
    3.10344e+02   -1.90724e+02   -4.72307e+01    2.05469e-06


Energy conservation over simulation part #1 of length 500 ps, time 0 to 500 ps
  Conserved energy drift: 1.32e-05 kJ/mol/ps per atom


	<======  ###############  ==>
	<====  A V E R A G E S  ====>
	<==  ###############  ======>

	Statistics over 500001 steps using 5001 frames

   Energies (kJ/mol)
           Bond          Angle    Proper Dih. Per. Imp. Dih.          LJ-14
    3.04284e+03    6.43921e+03    8.47250e+03    2.31162e+02    3.17883e+03
     Coulomb-14        LJ (SR)  Disper. corr.   Coulomb (SR)   Coul. recip.
   -3.16033e+04    4.77132e+05   -2.75070e+04   -3.71801e+06    2.18566e+04
 Position Rest.      Potential    Kinetic En.   Total Energy  Conserved En.
    8.26057e+02   -3.25594e+06    6.07265e+05   -2.64868e+06   -4.02776e+06
    Temperature Pres. DC (bar) Pressure (bar)   Constr. rmsd
    3.09840e+02   -1.90697e+02   -1.69247e+00    0.00000e+00

          Box-X          Box-Y          Box-Z
    1.50244e+01    1.50244e+01    1.06239e+01

   Total Virial (kJ/mol)
    2.05148e+05    8.68869e+01   -1.52997e+02
    8.68966e+01    1.97168e+05   -8.54719e+01
   -1.52995e+02   -8.54675e+01    2.05320e+05

   Pressure (bar)
   -3.85369e+01   -1.52781e+00    2.11723e+00
   -1.52794e+00    7.47714e+01    2.06840e+00
    2.11720e+00    2.06834e+00   -4.13119e+01

  T-Protein_DNAT-Water_and_ions
    3.10070e+02    3.09836e+02


	M E G A - F L O P S   A C C O U N T I N G

 NB=Group-cutoff nonbonded kernels    NxN=N-by-N cluster Verlet kernels
 RF=Reaction-Field  VdW=Van der Waals  QSTab=quadratic-spline table
 W3=SPC/TIP3p  W4=TIP4p (single or pairs)
 V&F=Potential and force  V=Potential only  F=Force only

 Computing:                               M-Number         M-Flops  % Flops
-----------------------------------------------------------------------------
 Pair Search distance check          103454.270848      931088.438     0.0
 NxN QSTab Elec. + LJ [F]         101551928.537664  4163629070.044    98.5
 NxN QSTab Elec. + LJ [V&F]         1025982.246272    60532952.530     1.4
 1,4 nonbonded interactions            3777.007554      339930.680     0.0
 Shift-X                               1173.414636        7040.488     0.0
 Bonds                                 1011.002022       59649.119     0.0
 Angles                                2869.505739      482076.964     0.0
 Propers                               4515.509031     1034051.568     0.0
 Impropers                              270.500541       56264.113     0.0
 Pos. Restr.                            915.501831       45775.092     0.0
 Virial                                1173.639681       21125.514     0.0
 P-Coupling                            1173.414636        7040.488     0.0
 Calc-Ekin                            11732.269272      316771.270     0.0
 Lincs                                    0.002278           0.137     0.0
 Lincs-Mat                                0.009264           0.037     0.0
 Constraint-V                             0.233596           2.102     0.0
 Settle                                   0.154212          57.058     0.0
-----------------------------------------------------------------------------
 Total                                              4227462895.642   100.0
-----------------------------------------------------------------------------


      R E A L   C Y C L E   A N D   T I M E   A C C O U N T I N G

On 1 MPI rank, each using 32 OpenMP threads

 Activity:              Num   Num      Call    Wall time         Giga-Cycles
                        Ranks Threads  Count      (s)         total sum    %
--------------------------------------------------------------------------------
 Neighbor search           1   32       5001      43.652       2926.501   4.8
 Launch PP GPU ops.        1   32     995001      21.255       1424.943   2.4
 Force                     1   32     500001      87.310       5853.377   9.7
 PME GPU mesh              1   32     500001      18.753       1257.203   2.1
 Wait GPU NB local         1   32     500001      13.040        874.188   1.4
 Wait GPU state copy       1   32     560001     701.481      47028.091  77.8
 NB X/F buffer ops.        1   32       5001       1.213         81.330   0.1
 Write traj.               1   32        102       2.161        144.885   0.2
 Constraints               1   32          2       0.001          0.043   0.0
 Rest                                             12.265        822.269   1.4
--------------------------------------------------------------------------------
 Total                                           901.130      60412.829 100.0
--------------------------------------------------------------------------------
 Breakdown of PME mesh activities
--------------------------------------------------------------------------------
 Wait PME GPU gather       1   32     500001       3.859        258.745   0.4
 Reduce GPU PME F          1   32     500001       0.375         25.131   0.0
 Launch PME GPU ops.       1   32    4500009      13.874        930.108   1.5
--------------------------------------------------------------------------------

               Core t (s)   Wall t (s)        (%)
       Time:    28835.438      901.130     3199.9
                 (ns/day)    (hour/ns)
Performance:       47.940        0.501
Finished mdrun on rank 0 Wed Mar 12 14:17:40 2025

