2025-04-26 01:48:13,261 [MainThread  ] [INFO ]  Executing biobb_gromacs.gromacs.grompp Version: 4.2.0
2025-04-26 01:48:13,337 [MainThread  ] [INFO ]  Copy: prot_ndxgyra2018_NDX_npt.gro to /home/arunima/gitrepos/gromacs_sims/Antimicrobial_Peptides/Pseudomonas_antibiotics/simulation/ndxgyra2018/e2618e22-9777-410c-b9a2-fc6d61585881
2025-04-26 01:48:13,371 [MainThread  ] [INFO ]  Copy: prot_ndxgyra2018_NDX_npt.cpt to /home/arunima/gitrepos/gromacs_sims/Antimicrobial_Peptides/Pseudomonas_antibiotics/simulation/ndxgyra2018/e2618e22-9777-410c-b9a2-fc6d61585881
2025-04-26 01:48:13,399 [MainThread  ] [INFO ]  Extracting: /home/arunima/gitrepos/gromacs_sims/Antimicrobial_Peptides/Pseudomonas_antibiotics/simulation/ndxgyra2018/prot_ndxgyra2018_NDX_genion_top.zip
2025-04-26 01:48:13,399 [MainThread  ] [INFO ]  to:
2025-04-26 01:48:13,399 [MainThread  ] [INFO ]  ['/home/arunima/gitrepos/gromacs_sims/Antimicrobial_Peptides/Pseudomonas_antibiotics/simulation/ndxgyra2018/e2618e22-9777-410c-b9a2-fc6d61585881/NDX_posres.itp', '/home/arunima/gitrepos/gromacs_sims/Antimicrobial_Peptides/Pseudomonas_antibiotics/simulation/ndxgyra2018/e2618e22-9777-410c-b9a2-fc6d61585881/NDXparams.itp', '/home/arunima/gitrepos/gromacs_sims/Antimicrobial_Peptides/Pseudomonas_antibiotics/simulation/ndxgyra2018/e2618e22-9777-410c-b9a2-fc6d61585881/ligand.top', '/home/arunima/gitrepos/gromacs_sims/Antimicrobial_Peptides/Pseudomonas_antibiotics/simulation/ndxgyra2018/e2618e22-9777-410c-b9a2-fc6d61585881/posre.itp']
2025-04-26 01:48:13,400 [MainThread  ] [INFO ]  Unzipping: 
2025-04-26 01:48:13,400 [MainThread  ] [INFO ]  prot_ndxgyra2018_NDX_genion_top.zip
2025-04-26 01:48:13,400 [MainThread  ] [INFO ]  To: 
2025-04-26 01:48:13,400 [MainThread  ] [INFO ]  /home/arunima/gitrepos/gromacs_sims/Antimicrobial_Peptides/Pseudomonas_antibiotics/simulation/ndxgyra2018/e2618e22-9777-410c-b9a2-fc6d61585881/NDX_posres.itp
2025-04-26 01:48:13,400 [MainThread  ] [INFO ]  /home/arunima/gitrepos/gromacs_sims/Antimicrobial_Peptides/Pseudomonas_antibiotics/simulation/ndxgyra2018/e2618e22-9777-410c-b9a2-fc6d61585881/NDXparams.itp
2025-04-26 01:48:13,400 [MainThread  ] [INFO ]  /home/arunima/gitrepos/gromacs_sims/Antimicrobial_Peptides/Pseudomonas_antibiotics/simulation/ndxgyra2018/e2618e22-9777-410c-b9a2-fc6d61585881/ligand.top
2025-04-26 01:48:13,400 [MainThread  ] [INFO ]  /home/arunima/gitrepos/gromacs_sims/Antimicrobial_Peptides/Pseudomonas_antibiotics/simulation/ndxgyra2018/e2618e22-9777-410c-b9a2-fc6d61585881/posre.itp
2025-04-26 01:48:13,402 [MainThread  ] [INFO ]  gmx -nobackup -nocopyright grompp -f /home/arunima/gitrepos/gromacs_sims/Antimicrobial_Peptides/Pseudomonas_antibiotics/simulation/ndxgyra2018/e2618e22-9777-410c-b9a2-fc6d61585881/grompp.mdp -c /home/arunima/gitrepos/gromacs_sims/Antimicrobial_Peptides/Pseudomonas_antibiotics/simulation/ndxgyra2018/e2618e22-9777-410c-b9a2-fc6d61585881/prot_ndxgyra2018_NDX_npt.gro -r /home/arunima/gitrepos/gromacs_sims/Antimicrobial_Peptides/Pseudomonas_antibiotics/simulation/ndxgyra2018/e2618e22-9777-410c-b9a2-fc6d61585881/prot_ndxgyra2018_NDX_npt.gro -p /home/arunima/gitrepos/gromacs_sims/Antimicrobial_Peptides/Pseudomonas_antibiotics/simulation/ndxgyra2018/e2618e22-9777-410c-b9a2-fc6d61585881/ligand.top -o /home/arunima/gitrepos/gromacs_sims/Antimicrobial_Peptides/Pseudomonas_antibiotics/simulation/ndxgyra2018/e2618e22-9777-410c-b9a2-fc6d61585881/prot_ndxgyra2018_NDX_gppmd.tpr -po mdout.mdp -maxwarn 10 -t /home/arunima/gitrepos/gromacs_sims/Antimicrobial_Peptides/Pseudomonas_antibiotics/simulation/ndxgyra2018/e2618e22-9777-410c-b9a2-fc6d61585881/prot_ndxgyra2018_NDX_npt.cpt

2025-04-26 01:48:15,999 [MainThread  ] [INFO ]  Exit code 0

2025-04-26 01:48:15,999 [MainThread  ] [INFO ]  Setting the LD random seed to -805308165

Generated 2628 of the 2628 non-bonded parameter combinations

Generated 2628 of the 2628 1-4 parameter combinations

Excluding 3 bonded neighbours molecule type 'Protein_chain_A'

turning H bonds into constraints...

Excluding 3 bonded neighbours molecule type 'NDXparams'

turning H bonds into constraints...

Excluding 2 bonded neighbours molecule type 'SOL'

turning H bonds into constraints...

Excluding 1 bonded neighbours molecule type 'NA'

turning H bonds into constraints...
Analysing residue names:
There are:   921    Protein residues
There are:     1      Other residues
There are: 146360      Water residues
There are:    42        Ion residues
Analysing Protein...
Analysing residues not classified as Protein/DNA/RNA/Water and splitting into groups...

The largest distance between excluded atoms is 0.434 nm between atom 4683 and 4691

Determining Verlet buffer for a tolerance of 0.005 kJ/mol/ps at 300 K

Calculated rlist for 1x1 atom pair-list as 1.036 nm, buffer size 0.036 nm

Set rlist, assuming 4x4 atom pair-list, to 1.000 nm, buffer size 0.000 nm

Note that mdrun will redetermine rlist based on the actual pair-list setup

Reading Coordinates, Velocities and Box size from old trajectory

Will read whole trajectory

Using frame at t = 100 ps

Starting time for run is 0 ps
Calculating fourier grid dimensions for X Y Z
Using a fourier grid of 160x160x160, spacing 0.113 0.113 0.113

Estimate for the relative computational load of the PME mesh part: 0.30

2025-04-26 01:48:16,087 [MainThread  ] [INFO ]  Removed: ['/home/arunima/gitrepos/gromacs_sims/Antimicrobial_Peptides/Pseudomonas_antibiotics/simulation/ndxgyra2018/e2618e22-9777-410c-b9a2-fc6d61585881', 'mdout.mdp']
