            --------------------------------------------------------
                             AMBER SQM VERSION 19
 
                                     By
              Ross C. Walker, Michael F. Crowley, Scott Brozell,
                         Tim Giese, Andreas W. Goetz,
                        Tai-Sung Lee and David A. Case
 
            --------------------------------------------------------
 

--------------------------------------------------------------------------------
  QM CALCULATION INFO
--------------------------------------------------------------------------------

| QMMM: Citation for AMBER QMMM Run:
| QMMM: R.C. Walker, M.F. Crowley and D.A. Case, J. COMP. CHEM. 29:1019, 2008

QMMM: SINGLET STATE CALCULATION
QMMM: RHF CALCULATION, NO. OF DOUBLY OCCUPIED LEVELS = 40

| QMMM: *** Selected Hamiltonian *** 
| QMMM: AM1         

| QMMM: *** Parameter sets in use ***
| QMMM: C : M.J.S.DEWAR et al. JACS, 107, 3902, (1985)
| QMMM: N : M.J.S.DEWAR et al. JACS, 107, 3902, (1985)
| QMMM: O : M.J.S.DEWAR et al. JACS, 107, 3902, (1985)
| QMMM: H : M.J.S.DEWAR et al. JACS, 107, 3902, (1985)

| QMMM: *** SCF convergence criteria ***
| QMMM: Energy change                :  0.1D-09 kcal/mol
| QMMM: Error matrix |FP-PF|         :  0.1D+00 au
| QMMM: Density matrix change        :  0.5D-06
| QMMM: Maximum number of SCF cycles :     1000

| QMMM: *** Diagonalization Routine Information ***
| QMMM: Pseudo diagonalizations are allowed.
| QMMM: Auto diagonalization routine selection is in use.
| QMMM:
| QMMM: Timing diagonalization routines:
| QMMM:                              norbs =       72
| QMMM:    diag iterations used for timing =       15
| QMMM:
| QMMM:              Internal diag routine = 0.020171 seconds
| QMMM:                 Dspev diag routine = 0.024825 seconds
| QMMM:                Dspevd diag routine = 0.020227 seconds
| QMMM:                Dspevx diag routine = 0.067513 seconds
| QMMM:                 Dsyev diag routine = 0.019933 seconds
| QMMM:                Dsyevd diag routine = 0.023954 seconds
| QMMM:                Dsyevr diag routine = 0.023527 seconds
| QMMM:
| QMMM:                Pseudo diag routine = 0.007419 seconds
| QMMM:
| QMMM: Using dsyev routine (diag_routine=5).

  QMMM: QM Region Cartesian Coordinates (*=link atom) 
  QMMM: QM_NO.   MM_NO.  ATOM         X         Y         Z
  QMMM:     1        1      C      -32.4460   -0.8500   49.4660
  QMMM:     2        2      N      -31.3730   -2.7240   48.2340
  QMMM:     3        3      O      -27.9770   -4.8820   46.8880
  QMMM:     4        4      C      -32.6080   -2.2710   48.9040
  QMMM:     5        5      N      -32.6600   -3.4530   46.2950
  QMMM:     6        6      O      -27.7700   -5.0950   49.9800
  QMMM:     7        7      C      -30.3620   -3.0910   49.2480
  QMMM:     8        8      O      -26.7070   -3.1260   49.3740
  QMMM:     9        9      C      -29.0130   -3.4540   48.6040
  QMMM:    10       10      C      -29.1920   -4.6230   47.6010
  QMMM:    11       11      C      -30.3350   -4.3480   46.6000
  QMMM:    12       12      C      -31.6280   -3.8410   47.2910
  QMMM:    13       13      C      -32.6380   -4.2290   45.0320
  QMMM:    14       14      C      -32.0760   -5.6510   45.2150
  QMMM:    15       15      C      -30.6300   -5.6100   45.7550
  QMMM:    16       16      C      -34.0280   -4.2510   44.3830
  QMMM:    17       17      C      -27.9630   -3.7080   49.7150
  QMMM:    18       18      H      -27.7630   -4.0980   46.3500
  QMMM:    19       19      H      -32.5900   -2.4600   46.0820
  QMMM:    20       20      H      -27.5110   -5.5100   49.1330
  QMMM:    21       21      H      -26.0990   -3.2790   50.1220

--------------------------------------------------------------------------------
  RESULTS
--------------------------------------------------------------------------------

      iter         sqm energy              rms gradient
      ----    -------------------    -----------------------
xmin    10      367.3898 kcal/mol        6.9815 kcal/(mol*A)
xmin    20      355.9700 kcal/mol        0.3847 kcal/(mol*A)
xmin    30      355.9141 kcal/mol        0.0116 kcal/(mol*A)
xmin    40      355.9140 kcal/mol        0.0018 kcal/(mol*A)
  ... geometry converged !
 
 Final MO eigenvalues (eV):
 -43.2982  -42.2480  -40.6436  -39.1561  -38.7344  -35.7456  -34.0061  -32.9669
 -30.0711  -29.0347  -26.4974  -25.2319  -24.6980  -22.9303  -21.8934  -21.2807
 -20.8620  -19.8859  -18.7701  -18.3436  -18.1890  -17.3996  -17.0845  -16.7732
 -16.2921  -16.0711  -16.0573  -15.1649  -15.0536  -14.4026  -13.0712  -12.8559
 -11.7463  -11.5085  -11.3938   -9.4331   -9.3049   -9.1958   -8.9076   -8.1692
  -2.2514   -2.0481   -1.6164   -0.7572   -0.5713    0.0326    0.2558    0.6241
   1.0968    1.2105    1.3991    1.8756    1.9470    2.1551    2.1703    2.7647
   3.0306    3.2982    3.3889    3.4804    3.7989    4.1066    4.1188    4.4316
   4.4816    4.5584    4.6519    4.9568    5.0534    5.9416    6.2108    8.7503


 Heat of formation   =        355.91402369 kcal/mol  (       15.43359020 eV)

 Total SCF energy    =     -67996.86230851 kcal/mol  (    -2948.56521003 eV)
 Electronic energy   =    -360617.50364456 kcal/mol  (   -15637.54839966 eV)
 Core-core repulsion =     292620.64133605 kcal/mol  (    12688.98318963 eV)
 
    Atomic Charges for Step       1 :
  Atom    Element       Mulliken Charge
     1      C                 -0.035
     2      N                  0.103
     3      O                 -0.282
     4      C                 -0.628
     5      N                 -0.206
     6      O                 -0.284
     7      C                  0.050
     8      O                 -0.153
     9      C                 -0.344
    10      C                  0.217
    11      C                 -0.154
    12      C                  0.212
    13      C                 -0.142
    14      C                 -0.116
    15      C                 -0.095
    16      C                  0.289
    17      C                  0.423
    18      H                  0.267
    19      H                  0.310
    20      H                  0.300
    21      H                  0.269
 Total Mulliken Charge =       0.000
 
                  X        Y        Z     TOTAL  
  QM DIPOLE     9.795   -7.543   -3.264   12.787
 
 Final Structure

  QMMM: QM Region Cartesian Coordinates (*=link atom) 
  QMMM: QM_NO.   MM_NO.  ATOM         X         Y         Z
  QMMM:     1        1      C      -33.1040   -1.2405   49.0832
  QMMM:     2        2      N      -31.1689   -2.8060   48.3306
  QMMM:     3        3      O      -28.0802   -5.3696   47.0365
  QMMM:     4        4      C      -32.1959   -1.9875   48.7123
  QMMM:     5        5      N      -32.5474   -3.3950   46.4277
  QMMM:     6        6      O      -26.6915   -4.5432   49.2869
  QMMM:     7        7      C      -30.0273   -2.9171   49.0493
  QMMM:     8        8      O      -27.7166   -3.1061   50.5556
  QMMM:     9        9      C      -28.9570   -3.7903   48.6226
  QMMM:    10       10      C      -29.1041   -4.5521   47.4191
  QMMM:    11       11      C      -30.2666   -4.4351   46.6928
  QMMM:    12       12      C      -31.3695   -3.5333   47.1354
  QMMM:    13       13      C      -32.8492   -4.0877   45.2043
  QMMM:    14       14      C      -31.7291   -4.9134   44.8838
  QMMM:    15       15      C      -30.6749   -5.0531   45.4944
  QMMM:    16       16      C      -33.9514   -4.0375   44.4286
  QMMM:    17       17      C      -27.8229   -3.8308   49.4367
  QMMM:    18       18      H      -28.3202   -5.8203   46.2070
  QMMM:    19       19      H      -33.2471   -2.7648   46.7917
  QMMM:    20       20      H      -26.6946   -5.1001   48.4875
  QMMM:    21       21      H      -26.8506   -3.2706   50.9860

           --------- Calculation Completed ----------

