2025-10-28 16:53:00,095 [MainThread  ] [INFO ]  Module: biobb_structure_utils.utils.extract_molecule Version: 5.1.0
2025-10-28 16:53:00,096 [MainThread  ] [INFO ]  /host_pwd/levparc1999C/sandbox_2899e6f8-cdc4-453a-a20c-b42f5e4c0b15 directory successfully created
2025-10-28 16:53:00,179 [MainThread  ] [INFO ]  Copy: /host_pwd/levparc1999C/levparc1999C.pdb to /host_pwd/levparc1999C/sandbox_2899e6f8-cdc4-453a-a20c-b42f5e4c0b15
2025-10-28 16:53:00,255 [MainThread  ] [INFO ]  Creating 20593a92-1fea-407c-b7d3-e84be6cdc5f8 temporary folder
2025-10-28 16:53:00,333 [MainThread  ] [INFO ]  check_structure -i /host_pwd/levparc1999C/levparc1999C.pdb -o prot_levparc1999C.pdb --force_save --non_interactive command_list --list 20593a92-1fea-407c-b7d3-e84be6cdc5f8/extract_prot.lst

2025-10-28 16:53:03,727 [MainThread  ] [INFO ]  Executing: check_structure -i /host_pwd/levparc1999C/levparc1999C.pdb -o prot_levparc1999C....
2025-10-28 16:53:03,727 [MainThread  ] [INFO ]  Exit code: 0
2025-10-28 16:53:03,727 [MainThread  ] [INFO ]  ================================================================================
=                   BioBB structure checking utility v3.15.6                   =
=            P. Andrio, A. Hospital, G. Bayarri, J.L. Gelpi 2018-23            =
================================================================================

Warning: sequence features may not be available, use --sequence for  external fasta input
Structure /host_pwd/levparc1999C/levparc1999C.pdb loaded
 PDB id:  
 Title: 
 Experimental method: unknown
 Resolution (A): N.A.

 Num. models: 1
 Num. chains: 3 ( : Unknown, A: Protein, B: Protein)
 Num. residues:  1431
 Num. residues with ins. codes:  0
 Num. residues with H atoms: 1431 (total 1462 H atoms)
 Num. HETATM residues:  1
 Num. ligands or modified residues:  1
 Num. water mol.:  0
 Num. atoms:  12588
Small mol ligands found
LEV  1

Step 1: ligands --remove All

Running ligands. Options: --remove All
Detected 1 Ligands
 LEV  1
Ligands removed All (1)

Step 2: water --remove Yes

Running water. Options: --remove Yes
No water molecules found
Command list completed
Final Num. models: 1
Final Num. chains: 3 ( : Water, A: Protein, B: Protein)
Final Num. residues:  1430
Final Num. residues with ins. codes:  0
Final Num. residues with H atoms: 1430 (total 1430 H atoms)
Final Num. HETATM residues:  0
Final Num. ligands or modified residues:  0
Final Num. water mol.:  0
Final Num. atoms:  12530
Structure saved on prot_levparc1999C.pdb

2025-10-28 16:53:03,731 [MainThread  ] [INFO ]  Removed: ['/host_pwd/levparc1999C/sandbox_2899e6f8-cdc4-453a-a20c-b42f5e4c0b15']
2025-10-28 16:53:03,731 [MainThread  ] [INFO ]  
