AutoDock Vina 7ac2999-mod
#################################################################
# If you used AutoDock Vina in your work, please cite:          #
#                                                               #
# J. Eberhardt, D. Santos-Martins, A. F. Tillack, and S. Forli  #
# AutoDock Vina 1.2.0: New Docking Methods, Expanded Force      #
# Field, and Python Bindings, J. Chem. Inf. Model. (2021)       #
# DOI 10.1021/acs.jcim.1c00203                                  #
#                                                               #
# O. Trott, A. J. Olson,                                        #
# AutoDock Vina: improving the speed and accuracy of docking    #
# with a new scoring function, efficient optimization and       #
# multithreading, J. Comp. Chem. (2010)                         #
# DOI 10.1002/jcc.21334                                         #
#                                                               #
# Please see https://github.com/ccsb-scripps/AutoDock-Vina for  #
# more information.                                             #
#################################################################

Scoring function : vina
Rigid receptor: 1fkb_protein_h.pdbqt
Ligand: rap.pdbqt
Grid center: X 10.3579 Y 9.56933 Z 9.83422
Grid size  : X 30 Y 30 Z 30
Grid space : 0.375
Exhaustiveness: 8
CPU: 16
Verbosity: 1

Computing Vina grid ... done.
WARNING: At low exhaustiveness, it may be impossible to utilize all CPUs.
Performing docking (random seed: -1005142972) ... 
0%   10   20   30   40   50   60   70   80   90   100%
|----|----|----|----|----|----|----|----|----|----|
***************************************************

mode |   affinity | dist from best mode
     | (kcal/mol) | rmsd l.b.| rmsd u.b.
-----+------------+----------+----------
   1       -10.81          0          0
   2       -10.57      1.259      1.487
   3       -7.147      6.885      13.56
   4       -6.785      6.356      11.43
   5       -6.631      7.098      12.28
   6       -6.547      2.857      8.049
   7       -6.314      2.945      8.913
   8       -6.309      4.774      10.34
   9       -6.156      3.205      9.058
