2025-11-04 04:36:30,004 [MainThread  ] [INFO ]                  :-) GROMACS - gmx genion, 2024.5-conda_forge (-:

Executable:   /usr/local/bin.AVX2_256/gmx
Data prefix:  /usr/local
Working dir:  /host_pwd/ndxparc2015C
Command line:
  gmx -nobackup -nocopyright genion -s /host_pwd/ndxparc2015C/sandbox_e81e7352-e6ee-44d5-8286-6d7aefdf7114/prot_ndxparc2015C_NDX_complex_gppion.tpr -o /host_pwd/ndxparc2015C/sandbox_e81e7352-e6ee-44d5-8286-6d7aefdf7114/prot_ndxparc2015C_NDX_genion.gro -p 0906a759-e32f-4455-9268-d86279017707/ligand.top -neutral -seed 1993

Reading file /host_pwd/ndxparc2015C/sandbox_e81e7352-e6ee-44d5-8286-6d7aefdf7114/prot_ndxparc2015C_NDX_complex_gppion.tpr, VERSION 2024.5-conda_forge (single precision)
Reading file /host_pwd/ndxparc2015C/sandbox_e81e7352-e6ee-44d5-8286-6d7aefdf7114/prot_ndxparc2015C_NDX_complex_gppion.tpr, VERSION 2024.5-conda_forge (single precision)
Group     0 (         System) has 1545300 elements
Group     1 (        Protein) has 22354 elements
Group     2 (      Protein-H) has 11100 elements
Group     3 (        C-alpha) has  1430 elements
Group     4 (       Backbone) has  4290 elements
Group     5 (      MainChain) has  5722 elements
Group     6 (   MainChain+Cb) has  7036 elements
Group     7 (    MainChain+H) has  7072 elements
Group     8 (      SideChain) has 15282 elements
Group     9 (    SideChain-H) has  5378 elements
Group    10 (    Prot-Masses) has 22354 elements
Group    11 (    non-Protein) has 1522946 elements
Group    12 (          Other) has    41 elements
Group    13 (            NDX) has    41 elements
Group    14 (          Water) has 1522905 elements
Group    15 (            SOL) has 1522905 elements
Group    16 (      non-Water) has 22395 elements
Select a group: Number of (3-atomic) solvent molecules: 507635
Using random seed 1993.
Replacing solvent molecule 445720 (atom 1359555) with NA
Replacing solvent molecule 215728 (atom 669579) with NA
Replacing solvent molecule 165234 (atom 518097) with NA
Replacing solvent molecule 488090 (atom 1486665) with NA
Replacing solvent molecule 367455 (atom 1124760) with NA
Replacing solvent molecule 168877 (atom 529026) with NA
Replacing solvent molecule 435357 (atom 1328466) with NA
Replacing solvent molecule 103888 (atom 334059) with NA
Replacing solvent molecule 307619 (atom 945252) with NA
Replacing solvent molecule 245912 (atom 760131) with NA
Replacing solvent molecule 81881 (atom 268038) with NA
Replacing solvent molecule 393801 (atom 1203798) with NA
Replacing solvent molecule 472587 (atom 1440156) with NA
Replacing solvent molecule 369617 (atom 1131246) with NA


GROMACS reminds you: "Teemu [Murtola] keeps beating our code, but that's fine because he's always right." (Berk Hess)


