2025-04-30 19:28:02,139 [MainThread  ] [INFO ]  Executing biobb_gromacs.gromacs.editconf Version: 4.2.0
2025-04-30 19:28:02,147 [MainThread  ] [INFO ]  Copy: prot_pbppen1999C_PEN_H.pdb to /home/arunima/gitrepos/gromacs_sims/Antimicrobial_Peptides/Pseudomonas_antibiotics/simulation/pbppen1999C/a359b639-5b10-4764-abff-284ef7742fbc
2025-04-30 19:28:02,147 [MainThread  ] [INFO ]  Distance of the box to molecule:   0.80
2025-04-30 19:28:02,147 [MainThread  ] [INFO ]  Centering molecule in the box.
2025-04-30 19:28:02,147 [MainThread  ] [INFO ]  Box type: octahedron
2025-04-30 19:28:02,147 [MainThread  ] [INFO ]  gmx -nobackup -nocopyright editconf -f /home/arunima/gitrepos/gromacs_sims/Antimicrobial_Peptides/Pseudomonas_antibiotics/simulation/pbppen1999C/a359b639-5b10-4764-abff-284ef7742fbc/prot_pbppen1999C_PEN_H.pdb -o /home/arunima/gitrepos/gromacs_sims/Antimicrobial_Peptides/Pseudomonas_antibiotics/simulation/pbppen1999C/a359b639-5b10-4764-abff-284ef7742fbc/prot_pbppen1999C_PEN_complex_editconf.gro -bt octahedron -d 0.8 -c

2025-04-30 19:28:02,331 [MainThread  ] [INFO ]  Exit code 0

2025-04-30 19:28:02,331 [MainThread  ] [INFO ]  Note that major changes are planned in future for editconf, to improve usability and utility.
Read 10242 atoms
Volume: 3634.84 nm^3, corresponds to roughly 1635600 electrons
No velocities found
    system size : 17.252  7.889 13.191 (nm)
    diameter    : 21.691               (nm)
    center      : -1.031  0.245  0.055 (nm)
    box vectors : 14.644 20.082 12.360 (nm)
    box angles  :  90.00  90.00  90.00 (degrees)
    box volume  :3634.84               (nm^3)
    shift       : 12.677 16.224  9.453 (nm)
new center      : 11.645 16.469  9.508 (nm)
new box vectors : 23.291 23.291 23.291 (nm)
new box angles  :  70.53 109.47  70.53 (degrees)
new box volume  :9725.61               (nm^3)

2025-04-30 19:28:02,353 [MainThread  ] [INFO ]  Removed: ['/home/arunima/gitrepos/gromacs_sims/Antimicrobial_Peptides/Pseudomonas_antibiotics/simulation/pbppen1999C/a359b639-5b10-4764-abff-284ef7742fbc']
