2025-04-30 19:54:19,754 [MainThread  ] [INFO ]  Executing biobb_gromacs.gromacs.grompp Version: 4.2.0
2025-04-30 19:54:19,872 [MainThread  ] [INFO ]  Copy: prot_pbppen1999C_PEN_min.gro to /home/arunima/gitrepos/gromacs_sims/Antimicrobial_Peptides/Pseudomonas_antibiotics/simulation/pbppen1999C/c58eee0c-7f69-49d0-8d64-27fc2dac5181
2025-04-30 19:54:19,975 [MainThread  ] [INFO ]  Copy: prot_pbppen1999C_PEN_index.ndx to /home/arunima/gitrepos/gromacs_sims/Antimicrobial_Peptides/Pseudomonas_antibiotics/simulation/pbppen1999C/c58eee0c-7f69-49d0-8d64-27fc2dac5181
2025-04-30 19:54:19,999 [MainThread  ] [INFO ]  Extracting: /home/arunima/gitrepos/gromacs_sims/Antimicrobial_Peptides/Pseudomonas_antibiotics/simulation/pbppen1999C/prot_pbppen1999C_PEN_genion_top.zip
2025-04-30 19:54:19,999 [MainThread  ] [INFO ]  to:
2025-04-30 19:54:19,999 [MainThread  ] [INFO ]  ['/home/arunima/gitrepos/gromacs_sims/Antimicrobial_Peptides/Pseudomonas_antibiotics/simulation/pbppen1999C/c58eee0c-7f69-49d0-8d64-27fc2dac5181/PEN_posres.itp', '/home/arunima/gitrepos/gromacs_sims/Antimicrobial_Peptides/Pseudomonas_antibiotics/simulation/pbppen1999C/c58eee0c-7f69-49d0-8d64-27fc2dac5181/PENparams.itp', '/home/arunima/gitrepos/gromacs_sims/Antimicrobial_Peptides/Pseudomonas_antibiotics/simulation/pbppen1999C/c58eee0c-7f69-49d0-8d64-27fc2dac5181/ligand.top', '/home/arunima/gitrepos/gromacs_sims/Antimicrobial_Peptides/Pseudomonas_antibiotics/simulation/pbppen1999C/c58eee0c-7f69-49d0-8d64-27fc2dac5181/posre.itp']
2025-04-30 19:54:19,999 [MainThread  ] [INFO ]  Unzipping: 
2025-04-30 19:54:19,999 [MainThread  ] [INFO ]  prot_pbppen1999C_PEN_genion_top.zip
2025-04-30 19:54:19,999 [MainThread  ] [INFO ]  To: 
2025-04-30 19:54:19,999 [MainThread  ] [INFO ]  /home/arunima/gitrepos/gromacs_sims/Antimicrobial_Peptides/Pseudomonas_antibiotics/simulation/pbppen1999C/c58eee0c-7f69-49d0-8d64-27fc2dac5181/PEN_posres.itp
2025-04-30 19:54:19,999 [MainThread  ] [INFO ]  /home/arunima/gitrepos/gromacs_sims/Antimicrobial_Peptides/Pseudomonas_antibiotics/simulation/pbppen1999C/c58eee0c-7f69-49d0-8d64-27fc2dac5181/PENparams.itp
2025-04-30 19:54:19,999 [MainThread  ] [INFO ]  /home/arunima/gitrepos/gromacs_sims/Antimicrobial_Peptides/Pseudomonas_antibiotics/simulation/pbppen1999C/c58eee0c-7f69-49d0-8d64-27fc2dac5181/ligand.top
2025-04-30 19:54:19,999 [MainThread  ] [INFO ]  /home/arunima/gitrepos/gromacs_sims/Antimicrobial_Peptides/Pseudomonas_antibiotics/simulation/pbppen1999C/c58eee0c-7f69-49d0-8d64-27fc2dac5181/posre.itp
2025-04-30 19:54:20,001 [MainThread  ] [INFO ]  gmx -nobackup -nocopyright grompp -f /home/arunima/gitrepos/gromacs_sims/Antimicrobial_Peptides/Pseudomonas_antibiotics/simulation/pbppen1999C/c58eee0c-7f69-49d0-8d64-27fc2dac5181/grompp.mdp -c /home/arunima/gitrepos/gromacs_sims/Antimicrobial_Peptides/Pseudomonas_antibiotics/simulation/pbppen1999C/c58eee0c-7f69-49d0-8d64-27fc2dac5181/prot_pbppen1999C_PEN_min.gro -r /home/arunima/gitrepos/gromacs_sims/Antimicrobial_Peptides/Pseudomonas_antibiotics/simulation/pbppen1999C/c58eee0c-7f69-49d0-8d64-27fc2dac5181/prot_pbppen1999C_PEN_min.gro -p /home/arunima/gitrepos/gromacs_sims/Antimicrobial_Peptides/Pseudomonas_antibiotics/simulation/pbppen1999C/c58eee0c-7f69-49d0-8d64-27fc2dac5181/ligand.top -o /home/arunima/gitrepos/gromacs_sims/Antimicrobial_Peptides/Pseudomonas_antibiotics/simulation/pbppen1999C/c58eee0c-7f69-49d0-8d64-27fc2dac5181/prot_pbppen1999C_PENgppnvt.tpr -po mdout.mdp -maxwarn 10 -n /home/arunima/gitrepos/gromacs_sims/Antimicrobial_Peptides/Pseudomonas_antibiotics/simulation/pbppen1999C/c58eee0c-7f69-49d0-8d64-27fc2dac5181/prot_pbppen1999C_PEN_index.ndx

2025-04-30 19:54:28,411 [MainThread  ] [INFO ]  Exit code 0

2025-04-30 19:54:28,412 [MainThread  ] [INFO ]  Setting the LD random seed to 2142237941

Generated 3081 of the 3081 non-bonded parameter combinations

Generated 3081 of the 3081 1-4 parameter combinations

Excluding 3 bonded neighbours molecule type 'Protein_chain_A'

turning H bonds into constraints...

Excluding 3 bonded neighbours molecule type 'PENparams'

turning H bonds into constraints...

Excluding 2 bonded neighbours molecule type 'SOL'

turning H bonds into constraints...

Excluding 1 bonded neighbours molecule type 'CL'

turning H bonds into constraints...

Setting gen_seed to 2107260543

Velocities were taken from a Maxwell distribution at 300 K

The largest distance between excluded atoms is 0.421 nm between atom 7300 and 7307

Determining Verlet buffer for a tolerance of 0.005 kJ/mol/ps at 300 K

Calculated rlist for 1x1 atom pair-list as 1.036 nm, buffer size 0.036 nm

Set rlist, assuming 4x4 atom pair-list, to 1.000 nm, buffer size 0.000 nm

Note that mdrun will redetermine rlist based on the actual pair-list setup
Calculating fourier grid dimensions for X Y Z
Using a fourier grid of 200x200x200, spacing 0.116 0.116 0.116

Estimate for the relative computational load of the PME mesh part: 0.30

2025-04-30 19:54:28,535 [MainThread  ] [INFO ]  Removed: ['/home/arunima/gitrepos/gromacs_sims/Antimicrobial_Peptides/Pseudomonas_antibiotics/simulation/pbppen1999C/c58eee0c-7f69-49d0-8d64-27fc2dac5181', 'mdout.mdp']
