2025-04-29 01:06:02,556 [MainThread  ] [INFO ]  Executing biobb_gromacs.gromacs.genion Version: 4.2.0
2025-04-29 01:06:02,588 [MainThread  ] [INFO ]  Copy: prot_levgyra2018C_LEV_complex_gppion.tpr to /home/arunima/gitrepos/gromacs_sims/Antimicrobial_Peptides/Pseudomonas_antibiotics/simulation/levgyra2018C/7ed86d5f-82a1-4463-ac2d-f30b105bb759
2025-04-29 01:06:02,591 [MainThread  ] [INFO ]  Copy: /home/arunima/gitrepos/gromacs_sims/Antimicrobial_Peptides/Pseudomonas_antibiotics/simulation/levgyra2018C/4fd7b9d3-d2d4-4714-8a59-fc0a0381e38b.stdin to /home/arunima/gitrepos/gromacs_sims/Antimicrobial_Peptides/Pseudomonas_antibiotics/simulation/levgyra2018C/7ed86d5f-82a1-4463-ac2d-f30b105bb759
2025-04-29 01:06:02,618 [MainThread  ] [INFO ]  Extracting: /home/arunima/gitrepos/gromacs_sims/Antimicrobial_Peptides/Pseudomonas_antibiotics/simulation/levgyra2018C/prot_levgyra2018C_LEV_solvate_top.zip
2025-04-29 01:06:02,618 [MainThread  ] [INFO ]  to:
2025-04-29 01:06:02,619 [MainThread  ] [INFO ]  ['5ca3abd5-9559-427f-816d-88db102f29c2/LEV_posres.itp', '5ca3abd5-9559-427f-816d-88db102f29c2/LEVparams.itp', '5ca3abd5-9559-427f-816d-88db102f29c2/ligand.top', '5ca3abd5-9559-427f-816d-88db102f29c2/posre.itp']
2025-04-29 01:06:02,619 [MainThread  ] [INFO ]  Unzipping: 
2025-04-29 01:06:02,619 [MainThread  ] [INFO ]  prot_levgyra2018C_LEV_solvate_top.zip
2025-04-29 01:06:02,619 [MainThread  ] [INFO ]  To: 
2025-04-29 01:06:02,619 [MainThread  ] [INFO ]  5ca3abd5-9559-427f-816d-88db102f29c2/LEV_posres.itp
2025-04-29 01:06:02,619 [MainThread  ] [INFO ]  5ca3abd5-9559-427f-816d-88db102f29c2/LEVparams.itp
2025-04-29 01:06:02,619 [MainThread  ] [INFO ]  5ca3abd5-9559-427f-816d-88db102f29c2/ligand.top
2025-04-29 01:06:02,619 [MainThread  ] [INFO ]  5ca3abd5-9559-427f-816d-88db102f29c2/posre.itp
2025-04-29 01:06:02,619 [MainThread  ] [INFO ]  gmx -nobackup -nocopyright genion -s /home/arunima/gitrepos/gromacs_sims/Antimicrobial_Peptides/Pseudomonas_antibiotics/simulation/levgyra2018C/7ed86d5f-82a1-4463-ac2d-f30b105bb759/prot_levgyra2018C_LEV_complex_gppion.tpr -o /home/arunima/gitrepos/gromacs_sims/Antimicrobial_Peptides/Pseudomonas_antibiotics/simulation/levgyra2018C/7ed86d5f-82a1-4463-ac2d-f30b105bb759/prot_levgyra2018C_LEV_genion.gro -p 5ca3abd5-9559-427f-816d-88db102f29c2/ligand.top -neutral -seed 1993 < /home/arunima/gitrepos/gromacs_sims/Antimicrobial_Peptides/Pseudomonas_antibiotics/simulation/levgyra2018C/7ed86d5f-82a1-4463-ac2d-f30b105bb759/4fd7b9d3-d2d4-4714-8a59-fc0a0381e38b.stdin

2025-04-29 01:06:03,594 [MainThread  ] [INFO ]  Exit code 0

2025-04-29 01:06:03,595 [MainThread  ] [INFO ]  Will try to add 42 NA ions and 0 CL ions.
Select a continuous group of solvent molecules
Selected 15: 'SOL'

Processing topology
Replacing 42 solute molecules in topology file (5ca3abd5-9559-427f-816d-88db102f29c2/ligand.top)  by 42 NA and 0 CL ions.

2025-04-29 01:06:03,649 [MainThread  ] [INFO ]  Compressing topology to: /home/arunima/gitrepos/gromacs_sims/Antimicrobial_Peptides/Pseudomonas_antibiotics/simulation/levgyra2018C/7ed86d5f-82a1-4463-ac2d-f30b105bb759/prot_levgyra2018C_LEV_genion_top.zip
2025-04-29 01:06:03,651 [MainThread  ] [INFO ]  Ignored file 5ca3abd5-9559-427f-816d-88db102f29c2/amber99sb-ildn.ff/forcefield.itp
2025-04-29 01:06:03,695 [MainThread  ] [INFO ]  Ignored file 5ca3abd5-9559-427f-816d-88db102f29c2/amber99sb-ildn.ff/spce.itp
2025-04-29 01:06:03,695 [MainThread  ] [INFO ]  Ignored file 5ca3abd5-9559-427f-816d-88db102f29c2/amber99sb-ildn.ff/ions.itp
2025-04-29 01:06:03,716 [MainThread  ] [INFO ]  Adding:
2025-04-29 01:06:03,716 [MainThread  ] [INFO ]  ['5ca3abd5-9559-427f-816d-88db102f29c2/LEV_posres.itp', '5ca3abd5-9559-427f-816d-88db102f29c2/LEVparams.itp', '5ca3abd5-9559-427f-816d-88db102f29c2/ligand.top', '5ca3abd5-9559-427f-816d-88db102f29c2/posre.itp']
2025-04-29 01:06:03,716 [MainThread  ] [INFO ]  to: /home/arunima/gitrepos/gromacs_sims/Antimicrobial_Peptides/Pseudomonas_antibiotics/simulation/levgyra2018C/prot_levgyra2018C_LEV_genion_top.zip
2025-04-29 01:06:03,720 [MainThread  ] [INFO ]  Removed: ['5ca3abd5-9559-427f-816d-88db102f29c2/LEVparams.itp', '5ca3abd5-9559-427f-816d-88db102f29c2/LEV_posres.itp', '5ca3abd5-9559-427f-816d-88db102f29c2/posre.itp', '5ca3abd5-9559-427f-816d-88db102f29c2/ligand.top']
2025-04-29 01:06:03,738 [MainThread  ] [INFO ]  Removed: ['/home/arunima/gitrepos/gromacs_sims/Antimicrobial_Peptides/Pseudomonas_antibiotics/simulation/levgyra2018C/7ed86d5f-82a1-4463-ac2d-f30b105bb759', '5ca3abd5-9559-427f-816d-88db102f29c2', '/home/arunima/gitrepos/gromacs_sims/Antimicrobial_Peptides/Pseudomonas_antibiotics/simulation/levgyra2018C/4fd7b9d3-d2d4-4714-8a59-fc0a0381e38b.stdin']
