2025-04-29 01:30:08,463 [MainThread  ] [INFO ]  Executing biobb_gromacs.gromacs.grompp Version: 4.2.0
2025-04-29 01:30:08,522 [MainThread  ] [INFO ]  Copy: prot_levgyra2018C_LEV_min.gro to /home/arunima/gitrepos/gromacs_sims/Antimicrobial_Peptides/Pseudomonas_antibiotics/simulation/levgyra2018C/3acc7be3-2929-4360-963c-e0f0e7d0b87b
2025-04-29 01:30:08,565 [MainThread  ] [INFO ]  Copy: prot_levgyra2018C_LEV_index.ndx to /home/arunima/gitrepos/gromacs_sims/Antimicrobial_Peptides/Pseudomonas_antibiotics/simulation/levgyra2018C/3acc7be3-2929-4360-963c-e0f0e7d0b87b
2025-04-29 01:30:08,594 [MainThread  ] [INFO ]  Extracting: /home/arunima/gitrepos/gromacs_sims/Antimicrobial_Peptides/Pseudomonas_antibiotics/simulation/levgyra2018C/prot_levgyra2018C_LEV_genion_top.zip
2025-04-29 01:30:08,594 [MainThread  ] [INFO ]  to:
2025-04-29 01:30:08,594 [MainThread  ] [INFO ]  ['/home/arunima/gitrepos/gromacs_sims/Antimicrobial_Peptides/Pseudomonas_antibiotics/simulation/levgyra2018C/3acc7be3-2929-4360-963c-e0f0e7d0b87b/LEV_posres.itp', '/home/arunima/gitrepos/gromacs_sims/Antimicrobial_Peptides/Pseudomonas_antibiotics/simulation/levgyra2018C/3acc7be3-2929-4360-963c-e0f0e7d0b87b/LEVparams.itp', '/home/arunima/gitrepos/gromacs_sims/Antimicrobial_Peptides/Pseudomonas_antibiotics/simulation/levgyra2018C/3acc7be3-2929-4360-963c-e0f0e7d0b87b/ligand.top', '/home/arunima/gitrepos/gromacs_sims/Antimicrobial_Peptides/Pseudomonas_antibiotics/simulation/levgyra2018C/3acc7be3-2929-4360-963c-e0f0e7d0b87b/posre.itp']
2025-04-29 01:30:08,594 [MainThread  ] [INFO ]  Unzipping: 
2025-04-29 01:30:08,594 [MainThread  ] [INFO ]  prot_levgyra2018C_LEV_genion_top.zip
2025-04-29 01:30:08,594 [MainThread  ] [INFO ]  To: 
2025-04-29 01:30:08,594 [MainThread  ] [INFO ]  /home/arunima/gitrepos/gromacs_sims/Antimicrobial_Peptides/Pseudomonas_antibiotics/simulation/levgyra2018C/3acc7be3-2929-4360-963c-e0f0e7d0b87b/LEV_posres.itp
2025-04-29 01:30:08,594 [MainThread  ] [INFO ]  /home/arunima/gitrepos/gromacs_sims/Antimicrobial_Peptides/Pseudomonas_antibiotics/simulation/levgyra2018C/3acc7be3-2929-4360-963c-e0f0e7d0b87b/LEVparams.itp
2025-04-29 01:30:08,594 [MainThread  ] [INFO ]  /home/arunima/gitrepos/gromacs_sims/Antimicrobial_Peptides/Pseudomonas_antibiotics/simulation/levgyra2018C/3acc7be3-2929-4360-963c-e0f0e7d0b87b/ligand.top
2025-04-29 01:30:08,594 [MainThread  ] [INFO ]  /home/arunima/gitrepos/gromacs_sims/Antimicrobial_Peptides/Pseudomonas_antibiotics/simulation/levgyra2018C/3acc7be3-2929-4360-963c-e0f0e7d0b87b/posre.itp
2025-04-29 01:30:08,595 [MainThread  ] [INFO ]  gmx -nobackup -nocopyright grompp -f /home/arunima/gitrepos/gromacs_sims/Antimicrobial_Peptides/Pseudomonas_antibiotics/simulation/levgyra2018C/3acc7be3-2929-4360-963c-e0f0e7d0b87b/grompp.mdp -c /home/arunima/gitrepos/gromacs_sims/Antimicrobial_Peptides/Pseudomonas_antibiotics/simulation/levgyra2018C/3acc7be3-2929-4360-963c-e0f0e7d0b87b/prot_levgyra2018C_LEV_min.gro -r /home/arunima/gitrepos/gromacs_sims/Antimicrobial_Peptides/Pseudomonas_antibiotics/simulation/levgyra2018C/3acc7be3-2929-4360-963c-e0f0e7d0b87b/prot_levgyra2018C_LEV_min.gro -p /home/arunima/gitrepos/gromacs_sims/Antimicrobial_Peptides/Pseudomonas_antibiotics/simulation/levgyra2018C/3acc7be3-2929-4360-963c-e0f0e7d0b87b/ligand.top -o /home/arunima/gitrepos/gromacs_sims/Antimicrobial_Peptides/Pseudomonas_antibiotics/simulation/levgyra2018C/3acc7be3-2929-4360-963c-e0f0e7d0b87b/prot_levgyra2018C_LEVgppnvt.tpr -po mdout.mdp -maxwarn 10 -n /home/arunima/gitrepos/gromacs_sims/Antimicrobial_Peptides/Pseudomonas_antibiotics/simulation/levgyra2018C/3acc7be3-2929-4360-963c-e0f0e7d0b87b/prot_levgyra2018C_LEV_index.ndx

2025-04-29 01:30:13,267 [MainThread  ] [INFO ]  Exit code 0

2025-04-29 01:30:13,268 [MainThread  ] [INFO ]  Setting the LD random seed to 1450541055

Generated 2850 of the 2850 non-bonded parameter combinations

Generated 2850 of the 2850 1-4 parameter combinations

Excluding 3 bonded neighbours molecule type 'Protein_chain_A'

turning H bonds into constraints...

Excluding 3 bonded neighbours molecule type 'LEVparams'

turning H bonds into constraints...

Excluding 2 bonded neighbours molecule type 'SOL'

turning H bonds into constraints...

Excluding 1 bonded neighbours molecule type 'NA'

turning H bonds into constraints...

Setting gen_seed to -12615937

Velocities were taken from a Maxwell distribution at 300 K

The largest distance between excluded atoms is 0.426 nm between atom 11968 and 11976

Determining Verlet buffer for a tolerance of 0.005 kJ/mol/ps at 300 K

Calculated rlist for 1x1 atom pair-list as 1.036 nm, buffer size 0.036 nm

Set rlist, assuming 4x4 atom pair-list, to 1.000 nm, buffer size 0.000 nm

Note that mdrun will redetermine rlist based on the actual pair-list setup
Calculating fourier grid dimensions for X Y Z
Using a fourier grid of 160x160x160, spacing 0.113 0.113 0.113

Estimate for the relative computational load of the PME mesh part: 0.30

This run will generate roughly 1194 Mb of data

2025-04-29 01:30:13,339 [MainThread  ] [INFO ]  Removed: ['/home/arunima/gitrepos/gromacs_sims/Antimicrobial_Peptides/Pseudomonas_antibiotics/simulation/levgyra2018C/3acc7be3-2929-4360-963c-e0f0e7d0b87b', 'mdout.mdp']
