2025-06-09 10:36:41,379 [MainThread  ] [INFO ]  Executing biobb_gromacs.gromacs_extra.append_ligand Version: 4.2.0
2025-06-09 10:36:41,462 [MainThread  ] [INFO ]  Extracting: /home/arunima/gitrepos/gromacs_sims/E6_E6AP_Sildenafil/E6_E6AP/E6E6AP_VIA_MD/prot_E6E6AP_VIA_complex_pdb2gmx_top.zip
2025-06-09 10:36:41,462 [MainThread  ] [INFO ]  to:
2025-06-09 10:36:41,462 [MainThread  ] [INFO ]  ['c7fc4dc9-7d6b-4524-bc8b-725439956a1a/p2g.top', 'c7fc4dc9-7d6b-4524-bc8b-725439956a1a/p2g_Protein_chain_A.itp', 'c7fc4dc9-7d6b-4524-bc8b-725439956a1a/p2g_Protein_chain_F.itp', 'c7fc4dc9-7d6b-4524-bc8b-725439956a1a/posre_Protein_chain_A.itp', 'c7fc4dc9-7d6b-4524-bc8b-725439956a1a/posre_Protein_chain_F.itp']
2025-06-09 10:36:41,462 [MainThread  ] [INFO ]  Unzipping: 
2025-06-09 10:36:41,463 [MainThread  ] [INFO ]  prot_E6E6AP_VIA_complex_pdb2gmx_top.zip
2025-06-09 10:36:41,463 [MainThread  ] [INFO ]  To: 
2025-06-09 10:36:41,463 [MainThread  ] [INFO ]  c7fc4dc9-7d6b-4524-bc8b-725439956a1a/p2g.top
2025-06-09 10:36:41,463 [MainThread  ] [INFO ]  c7fc4dc9-7d6b-4524-bc8b-725439956a1a/p2g_Protein_chain_A.itp
2025-06-09 10:36:41,463 [MainThread  ] [INFO ]  c7fc4dc9-7d6b-4524-bc8b-725439956a1a/p2g_Protein_chain_F.itp
2025-06-09 10:36:41,463 [MainThread  ] [INFO ]  c7fc4dc9-7d6b-4524-bc8b-725439956a1a/posre_Protein_chain_A.itp
2025-06-09 10:36:41,463 [MainThread  ] [INFO ]  c7fc4dc9-7d6b-4524-bc8b-725439956a1a/posre_Protein_chain_F.itp
2025-06-09 10:36:41,475 [MainThread  ] [INFO ]  Compressing topology to: prot_E6E6AP_VIA_complex_VIA_complex.top.zip
2025-06-09 10:36:41,476 [MainThread  ] [INFO ]  Ignored file c7fc4dc9-7d6b-4524-bc8b-725439956a1a/amber99sb-ildn.ff/forcefield.itp
2025-06-09 10:36:41,522 [MainThread  ] [INFO ]  Ignored file c7fc4dc9-7d6b-4524-bc8b-725439956a1a/amber99sb-ildn.ff/spce.itp
2025-06-09 10:36:41,523 [MainThread  ] [INFO ]  Ignored file c7fc4dc9-7d6b-4524-bc8b-725439956a1a/amber99sb-ildn.ff/ions.itp
2025-06-09 10:36:41,539 [MainThread  ] [INFO ]  Adding:
2025-06-09 10:36:41,539 [MainThread  ] [INFO ]  ['c7fc4dc9-7d6b-4524-bc8b-725439956a1a/VIA_posres.itp', 'c7fc4dc9-7d6b-4524-bc8b-725439956a1a/VIAparams.itp', 'c7fc4dc9-7d6b-4524-bc8b-725439956a1a/ligand.top', 'c7fc4dc9-7d6b-4524-bc8b-725439956a1a/p2g_Protein_chain_A.itp', 'c7fc4dc9-7d6b-4524-bc8b-725439956a1a/p2g_Protein_chain_F.itp', 'c7fc4dc9-7d6b-4524-bc8b-725439956a1a/posre_Protein_chain_A.itp', 'c7fc4dc9-7d6b-4524-bc8b-725439956a1a/posre_Protein_chain_F.itp']
2025-06-09 10:36:41,540 [MainThread  ] [INFO ]  to: /home/arunima/gitrepos/gromacs_sims/E6_E6AP_Sildenafil/E6_E6AP/E6E6AP_VIA_MD/prot_E6E6AP_VIA_complex_VIA_complex.top.zip
2025-06-09 10:36:41,557 [MainThread  ] [INFO ]  Removed: ['c7fc4dc9-7d6b-4524-bc8b-725439956a1a/VIAparams.itp', 'c7fc4dc9-7d6b-4524-bc8b-725439956a1a/VIA_posres.itp', 'c7fc4dc9-7d6b-4524-bc8b-725439956a1a/posre_Protein_chain_A.itp', 'c7fc4dc9-7d6b-4524-bc8b-725439956a1a/p2g_Protein_chain_A.itp', 'c7fc4dc9-7d6b-4524-bc8b-725439956a1a/posre_Protein_chain_F.itp', 'c7fc4dc9-7d6b-4524-bc8b-725439956a1a/p2g_Protein_chain_F.itp', 'c7fc4dc9-7d6b-4524-bc8b-725439956a1a/ligand.top']
2025-06-09 10:36:41,558 [MainThread  ] [INFO ]  Removed: ['c7fc4dc9-7d6b-4524-bc8b-725439956a1a']
