2025-06-09 10:36:42,882 [MainThread  ] [INFO ]  Executing biobb_gromacs.gromacs.grompp Version: 4.2.0
2025-06-09 10:36:42,963 [MainThread  ] [INFO ]  Copy: prot_E6E6AP_VIA_complex_VIA_solvate.gro to /home/arunima/gitrepos/gromacs_sims/E6_E6AP_Sildenafil/E6_E6AP/E6E6AP_VIA_MD/c2bae31c-9df2-412c-89d2-7a66d2a5ad06
2025-06-09 10:36:43,059 [MainThread  ] [INFO ]  Extracting: /home/arunima/gitrepos/gromacs_sims/E6_E6AP_Sildenafil/E6_E6AP/E6E6AP_VIA_MD/prot_E6E6AP_VIA_complex_VIA_solvate_top.zip
2025-06-09 10:36:43,060 [MainThread  ] [INFO ]  to:
2025-06-09 10:36:43,060 [MainThread  ] [INFO ]  ['/home/arunima/gitrepos/gromacs_sims/E6_E6AP_Sildenafil/E6_E6AP/E6E6AP_VIA_MD/c2bae31c-9df2-412c-89d2-7a66d2a5ad06/VIA_posres.itp', '/home/arunima/gitrepos/gromacs_sims/E6_E6AP_Sildenafil/E6_E6AP/E6E6AP_VIA_MD/c2bae31c-9df2-412c-89d2-7a66d2a5ad06/VIAparams.itp', '/home/arunima/gitrepos/gromacs_sims/E6_E6AP_Sildenafil/E6_E6AP/E6E6AP_VIA_MD/c2bae31c-9df2-412c-89d2-7a66d2a5ad06/ligand.top', '/home/arunima/gitrepos/gromacs_sims/E6_E6AP_Sildenafil/E6_E6AP/E6E6AP_VIA_MD/c2bae31c-9df2-412c-89d2-7a66d2a5ad06/p2g_Protein_chain_A.itp', '/home/arunima/gitrepos/gromacs_sims/E6_E6AP_Sildenafil/E6_E6AP/E6E6AP_VIA_MD/c2bae31c-9df2-412c-89d2-7a66d2a5ad06/p2g_Protein_chain_F.itp', '/home/arunima/gitrepos/gromacs_sims/E6_E6AP_Sildenafil/E6_E6AP/E6E6AP_VIA_MD/c2bae31c-9df2-412c-89d2-7a66d2a5ad06/posre_Protein_chain_A.itp', '/home/arunima/gitrepos/gromacs_sims/E6_E6AP_Sildenafil/E6_E6AP/E6E6AP_VIA_MD/c2bae31c-9df2-412c-89d2-7a66d2a5ad06/posre_Protein_chain_F.itp']
2025-06-09 10:36:43,060 [MainThread  ] [INFO ]  Unzipping: 
2025-06-09 10:36:43,060 [MainThread  ] [INFO ]  prot_E6E6AP_VIA_complex_VIA_solvate_top.zip
2025-06-09 10:36:43,060 [MainThread  ] [INFO ]  To: 
2025-06-09 10:36:43,060 [MainThread  ] [INFO ]  /home/arunima/gitrepos/gromacs_sims/E6_E6AP_Sildenafil/E6_E6AP/E6E6AP_VIA_MD/c2bae31c-9df2-412c-89d2-7a66d2a5ad06/VIA_posres.itp
2025-06-09 10:36:43,060 [MainThread  ] [INFO ]  /home/arunima/gitrepos/gromacs_sims/E6_E6AP_Sildenafil/E6_E6AP/E6E6AP_VIA_MD/c2bae31c-9df2-412c-89d2-7a66d2a5ad06/VIAparams.itp
2025-06-09 10:36:43,060 [MainThread  ] [INFO ]  /home/arunima/gitrepos/gromacs_sims/E6_E6AP_Sildenafil/E6_E6AP/E6E6AP_VIA_MD/c2bae31c-9df2-412c-89d2-7a66d2a5ad06/ligand.top
2025-06-09 10:36:43,061 [MainThread  ] [INFO ]  /home/arunima/gitrepos/gromacs_sims/E6_E6AP_Sildenafil/E6_E6AP/E6E6AP_VIA_MD/c2bae31c-9df2-412c-89d2-7a66d2a5ad06/p2g_Protein_chain_A.itp
2025-06-09 10:36:43,061 [MainThread  ] [INFO ]  /home/arunima/gitrepos/gromacs_sims/E6_E6AP_Sildenafil/E6_E6AP/E6E6AP_VIA_MD/c2bae31c-9df2-412c-89d2-7a66d2a5ad06/p2g_Protein_chain_F.itp
2025-06-09 10:36:43,061 [MainThread  ] [INFO ]  /home/arunima/gitrepos/gromacs_sims/E6_E6AP_Sildenafil/E6_E6AP/E6E6AP_VIA_MD/c2bae31c-9df2-412c-89d2-7a66d2a5ad06/posre_Protein_chain_A.itp
2025-06-09 10:36:43,061 [MainThread  ] [INFO ]  /home/arunima/gitrepos/gromacs_sims/E6_E6AP_Sildenafil/E6_E6AP/E6E6AP_VIA_MD/c2bae31c-9df2-412c-89d2-7a66d2a5ad06/posre_Protein_chain_F.itp
2025-06-09 10:36:43,064 [MainThread  ] [INFO ]  gmx -nobackup -nocopyright grompp -f /home/arunima/gitrepos/gromacs_sims/E6_E6AP_Sildenafil/E6_E6AP/E6E6AP_VIA_MD/c2bae31c-9df2-412c-89d2-7a66d2a5ad06/grompp.mdp -c /home/arunima/gitrepos/gromacs_sims/E6_E6AP_Sildenafil/E6_E6AP/E6E6AP_VIA_MD/c2bae31c-9df2-412c-89d2-7a66d2a5ad06/prot_E6E6AP_VIA_complex_VIA_solvate.gro -r /home/arunima/gitrepos/gromacs_sims/E6_E6AP_Sildenafil/E6_E6AP/E6E6AP_VIA_MD/c2bae31c-9df2-412c-89d2-7a66d2a5ad06/prot_E6E6AP_VIA_complex_VIA_solvate.gro -p /home/arunima/gitrepos/gromacs_sims/E6_E6AP_Sildenafil/E6_E6AP/E6E6AP_VIA_MD/c2bae31c-9df2-412c-89d2-7a66d2a5ad06/ligand.top -o /home/arunima/gitrepos/gromacs_sims/E6_E6AP_Sildenafil/E6_E6AP/E6E6AP_VIA_MD/c2bae31c-9df2-412c-89d2-7a66d2a5ad06/prot_E6E6AP_VIA_complex_VIA_complex_gppion.tpr -po mdout.mdp -maxwarn 1

2025-06-09 10:36:43,883 [MainThread  ] [INFO ]  Exit code 0

2025-06-09 10:36:43,883 [MainThread  ] [INFO ]  Setting the LD random seed to -34079362

Generated 3003 of the 3003 non-bonded parameter combinations

Generated 3003 of the 3003 1-4 parameter combinations

Excluding 3 bonded neighbours molecule type 'Protein_chain_A'

Excluding 3 bonded neighbours molecule type 'Protein_chain_F'

Excluding 3 bonded neighbours molecule type 'VIAparams'

Excluding 2 bonded neighbours molecule type 'SOL'

++++ PLEASE READ AND CITE THE FOLLOWING REFERENCE ++++
J. S. Hub, B. L. de Groot, H. Grubmueller, G. Groenhof
Quantifying Artifacts in Ewald Simulations of Inhomogeneous Systems with a Net
Charge
J. Chem. Theory Comput. 10 (2014) pp. 381-393
-------- -------- --- Thank You --- -------- --------

Analysing residue names:
There are:   526    Protein residues
There are:     1      Other residues
There are: 25644      Water residues
Analysing Protein...
Analysing residues not classified as Protein/DNA/RNA/Water and splitting into groups...

The largest distance between excluded atoms is 0.629 nm between atom 4635 and 4642
Calculating fourier grid dimensions for X Y Z
Using a fourier grid of 96x96x96, spacing 0.108 0.108 0.108

Estimate for the relative computational load of the PME mesh part: 0.28

This run will generate roughly 7 Mb of data

2025-06-09 10:36:43,974 [MainThread  ] [INFO ]  Removed: ['/home/arunima/gitrepos/gromacs_sims/E6_E6AP_Sildenafil/E6_E6AP/E6E6AP_VIA_MD/c2bae31c-9df2-412c-89d2-7a66d2a5ad06', 'mdout.mdp']
