2025-06-09 10:25:32,279 [MainThread  ] [INFO ]  Executing biobb_structure_utils.utils.extract_molecule Version: 4.2.0
2025-06-09 10:25:32,286 [MainThread  ] [INFO ]  Copy: /home/arunima/gitrepos/gromacs_sims/E6_E6AP_Sildenafil/E6_E6AP/E6E6AP_VIA_MD/E6E6AP_VIA_complex.pdb to /home/arunima/gitrepos/gromacs_sims/E6_E6AP_Sildenafil/E6_E6AP/E6E6AP_VIA_MD/3279f480-e8bd-491e-8cf2-963d667820fa
2025-06-09 10:25:32,287 [MainThread  ] [INFO ]  Creating 927f7e5c-78ac-45bb-826e-4e95dea610c0 temporary folder
2025-06-09 10:25:32,288 [MainThread  ] [INFO ]  check_structure -i /home/arunima/gitrepos/gromacs_sims/E6_E6AP_Sildenafil/E6_E6AP/E6E6AP_VIA_MD/E6E6AP_VIA_complex.pdb -o prot_E6E6AP_VIA_complex.pdb --force_save --non_interactive command_list --list 927f7e5c-78ac-45bb-826e-4e95dea610c0/extract_prot.lst

2025-06-09 10:25:32,923 [MainThread  ] [INFO ]  Exit code 0

2025-06-09 10:25:32,923 [MainThread  ] [INFO ]  ================================================================================
=                   BioBB structure checking utility v3.13.4                   =
=            P. Andrio, A. Hospital, G. Bayarri, J.L. Gelpi 2018-23            =
================================================================================

Warning: sequence features may not be available, use --sequence for  external fasta input
Structure /home/arunima/gitrepos/gromacs_sims/E6_E6AP_Sildenafil/E6_E6AP/E6E6AP_VIA_MD/E6E6AP_VIA_complex.pdb loaded
 PDB id:  
 Title: 
 Experimental method: unknown
 Resolution (A): N.A.

 Num. models: 1
 Num. chains: 3 ( : Unknown, A: Protein, F: Protein)
 Num. residues:  527
 Num. residues with ins. codes:  0
 Num. residues with H atoms: 9 (total 27 H atoms)
 Num. HETATM residues:  1
 Num. ligands or modified residues:  1
 Num. water mol.:  0
 Num. atoms:  4215
Small mol ligands found
VIA  1

Step 1: ligands --remove All

Running ligands. Options: --remove All
Detected 1 Ligands
 VIA  1
Ligands removed All (1)

Step 2: water --remove Yes

Running water. Options: --remove Yes
No water molecules found
Command list completed
Final Num. models: 1
Final Num. chains: 3 ( : Water, A: Protein, F: Protein)
Final Num. residues:  526
Final Num. residues with ins. codes:  0
Final Num. residues with H atoms: 8 (total 26 H atoms)
Final Num. HETATM residues:  0
Final Num. ligands or modified residues:  0
Final Num. water mol.:  0
Final Num. atoms:  4181
Structure saved on prot_E6E6AP_VIA_complex.pdb

2025-06-09 10:25:32,927 [MainThread  ] [INFO ]  Removed: ['/home/arunima/gitrepos/gromacs_sims/E6_E6AP_Sildenafil/E6_E6AP/E6E6AP_VIA_MD/3279f480-e8bd-491e-8cf2-963d667820fa', '927f7e5c-78ac-45bb-826e-4e95dea610c0']
