2025-06-10 07:30:46,232 [MainThread  ] [INFO ]                  :-) GROMACS - gmx mdrun, 2024.5-conda_forge (-:

Executable:   /home/arunima/.conda/envs/biobb_wf_protein-complex_md_setup/bin.AVX2_256/gmx
Data prefix:  /home/arunima/.conda/envs/biobb_wf_protein-complex_md_setup
Working dir:  /home/arunima/gitrepos/gromacs_sims/E6_E6AP_Sildenafil/E6_E6AP/E6E6AP_VIA_MD
Command line:
  gmx -nobackup -nocopyright mdrun -o /home/arunima/gitrepos/gromacs_sims/E6_E6AP_Sildenafil/E6_E6AP/E6E6AP_VIA_MD/46f239e2-e95c-4f70-be9e-5aac0122b135/prot_E6E6AP_VIA_complex_VIA_md.trr -s /home/arunima/gitrepos/gromacs_sims/E6_E6AP_Sildenafil/E6_E6AP/E6E6AP_VIA_MD/46f239e2-e95c-4f70-be9e-5aac0122b135/prot_E6E6AP_VIA_complex_VIA_gppmd.tpr -c /home/arunima/gitrepos/gromacs_sims/E6_E6AP_Sildenafil/E6_E6AP/E6E6AP_VIA_MD/46f239e2-e95c-4f70-be9e-5aac0122b135/prot_E6E6AP_VIA_complex_VIA_md.gro -e /home/arunima/gitrepos/gromacs_sims/E6_E6AP_Sildenafil/E6_E6AP/E6E6AP_VIA_MD/46f239e2-e95c-4f70-be9e-5aac0122b135/prot_E6E6AP_VIA_complex_VIA_md.edr -g /home/arunima/gitrepos/gromacs_sims/E6_E6AP_Sildenafil/E6_E6AP/E6E6AP_VIA_MD/46f239e2-e95c-4f70-be9e-5aac0122b135/prot_E6E6AP_VIA_complex_VIA_md.log -x /home/arunima/gitrepos/gromacs_sims/E6_E6AP_Sildenafil/E6_E6AP/E6E6AP_VIA_MD/46f239e2-e95c-4f70-be9e-5aac0122b135/prot_E6E6AP_VIA_complex_VIA_md.xtc -cpo /home/arunima/gitrepos/gromacs_sims/E6_E6AP_Sildenafil/E6_E6AP/E6E6AP_VIA_MD/46f239e2-e95c-4f70-be9e-5aac0122b135/prot_E6E6AP_VIA_complex_VIA_md.cpt

The current CPU can measure timings more accurately than the code in
gmx mdrun was configured to use. This might affect your simulation
speed as accurate timings are needed for load-balancing.
Please consider rebuilding gmx mdrun with the GMX_USE_RDTSCP=ON CMake option.
Reading file /home/arunima/gitrepos/gromacs_sims/E6_E6AP_Sildenafil/E6_E6AP/E6E6AP_VIA_MD/46f239e2-e95c-4f70-be9e-5aac0122b135/prot_E6E6AP_VIA_complex_VIA_gppmd.tpr, VERSION 2024.5-conda_forge (single precision)
Changing nstlist from 10 to 100, rlist from 1 to 1.178


Update groups can not be used for this system because atoms that are (in)directly constrained together are interdispersed with other atoms

1 GPU selected for this run.
Mapping of GPU IDs to the 2 GPU tasks in the 1 rank on this node:
  PP:0,PME:0
PP tasks will do (non-perturbed) short-ranged interactions on the GPU
PP task will update and constrain coordinates on the GPU
PME tasks will do all aspects on the GPU
Using 1 MPI thread
Using 32 OpenMP threads 


WARNING: This run will generate roughly 79719 Mb of data

starting mdrun 'Protein in water'
100000000 steps, 200000.0 ps.

Writing final coordinates.

               Core t (s)   Wall t (s)        (%)
       Time:  2403592.981    75112.301     3200.0
                         20h51:52
                 (ns/day)    (hour/ns)
Performance:      230.056        0.104

GROMACS reminds you: "Culture eats strategy for breakfast" (Peter Drucker)


