2025-06-09 10:37:49,890 [MainThread  ] [INFO ]  Executing biobb_gromacs.gromacs.grompp Version: 4.2.0
2025-06-09 10:37:49,921 [MainThread  ] [INFO ]  Copy: prot_E6E6AP_VIA_complex_VIA_nvt.gro to /home/arunima/gitrepos/gromacs_sims/E6_E6AP_Sildenafil/E6_E6AP/E6E6AP_VIA_MD/a65eba5a-40e5-463a-bae7-a871ad0d31bb
2025-06-09 10:37:49,932 [MainThread  ] [INFO ]  Copy: prot_E6E6AP_VIA_complex_VIA_nvt.cpt to /home/arunima/gitrepos/gromacs_sims/E6_E6AP_Sildenafil/E6_E6AP/E6E6AP_VIA_MD/a65eba5a-40e5-463a-bae7-a871ad0d31bb
2025-06-09 10:37:49,963 [MainThread  ] [INFO ]  Copy: prot_E6E6AP_VIA_complex_VIA_index.ndx to /home/arunima/gitrepos/gromacs_sims/E6_E6AP_Sildenafil/E6_E6AP/E6E6AP_VIA_MD/a65eba5a-40e5-463a-bae7-a871ad0d31bb
2025-06-09 10:37:49,993 [MainThread  ] [INFO ]  Extracting: /home/arunima/gitrepos/gromacs_sims/E6_E6AP_Sildenafil/E6_E6AP/E6E6AP_VIA_MD/prot_E6E6AP_VIA_complex_VIA_genion_top.zip
2025-06-09 10:37:49,993 [MainThread  ] [INFO ]  to:
2025-06-09 10:37:49,994 [MainThread  ] [INFO ]  ['/home/arunima/gitrepos/gromacs_sims/E6_E6AP_Sildenafil/E6_E6AP/E6E6AP_VIA_MD/a65eba5a-40e5-463a-bae7-a871ad0d31bb/VIA_posres.itp', '/home/arunima/gitrepos/gromacs_sims/E6_E6AP_Sildenafil/E6_E6AP/E6E6AP_VIA_MD/a65eba5a-40e5-463a-bae7-a871ad0d31bb/VIAparams.itp', '/home/arunima/gitrepos/gromacs_sims/E6_E6AP_Sildenafil/E6_E6AP/E6E6AP_VIA_MD/a65eba5a-40e5-463a-bae7-a871ad0d31bb/ligand.top', '/home/arunima/gitrepos/gromacs_sims/E6_E6AP_Sildenafil/E6_E6AP/E6E6AP_VIA_MD/a65eba5a-40e5-463a-bae7-a871ad0d31bb/p2g_Protein_chain_A.itp', '/home/arunima/gitrepos/gromacs_sims/E6_E6AP_Sildenafil/E6_E6AP/E6E6AP_VIA_MD/a65eba5a-40e5-463a-bae7-a871ad0d31bb/p2g_Protein_chain_F.itp', '/home/arunima/gitrepos/gromacs_sims/E6_E6AP_Sildenafil/E6_E6AP/E6E6AP_VIA_MD/a65eba5a-40e5-463a-bae7-a871ad0d31bb/posre_Protein_chain_A.itp', '/home/arunima/gitrepos/gromacs_sims/E6_E6AP_Sildenafil/E6_E6AP/E6E6AP_VIA_MD/a65eba5a-40e5-463a-bae7-a871ad0d31bb/posre_Protein_chain_F.itp']
2025-06-09 10:37:49,994 [MainThread  ] [INFO ]  Unzipping: 
2025-06-09 10:37:49,994 [MainThread  ] [INFO ]  prot_E6E6AP_VIA_complex_VIA_genion_top.zip
2025-06-09 10:37:49,994 [MainThread  ] [INFO ]  To: 
2025-06-09 10:37:49,994 [MainThread  ] [INFO ]  /home/arunima/gitrepos/gromacs_sims/E6_E6AP_Sildenafil/E6_E6AP/E6E6AP_VIA_MD/a65eba5a-40e5-463a-bae7-a871ad0d31bb/VIA_posres.itp
2025-06-09 10:37:49,994 [MainThread  ] [INFO ]  /home/arunima/gitrepos/gromacs_sims/E6_E6AP_Sildenafil/E6_E6AP/E6E6AP_VIA_MD/a65eba5a-40e5-463a-bae7-a871ad0d31bb/VIAparams.itp
2025-06-09 10:37:49,994 [MainThread  ] [INFO ]  /home/arunima/gitrepos/gromacs_sims/E6_E6AP_Sildenafil/E6_E6AP/E6E6AP_VIA_MD/a65eba5a-40e5-463a-bae7-a871ad0d31bb/ligand.top
2025-06-09 10:37:49,994 [MainThread  ] [INFO ]  /home/arunima/gitrepos/gromacs_sims/E6_E6AP_Sildenafil/E6_E6AP/E6E6AP_VIA_MD/a65eba5a-40e5-463a-bae7-a871ad0d31bb/p2g_Protein_chain_A.itp
2025-06-09 10:37:49,994 [MainThread  ] [INFO ]  /home/arunima/gitrepos/gromacs_sims/E6_E6AP_Sildenafil/E6_E6AP/E6E6AP_VIA_MD/a65eba5a-40e5-463a-bae7-a871ad0d31bb/p2g_Protein_chain_F.itp
2025-06-09 10:37:49,994 [MainThread  ] [INFO ]  /home/arunima/gitrepos/gromacs_sims/E6_E6AP_Sildenafil/E6_E6AP/E6E6AP_VIA_MD/a65eba5a-40e5-463a-bae7-a871ad0d31bb/posre_Protein_chain_A.itp
2025-06-09 10:37:49,994 [MainThread  ] [INFO ]  /home/arunima/gitrepos/gromacs_sims/E6_E6AP_Sildenafil/E6_E6AP/E6E6AP_VIA_MD/a65eba5a-40e5-463a-bae7-a871ad0d31bb/posre_Protein_chain_F.itp
2025-06-09 10:37:49,996 [MainThread  ] [INFO ]  gmx -nobackup -nocopyright grompp -f /home/arunima/gitrepos/gromacs_sims/E6_E6AP_Sildenafil/E6_E6AP/E6E6AP_VIA_MD/a65eba5a-40e5-463a-bae7-a871ad0d31bb/grompp.mdp -c /home/arunima/gitrepos/gromacs_sims/E6_E6AP_Sildenafil/E6_E6AP/E6E6AP_VIA_MD/a65eba5a-40e5-463a-bae7-a871ad0d31bb/prot_E6E6AP_VIA_complex_VIA_nvt.gro -r /home/arunima/gitrepos/gromacs_sims/E6_E6AP_Sildenafil/E6_E6AP/E6E6AP_VIA_MD/a65eba5a-40e5-463a-bae7-a871ad0d31bb/prot_E6E6AP_VIA_complex_VIA_nvt.gro -p /home/arunima/gitrepos/gromacs_sims/E6_E6AP_Sildenafil/E6_E6AP/E6E6AP_VIA_MD/a65eba5a-40e5-463a-bae7-a871ad0d31bb/ligand.top -o /home/arunima/gitrepos/gromacs_sims/E6_E6AP_Sildenafil/E6_E6AP/E6E6AP_VIA_MD/a65eba5a-40e5-463a-bae7-a871ad0d31bb/prot_E6E6AP_VIA_complex_VIA_gppnpt.tpr -po mdout.mdp -maxwarn 10 -t /home/arunima/gitrepos/gromacs_sims/E6_E6AP_Sildenafil/E6_E6AP/E6E6AP_VIA_MD/a65eba5a-40e5-463a-bae7-a871ad0d31bb/prot_E6E6AP_VIA_complex_VIA_nvt.cpt -n /home/arunima/gitrepos/gromacs_sims/E6_E6AP_Sildenafil/E6_E6AP/E6E6AP_VIA_MD/a65eba5a-40e5-463a-bae7-a871ad0d31bb/prot_E6E6AP_VIA_complex_VIA_index.ndx

2025-06-09 10:37:51,286 [MainThread  ] [INFO ]  Exit code 0

2025-06-09 10:37:51,286 [MainThread  ] [INFO ]  Setting the LD random seed to -2055472259

Generated 3003 of the 3003 non-bonded parameter combinations

Generated 3003 of the 3003 1-4 parameter combinations

Excluding 3 bonded neighbours molecule type 'Protein_chain_A'

turning H bonds into constraints...

Excluding 3 bonded neighbours molecule type 'Protein_chain_F'

turning H bonds into constraints...

Excluding 3 bonded neighbours molecule type 'VIAparams'

turning H bonds into constraints...

Excluding 2 bonded neighbours molecule type 'SOL'

turning H bonds into constraints...

Excluding 1 bonded neighbours molecule type 'NA'

turning H bonds into constraints...

The center of mass of the position restraint coord's is  5.186  7.349  4.239

The center of mass of the position restraint coord's is  5.186  7.349  4.239

The largest distance between excluded atoms is 0.431 nm between atom 5090 and 5098

Determining Verlet buffer for a tolerance of 0.005 kJ/mol/ps at 300 K

Calculated rlist for 1x1 atom pair-list as 1.034 nm, buffer size 0.034 nm

Set rlist, assuming 4x4 atom pair-list, to 1.000 nm, buffer size 0.000 nm

Note that mdrun will redetermine rlist based on the actual pair-list setup

Reading Coordinates, Velocities and Box size from old trajectory

Will read whole trajectory

Using frame at t = 100 ps

Starting time for run is 0 ps
Calculating fourier grid dimensions for X Y Z
Using a fourier grid of 96x96x96, spacing 0.108 0.108 0.108

Estimate for the relative computational load of the PME mesh part: 0.30

This run will generate roughly 225 Mb of data

2025-06-09 10:37:51,325 [MainThread  ] [INFO ]  Removed: ['/home/arunima/gitrepos/gromacs_sims/E6_E6AP_Sildenafil/E6_E6AP/E6E6AP_VIA_MD/a65eba5a-40e5-463a-bae7-a871ad0d31bb', 'mdout.mdp']
