2025-06-09 10:25:35,555 [MainThread  ] [INFO ]  Executing biobb_chemistry.acpype.acpype_params_gmx Version: 4.2.0
2025-06-09 10:25:35,559 [MainThread  ] [INFO ]  Copy: /home/arunima/gitrepos/gromacs_sims/E6_E6AP_Sildenafil/E6_E6AP/E6E6AP_VIA_MD/VIA.H.min.mol2 to /home/arunima/gitrepos/gromacs_sims/E6_E6AP_Sildenafil/E6_E6AP/E6E6AP_VIA_MD/b00243b8-74ac-46bf-90ab-6ad0e814c630
2025-06-09 10:25:35,560 [MainThread  ] [INFO ]  acpype -i /home/arunima/gitrepos/gromacs_sims/E6_E6AP_Sildenafil/E6_E6AP/E6E6AP_VIA_MD/b00243b8-74ac-46bf-90ab-6ad0e814c630/VIA.H.min.mol2 -b VIAparams.BTduRD -n 0

2025-06-09 10:36:40,731 [MainThread  ] [INFO ]  Exit code 0

2025-06-09 10:36:40,732 [MainThread  ] [INFO ]  ==========================================================================
| ACPYPE: AnteChamber PYthon Parser interfacE v. 2022.6.6 (c) 2025 AWSdS |
==========================================================================
==> ... charge set to 0
==> Executing Antechamber...
==> * Antechamber OK *
==> * Parmchk OK *
==> Executing Tleap...
==> * Tleap OK *
==> Removing temporary files...
==> Using OpenBabel v.3.1.0

==> Writing NEW PDB file

==> Writing CNS/XPLOR files

==> Writing GROMACS files

==> Disambiguating lower and uppercase atomtypes in GMX top file, even if identical.

==> Writing GMX dihedrals for GMX 4.5 and higher.

==> Writing CHARMM files

==> Writing pickle file VIAparams.BTduRD.pkl
==> Removing temporary files...
Total time of execution: 11m 5s

2025-06-09 10:36:40,742 [MainThread  ] [INFO ]  File VIAparams.gro succesfully created
2025-06-09 10:36:40,749 [MainThread  ] [INFO ]  File VIAparams.top succesfully created
2025-06-09 10:36:40,757 [MainThread  ] [INFO ]  File VIAparams.itp succesfully created
