2025-11-02 12:36:13,230 [MainThread  ] [INFO ]  Module: biobb_chemistry.acpype.acpype_params_gmx Version: 5.1.0
2025-11-02 12:36:13,231 [MainThread  ] [INFO ]  /host_pwd/ndxparc2014C/sandbox_c601818e-8bcb-47bc-8803-379d69d2295a directory successfully created
2025-11-02 12:36:13,234 [MainThread  ] [INFO ]  Copy: /host_pwd/ndxparc2014C/NDX.H.min.mol2 to /host_pwd/ndxparc2014C/sandbox_c601818e-8bcb-47bc-8803-379d69d2295a
2025-11-02 12:36:13,234 [MainThread  ] [INFO ]  acpype -i /host_pwd/ndxparc2014C/sandbox_c601818e-8bcb-47bc-8803-379d69d2295a/NDX.H.min.mol2 -b NDXparams.NSjK1Z -n 0

2025-11-02 12:36:30,070 [MainThread  ] [INFO ]  Executing: acpype -i /host_pwd/ndxparc2014C/sandbox_c601818e-8bcb-47bc-8803-379d69d2295a/ND...
2025-11-02 12:36:30,071 [MainThread  ] [INFO ]  Exit code: 0
2025-11-02 12:36:30,071 [MainThread  ] [INFO ]  ============================================================================
| ACPYPE: AnteChamber PYthon Parser interfacE v. 2023.10.27 (c) 2025 AWSdS |
============================================================================
==> ... charge set to 0
==> Executing Antechamber...
==> * Antechamber OK *
==> * Parmchk OK *
==> Executing Tleap...
==> * Tleap OK *
==> Removing temporary files...
==> Using OpenBabel v.3.1.0

==> Writing NEW PDB file

==> Writing CNS/XPLOR files

==> Writing GROMACS files

==> Disambiguating lower and uppercase atomtypes in GMX top file, even if identical.

==> Writing GMX dihedrals for GMX 4.5 and higher.

==> Writing CHARMM files

==> Writing pickle file NDXparams.NSjK1Z.pkl
==> Removing temporary files...
Total time of execution: 16s

2025-11-02 12:36:30,095 [MainThread  ] [INFO ]  File NDXparams.gro succesfully created
2025-11-02 12:36:30,102 [MainThread  ] [INFO ]  File NDXparams.top succesfully created
2025-11-02 12:36:30,108 [MainThread  ] [INFO ]  File NDXparams.itp succesfully created
2025-11-02 12:36:30,220 [MainThread  ] [INFO ]  Removed: ['/host_pwd/ndxparc2014C/sandbox_c601818e-8bcb-47bc-8803-379d69d2295a', 'NDXparams.NSjK1Z.acpype']
2025-11-02 12:36:30,220 [MainThread  ] [INFO ]  
