2025-10-16 01:05:27,038 [MainThread  ] [INFO ]                  :-) GROMACS - gmx mdrun, 2024.5-conda_forge (-:

Executable:   /usr/local/bin.AVX2_256/gmx
Data prefix:  /usr/local
Working dir:  /host_pwd/cipparc1999C
Command line:
  gmx -nobackup -nocopyright mdrun -o /host_pwd/cipparc1999C/sandbox_4dbee92d-c5a7-4c5b-9626-482f54388683/prot_cipparc1999C_CIP_md.trr -s /host_pwd/cipparc1999C/sandbox_4dbee92d-c5a7-4c5b-9626-482f54388683/prot_cipparc1999C_CIP_gppmd.tpr -c /host_pwd/cipparc1999C/sandbox_4dbee92d-c5a7-4c5b-9626-482f54388683/prot_cipparc1999C_CIP_md.gro -e /host_pwd/cipparc1999C/sandbox_4dbee92d-c5a7-4c5b-9626-482f54388683/prot_cipparc1999C_CIP_md.edr -g /host_pwd/cipparc1999C/sandbox_4dbee92d-c5a7-4c5b-9626-482f54388683/prot_cipparc1999C_CIP_md.log -x /host_pwd/cipparc1999C/sandbox_4dbee92d-c5a7-4c5b-9626-482f54388683/prot_cipparc1999C_CIP_md.xtc -cpo /host_pwd/cipparc1999C/sandbox_4dbee92d-c5a7-4c5b-9626-482f54388683/prot_cipparc1999C_CIP_md.cpt

The current CPU can measure timings more accurately than the code in
gmx mdrun was configured to use. This might affect your simulation
speed as accurate timings are needed for load-balancing.
Please consider rebuilding gmx mdrun with the GMX_USE_RDTSCP=ON CMake option.
Reading file /host_pwd/cipparc1999C/sandbox_4dbee92d-c5a7-4c5b-9626-482f54388683/prot_cipparc1999C_CIP_gppmd.tpr, VERSION 2024.5-conda_forge (single precision)
Changing nstlist from 10 to 100, rlist from 1 to 1.173


Update groups can not be used for this system because atoms that are (in)directly constrained together are interdispersed with other atoms

1 GPU selected for this run.
Mapping of GPU IDs to the 2 GPU tasks in the 1 rank on this node:
  PP:0,PME:0
PP tasks will do (non-perturbed) short-ranged interactions on the GPU
PP task will update and constrain coordinates on the GPU
PME tasks will do all aspects on the GPU
Using 1 MPI thread
Using 64 OpenMP threads 


WARNING: This run will generate roughly 72370 Mb of data

starting mdrun 'Protein in water'
5000000 steps,  10000.0 ps.

Writing final coordinates.

               Core t (s)   Wall t (s)        (%)
       Time: 19249136.314   300768.000     6400.0
                         3d11h32:48
                 (ns/day)    (hour/ns)
Performance:        2.873        8.355

GROMACS reminds you: "Same sex marriage is not a gay privilege, it's equal rights. Privilege would be something like gay people not paying taxes. Like churches don't." (Ricky Gervais)


