2025-10-12 13:32:10,866 [MainThread  ] [INFO ]  Module: biobb_gromacs.gromacs.grompp Version: 5.1.1
2025-10-12 13:32:10,866 [MainThread  ] [INFO ]  /host_pwd/cipparc1999C/sandbox_af702b03-e836-4fc9-86bc-575112ca1ff4 directory successfully created
2025-10-12 13:32:11,137 [MainThread  ] [INFO ]  Copy: prot_cipparc1999C_CIP_npt.gro to /host_pwd/cipparc1999C/sandbox_af702b03-e836-4fc9-86bc-575112ca1ff4
2025-10-12 13:32:11,263 [MainThread  ] [INFO ]  Copy: prot_cipparc1999C_CIP_npt.cpt to /host_pwd/cipparc1999C/sandbox_af702b03-e836-4fc9-86bc-575112ca1ff4
2025-10-12 13:32:11,482 [MainThread  ] [INFO ]  Extracting: /host_pwd/cipparc1999C/prot_cipparc1999C_CIP_genion_top.zip
2025-10-12 13:32:11,482 [MainThread  ] [INFO ]  to:
2025-10-12 13:32:11,482 [MainThread  ] [INFO ]  ['/host_pwd/cipparc1999C/sandbox_af702b03-e836-4fc9-86bc-575112ca1ff4/CIP_posres.itp', '/host_pwd/cipparc1999C/sandbox_af702b03-e836-4fc9-86bc-575112ca1ff4/CIPparams.itp', '/host_pwd/cipparc1999C/sandbox_af702b03-e836-4fc9-86bc-575112ca1ff4/ligand.top', '/host_pwd/cipparc1999C/sandbox_af702b03-e836-4fc9-86bc-575112ca1ff4/p2g_Protein_chain_A.itp', '/host_pwd/cipparc1999C/sandbox_af702b03-e836-4fc9-86bc-575112ca1ff4/p2g_Protein_chain_B.itp', '/host_pwd/cipparc1999C/sandbox_af702b03-e836-4fc9-86bc-575112ca1ff4/posre_Protein_chain_A.itp', '/host_pwd/cipparc1999C/sandbox_af702b03-e836-4fc9-86bc-575112ca1ff4/posre_Protein_chain_B.itp']
2025-10-12 13:32:11,482 [MainThread  ] [INFO ]  Unzipping: 
2025-10-12 13:32:11,482 [MainThread  ] [INFO ]  prot_cipparc1999C_CIP_genion_top.zip
2025-10-12 13:32:11,482 [MainThread  ] [INFO ]  To: 
2025-10-12 13:32:11,482 [MainThread  ] [INFO ]  /host_pwd/cipparc1999C/sandbox_af702b03-e836-4fc9-86bc-575112ca1ff4/CIP_posres.itp
2025-10-12 13:32:11,483 [MainThread  ] [INFO ]  /host_pwd/cipparc1999C/sandbox_af702b03-e836-4fc9-86bc-575112ca1ff4/CIPparams.itp
2025-10-12 13:32:11,483 [MainThread  ] [INFO ]  /host_pwd/cipparc1999C/sandbox_af702b03-e836-4fc9-86bc-575112ca1ff4/ligand.top
2025-10-12 13:32:11,483 [MainThread  ] [INFO ]  /host_pwd/cipparc1999C/sandbox_af702b03-e836-4fc9-86bc-575112ca1ff4/p2g_Protein_chain_A.itp
2025-10-12 13:32:11,483 [MainThread  ] [INFO ]  /host_pwd/cipparc1999C/sandbox_af702b03-e836-4fc9-86bc-575112ca1ff4/p2g_Protein_chain_B.itp
2025-10-12 13:32:11,483 [MainThread  ] [INFO ]  /host_pwd/cipparc1999C/sandbox_af702b03-e836-4fc9-86bc-575112ca1ff4/posre_Protein_chain_A.itp
2025-10-12 13:32:11,483 [MainThread  ] [INFO ]  /host_pwd/cipparc1999C/sandbox_af702b03-e836-4fc9-86bc-575112ca1ff4/posre_Protein_chain_B.itp
2025-10-12 13:32:11,492 [MainThread  ] [INFO ]  gmx -nobackup -nocopyright grompp -f /host_pwd/cipparc1999C/sandbox_af702b03-e836-4fc9-86bc-575112ca1ff4/grompp.mdp -c /host_pwd/cipparc1999C/sandbox_af702b03-e836-4fc9-86bc-575112ca1ff4/prot_cipparc1999C_CIP_npt.gro -r /host_pwd/cipparc1999C/sandbox_af702b03-e836-4fc9-86bc-575112ca1ff4/prot_cipparc1999C_CIP_npt.gro -p /host_pwd/cipparc1999C/sandbox_af702b03-e836-4fc9-86bc-575112ca1ff4/ligand.top -o /host_pwd/cipparc1999C/sandbox_af702b03-e836-4fc9-86bc-575112ca1ff4/prot_cipparc1999C_CIP_gppmd.tpr -po mdout.mdp -maxwarn 10 -t /host_pwd/cipparc1999C/sandbox_af702b03-e836-4fc9-86bc-575112ca1ff4/prot_cipparc1999C_CIP_npt.cpt

2025-10-12 13:32:23,668 [MainThread  ] [INFO ]  Executing: gmx -nobackup -nocopyright grompp -f /host_pwd/cipparc1999C/sandbox_af702b03-e83...
2025-10-12 13:32:23,669 [MainThread  ] [INFO ]  Exit code: 0
2025-10-12 13:32:23,669 [MainThread  ] [INFO ]  Setting the LD random seed to 1064287463

Generated 3003 of the 3003 non-bonded parameter combinations

Generated 3003 of the 3003 1-4 parameter combinations

Excluding 3 bonded neighbours molecule type 'Protein_chain_A'

turning H bonds into constraints...

Excluding 3 bonded neighbours molecule type 'Protein_chain_B'

turning H bonds into constraints...

Excluding 3 bonded neighbours molecule type 'CIPparams'

turning H bonds into constraints...

Excluding 2 bonded neighbours molecule type 'SOL'

turning H bonds into constraints...

Excluding 1 bonded neighbours molecule type 'NA'

turning H bonds into constraints...
Analysing residue names:
There are:  1430    Protein residues
There are:     1      Other residues
There are: 507596      Water residues
There are:    16        Ion residues
Analysing Protein...
Analysing residues not classified as Protein/DNA/RNA/Water and splitting into groups...

The largest distance between excluded atoms is 0.435 nm between atom 17558 and 17565

Determining Verlet buffer for a tolerance of 0.005 kJ/mol/ps at 300 K

Calculated rlist for 1x1 atom pair-list as 1.036 nm, buffer size 0.036 nm

Set rlist, assuming 4x4 atom pair-list, to 1.000 nm, buffer size 0.000 nm

Note that mdrun will redetermine rlist based on the actual pair-list setup

Reading Coordinates, Velocities and Box size from old trajectory

Will read whole trajectory

Using frame at t = 100 ps

Starting time for run is 0 ps
Calculating fourier grid dimensions for X Y Z
Using a fourier grid of 240x240x240, spacing 0.113 0.113 0.113

Estimate for the relative computational load of the PME mesh part: 0.31

2025-10-12 13:32:23,892 [MainThread  ] [INFO ]  Removed: ['/host_pwd/cipparc1999C/sandbox_af702b03-e836-4fc9-86bc-575112ca1ff4', 'mdout.mdp']
2025-10-12 13:32:23,892 [MainThread  ] [INFO ]  
