                :-) GROMACS - gmx mdrun, 2024.4-conda_forge (-:

Copyright 1991-2024 The GROMACS Authors.
GROMACS is free software; you can redistribute it and/or modify it
under the terms of the GNU Lesser General Public License
as published by the Free Software Foundation; either version 2.1
of the License, or (at your option) any later version.

                         Current GROMACS contributors:
       Mark Abraham           Andrey Alekseenko           Vladimir Basov      
      Cathrine Bergh            Eliane Briand               Ania Brown        
      Mahesh Doijade            Giacomo Fiorin          Stefan Fleischmann    
      Sergey Gorelov         Gilles Gouaillardet            Alan Gray         
     M. Eric Irrgang         Farzaneh Jalalypour            Joe Jordan        
     Carsten Kutzner           Justin A. Lemkul          Magnus Lundborg      
       Pascal Merz              Vedran Miletic            Dmitry Morozov      
       Julien Nabet              Szilard Pall        Andrea Pasquadibisceglie 
    Michele Pellegrino          Hubert Santuz             Roland Schulz       
     Tatiana Shugaeva          Alexey Shvetsov            Philip Turner       
     Alessandra Villa      Sebastian Wingbermuehle  

                         Previous GROMACS contributors:
        Emile Apol             Rossen Apostolov           James Barnett       
        Paul Bauer          Herman J.C. Berendsen          Par Bjelkmar       
      Christian Blau          Viacheslav Bolnykh            Kevin Boyd        
    Aldert van Buuren          Carlo Camilloni           Rudi van Drunen      
      Anton Feenstra           Oliver Fleetwood            Vytas Gapsys       
       Gaurav Garg             Gerrit Groenhof            Bert de Groot       
      Anca Hamuraru           Vincent Hindriksen          Victor Holanda      
     Aleksei Iupinov          Christoph Junghans        Prashanth Kanduri     
   Dimitrios Karkoulis           Peter Kasson             Sebastian Kehl      
     Sebastian Keller             Jiri Kraus               Per Larsson        
      Viveca Lindahl            Erik Marklund           Pieter Meulenhoff     
      Teemu Murtola              Sander Pronk             Michael Shirts      
      Alfons Sijbers            Balint Soproni         David van der Spoel    
      Peter Tieleman            Carsten Uphoff             Jon Vincent        
     Teemu Virolainen         Christian Wennberg           Maarten Wolf       
      Artem Zhmurov       

                  Coordinated by the GROMACS project leaders:
                           Berk Hess and Erik Lindahl

GROMACS:      gmx mdrun, version 2024.4-conda_forge
Executable:   /usr/local/bin.AVX2_256/gmx
Data prefix:  /usr/local
Working dir:  /host_pwd/colpk_pgl_complex/em
Process ID:   1682198
Command line:
  gmx mdrun -s colpk_pgl_complex.tpr -deffnm colpk_pgl_complex -nt 12 -ntmpi 0 -nsteps -2 -nocopyright -gpu_id 0

GROMACS version:     2024.4-conda_forge
Precision:           mixed
Memory model:        64 bit
MPI library:         thread_mpi
OpenMP support:      enabled (GMX_OPENMP_MAX_THREADS = 128)
GPU support:         CUDA
NBNxM GPU setup:     super-cluster 2x2x2 / cluster 8
SIMD instructions:   AVX2_256
CPU FFT library:     fftw-3.3.10-sse2-avx
GPU FFT library:     cuFFT
Multi-GPU FFT:       none
RDTSCP usage:        disabled
TNG support:         enabled
Hwloc support:       disabled
Tracing support:     disabled
C compiler:          /home/conda/feedstock_root/build_artifacts/gromacs_1730738703188/_build_env/bin/x86_64-conda-linux-gnu-cc GNU 11.4.0
C compiler flags:    -fexcess-precision=fast -funroll-all-loops -mavx2 -mfma -Wno-missing-field-initializers -O3 -DNDEBUG
C++ compiler:        /home/conda/feedstock_root/build_artifacts/gromacs_1730738703188/_build_env/bin/x86_64-conda-linux-gnu-c++ GNU 11.4.0
C++ compiler flags:  -fexcess-precision=fast -funroll-all-loops -mavx2 -mfma -Wno-missing-field-initializers -Wno-cast-function-type-strict SHELL:-fopenmp -O3 -DNDEBUG
BLAS library:        Internal
LAPACK library:      Internal
CUDA compiler:       /usr/local/cuda/bin/nvcc nvcc: NVIDIA (R) Cuda compiler driver;Copyright (c) 2005-2022 NVIDIA Corporation;Built on Wed_Sep_21_10:33:58_PDT_2022;Cuda compilation tools, release 11.8, V11.8.89;Build cuda_11.8.r11.8/compiler.31833905_0
CUDA compiler flags:-std=c++17;--generate-code=arch=compute_35,code=sm_35;--generate-code=arch=compute_37,code=sm_37;--generate-code=arch=compute_50,code=sm_50;--generate-code=arch=compute_52,code=sm_52;--generate-code=arch=compute_60,code=sm_60;--generate-code=arch=compute_61,code=sm_61;--generate-code=arch=compute_70,code=sm_70;--generate-code=arch=compute_75,code=sm_75;--generate-code=arch=compute_80,code=sm_80;--generate-code=arch=compute_86,code=sm_86;--generate-code=arch=compute_89,code=sm_89;--generate-code=arch=compute_90,code=sm_90;-Wno-deprecated-gpu-targets;--generate-code=arch=compute_53,code=sm_53;--generate-code=arch=compute_80,code=sm_80;-use_fast_math;-Xptxas;-warn-double-usage;-Xptxas;-Werror;;-Xcompiler;-fopenmp;-fexcess-precision=fast -funroll-all-loops -mavx2 -mfma -Wno-missing-field-initializers -Wno-cast-function-type-strict SHELL:-fopenmp -O3 -DNDEBUG
CUDA driver:         12.20
CUDA runtime:        11.80


Running on 1 node with total 6 cores, 12 processing units, 1 compatible GPU
Hardware detected on host sudarshan:
  CPU info:
    Vendor: Intel
    Brand:  Intel(R) Core(TM) i7-8750H CPU @ 2.20GHz
    Family: 6   Model: 158   Stepping: 10
    Features: aes apic avx avx2 clfsh cmov cx8 cx16 f16c fma htt intel lahf mmx msr nonstop_tsc pcid pclmuldq pdcm pdpe1gb popcnt pse rdrnd rdtscp sse2 sse3 sse4.1 sse4.2 ssse3 tdt x2apic
  Hardware topology: Basic
    Packages, cores, and logical processors:
    [indices refer to OS logical processors]
      Package  0: [   0   6] [   1   7] [   2   8] [   3   9] [   4  10] [   5  11]
    CPU limit set by OS: -1   Recommended max number of threads: 12
  GPU info:
    Number of GPUs detected: 1
    #0: NVIDIA NVIDIA GeForce GTX 1050, compute cap.: 6.1, ECC:  no, stat: compatible

The current CPU can measure timings more accurately than the code in
gmx mdrun was configured to use. This might affect your simulation
speed as accurate timings are needed for load-balancing.
Please consider rebuilding gmx mdrun with the GMX_USE_RDTSCP=ON CMake option.

++++ PLEASE READ AND CITE THE FOLLOWING REFERENCE ++++
M. J. Abraham, T. Murtola, R. Schulz, S. Páll, J. C. Smith, B. Hess, E.
Lindahl
GROMACS: High performance molecular simulations through multi-level
parallelism from laptops to supercomputers
SoftwareX 1 (2015) pp. 19-25
-------- -------- --- Thank You --- -------- --------


++++ PLEASE READ AND CITE THE FOLLOWING REFERENCE ++++
S. Páll, M. J. Abraham, C. Kutzner, B. Hess, E. Lindahl
Tackling Exascale Software Challenges in Molecular Dynamics Simulations with
GROMACS
In S. Markidis & E. Laure (Eds.), Solving Software Challenges for Exascale 8759 (2015) pp. 3-27
-------- -------- --- Thank You --- -------- --------


++++ PLEASE READ AND CITE THE FOLLOWING REFERENCE ++++
S. Pronk, S. Páll, R. Schulz, P. Larsson, P. Bjelkmar, R. Apostolov, M. R.
Shirts, J. C. Smith, P. M. Kasson, D. van der Spoel, B. Hess, and E. Lindahl
GROMACS 4.5: a high-throughput and highly parallel open source molecular
simulation toolkit
Bioinformatics 29 (2013) pp. 845-54
-------- -------- --- Thank You --- -------- --------


++++ PLEASE READ AND CITE THE FOLLOWING REFERENCE ++++
B. Hess and C. Kutzner and D. van der Spoel and E. Lindahl
GROMACS 4: Algorithms for highly efficient, load-balanced, and scalable
molecular simulation
J. Chem. Theory Comput. 4 (2008) pp. 435-447
-------- -------- --- Thank You --- -------- --------


++++ PLEASE READ AND CITE THE FOLLOWING REFERENCE ++++
D. van der Spoel, E. Lindahl, B. Hess, G. Groenhof, A. E. Mark and H. J. C.
Berendsen
GROMACS: Fast, Flexible and Free
J. Comp. Chem. 26 (2005) pp. 1701-1719
-------- -------- --- Thank You --- -------- --------


++++ PLEASE READ AND CITE THE FOLLOWING REFERENCE ++++
E. Lindahl and B. Hess and D. van der Spoel
GROMACS 3.0: A package for molecular simulation and trajectory analysis
J. Mol. Mod. 7 (2001) pp. 306-317
-------- -------- --- Thank You --- -------- --------


++++ PLEASE READ AND CITE THE FOLLOWING REFERENCE ++++
H. J. C. Berendsen, D. van der Spoel and R. van Drunen
GROMACS: A message-passing parallel molecular dynamics implementation
Comp. Phys. Comm. 91 (1995) pp. 43-56
-------- -------- --- Thank You --- -------- --------

Input Parameters:
   integrator                     = steep
   tinit                          = 0
   dt                             = 0
   nsteps                         = 10000
   init-step                      = 0
   simulation-part                = 1
   mts                            = false
   mass-repartition-factor        = 1
   comm-mode                      = Linear
   nstcomm                        = 100
   bd-fric                        = 0
   ld-seed                        = -1099038725
   emtol                          = 10
   emstep                         = 0.01
   niter                          = 20
   fcstep                         = 0
   nstcgsteep                     = 1000
   nbfgscorr                      = 10
   rtpi                           = 0.05
   nstxout                        = 0
   nstvout                        = 0
   nstfout                        = 0
   nstlog                         = 5000
   nstcalcenergy                  = 100
   nstenergy                      = 5000
   nstxout-compressed             = 5000
   compressed-x-precision         = 1000
   cutoff-scheme                  = Verlet
   nstlist                        = 10
   pbc                            = xyz
   periodic-molecules             = false
   verlet-buffer-tolerance        = 0.005
   verlet-buffer-pressure-tolerance = 0.5
   rlist                          = 1.05
   coulombtype                    = PME
   coulomb-modifier               = Potential-shift
   rcoulomb-switch                = 0
   rcoulomb                       = 1
   epsilon-r                      = 1
   epsilon-rf                     = inf
   vdw-type                       = Cut-off
   vdw-modifier                   = Potential-shift
   rvdw-switch                    = 0
   rvdw                           = 1
   DispCorr                       = EnerPres
   table-extension                = 1
   fourierspacing                 = 0.12
   fourier-nx                     = 144
   fourier-ny                     = 144
   fourier-nz                     = 144
   pme-order                      = 4
   ewald-rtol                     = 1e-05
   ewald-rtol-lj                  = 0.001
   lj-pme-comb-rule               = Geometric
   ewald-geometry                 = 3d
   epsilon-surface                = 0
   ensemble-temperature-setting   = not available
   tcoupl                         = No
   nsttcouple                     = -1
   nh-chain-length                = 0
   print-nose-hoover-chain-variables = false
   pcoupl                         = No
   refcoord-scaling               = COM
   posres-com (3):
      posres-com[0]= 0.00000e+00
      posres-com[1]= 0.00000e+00
      posres-com[2]= 0.00000e+00
   posres-comB (3):
      posres-comB[0]= 0.00000e+00
      posres-comB[1]= 0.00000e+00
      posres-comB[2]= 0.00000e+00
   QMMM                           = false
qm-opts:
   ngQM                           = 0
   constraint-algorithm           = Lincs
   continuation                   = false
   Shake-SOR                      = false
   shake-tol                      = 0.0001
   lincs-order                    = 4
   lincs-iter                     = 1
   lincs-warnangle                = 30
   nwall                          = 0
   wall-type                      = 9-3
   wall-r-linpot                  = -1
   wall-atomtype[0]               = -1
   wall-atomtype[1]               = -1
   wall-density[0]                = 0
   wall-density[1]                = 0
   wall-ewald-zfac                = 3
   pull                           = false
   awh                            = false
   rotation                       = false
   interactiveMD                  = false
   disre                          = Simple
   disre-weighting                = Conservative
   disre-mixed                    = false
   dr-fc                          = 1000
   dr-tau                         = 0
   nstdisreout                    = 0
   orire-fc                       = 0
   orire-tau                      = 0
   nstorireout                    = 100
   free-energy                    = no
   cos-acceleration               = 0
   deform (3x3):
      deform[    0]={ 0.00000e+00,  0.00000e+00,  0.00000e+00}
      deform[    1]={ 0.00000e+00,  0.00000e+00,  0.00000e+00}
      deform[    2]={ 0.00000e+00,  0.00000e+00,  0.00000e+00}
   simulated-tempering            = false
   swapcoords                     = no
   userint1                       = 0
   userint2                       = 0
   userint3                       = 0
   userint4                       = 0
   userreal1                      = 0
   userreal2                      = 0
   userreal3                      = 0
   userreal4                      = 0
   applied-forces:
     electric-field:
       x:
         E0                       = 0
         omega                    = 0
         t0                       = 0
         sigma                    = 0
       y:
         E0                       = 0
         omega                    = 0
         t0                       = 0
         sigma                    = 0
       z:
         E0                       = 0
         omega                    = 0
         t0                       = 0
         sigma                    = 0
     density-guided-simulation:
       active                     = false
       group                      = protein
       similarity-measure         = inner-product
       atom-spreading-weight      = unity
       force-constant             = 1e+09
       gaussian-transform-spreading-width = 0.2
       gaussian-transform-spreading-range-in-multiples-of-width = 4
       reference-density-filename = reference.mrc
       nst                        = 1
       normalize-densities        = true
       adaptive-force-scaling     = false
       adaptive-force-scaling-time-constant = 4
       shift-vector               = 
       transformation-matrix      = 
     qmmm-cp2k:
       active                     = false
       qmgroup                    = System
       qmmethod                   = PBE
       qmfilenames                = 
       qmcharge                   = 0
       qmmultiplicity             = 1
     colvars:
       active                     = false
       configfile                 = 
       seed                       = -1
grpopts:
   nrdf:      587183
   ref-t:           0
   tau-t:           0
annealing:          No
annealing-npoints:           0
   acc:	           0           0           0
   nfreeze:           N           N           N
   energygrp-flags[  0]: 0


Update groups can not be used for this system because there are three or more consecutively coupled constraints

Update task can not run on the GPU, because the following condition(s) were not satisfied:

Only the md integrator is supported.
The number of coupled constraints is higher than supported in the GPU LINCS code.

1 GPU selected for this run.
Mapping of GPU IDs to the 1 GPU task in the 1 rank on this node:
  PP:0
PP tasks will do (non-perturbed) short-ranged interactions on the GPU
PP task will update and constrain coordinates on the CPU
Using 1 MPI thread
Using 12 OpenMP threads 

System total charge: 0.000
Will do PME sum in reciprocal space for electrostatic interactions.

++++ PLEASE READ AND CITE THE FOLLOWING REFERENCE ++++
U. Essmann, L. Perera, M. L. Berkowitz, T. Darden, H. Lee and L. G. Pedersen 
A smooth particle mesh Ewald method
J. Chem. Phys. 103 (1995) pp. 8577-8592
-------- -------- --- Thank You --- -------- --------

Using a Gaussian width (1/beta) of 0.320163 nm for Ewald
Potential shift: LJ r^-12: -1.000e+00 r^-6: -1.000e+00, Ewald -1.000e-05
Initialized non-bonded Coulomb Ewald tables, spacing: 9.33e-04 size: 1073

Generated table with 1025 data points for 1-4 COUL.
Tabscale = 500 points/nm
Generated table with 1025 data points for 1-4 LJ6.
Tabscale = 500 points/nm
Generated table with 1025 data points for 1-4 LJ12.
Tabscale = 500 points/nm
Long Range LJ corr.: <C6> 2.8846e-04


Using GPU 8x8 nonbonded short-range kernels

Using a 8x8 pair-list setup:
  updated every 10 steps, buffer 0.050 nm, rlist 1.050 nm

Using Lorentz-Berthelot Lennard-Jones combination rule
Removing pbc first time

Pinning threads with an auto-selected logical cpu stride of 1

Initializing LINear Constraint Solver

++++ PLEASE READ AND CITE THE FOLLOWING REFERENCE ++++
B. Hess and H. Bekker and H. J. C. Berendsen and J. G. E. M. Fraaije
LINCS: A Linear Constraint Solver for molecular simulations
J. Comp. Chem. 18 (1997) pp. 1463-1472
-------- -------- --- Thank You --- -------- --------

The number of constraints is 6007

++++ PLEASE READ AND CITE THE FOLLOWING REFERENCE ++++
S. Miyamoto and P. A. Kollman
SETTLE: An Analytical Version of the SHAKE and RATTLE Algorithms for Rigid
Water Models
J. Comp. Chem. 13 (1992) pp. 952-962
-------- -------- --- Thank You --- -------- --------


Note that activating steepest-descent energy minimization via the integrator .mdp option and the command gmx mdrun may be available in a different form in a future version of GROMACS, e.g. gmx minimize and an .mdp option.
Initiating Steepest Descents
Started Steepest Descents on rank 0 Mon Feb  3 21:29:35 2025


Steepest Descents:
   Tolerance (Fmax)   =  1.00000e+01
   Number of steps    =        10000
           Step           Time
              0        0.00000

   Energies (kJ/mol)
          Angle    Proper Dih. Per. Imp. Dih.          LJ-14     Coulomb-14
    5.02602e+03    1.50998e+04    1.85052e+02    5.12674e+03    5.51345e+04
        LJ (SR)  Disper. corr.   Coulomb (SR)   Coul. recip.      Potential
    7.86536e+05   -3.45515e+04   -5.81456e+06    1.95669e+04   -4.96244e+06
 Pres. DC (bar) Pressure (bar)   Constr. rmsd
   -1.91095e+02   -5.06887e+03    6.13222e-04

           Step           Time
              1        1.00000

           Step           Time
              2        2.00000

   Energies (kJ/mol)
          Angle    Proper Dih. Per. Imp. Dih.          LJ-14     Coulomb-14
    4.31498e+03    1.50999e+04    2.17099e+02    5.23095e+03    5.58806e+04
        LJ (SR)  Disper. corr.   Coulomb (SR)   Coul. recip.      Potential
    7.86597e+05   -3.45515e+04   -5.81528e+06    1.95233e+04   -4.96297e+06
 Pres. DC (bar) Pressure (bar)   Constr. rmsd
   -1.91095e+02   -5.01222e+03    6.74531e-04

           Step           Time
              3        3.00000

           Step           Time
              4        4.00000

   Energies (kJ/mol)
          Angle    Proper Dih. Per. Imp. Dih.          LJ-14     Coulomb-14
    4.34005e+03    1.50841e+04    1.84509e+02    5.27307e+03    5.58173e+04
        LJ (SR)  Disper. corr.   Coulomb (SR)   Coul. recip.      Potential
    7.86589e+05   -3.45515e+04   -5.81538e+06    1.95234e+04   -4.96312e+06
 Pres. DC (bar) Pressure (bar)   Constr. rmsd
   -1.91095e+02   -5.03386e+03    2.96751e-04

           Step           Time
              5        5.00000

   Energies (kJ/mol)
          Angle    Proper Dih. Per. Imp. Dih.          LJ-14     Coulomb-14
    4.21122e+03    1.50804e+04    2.07718e+02    5.31454e+03    5.58491e+04
        LJ (SR)  Disper. corr.   Coulomb (SR)   Coul. recip.      Potential
    7.86677e+05   -3.45515e+04   -5.81554e+06    1.95219e+04   -4.96323e+06
 Pres. DC (bar) Pressure (bar)   Constr. rmsd
   -1.91095e+02   -5.00910e+03    4.31133e-04

           Step           Time
              6        6.00000

   Energies (kJ/mol)
          Angle    Proper Dih. Per. Imp. Dih.          LJ-14     Coulomb-14
    4.26396e+03    1.50815e+04    2.05645e+02    5.33685e+03    5.58632e+04
        LJ (SR)  Disper. corr.   Coulomb (SR)   Coul. recip.      Potential
    7.86718e+05   -3.45515e+04   -5.81572e+06    1.95173e+04   -4.96328e+06
 Pres. DC (bar) Pressure (bar)   Constr. rmsd
   -1.91095e+02   -5.01688e+03    3.33558e-04

           Step           Time
              7        7.00000

   Energies (kJ/mol)
          Angle    Proper Dih. Per. Imp. Dih.          LJ-14     Coulomb-14
    4.18015e+03    1.50773e+04    2.11534e+02    5.36370e+03    5.58942e+04
        LJ (SR)  Disper. corr.   Coulomb (SR)   Coul. recip.      Potential
    7.86770e+05   -3.45515e+04   -5.81582e+06    1.95188e+04   -4.96336e+06
 Pres. DC (bar) Pressure (bar)   Constr. rmsd
   -1.91095e+02   -5.00099e+03    3.18100e-04

           Step           Time
              8        8.00000

   Energies (kJ/mol)
          Angle    Proper Dih. Per. Imp. Dih.          LJ-14     Coulomb-14
    4.17580e+03    1.50698e+04    2.02508e+02    5.37208e+03    5.59146e+04
        LJ (SR)  Disper. corr.   Coulomb (SR)   Coul. recip.      Potential
    7.86812e+05   -3.45515e+04   -5.81597e+06    1.95123e+04   -4.96346e+06
 Pres. DC (bar) Pressure (bar)   Constr. rmsd
   -1.91095e+02   -5.00779e+03    2.79526e-04

           Step           Time
              9        9.00000

   Energies (kJ/mol)
          Angle    Proper Dih. Per. Imp. Dih.          LJ-14     Coulomb-14
    4.12948e+03    1.50677e+04    1.98671e+02    5.39311e+03    5.59254e+04
        LJ (SR)  Disper. corr.   Coulomb (SR)   Coul. recip.      Potential
    7.86861e+05   -3.45515e+04   -5.81606e+06    1.95152e+04   -4.96352e+06
 Pres. DC (bar) Pressure (bar)   Constr. rmsd
   -1.91095e+02   -4.99640e+03    2.88198e-04

           Step           Time
             10       10.00000

   Energies (kJ/mol)
          Angle    Proper Dih. Per. Imp. Dih.          LJ-14     Coulomb-14
    4.09316e+03    1.50583e+04    1.90830e+02    5.39776e+03    5.59468e+04
        LJ (SR)  Disper. corr.   Coulomb (SR)   Coul. recip.      Potential
    7.86896e+05   -3.45515e+04   -5.81617e+06    1.95087e+04   -4.96363e+06
 Pres. DC (bar) Pressure (bar)   Constr. rmsd
   -1.91095e+02   -5.00137e+03    2.42026e-04

           Step           Time
             11       11.00000

   Energies (kJ/mol)
          Angle    Proper Dih. Per. Imp. Dih.          LJ-14     Coulomb-14
    4.11012e+03    1.50598e+04    1.89383e+02    5.41378e+03    5.59531e+04
        LJ (SR)  Disper. corr.   Coulomb (SR)   Coul. recip.      Potential
    7.86953e+05   -3.45515e+04   -5.81629e+06    1.95113e+04   -4.96365e+06
 Pres. DC (bar) Pressure (bar)   Constr. rmsd
   -1.91095e+02   -4.99173e+03    2.99332e-04

           Step           Time
             12       12.00000

   Energies (kJ/mol)
          Angle    Proper Dih. Per. Imp. Dih.          LJ-14     Coulomb-14
    4.07826e+03    1.50532e+04    1.87459e+02    5.41765e+03    5.59713e+04
        LJ (SR)  Disper. corr.   Coulomb (SR)   Coul. recip.      Potential
    7.86988e+05   -3.45515e+04   -5.81638e+06    1.95051e+04   -4.96373e+06
 Pres. DC (bar) Pressure (bar)   Constr. rmsd
   -1.91095e+02   -4.99499e+03    2.59960e-04

           Step           Time
             13       13.00000

           Step           Time
             14       14.00000

   Energies (kJ/mol)
          Angle    Proper Dih. Per. Imp. Dih.          LJ-14     Coulomb-14
    3.98133e+03    1.50524e+04    1.82309e+02    5.42724e+03    5.59778e+04
        LJ (SR)  Disper. corr.   Coulomb (SR)   Coul. recip.      Potential
    7.87009e+05   -3.45515e+04   -5.81643e+06    1.95060e+04   -4.96385e+06
 Pres. DC (bar) Pressure (bar)   Constr. rmsd
   -1.91095e+02   -4.99574e+03    1.62068e-04

           Step           Time
             15       15.00000

   Energies (kJ/mol)
          Angle    Proper Dih. Per. Imp. Dih.          LJ-14     Coulomb-14
    3.96479e+03    1.50472e+04    1.84716e+02    5.43106e+03    5.59946e+04
        LJ (SR)  Disper. corr.   Coulomb (SR)   Coul. recip.      Potential
    7.87139e+05   -3.45515e+04   -5.81668e+06    1.95002e+04   -4.96397e+06
 Pres. DC (bar) Pressure (bar)   Constr. rmsd
   -1.91095e+02   -4.98069e+03    4.96390e-04

           Step           Time
             16       16.00000

   Energies (kJ/mol)
          Angle    Proper Dih. Per. Imp. Dih.          LJ-14     Coulomb-14
    3.95192e+03    1.50489e+04    1.82360e+02    5.44686e+03    5.60053e+04
        LJ (SR)  Disper. corr.   Coulomb (SR)   Coul. recip.      Potential
    7.87151e+05   -3.45515e+04   -5.81676e+06    1.95008e+04   -4.96402e+06
 Pres. DC (bar) Pressure (bar)   Constr. rmsd
   -1.91095e+02   -4.98772e+03    2.29541e-04

           Step           Time
             17       17.00000

           Step           Time
             18       18.00000

   Energies (kJ/mol)
          Angle    Proper Dih. Per. Imp. Dih.          LJ-14     Coulomb-14
    3.92264e+03    1.50475e+04    1.82915e+02    5.45155e+03    5.60139e+04
        LJ (SR)  Disper. corr.   Coulomb (SR)   Coul. recip.      Potential
    7.87180e+05   -3.45515e+04   -5.81682e+06    1.94985e+04   -4.96408e+06
 Pres. DC (bar) Pressure (bar)   Constr. rmsd
   -1.91095e+02   -4.98774e+03    1.67012e-04

           Step           Time
             19       19.00000

   Energies (kJ/mol)
          Angle    Proper Dih. Per. Imp. Dih.          LJ-14     Coulomb-14
    3.92488e+03    1.50460e+04    1.83532e+02    5.45459e+03    5.60229e+04
        LJ (SR)  Disper. corr.   Coulomb (SR)   Coul. recip.      Potential
    7.87269e+05   -3.45515e+04   -5.81702e+06    1.94963e+04   -4.96417e+06
 Pres. DC (bar) Pressure (bar)   Constr. rmsd
   -1.91095e+02   -4.97915e+03    3.51582e-04

           Step           Time
             20       20.00000

   Energies (kJ/mol)
          Angle    Proper Dih. Per. Imp. Dih.          LJ-14     Coulomb-14
    3.90469e+03    1.50455e+04    1.82826e+02    5.46225e+03    5.60311e+04
        LJ (SR)  Disper. corr.   Coulomb (SR)   Coul. recip.      Potential
    7.87287e+05   -3.45515e+04   -5.81709e+06    1.94938e+04   -4.96423e+06
 Pres. DC (bar) Pressure (bar)   Constr. rmsd
   -1.91095e+02   -4.98336e+03    1.91623e-04

           Step           Time
             21       21.00000

   Energies (kJ/mol)
          Angle    Proper Dih. Per. Imp. Dih.          LJ-14     Coulomb-14
    3.96602e+03    1.50444e+04    1.84231e+02    5.46530e+03    5.60397e+04
        LJ (SR)  Disper. corr.   Coulomb (SR)   Coul. recip.      Potential
    7.87368e+05   -3.45515e+04   -5.81725e+06    1.94923e+04   -4.96424e+06
 Pres. DC (bar) Pressure (bar)   Constr. rmsd
   -1.91095e+02   -4.97534e+03    3.43009e-04

           Step           Time
             22       22.00000

   Energies (kJ/mol)
          Angle    Proper Dih. Per. Imp. Dih.          LJ-14     Coulomb-14
    3.91803e+03    1.50439e+04    1.82879e+02    5.47060e+03    5.60456e+04
        LJ (SR)  Disper. corr.   Coulomb (SR)   Coul. recip.      Potential
    7.87393e+05   -3.45515e+04   -5.81734e+06    1.94892e+04   -4.96434e+06
 Pres. DC (bar) Pressure (bar)   Constr. rmsd
   -1.91095e+02   -4.97937e+03    2.35219e-04

           Step           Time
             23       23.00000

           Step           Time
             24       24.00000

   Energies (kJ/mol)
          Angle    Proper Dih. Per. Imp. Dih.          LJ-14     Coulomb-14
    3.86998e+03    1.50437e+04    1.83271e+02    5.47545e+03    5.60528e+04
        LJ (SR)  Disper. corr.   Coulomb (SR)   Coul. recip.      Potential
    7.87422e+05   -3.45515e+04   -5.81740e+06    1.94887e+04   -4.96442e+06
 Pres. DC (bar) Pressure (bar)   Constr. rmsd
   -1.91095e+02   -4.97950e+03    1.71024e-04

           Step           Time
             25       25.00000

   Energies (kJ/mol)
          Angle    Proper Dih. Per. Imp. Dih.          LJ-14     Coulomb-14
    3.89708e+03    1.50419e+04    1.83535e+02    5.47405e+03    5.60567e+04
        LJ (SR)  Disper. corr.   Coulomb (SR)   Coul. recip.      Potential
    7.87499e+05   -3.45515e+04   -5.81756e+06    1.94849e+04   -4.96447e+06
 Pres. DC (bar) Pressure (bar)   Constr. rmsd
   -1.91095e+02   -4.97311e+03    3.14545e-04

           Step           Time
             26       26.00000

   Energies (kJ/mol)
          Angle    Proper Dih. Per. Imp. Dih.          LJ-14     Coulomb-14
    3.88007e+03    1.50425e+04    1.83310e+02    5.48175e+03    5.60642e+04
        LJ (SR)  Disper. corr.   Coulomb (SR)   Coul. recip.      Potential
    7.87527e+05   -3.45515e+04   -5.81764e+06    1.94846e+04   -4.96453e+06
 Pres. DC (bar) Pressure (bar)   Constr. rmsd
   -1.91095e+02   -4.97532e+03    2.20652e-04

           Step           Time
             27       27.00000

           Step           Time
             28       28.00000

   Energies (kJ/mol)
          Angle    Proper Dih. Per. Imp. Dih.          LJ-14     Coulomb-14
    3.84287e+03    1.50418e+04    1.83101e+02    5.48471e+03    5.60695e+04
        LJ (SR)  Disper. corr.   Coulomb (SR)   Coul. recip.      Potential
    7.87552e+05   -3.45515e+04   -5.81770e+06    1.94826e+04   -4.96459e+06
 Pres. DC (bar) Pressure (bar)   Constr. rmsd
   -1.91095e+02   -4.97655e+03    1.46408e-04

           Step           Time
             29       29.00000

   Energies (kJ/mol)
          Angle    Proper Dih. Per. Imp. Dih.          LJ-14     Coulomb-14
    3.85079e+03    1.50400e+04    1.84447e+02    5.48106e+03    5.60732e+04
        LJ (SR)  Disper. corr.   Coulomb (SR)   Coul. recip.      Potential
    7.87671e+05   -3.45515e+04   -5.81792e+06    1.94790e+04   -4.96470e+06
 Pres. DC (bar) Pressure (bar)   Constr. rmsd
   -1.91095e+02   -4.96538e+03    4.36504e-04

           Step           Time
             30       30.00000

   Energies (kJ/mol)
          Angle    Proper Dih. Per. Imp. Dih.          LJ-14     Coulomb-14
    3.83078e+03    1.50404e+04    1.82876e+02    5.49042e+03    5.60814e+04
        LJ (SR)  Disper. corr.   Coulomb (SR)   Coul. recip.      Potential
    7.87678e+05   -3.45515e+04   -5.81799e+06    1.94769e+04   -4.96476e+06
 Pres. DC (bar) Pressure (bar)   Constr. rmsd
   -1.91095e+02   -4.97266e+03    1.89026e-04

           Step           Time
             31       31.00000

   Energies (kJ/mol)
          Angle    Proper Dih. Per. Imp. Dih.          LJ-14     Coulomb-14
    3.91512e+03    1.50392e+04    1.85159e+02    5.48953e+03    5.60870e+04
        LJ (SR)  Disper. corr.   Coulomb (SR)   Coul. recip.      Potential
    7.87774e+05   -3.45515e+04   -5.81820e+06    1.94744e+04   -4.96478e+06
 Pres. DC (bar) Pressure (bar)   Constr. rmsd
   -1.91095e+02   -4.96351e+03    3.80831e-04

           Step           Time
             32       32.00000

   Energies (kJ/mol)
          Angle    Proper Dih. Per. Imp. Dih.          LJ-14     Coulomb-14
    3.85284e+03    1.50395e+04    1.82862e+02    5.49497e+03    5.60913e+04
        LJ (SR)  Disper. corr.   Coulomb (SR)   Coul. recip.      Potential
    7.87792e+05   -3.45515e+04   -5.81828e+06    1.94717e+04   -4.96490e+06
 Pres. DC (bar) Pressure (bar)   Constr. rmsd
   -1.91095e+02   -4.96954e+03    2.39699e-04

           Step           Time
             33       33.00000

           Step           Time
             34       34.00000

   Energies (kJ/mol)
          Angle    Proper Dih. Per. Imp. Dih.          LJ-14     Coulomb-14
    3.81542e+03    1.50392e+04    1.83577e+02    5.49856e+03    5.60974e+04
        LJ (SR)  Disper. corr.   Coulomb (SR)   Coul. recip.      Potential
    7.87823e+05   -3.45515e+04   -5.81834e+06    1.94710e+04   -4.96496e+06
 Pres. DC (bar) Pressure (bar)   Constr. rmsd
   -1.91095e+02   -4.96931e+03    1.78130e-04

           Step           Time
             35       35.00000

   Energies (kJ/mol)
          Angle    Proper Dih. Per. Imp. Dih.          LJ-14     Coulomb-14
    3.84959e+03    1.50381e+04    1.83406e+02    5.49625e+03    5.60984e+04
        LJ (SR)  Disper. corr.   Coulomb (SR)   Coul. recip.      Potential
    7.87891e+05   -3.45515e+04   -5.81846e+06    1.94675e+04   -4.96498e+06
 Pres. DC (bar) Pressure (bar)   Constr. rmsd
   -1.91095e+02   -4.96484e+03    2.80831e-04

           Step           Time
             36       36.00000

   Energies (kJ/mol)
          Angle    Proper Dih. Per. Imp. Dih.          LJ-14     Coulomb-14
    3.83705e+03    1.50386e+04    1.83597e+02    5.50188e+03    5.61042e+04
        LJ (SR)  Disper. corr.   Coulomb (SR)   Coul. recip.      Potential
    7.87920e+05   -3.45515e+04   -5.81855e+06    1.94669e+04   -4.96505e+06
 Pres. DC (bar) Pressure (bar)   Constr. rmsd
   -1.91095e+02   -4.96603e+03    2.24726e-04

           Step           Time
             37       37.00000

           Step           Time
             38       38.00000

   Energies (kJ/mol)
          Angle    Proper Dih. Per. Imp. Dih.          LJ-14     Coulomb-14
    3.79461e+03    1.50381e+04    1.83163e+02    5.50419e+03    5.61084e+04
        LJ (SR)  Disper. corr.   Coulomb (SR)   Coul. recip.      Potential
    7.87941e+05   -3.45515e+04   -5.81859e+06    1.94651e+04   -4.96511e+06
 Pres. DC (bar) Pressure (bar)   Constr. rmsd
   -1.91095e+02   -4.96779e+03    1.41518e-04

           Step           Time
             39       39.00000

   Energies (kJ/mol)
          Angle    Proper Dih. Per. Imp. Dih.          LJ-14     Coulomb-14
    3.81171e+03    1.50365e+04    1.84734e+02    5.49702e+03    5.61078e+04
        LJ (SR)  Disper. corr.   Coulomb (SR)   Coul. recip.      Potential
    7.88078e+05   -3.45515e+04   -5.81884e+06    1.94608e+04   -4.96522e+06
 Pres. DC (bar) Pressure (bar)   Constr. rmsd
   -1.91095e+02   -4.95582e+03    4.72719e-04

           Step           Time
             40       40.00000

   Energies (kJ/mol)
          Angle    Proper Dih. Per. Imp. Dih.          LJ-14     Coulomb-14
    3.78884e+03    1.50371e+04    1.82874e+02    5.50697e+03    5.61161e+04
        LJ (SR)  Disper. corr.   Coulomb (SR)   Coul. recip.      Potential
    7.88083e+05   -3.45515e+04   -5.81890e+06    1.94589e+04   -4.96528e+06
 Pres. DC (bar) Pressure (bar)   Constr. rmsd
   -1.91095e+02   -4.96437e+03    1.92387e-04

           Step           Time
             41       41.00000

           Step           Time
             42       42.00000

   Energies (kJ/mol)
          Angle    Proper Dih. Per. Imp. Dih.          LJ-14     Coulomb-14
    3.78047e+03    1.50367e+04    1.83778e+02    5.50857e+03    5.61207e+04
        LJ (SR)  Disper. corr.   Coulomb (SR)   Coul. recip.      Potential
    7.88128e+05   -3.45515e+04   -5.81898e+06    1.94574e+04   -4.96532e+06
 Pres. DC (bar) Pressure (bar)   Constr. rmsd
   -1.91095e+02   -4.96251e+03    1.96722e-04

           Step           Time
             43       43.00000

   Energies (kJ/mol)
          Angle    Proper Dih. Per. Imp. Dih.          LJ-14     Coulomb-14
    3.78588e+03    1.50364e+04    1.83109e+02    5.50885e+03    5.61220e+04
        LJ (SR)  Disper. corr.   Coulomb (SR)   Coul. recip.      Potential
    7.88171e+05   -3.45515e+04   -5.81907e+06    1.94550e+04   -4.96536e+06
 Pres. DC (bar) Pressure (bar)   Constr. rmsd
   -1.91095e+02   -4.96179e+03    2.02945e-04

           Step           Time
             44       44.00000

   Energies (kJ/mol)
          Angle    Proper Dih. Per. Imp. Dih.          LJ-14     Coulomb-14
    3.79621e+03    1.50363e+04    1.83824e+02    5.51077e+03    5.61254e+04
        LJ (SR)  Disper. corr.   Coulomb (SR)   Coul. recip.      Potential
    7.88214e+05   -3.45515e+04   -5.81917e+06    1.94535e+04   -4.96540e+06
 Pres. DC (bar) Pressure (bar)   Constr. rmsd
   -1.91095e+02   -4.96009e+03    2.22781e-04

           Step           Time
             45       45.00000

   Energies (kJ/mol)
          Angle    Proper Dih. Per. Imp. Dih.          LJ-14     Coulomb-14
    3.80604e+03    1.50359e+04    1.83137e+02    5.51116e+03    5.61272e+04
        LJ (SR)  Disper. corr.   Coulomb (SR)   Coul. recip.      Potential
    7.88254e+05   -3.45515e+04   -5.81926e+06    1.94509e+04   -4.96545e+06
 Pres. DC (bar) Pressure (bar)   Constr. rmsd
   -1.91095e+02   -4.96009e+03    2.14511e-04

           Step           Time
             46       46.00000

   Energies (kJ/mol)
          Angle    Proper Dih. Per. Imp. Dih.          LJ-14     Coulomb-14
    3.83772e+03    1.50361e+04    1.84035e+02    5.51334e+03    5.61307e+04
        LJ (SR)  Disper. corr.   Coulomb (SR)   Coul. recip.      Potential
    7.88302e+05   -3.45515e+04   -5.81938e+06    1.94498e+04   -4.96548e+06
 Pres. DC (bar) Pressure (bar)   Constr. rmsd
   -1.91095e+02   -4.95752e+03    2.60330e-04

           Step           Time
             47       47.00000

   Energies (kJ/mol)
          Angle    Proper Dih. Per. Imp. Dih.          LJ-14     Coulomb-14
    3.86060e+03    1.50355e+04    1.83176e+02    5.51299e+03    5.61318e+04
        LJ (SR)  Disper. corr.   Coulomb (SR)   Coul. recip.      Potential
    7.88344e+05   -3.45515e+04   -5.81947e+06    1.94469e+04   -4.96551e+06
 Pres. DC (bar) Pressure (bar)   Constr. rmsd
   -1.91095e+02   -4.95755e+03    2.78161e-04

           Step           Time
             48       48.00000

           Step           Time
             49       49.00000

   Energies (kJ/mol)
          Angle    Proper Dih. Per. Imp. Dih.          LJ-14     Coulomb-14
    3.76116e+03    1.50357e+04    1.83243e+02    5.51747e+03    5.61373e+04
        LJ (SR)  Disper. corr.   Coulomb (SR)   Coul. recip.      Potential
    7.88360e+05   -3.45515e+04   -5.81953e+06    1.94463e+04   -4.96564e+06
 Pres. DC (bar) Pressure (bar)   Constr. rmsd
   -1.91095e+02   -4.96037e+03    1.51192e-04

           Step           Time
             50       50.00000

   Energies (kJ/mol)
          Angle    Proper Dih. Per. Imp. Dih.          LJ-14     Coulomb-14
    3.78024e+03    1.50324e+04    1.84971e+02    5.49911e+03    5.61286e+04
        LJ (SR)  Disper. corr.   Coulomb (SR)   Coul. recip.      Potential
    7.88566e+05   -3.45515e+04   -5.81992e+06    1.94381e+04   -4.96584e+06
 Pres. DC (bar) Pressure (bar)   Constr. rmsd
   -1.91095e+02   -4.94256e+03    6.91773e-04

           Step           Time
             51       51.00000

   Energies (kJ/mol)
          Angle    Proper Dih. Per. Imp. Dih.          LJ-14     Coulomb-14
    3.76935e+03    1.50352e+04    1.82906e+02    5.51817e+03    5.61418e+04
        LJ (SR)  Disper. corr.   Coulomb (SR)   Coul. recip.      Potential
    7.88559e+05   -3.45515e+04   -5.81998e+06    1.94378e+04   -4.96588e+06
 Pres. DC (bar) Pressure (bar)   Constr. rmsd
   -1.91095e+02   -4.95547e+03    2.49268e-04

           Step           Time
             52       52.00000

           Step           Time
             53       53.00000

   Energies (kJ/mol)
          Angle    Proper Dih. Per. Imp. Dih.          LJ-14     Coulomb-14
    3.75898e+03    1.50342e+04    1.83371e+02    5.51948e+03    5.61467e+04
        LJ (SR)  Disper. corr.   Coulomb (SR)   Coul. recip.      Potential
    7.88591e+05   -3.45515e+04   -5.82004e+06    1.94356e+04   -4.96593e+06
 Pres. DC (bar) Pressure (bar)   Constr. rmsd
   -1.91095e+02   -4.95575e+03    1.81108e-04

           Step           Time
             54       54.00000

   Energies (kJ/mol)
          Angle    Proper Dih. Per. Imp. Dih.          LJ-14     Coulomb-14
    3.78298e+03    1.50345e+04    1.83607e+02    5.51951e+03    5.61477e+04
        LJ (SR)  Disper. corr.   Coulomb (SR)   Coul. recip.      Potential
    7.88651e+05   -3.45515e+04   -5.82016e+06    1.94337e+04   -4.96596e+06
 Pres. DC (bar) Pressure (bar)   Constr. rmsd
   -1.91095e+02   -4.95198e+03    2.58760e-04

           Step           Time
             55       55.00000

   Energies (kJ/mol)
          Angle    Proper Dih. Per. Imp. Dih.          LJ-14     Coulomb-14
    3.77840e+03    1.50340e+04    1.83144e+02    5.52093e+03    5.61504e+04
        LJ (SR)  Disper. corr.   Coulomb (SR)   Coul. recip.      Potential
    7.88682e+05   -3.45515e+04   -5.82024e+06    1.94314e+04   -4.96601e+06
 Pres. DC (bar) Pressure (bar)   Constr. rmsd
   -1.91095e+02   -4.95371e+03    2.06984e-04

           Step           Time
             56       56.00000

           Step           Time
             57       57.00000

   Energies (kJ/mol)
          Angle    Proper Dih. Per. Imp. Dih.          LJ-14     Coulomb-14
    3.74328e+03    1.50342e+04    1.83257e+02    5.52436e+03    5.61546e+04
        LJ (SR)  Disper. corr.   Coulomb (SR)   Coul. recip.      Potential
    7.88703e+05   -3.45515e+04   -5.82030e+06    1.94306e+04   -4.96608e+06
 Pres. DC (bar) Pressure (bar)   Constr. rmsd
   -1.91095e+02   -4.95472e+03    1.38595e-04

           Step           Time
             58       58.00000

   Energies (kJ/mol)
          Angle    Proper Dih. Per. Imp. Dih.          LJ-14     Coulomb-14
    3.74960e+03    1.50327e+04    1.83757e+02    5.51580e+03    5.61500e+04
        LJ (SR)  Disper. corr.   Coulomb (SR)   Coul. recip.      Potential
    7.88814e+05   -3.45515e+04   -5.82051e+06    1.94261e+04   -4.96619e+06
 Pres. DC (bar) Pressure (bar)   Constr. rmsd
   -1.91095e+02   -4.94694e+03    3.79465e-04

           Step           Time
             59       59.00000

   Energies (kJ/mol)
          Angle    Proper Dih. Per. Imp. Dih.          LJ-14     Coulomb-14
    3.75008e+03    1.50340e+04    1.83167e+02    5.52464e+03    5.61566e+04
        LJ (SR)  Disper. corr.   Coulomb (SR)   Coul. recip.      Potential
    7.88831e+05   -3.45515e+04   -5.82058e+06    1.94253e+04   -4.96623e+06
 Pres. DC (bar) Pressure (bar)   Constr. rmsd
   -1.91095e+02   -4.95183e+03    1.93006e-04

           Step           Time
             60       60.00000

   Energies (kJ/mol)
          Angle    Proper Dih. Per. Imp. Dih.          LJ-14     Coulomb-14
    3.80406e+03    1.50328e+04    1.83694e+02    5.52115e+03    5.61568e+04
        LJ (SR)  Disper. corr.   Coulomb (SR)   Coul. recip.      Potential
    7.88894e+05   -3.45515e+04   -5.82072e+06    1.94219e+04   -4.96625e+06
 Pres. DC (bar) Pressure (bar)   Constr. rmsd
   -1.91095e+02   -4.94787e+03    2.84231e-04

           Step           Time
             61       61.00000

   Energies (kJ/mol)
          Angle    Proper Dih. Per. Imp. Dih.          LJ-14     Coulomb-14
    3.78673e+03    1.50339e+04    1.83410e+02    5.52620e+03    5.61603e+04
        LJ (SR)  Disper. corr.   Coulomb (SR)   Coul. recip.      Potential
    7.88923e+05   -3.45515e+04   -5.82080e+06    1.94212e+04   -4.96631e+06
 Pres. DC (bar) Pressure (bar)   Constr. rmsd
   -1.91095e+02   -4.94945e+03    2.45961e-04

           Step           Time
             62       62.00000

           Step           Time
             63       63.00000

   Energies (kJ/mol)
          Angle    Proper Dih. Per. Imp. Dih.          LJ-14     Coulomb-14
    3.73702e+03    1.50333e+04    1.83064e+02    5.52754e+03    5.61636e+04
        LJ (SR)  Disper. corr.   Coulomb (SR)   Coul. recip.      Potential
    7.88944e+05   -3.45515e+04   -5.82085e+06    1.94194e+04   -4.96640e+06
 Pres. DC (bar) Pressure (bar)   Constr. rmsd
   -1.91095e+02   -4.95136e+03    1.49537e-04

           Step           Time
             64       64.00000

   Energies (kJ/mol)
          Angle    Proper Dih. Per. Imp. Dih.          LJ-14     Coulomb-14
    3.78426e+03    1.50325e+04    1.84529e+02    5.52027e+03    5.61595e+04
        LJ (SR)  Disper. corr.   Coulomb (SR)   Coul. recip.      Potential
    7.89059e+05   -3.45515e+04   -5.82107e+06    1.94157e+04   -4.96646e+06
 Pres. DC (bar) Pressure (bar)   Constr. rmsd
   -1.91095e+02   -4.94127e+03    4.23049e-04

           Step           Time
             65       65.00000

   Energies (kJ/mol)
          Angle    Proper Dih. Per. Imp. Dih.          LJ-14     Coulomb-14
    3.74612e+03    1.50330e+04    1.82740e+02    5.52740e+03    5.61653e+04
        LJ (SR)  Disper. corr.   Coulomb (SR)   Coul. recip.      Potential
    7.89071e+05   -3.45515e+04   -5.82113e+06    1.94138e+04   -4.96654e+06
 Pres. DC (bar) Pressure (bar)   Constr. rmsd
   -1.91095e+02   -4.94874e+03    2.06335e-04

           Step           Time
             66       66.00000

           Step           Time
             67       67.00000

   Energies (kJ/mol)
          Angle    Proper Dih. Per. Imp. Dih.          LJ-14     Coulomb-14
    3.73412e+03    1.50328e+04    1.83579e+02    5.52901e+03    5.61687e+04
        LJ (SR)  Disper. corr.   Coulomb (SR)   Coul. recip.      Potential
    7.89108e+05   -3.45515e+04   -5.82121e+06    1.94125e+04   -4.96659e+06
 Pres. DC (bar) Pressure (bar)   Constr. rmsd
   -1.91095e+02   -4.94775e+03    1.79720e-04

           Step           Time
             68       68.00000

   Energies (kJ/mol)
          Angle    Proper Dih. Per. Imp. Dih.          LJ-14     Coulomb-14
    3.74883e+03    1.50325e+04    1.83017e+02    5.52708e+03    5.61676e+04
        LJ (SR)  Disper. corr.   Coulomb (SR)   Coul. recip.      Potential
    7.89157e+05   -3.45515e+04   -5.82132e+06    1.94098e+04   -4.96664e+06
 Pres. DC (bar) Pressure (bar)   Constr. rmsd
   -1.91095e+02   -4.94599e+03    2.24499e-04

           Step           Time
             69       69.00000

   Energies (kJ/mol)
          Angle    Proper Dih. Per. Imp. Dih.          LJ-14     Coulomb-14
    3.75512e+03    1.50328e+04    1.83625e+02    5.52967e+03    5.61704e+04
        LJ (SR)  Disper. corr.   Coulomb (SR)   Coul. recip.      Potential
    7.89194e+05   -3.45515e+04   -5.82141e+06    1.94085e+04   -4.96669e+06
 Pres. DC (bar) Pressure (bar)   Constr. rmsd
   -1.91095e+02   -4.94566e+03    2.12525e-04

           Step           Time
             70       70.00000

   Energies (kJ/mol)
          Angle    Proper Dih. Per. Imp. Dih.          LJ-14     Coulomb-14
    3.78590e+03    1.50323e+04    1.83040e+02    5.52818e+03    5.61701e+04
        LJ (SR)  Disper. corr.   Coulomb (SR)   Coul. recip.      Potential
    7.89241e+05   -3.45515e+04   -5.82149e+06    1.94058e+04   -4.96669e+06
 Pres. DC (bar) Pressure (bar)   Constr. rmsd
   -1.91095e+02   -4.94455e+03    2.43856e-04

           Step           Time
             71       71.00000

   Energies (kJ/mol)
          Angle    Proper Dih. Per. Imp. Dih.          LJ-14     Coulomb-14
    3.80510e+03    1.50328e+04    1.83891e+02    5.53082e+03    5.61727e+04
        LJ (SR)  Disper. corr.   Coulomb (SR)   Coul. recip.      Potential
    7.89282e+05   -3.45515e+04   -5.82158e+06    1.94048e+04   -4.96672e+06
 Pres. DC (bar) Pressure (bar)   Constr. rmsd
   -1.91095e+02   -4.94333e+03    2.78435e-04

           Step           Time
             72       72.00000

   Energies (kJ/mol)
          Angle    Proper Dih. Per. Imp. Dih.          LJ-14     Coulomb-14
    3.87321e+03    1.50322e+04    1.83092e+02    5.52888e+03    5.61720e+04
        LJ (SR)  Disper. corr.   Coulomb (SR)   Coul. recip.      Potential
    7.89325e+05   -3.45515e+04   -5.82169e+06    1.94019e+04   -4.96673e+06
 Pres. DC (bar) Pressure (bar)   Constr. rmsd
   -1.91095e+02   -4.94189e+03    3.49077e-04

           Step           Time
             73       73.00000

   Energies (kJ/mol)
          Angle    Proper Dih. Per. Imp. Dih.          LJ-14     Coulomb-14
    3.90776e+03    1.50331e+04    1.84381e+02    5.53229e+03    5.61752e+04
        LJ (SR)  Disper. corr.   Coulomb (SR)   Coul. recip.      Potential
    7.89366e+05   -3.45515e+04   -5.82178e+06    1.94014e+04   -4.96673e+06
 Pres. DC (bar) Pressure (bar)   Constr. rmsd
   -1.91095e+02   -4.94014e+03    4.62918e-04

           Step           Time
             74       74.00000

           Step           Time
             75       75.00000

   Energies (kJ/mol)
          Angle    Proper Dih. Per. Imp. Dih.          LJ-14     Coulomb-14
    3.72515e+03    1.50323e+04    1.82972e+02    5.53287e+03    5.61777e+04
        LJ (SR)  Disper. corr.   Coulomb (SR)   Coul. recip.      Potential
    7.89385e+05   -3.45515e+04   -5.82182e+06    1.93993e+04   -4.96694e+06
 Pres. DC (bar) Pressure (bar)   Constr. rmsd
   -1.91095e+02   -4.94536e+03    2.23718e-04

           Step           Time
             76       76.00000

           Step           Time
             77       77.00000

   Energies (kJ/mol)
          Angle    Proper Dih. Per. Imp. Dih.          LJ-14     Coulomb-14
    3.73506e+03    1.50316e+04    1.84092e+02    5.52866e+03    5.61759e+04
        LJ (SR)  Disper. corr.   Coulomb (SR)   Coul. recip.      Potential
    7.89464e+05   -3.45515e+04   -5.82199e+06    1.93966e+04   -4.96703e+06
 Pres. DC (bar) Pressure (bar)   Constr. rmsd
   -1.91095e+02   -4.93927e+03    3.12252e-04

           Step           Time
             78       78.00000

   Energies (kJ/mol)
          Angle    Proper Dih. Per. Imp. Dih.          LJ-14     Coulomb-14
    3.72802e+03    1.50320e+04    1.82778e+02    5.53282e+03    5.61790e+04
        LJ (SR)  Disper. corr.   Coulomb (SR)   Coul. recip.      Potential
    7.89487e+05   -3.45515e+04   -5.82206e+06    1.93947e+04   -4.96708e+06
 Pres. DC (bar) Pressure (bar)   Constr. rmsd
   -1.91095e+02   -4.94323e+03    1.78742e-04

           Step           Time
             79       79.00000

   Energies (kJ/mol)
          Angle    Proper Dih. Per. Imp. Dih.          LJ-14     Coulomb-14
    3.77902e+03    1.50317e+04    1.84375e+02    5.53082e+03    5.61787e+04
        LJ (SR)  Disper. corr.   Coulomb (SR)   Coul. recip.      Potential
    7.89553e+05   -3.45515e+04   -5.82220e+06    1.93926e+04   -4.96711e+06
 Pres. DC (bar) Pressure (bar)   Constr. rmsd
   -1.91095e+02   -4.93803e+03    2.97740e-04

           Step           Time
             80       80.00000

   Energies (kJ/mol)
          Angle    Proper Dih. Per. Imp. Dih.          LJ-14     Coulomb-14
    3.75865e+03    1.50319e+04    1.82704e+02    5.53279e+03    5.61800e+04
        LJ (SR)  Disper. corr.   Coulomb (SR)   Coul. recip.      Potential
    7.89579e+05   -3.45515e+04   -5.82227e+06    1.93904e+04   -4.96716e+06
 Pres. DC (bar) Pressure (bar)   Constr. rmsd
   -1.91095e+02   -4.94135e+03    2.28627e-04

           Step           Time
             81       81.00000

           Step           Time
             82       82.00000

   Energies (kJ/mol)
          Angle    Proper Dih. Per. Imp. Dih.          LJ-14     Coulomb-14
    3.71703e+03    1.50319e+04    1.83240e+02    5.53566e+03    5.61840e+04
        LJ (SR)  Disper. corr.   Coulomb (SR)   Coul. recip.      Potential
    7.89605e+05   -3.45515e+04   -5.82232e+06    1.93895e+04   -4.96723e+06
 Pres. DC (bar) Pressure (bar)   Constr. rmsd
   -1.91095e+02   -4.94220e+03    1.52113e-04

           Step           Time
             83       83.00000

   Energies (kJ/mol)
          Angle    Proper Dih. Per. Imp. Dih.          LJ-14     Coulomb-14
    3.74884e+03    1.50309e+04    1.83362e+02    5.52831e+03    5.61788e+04
        LJ (SR)  Disper. corr.   Coulomb (SR)   Coul. recip.      Potential
    7.89694e+05   -3.45515e+04   -5.82250e+06    1.93855e+04   -4.96730e+06
 Pres. DC (bar) Pressure (bar)   Constr. rmsd
   -1.91095e+02   -4.93592e+03    3.35623e-04

           Step           Time
             84       84.00000

   Energies (kJ/mol)
          Angle    Proper Dih. Per. Imp. Dih.          LJ-14     Coulomb-14
    3.73383e+03    1.50319e+04    1.83231e+02    5.53523e+03    5.61841e+04
        LJ (SR)  Disper. corr.   Coulomb (SR)   Coul. recip.      Potential
    7.89714e+05   -3.45515e+04   -5.82257e+06    1.93849e+04   -4.96735e+06
 Pres. DC (bar) Pressure (bar)   Constr. rmsd
   -1.91095e+02   -4.93970e+03    2.05862e-04

           Step           Time
             85       85.00000

           Step           Time
             86       86.00000

   Energies (kJ/mol)
          Angle    Proper Dih. Per. Imp. Dih.          LJ-14     Coulomb-14
    3.71367e+03    1.50315e+04    1.82974e+02    5.53611e+03    5.61866e+04
        LJ (SR)  Disper. corr.   Coulomb (SR)   Coul. recip.      Potential
    7.89741e+05   -3.45515e+04   -5.82263e+06    1.93831e+04   -4.96741e+06
 Pres. DC (bar) Pressure (bar)   Constr. rmsd
   -1.91095e+02   -4.94053e+03    1.46740e-04

           Step           Time
             87       87.00000

   Energies (kJ/mol)
          Angle    Proper Dih. Per. Imp. Dih.          LJ-14     Coulomb-14
    3.73237e+03    1.50311e+04    1.83926e+02    5.53142e+03    5.61832e+04
        LJ (SR)  Disper. corr.   Coulomb (SR)   Coul. recip.      Potential
    7.89824e+05   -3.45515e+04   -5.82279e+06    1.93804e+04   -4.96747e+06
 Pres. DC (bar) Pressure (bar)   Constr. rmsd
   -1.91095e+02   -4.93440e+03    3.19190e-04

           Step           Time
             88       88.00000

   Energies (kJ/mol)
          Angle    Proper Dih. Per. Imp. Dih.          LJ-14     Coulomb-14
    3.72202e+03    1.50314e+04    1.82737e+02    5.53568e+03    5.61869e+04
        LJ (SR)  Disper. corr.   Coulomb (SR)   Coul. recip.      Potential
    7.89844e+05   -3.45515e+04   -5.82285e+06    1.93784e+04   -4.96752e+06
 Pres. DC (bar) Pressure (bar)   Constr. rmsd
   -1.91095e+02   -4.93868e+03    1.80840e-04

           Step           Time
             89       89.00000

   Energies (kJ/mol)
          Angle    Proper Dih. Per. Imp. Dih.          LJ-14     Coulomb-14
    3.78463e+03    1.50312e+04    1.84405e+02    5.53362e+03    5.61866e+04
        LJ (SR)  Disper. corr.   Coulomb (SR)   Coul. recip.      Potential
    7.89914e+05   -3.45515e+04   -5.82300e+06    1.93762e+04   -4.96754e+06
 Pres. DC (bar) Pressure (bar)   Constr. rmsd
   -1.91095e+02   -4.93313e+03    3.08408e-04

           Step           Time
             90       90.00000

   Energies (kJ/mol)
          Angle    Proper Dih. Per. Imp. Dih.          LJ-14     Coulomb-14
    3.75752e+03    1.50314e+04    1.82644e+02    5.53553e+03    5.61878e+04
        LJ (SR)  Disper. corr.   Coulomb (SR)   Coul. recip.      Potential
    7.89938e+05   -3.45515e+04   -5.82308e+06    1.93740e+04   -4.96762e+06
 Pres. DC (bar) Pressure (bar)   Constr. rmsd
   -1.91095e+02   -4.93675e+03    2.44163e-04

           Step           Time
             91       91.00000

           Step           Time
             92       92.00000

   Energies (kJ/mol)
          Angle    Proper Dih. Per. Imp. Dih.          LJ-14     Coulomb-14
    3.71099e+03    1.50314e+04    1.83229e+02    5.53836e+03    5.61918e+04
        LJ (SR)  Disper. corr.   Coulomb (SR)   Coul. recip.      Potential
    7.89961e+05   -3.45515e+04   -5.82313e+06    1.93734e+04   -4.96769e+06
 Pres. DC (bar) Pressure (bar)   Constr. rmsd
   -1.91095e+02   -4.93765e+03    1.57973e-04

           Step           Time
             93       93.00000

   Energies (kJ/mol)
          Angle    Proper Dih. Per. Imp. Dih.          LJ-14     Coulomb-14
    3.75221e+03    1.50304e+04    1.83286e+02    5.53105e+03    5.61864e+04
        LJ (SR)  Disper. corr.   Coulomb (SR)   Coul. recip.      Potential
    7.90050e+05   -3.45515e+04   -5.82329e+06    1.93694e+04   -4.96774e+06
 Pres. DC (bar) Pressure (bar)   Constr. rmsd
   -1.91095e+02   -4.93133e+03    3.36642e-04

           Step           Time
             94       94.00000

   Energies (kJ/mol)
          Angle    Proper Dih. Per. Imp. Dih.          LJ-14     Coulomb-14
    3.73101e+03    1.50314e+04    1.83231e+02    5.53787e+03    5.61916e+04
        LJ (SR)  Disper. corr.   Coulomb (SR)   Coul. recip.      Potential
    7.90069e+05   -3.45515e+04   -5.82337e+06    1.93687e+04   -4.96781e+06
 Pres. DC (bar) Pressure (bar)   Constr. rmsd
   -1.91095e+02   -4.93522e+03    2.15007e-04

           Step           Time
             95       95.00000

           Step           Time
             96       96.00000

   Energies (kJ/mol)
          Angle    Proper Dih. Per. Imp. Dih.          LJ-14     Coulomb-14
    3.70826e+03    1.50310e+04    1.82925e+02    5.53860e+03    5.61938e+04
        LJ (SR)  Disper. corr.   Coulomb (SR)   Coul. recip.      Potential
    7.90093e+05   -3.45515e+04   -5.82343e+06    1.93669e+04   -4.96786e+06
 Pres. DC (bar) Pressure (bar)   Constr. rmsd
   -1.91095e+02   -4.93611e+03    1.50346e-04

           Step           Time
             97       97.00000

   Energies (kJ/mol)
          Angle    Proper Dih. Per. Imp. Dih.          LJ-14     Coulomb-14
    3.73359e+03    1.50307e+04    1.83913e+02    5.53422e+03    5.61904e+04
        LJ (SR)  Disper. corr.   Coulomb (SR)   Coul. recip.      Potential
    7.90174e+05   -3.45515e+04   -5.82359e+06    1.93642e+04   -4.96793e+06
 Pres. DC (bar) Pressure (bar)   Constr. rmsd
   -1.91095e+02   -4.93011e+03    3.14628e-04

           Step           Time
             98       98.00000

   Energies (kJ/mol)
          Angle    Proper Dih. Per. Imp. Dih.          LJ-14     Coulomb-14
    3.71978e+03    1.50310e+04    1.82689e+02    5.53800e+03    5.61937e+04
        LJ (SR)  Disper. corr.   Coulomb (SR)   Coul. recip.      Potential
    7.90196e+05   -3.45515e+04   -5.82366e+06    1.93625e+04   -4.96798e+06
 Pres. DC (bar) Pressure (bar)   Constr. rmsd
   -1.91095e+02   -4.93432e+03    1.87811e-04

           Step           Time
             99       99.00000

           Step           Time
            100      100.00000

   Energies (kJ/mol)
          Angle    Proper Dih. Per. Imp. Dih.          LJ-14     Coulomb-14
    3.70342e+03    1.50309e+04    1.83242e+02    5.53986e+03    5.61966e+04
        LJ (SR)  Disper. corr.   Coulomb (SR)   Coul. recip.      Potential
    7.90225e+05   -3.45515e+04   -5.82373e+06    1.93613e+04   -4.96804e+06
 Pres. DC (bar) Pressure (bar)   Constr. rmsd
   -1.91095e+02   -4.93416e+03    1.52228e-04

           Step           Time
            101      101.00000

   Energies (kJ/mol)
          Angle    Proper Dih. Per. Imp. Dih.          LJ-14     Coulomb-14
    3.71326e+03    1.50304e+04    1.83015e+02    5.53547e+03    5.61932e+04
        LJ (SR)  Disper. corr.   Coulomb (SR)   Coul. recip.      Potential
    7.90288e+05   -3.45515e+04   -5.82384e+06    1.93586e+04   -4.96809e+06
 Pres. DC (bar) Pressure (bar)   Constr. rmsd
   -1.91095e+02   -4.93079e+03    2.55492e-04

           Step           Time
            102      102.00000

   Energies (kJ/mol)
          Angle    Proper Dih. Per. Imp. Dih.          LJ-14     Coulomb-14
    3.71602e+03    1.50309e+04    1.83271e+02    5.53938e+03    5.61963e+04
        LJ (SR)  Disper. corr.   Coulomb (SR)   Coul. recip.      Potential
    7.90318e+05   -3.45515e+04   -5.82391e+06    1.93573e+04   -4.96812e+06
 Pres. DC (bar) Pressure (bar)   Constr. rmsd
   -1.91095e+02   -4.93220e+03    1.90172e-04

           Step           Time
            103      103.00000

   Energies (kJ/mol)
          Angle    Proper Dih. Per. Imp. Dih.          LJ-14     Coulomb-14
    3.74679e+03    1.50304e+04    1.83011e+02    5.53685e+03    5.61952e+04
        LJ (SR)  Disper. corr.   Coulomb (SR)   Coul. recip.      Potential
    7.90368e+05   -3.45515e+04   -5.82402e+06    1.93548e+04   -4.96815e+06
 Pres. DC (bar) Pressure (bar)   Constr. rmsd
   -1.91095e+02   -4.93022e+03    2.41182e-04

           Step           Time
            104      104.00000

   Energies (kJ/mol)
          Angle    Proper Dih. Per. Imp. Dih.          LJ-14     Coulomb-14
    3.75158e+03    1.50310e+04    1.83523e+02    5.53978e+03    5.61974e+04
        LJ (SR)  Disper. corr.   Coulomb (SR)   Coul. recip.      Potential
    7.90403e+05   -3.45515e+04   -5.82410e+06    1.93536e+04   -4.96820e+06
 Pres. DC (bar) Pressure (bar)   Constr. rmsd
   -1.91095e+02   -4.93019e+03    2.41171e-04

           Step           Time
            105      105.00000

   Energies (kJ/mol)
          Angle    Proper Dih. Per. Imp. Dih.          LJ-14     Coulomb-14
    3.81288e+03    1.50304e+04    1.82956e+02    5.53741e+03    5.61963e+04
        LJ (SR)  Disper. corr.   Coulomb (SR)   Coul. recip.      Potential
    7.90451e+05   -3.45515e+04   -5.82421e+06    1.93509e+04   -4.96820e+06
 Pres. DC (bar) Pressure (bar)   Constr. rmsd
   -1.91095e+02   -4.92843e+03    3.04162e-04

           Step           Time
            106      106.00000

   Energies (kJ/mol)
          Angle    Proper Dih. Per. Imp. Dih.          LJ-14     Coulomb-14
    3.82680e+03    1.50312e+04    1.83966e+02    5.54053e+03    5.61986e+04
        LJ (SR)  Disper. corr.   Coulomb (SR)   Coul. recip.      Potential
    7.90488e+05   -3.45515e+04   -5.82429e+06    1.93501e+04   -4.96822e+06
 Pres. DC (bar) Pressure (bar)   Constr. rmsd
   -1.91095e+02   -4.92758e+03    3.77311e-04

           Step           Time
            107      107.00000

           Step           Time
            108      108.00000

   Energies (kJ/mol)
          Angle    Proper Dih. Per. Imp. Dih.          LJ-14     Coulomb-14
    3.70256e+03    1.50306e+04    1.82831e+02    5.54141e+03    5.62012e+04
        LJ (SR)  Disper. corr.   Coulomb (SR)   Coul. recip.      Potential
    7.90506e+05   -3.45515e+04   -5.82434e+06    1.93484e+04   -4.96838e+06
 Pres. DC (bar) Pressure (bar)   Constr. rmsd
   -1.91095e+02   -4.93155e+03    1.89194e-04

           Step           Time
            109      109.00000

   Energies (kJ/mol)
          Angle    Proper Dih. Per. Imp. Dih.          LJ-14     Coulomb-14
    3.83979e+03    1.50295e+04    1.85467e+02    5.52912e+03    5.61914e+04
        LJ (SR)  Disper. corr.   Coulomb (SR)   Coul. recip.      Potential
    7.90663e+05   -3.45515e+04   -5.82465e+06    1.93436e+04   -4.96842e+06
 Pres. DC (bar) Pressure (bar)   Constr. rmsd
   -1.91095e+02   -4.91618e+03    5.83556e-04

           Step           Time
            110      110.00000

   Energies (kJ/mol)
          Angle    Proper Dih. Per. Imp. Dih.          LJ-14     Coulomb-14
    3.72801e+03    1.50306e+04    1.82334e+02    5.53899e+03    5.61987e+04
        LJ (SR)  Disper. corr.   Coulomb (SR)   Coul. recip.      Potential
    7.90664e+05   -3.45515e+04   -5.82471e+06    1.93414e+04   -4.96858e+06
 Pres. DC (bar) Pressure (bar)   Constr. rmsd
   -1.91095e+02   -4.92844e+03    2.99680e-04

           Step           Time
            111      111.00000

           Step           Time
            112      112.00000

   Energies (kJ/mol)
          Angle    Proper Dih. Per. Imp. Dih.          LJ-14     Coulomb-14
    3.71949e+03    1.50303e+04    1.83784e+02    5.54087e+03    5.62027e+04
        LJ (SR)  Disper. corr.   Coulomb (SR)   Coul. recip.      Potential
    7.90701e+05   -3.45515e+04   -5.82478e+06    1.93401e+04   -4.96862e+06
 Pres. DC (bar) Pressure (bar)   Constr. rmsd
   -1.91095e+02   -4.92745e+03    2.14206e-04

           Step           Time
            113      113.00000

   Energies (kJ/mol)
          Angle    Proper Dih. Per. Imp. Dih.          LJ-14     Coulomb-14
    3.75157e+03    1.50303e+04    1.82661e+02    5.53903e+03    5.62006e+04
        LJ (SR)  Disper. corr.   Coulomb (SR)   Coul. recip.      Potential
    7.90747e+05   -3.45515e+04   -5.82489e+06    1.93377e+04   -4.96865e+06
 Pres. DC (bar) Pressure (bar)   Constr. rmsd
   -1.91095e+02   -4.92602e+03    2.44509e-04

           Step           Time
            114      114.00000

   Energies (kJ/mol)
          Angle    Proper Dih. Per. Imp. Dih.          LJ-14     Coulomb-14
    3.76051e+03    1.50305e+04    1.83842e+02    5.54152e+03    5.62033e+04
        LJ (SR)  Disper. corr.   Coulomb (SR)   Coul. recip.      Potential
    7.90783e+05   -3.45515e+04   -5.82495e+06    1.93365e+04   -4.96866e+06
 Pres. DC (bar) Pressure (bar)   Constr. rmsd
   -1.91095e+02   -4.92537e+03    2.61298e-04

           Step           Time
            115      115.00000

           Step           Time
            116      116.00000

   Energies (kJ/mol)
          Angle    Proper Dih. Per. Imp. Dih.          LJ-14     Coulomb-14
    3.69577e+03    1.50304e+04    1.82840e+02    5.54327e+03    5.62059e+04
        LJ (SR)  Disper. corr.   Coulomb (SR)   Coul. recip.      Potential
    7.90800e+05   -3.45515e+04   -5.82500e+06    1.93352e+04   -4.96876e+06
 Pres. DC (bar) Pressure (bar)   Constr. rmsd
   -1.91095e+02   -4.92824e+03    1.41321e-04

           Step           Time
            117      117.00000

   Energies (kJ/mol)
          Angle    Proper Dih. Per. Imp. Dih.          LJ-14     Coulomb-14
    3.73284e+03    1.50286e+04    1.85161e+02    5.52642e+03    5.61921e+04
        LJ (SR)  Disper. corr.   Coulomb (SR)   Coul. recip.      Potential
    7.90985e+05   -3.45515e+04   -5.82532e+06    1.93291e+04   -4.96890e+06
 Pres. DC (bar) Pressure (bar)   Constr. rmsd
   -1.91095e+02   -4.91228e+03    6.34153e-04

           Step           Time
            118      118.00000

   Energies (kJ/mol)
          Angle    Proper Dih. Per. Imp. Dih.          LJ-14     Coulomb-14
    3.70039e+03    1.50303e+04    1.82332e+02    5.54067e+03    5.62032e+04
        LJ (SR)  Disper. corr.   Coulomb (SR)   Coul. recip.      Potential
    7.90976e+05   -3.45515e+04   -5.82538e+06    1.93276e+04   -4.96897e+06
 Pres. DC (bar) Pressure (bar)   Constr. rmsd
   -1.91095e+02   -4.92522e+03    2.21534e-04

           Step           Time
            119      119.00000

           Step           Time
            120      120.00000

   Energies (kJ/mol)
          Angle    Proper Dih. Per. Imp. Dih.          LJ-14     Coulomb-14
    3.70238e+03    1.50298e+04    1.83824e+02    5.54118e+03    5.62061e+04
        LJ (SR)  Disper. corr.   Coulomb (SR)   Coul. recip.      Potential
    7.91021e+05   -3.45515e+04   -5.82547e+06    1.93259e+04   -4.96901e+06
 Pres. DC (bar) Pressure (bar)   Constr. rmsd
   -1.91095e+02   -4.92339e+03    2.10717e-04

           Step           Time
            121      121.00000

   Energies (kJ/mol)
          Angle    Proper Dih. Per. Imp. Dih.          LJ-14     Coulomb-14
    3.71091e+03    1.50301e+04    1.82572e+02    5.54128e+03    5.62054e+04
        LJ (SR)  Disper. corr.   Coulomb (SR)   Coul. recip.      Potential
    7.91058e+05   -3.45515e+04   -5.82556e+06    1.93238e+04   -4.96906e+06
 Pres. DC (bar) Pressure (bar)   Constr. rmsd
   -1.91095e+02   -4.92370e+03    1.94645e-04

           Step           Time
            122      122.00000

   Energies (kJ/mol)
          Angle    Proper Dih. Per. Imp. Dih.          LJ-14     Coulomb-14
    3.73013e+03    1.50300e+04    1.83820e+02    5.54189e+03    5.62067e+04
        LJ (SR)  Disper. corr.   Coulomb (SR)   Coul. recip.      Potential
    7.91101e+05   -3.45515e+04   -5.82563e+06    1.93224e+04   -4.96907e+06
 Pres. DC (bar) Pressure (bar)   Constr. rmsd
   -1.91095e+02   -4.92171e+03    2.31046e-04

           Step           Time
            123      123.00000

   Energies (kJ/mol)
          Angle    Proper Dih. Per. Imp. Dih.          LJ-14     Coulomb-14
    3.74428e+03    1.50300e+04    1.82607e+02    5.54131e+03    5.62061e+04
        LJ (SR)  Disper. corr.   Coulomb (SR)   Coul. recip.      Potential
    7.91138e+05   -3.45515e+04   -5.82573e+06    1.93201e+04   -4.96912e+06
 Pres. DC (bar) Pressure (bar)   Constr. rmsd
   -1.91095e+02   -4.92211e+03    2.31598e-04

           Step           Time
            124      124.00000

   Energies (kJ/mol)
          Angle    Proper Dih. Per. Imp. Dih.          LJ-14     Coulomb-14
    3.78602e+03    1.50302e+04    1.84061e+02    5.54278e+03    5.62077e+04
        LJ (SR)  Disper. corr.   Coulomb (SR)   Coul. recip.      Potential
    7.91179e+05   -3.45515e+04   -5.82583e+06    1.93190e+04   -4.96913e+06
 Pres. DC (bar) Pressure (bar)   Constr. rmsd
   -1.91095e+02   -4.91973e+03    2.95246e-04

           Step           Time
            125      125.00000

   Energies (kJ/mol)
          Angle    Proper Dih. Per. Imp. Dih.          LJ-14     Coulomb-14
    3.82906e+03    1.50300e+04    1.82670e+02    5.54112e+03    5.62062e+04
        LJ (SR)  Disper. corr.   Coulomb (SR)   Coul. recip.      Potential
    7.91220e+05   -3.45515e+04   -5.82592e+06    1.93164e+04   -4.96915e+06
 Pres. DC (bar) Pressure (bar)   Constr. rmsd
   -1.91095e+02   -4.91951e+03    3.56668e-04

           Step           Time
            126      126.00000

           Step           Time
            127      127.00000

   Energies (kJ/mol)
          Angle    Proper Dih. Per. Imp. Dih.          LJ-14     Coulomb-14
    3.69068e+03    1.50301e+04    1.82954e+02    5.54511e+03    5.62111e+04
        LJ (SR)  Disper. corr.   Coulomb (SR)   Coul. recip.      Potential
    7.91235e+05   -3.45515e+04   -5.82596e+06    1.93159e+04   -4.96930e+06
 Pres. DC (bar) Pressure (bar)   Constr. rmsd
   -1.91095e+02   -4.92320e+03    1.76979e-04

           Step           Time
            128      128.00000

   Energies (kJ/mol)
          Angle    Proper Dih. Per. Imp. Dih.          LJ-14     Coulomb-14
    3.73938e+03    1.50267e+04    1.85114e+02    5.51667e+03    5.61882e+04
        LJ (SR)  Disper. corr.   Coulomb (SR)   Coul. recip.      Potential
    7.91494e+05   -3.45515e+04   -5.82645e+06    1.93062e+04   -4.96955e+06
 Pres. DC (bar) Pressure (bar)   Constr. rmsd
   -1.91095e+02   -4.90081e+03    8.78798e-04

           Step           Time
            129      129.00000

   Energies (kJ/mol)
          Angle    Proper Dih. Per. Imp. Dih.          LJ-14     Coulomb-14
    3.71376e+03    1.50304e+04    1.82592e+02    5.54103e+03    5.62053e+04
        LJ (SR)  Disper. corr.   Coulomb (SR)   Coul. recip.      Potential
    7.91472e+05   -3.45515e+04   -5.82651e+06    1.93058e+04   -4.96961e+06
 Pres. DC (bar) Pressure (bar)   Constr. rmsd
   -1.91095e+02   -4.91857e+03    3.06509e-04

           Step           Time
            130      130.00000

           Step           Time
            131      131.00000

   Energies (kJ/mol)
          Angle    Proper Dih. Per. Imp. Dih.          LJ-14     Coulomb-14
    3.70930e+03    1.50294e+04    1.83113e+02    5.54205e+03    5.62100e+04
        LJ (SR)  Disper. corr.   Coulomb (SR)   Coul. recip.      Potential
    7.91505e+05   -3.45515e+04   -5.82657e+06    1.93038e+04   -4.96964e+06
 Pres. DC (bar) Pressure (bar)   Constr. rmsd
   -1.91095e+02   -4.91898e+03    2.02233e-04

           Step           Time
            132      132.00000

   Energies (kJ/mol)
          Angle    Proper Dih. Per. Imp. Dih.          LJ-14     Coulomb-14
    3.74059e+03    1.50301e+04    1.83329e+02    5.54268e+03    5.62101e+04
        LJ (SR)  Disper. corr.   Coulomb (SR)   Coul. recip.      Potential
    7.91552e+05   -3.45515e+04   -5.82667e+06    1.93022e+04   -4.96966e+06
 Pres. DC (bar) Pressure (bar)   Constr. rmsd
   -1.91095e+02   -4.91620e+03    2.53520e-04

           Step           Time
            133      133.00000

   Energies (kJ/mol)
          Angle    Proper Dih. Per. Imp. Dih.          LJ-14     Coulomb-14
    3.74731e+03    1.50295e+04    1.82862e+02    5.54243e+03    5.62109e+04
        LJ (SR)  Disper. corr.   Coulomb (SR)   Coul. recip.      Potential
    7.91585e+05   -3.45515e+04   -5.82675e+06    1.93001e+04   -4.96970e+06
 Pres. DC (bar) Pressure (bar)   Constr. rmsd
   -1.91095e+02   -4.91706e+03    2.43664e-04

           Step           Time
            134      134.00000

           Step           Time
            135      135.00000

   Energies (kJ/mol)
          Angle    Proper Dih. Per. Imp. Dih.          LJ-14     Coulomb-14
    3.68849e+03    1.50298e+04    1.82969e+02    5.54604e+03    5.62148e+04
        LJ (SR)  Disper. corr.   Coulomb (SR)   Coul. recip.      Potential
    7.91604e+05   -3.45515e+04   -5.82680e+06    1.92993e+04   -4.96979e+06
 Pres. DC (bar) Pressure (bar)   Constr. rmsd
   -1.91095e+02   -4.91900e+03    1.40346e-04

           Step           Time
            136      136.00000

   Energies (kJ/mol)
          Angle    Proper Dih. Per. Imp. Dih.          LJ-14     Coulomb-14
    3.70613e+03    1.50279e+04    1.83764e+02    5.53076e+03    5.62021e+04
        LJ (SR)  Disper. corr.   Coulomb (SR)   Coul. recip.      Potential
    7.91754e+05   -3.45515e+04   -5.82707e+06    1.92936e+04   -4.96993e+06
 Pres. DC (bar) Pressure (bar)   Constr. rmsd
   -1.91095e+02   -4.90707e+03    5.23963e-04

           Step           Time
            137      137.00000

   Energies (kJ/mol)
          Angle    Proper Dih. Per. Imp. Dih.          LJ-14     Coulomb-14
    3.70009e+03    1.50299e+04    1.82826e+02    5.54411e+03    5.62118e+04
        LJ (SR)  Disper. corr.   Coulomb (SR)   Coul. recip.      Potential
    7.91754e+05   -3.45515e+04   -5.82713e+06    1.92930e+04   -4.96996e+06
 Pres. DC (bar) Pressure (bar)   Constr. rmsd
   -1.91095e+02   -4.91594e+03    2.15486e-04

           Step           Time
            138      138.00000

           Step           Time
            139      139.00000

   Energies (kJ/mol)
          Angle    Proper Dih. Per. Imp. Dih.          LJ-14     Coulomb-14
    3.69159e+03    1.50294e+04    1.82922e+02    5.54452e+03    5.62143e+04
        LJ (SR)  Disper. corr.   Coulomb (SR)   Coul. recip.      Potential
    7.91785e+05   -3.45515e+04   -5.82720e+06    1.92913e+04   -4.97002e+06
 Pres. DC (bar) Pressure (bar)   Constr. rmsd
   -1.91095e+02   -4.91614e+03    1.65328e-04

           Step           Time
            140      140.00000

   Energies (kJ/mol)
          Angle    Proper Dih. Per. Imp. Dih.          LJ-14     Coulomb-14
    3.70850e+03    1.50295e+04    1.83417e+02    5.54290e+03    5.62126e+04
        LJ (SR)  Disper. corr.   Coulomb (SR)   Coul. recip.      Potential
    7.91845e+05   -3.45515e+04   -5.82732e+06    1.92893e+04   -4.97006e+06
 Pres. DC (bar) Pressure (bar)   Constr. rmsd
   -1.91095e+02   -4.91268e+03    2.51261e-04

           Step           Time
            141      141.00000

   Energies (kJ/mol)
          Angle    Proper Dih. Per. Imp. Dih.          LJ-14     Coulomb-14
    3.70661e+03    1.50294e+04    1.82712e+02    5.54432e+03    5.62142e+04
        LJ (SR)  Disper. corr.   Coulomb (SR)   Coul. recip.      Potential
    7.91871e+05   -3.45515e+04   -5.82740e+06    1.92875e+04   -4.97012e+06
 Pres. DC (bar) Pressure (bar)   Constr. rmsd
   -1.91095e+02   -4.91467e+03    1.89043e-04

           Step           Time
            142      142.00000

   Energies (kJ/mol)
          Angle    Proper Dih. Per. Imp. Dih.          LJ-14     Coulomb-14
    3.75147e+03    1.50295e+04    1.83856e+02    5.54389e+03    5.62140e+04
        LJ (SR)  Disper. corr.   Coulomb (SR)   Coul. recip.      Potential
    7.91925e+05   -3.45515e+04   -5.82751e+06    1.92858e+04   -4.97013e+06
 Pres. DC (bar) Pressure (bar)   Constr. rmsd
   -1.91095e+02   -4.91117e+03    2.70544e-04

           Step           Time
            143      143.00000

   Energies (kJ/mol)
          Angle    Proper Dih. Per. Imp. Dih.          LJ-14     Coulomb-14
    3.74910e+03    1.50294e+04    1.82606e+02    5.54399e+03    5.62140e+04
        LJ (SR)  Disper. corr.   Coulomb (SR)   Coul. recip.      Potential
    7.91957e+05   -3.45515e+04   -5.82757e+06    1.92837e+04   -4.97016e+06
 Pres. DC (bar) Pressure (bar)   Constr. rmsd
   -1.91095e+02   -4.91283e+03    2.56671e-04

           Step           Time
            144      144.00000

           Step           Time
            145      145.00000

   Energies (kJ/mol)
          Angle    Proper Dih. Per. Imp. Dih.          LJ-14     Coulomb-14
    3.68662e+03    1.50296e+04    1.82997e+02    5.54728e+03    5.62180e+04
        LJ (SR)  Disper. corr.   Coulomb (SR)   Coul. recip.      Potential
    7.91974e+05   -3.45515e+04   -5.82762e+06    1.92829e+04   -4.97025e+06
 Pres. DC (bar) Pressure (bar)   Constr. rmsd
   -1.91095e+02   -4.91461e+03    1.49631e-04

           Step           Time
            146      146.00000

   Energies (kJ/mol)
          Angle    Proper Dih. Per. Imp. Dih.          LJ-14     Coulomb-14
    3.72478e+03    1.50280e+04    1.83558e+02    5.53475e+03    5.62076e+04
        LJ (SR)  Disper. corr.   Coulomb (SR)   Coul. recip.      Potential
    7.92099e+05   -3.45515e+04   -5.82786e+06    1.92781e+04   -4.97035e+06
 Pres. DC (bar) Pressure (bar)   Constr. rmsd
   -1.91095e+02   -4.90472e+03    4.53293e-04

           Step           Time
            147      147.00000

   Energies (kJ/mol)
          Angle    Proper Dih. Per. Imp. Dih.          LJ-14     Coulomb-14
    3.70312e+03    1.50297e+04    1.82946e+02    5.54559e+03    5.62154e+04
        LJ (SR)  Disper. corr.   Coulomb (SR)   Coul. recip.      Potential
    7.92107e+05   -3.45515e+04   -5.82792e+06    1.92774e+04   -4.97041e+06
 Pres. DC (bar) Pressure (bar)   Constr. rmsd
   -1.91095e+02   -4.91186e+03    2.21106e-04

           Step           Time
            148      148.00000

           Step           Time
            149      149.00000

   Energies (kJ/mol)
          Angle    Proper Dih. Per. Imp. Dih.          LJ-14     Coulomb-14
    3.69050e+03    1.50291e+04    1.82869e+02    5.54586e+03    5.62175e+04
        LJ (SR)  Disper. corr.   Coulomb (SR)   Coul. recip.      Potential
    7.92137e+05   -3.45515e+04   -5.82798e+06    1.92758e+04   -4.97045e+06
 Pres. DC (bar) Pressure (bar)   Constr. rmsd
   -1.91095e+02   -4.91218e+03    1.64363e-04

           Step           Time
            150      150.00000

   Energies (kJ/mol)
          Angle    Proper Dih. Per. Imp. Dih.          LJ-14     Coulomb-14
    3.71299e+03    1.50292e+04    1.83533e+02    5.54384e+03    5.62154e+04
        LJ (SR)  Disper. corr.   Coulomb (SR)   Coul. recip.      Potential
    7.92199e+05   -3.45515e+04   -5.82809e+06    1.92737e+04   -4.97048e+06
 Pres. DC (bar) Pressure (bar)   Constr. rmsd
   -1.91095e+02   -4.90833e+03    2.61821e-04

           Step           Time
            151      151.00000

   Energies (kJ/mol)
          Angle    Proper Dih. Per. Imp. Dih.          LJ-14     Coulomb-14
    3.70780e+03    1.50291e+04    1.82653e+02    5.54538e+03    5.62170e+04
        LJ (SR)  Disper. corr.   Coulomb (SR)   Coul. recip.      Potential
    7.92226e+05   -3.45515e+04   -5.82816e+06    1.92719e+04   -4.97054e+06
 Pres. DC (bar) Pressure (bar)   Constr. rmsd
   -1.91095e+02   -4.91064e+03    1.95160e-04

           Step           Time
            152      152.00000

           Step           Time
            153      153.00000

   Energies (kJ/mol)
          Angle    Proper Dih. Per. Imp. Dih.          LJ-14     Coulomb-14
    3.68361e+03    1.50293e+04    1.83020e+02    5.54795e+03    5.62201e+04
        LJ (SR)  Disper. corr.   Coulomb (SR)   Coul. recip.      Potential
    7.92245e+05   -3.45515e+04   -5.82822e+06    1.92710e+04   -4.97059e+06
 Pres. DC (bar) Pressure (bar)   Constr. rmsd
   -1.91095e+02   -4.91134e+03    1.36999e-04

           Step           Time
            154      154.00000

   Energies (kJ/mol)
          Angle    Proper Dih. Per. Imp. Dih.          LJ-14     Coulomb-14
    3.69097e+03    1.50283e+04    1.83163e+02    5.54000e+03    5.62134e+04
        LJ (SR)  Disper. corr.   Coulomb (SR)   Coul. recip.      Potential
    7.92332e+05   -3.45515e+04   -5.82837e+06    1.92677e+04   -4.97067e+06
 Pres. DC (bar) Pressure (bar)   Constr. rmsd
   -1.91095e+02   -4.90555e+03    3.27398e-04

           Step           Time
            155      155.00000

   Energies (kJ/mol)
          Angle    Proper Dih. Per. Imp. Dih.          LJ-14     Coulomb-14
    3.69368e+03    1.50293e+04    1.83019e+02    5.54668e+03    5.62182e+04
        LJ (SR)  Disper. corr.   Coulomb (SR)   Coul. recip.      Potential
    7.92351e+05   -3.45515e+04   -5.82842e+06    1.92667e+04   -4.97069e+06
 Pres. DC (bar) Pressure (bar)   Constr. rmsd
   -1.91095e+02   -4.90925e+03    1.84921e-04

           Step           Time
            156      156.00000

   Energies (kJ/mol)
          Angle    Proper Dih. Per. Imp. Dih.          LJ-14     Coulomb-14
    3.73616e+03    1.50286e+04    1.83108e+02    5.54288e+03    5.62163e+04
        LJ (SR)  Disper. corr.   Coulomb (SR)   Coul. recip.      Potential
    7.92408e+05   -3.45515e+04   -5.82855e+06    1.92640e+04   -4.97072e+06
 Pres. DC (bar) Pressure (bar)   Constr. rmsd
   -1.91095e+02   -4.90609e+03    2.66326e-04

           Step           Time
            157      157.00000

   Energies (kJ/mol)
          Angle    Proper Dih. Per. Imp. Dih.          LJ-14     Coulomb-14
    3.72750e+03    1.50295e+04    1.83295e+02    5.54688e+03    5.62187e+04
        LJ (SR)  Disper. corr.   Coulomb (SR)   Coul. recip.      Potential
    7.92437e+05   -3.45515e+04   -5.82864e+06    1.92631e+04   -4.97078e+06
 Pres. DC (bar) Pressure (bar)   Constr. rmsd
   -1.91095e+02   -4.90739e+03    2.38685e-04

           Step           Time
            158      158.00000

           Step           Time
            159      159.00000

   Energies (kJ/mol)
          Angle    Proper Dih. Per. Imp. Dih.          LJ-14     Coulomb-14
    3.68461e+03    1.50291e+04    1.82754e+02    5.54804e+03    5.62212e+04
        LJ (SR)  Disper. corr.   Coulomb (SR)   Coul. recip.      Potential
    7.92455e+05   -3.45515e+04   -5.82869e+06    1.92617e+04   -4.97085e+06
 Pres. DC (bar) Pressure (bar)   Constr. rmsd
   -1.91095e+02   -4.90925e+03    1.42792e-04

           Step           Time
            160      160.00000

   Energies (kJ/mol)
          Angle    Proper Dih. Per. Imp. Dih.          LJ-14     Coulomb-14
    3.72273e+03    1.50282e+04    1.84452e+02    5.53875e+03    5.62132e+04
        LJ (SR)  Disper. corr.   Coulomb (SR)   Coul. recip.      Potential
    7.92569e+05   -3.45515e+04   -5.82890e+06    1.92579e+04   -4.97094e+06
 Pres. DC (bar) Pressure (bar)   Constr. rmsd
   -1.91095e+02   -4.89940e+03    4.31588e-04

           Step           Time
            161      161.00000

   Energies (kJ/mol)
          Angle    Proper Dih. Per. Imp. Dih.          LJ-14     Coulomb-14
    3.69410e+03    1.50291e+04    1.82422e+02    5.54633e+03    5.62191e+04
        LJ (SR)  Disper. corr.   Coulomb (SR)   Coul. recip.      Potential
    7.92580e+05   -3.45515e+04   -5.82896e+06    1.92564e+04   -4.97100e+06
 Pres. DC (bar) Pressure (bar)   Constr. rmsd
   -1.91095e+02   -4.90710e+03    2.00232e-04

           Step           Time
            162      162.00000

           Step           Time
            163      163.00000

   Energies (kJ/mol)
          Angle    Proper Dih. Per. Imp. Dih.          LJ-14     Coulomb-14
    3.68644e+03    1.50289e+04    1.83420e+02    5.54728e+03    5.62214e+04
        LJ (SR)  Disper. corr.   Coulomb (SR)   Coul. recip.      Potential
    7.92613e+05   -3.45515e+04   -5.82904e+06    1.92550e+04   -4.97105e+06
 Pres. DC (bar) Pressure (bar)   Constr. rmsd
   -1.91095e+02   -4.90611e+03    1.78415e-04

           Step           Time
            164      164.00000

   Energies (kJ/mol)
          Angle    Proper Dih. Per. Imp. Dih.          LJ-14     Coulomb-14
    3.69857e+03    1.50288e+04    1.82648e+02    5.54533e+03    5.62192e+04
        LJ (SR)  Disper. corr.   Coulomb (SR)   Coul. recip.      Potential
    7.92657e+05   -3.45515e+04   -5.82913e+06    1.92529e+04   -4.97109e+06
 Pres. DC (bar) Pressure (bar)   Constr. rmsd
   -1.91095e+02   -4.90485e+03    2.12504e-04

           Step           Time
            165      165.00000

   Energies (kJ/mol)
          Angle    Proper Dih. Per. Imp. Dih.          LJ-14     Coulomb-14
    3.70701e+03    1.50289e+04    1.83506e+02    5.54711e+03    5.62209e+04
        LJ (SR)  Disper. corr.   Coulomb (SR)   Coul. recip.      Potential
    7.92693e+05   -3.45515e+04   -5.82921e+06    1.92516e+04   -4.97112e+06
 Pres. DC (bar) Pressure (bar)   Constr. rmsd
   -1.91095e+02   -4.90442e+03    2.08573e-04

           Step           Time
            166      166.00000

   Energies (kJ/mol)
          Angle    Proper Dih. Per. Imp. Dih.          LJ-14     Coulomb-14
    3.73193e+03    1.50288e+04    1.82659e+02    5.54550e+03    5.62196e+04
        LJ (SR)  Disper. corr.   Coulomb (SR)   Coul. recip.      Potential
    7.92735e+05   -3.45515e+04   -5.82928e+06    1.92495e+04   -4.97114e+06
 Pres. DC (bar) Pressure (bar)   Constr. rmsd
   -1.91095e+02   -4.90365e+03    2.34327e-04

           Step           Time
            167      167.00000

   Energies (kJ/mol)
          Angle    Proper Dih. Per. Imp. Dih.          LJ-14     Coulomb-14
    3.75284e+03    1.50291e+04    1.83786e+02    5.54747e+03    5.62212e+04
        LJ (SR)  Disper. corr.   Coulomb (SR)   Coul. recip.      Potential
    7.92775e+05   -3.45515e+04   -5.82937e+06    1.92484e+04   -4.97116e+06
 Pres. DC (bar) Pressure (bar)   Constr. rmsd
   -1.91095e+02   -4.90251e+03    2.72005e-04

           Step           Time
            168      168.00000

   Energies (kJ/mol)
          Angle    Proper Dih. Per. Imp. Dih.          LJ-14     Coulomb-14
    3.80893e+03    1.50288e+04    1.82657e+02    5.54538e+03    5.62195e+04
        LJ (SR)  Disper. corr.   Coulomb (SR)   Coul. recip.      Potential
    7.92812e+05   -3.45515e+04   -5.82948e+06    1.92460e+04   -4.97118e+06
 Pres. DC (bar) Pressure (bar)   Constr. rmsd
   -1.91095e+02   -4.90141e+03    3.38426e-04

           Step           Time
            169      169.00000

           Step           Time
            170      170.00000

   Energies (kJ/mol)
          Angle    Proper Dih. Per. Imp. Dih.          LJ-14     Coulomb-14
    3.67973e+03    1.50290e+04    1.82884e+02    5.54961e+03    5.62245e+04
        LJ (SR)  Disper. corr.   Coulomb (SR)   Coul. recip.      Potential
    7.92824e+05   -3.45515e+04   -5.82952e+06    1.92455e+04   -4.97133e+06
 Pres. DC (bar) Pressure (bar)   Constr. rmsd
   -1.91095e+02   -4.90523e+03    1.65171e-04

           Step           Time
            171      171.00000

   Energies (kJ/mol)
          Angle    Proper Dih. Per. Imp. Dih.          LJ-14     Coulomb-14
    3.63704e+03    1.50238e+04    1.86463e+02    5.50352e+03    5.61852e+04
        LJ (SR)  Disper. corr.   Coulomb (SR)   Coul. recip.      Potential
    7.93216e+05   -3.45515e+04   -5.83020e+06    1.92317e+04   -4.97177e+06
 Pres. DC (bar) Pressure (bar)   Constr. rmsd
   -1.91095e+02   -4.87219e+03    1.31034e-03

           Step           Time
            172      172.00000

           Step           Time
            173      173.00000

           Step           Time
            174      174.00000

           Step           Time
            175      175.00000

           Step           Time
            176      176.00000

           Step           Time
            177      177.00000

           Step           Time
            178      178.00000

           Step           Time
            179      179.00000

           Step           Time
            180      180.00000

           Step           Time
            181      181.00000

           Step           Time
            182      182.00000

           Step           Time
            183      183.00000

           Step           Time
            184      184.00000

           Step           Time
            185      185.00000

           Step           Time
            186      186.00000


Energy minimization has stopped, but the forces have not converged to the
requested precision Fmax < 10 (which may not be possible for your system). It
stopped because the algorithm tried to make a new step whose size was too
small, or there was no change in the energy since last step. Either way, we
regard the minimization as converged to within the available machine
precision, given your starting configuration and EM parameters.

Double precision normally gives you higher accuracy, but this is often not
needed for preparing to run molecular dynamics.
You might need to increase your constraint accuracy, or turn
off constraints altogether (set constraints = none in mdp file)

Steepest Descents converged to machine precision in 187 steps,
but did not reach the requested Fmax < 10.
Potential Energy  = -4.9717730e+06
Maximum force     =  4.2175234e+03 on atom 1369
Norm of force     =  2.1055553e+01
Finished mdrun on rank 0 Mon Feb  3 21:29:49 2025

