2025-10-29 16:42:14,917 [MainThread  ] [INFO ]                 :-) GROMACS - gmx solvate, 2024.5-conda_forge (-:

Executable:   /usr/local/bin.AVX2_256/gmx
Data prefix:  /usr/local
Working dir:  /host_pwd/levparc2014C
Command line:
  gmx -nobackup -nocopyright solvate -cp /host_pwd/levparc2014C/sandbox_7835b729-5416-483d-984d-93e817418d19/prot_levparc2014C_LEV_complex_editconf.gro -cs spc216.gro -o /host_pwd/levparc2014C/sandbox_7835b729-5416-483d-984d-93e817418d19/prot_levparc2014C_LEV_solvate.gro -p 1210ae8d-3406-435c-b4b0-dc245f68403a/ligand.top

Reading solute configuration
Reading solvent configuration

Initialising inter-atomic distances...
Generating solvent configuration
Will generate new solvent configuration of 15x14x12 boxes
Solvent box contains 1612728 atoms in 537576 residues
Removed 71295 solvent atoms due to solvent-solvent overlap
Removed 21441 solvent atoms due to solute-solvent overlap
Sorting configuration
Found 1 molecule type:
    SOL (   3 atoms): 506664 residues
Generated solvent containing 1519992 atoms in 506664 residues
Writing generated configuration to /host_pwd/levparc2014C/sandbox_7835b729-5416-483d-984d-93e817418d19/prot_levparc2014C_LEV_solvate.gro

Output configuration contains 1542432 atoms in 508095 residues
Volume                 :     15664.6 (nm^3)
Density                :      985.55 (g/l)
Number of solvent molecules:  506664   

Processing topology

GROMACS reminds you: "If a rat is a good model for your emotional life, you're in big trouble." (Robert Sapolsky)


