2025-11-28 14:21:06,958 [MainThread  ] [INFO ]  Module: biobb_gromacs.gromacs_extra.append_ligand Version: 5.1.0
2025-11-28 14:21:06,972 [MainThread  ] [INFO ]  Extracting: /home/admin/gitrepos/gromacs_sims/protein-1fjs-ligand-z34-sim/simulation/prot_1fjs_protein_z34_pdb2gmx_top.zip
2025-11-28 14:21:06,973 [MainThread  ] [INFO ]  to:
2025-11-28 14:21:06,973 [MainThread  ] [INFO ]  ['8870314a-b901-4a4c-a321-fd26e79ba276/p2g.top', '8870314a-b901-4a4c-a321-fd26e79ba276/p2g_Protein_chain_A.itp', '8870314a-b901-4a4c-a321-fd26e79ba276/p2g_Protein_chain_L.itp', '8870314a-b901-4a4c-a321-fd26e79ba276/posre_Protein_chain_A.itp', '8870314a-b901-4a4c-a321-fd26e79ba276/posre_Protein_chain_L.itp']
2025-11-28 14:21:06,973 [MainThread  ] [INFO ]  Unzipping: 
2025-11-28 14:21:06,973 [MainThread  ] [INFO ]  prot_1fjs_protein_z34_pdb2gmx_top.zip
2025-11-28 14:21:06,973 [MainThread  ] [INFO ]  To: 
2025-11-28 14:21:06,973 [MainThread  ] [INFO ]  8870314a-b901-4a4c-a321-fd26e79ba276/p2g.top
2025-11-28 14:21:06,973 [MainThread  ] [INFO ]  8870314a-b901-4a4c-a321-fd26e79ba276/p2g_Protein_chain_A.itp
2025-11-28 14:21:06,973 [MainThread  ] [INFO ]  8870314a-b901-4a4c-a321-fd26e79ba276/p2g_Protein_chain_L.itp
2025-11-28 14:21:06,973 [MainThread  ] [INFO ]  8870314a-b901-4a4c-a321-fd26e79ba276/posre_Protein_chain_A.itp
2025-11-28 14:21:06,973 [MainThread  ] [INFO ]  8870314a-b901-4a4c-a321-fd26e79ba276/posre_Protein_chain_L.itp
2025-11-28 14:21:06,973 [MainThread  ] [INFO ]  Compressing topology to: prot_1fjs_protein_z34_Z34_complex.top.zip
2025-11-28 14:21:06,974 [MainThread  ] [INFO ]  Ignored file 8870314a-b901-4a4c-a321-fd26e79ba276/amber99sb-ildn.ff/forcefield.itp
2025-11-28 14:21:06,983 [MainThread  ] [INFO ]  Ignored file 8870314a-b901-4a4c-a321-fd26e79ba276/amber99sb-ildn.ff/spce.itp
2025-11-28 14:21:06,983 [MainThread  ] [INFO ]  Ignored file 8870314a-b901-4a4c-a321-fd26e79ba276/amber99sb-ildn.ff/ions.itp
2025-11-28 14:21:06,986 [MainThread  ] [INFO ]  Adding:
2025-11-28 14:21:06,986 [MainThread  ] [INFO ]  ['8870314a-b901-4a4c-a321-fd26e79ba276/Z34_posres.itp', '8870314a-b901-4a4c-a321-fd26e79ba276/Z34params.itp', '8870314a-b901-4a4c-a321-fd26e79ba276/ligand.top', '8870314a-b901-4a4c-a321-fd26e79ba276/p2g_Protein_chain_A.itp', '8870314a-b901-4a4c-a321-fd26e79ba276/p2g_Protein_chain_L.itp', '8870314a-b901-4a4c-a321-fd26e79ba276/posre_Protein_chain_A.itp', '8870314a-b901-4a4c-a321-fd26e79ba276/posre_Protein_chain_L.itp']
2025-11-28 14:21:06,986 [MainThread  ] [INFO ]  to: /home/admin/gitrepos/gromacs_sims/protein-1fjs-ligand-z34-sim/simulation/prot_1fjs_protein_z34_Z34_complex.top.zip
2025-11-28 14:21:06,986 [MainThread  ] [INFO ]  Removed: ['8870314a-b901-4a4c-a321-fd26e79ba276/Z34params.itp', '8870314a-b901-4a4c-a321-fd26e79ba276/Z34_posres.itp', '8870314a-b901-4a4c-a321-fd26e79ba276/posre_Protein_chain_A.itp', '8870314a-b901-4a4c-a321-fd26e79ba276/p2g_Protein_chain_A.itp', '8870314a-b901-4a4c-a321-fd26e79ba276/posre_Protein_chain_L.itp', '8870314a-b901-4a4c-a321-fd26e79ba276/p2g_Protein_chain_L.itp', '8870314a-b901-4a4c-a321-fd26e79ba276/ligand.top']
2025-11-28 14:21:06,986 [MainThread  ] [INFO ]  Removed: ['8870314a-b901-4a4c-a321-fd26e79ba276']
2025-11-28 14:21:06,987 [MainThread  ] [INFO ]  
