2025-09-29 10:28:45,441 [MainThread  ] [INFO ]  Module: biobb_gromacs.gromacs.genion Version: 5.1.1
2025-09-29 10:28:45,441 [MainThread  ] [INFO ]  /host_pwd/protein-1fjs-ligand-z34-sim/simulation/sandbox_a0361c99-9a98-4cc4-87c5-4c3496641ed1 directory successfully created
2025-09-29 10:28:45,443 [MainThread  ] [INFO ]  Copy: prot_1fjs_protein_z34_Z34_complex_gppion.tpr to /host_pwd/protein-1fjs-ligand-z34-sim/simulation/sandbox_a0361c99-9a98-4cc4-87c5-4c3496641ed1
2025-09-29 10:28:45,443 [MainThread  ] [INFO ]  Copy: /host_pwd/protein-1fjs-ligand-z34-sim/simulation/863403fa-08ac-4737-9207-8aaade6346b7.stdin to /host_pwd/protein-1fjs-ligand-z34-sim/simulation/sandbox_a0361c99-9a98-4cc4-87c5-4c3496641ed1
2025-09-29 10:28:45,447 [MainThread  ] [INFO ]  Extracting: /host_pwd/protein-1fjs-ligand-z34-sim/simulation/prot_1fjs_protein_z34_Z34_solvate_top.zip
2025-09-29 10:28:45,447 [MainThread  ] [INFO ]  to:
2025-09-29 10:28:45,447 [MainThread  ] [INFO ]  ['9b0e479a-fe3d-4da6-8bce-54324886a226/Z34_posres.itp', '9b0e479a-fe3d-4da6-8bce-54324886a226/Z34params.itp', '9b0e479a-fe3d-4da6-8bce-54324886a226/ligand.top', '9b0e479a-fe3d-4da6-8bce-54324886a226/p2g_Protein_chain_A.itp', '9b0e479a-fe3d-4da6-8bce-54324886a226/p2g_Protein_chain_L.itp', '9b0e479a-fe3d-4da6-8bce-54324886a226/posre_Protein_chain_A.itp', '9b0e479a-fe3d-4da6-8bce-54324886a226/posre_Protein_chain_L.itp']
2025-09-29 10:28:45,447 [MainThread  ] [INFO ]  Unzipping: 
2025-09-29 10:28:45,447 [MainThread  ] [INFO ]  prot_1fjs_protein_z34_Z34_solvate_top.zip
2025-09-29 10:28:45,447 [MainThread  ] [INFO ]  To: 
2025-09-29 10:28:45,447 [MainThread  ] [INFO ]  9b0e479a-fe3d-4da6-8bce-54324886a226/Z34_posres.itp
2025-09-29 10:28:45,448 [MainThread  ] [INFO ]  9b0e479a-fe3d-4da6-8bce-54324886a226/Z34params.itp
2025-09-29 10:28:45,448 [MainThread  ] [INFO ]  9b0e479a-fe3d-4da6-8bce-54324886a226/ligand.top
2025-09-29 10:28:45,448 [MainThread  ] [INFO ]  9b0e479a-fe3d-4da6-8bce-54324886a226/p2g_Protein_chain_A.itp
2025-09-29 10:28:45,448 [MainThread  ] [INFO ]  9b0e479a-fe3d-4da6-8bce-54324886a226/p2g_Protein_chain_L.itp
2025-09-29 10:28:45,448 [MainThread  ] [INFO ]  9b0e479a-fe3d-4da6-8bce-54324886a226/posre_Protein_chain_A.itp
2025-09-29 10:28:45,448 [MainThread  ] [INFO ]  9b0e479a-fe3d-4da6-8bce-54324886a226/posre_Protein_chain_L.itp
2025-09-29 10:28:45,448 [MainThread  ] [INFO ]  gmx -nobackup -nocopyright genion -s /host_pwd/protein-1fjs-ligand-z34-sim/simulation/sandbox_a0361c99-9a98-4cc4-87c5-4c3496641ed1/prot_1fjs_protein_z34_Z34_complex_gppion.tpr -o /host_pwd/protein-1fjs-ligand-z34-sim/simulation/sandbox_a0361c99-9a98-4cc4-87c5-4c3496641ed1/prot_1fjs_protein_z34_Z34_genion.gro -p 9b0e479a-fe3d-4da6-8bce-54324886a226/ligand.top -neutral -seed 1993 < /host_pwd/protein-1fjs-ligand-z34-sim/simulation/sandbox_a0361c99-9a98-4cc4-87c5-4c3496641ed1/863403fa-08ac-4737-9207-8aaade6346b7.stdin

2025-09-29 10:28:45,528 [MainThread  ] [INFO ]  Executing: gmx -nobackup -nocopyright genion -s /host_pwd/protein-1fjs-ligand-z34-sim/simul...
2025-09-29 10:28:45,528 [MainThread  ] [INFO ]  Exit code: 0
2025-09-29 10:28:45,528 [MainThread  ] [INFO ]  Will try to add 2 NA ions and 0 CL ions.
Select a continuous group of solvent molecules
Selected 15: 'SOL'

Processing topology
Replacing 2 solute molecules in topology file (9b0e479a-fe3d-4da6-8bce-54324886a226/ligand.top)  by 2 NA and 0 CL ions.

2025-09-29 10:28:45,530 [MainThread  ] [INFO ]  Compressing topology to: /host_pwd/protein-1fjs-ligand-z34-sim/simulation/sandbox_a0361c99-9a98-4cc4-87c5-4c3496641ed1/prot_1fjs_protein_z34_Z34_genion_top.zip
2025-09-29 10:28:45,530 [MainThread  ] [INFO ]  Ignored file 9b0e479a-fe3d-4da6-8bce-54324886a226/amber99sb-ildn.ff/forcefield.itp
2025-09-29 10:28:45,541 [MainThread  ] [INFO ]  Ignored file 9b0e479a-fe3d-4da6-8bce-54324886a226/amber99sb-ildn.ff/spce.itp
2025-09-29 10:28:45,541 [MainThread  ] [INFO ]  Ignored file 9b0e479a-fe3d-4da6-8bce-54324886a226/amber99sb-ildn.ff/ions.itp
2025-09-29 10:28:45,546 [MainThread  ] [INFO ]  Adding:
2025-09-29 10:28:45,546 [MainThread  ] [INFO ]  ['9b0e479a-fe3d-4da6-8bce-54324886a226/Z34_posres.itp', '9b0e479a-fe3d-4da6-8bce-54324886a226/Z34params.itp', '9b0e479a-fe3d-4da6-8bce-54324886a226/ligand.top', '9b0e479a-fe3d-4da6-8bce-54324886a226/p2g_Protein_chain_A.itp', '9b0e479a-fe3d-4da6-8bce-54324886a226/p2g_Protein_chain_L.itp', '9b0e479a-fe3d-4da6-8bce-54324886a226/posre_Protein_chain_A.itp', '9b0e479a-fe3d-4da6-8bce-54324886a226/posre_Protein_chain_L.itp']
2025-09-29 10:28:45,546 [MainThread  ] [INFO ]  to: /host_pwd/protein-1fjs-ligand-z34-sim/simulation/prot_1fjs_protein_z34_Z34_genion_top.zip
2025-09-29 10:28:45,547 [MainThread  ] [INFO ]  Removed: ['9b0e479a-fe3d-4da6-8bce-54324886a226/Z34params.itp', '9b0e479a-fe3d-4da6-8bce-54324886a226/Z34_posres.itp', '9b0e479a-fe3d-4da6-8bce-54324886a226/posre_Protein_chain_A.itp', '9b0e479a-fe3d-4da6-8bce-54324886a226/p2g_Protein_chain_A.itp', '9b0e479a-fe3d-4da6-8bce-54324886a226/posre_Protein_chain_L.itp', '9b0e479a-fe3d-4da6-8bce-54324886a226/p2g_Protein_chain_L.itp', '9b0e479a-fe3d-4da6-8bce-54324886a226/ligand.top']
2025-09-29 10:28:45,548 [MainThread  ] [INFO ]  Removed: ['/host_pwd/protein-1fjs-ligand-z34-sim/simulation/sandbox_a0361c99-9a98-4cc4-87c5-4c3496641ed1', '9b0e479a-fe3d-4da6-8bce-54324886a226', '/host_pwd/protein-1fjs-ligand-z34-sim/simulation/863403fa-08ac-4737-9207-8aaade6346b7.stdin']
2025-09-29 10:28:45,548 [MainThread  ] [INFO ]  
