2025-09-29 10:32:48,593 [MainThread  ] [INFO ]                  :-) GROMACS - gmx grompp, 2024.5-conda_forge (-:

Executable:   /usr/local/bin.AVX2_256/gmx
Data prefix:  /usr/local
Working dir:  /host_pwd/protein-1fjs-ligand-z34-sim/simulation
Command line:
  gmx -nobackup -nocopyright grompp -f /host_pwd/protein-1fjs-ligand-z34-sim/simulation/sandbox_ca43ceaf-1d38-4c2b-9c88-8ceef8a5157a/grompp.mdp -c /host_pwd/protein-1fjs-ligand-z34-sim/simulation/sandbox_ca43ceaf-1d38-4c2b-9c88-8ceef8a5157a/prot_1fjs_protein_z34_Z34_nvt.gro -r /host_pwd/protein-1fjs-ligand-z34-sim/simulation/sandbox_ca43ceaf-1d38-4c2b-9c88-8ceef8a5157a/prot_1fjs_protein_z34_Z34_nvt.gro -p /host_pwd/protein-1fjs-ligand-z34-sim/simulation/sandbox_ca43ceaf-1d38-4c2b-9c88-8ceef8a5157a/ligand.top -o /host_pwd/protein-1fjs-ligand-z34-sim/simulation/sandbox_ca43ceaf-1d38-4c2b-9c88-8ceef8a5157a/prot_1fjs_protein_z34_Z34_gppnpt.tpr -po mdout.mdp -maxwarn 10 -t /host_pwd/protein-1fjs-ligand-z34-sim/simulation/sandbox_ca43ceaf-1d38-4c2b-9c88-8ceef8a5157a/prot_1fjs_protein_z34_Z34_nvt.cpt -n /host_pwd/protein-1fjs-ligand-z34-sim/simulation/sandbox_ca43ceaf-1d38-4c2b-9c88-8ceef8a5157a/prot_1fjs_protein_z34_Z34_index.ndx

Ignoring obsolete mdp entry 'ns-type'
Generating 1-4 interactions: fudge = 0.5

NOTE 1 [file ligand.top, line 79]:
  You are combining position restraints with Parrinello-Rahman pressure
  coupling, which can lead to instabilities. If you really want to combine
  position restraints with pressure coupling, we suggest to use C-rescale
  pressure coupling instead.

Number of degrees of freedom in T-Coupling group Protein_Other is 11233.55
Number of degrees of freedom in T-Coupling group Water_and_ions is 64317.45

NOTE 2 [file /host_pwd/protein-1fjs-ligand-z34-sim/simulation/sandbox_ca43ceaf-1d38-4c2b-9c88-8ceef8a5157a/grompp.mdp]:
  Removing center of mass motion in the presence of position restraints
  might cause artifacts. When you are using position restraints to
  equilibrate a macro-molecule, the artifacts are usually negligible.

Last frame         -1 time  100.000   

There were 2 NOTEs

GROMACS reminds you: "Should we force science down the throats of those that have no taste for it? Is it our duty to drag them kicking and screaming into the twenty-first century? I am afraid that it is." (George Porter)


