2025-09-29 10:28:45,528 [MainThread  ] [INFO ]                  :-) GROMACS - gmx genion, 2024.5-conda_forge (-:

Executable:   /usr/local/bin.AVX2_256/gmx
Data prefix:  /usr/local
Working dir:  /host_pwd/protein-1fjs-ligand-z34-sim/simulation
Command line:
  gmx -nobackup -nocopyright genion -s /host_pwd/protein-1fjs-ligand-z34-sim/simulation/sandbox_a0361c99-9a98-4cc4-87c5-4c3496641ed1/prot_1fjs_protein_z34_Z34_complex_gppion.tpr -o /host_pwd/protein-1fjs-ligand-z34-sim/simulation/sandbox_a0361c99-9a98-4cc4-87c5-4c3496641ed1/prot_1fjs_protein_z34_Z34_genion.gro -p 9b0e479a-fe3d-4da6-8bce-54324886a226/ligand.top -neutral -seed 1993

Reading file /host_pwd/protein-1fjs-ligand-z34-sim/simulation/sandbox_a0361c99-9a98-4cc4-87c5-4c3496641ed1/prot_1fjs_protein_z34_Z34_complex_gppion.tpr, VERSION 2024.5-conda_forge (single precision)
Reading file /host_pwd/protein-1fjs-ligand-z34-sim/simulation/sandbox_a0361c99-9a98-4cc4-87c5-4c3496641ed1/prot_1fjs_protein_z34_Z34_complex_gppion.tpr, VERSION 2024.5-conda_forge (single precision)
Group     0 (         System) has 36642 elements
Group     1 (        Protein) has  4417 elements
Group     2 (      Protein-H) has  2238 elements
Group     3 (        C-alpha) has   286 elements
Group     4 (       Backbone) has   858 elements
Group     5 (      MainChain) has  1146 elements
Group     6 (   MainChain+Cb) has  1405 elements
Group     7 (    MainChain+H) has  1427 elements
Group     8 (      SideChain) has  2990 elements
Group     9 (    SideChain-H) has  1092 elements
Group    10 (    Prot-Masses) has  4417 elements
Group    11 (    non-Protein) has 32225 elements
Group    12 (          Other) has    62 elements
Group    13 (            Z34) has    62 elements
Group    14 (          Water) has 32163 elements
Group    15 (            SOL) has 32163 elements
Group    16 (      non-Water) has  4479 elements
Select a group: Number of (3-atomic) solvent molecules: 10721
Using random seed 1993.
Replacing solvent molecule 8764 (atom 30771) with NA
Replacing solvent molecule 7218 (atom 26133) with NA


GROMACS reminds you: "There's so many shades of black" (The Raconteurs)


