2025-09-29 10:37:00,035 [MainThread  ] [INFO ]  Module: biobb_gromacs.gromacs.grompp Version: 5.1.1
2025-09-29 10:37:00,035 [MainThread  ] [INFO ]  /host_pwd/protein-1fjs-ligand-z34-sim/simulation/sandbox_79cd1848-4dc7-4a83-ba94-38350cc95efa directory successfully created
2025-09-29 10:37:00,037 [MainThread  ] [INFO ]  Copy: prot_1fjs_protein_z34_Z34_npt.gro to /host_pwd/protein-1fjs-ligand-z34-sim/simulation/sandbox_79cd1848-4dc7-4a83-ba94-38350cc95efa
2025-09-29 10:37:00,038 [MainThread  ] [INFO ]  Copy: prot_1fjs_protein_z34_Z34_npt.cpt to /host_pwd/protein-1fjs-ligand-z34-sim/simulation/sandbox_79cd1848-4dc7-4a83-ba94-38350cc95efa
2025-09-29 10:37:00,041 [MainThread  ] [INFO ]  Extracting: /host_pwd/protein-1fjs-ligand-z34-sim/simulation/prot_1fjs_protein_z34_Z34_genion_top.zip
2025-09-29 10:37:00,041 [MainThread  ] [INFO ]  to:
2025-09-29 10:37:00,041 [MainThread  ] [INFO ]  ['/host_pwd/protein-1fjs-ligand-z34-sim/simulation/sandbox_79cd1848-4dc7-4a83-ba94-38350cc95efa/Z34_posres.itp', '/host_pwd/protein-1fjs-ligand-z34-sim/simulation/sandbox_79cd1848-4dc7-4a83-ba94-38350cc95efa/Z34params.itp', '/host_pwd/protein-1fjs-ligand-z34-sim/simulation/sandbox_79cd1848-4dc7-4a83-ba94-38350cc95efa/ligand.top', '/host_pwd/protein-1fjs-ligand-z34-sim/simulation/sandbox_79cd1848-4dc7-4a83-ba94-38350cc95efa/p2g_Protein_chain_A.itp', '/host_pwd/protein-1fjs-ligand-z34-sim/simulation/sandbox_79cd1848-4dc7-4a83-ba94-38350cc95efa/p2g_Protein_chain_L.itp', '/host_pwd/protein-1fjs-ligand-z34-sim/simulation/sandbox_79cd1848-4dc7-4a83-ba94-38350cc95efa/posre_Protein_chain_A.itp', '/host_pwd/protein-1fjs-ligand-z34-sim/simulation/sandbox_79cd1848-4dc7-4a83-ba94-38350cc95efa/posre_Protein_chain_L.itp']
2025-09-29 10:37:00,041 [MainThread  ] [INFO ]  Unzipping: 
2025-09-29 10:37:00,041 [MainThread  ] [INFO ]  prot_1fjs_protein_z34_Z34_genion_top.zip
2025-09-29 10:37:00,042 [MainThread  ] [INFO ]  To: 
2025-09-29 10:37:00,042 [MainThread  ] [INFO ]  /host_pwd/protein-1fjs-ligand-z34-sim/simulation/sandbox_79cd1848-4dc7-4a83-ba94-38350cc95efa/Z34_posres.itp
2025-09-29 10:37:00,042 [MainThread  ] [INFO ]  /host_pwd/protein-1fjs-ligand-z34-sim/simulation/sandbox_79cd1848-4dc7-4a83-ba94-38350cc95efa/Z34params.itp
2025-09-29 10:37:00,042 [MainThread  ] [INFO ]  /host_pwd/protein-1fjs-ligand-z34-sim/simulation/sandbox_79cd1848-4dc7-4a83-ba94-38350cc95efa/ligand.top
2025-09-29 10:37:00,042 [MainThread  ] [INFO ]  /host_pwd/protein-1fjs-ligand-z34-sim/simulation/sandbox_79cd1848-4dc7-4a83-ba94-38350cc95efa/p2g_Protein_chain_A.itp
2025-09-29 10:37:00,042 [MainThread  ] [INFO ]  /host_pwd/protein-1fjs-ligand-z34-sim/simulation/sandbox_79cd1848-4dc7-4a83-ba94-38350cc95efa/p2g_Protein_chain_L.itp
2025-09-29 10:37:00,042 [MainThread  ] [INFO ]  /host_pwd/protein-1fjs-ligand-z34-sim/simulation/sandbox_79cd1848-4dc7-4a83-ba94-38350cc95efa/posre_Protein_chain_A.itp
2025-09-29 10:37:00,042 [MainThread  ] [INFO ]  /host_pwd/protein-1fjs-ligand-z34-sim/simulation/sandbox_79cd1848-4dc7-4a83-ba94-38350cc95efa/posre_Protein_chain_L.itp
2025-09-29 10:37:00,042 [MainThread  ] [INFO ]  gmx -nobackup -nocopyright grompp -f /host_pwd/protein-1fjs-ligand-z34-sim/simulation/sandbox_79cd1848-4dc7-4a83-ba94-38350cc95efa/grompp.mdp -c /host_pwd/protein-1fjs-ligand-z34-sim/simulation/sandbox_79cd1848-4dc7-4a83-ba94-38350cc95efa/prot_1fjs_protein_z34_Z34_npt.gro -r /host_pwd/protein-1fjs-ligand-z34-sim/simulation/sandbox_79cd1848-4dc7-4a83-ba94-38350cc95efa/prot_1fjs_protein_z34_Z34_npt.gro -p /host_pwd/protein-1fjs-ligand-z34-sim/simulation/sandbox_79cd1848-4dc7-4a83-ba94-38350cc95efa/ligand.top -o /host_pwd/protein-1fjs-ligand-z34-sim/simulation/sandbox_79cd1848-4dc7-4a83-ba94-38350cc95efa/prot_1fjs_protein_z34_Z34_gppmd.tpr -po mdout.mdp -maxwarn 10 -t /host_pwd/protein-1fjs-ligand-z34-sim/simulation/sandbox_79cd1848-4dc7-4a83-ba94-38350cc95efa/prot_1fjs_protein_z34_Z34_npt.cpt

2025-09-29 10:37:00,926 [MainThread  ] [INFO ]  Executing: gmx -nobackup -nocopyright grompp -f /host_pwd/protein-1fjs-ligand-z34-sim/simul...
2025-09-29 10:37:00,926 [MainThread  ] [INFO ]  Exit code: 0
2025-09-29 10:37:00,927 [MainThread  ] [INFO ]  Setting the LD random seed to -587601921

Generated 3403 of the 3403 non-bonded parameter combinations

Generated 3403 of the 3403 1-4 parameter combinations

Excluding 3 bonded neighbours molecule type 'Protein_chain_A'

turning H bonds into constraints...

Excluding 3 bonded neighbours molecule type 'Protein_chain_L'

turning H bonds into constraints...

Excluding 3 bonded neighbours molecule type 'Z34params'

turning H bonds into constraints...

Excluding 2 bonded neighbours molecule type 'SOL'

turning H bonds into constraints...

Excluding 1 bonded neighbours molecule type 'NA'

turning H bonds into constraints...
Analysing residue names:
There are:   286    Protein residues
There are:     1      Other residues
There are: 10719      Water residues
There are:     2        Ion residues
Analysing Protein...
Analysing residues not classified as Protein/DNA/RNA/Water and splitting into groups...

The largest distance between excluded atoms is 0.435 nm between atom 624 and 626

Determining Verlet buffer for a tolerance of 0.005 kJ/mol/ps at 300 K

Calculated rlist for 1x1 atom pair-list as 1.034 nm, buffer size 0.034 nm

Set rlist, assuming 4x4 atom pair-list, to 1.000 nm, buffer size 0.000 nm

Note that mdrun will redetermine rlist based on the actual pair-list setup

Reading Coordinates, Velocities and Box size from old trajectory

Will read whole trajectory

Using frame at t = 100 ps

Starting time for run is 0 ps
Calculating fourier grid dimensions for X Y Z
Using a fourier grid of 72x72x72, spacing 0.108 0.108 0.108

Estimate for the relative computational load of the PME mesh part: 0.29

This run will generate roughly 862 Mb of data

2025-09-29 10:37:00,930 [MainThread  ] [INFO ]  Removed: ['/host_pwd/protein-1fjs-ligand-z34-sim/simulation/sandbox_79cd1848-4dc7-4a83-ba94-38350cc95efa', 'mdout.mdp']
2025-09-29 10:37:00,931 [MainThread  ] [INFO ]  
