2025-09-04 17:13:08,777 [MainThread  ] [INFO ]                       :-) GROMACS - gmx trjconv, 2024.4 (-:

Executable:   /usr/local/gromacs/bin/gmx
Data prefix:  /usr/local/gromacs
Working dir:  /home/admin/gitrepos/gromacs_sims/Antimicrobial_Peptides/Pseudomonas_antibiotics/simulation/aminoneo2012C
Command line:
  gmx trjconv -f /home/admin/gitrepos/gromacs_sims/Antimicrobial_Peptides/Pseudomonas_antibiotics/simulation/aminoneo2012C/sandbox_09dfcd4d-1871-4df3-9fb3-bbf5ccd0d24c/prot_aminoneo2012C_pdb2gmx.gro -s /home/admin/gitrepos/gromacs_sims/Antimicrobial_Peptides/Pseudomonas_antibiotics/simulation/aminoneo2012C/sandbox_09dfcd4d-1871-4df3-9fb3-bbf5ccd0d24c/prot_aminoneo2012C_pdb2gmx.gro -o /home/admin/gitrepos/gromacs_sims/Antimicrobial_Peptides/Pseudomonas_antibiotics/simulation/aminoneo2012C/sandbox_09dfcd4d-1871-4df3-9fb3-bbf5ccd0d24c/prot_aminoneo2012C_NEO_complex_H.pdb -nocenter

Will write pdb: Protein data bank file
Group     0 (         System) has  5945 elements
Group     1 (        Protein) has  5945 elements
Group     2 (      Protein-H) has  2970 elements
Group     3 (        C-alpha) has   382 elements
Group     4 (       Backbone) has  1146 elements
Group     5 (      MainChain) has  1530 elements
Group     6 (   MainChain+Cb) has  1890 elements
Group     7 (    MainChain+H) has  1890 elements
Group     8 (      SideChain) has  4055 elements
Group     9 (    SideChain-H) has  1440 elements
Select a group: Reading frames from gro file 'GROtesk MACabre and Sinister', 5945 atoms.
Reading frame       0 time    0.000   
Precision of /home/admin/gitrepos/gromacs_sims/Antimicrobial_Peptides/Pseudomonas_antibiotics/simulation/aminoneo2012C/sandbox_09dfcd4d-1871-4df3-9fb3-bbf5ccd0d24c/prot_aminoneo2012C_pdb2gmx.gro is 0.001 (nm)
Last frame          0 time    0.000   
 ->  frame      0 time    0.000      
Last written: frame      0 time    0.000


GROMACS reminds you: "It is an unfortunate fact that when you raise the question of the reliability of many simulations you are often told about how much manpower went into it, how large & fast the computer is, how important the problem is, and such things, which are completely irrelevant to the question that was asked." (Richard Hamming)


