2025-04-27 18:51:35,689 [MainThread  ] [INFO ]  Executing biobb_gromacs.gromacs.pdb2gmx Version: 4.2.0
2025-04-27 18:51:35,694 [MainThread  ] [INFO ]  Copy: prot_aminostep2016_fixed_deprotonated.pdb to /home/arunima/gitrepos/gromacs_sims/Antimicrobial_Peptides/Pseudomonas_antibiotics/simulation/aminostep2016/29cfe571-9597-4270-9d64-ea618f672c94
2025-04-27 18:51:35,695 [MainThread  ] [INFO ]  gmx -nobackup -nocopyright pdb2gmx -f /home/arunima/gitrepos/gromacs_sims/Antimicrobial_Peptides/Pseudomonas_antibiotics/simulation/aminostep2016/29cfe571-9597-4270-9d64-ea618f672c94/prot_aminostep2016_fixed_deprotonated.pdb -o /home/arunima/gitrepos/gromacs_sims/Antimicrobial_Peptides/Pseudomonas_antibiotics/simulation/aminostep2016/29cfe571-9597-4270-9d64-ea618f672c94/prot_aminostep2016_pdb2gmx.gro -p p2g.top -water spce -ff amber99sb-ildn -i posre.itp

2025-04-27 18:51:35,980 [MainThread  ] [INFO ]  Exit code 0

2025-04-27 18:51:35,980 [MainThread  ] [INFO ]  Using the Amber99sb-ildn force field in directory amber99sb-ildn.ff

going to rename amber99sb-ildn.ff/aminoacids.r2b

going to rename amber99sb-ildn.ff/dna.r2b

going to rename amber99sb-ildn.ff/rna.r2b
Reading /home/arunima/gitrepos/gromacs_sims/Antimicrobial_Peptides/Pseudomonas_antibiotics/simulation/aminostep2016/29cfe571-9597-4270-9d64-ea618f672c94/prot_aminostep2016_fixed_deprotonated.pdb...
Read '', 2970 atoms

Analyzing pdb file
Splitting chemical chains based on TER records or chain id changing.

There are 2 chains and 0 blocks of water and 382 residues with 2970 atoms

  chain  #res #atoms

  1 'A'   191   1485  

  2 'B'   191   1485  

All occupancies are one

Reading residue database... (Amber99sb-ildn)

Processing chain 1 'A' (1485 atoms, 191 residues)

Identified residue GLY1 as a starting terminus.

Identified residue GLN191 as a ending terminus.

Checking for duplicate atoms....

Generating any missing hydrogen atoms and/or adding termini.

Now there are 191 residues with 2972 atoms
Chain time...

Making bonds...

Number of bonds was 3004, now 3003

Generating angles, dihedrals and pairs...

Making cmap torsions...

There are 8240 dihedrals,  576 impropers, 5447 angles
          7840 pairs,     3003 bonds and     0 virtual sites

Total mass 21105.236 a.m.u.

Total charge -6.000 e

Writing topology

Processing chain 2 'B' (1485 atoms, 191 residues)

Identified residue GLY1 as a starting terminus.

Identified residue GLN191 as a ending terminus.

Checking for duplicate atoms....

Generating any missing hydrogen atoms and/or adding termini.

Now there are 191 residues with 2972 atoms
Chain time...

Making bonds...

Number of bonds was 3004, now 3003

Generating angles, dihedrals and pairs...

Making cmap torsions...

There are 8240 dihedrals,  576 impropers, 5447 angles
          7840 pairs,     3003 bonds and     0 virtual sites

Total mass 21105.236 a.m.u.

Total charge -6.000 e

Writing topology

Including chain 1 in system: 2972 atoms 191 residues

Including chain 2 in system: 2972 atoms 191 residues

Now there are 5944 atoms and 382 residues

Total mass in system 42210.473 a.m.u.

Total charge in system -12.000 e

Writing coordinate file...

		--------- PLEASE NOTE ------------

You have successfully generated a topology from: /home/arunima/gitrepos/gromacs_sims/Antimicrobial_Peptides/Pseudomonas_antibiotics/simulation/aminostep2016/29cfe571-9597-4270-9d64-ea618f672c94/prot_aminostep2016_fixed_deprotonated.pdb.

The Amber99sb-ildn force field and the spce water model are used.

		--------- ETON ESAELP ------------

2025-04-27 18:51:35,986 [MainThread  ] [INFO ]  Compressing topology to: prot_aminostep2016_pdb2gmx_top.zip
2025-04-27 18:51:35,987 [MainThread  ] [INFO ]  Ignored file amber99sb-ildn.ff/forcefield.itp
2025-04-27 18:51:36,015 [MainThread  ] [INFO ]  Ignored file amber99sb-ildn.ff/spce.itp
2025-04-27 18:51:36,015 [MainThread  ] [INFO ]  Ignored file amber99sb-ildn.ff/ions.itp
2025-04-27 18:51:36,026 [MainThread  ] [INFO ]  Adding:
2025-04-27 18:51:36,026 [MainThread  ] [INFO ]  ['p2g.top', 'p2g_Protein_chain_A.itp', 'p2g_Protein_chain_B.itp', 'posre_Protein_chain_A.itp', 'posre_Protein_chain_B.itp']
2025-04-27 18:51:36,026 [MainThread  ] [INFO ]  to: /home/arunima/gitrepos/gromacs_sims/Antimicrobial_Peptides/Pseudomonas_antibiotics/simulation/aminostep2016/prot_aminostep2016_pdb2gmx_top.zip
2025-04-27 18:51:36,030 [MainThread  ] [INFO ]  Removed: ['posre_Protein_chain_A.itp', 'p2g_Protein_chain_A.itp', 'posre_Protein_chain_B.itp', 'p2g_Protein_chain_B.itp', 'p2g.top']
2025-04-27 18:51:36,032 [MainThread  ] [INFO ]  Removed: ['/home/arunima/gitrepos/gromacs_sims/Antimicrobial_Peptides/Pseudomonas_antibiotics/simulation/aminostep2016/29cfe571-9597-4270-9d64-ea618f672c94']
