2025-04-27 18:51:38,367 [MainThread  ] [INFO ]  Executing biobb_chemistry.acpype.acpype_params_gmx Version: 4.2.0
2025-04-27 18:51:38,371 [MainThread  ] [INFO ]  Copy: /home/arunima/gitrepos/gromacs_sims/Antimicrobial_Peptides/Pseudomonas_antibiotics/simulation/aminostep2016/STM.H.min.mol2 to /home/arunima/gitrepos/gromacs_sims/Antimicrobial_Peptides/Pseudomonas_antibiotics/simulation/aminostep2016/d13d7684-2497-4ff5-9bfc-456314106236
2025-04-27 18:51:38,372 [MainThread  ] [INFO ]  acpype -i /home/arunima/gitrepos/gromacs_sims/Antimicrobial_Peptides/Pseudomonas_antibiotics/simulation/aminostep2016/d13d7684-2497-4ff5-9bfc-456314106236/STM.H.min.mol2 -b STMparams.SLgVCZ -n 0

2025-04-27 18:56:38,274 [MainThread  ] [INFO ]  Exit code 0

2025-04-27 18:56:38,275 [MainThread  ] [INFO ]  ==========================================================================
| ACPYPE: AnteChamber PYthon Parser interfacE v. 2022.6.6 (c) 2025 AWSdS |
==========================================================================
==> ... charge set to 0
==> Executing Antechamber...
==> * Antechamber OK *
==> * Parmchk OK *
==> Executing Tleap...
==> * Tleap OK *
==> Removing temporary files...
==> Using OpenBabel v.3.1.0

==> Writing NEW PDB file

==> Writing CNS/XPLOR files

==> Writing GROMACS files

==> Disambiguating lower and uppercase atomtypes in GMX top file, even if identical.

==> Writing GMX dihedrals for GMX 4.5 and higher.

==> Writing CHARMM files

==> Writing pickle file STMparams.SLgVCZ.pkl
==> Removing temporary files...
Total time of execution: 5m

2025-04-27 18:56:38,283 [MainThread  ] [INFO ]  File STMparams.gro succesfully created
2025-04-27 18:56:38,290 [MainThread  ] [INFO ]  File STMparams.top succesfully created
2025-04-27 18:56:38,296 [MainThread  ] [INFO ]  File STMparams.itp succesfully created
