2025-04-28 23:09:32,481 [MainThread  ] [INFO ]                  :-) GROMACS - gmx mdrun, 2024.5-conda_forge (-:

Executable:   /home/arunima/.conda/envs/biobb_wf_protein-complex_md_setup/bin.AVX2_256/gmx
Data prefix:  /home/arunima/.conda/envs/biobb_wf_protein-complex_md_setup
Working dir:  /home/arunima/gitrepos/gromacs_sims/Antimicrobial_Peptides/Pseudomonas_antibiotics/simulation/aminostep2016C
Command line:
  gmx -nobackup -nocopyright mdrun -o /home/arunima/gitrepos/gromacs_sims/Antimicrobial_Peptides/Pseudomonas_antibiotics/simulation/aminostep2016C/1b1311d9-2c2f-4251-b816-b668b798ef04/prot_aminostep2016C_STM_npt.trr -s /home/arunima/gitrepos/gromacs_sims/Antimicrobial_Peptides/Pseudomonas_antibiotics/simulation/aminostep2016C/1b1311d9-2c2f-4251-b816-b668b798ef04/prot_aminostep2016C_STM_gppnpt.tpr -c /home/arunima/gitrepos/gromacs_sims/Antimicrobial_Peptides/Pseudomonas_antibiotics/simulation/aminostep2016C/1b1311d9-2c2f-4251-b816-b668b798ef04/prot_aminostep2016C_STM_npt.gro -e /home/arunima/gitrepos/gromacs_sims/Antimicrobial_Peptides/Pseudomonas_antibiotics/simulation/aminostep2016C/1b1311d9-2c2f-4251-b816-b668b798ef04/prot_aminostep2016C_STM_npt.edr -g /home/arunima/gitrepos/gromacs_sims/Antimicrobial_Peptides/Pseudomonas_antibiotics/simulation/aminostep2016C/1b1311d9-2c2f-4251-b816-b668b798ef04/prot_aminostep2016C_STM_npt.log -cpo /home/arunima/gitrepos/gromacs_sims/Antimicrobial_Peptides/Pseudomonas_antibiotics/simulation/aminostep2016C/1b1311d9-2c2f-4251-b816-b668b798ef04/prot_aminostep2016C_STM_npt.cpt

The current CPU can measure timings more accurately than the code in
gmx mdrun was configured to use. This might affect your simulation
speed as accurate timings are needed for load-balancing.
Please consider rebuilding gmx mdrun with the GMX_USE_RDTSCP=ON CMake option.
Reading file /home/arunima/gitrepos/gromacs_sims/Antimicrobial_Peptides/Pseudomonas_antibiotics/simulation/aminostep2016C/1b1311d9-2c2f-4251-b816-b668b798ef04/prot_aminostep2016C_STM_gppnpt.tpr, VERSION 2024.5-conda_forge (single precision)
Changing nstlist from 10 to 100, rlist from 1 to 1.177


Update groups can not be used for this system because atoms that are (in)directly constrained together are interdispersed with other atoms

1 GPU selected for this run.
Mapping of GPU IDs to the 2 GPU tasks in the 1 rank on this node:
  PP:0,PME:0
PP tasks will do (non-perturbed) short-ranged interactions on the GPU
PP task will update and constrain coordinates on the GPU
PME tasks will do all aspects on the GPU
Using 1 MPI thread
Using 32 OpenMP threads 

starting mdrun 'Protein in water'
50000 steps,    100.0 ps.

Writing final coordinates.

               Core t (s)   Wall t (s)        (%)
       Time:     1319.308       41.271     3196.7
                 (ns/day)    (hour/ns)
Performance:      209.350        0.115

GROMACS reminds you: "Christianity may be OK between consenting adults in private but should not be taught to young children." (Francis Crick)


