2025-04-28 23:07:45,897 [MainThread  ] [INFO ]  Executing biobb_gromacs.gromacs.make_ndx Version: 4.2.0
2025-04-28 23:07:45,911 [MainThread  ] [INFO ]  Copy: prot_aminostep2016C_STM_min.gro to /home/arunima/gitrepos/gromacs_sims/Antimicrobial_Peptides/Pseudomonas_antibiotics/simulation/aminostep2016C/31946863-aca6-48ab-83c6-793eef21110c
2025-04-28 23:07:45,914 [MainThread  ] [INFO ]  Copy: /home/arunima/gitrepos/gromacs_sims/Antimicrobial_Peptides/Pseudomonas_antibiotics/simulation/aminostep2016C/f5b8598a-9333-4734-b68b-f9872baf2176.stdin to /home/arunima/gitrepos/gromacs_sims/Antimicrobial_Peptides/Pseudomonas_antibiotics/simulation/aminostep2016C/31946863-aca6-48ab-83c6-793eef21110c
2025-04-28 23:07:45,915 [MainThread  ] [INFO ]  gmx -nobackup -nocopyright make_ndx -f /home/arunima/gitrepos/gromacs_sims/Antimicrobial_Peptides/Pseudomonas_antibiotics/simulation/aminostep2016C/31946863-aca6-48ab-83c6-793eef21110c/prot_aminostep2016C_STM_min.gro -o /home/arunima/gitrepos/gromacs_sims/Antimicrobial_Peptides/Pseudomonas_antibiotics/simulation/aminostep2016C/31946863-aca6-48ab-83c6-793eef21110c/prot_aminostep2016C_STM_index.ndx < /home/arunima/gitrepos/gromacs_sims/Antimicrobial_Peptides/Pseudomonas_antibiotics/simulation/aminostep2016C/31946863-aca6-48ab-83c6-793eef21110c/f5b8598a-9333-4734-b68b-f9872baf2176.stdin

2025-04-28 23:07:46,151 [MainThread  ] [INFO ]  Exit code 0

2025-04-28 23:07:46,151 [MainThread  ] [INFO ]  Going to read 0 old index file(s)
Analysing residue names:
There are:   382    Protein residues
There are:     1      Other residues
There are: 17547      Water residues
There are:    12        Ion residues
Analysing Protein...
Analysing residues not classified as Protein/DNA/RNA/Water and splitting into groups...

  0 System              : 58682 atoms
  1 Protein             :  5944 atoms
  2 Protein-H           :  2970 atoms
  3 C-alpha             :   382 atoms
  4 Backbone            :  1146 atoms
  5 MainChain           :  1530 atoms
  6 MainChain+Cb        :  1890 atoms
  7 MainChain+H         :  1890 atoms
  8 SideChain           :  4054 atoms
  9 SideChain-H         :  1440 atoms
 10 Prot-Masses         :  5944 atoms
 11 non-Protein         : 52738 atoms
 12 Other               :    85 atoms
 13 STM                 :    85 atoms
 14 NA                  :    12 atoms
 15 Water               : 52641 atoms
 16 SOL                 : 52641 atoms
 17 non-Water           :  6041 atoms
 18 Ion                 :    12 atoms
 19 Water_and_ions      : 52653 atoms

 nr : group      '!': not  'name' nr name   'splitch' nr    Enter: list groups
 'a': atom       '&': and  'del' nr         'splitres' nr   'l': list residues
 't': atom type  '|': or   'keep' nr        'splitat' nr    'h': help
 'r': residue              'res' nr         'chain' char
 "name": group             'case': case sensitive           'q': save and quit
 'ri': residue index

> 
Copied index group 1 'Protein'
Copied index group 12 'Other'
Merged two groups with OR: 5944 85 -> 6029

> 

2025-04-28 23:07:46,164 [MainThread  ] [INFO ]  Removed: ['/home/arunima/gitrepos/gromacs_sims/Antimicrobial_Peptides/Pseudomonas_antibiotics/simulation/aminostep2016C/31946863-aca6-48ab-83c6-793eef21110c', '/home/arunima/gitrepos/gromacs_sims/Antimicrobial_Peptides/Pseudomonas_antibiotics/simulation/aminostep2016C/f5b8598a-9333-4734-b68b-f9872baf2176.stdin']
