2025-04-28 22:54:43,371 [MainThread  ] [INFO ]  Executing biobb_gromacs.gromacs.make_ndx Version: 4.2.0
2025-04-28 22:54:43,376 [MainThread  ] [INFO ]  Copy: STMparams.gro to /home/arunima/gitrepos/gromacs_sims/Antimicrobial_Peptides/Pseudomonas_antibiotics/simulation/aminostep2016C/f1efe7d5-4908-4642-9d53-7ace480d09a9
2025-04-28 22:54:43,379 [MainThread  ] [INFO ]  Copy: /home/arunima/gitrepos/gromacs_sims/Antimicrobial_Peptides/Pseudomonas_antibiotics/simulation/aminostep2016C/3c1f5d9b-704e-4330-8fa0-688a7c37380c.stdin to /home/arunima/gitrepos/gromacs_sims/Antimicrobial_Peptides/Pseudomonas_antibiotics/simulation/aminostep2016C/f1efe7d5-4908-4642-9d53-7ace480d09a9
2025-04-28 22:54:43,379 [MainThread  ] [INFO ]  gmx -nobackup -nocopyright make_ndx -f /home/arunima/gitrepos/gromacs_sims/Antimicrobial_Peptides/Pseudomonas_antibiotics/simulation/aminostep2016C/f1efe7d5-4908-4642-9d53-7ace480d09a9/STMparams.gro -o /home/arunima/gitrepos/gromacs_sims/Antimicrobial_Peptides/Pseudomonas_antibiotics/simulation/aminostep2016C/f1efe7d5-4908-4642-9d53-7ace480d09a9/STM_index.ndx < /home/arunima/gitrepos/gromacs_sims/Antimicrobial_Peptides/Pseudomonas_antibiotics/simulation/aminostep2016C/f1efe7d5-4908-4642-9d53-7ace480d09a9/3c1f5d9b-704e-4330-8fa0-688a7c37380c.stdin

2025-04-28 22:54:43,416 [MainThread  ] [INFO ]  Exit code 0

2025-04-28 22:54:43,416 [MainThread  ] [INFO ]  Going to read 0 old index file(s)
Analysing residue names:
There are:     1      Other residues
Analysing residues not classified as Protein/DNA/RNA/Water and splitting into groups...

  0 System              :    85 atoms
  1 Other               :    85 atoms
  2 STM                 :    85 atoms

 nr : group      '!': not  'name' nr name   'splitch' nr    Enter: list groups
 'a': atom       '&': and  'del' nr         'splitres' nr   'l': list residues
 't': atom type  '|': or   'keep' nr        'splitat' nr    'h': help
 'r': residue              'res' nr         'chain' char
 "name": group             'case': case sensitive           'q': save and quit
 'ri': residue index

> 
Copied index group 0 'System'
Found 45 atoms with name H*
Complemented group: 40 atoms
Merged two groups with AND: 85 40 -> 40

> 

2025-04-28 22:54:43,422 [MainThread  ] [INFO ]  Removed: ['/home/arunima/gitrepos/gromacs_sims/Antimicrobial_Peptides/Pseudomonas_antibiotics/simulation/aminostep2016C/f1efe7d5-4908-4642-9d53-7ace480d09a9', '/home/arunima/gitrepos/gromacs_sims/Antimicrobial_Peptides/Pseudomonas_antibiotics/simulation/aminostep2016C/3c1f5d9b-704e-4330-8fa0-688a7c37380c.stdin']
