2025-10-31 03:31:51,222 [MainThread  ] [INFO ]  Module: biobb_gromacs.gromacs.make_ndx Version: 5.1.1
2025-10-31 03:31:51,225 [MainThread  ] [INFO ]  /host_pwd/levparc2015C/sandbox_2419566f-fbcd-461a-914c-39e9aa392606 directory successfully created
2025-10-31 03:31:51,372 [MainThread  ] [INFO ]  Copy: prot_levparc2015C_LEV_min.gro to /host_pwd/levparc2015C/sandbox_2419566f-fbcd-461a-914c-39e9aa392606
2025-10-31 03:31:51,375 [MainThread  ] [INFO ]  Copy: /host_pwd/levparc2015C/e96b01a6-ffef-4edc-b470-fcb331e6a9f0.stdin to /host_pwd/levparc2015C/sandbox_2419566f-fbcd-461a-914c-39e9aa392606
2025-10-31 03:31:51,376 [MainThread  ] [INFO ]  gmx -nobackup -nocopyright make_ndx -f /host_pwd/levparc2015C/sandbox_2419566f-fbcd-461a-914c-39e9aa392606/prot_levparc2015C_LEV_min.gro -o /host_pwd/levparc2015C/sandbox_2419566f-fbcd-461a-914c-39e9aa392606/prot_levparc2015C_LEV_index.ndx < /host_pwd/levparc2015C/sandbox_2419566f-fbcd-461a-914c-39e9aa392606/e96b01a6-ffef-4edc-b470-fcb331e6a9f0.stdin

2025-10-31 03:31:57,633 [MainThread  ] [INFO ]  Executing: gmx -nobackup -nocopyright make_ndx -f /host_pwd/levparc2015C/sandbox_2419566f-f...
2025-10-31 03:31:57,633 [MainThread  ] [INFO ]  Exit code: 0
2025-10-31 03:31:57,634 [MainThread  ] [INFO ]  Going to read 0 old index file(s)
Analysing residue names:
There are:  1430    Protein residues
There are:     1      Other residues
There are: 507615      Water residues
There are:    14        Ion residues
Analysing Protein...
Analysing residues not classified as Protein/DNA/RNA/Water and splitting into groups...

  0 System              : 1545271 atoms
  1 Protein             : 22354 atoms
  2 Protein-H           : 11100 atoms
  3 C-alpha             :  1430 atoms
  4 Backbone            :  4290 atoms
  5 MainChain           :  5722 atoms
  6 MainChain+Cb        :  7036 atoms
  7 MainChain+H         :  7072 atoms
  8 SideChain           : 15282 atoms
  9 SideChain-H         :  5378 atoms
 10 Prot-Masses         : 22354 atoms
 11 non-Protein         : 1522917 atoms
 12 Other               :    58 atoms
 13 LEV                 :    58 atoms
 14 NA                  :    14 atoms
 15 Water               : 1522845 atoms
 16 SOL                 : 1522845 atoms
 17 non-Water           : 22426 atoms
 18 Ion                 :    14 atoms
 19 Water_and_ions      : 1522859 atoms

 nr : group      '!': not  'name' nr name   'splitch' nr    Enter: list groups
 'a': atom       '&': and  'del' nr         'splitres' nr   'l': list residues
 't': atom type  '|': or   'keep' nr        'splitat' nr    'h': help
 'r': residue              'res' nr         'chain' char
 "name": group             'case': case sensitive           'q': save and quit
 'ri': residue index

> 
Copied index group 1 'Protein'
Copied index group 12 'Other'
Merged two groups with OR: 22354 58 -> 22412

> 

2025-10-31 03:31:57,812 [MainThread  ] [INFO ]  Removed: ['/host_pwd/levparc2015C/sandbox_2419566f-fbcd-461a-914c-39e9aa392606', '/host_pwd/levparc2015C/e96b01a6-ffef-4edc-b470-fcb331e6a9f0.stdin']
2025-10-31 03:31:57,813 [MainThread  ] [INFO ]  
