2025-10-28 17:20:05,922 [MainThread  ] [INFO ]  Module: biobb_gromacs.gromacs.make_ndx Version: 5.1.1
2025-10-28 17:20:05,924 [MainThread  ] [INFO ]  /host_pwd/levparc1999C/sandbox_6c5bc5df-5f1b-490b-92dd-408671dec401 directory successfully created
2025-10-28 17:20:06,112 [MainThread  ] [INFO ]  Copy: prot_levparc1999C_LEV_min.gro to /host_pwd/levparc1999C/sandbox_6c5bc5df-5f1b-490b-92dd-408671dec401
2025-10-28 17:20:06,115 [MainThread  ] [INFO ]  Copy: /host_pwd/levparc1999C/a8b108dd-6acc-4daf-97d9-c4147b80a827.stdin to /host_pwd/levparc1999C/sandbox_6c5bc5df-5f1b-490b-92dd-408671dec401
2025-10-28 17:20:06,115 [MainThread  ] [INFO ]  gmx -nobackup -nocopyright make_ndx -f /host_pwd/levparc1999C/sandbox_6c5bc5df-5f1b-490b-92dd-408671dec401/prot_levparc1999C_LEV_min.gro -o /host_pwd/levparc1999C/sandbox_6c5bc5df-5f1b-490b-92dd-408671dec401/prot_levparc1999C_LEV_index.ndx < /host_pwd/levparc1999C/sandbox_6c5bc5df-5f1b-490b-92dd-408671dec401/a8b108dd-6acc-4daf-97d9-c4147b80a827.stdin

2025-10-28 17:20:13,460 [MainThread  ] [INFO ]  Executing: gmx -nobackup -nocopyright make_ndx -f /host_pwd/levparc1999C/sandbox_6c5bc5df-5...
2025-10-28 17:20:13,461 [MainThread  ] [INFO ]  Exit code: 0
2025-10-28 17:20:13,461 [MainThread  ] [INFO ]  Going to read 0 old index file(s)
Analysing residue names:
There are:  1430    Protein residues
There are:     1      Other residues
There are: 507618      Water residues
There are:    16        Ion residues
Analysing Protein...
Analysing residues not classified as Protein/DNA/RNA/Water and splitting into groups...

  0 System              : 1545274 atoms
  1 Protein             : 22346 atoms
  2 Protein-H           : 11100 atoms
  3 C-alpha             :  1430 atoms
  4 Backbone            :  4290 atoms
  5 MainChain           :  5722 atoms
  6 MainChain+Cb        :  7036 atoms
  7 MainChain+H         :  7072 atoms
  8 SideChain           : 15274 atoms
  9 SideChain-H         :  5378 atoms
 10 Prot-Masses         : 22346 atoms
 11 non-Protein         : 1522928 atoms
 12 Other               :    58 atoms
 13 LEV                 :    58 atoms
 14 NA                  :    16 atoms
 15 Water               : 1522854 atoms
 16 SOL                 : 1522854 atoms
 17 non-Water           : 22420 atoms
 18 Ion                 :    16 atoms
 19 Water_and_ions      : 1522870 atoms

 nr : group      '!': not  'name' nr name   'splitch' nr    Enter: list groups
 'a': atom       '&': and  'del' nr         'splitres' nr   'l': list residues
 't': atom type  '|': or   'keep' nr        'splitat' nr    'h': help
 'r': residue              'res' nr         'chain' char
 "name": group             'case': case sensitive           'q': save and quit
 'ri': residue index

> 
Copied index group 1 'Protein'
Copied index group 12 'Other'
Merged two groups with OR: 22346 58 -> 22404

> 

2025-10-28 17:20:13,661 [MainThread  ] [INFO ]  Removed: ['/host_pwd/levparc1999C/sandbox_6c5bc5df-5f1b-490b-92dd-408671dec401', '/host_pwd/levparc1999C/a8b108dd-6acc-4daf-97d9-c4147b80a827.stdin']
2025-10-28 17:20:13,662 [MainThread  ] [INFO ]  
