Starting
---------------------------------------------
num_proc=80
---------------------------------------------
kuhpccn2.localdomain
kuhpccn2.localdomain
kuhpccn2.localdomain
kuhpccn2.localdomain
kuhpccn2.localdomain
kuhpccn2.localdomain
kuhpccn2.localdomain
kuhpccn2.localdomain
kuhpccn2.localdomain
kuhpccn2.localdomain
kuhpccn2.localdomain
kuhpccn2.localdomain
kuhpccn2.localdomain
kuhpccn2.localdomain
kuhpccn2.localdomain
kuhpccn2.localdomain
kuhpccn2.localdomain
kuhpccn2.localdomain
kuhpccn2.localdomain
kuhpccn2.localdomain
kuhpccn3.localdomain
kuhpccn3.localdomain
kuhpccn3.localdomain
kuhpccn3.localdomain
kuhpccn3.localdomain
kuhpccn3.localdomain
kuhpccn3.localdomain
kuhpccn3.localdomain
kuhpccn3.localdomain
kuhpccn3.localdomain
kuhpccn3.localdomain
kuhpccn3.localdomain
kuhpccn3.localdomain
kuhpccn3.localdomain
kuhpccn3.localdomain
kuhpccn3.localdomain
kuhpccn3.localdomain
kuhpccn3.localdomain
kuhpccn3.localdomain
kuhpccn3.localdomain
kuhpccn4.localdomain
kuhpccn4.localdomain
kuhpccn4.localdomain
kuhpccn4.localdomain
kuhpccn4.localdomain
kuhpccn4.localdomain
kuhpccn4.localdomain
kuhpccn4.localdomain
kuhpccn4.localdomain
kuhpccn4.localdomain
kuhpccn4.localdomain
kuhpccn4.localdomain
kuhpccn4.localdomain
kuhpccn4.localdomain
kuhpccn4.localdomain
kuhpccn4.localdomain
kuhpccn4.localdomain
kuhpccn4.localdomain
kuhpccn4.localdomain
kuhpccn4.localdomain
kuhpccn1.localdomain
kuhpccn1.localdomain
kuhpccn1.localdomain
kuhpccn1.localdomain
kuhpccn1.localdomain
kuhpccn1.localdomain
kuhpccn1.localdomain
kuhpccn1.localdomain
kuhpccn1.localdomain
kuhpccn1.localdomain
kuhpccn1.localdomain
kuhpccn1.localdomain
kuhpccn1.localdomain
kuhpccn1.localdomain
kuhpccn1.localdomain
kuhpccn1.localdomain
kuhpccn1.localdomain
kuhpccn1.localdomain
kuhpccn1.localdomain
kuhpccn1.localdomain
---------------------------------------------
[kuhpccn2:219623] mca_base_component_repository_open: unable to open mca_oob_ud: libosmcomp.so.3: cannot open shared object file: No such file or directory (ignored)
[kuhpccn2:219622] mca_base_component_repository_open: unable to open mca_oob_ud: libosmcomp.so.3: cannot open shared object file: No such file or directory (ignored)
[kuhpccn2:219622] mca_base_component_repository_open: unable to open mca_btl_openib: libosmcomp.so.3: cannot open shared object file: No such file or directory (ignored)
[kuhpccn2:219622] mca_base_component_repository_open: unable to open mca_mtl_psm2: libpsm2.so.2: cannot open shared object file: No such file or directory (ignored)
                      :-) GROMACS - gmx grompp, 2022.4 (-:

Executable:   /opt/gromacs-2022.4/bin/gmx_mpi
Data prefix:  /opt/gromacs-2022.4
Working dir:  /home/arka/GROMACS/Revision_MD_MMP/MMP9/sb3ct_1l6j
Command line:
  gmx_mpi grompp -f em.mdp -c solv_ions.gro -p topol.top -o em.tpr

Ignoring obsolete mdp entry 'title'
Ignoring obsolete mdp entry 'ns_type'

NOTE 1 [file em.mdp]:
  With Verlet lists the optimal nstlist is >= 10, with GPUs >= 20. Note
  that with the Verlet scheme, nstlist has no effect on the accuracy of
  your simulation.

Generating 1-4 interactions: fudge = 1

NOTE 2 [file topol.top, line 54]:
  In moleculetype 'Other_chain_A2' 2 atoms are not bound by a potential or
  constraint to any other atom in the same moleculetype. Although
  technically this might not cause issues in a simulation, this often means
  that the user forgot to add a bond/potential/constraint or put multiple
  molecules in the same moleculetype definition by mistake. Run with -v to
  get information for each atom.

Number of degrees of freedom in T-Coupling group rest is 123108.00

NOTE 3 [file em.mdp]:
  The largest distance between excluded atoms is 1.144 nm, which is larger
  than 90% of the cut-off distance. When excluded pairs go beyond the
  cut-off distance, this leads to missing long-range corrections in the
  forces and energies.


There were 3 notes

GROMACS reminds you: "We cannot wait for Nature's good graces - to take them from her is our goal" (Ivan Michurin)

Setting the LD random seed to -672401441

Generated 21945 of the 21945 non-bonded parameter combinations

Generated 18831 of the 21945 1-4 parameter combinations

Excluding 3 bonded neighbours molecule type 'Protein_chain_A'

Excluding 3 bonded neighbours molecule type 'Other_chain_A2'

Excluding 3 bonded neighbours molecule type 'LIG'

Excluding 2 bonded neighbours molecule type 'SOL'

Excluding 1 bonded neighbours molecule type 'NA'

Excluding 1 bonded neighbours molecule type 'CL'
Analysing residue names:
There are:   405    Protein residues
There are:     3      Other residues
There are: 17390      Water residues
There are:    86        Ion residues
Analysing Protein...
Analysing residues not classified as Protein/DNA/RNA/Water and splitting into groups...

The largest distance between excluded atoms is 1.144 nm
Calculating fourier grid dimensions for X Y Z
Using a fourier grid of 60x84x80, spacing 0.113 0.118 0.109

Estimate for the relative computational load of the PME mesh part: 0.19

This run will generate roughly 5 Mb of data
[kuhpccn2:219630] mca_base_component_repository_open: unable to open mca_oob_ud: libosmcomp.so.3: cannot open shared object file: No such file or directory (ignored)
[kuhpccn4:214296] mca_base_component_repository_open: unable to open mca_oob_ud: libosmcomp.so.3: cannot open shared object file: No such file or directory (ignored)
[kuhpccn3:214410] mca_base_component_repository_open: unable to open mca_oob_ud: libosmcomp.so.3: cannot open shared object file: No such file or directory (ignored)
[kuhpccn1:213675] mca_base_component_repository_open: unable to open mca_oob_ud: libosmcomp.so.3: cannot open shared object file: No such file or directory (ignored)
[kuhpccn2:219635] mca_base_component_repository_open: unable to open mca_oob_ud: libosmcomp.so.3: cannot open shared object file: No such file or directory (ignored)
[kuhpccn2:219635] mca_base_component_repository_open: unable to open mca_btl_openib: libosmcomp.so.3: cannot open shared object file: No such file or directory (ignored)
[kuhpccn2:219635] mca_base_component_repository_open: unable to open mca_mtl_psm2: libpsm2.so.2: cannot open shared object file: No such file or directory (ignored)
[kuhpccn2:219636] mca_base_component_repository_open: unable to open mca_oob_ud: libosmcomp.so.3: cannot open shared object file: No such file or directory (ignored)
[kuhpccn2:219636] mca_base_component_repository_open: unable to open mca_btl_openib: libosmcomp.so.3: cannot open shared object file: No such file or directory (ignored)
[kuhpccn2:219636] mca_base_component_repository_open: unable to open mca_mtl_psm2: libpsm2.so.2: cannot open shared object file: No such file or directory (ignored)
[kuhpccn2:219637] mca_base_component_repository_open: unable to open mca_oob_ud: libosmcomp.so.3: cannot open shared object file: No such file or directory (ignored)
[kuhpccn2:219637] mca_base_component_repository_open: unable to open mca_btl_openib: libosmcomp.so.3: cannot open shared object file: No such file or directory (ignored)
[kuhpccn2:219638] mca_base_component_repository_open: unable to open mca_oob_ud: libosmcomp.so.3: cannot open shared object file: No such file or directory (ignored)
[kuhpccn2:219638] mca_base_component_repository_open: unable to open mca_btl_openib: libosmcomp.so.3: cannot open shared object file: No such file or directory (ignored)
[kuhpccn2:219638] mca_base_component_repository_open: unable to open mca_mtl_psm2: libpsm2.so.2: cannot open shared object file: No such file or directory (ignored)
[kuhpccn2:219639] mca_base_component_repository_open: unable to open mca_oob_ud: libosmcomp.so.3: cannot open shared object file: No such file or directory (ignored)
[kuhpccn2:219639] mca_base_component_repository_open: unable to open mca_btl_openib: libosmcomp.so.3: cannot open shared object file: No such file or directory (ignored)
[kuhpccn2:219643] mca_base_component_repository_open: unable to open mca_oob_ud: libosmcomp.so.3: cannot open shared object file: No such file or directory (ignored)
[kuhpccn2:219643] mca_base_component_repository_open: unable to open mca_btl_openib: libosmcomp.so.3: cannot open shared object file: No such file or directory (ignored)
[kuhpccn2:219649] mca_base_component_repository_open: unable to open mca_oob_ud: libosmcomp.so.3: cannot open shared object file: No such file or directory (ignored)
[kuhpccn2:219649] mca_base_component_repository_open: unable to open mca_btl_openib: libosmcomp.so.3: cannot open shared object file: No such file or directory (ignored)
[kuhpccn4:214300] mca_base_component_repository_open: unable to open mca_oob_ud: libosmcomp.so.3: cannot open shared object file: No such file or directory (ignored)
[kuhpccn4:214300] mca_base_component_repository_open: unable to open mca_btl_openib: libosmcomp.so.3: cannot open shared object file: No such file or directory (ignored)
[kuhpccn4:214301] mca_base_component_repository_open: unable to open mca_oob_ud: libosmcomp.so.3: cannot open shared object file: No such file or directory (ignored)
[kuhpccn4:214301] mca_base_component_repository_open: unable to open mca_btl_openib: libosmcomp.so.3: cannot open shared object file: No such file or directory (ignored)
[kuhpccn4:214302] mca_base_component_repository_open: unable to open mca_oob_ud: libosmcomp.so.3: cannot open shared object file: No such file or directory (ignored)
[kuhpccn4:214302] mca_base_component_repository_open: unable to open mca_btl_openib: libosmcomp.so.3: cannot open shared object file: No such file or directory (ignored)
[kuhpccn4:214303] mca_base_component_repository_open: unable to open mca_oob_ud: libosmcomp.so.3: cannot open shared object file: No such file or directory (ignored)
[kuhpccn4:214303] mca_base_component_repository_open: unable to open mca_btl_openib: libosmcomp.so.3: cannot open shared object file: No such file or directory (ignored)
[kuhpccn4:214304] mca_base_component_repository_open: unable to open mca_oob_ud: libosmcomp.so.3: cannot open shared object file: No such file or directory (ignored)
[kuhpccn4:214305] mca_base_component_repository_open: unable to open mca_oob_ud: libosmcomp.so.3: cannot open shared object file: No such file or directory (ignored)
[kuhpccn4:214305] mca_base_component_repository_open: unable to open mca_btl_openib: libosmcomp.so.3: cannot open shared object file: No such file or directory (ignored)
[kuhpccn4:214307] mca_base_component_repository_open: unable to open mca_oob_ud: libosmcomp.so.3: cannot open shared object file: No such file or directory (ignored)
[kuhpccn4:214313] mca_base_component_repository_open: unable to open mca_oob_ud: libosmcomp.so.3: cannot open shared object file: No such file or directory (ignored)
[kuhpccn4:214306] mca_base_component_repository_open: unable to open mca_oob_ud: libosmcomp.so.3: cannot open shared object file: No such file or directory (ignored)
[kuhpccn4:214304] mca_base_component_repository_open: unable to open mca_btl_openib: libosmcomp.so.3: cannot open shared object file: No such file or directory (ignored)
[kuhpccn4:214313] mca_base_component_repository_open: unable to open mca_btl_openib: libosmcomp.so.3: cannot open shared object file: No such file or directory (ignored)
[kuhpccn4:214301] mca_base_component_repository_open: unable to open mca_mtl_psm2: libpsm2.so.2: cannot open shared object file: No such file or directory (ignored)
[kuhpccn4:214307] mca_base_component_repository_open: unable to open mca_btl_openib: libosmcomp.so.3: cannot open shared object file: No such file or directory (ignored)
[kuhpccn3:214414] mca_base_component_repository_open: unable to open mca_oob_ud: libosmcomp.so.3: cannot open shared object file: No such file or directory (ignored)
[kuhpccn3:214414] mca_base_component_repository_open: unable to open mca_btl_openib: libosmcomp.so.3: cannot open shared object file: No such file or directory (ignored)
[kuhpccn3:214414] mca_base_component_repository_open: unable to open mca_mtl_psm2: libpsm2.so.2: cannot open shared object file: No such file or directory (ignored)
[kuhpccn3:214415] mca_base_component_repository_open: unable to open mca_oob_ud: libosmcomp.so.3: cannot open shared object file: No such file or directory (ignored)
[kuhpccn3:214415] mca_base_component_repository_open: unable to open mca_btl_openib: libosmcomp.so.3: cannot open shared object file: No such file or directory (ignored)
[kuhpccn3:214415] mca_base_component_repository_open: unable to open mca_mtl_psm2: libpsm2.so.2: cannot open shared object file: No such file or directory (ignored)
[kuhpccn3:214416] mca_base_component_repository_open: unable to open mca_oob_ud: libosmcomp.so.3: cannot open shared object file: No such file or directory (ignored)
[kuhpccn3:214416] mca_base_component_repository_open: unable to open mca_btl_openib: libosmcomp.so.3: cannot open shared object file: No such file or directory (ignored)
[kuhpccn3:214417] mca_base_component_repository_open: unable to open mca_oob_ud: libosmcomp.so.3: cannot open shared object file: No such file or directory (ignored)
[kuhpccn3:214417] mca_base_component_repository_open: unable to open mca_btl_openib: libosmcomp.so.3: cannot open shared object file: No such file or directory (ignored)
[kuhpccn3:214417] mca_base_component_repository_open: unable to open mca_mtl_psm2: libpsm2.so.2: cannot open shared object file: No such file or directory (ignored)
[kuhpccn3:214418] mca_base_component_repository_open: unable to open mca_oob_ud: libosmcomp.so.3: cannot open shared object file: No such file or directory (ignored)
[kuhpccn3:214418] mca_base_component_repository_open: unable to open mca_btl_openib: libosmcomp.so.3: cannot open shared object file: No such file or directory (ignored)
[kuhpccn3:214421] mca_base_component_repository_open: unable to open mca_oob_ud: libosmcomp.so.3: cannot open shared object file: No such file or directory (ignored)
[kuhpccn3:214421] mca_base_component_repository_open: unable to open mca_btl_openib: libosmcomp.so.3: cannot open shared object file: No such file or directory (ignored)
[kuhpccn3:214423] mca_base_component_repository_open: unable to open mca_oob_ud: libosmcomp.so.3: cannot open shared object file: No such file or directory (ignored)
[kuhpccn3:214423] mca_base_component_repository_open: unable to open mca_btl_openib: libosmcomp.so.3: cannot open shared object file: No such file or directory (ignored)
[kuhpccn3:214431] mca_base_component_repository_open: unable to open mca_oob_ud: libosmcomp.so.3: cannot open shared object file: No such file or directory (ignored)
[kuhpccn3:214431] mca_base_component_repository_open: unable to open mca_btl_openib: libosmcomp.so.3: cannot open shared object file: No such file or directory (ignored)
[kuhpccn3:214435] mca_base_component_repository_open: unable to open mca_oob_ud: libosmcomp.so.3: cannot open shared object file: No such file or directory (ignored)
[kuhpccn3:214435] mca_base_component_repository_open: unable to open mca_btl_openib: libosmcomp.so.3: cannot open shared object file: No such file or directory (ignored)
[kuhpccn3:214416] mca_base_component_repository_open: unable to open mca_mtl_psm2: libpsm2.so.2: cannot open shared object file: No such file or directory (ignored)
[kuhpccn4:214303] mca_base_component_repository_open: unable to open mca_mtl_psm2: libpsm2.so.2: cannot open shared object file: No such file or directory (ignored)
[kuhpccn3:214437] mca_base_component_repository_open: unable to open mca_oob_ud: libosmcomp.so.3: cannot open shared object file: No such file or directory (ignored)
[kuhpccn4:214306] mca_base_component_repository_open: unable to open mca_btl_openib: libosmcomp.so.3: cannot open shared object file: No such file or directory (ignored)
[kuhpccn2:219650] mca_base_component_repository_open: unable to open mca_oob_ud: libosmcomp.so.3: cannot open shared object file: No such file or directory (ignored)
[kuhpccn2:219639] mca_base_component_repository_open: unable to open mca_mtl_psm2: libpsm2.so.2: cannot open shared object file: No such file or directory (ignored)
[kuhpccn2:219643] mca_base_component_repository_open: unable to open mca_mtl_psm2: libpsm2.so.2: cannot open shared object file: No such file or directory (ignored)
[kuhpccn2:219637] mca_base_component_repository_open: unable to open mca_mtl_psm2: libpsm2.so.2: cannot open shared object file: No such file or directory (ignored)
[kuhpccn2:219652] mca_base_component_repository_open: unable to open mca_oob_ud: libosmcomp.so.3: cannot open shared object file: No such file or directory (ignored)
[kuhpccn2:219645] mca_base_component_repository_open: unable to open mca_oob_ud: libosmcomp.so.3: cannot open shared object file: No such file or directory (ignored)
[kuhpccn4:214302] mca_base_component_repository_open: unable to open mca_mtl_psm2: libpsm2.so.2: cannot open shared object file: No such file or directory (ignored)
[kuhpccn3:214436] mca_base_component_repository_open: unable to open mca_oob_ud: libosmcomp.so.3: cannot open shared object file: No such file or directory (ignored)
[kuhpccn3:214421] mca_base_component_repository_open: unable to open mca_mtl_psm2: libpsm2.so.2: cannot open shared object file: No such file or directory (ignored)
[kuhpccn4:214305] mca_base_component_repository_open: unable to open mca_mtl_psm2: libpsm2.so.2: cannot open shared object file: No such file or directory (ignored)
[kuhpccn3:214418] mca_base_component_repository_open: unable to open mca_mtl_psm2: libpsm2.so.2: cannot open shared object file: No such file or directory (ignored)
[kuhpccn4:214321] mca_base_component_repository_open: unable to open mca_oob_ud: libosmcomp.so.3: cannot open shared object file: No such file or directory (ignored)
[kuhpccn4:214317] mca_base_component_repository_open: unable to open mca_oob_ud: libosmcomp.so.3: cannot open shared object file: No such file or directory (ignored)
[kuhpccn4:214310] mca_base_component_repository_open: unable to open mca_oob_ud: libosmcomp.so.3: cannot open shared object file: No such file or directory (ignored)
[kuhpccn3:214437] mca_base_component_repository_open: unable to open mca_btl_openib: libosmcomp.so.3: cannot open shared object file: No such file or directory (ignored)
[kuhpccn4:214310] mca_base_component_repository_open: unable to open mca_btl_openib: libosmcomp.so.3: cannot open shared object file: No such file or directory (ignored)
[kuhpccn4:214317] mca_base_component_repository_open: unable to open mca_btl_openib: libosmcomp.so.3: cannot open shared object file: No such file or directory (ignored)
[kuhpccn3:214423] mca_base_component_repository_open: unable to open mca_mtl_psm2: libpsm2.so.2: cannot open shared object file: No such file or directory (ignored)
[kuhpccn2:219652] mca_base_component_repository_open: unable to open mca_btl_openib: libosmcomp.so.3: cannot open shared object file: No such file or directory (ignored)
[kuhpccn3:214434] mca_base_component_repository_open: unable to open mca_oob_ud: libosmcomp.so.3: cannot open shared object file: No such file or directory (ignored)
[kuhpccn4:214321] mca_base_component_repository_open: unable to open mca_btl_openib: libosmcomp.so.3: cannot open shared object file: No such file or directory (ignored)
[kuhpccn3:214436] mca_base_component_repository_open: unable to open mca_btl_openib: libosmcomp.so.3: cannot open shared object file: No such file or directory (ignored)
[kuhpccn4:214327] mca_base_component_repository_open: unable to open mca_oob_ud: libosmcomp.so.3: cannot open shared object file: No such file or directory (ignored)
[kuhpccn4:214300] mca_base_component_repository_open: unable to open mca_mtl_psm2: libpsm2.so.2: cannot open shared object file: No such file or directory (ignored)
[kuhpccn2:219657] mca_base_component_repository_open: unable to open mca_oob_ud: libosmcomp.so.3: cannot open shared object file: No such file or directory (ignored)
[kuhpccn2:219645] mca_base_component_repository_open: unable to open mca_btl_openib: libosmcomp.so.3: cannot open shared object file: No such file or directory (ignored)
[kuhpccn3:214442] mca_base_component_repository_open: unable to open mca_oob_ud: libosmcomp.so.3: cannot open shared object file: No such file or directory (ignored)
[kuhpccn2:219650] mca_base_component_repository_open: unable to open mca_btl_openib: libosmcomp.so.3: cannot open shared object file: No such file or directory (ignored)
[kuhpccn2:219655] mca_base_component_repository_open: unable to open mca_oob_ud: libosmcomp.so.3: cannot open shared object file: No such file or directory (ignored)
[kuhpccn3:214434] mca_base_component_repository_open: unable to open mca_btl_openib: libosmcomp.so.3: cannot open shared object file: No such file or directory (ignored)
[kuhpccn3:214442] mca_base_component_repository_open: unable to open mca_btl_openib: libosmcomp.so.3: cannot open shared object file: No such file or directory (ignored)
[kuhpccn2:219662] mca_base_component_repository_open: unable to open mca_oob_ud: libosmcomp.so.3: cannot open shared object file: No such file or directory (ignored)
[kuhpccn3:214438] mca_base_component_repository_open: unable to open mca_oob_ud: libosmcomp.so.3: cannot open shared object file: No such file or directory (ignored)
[kuhpccn2:219657] mca_base_component_repository_open: unable to open mca_btl_openib: libosmcomp.so.3: cannot open shared object file: No such file or directory (ignored)
[kuhpccn3:214448] mca_base_component_repository_open: unable to open mca_oob_ud: libosmcomp.so.3: cannot open shared object file: No such file or directory (ignored)
[kuhpccn3:214447] mca_base_component_repository_open: unable to open mca_oob_ud: libosmcomp.so.3: cannot open shared object file: No such file or directory (ignored)
[kuhpccn3:214435] mca_base_component_repository_open: unable to open mca_mtl_psm2: libpsm2.so.2: cannot open shared object file: No such file or directory (ignored)
[kuhpccn2:219660] mca_base_component_repository_open: unable to open mca_oob_ud: libosmcomp.so.3: cannot open shared object file: No such file or directory (ignored)
[kuhpccn3:214438] mca_base_component_repository_open: unable to open mca_btl_openib: libosmcomp.so.3: cannot open shared object file: No such file or directory (ignored)
[kuhpccn2:219662] mca_base_component_repository_open: unable to open mca_btl_openib: libosmcomp.so.3: cannot open shared object file: No such file or directory (ignored)
[kuhpccn3:214445] mca_base_component_repository_open: unable to open mca_oob_ud: libosmcomp.so.3: cannot open shared object file: No such file or directory (ignored)
[kuhpccn2:219665] mca_base_component_repository_open: unable to open mca_oob_ud: libosmcomp.so.3: cannot open shared object file: No such file or directory (ignored)
[kuhpccn3:214452] mca_base_component_repository_open: unable to open mca_oob_ud: libosmcomp.so.3: cannot open shared object file: No such file or directory (ignored)
[kuhpccn4:214327] mca_base_component_repository_open: unable to open mca_btl_openib: libosmcomp.so.3: cannot open shared object file: No such file or directory (ignored)
[kuhpccn4:214333] mca_base_component_repository_open: unable to open mca_oob_ud: libosmcomp.so.3: cannot open shared object file: No such file or directory (ignored)
[kuhpccn4:214323] mca_base_component_repository_open: unable to open mca_oob_ud: libosmcomp.so.3: cannot open shared object file: No such file or directory (ignored)
[kuhpccn2:219655] mca_base_component_repository_open: unable to open mca_btl_openib: libosmcomp.so.3: cannot open shared object file: No such file or directory (ignored)
[kuhpccn4:214313] mca_base_component_repository_open: unable to open mca_mtl_psm2: libpsm2.so.2: cannot open shared object file: No such file or directory (ignored)
[kuhpccn3:214447] mca_base_component_repository_open: unable to open mca_btl_openib: libosmcomp.so.3: cannot open shared object file: No such file or directory (ignored)
[kuhpccn4:214304] mca_base_component_repository_open: unable to open mca_mtl_psm2: libpsm2.so.2: cannot open shared object file: No such file or directory (ignored)
[kuhpccn4:214330] mca_base_component_repository_open: unable to open mca_oob_ud: libosmcomp.so.3: cannot open shared object file: No such file or directory (ignored)
[kuhpccn3:214448] mca_base_component_repository_open: unable to open mca_btl_openib: libosmcomp.so.3: cannot open shared object file: No such file or directory (ignored)
[kuhpccn4:214337] mca_base_component_repository_open: unable to open mca_oob_ud: libosmcomp.so.3: cannot open shared object file: No such file or directory (ignored)
[kuhpccn2:219663] mca_base_component_repository_open: unable to open mca_oob_ud: libosmcomp.so.3: cannot open shared object file: No such file or directory (ignored)
[kuhpccn2:219669] mca_base_component_repository_open: unable to open mca_oob_ud: libosmcomp.so.3: cannot open shared object file: No such file or directory (ignored)
[kuhpccn2:219660] mca_base_component_repository_open: unable to open mca_btl_openib: libosmcomp.so.3: cannot open shared object file: No such file or directory (ignored)
[kuhpccn3:214445] mca_base_component_repository_open: unable to open mca_btl_openib: libosmcomp.so.3: cannot open shared object file: No such file or directory (ignored)
[kuhpccn3:214431] mca_base_component_repository_open: unable to open mca_mtl_psm2: libpsm2.so.2: cannot open shared object file: No such file or directory (ignored)
[kuhpccn2:219649] mca_base_component_repository_open: unable to open mca_mtl_psm2: libpsm2.so.2: cannot open shared object file: No such file or directory (ignored)
[kuhpccn2:219666] mca_base_component_repository_open: unable to open mca_oob_ud: libosmcomp.so.3: cannot open shared object file: No such file or directory (ignored)
[kuhpccn2:219665] mca_base_component_repository_open: unable to open mca_btl_openib: libosmcomp.so.3: cannot open shared object file: No such file or directory (ignored)
[kuhpccn2:219663] mca_base_component_repository_open: unable to open mca_btl_openib: libosmcomp.so.3: cannot open shared object file: No such file or directory (ignored)
[kuhpccn4:214307] mca_base_component_repository_open: unable to open mca_mtl_psm2: libpsm2.so.2: cannot open shared object file: No such file or directory (ignored)
[kuhpccn3:214452] mca_base_component_repository_open: unable to open mca_btl_openib: libosmcomp.so.3: cannot open shared object file: No such file or directory (ignored)
[kuhpccn4:214323] mca_base_component_repository_open: unable to open mca_btl_openib: libosmcomp.so.3: cannot open shared object file: No such file or directory (ignored)
[kuhpccn2:219666] mca_base_component_repository_open: unable to open mca_btl_openib: libosmcomp.so.3: cannot open shared object file: No such file or directory (ignored)
[kuhpccn2:219675] mca_base_component_repository_open: unable to open mca_oob_ud: libosmcomp.so.3: cannot open shared object file: No such file or directory (ignored)
[kuhpccn4:214330] mca_base_component_repository_open: unable to open mca_btl_openib: libosmcomp.so.3: cannot open shared object file: No such file or directory (ignored)
[kuhpccn4:214333] mca_base_component_repository_open: unable to open mca_btl_openib: libosmcomp.so.3: cannot open shared object file: No such file or directory (ignored)
[kuhpccn4:214337] mca_base_component_repository_open: unable to open mca_btl_openib: libosmcomp.so.3: cannot open shared object file: No such file or directory (ignored)
[kuhpccn2:219669] mca_base_component_repository_open: unable to open mca_btl_openib: libosmcomp.so.3: cannot open shared object file: No such file or directory (ignored)
[kuhpccn3:214454] mca_base_component_repository_open: unable to open mca_oob_ud: libosmcomp.so.3: cannot open shared object file: No such file or directory (ignored)
[kuhpccn4:214340] mca_base_component_repository_open: unable to open mca_oob_ud: libosmcomp.so.3: cannot open shared object file: No such file or directory (ignored)
[kuhpccn2:219672] mca_base_component_repository_open: unable to open mca_oob_ud: libosmcomp.so.3: cannot open shared object file: No such file or directory (ignored)
[kuhpccn3:214456] mca_base_component_repository_open: unable to open mca_oob_ud: libosmcomp.so.3: cannot open shared object file: No such file or directory (ignored)
[kuhpccn3:214454] mca_base_component_repository_open: unable to open mca_btl_openib: libosmcomp.so.3: cannot open shared object file: No such file or directory (ignored)
[kuhpccn2:219675] mca_base_component_repository_open: unable to open mca_btl_openib: libosmcomp.so.3: cannot open shared object file: No such file or directory (ignored)
[kuhpccn2:219672] mca_base_component_repository_open: unable to open mca_btl_openib: libosmcomp.so.3: cannot open shared object file: No such file or directory (ignored)
[kuhpccn4:214340] mca_base_component_repository_open: unable to open mca_btl_openib: libosmcomp.so.3: cannot open shared object file: No such file or directory (ignored)
[kuhpccn3:214456] mca_base_component_repository_open: unable to open mca_btl_openib: libosmcomp.so.3: cannot open shared object file: No such file or directory (ignored)
[kuhpccn4:214336] mca_base_component_repository_open: unable to open mca_oob_ud: libosmcomp.so.3: cannot open shared object file: No such file or directory (ignored)
[kuhpccn4:214338] mca_base_component_repository_open: unable to open mca_oob_ud: libosmcomp.so.3: cannot open shared object file: No such file or directory (ignored)
[kuhpccn4:214336] mca_base_component_repository_open: unable to open mca_btl_openib: libosmcomp.so.3: cannot open shared object file: No such file or directory (ignored)
[kuhpccn4:214338] mca_base_component_repository_open: unable to open mca_btl_openib: libosmcomp.so.3: cannot open shared object file: No such file or directory (ignored)
[kuhpccn4:214306] mca_base_component_repository_open: unable to open mca_mtl_psm2: libpsm2.so.2: cannot open shared object file: No such file or directory (ignored)
[kuhpccn3:214437] mca_base_component_repository_open: unable to open mca_mtl_psm2: libpsm2.so.2: cannot open shared object file: No such file or directory (ignored)
[kuhpccn4:214310] mca_base_component_repository_open: unable to open mca_mtl_psm2: libpsm2.so.2: cannot open shared object file: No such file or directory (ignored)
[kuhpccn2:219652] mca_base_component_repository_open: unable to open mca_mtl_psm2: libpsm2.so.2: cannot open shared object file: No such file or directory (ignored)
[kuhpccn3:214436] mca_base_component_repository_open: unable to open mca_mtl_psm2: libpsm2.so.2: cannot open shared object file: No such file or directory (ignored)
[kuhpccn4:214317] mca_base_component_repository_open: unable to open mca_mtl_psm2: libpsm2.so.2: cannot open shared object file: No such file or directory (ignored)
[kuhpccn4:214321] mca_base_component_repository_open: unable to open mca_mtl_psm2: libpsm2.so.2: cannot open shared object file: No such file or directory (ignored)
[kuhpccn3:214442] mca_base_component_repository_open: unable to open mca_mtl_psm2: libpsm2.so.2: cannot open shared object file: No such file or directory (ignored)
[kuhpccn3:214434] mca_base_component_repository_open: unable to open mca_mtl_psm2: libpsm2.so.2: cannot open shared object file: No such file or directory (ignored)
[kuhpccn2:219645] mca_base_component_repository_open: unable to open mca_mtl_psm2: libpsm2.so.2: cannot open shared object file: No such file or directory (ignored)
[kuhpccn2:219650] mca_base_component_repository_open: unable to open mca_mtl_psm2: libpsm2.so.2: cannot open shared object file: No such file or directory (ignored)
[kuhpccn2:219657] mca_base_component_repository_open: unable to open mca_mtl_psm2: libpsm2.so.2: cannot open shared object file: No such file or directory (ignored)
[kuhpccn2:219662] mca_base_component_repository_open: unable to open mca_mtl_psm2: libpsm2.so.2: cannot open shared object file: No such file or directory (ignored)
[kuhpccn3:214438] mca_base_component_repository_open: unable to open mca_mtl_psm2: libpsm2.so.2: cannot open shared object file: No such file or directory (ignored)
[kuhpccn3:214448] mca_base_component_repository_open: unable to open mca_mtl_psm2: libpsm2.so.2: cannot open shared object file: No such file or directory (ignored)
[kuhpccn3:214447] mca_base_component_repository_open: unable to open mca_mtl_psm2: libpsm2.so.2: cannot open shared object file: No such file or directory (ignored)
[kuhpccn2:219655] mca_base_component_repository_open: unable to open mca_mtl_psm2: libpsm2.so.2: cannot open shared object file: No such file or directory (ignored)
[kuhpccn4:214327] mca_base_component_repository_open: unable to open mca_mtl_psm2: libpsm2.so.2: cannot open shared object file: No such file or directory (ignored)
[kuhpccn2:219669] mca_base_component_repository_open: unable to open mca_mtl_psm2: libpsm2.so.2: cannot open shared object file: No such file or directory (ignored)
[kuhpccn3:214445] mca_base_component_repository_open: unable to open mca_mtl_psm2: libpsm2.so.2: cannot open shared object file: No such file or directory (ignored)
[kuhpccn3:214452] mca_base_component_repository_open: unable to open mca_mtl_psm2: libpsm2.so.2: cannot open shared object file: No such file or directory (ignored)
[kuhpccn2:219665] mca_base_component_repository_open: unable to open mca_mtl_psm2: libpsm2.so.2: cannot open shared object file: No such file or directory (ignored)
[kuhpccn2:219660] mca_base_component_repository_open: unable to open mca_mtl_psm2: libpsm2.so.2: cannot open shared object file: No such file or directory (ignored)
[kuhpccn4:214323] mca_base_component_repository_open: unable to open mca_mtl_psm2: libpsm2.so.2: cannot open shared object file: No such file or directory (ignored)
[kuhpccn4:214333] mca_base_component_repository_open: unable to open mca_mtl_psm2: libpsm2.so.2: cannot open shared object file: No such file or directory (ignored)
[kuhpccn4:214337] mca_base_component_repository_open: unable to open mca_mtl_psm2: libpsm2.so.2: cannot open shared object file: No such file or directory (ignored)
[kuhpccn2:219675] mca_base_component_repository_open: unable to open mca_mtl_psm2: libpsm2.so.2: cannot open shared object file: No such file or directory (ignored)
[kuhpccn4:214330] mca_base_component_repository_open: unable to open mca_mtl_psm2: libpsm2.so.2: cannot open shared object file: No such file or directory (ignored)
[kuhpccn2:219666] mca_base_component_repository_open: unable to open mca_mtl_psm2: libpsm2.so.2: cannot open shared object file: No such file or directory (ignored)
[kuhpccn3:214454] mca_base_component_repository_open: unable to open mca_mtl_psm2: libpsm2.so.2: cannot open shared object file: No such file or directory (ignored)
[kuhpccn3:214456] mca_base_component_repository_open: unable to open mca_mtl_psm2: libpsm2.so.2: cannot open shared object file: No such file or directory (ignored)
[kuhpccn2:219672] mca_base_component_repository_open: unable to open mca_mtl_psm2: libpsm2.so.2: cannot open shared object file: No such file or directory (ignored)
[kuhpccn4:214340] mca_base_component_repository_open: unable to open mca_mtl_psm2: libpsm2.so.2: cannot open shared object file: No such file or directory (ignored)
[kuhpccn2:219663] mca_base_component_repository_open: unable to open mca_mtl_psm2: libpsm2.so.2: cannot open shared object file: No such file or directory (ignored)
[kuhpccn4:214338] mca_base_component_repository_open: unable to open mca_mtl_psm2: libpsm2.so.2: cannot open shared object file: No such file or directory (ignored)
[kuhpccn4:214336] mca_base_component_repository_open: unable to open mca_mtl_psm2: libpsm2.so.2: cannot open shared object file: No such file or directory (ignored)
[kuhpccn1:213689] mca_base_component_repository_open: unable to open mca_oob_ud: libosmcomp.so.3: cannot open shared object file: No such file or directory (ignored)
[kuhpccn1:213683] mca_base_component_repository_open: unable to open mca_oob_ud: libosmcomp.so.3: cannot open shared object file: No such file or directory (ignored)
[kuhpccn1:213681] mca_base_component_repository_open: unable to open mca_oob_ud: libosmcomp.so.3: cannot open shared object file: No such file or directory (ignored)
[kuhpccn1:213685] mca_base_component_repository_open: unable to open mca_oob_ud: libosmcomp.so.3: cannot open shared object file: No such file or directory (ignored)
[kuhpccn1:213684] mca_base_component_repository_open: unable to open mca_oob_ud: libosmcomp.so.3: cannot open shared object file: No such file or directory (ignored)
[kuhpccn1:213687] mca_base_component_repository_open: unable to open mca_oob_ud: libosmcomp.so.3: cannot open shared object file: No such file or directory (ignored)
[kuhpccn1:213682] mca_base_component_repository_open: unable to open mca_oob_ud: libosmcomp.so.3: cannot open shared object file: No such file or directory (ignored)
[kuhpccn1:213686] mca_base_component_repository_open: unable to open mca_oob_ud: libosmcomp.so.3: cannot open shared object file: No such file or directory (ignored)
[kuhpccn1:213685] mca_base_component_repository_open: unable to open mca_btl_openib: libosmcomp.so.3: cannot open shared object file: No such file or directory (ignored)
[kuhpccn1:213681] mca_base_component_repository_open: unable to open mca_btl_openib: libosmcomp.so.3: cannot open shared object file: No such file or directory (ignored)
[kuhpccn1:213683] mca_base_component_repository_open: unable to open mca_btl_openib: libosmcomp.so.3: cannot open shared object file: No such file or directory (ignored)
[kuhpccn1:213689] mca_base_component_repository_open: unable to open mca_btl_openib: libosmcomp.so.3: cannot open shared object file: No such file or directory (ignored)
[kuhpccn1:213682] mca_base_component_repository_open: unable to open mca_btl_openib: libosmcomp.so.3: cannot open shared object file: No such file or directory (ignored)
[kuhpccn1:213687] mca_base_component_repository_open: unable to open mca_btl_openib: libosmcomp.so.3: cannot open shared object file: No such file or directory (ignored)
[kuhpccn1:213684] mca_base_component_repository_open: unable to open mca_btl_openib: libosmcomp.so.3: cannot open shared object file: No such file or directory (ignored)
[kuhpccn1:213688] mca_base_component_repository_open: unable to open mca_oob_ud: libosmcomp.so.3: cannot open shared object file: No such file or directory (ignored)
[kuhpccn1:213693] mca_base_component_repository_open: unable to open mca_oob_ud: libosmcomp.so.3: cannot open shared object file: No such file or directory (ignored)
[kuhpccn1:213696] mca_base_component_repository_open: unable to open mca_oob_ud: libosmcomp.so.3: cannot open shared object file: No such file or directory (ignored)
[kuhpccn1:213686] mca_base_component_repository_open: unable to open mca_btl_openib: libosmcomp.so.3: cannot open shared object file: No such file or directory (ignored)
[kuhpccn1:213693] mca_base_component_repository_open: unable to open mca_btl_openib: libosmcomp.so.3: cannot open shared object file: No such file or directory (ignored)
[kuhpccn1:213688] mca_base_component_repository_open: unable to open mca_btl_openib: libosmcomp.so.3: cannot open shared object file: No such file or directory (ignored)
[kuhpccn1:213705] mca_base_component_repository_open: unable to open mca_oob_ud: libosmcomp.so.3: cannot open shared object file: No such file or directory (ignored)
[kuhpccn1:213690] mca_base_component_repository_open: unable to open mca_oob_ud: libosmcomp.so.3: cannot open shared object file: No such file or directory (ignored)
[kuhpccn1:213694] mca_base_component_repository_open: unable to open mca_oob_ud: libosmcomp.so.3: cannot open shared object file: No such file or directory (ignored)
[kuhpccn1:213696] mca_base_component_repository_open: unable to open mca_btl_openib: libosmcomp.so.3: cannot open shared object file: No such file or directory (ignored)
[kuhpccn1:213712] mca_base_component_repository_open: unable to open mca_oob_ud: libosmcomp.so.3: cannot open shared object file: No such file or directory (ignored)
[kuhpccn1:213705] mca_base_component_repository_open: unable to open mca_btl_openib: libosmcomp.so.3: cannot open shared object file: No such file or directory (ignored)
[kuhpccn1:213699] mca_base_component_repository_open: unable to open mca_oob_ud: libosmcomp.so.3: cannot open shared object file: No such file or directory (ignored)
[kuhpccn1:213707] mca_base_component_repository_open: unable to open mca_oob_ud: libosmcomp.so.3: cannot open shared object file: No such file or directory (ignored)
[kuhpccn1:213690] mca_base_component_repository_open: unable to open mca_btl_openib: libosmcomp.so.3: cannot open shared object file: No such file or directory (ignored)
[kuhpccn1:213694] mca_base_component_repository_open: unable to open mca_btl_openib: libosmcomp.so.3: cannot open shared object file: No such file or directory (ignored)
[kuhpccn1:213712] mca_base_component_repository_open: unable to open mca_btl_openib: libosmcomp.so.3: cannot open shared object file: No such file or directory (ignored)
[kuhpccn1:213683] mca_base_component_repository_open: unable to open mca_mtl_psm2: libpsm2.so.2: cannot open shared object file: No such file or directory (ignored)
[kuhpccn1:213684] mca_base_component_repository_open: unable to open mca_mtl_psm2: libpsm2.so.2: cannot open shared object file: No such file or directory (ignored)
[kuhpccn1:213687] mca_base_component_repository_open: unable to open mca_mtl_psm2: libpsm2.so.2: cannot open shared object file: No such file or directory (ignored)
[kuhpccn1:213686] mca_base_component_repository_open: unable to open mca_mtl_psm2: libpsm2.so.2: cannot open shared object file: No such file or directory (ignored)
[kuhpccn1:213689] mca_base_component_repository_open: unable to open mca_mtl_psm2: libpsm2.so.2: cannot open shared object file: No such file or directory (ignored)
[kuhpccn1:213682] mca_base_component_repository_open: unable to open mca_mtl_psm2: libpsm2.so.2: cannot open shared object file: No such file or directory (ignored)
[kuhpccn1:213685] mca_base_component_repository_open: unable to open mca_mtl_psm2: libpsm2.so.2: cannot open shared object file: No such file or directory (ignored)
[kuhpccn1:213681] mca_base_component_repository_open: unable to open mca_mtl_psm2: libpsm2.so.2: cannot open shared object file: No such file or directory (ignored)
[kuhpccn1:213693] mca_base_component_repository_open: unable to open mca_mtl_psm2: libpsm2.so.2: cannot open shared object file: No such file or directory (ignored)
[kuhpccn1:213707] mca_base_component_repository_open: unable to open mca_btl_openib: libosmcomp.so.3: cannot open shared object file: No such file or directory (ignored)
[kuhpccn1:213699] mca_base_component_repository_open: unable to open mca_btl_openib: libosmcomp.so.3: cannot open shared object file: No such file or directory (ignored)
[kuhpccn1:213688] mca_base_component_repository_open: unable to open mca_mtl_psm2: libpsm2.so.2: cannot open shared object file: No such file or directory (ignored)
[kuhpccn1:213715] mca_base_component_repository_open: unable to open mca_oob_ud: libosmcomp.so.3: cannot open shared object file: No such file or directory (ignored)
[kuhpccn1:213696] mca_base_component_repository_open: unable to open mca_mtl_psm2: libpsm2.so.2: cannot open shared object file: No such file or directory (ignored)
[kuhpccn1:213705] mca_base_component_repository_open: unable to open mca_mtl_psm2: libpsm2.so.2: cannot open shared object file: No such file or directory (ignored)
[kuhpccn1:213694] mca_base_component_repository_open: unable to open mca_mtl_psm2: libpsm2.so.2: cannot open shared object file: No such file or directory (ignored)
[kuhpccn1:213715] mca_base_component_repository_open: unable to open mca_btl_openib: libosmcomp.so.3: cannot open shared object file: No such file or directory (ignored)
[kuhpccn1:213690] mca_base_component_repository_open: unable to open mca_mtl_psm2: libpsm2.so.2: cannot open shared object file: No such file or directory (ignored)
[kuhpccn1:213712] mca_base_component_repository_open: unable to open mca_mtl_psm2: libpsm2.so.2: cannot open shared object file: No such file or directory (ignored)
[kuhpccn1:213714] mca_base_component_repository_open: unable to open mca_oob_ud: libosmcomp.so.3: cannot open shared object file: No such file or directory (ignored)
[kuhpccn1:213707] mca_base_component_repository_open: unable to open mca_mtl_psm2: libpsm2.so.2: cannot open shared object file: No such file or directory (ignored)
[kuhpccn1:213716] mca_base_component_repository_open: unable to open mca_oob_ud: libosmcomp.so.3: cannot open shared object file: No such file or directory (ignored)
[kuhpccn1:213699] mca_base_component_repository_open: unable to open mca_mtl_psm2: libpsm2.so.2: cannot open shared object file: No such file or directory (ignored)
[kuhpccn1:213714] mca_base_component_repository_open: unable to open mca_btl_openib: libosmcomp.so.3: cannot open shared object file: No such file or directory (ignored)
[kuhpccn1:213716] mca_base_component_repository_open: unable to open mca_btl_openib: libosmcomp.so.3: cannot open shared object file: No such file or directory (ignored)
[kuhpccn1:213715] mca_base_component_repository_open: unable to open mca_mtl_psm2: libpsm2.so.2: cannot open shared object file: No such file or directory (ignored)
[kuhpccn1:213714] mca_base_component_repository_open: unable to open mca_mtl_psm2: libpsm2.so.2: cannot open shared object file: No such file or directory (ignored)
[kuhpccn1:213716] mca_base_component_repository_open: unable to open mca_mtl_psm2: libpsm2.so.2: cannot open shared object file: No such file or directory (ignored)
                      :-) GROMACS - gmx mdrun, 2022.4 (-:

Executable:   /opt/gromacs-2022.4/bin/gmx_mpi
Data prefix:  /opt/gromacs-2022.4
Working dir:  /home/arka/GROMACS/Revision_MD_MMP/MMP9/sb3ct_1l6j
Command line:
  gmx_mpi mdrun -pin on -ntomp 1 -v -deffnm em

Reading file em.tpr, VERSION 2022.4 (single precision)
Using 80 MPI processes
Using 1 OpenMP thread per MPI process


Overriding thread affinity set outside gmx mdrun

Steepest Descents:
   Tolerance (Fmax)   =  1.00000e+03
   Number of steps    =        50000
Step=    0, Dmax= 1.0e-02 nm, Epot= -1.25020e+05 Fmax= 3.24179e+05, atom= 58424
Step=    1, Dmax= 1.0e-02 nm, Epot= -2.03979e+05 Fmax= 2.52996e+05, atom= 455
Step=    2, Dmax= 1.2e-02 nm, Epot= -2.67670e+05 Fmax= 2.40504e+05, atom= 455
Step=    3, Dmax= 1.4e-02 nm, Epot= -3.16600e+05 Fmax= 2.25836e+05, atom= 455
Step=    4, Dmax= 1.7e-02 nm, Epot= -3.58292e+05 Fmax= 2.08701e+05, atom= 455
Step=    5, Dmax= 2.1e-02 nm, Epot= -3.95813e+05 Fmax= 1.88349e+05, atom= 455
Step=    6, Dmax= 2.5e-02 nm, Epot= -4.30843e+05 Fmax= 1.64348e+05, atom= 455
Step=    7, Dmax= 3.0e-02 nm, Epot= -4.64470e+05 Fmax= 1.36143e+05, atom= 455
Step=    8, Dmax= 3.6e-02 nm, Epot= -4.97623e+05 Fmax= 1.02065e+05, atom= 455
Step=    9, Dmax= 4.3e-02 nm, Epot= -5.32072e+05 Fmax= 6.47706e+04, atom= 454
Step=   10, Dmax= 5.2e-02 nm, Epot= -5.71377e+05 Fmax= 6.20593e+04, atom= 454
Step=   11, Dmax= 6.2e-02 nm, Epot= -6.00533e+05 Fmax= 4.56032e+04, atom= 456
Step=   12, Dmax= 7.4e-02 nm, Epot= -6.30455e+05 Fmax= 3.28178e+04, atom= 454
Step=   13, Dmax= 8.9e-02 nm, Epot= -6.59602e+05 Fmax= 1.46209e+04, atom= 453
Step=   14, Dmax= 1.1e-01 nm, Epot= -6.94897e+05 Fmax= 1.01991e+05, atom= 455
Step=   15, Dmax= 1.3e-01 nm, Epot= -7.00619e+05 Fmax= 5.42981e+04, atom= 455
Step=   16, Dmax= 1.5e-01 nm, Epot= -6.99247e+05 Fmax= 9.97954e+04, atom= 453Step=   17, Dmax= 7.7e-02 nm, Epot= -7.07055e+05 Fmax= 5.37760e+04, atom= 453
Step=   18, Dmax= 9.2e-02 nm, Epot= -7.09576e+05 Fmax= 6.85941e+04, atom= 453
Step=   19, Dmax= 1.1e-01 nm, Epot= -7.13584e+05 Fmax= 9.97504e+04, atom= 453
Step=   20, Dmax= 1.3e-01 nm, Epot= -7.14660e+05 Fmax= 8.10498e+04, atom= 453
Step=   21, Dmax= 1.6e-01 nm, Epot= -6.99612e+05 Fmax= 1.24379e+06, atom= 454Step=   22, Dmax= 8.0e-02 nm, Epot= -7.21227e+05 Fmax= 4.70808e+05, atom= 455
Step=   23, Dmax= 9.6e-02 nm, Epot= -7.17090e+05 Fmax= 2.78784e+05, atom= 455Step=   24, Dmax= 4.8e-02 nm, Epot= -7.21929e+05 Fmax= 2.51322e+04, atom= 455
Step=   25, Dmax= 5.8e-02 nm, Epot= -7.28308e+05 Fmax= 1.49769e+04, atom= 457
Step=   26, Dmax= 6.9e-02 nm, Epot= -7.33622e+05 Fmax= 6.43348e+04, atom= 472
Step=   27, Dmax= 8.3e-02 nm, Epot= -7.38742e+05 Fmax= 4.21323e+04, atom= 472
Step=   28, Dmax= 9.9e-02 nm, Epot= -7.36094e+05 Fmax= 1.23256e+05, atom= 472Step=   29, Dmax= 5.0e-02 nm, Epot= -7.41854e+05 Fmax= 2.63970e+04, atom= 472
Step=   30, Dmax= 6.0e-02 nm, Epot= -7.44045e+05 Fmax= 4.75773e+04, atom= 472
Step=   31, Dmax= 7.2e-02 nm, Epot= -7.46324e+05 Fmax= 6.99256e+04, atom= 472
Step=   32, Dmax= 8.6e-02 nm, Epot= -7.48226e+05 Fmax= 4.06874e+04, atom= 472
Step=   33, Dmax= 1.0e-01 nm, Epot= -7.43340e+05 Fmax= 1.05468e+05, atom= 472Step=   34, Dmax= 5.2e-02 nm, Epot= -7.51034e+05 Fmax= 3.45497e+04, atom= 472
Step=   35, Dmax= 6.2e-02 nm, Epot= -7.52507e+05 Fmax= 4.78815e+04, atom= 472
Step=   36, Dmax= 7.4e-02 nm, Epot= -7.54352e+05 Fmax= 5.21541e+04, atom= 472
Step=   37, Dmax= 8.9e-02 nm, Epot= -7.55099e+05 Fmax= 6.14999e+04, atom= 472
Step=   38, Dmax= 1.1e-01 nm, Epot= -7.53482e+05 Fmax= 1.17260e+05, atom= 472Step=   39, Dmax= 5.3e-02 nm, Epot= -7.59170e+05 Fmax= 2.02007e+04, atom= 472
Step=   40, Dmax= 6.4e-02 nm, Epot= -7.62173e+05 Fmax= 2.92307e+04, atom= 472
Step=   41, Dmax= 7.7e-02 nm, Epot= -7.59139e+05 Fmax= 1.70587e+05, atom= 472Step=   42, Dmax= 3.8e-02 nm, Epot= -7.64181e+05 Fmax= 2.65474e+04, atom= 472
Step=   43, Dmax= 4.6e-02 nm, Epot= -7.65586e+05 Fmax= 3.40096e+04, atom= 472
Step=   44, Dmax= 5.5e-02 nm, Epot= -7.66919e+05 Fmax= 4.22906e+04, atom= 472
Step=   45, Dmax= 6.6e-02 nm, Epot= -7.67968e+05 Fmax= 4.57409e+04, atom= 472
Step=   46, Dmax= 8.0e-02 nm, Epot= -7.67331e+05 Fmax= 2.24988e+05, atom= 472Step=   47, Dmax= 4.0e-02 nm, Epot= -7.70575e+05 Fmax= 1.12627e+04, atom= 472
Step=   48, Dmax= 4.8e-02 nm, Epot= -7.73605e+05 Fmax= 3.00097e+04, atom= 472
Step=   49, Dmax= 5.7e-02 nm, Epot= -7.73971e+05 Fmax= 7.52683e+04, atom= 472
Step=   50, Dmax= 6.9e-02 nm, Epot= -7.76141e+05 Fmax= 3.76981e+04, atom= 472
Step=   51, Dmax= 8.3e-02 nm, Epot= -7.72954e+05 Fmax= 2.14215e+05, atom= 472Step=   52, Dmax= 4.1e-02 nm, Epot= -7.77878e+05 Fmax= 1.66672e+04, atom= 472
Step=   53, Dmax= 5.0e-02 nm, Epot= -7.78644e+05 Fmax= 5.19622e+04, atom= 472
Step=   54, Dmax= 6.0e-02 nm, Epot= -7.80911e+05 Fmax= 2.84945e+04, atom= 472
Step=   55, Dmax= 7.1e-02 nm, Epot= -7.80195e+05 Fmax= 6.55069e+04, atom= 472Step=   56, Dmax= 3.6e-02 nm, Epot= -7.82143e+05 Fmax= 1.93796e+04, atom= 472
Step=   57, Dmax= 4.3e-02 nm, Epot= -7.83004e+05 Fmax= 4.26660e+04, atom= 472
Step=   58, Dmax= 5.1e-02 nm, Epot= -7.84384e+05 Fmax= 2.70895e+04, atom= 472
Step=   59, Dmax= 6.2e-02 nm, Epot= -7.84239e+05 Fmax= 9.83031e+04, atom= 472Step=   60, Dmax= 3.1e-02 nm, Epot= -7.85653e+05 Fmax= 1.47201e+04, atom= 472
Step=   61, Dmax= 3.7e-02 nm, Epot= -7.86796e+05 Fmax= 3.14789e+04, atom= 472
Step=   62, Dmax= 4.4e-02 nm, Epot= -7.87893e+05 Fmax= 3.27599e+04, atom= 472
Step=   63, Dmax= 5.3e-02 nm, Epot= -7.88465e+05 Fmax= 3.80323e+04, atom= 472
Step=   64, Dmax= 6.4e-02 nm, Epot= -7.88960e+05 Fmax= 4.97654e+04, atom= 472
Step=   65, Dmax= 7.7e-02 nm, Epot= -7.89563e+05 Fmax= 4.87929e+04, atom= 472
Step=   66, Dmax= 9.2e-02 nm, Epot= -7.86595e+05 Fmax= 1.11042e+05, atom= 472Step=   67, Dmax= 4.6e-02 nm, Epot= -7.92066e+05 Fmax= 1.83281e+04, atom= 472
Step=   68, Dmax= 5.5e-02 nm, Epot= -7.92445e+05 Fmax= 4.29347e+04, atom= 472
Step=   69, Dmax= 6.6e-02 nm, Epot= -7.93076e+05 Fmax= 6.59675e+04, atom= 472
Step=   70, Dmax= 8.0e-02 nm, Epot= -7.94148e+05 Fmax= 4.26537e+04, atom= 472
Step=   71, Dmax= 9.6e-02 nm, Epot= -7.89191e+05 Fmax= 1.21279e+05, atom= 472Step=   72, Dmax= 4.8e-02 nm, Epot= -7.95965e+05 Fmax= 2.58305e+04, atom= 472
Step=   73, Dmax= 5.7e-02 nm, Epot= -7.95833e+05 Fmax= 4.83732e+04, atom= 472Step=   74, Dmax= 2.9e-02 nm, Epot= -7.96900e+05 Fmax= 1.53982e+04, atom= 472
Step=   75, Dmax= 3.4e-02 nm, Epot= -7.97625e+05 Fmax= 3.28456e+04, atom= 472
Step=   76, Dmax= 4.1e-02 nm, Epot= -7.98568e+05 Fmax= 2.40104e+04, atom= 472
Step=   77, Dmax= 5.0e-02 nm, Epot= -7.98726e+05 Fmax= 4.64917e+04, atom= 472
Step=   78, Dmax= 5.9e-02 nm, Epot= -7.99785e+05 Fmax= 3.45839e+04, atom= 472
Step=   79, Dmax= 7.1e-02 nm, Epot= -7.98612e+05 Fmax= 2.61025e+05, atom= 472Step=   80, Dmax= 3.6e-02 nm, Epot= -8.01148e+05 Fmax= 1.48790e+04, atom= 472
Step=   81, Dmax= 4.3e-02 nm, Epot= -8.01655e+05 Fmax= 3.54632e+04, atom= 472
Step=   82, Dmax= 5.1e-02 nm, Epot= -8.02402e+05 Fmax= 4.31407e+04, atom= 472
Step=   83, Dmax= 6.2e-02 nm, Epot= -8.02715e+05 Fmax= 4.20182e+04, atom= 472
Step=   84, Dmax= 7.4e-02 nm, Epot= -8.02270e+05 Fmax= 8.65559e+04, atom= 472Step=   85, Dmax= 3.7e-02 nm, Epot= -8.04526e+05 Fmax= 8.90909e+03, atom= 472
Step=   86, Dmax= 4.4e-02 nm, Epot= -8.05312e+05 Fmax= 3.78002e+04, atom= 472
Step=   87, Dmax= 5.3e-02 nm, Epot= -8.06187e+05 Fmax= 4.45453e+04, atom= 472
Step=   88, Dmax= 6.4e-02 nm, Epot= -8.06330e+05 Fmax= 4.56800e+04, atom= 472
Step=   89, Dmax= 7.7e-02 nm, Epot= -8.05757e+05 Fmax= 1.00532e+05, atom= 472Step=   90, Dmax= 3.8e-02 nm, Epot= -8.08518e+05 Fmax= 5.84541e+03, atom= 472
Step=   91, Dmax= 4.6e-02 nm, Epot= -8.08375e+05 Fmax= 5.09723e+04, atom= 472Step=   92, Dmax= 2.3e-02 nm, Epot= -8.09530e+05 Fmax= 2.42150e+04, atom= 472
Step=   93, Dmax= 2.8e-02 nm, Epot= -8.10489e+05 Fmax= 1.37803e+04, atom= 472
Step=   94, Dmax= 3.3e-02 nm, Epot= -8.10436e+05 Fmax= 2.95954e+04, atom= 472Step=   95, Dmax= 1.7e-02 nm, Epot= -8.11108e+05 Fmax= 8.60365e+03, atom= 472
Step=   96, Dmax= 2.0e-02 nm, Epot= -8.11629e+05 Fmax= 1.91251e+04, atom= 472
Step=   97, Dmax= 2.4e-02 nm, Epot= -8.12356e+05 Fmax= 1.32239e+04, atom= 472
Step=   98, Dmax= 2.9e-02 nm, Epot= -8.12349e+05 Fmax= 2.66484e+04, atom= 472Step=   99, Dmax= 1.4e-02 nm, Epot= -8.12992e+05 Fmax= 6.24970e+03, atom= 472
Step=  100, Dmax= 1.7e-02 nm, Epot= -8.13560e+05 Fmax= 1.63626e+04, atom= 472
Step=  101, Dmax= 2.1e-02 nm, Epot= -8.14274e+05 Fmax= 1.17819e+04, atom= 472
Step=  102, Dmax= 2.5e-02 nm, Epot= -8.14174e+05 Fmax= 2.12745e+04, atom= 472Step=  103, Dmax= 1.2e-02 nm, Epot= -8.14916e+05 Fmax= 4.85386e+03, atom= 472
Step=  104, Dmax= 1.5e-02 nm, Epot= -8.15360e+05 Fmax= 1.61716e+04, atom= 472
Step=  105, Dmax= 1.8e-02 nm, Epot= -8.16281e+05 Fmax= 8.01720e+03, atom= 472
Step=  106, Dmax= 2.1e-02 nm, Epot= -8.15782e+05 Fmax= 2.20108e+04, atom= 472Step=  107, Dmax= 1.1e-02 nm, Epot= -8.16809e+05 Fmax= 6.82124e+03, atom= 3303
Step=  108, Dmax= 1.3e-02 nm, Epot= -8.17186e+05 Fmax= 1.14140e+04, atom= 3303
Step=  109, Dmax= 1.5e-02 nm, Epot= -8.17742e+05 Fmax= 1.03610e+04, atom= 3303
Step=  110, Dmax= 1.8e-02 nm, Epot= -8.17896e+05 Fmax= 1.59664e+04, atom= 3303
Step=  111, Dmax= 2.2e-02 nm, Epot= -8.18438e+05 Fmax= 1.52753e+04, atom= 3303
Step=  112, Dmax= 2.7e-02 nm, Epot= -8.18214e+05 Fmax= 2.26892e+04, atom= 3303Step=  113, Dmax= 1.3e-02 nm, Epot= -8.19422e+05 Fmax= 3.81634e+03, atom= 1229
Step=  114, Dmax= 1.6e-02 nm, Epot= -8.19934e+05 Fmax= 1.93567e+04, atom= 1229
Step=  115, Dmax= 1.9e-02 nm, Epot= -8.20989e+05 Fmax= 8.25536e+03, atom= 1229
Step=  116, Dmax= 2.3e-02 nm, Epot= -8.20717e+05 Fmax= 2.55780e+04, atom= 1229Step=  117, Dmax= 1.1e-02 nm, Epot= -8.21441e+05 Fmax= 8.00157e+03, atom= 1229
Step=  118, Dmax= 1.4e-02 nm, Epot= -8.21828e+05 Fmax= 1.13518e+04, atom= 1229
Step=  119, Dmax= 1.7e-02 nm, Epot= -8.22248e+05 Fmax= 1.21860e+04, atom= 1229
Step=  120, Dmax= 2.0e-02 nm, Epot= -8.22513e+05 Fmax= 1.56264e+04, atom= 1229
Step=  121, Dmax= 2.4e-02 nm, Epot= -8.22812e+05 Fmax= 1.83480e+04, atom= 1229
Step=  122, Dmax= 2.9e-02 nm, Epot= -8.22931e+05 Fmax= 2.15965e+04, atom= 1229
Step=  123, Dmax= 3.4e-02 nm, Epot= -8.22896e+05 Fmax= 2.74056e+04, atom= 1229Step=  124, Dmax= 1.7e-02 nm, Epot= -8.24195e+05 Fmax= 2.21716e+03, atom= 3303
Step=  125, Dmax= 2.1e-02 nm, Epot= -8.25154e+05 Fmax= 2.77928e+04, atom= 3303
Step=  126, Dmax= 2.5e-02 nm, Epot= -8.26974e+05 Fmax= 8.23873e+03, atom= 3303
Step=  127, Dmax= 3.0e-02 nm, Epot= -8.25877e+05 Fmax= 3.58213e+04, atom= 3303Step=  128, Dmax= 1.5e-02 nm, Epot= -8.27283e+05 Fmax= 1.28953e+04, atom= 3303
Step=  129, Dmax= 1.8e-02 nm, Epot= -8.27670e+05 Fmax= 1.21969e+04, atom= 3303
Step=  130, Dmax= 2.1e-02 nm, Epot= -8.27811e+05 Fmax= 1.82427e+04, atom= 3303
Step=  131, Dmax= 2.6e-02 nm, Epot= -8.28169e+05 Fmax= 1.77692e+04, atom= 3303
Step=  132, Dmax= 3.1e-02 nm, Epot= -8.28000e+05 Fmax= 2.61079e+04, atom= 3303Step=  133, Dmax= 1.5e-02 nm, Epot= -8.28977e+05 Fmax= 3.09103e+03, atom= 3303
Step=  134, Dmax= 1.8e-02 nm, Epot= -8.29149e+05 Fmax= 2.25388e+04, atom= 3303
Step=  135, Dmax= 2.2e-02 nm, Epot= -8.30555e+05 Fmax= 8.52371e+03, atom= 1229
Step=  136, Dmax= 2.7e-02 nm, Epot= -8.29190e+05 Fmax= 3.09076e+04, atom= 1229Step=  137, Dmax= 1.3e-02 nm, Epot= -8.30847e+05 Fmax= 1.03586e+04, atom= 1229
Step=  138, Dmax= 1.6e-02 nm, Epot= -8.31106e+05 Fmax= 1.20636e+04, atom= 1229
Step=  139, Dmax= 1.9e-02 nm, Epot= -8.31273e+05 Fmax= 1.52557e+04, atom= 1229
Step=  140, Dmax= 2.3e-02 nm, Epot= -8.31458e+05 Fmax= 1.69603e+04, atom= 1229
Step=  141, Dmax= 2.8e-02 nm, Epot= -8.31329e+05 Fmax= 2.24566e+04, atom= 1229Step=  142, Dmax= 1.4e-02 nm, Epot= -8.32413e+05 Fmax= 2.80392e+03, atom= 3303
Step=  143, Dmax= 1.7e-02 nm, Epot= -8.32921e+05 Fmax= 2.10235e+04, atom= 3303
Step=  144, Dmax= 2.0e-02 nm, Epot= -8.33894e+05 Fmax= 7.60160e+03, atom= 3303
Step=  145, Dmax= 2.4e-02 nm, Epot= -8.33426e+05 Fmax= 2.73455e+04, atom= 3303Step=  146, Dmax= 1.2e-02 nm, Epot= -8.34195e+05 Fmax= 9.23002e+03, atom= 3303
Step=  147, Dmax= 1.4e-02 nm, Epot= -8.34468e+05 Fmax= 1.08280e+04, atom= 3303
Step=  148, Dmax= 1.7e-02 nm, Epot= -8.34704e+05 Fmax= 1.34588e+04, atom= 3303
Step=  149, Dmax= 2.1e-02 nm, Epot= -8.34908e+05 Fmax= 1.53552e+04, atom= 3303
Step=  150, Dmax= 2.5e-02 nm, Epot= -8.34996e+05 Fmax= 1.96796e+04, atom= 3303
Step=  151, Dmax= 3.0e-02 nm, Epot= -8.35091e+05 Fmax= 2.16700e+04, atom= 3303
Step=  152, Dmax= 3.5e-02 nm, Epot= -8.34826e+05 Fmax= 2.88312e+04, atom= 3303Step=  153, Dmax= 1.8e-02 nm, Epot= -8.36187e+05 Fmax= 2.63463e+03, atom= 1229
Step=  154, Dmax= 2.1e-02 nm, Epot= -8.35909e+05 Fmax= 2.89555e+04, atom= 1229Step=  155, Dmax= 1.1e-02 nm, Epot= -8.36649e+05 Fmax= 1.26148e+04, atom= 1229
Step=  156, Dmax= 1.3e-02 nm, Epot= -8.37179e+05 Fmax= 5.65839e+03, atom= 1229
Step=  157, Dmax= 1.5e-02 nm, Epot= -8.37183e+05 Fmax= 1.67313e+04, atom= 1229
Step=  158, Dmax= 1.8e-02 nm, Epot= -8.37824e+05 Fmax= 9.65549e+03, atom= 1229
Step=  159, Dmax= 2.2e-02 nm, Epot= -8.37472e+05 Fmax= 2.24888e+04, atom= 1229Step=  160, Dmax= 1.1e-02 nm, Epot= -8.38180e+05 Fmax= 5.79597e+03, atom= 1229
Step=  161, Dmax= 1.3e-02 nm, Epot= -8.38330e+05 Fmax= 1.27072e+04, atom= 1229
Step=  162, Dmax= 1.6e-02 nm, Epot= -8.38734e+05 Fmax= 9.74671e+03, atom= 1229
Step=  163, Dmax= 1.9e-02 nm, Epot= -8.38643e+05 Fmax= 1.67777e+04, atom= 1229Step=  164, Dmax= 9.5e-03 nm, Epot= -8.39107e+05 Fmax= 3.99107e+03, atom= 1229
Step=  165, Dmax= 1.1e-02 nm, Epot= -8.39378e+05 Fmax= 1.25197e+04, atom= 1229
Step=  166, Dmax= 1.4e-02 nm, Epot= -8.39799e+05 Fmax= 7.11054e+03, atom= 1229
Step=  167, Dmax= 1.6e-02 nm, Epot= -8.39810e+05 Fmax= 1.68051e+04, atom= 1229
Step=  168, Dmax= 2.0e-02 nm, Epot= -8.40307e+05 Fmax= 1.14245e+04, atom= 1229
Step=  169, Dmax= 2.4e-02 nm, Epot= -8.40012e+05 Fmax= 2.30196e+04, atom= 1229Step=  170, Dmax= 1.2e-02 nm, Epot= -8.40697e+05 Fmax= 5.08696e+03, atom= 1229
Step=  171, Dmax= 1.4e-02 nm, Epot= -8.40809e+05 Fmax= 1.47211e+04, atom= 1229
Step=  172, Dmax= 1.7e-02 nm, Epot= -8.41296e+05 Fmax= 9.30767e+03, atom= 1229
Step=  173, Dmax= 2.1e-02 nm, Epot= -8.41066e+05 Fmax= 1.90212e+04, atom= 1229Step=  174, Dmax= 1.0e-02 nm, Epot= -8.41614e+05 Fmax= 5.39497e+03, atom= 1229
Step=  175, Dmax= 1.2e-02 nm, Epot= -8.41794e+05 Fmax= 1.23188e+04, atom= 1229
Step=  176, Dmax= 1.5e-02 nm, Epot= -8.42146e+05 Fmax= 8.70382e+03, atom= 1229
Step=  177, Dmax= 1.8e-02 nm, Epot= -8.42138e+05 Fmax= 1.68976e+04, atom= 1229Step=  178, Dmax= 8.9e-03 nm, Epot= -8.42444e+05 Fmax= 3.68892e+03, atom= 1229
Step=  179, Dmax= 1.1e-02 nm, Epot= -8.42718e+05 Fmax= 1.11483e+04, atom= 1229
Step=  180, Dmax= 1.3e-02 nm, Epot= -8.43077e+05 Fmax= 6.83689e+03, atom= 1229
Step=  181, Dmax= 1.5e-02 nm, Epot= -8.43107e+05 Fmax= 1.44282e+04, atom= 1229
Step=  182, Dmax= 1.8e-02 nm, Epot= -8.43494e+05 Fmax= 1.15113e+04, atom= 1229
Step=  183, Dmax= 2.2e-02 nm, Epot= -8.43273e+05 Fmax= 1.90883e+04, atom= 1229Step=  184, Dmax= 1.1e-02 nm, Epot= -8.43894e+05 Fmax= 4.41531e+03, atom= 1229
Step=  185, Dmax= 1.3e-02 nm, Epot= -8.44040e+05 Fmax= 1.46945e+04, atom= 1229
Step=  186, Dmax= 1.6e-02 nm, Epot= -8.44492e+05 Fmax= 8.02527e+03, atom= 1229
Step=  187, Dmax= 1.9e-02 nm, Epot= -8.44342e+05 Fmax= 1.96967e+04, atom= 1229Step=  188, Dmax= 9.5e-03 nm, Epot= -8.44752e+05 Fmax= 5.36812e+03, atom= 1229
Step=  189, Dmax= 1.1e-02 nm, Epot= -8.44936e+05 Fmax= 1.06213e+04, atom= 1229
Step=  190, Dmax= 1.4e-02 nm, Epot= -8.45218e+05 Fmax= 8.79133e+03, atom= 1229
Step=  191, Dmax= 1.6e-02 nm, Epot= -8.45266e+05 Fmax= 1.41764e+04, atom= 1229
Step=  192, Dmax= 2.0e-02 nm, Epot= -8.45524e+05 Fmax= 1.38390e+04, atom= 1229
Step=  193, Dmax= 2.4e-02 nm, Epot= -8.45409e+05 Fmax= 1.91791e+04, atom= 1229Step=  194, Dmax= 1.2e-02 nm, Epot= -8.45999e+05 Fmax= 3.39975e+03, atom= 1229
Step=  195, Dmax= 1.4e-02 nm, Epot= -8.46216e+05 Fmax= 1.71848e+04, atom= 1229
Step=  196, Dmax= 1.7e-02 nm, Epot= -8.46740e+05 Fmax= 7.34339e+03, atom= 1229
Step=  197, Dmax= 2.0e-02 nm, Epot= -8.46500e+05 Fmax= 2.27216e+04, atom= 1229Step=  198, Dmax= 1.0e-02 nm, Epot= -8.46961e+05 Fmax= 7.15759e+03, atom= 1229
Step=  199, Dmax= 1.2e-02 nm, Epot= -8.47136e+05 Fmax= 1.00846e+04, atom= 1229
Step=  200, Dmax= 1.5e-02 nm, Epot= -8.47340e+05 Fmax= 1.08859e+04, atom= 1229
Step=  201, Dmax= 1.8e-02 nm, Epot= -8.47446e+05 Fmax= 1.39132e+04, atom= 1229
Step=  202, Dmax= 2.1e-02 nm, Epot= -8.47582e+05 Fmax= 1.63477e+04, atom= 1229
Step=  203, Dmax= 2.5e-02 nm, Epot= -8.47595e+05 Fmax= 1.92867e+04, atom= 1229
Step=  204, Dmax= 3.1e-02 nm, Epot= -8.47543e+05 Fmax= 2.43676e+04, atom= 1229Step=  205, Dmax= 1.5e-02 nm, Epot= -8.48338e+05 Fmax= 1.51515e+03, atom= 1230
Step=  206, Dmax= 1.8e-02 nm, Epot= -8.48650e+05 Fmax= 2.33014e+04, atom= 1229
Step=  207, Dmax= 2.2e-02 nm, Epot= -8.50076e+05 Fmax= 7.98832e+03, atom= 1229
Step=  208, Dmax= 2.6e-02 nm, Epot= -8.48606e+05 Fmax= 2.67637e+04, atom= 1229Step=  209, Dmax= 1.3e-02 nm, Epot= -8.50182e+05 Fmax= 1.01631e+04, atom= 1229
Step=  210, Dmax= 1.6e-02 nm, Epot= -8.50272e+05 Fmax= 1.25535e+04, atom= 1229
Step=  211, Dmax= 1.9e-02 nm, Epot= -8.50351e+05 Fmax= 1.41871e+04, atom= 1229
Step=  212, Dmax= 2.3e-02 nm, Epot= -8.50247e+05 Fmax= 1.84934e+04, atom= 1229Step=  213, Dmax= 1.1e-02 nm, Epot= -8.50979e+05 Fmax= 2.10674e+03, atom= 3303
Step=  214, Dmax= 1.4e-02 nm, Epot= -8.51220e+05 Fmax= 1.75606e+04, atom= 3303
Step=  215, Dmax= 1.6e-02 nm, Epot= -8.51913e+05 Fmax= 6.11801e+03, atom= 3303
Step=  216, Dmax= 2.0e-02 nm, Epot= -8.51477e+05 Fmax= 2.27880e+04, atom= 3303Step=  217, Dmax= 9.9e-03 nm, Epot= -8.52079e+05 Fmax= 7.87344e+03, atom= 3303
Step=  218, Dmax= 1.2e-02 nm, Epot= -8.52241e+05 Fmax= 8.80445e+03, atom= 3303
Step=  219, Dmax= 1.4e-02 nm, Epot= -8.52355e+05 Fmax= 1.13609e+04, atom= 3303
Step=  220, Dmax= 1.7e-02 nm, Epot= -8.52478e+05 Fmax= 1.26079e+04, atom= 3303
Step=  221, Dmax= 2.0e-02 nm, Epot= -8.52483e+05 Fmax= 1.64813e+04, atom= 3303
Step=  222, Dmax= 2.5e-02 nm, Epot= -8.52539e+05 Fmax= 1.79292e+04, atom= 3303
Step=  223, Dmax= 2.9e-02 nm, Epot= -8.52298e+05 Fmax= 2.40253e+04, atom= 3303Step=  224, Dmax= 1.5e-02 nm, Epot= -8.53281e+05 Fmax= 2.32410e+03, atom= 1229
Step=  225, Dmax= 1.8e-02 nm, Epot= -8.52906e+05 Fmax= 2.36831e+04, atom= 1229Step=  226, Dmax= 8.8e-03 nm, Epot= -8.53505e+05 Fmax= 1.02847e+04, atom= 1229
Step=  227, Dmax= 1.1e-02 nm, Epot= -8.53844e+05 Fmax= 4.82548e+03, atom= 1229
Step=  228, Dmax= 1.3e-02 nm, Epot= -8.53797e+05 Fmax= 1.36506e+04, atom= 1229Step=  229, Dmax= 6.4e-03 nm, Epot= -8.54021e+05 Fmax= 4.19639e+03, atom= 1229
Step=  230, Dmax= 7.6e-03 nm, Epot= -8.54181e+05 Fmax= 6.53052e+03, atom= 1229
Step=  231, Dmax= 9.2e-03 nm, Epot= -8.54356e+05 Fmax= 6.48469e+03, atom= 1229
Step=  232, Dmax= 1.1e-02 nm, Epot= -8.54462e+05 Fmax= 8.96288e+03, atom= 1229
Step=  233, Dmax= 1.3e-02 nm, Epot= -8.54607e+05 Fmax= 9.80464e+03, atom= 1229
Step=  234, Dmax= 1.6e-02 nm, Epot= -8.54645e+05 Fmax= 1.24163e+04, atom= 1229
Step=  235, Dmax= 1.9e-02 nm, Epot= -8.54695e+05 Fmax= 1.46557e+04, atom= 1229
Step=  236, Dmax= 2.3e-02 nm, Epot= -8.54642e+05 Fmax= 1.72734e+04, atom= 1229Step=  237, Dmax= 1.1e-02 nm, Epot= -8.55305e+05 Fmax= 1.99488e+03, atom= 1229
Step=  238, Dmax= 1.4e-02 nm, Epot= -8.55642e+05 Fmax= 1.76911e+04, atom= 1229
Step=  239, Dmax= 1.6e-02 nm, Epot= -8.56169e+05 Fmax= 5.90313e+03, atom= 1229
Step=  240, Dmax= 2.0e-02 nm, Epot= -8.55825e+05 Fmax= 2.32982e+04, atom= 1229Step=  241, Dmax= 9.8e-03 nm, Epot= -8.56315e+05 Fmax= 8.21251e+03, atom= 1229
Step=  242, Dmax= 1.2e-02 nm, Epot= -8.56467e+05 Fmax= 8.45035e+03, atom= 1229
Step=  243, Dmax= 1.4e-02 nm, Epot= -8.56562e+05 Fmax= 1.18213e+04, atom= 1229
Step=  244, Dmax= 1.7e-02 nm, Epot= -8.56698e+05 Fmax= 1.21577e+04, atom= 1229
Step=  245, Dmax= 2.0e-02 nm, Epot= -8.56690e+05 Fmax= 1.70744e+04, atom= 1229Step=  246, Dmax= 1.0e-02 nm, Epot= -8.57022e+05 Fmax= 1.92255e+03, atom= 1229
Step=  247, Dmax= 1.2e-02 nm, Epot= -8.57312e+05 Fmax= 1.51809e+04, atom= 1229
Step=  248, Dmax= 1.5e-02 nm, Epot= -8.57795e+05 Fmax= 5.41666e+03, atom= 1229
Step=  249, Dmax= 1.8e-02 nm, Epot= -8.57522e+05 Fmax= 1.86078e+04, atom= 1229Step=  250, Dmax= 8.8e-03 nm, Epot= -8.57935e+05 Fmax= 6.97977e+03, atom= 1229
Step=  251, Dmax= 1.1e-02 nm, Epot= -8.58073e+05 Fmax= 8.11218e+03, atom= 1229
Step=  252, Dmax= 1.3e-02 nm, Epot= -8.58182e+05 Fmax= 9.76933e+03, atom= 1229
Step=  253, Dmax= 1.5e-02 nm, Epot= -8.58275e+05 Fmax= 1.19740e+04, atom= 1229
Step=  254, Dmax= 1.8e-02 nm, Epot= -8.58340e+05 Fmax= 1.37322e+04, atom= 1229
Step=  255, Dmax= 2.2e-02 nm, Epot= -8.58322e+05 Fmax= 1.76283e+04, atom= 1229Step=  256, Dmax= 1.1e-02 nm, Epot= -8.58770e+05 Fmax= 1.33897e+03, atom= 1229
Step=  257, Dmax= 1.3e-02 nm, Epot= -8.59053e+05 Fmax= 1.72240e+04, atom= 1229
Step=  258, Dmax= 1.6e-02 nm, Epot= -8.59843e+05 Fmax= 4.98855e+03, atom= 1229
Step=  259, Dmax= 1.9e-02 nm, Epot= -8.59073e+05 Fmax= 2.09997e+04, atom= 3303Step=  260, Dmax= 9.5e-03 nm, Epot= -8.59919e+05 Fmax= 8.14219e+03, atom= 1229
Step=  261, Dmax= 1.1e-02 nm, Epot= -8.60070e+05 Fmax= 8.03570e+03, atom= 1229
Step=  262, Dmax= 1.4e-02 nm, Epot= -8.60072e+05 Fmax= 1.11279e+04, atom= 1229
Step=  263, Dmax= 1.6e-02 nm, Epot= -8.60164e+05 Fmax= 1.21939e+04, atom= 1229
Step=  264, Dmax= 2.0e-02 nm, Epot= -8.60067e+05 Fmax= 1.53568e+04, atom= 1229Step=  265, Dmax= 9.8e-03 nm, Epot= -8.60636e+05 Fmax= 2.09432e+03, atom= 1229
Step=  266, Dmax= 1.2e-02 nm, Epot= -8.60799e+05 Fmax= 1.49026e+04, atom= 1229
Step=  267, Dmax= 1.4e-02 nm, Epot= -8.61247e+05 Fmax= 5.41487e+03, atom= 1229
Step=  268, Dmax= 1.7e-02 nm, Epot= -8.60966e+05 Fmax= 1.95466e+04, atom= 1229Step=  269, Dmax= 8.5e-03 nm, Epot= -8.61375e+05 Fmax= 6.69327e+03, atom= 1229
Step=  270, Dmax= 1.0e-02 nm, Epot= -8.61495e+05 Fmax= 7.66601e+03, atom= 1229
Step=  271, Dmax= 1.2e-02 nm, Epot= -8.61590e+05 Fmax= 9.77750e+03, atom= 1229
Step=  272, Dmax= 1.5e-02 nm, Epot= -8.61684e+05 Fmax= 1.08891e+04, atom= 1229
Step=  273, Dmax= 1.8e-02 nm, Epot= -8.61705e+05 Fmax= 1.42684e+04, atom= 1229
Step=  274, Dmax= 2.1e-02 nm, Epot= -8.61758e+05 Fmax= 1.54334e+04, atom= 1229
Step=  275, Dmax= 2.5e-02 nm, Epot= -8.61610e+05 Fmax= 2.08546e+04, atom= 1229Step=  276, Dmax= 1.3e-02 nm, Epot= -8.62270e+05 Fmax= 1.90757e+03, atom= 1229
Step=  277, Dmax= 1.5e-02 nm, Epot= -8.62081e+05 Fmax= 1.94160e+04, atom= 1229Step=  278, Dmax= 7.6e-03 nm, Epot= -8.62464e+05 Fmax= 9.01789e+03, atom= 1229
Step=  279, Dmax= 9.1e-03 nm, Epot= -8.62719e+05 Fmax= 3.94615e+03, atom= 1229
Step=  280, Dmax= 1.1e-02 nm, Epot= -8.62710e+05 Fmax= 1.11608e+04, atom= 1229Step=  281, Dmax= 5.5e-03 nm, Epot= -8.62851e+05 Fmax= 3.75986e+03, atom= 1229
Step=  282, Dmax= 6.6e-03 nm, Epot= -8.62976e+05 Fmax= 5.64931e+03, atom= 1229
Step=  283, Dmax= 7.9e-03 nm, Epot= -8.63108e+05 Fmax= 5.50329e+03, atom= 1229
Step=  284, Dmax= 9.5e-03 nm, Epot= -8.63195e+05 Fmax= 8.02706e+03, atom= 1229
Step=  285, Dmax= 1.1e-02 nm, Epot= -8.63322e+05 Fmax= 8.02542e+03, atom= 1229
Step=  286, Dmax= 1.4e-02 nm, Epot= -8.63340e+05 Fmax= 1.14734e+04, atom= 1229
Step=  287, Dmax= 1.6e-02 nm, Epot= -8.63454e+05 Fmax= 1.16068e+04, atom= 1229
Step=  288, Dmax= 2.0e-02 nm, Epot= -8.63336e+05 Fmax= 1.65106e+04, atom= 1229Step=  289, Dmax= 9.8e-03 nm, Epot= -8.63820e+05 Fmax= 1.95546e+03, atom= 1229
Step=  290, Dmax= 1.2e-02 nm, Epot= -8.63779e+05 Fmax= 1.45048e+04, atom= 3303Step=  291, Dmax= 5.9e-03 nm, Epot= -8.63991e+05 Fmax= 6.43660e+03, atom= 1229
Step=  292, Dmax= 7.1e-03 nm, Epot= -8.64168e+05 Fmax= 3.59065e+03, atom= 1229
Step=  293, Dmax= 8.5e-03 nm, Epot= -8.64226e+05 Fmax= 8.23990e+03, atom= 1229
Step=  294, Dmax= 1.0e-02 nm, Epot= -8.64420e+05 Fmax= 6.15751e+03, atom= 3303
Step=  295, Dmax= 1.2e-02 nm, Epot= -8.64358e+05 Fmax= 1.12902e+04, atom= 3303Step=  296, Dmax= 6.1e-03 nm, Epot= -8.64596e+05 Fmax= 2.57317e+03, atom= 1229
Step=  297, Dmax= 7.3e-03 nm, Epot= -8.64708e+05 Fmax= 7.94869e+03, atom= 1229
Step=  298, Dmax= 8.8e-03 nm, Epot= -8.64911e+05 Fmax= 4.56942e+03, atom= 1229
Step=  299, Dmax= 1.1e-02 nm, Epot= -8.64902e+05 Fmax= 1.06264e+04, atom= 1229Step=  300, Dmax= 5.3e-03 nm, Epot= -8.65043e+05 Fmax= 2.87972e+03, atom= 1229
Step=  301, Dmax= 6.3e-03 nm, Epot= -8.65165e+05 Fmax= 6.00840e+03, atom= 1229
Step=  302, Dmax= 7.6e-03 nm, Epot= -8.65309e+05 Fmax= 4.75509e+03, atom= 1229
Step=  303, Dmax= 9.1e-03 nm, Epot= -8.65366e+05 Fmax= 8.03322e+03, atom= 1229
Step=  304, Dmax= 1.1e-02 nm, Epot= -8.65507e+05 Fmax= 7.48341e+03, atom= 1229
Step=  305, Dmax= 1.3e-02 nm, Epot= -8.65486e+05 Fmax= 1.09203e+04, atom= 1229Step=  306, Dmax= 6.6e-03 nm, Epot= -8.65716e+05 Fmax= 1.94738e+03, atom= 1229
Step=  307, Dmax= 7.9e-03 nm, Epot= -8.65880e+05 Fmax= 9.38577e+03, atom= 1229
Step=  308, Dmax= 9.4e-03 nm, Epot= -8.66120e+05 Fmax= 4.11080e+03, atom= 1229
Step=  309, Dmax= 1.1e-02 nm, Epot= -8.66087e+05 Fmax= 1.23153e+04, atom= 1229Step=  310, Dmax= 5.7e-03 nm, Epot= -8.66240e+05 Fmax= 3.93063e+03, atom= 1229
Step=  311, Dmax= 6.8e-03 nm, Epot= -8.66349e+05 Fmax= 5.64797e+03, atom= 1229
Step=  312, Dmax= 8.2e-03 nm, Epot= -8.66465e+05 Fmax= 5.95805e+03, atom= 1229
Step=  313, Dmax= 9.8e-03 nm, Epot= -8.66544e+05 Fmax= 7.83122e+03, atom= 1229
Step=  314, Dmax= 1.2e-02 nm, Epot= -8.66636e+05 Fmax= 8.90132e+03, atom= 1229
Step=  315, Dmax= 1.4e-02 nm, Epot= -8.66673e+05 Fmax= 1.09356e+04, atom= 1229
Step=  316, Dmax= 1.7e-02 nm, Epot= -8.66699e+05 Fmax= 1.31971e+04, atom= 1229
Step=  317, Dmax= 2.0e-02 nm, Epot= -8.66675e+05 Fmax= 1.53119e+04, atom= 1229Step=  318, Dmax= 1.0e-02 nm, Epot= -8.67118e+05 Fmax= 1.60550e+03, atom= 1229
Step=  319, Dmax= 1.2e-02 nm, Epot= -8.67380e+05 Fmax= 1.59097e+04, atom= 1229
Step=  320, Dmax= 1.5e-02 nm, Epot= -8.67775e+05 Fmax= 5.08703e+03, atom= 1229
Step=  321, Dmax= 1.8e-02 nm, Epot= -8.67489e+05 Fmax= 2.08958e+04, atom= 1229Step=  322, Dmax= 8.8e-03 nm, Epot= -8.67871e+05 Fmax= 7.51317e+03, atom= 1229
Step=  323, Dmax= 1.1e-02 nm, Epot= -8.67982e+05 Fmax= 7.35670e+03, atom= 1229
Step=  324, Dmax= 1.3e-02 nm, Epot= -8.68036e+05 Fmax= 1.07128e+04, atom= 1229
Step=  325, Dmax= 1.5e-02 nm, Epot= -8.68138e+05 Fmax= 1.06882e+04, atom= 1229
Step=  326, Dmax= 1.8e-02 nm, Epot= -8.68111e+05 Fmax= 1.53642e+04, atom= 1229Step=  327, Dmax= 9.1e-03 nm, Epot= -8.68372e+05 Fmax= 1.90762e+03, atom= 1229
Step=  328, Dmax= 1.1e-02 nm, Epot= -8.68525e+05 Fmax= 1.33336e+04, atom= 1229
Step=  329, Dmax= 1.3e-02 nm, Epot= -8.68861e+05 Fmax= 5.03730e+03, atom= 1229
Step=  330, Dmax= 1.6e-02 nm, Epot= -8.68661e+05 Fmax= 1.65060e+04, atom= 1229Step=  331, Dmax= 7.9e-03 nm, Epot= -8.68961e+05 Fmax= 6.04506e+03, atom= 1229
Step=  332, Dmax= 9.4e-03 nm, Epot= -8.69053e+05 Fmax= 7.40719e+03, atom= 1229
Step=  333, Dmax= 1.1e-02 nm, Epot= -8.69136e+05 Fmax= 8.55191e+03, atom= 1229
Step=  334, Dmax= 1.4e-02 nm, Epot= -8.69192e+05 Fmax= 1.08295e+04, atom= 1229
Step=  335, Dmax= 1.6e-02 nm, Epot= -8.69246e+05 Fmax= 1.21167e+04, atom= 1229
Step=  336, Dmax= 2.0e-02 nm, Epot= -8.69220e+05 Fmax= 1.58342e+04, atom= 1229Step=  337, Dmax= 9.8e-03 nm, Epot= -8.69550e+05 Fmax= 1.36822e+03, atom= 1229
Step=  338, Dmax= 1.2e-02 nm, Epot= -8.69718e+05 Fmax= 1.51136e+04, atom= 1229
Step=  339, Dmax= 1.4e-02 nm, Epot= -8.70221e+05 Fmax= 4.65986e+03, atom= 1229
Step=  340, Dmax= 1.7e-02 nm, Epot= -8.69777e+05 Fmax= 1.82112e+04, atom= 1229Step=  341, Dmax= 8.4e-03 nm, Epot= -8.70289e+05 Fmax= 7.12727e+03, atom= 1229
Step=  342, Dmax= 1.0e-02 nm, Epot= -8.70391e+05 Fmax= 7.29971e+03, atom= 1229
Step=  343, Dmax= 1.2e-02 nm, Epot= -8.70415e+05 Fmax= 9.80465e+03, atom= 1229
Step=  344, Dmax= 1.5e-02 nm, Epot= -8.70480e+05 Fmax= 1.09832e+04, atom= 1229
Step=  345, Dmax= 1.8e-02 nm, Epot= -8.70442e+05 Fmax= 1.36107e+04, atom= 1229Step=  346, Dmax= 8.8e-03 nm, Epot= -8.70784e+05 Fmax= 1.72216e+03, atom= 1229
Step=  347, Dmax= 1.1e-02 nm, Epot= -8.70940e+05 Fmax= 1.34129e+04, atom= 1229
Step=  348, Dmax= 1.3e-02 nm, Epot= -8.71258e+05 Fmax= 4.67516e+03, atom= 1229
Step=  349, Dmax= 1.5e-02 nm, Epot= -8.71058e+05 Fmax= 1.75317e+04, atom= 1229Step=  350, Dmax= 7.6e-03 nm, Epot= -8.71350e+05 Fmax= 6.12903e+03, atom= 1229
Step=  351, Dmax= 9.1e-03 nm, Epot= -8.71440e+05 Fmax= 6.68338e+03, atom= 1229
Step=  352, Dmax= 1.1e-02 nm, Epot= -8.71504e+05 Fmax= 8.86611e+03, atom= 1229
Step=  353, Dmax= 1.3e-02 nm, Epot= -8.71580e+05 Fmax= 9.57678e+03, atom= 1229
Step=  354, Dmax= 1.6e-02 nm, Epot= -8.71588e+05 Fmax= 1.28445e+04, atom= 1229
Step=  355, Dmax= 1.9e-02 nm, Epot= -8.71636e+05 Fmax= 1.36677e+04, atom= 1229
Step=  356, Dmax= 2.3e-02 nm, Epot= -8.71524e+05 Fmax= 1.86731e+04, atom= 1229Step=  357, Dmax= 1.1e-02 nm, Epot= -8.71998e+05 Fmax= 1.85448e+03, atom= 1229
Step=  358, Dmax= 1.4e-02 nm, Epot= -8.71903e+05 Fmax= 1.71212e+04, atom= 1229Step=  359, Dmax= 6.8e-03 nm, Epot= -8.72136e+05 Fmax= 7.85104e+03, atom= 1229
Step=  360, Dmax= 8.1e-03 nm, Epot= -8.72303e+05 Fmax= 3.69324e+03, atom= 1229
Step=  361, Dmax= 9.8e-03 nm, Epot= -8.72317e+05 Fmax= 9.84130e+03, atom= 1229
Step=  362, Dmax= 1.2e-02 nm, Epot= -8.72503e+05 Fmax= 6.67663e+03, atom= 1229
Step=  363, Dmax= 1.4e-02 nm, Epot= -8.72388e+05 Fmax= 1.29210e+04, atom= 1229Step=  364, Dmax= 7.0e-03 nm, Epot= -8.72639e+05 Fmax= 3.37930e+03, atom= 1229
Step=  365, Dmax= 8.4e-03 nm, Epot= -8.72691e+05 Fmax= 8.72532e+03, atom= 1229
Step=  366, Dmax= 1.0e-02 nm, Epot= -8.72848e+05 Fmax= 5.67815e+03, atom= 1229
Step=  367, Dmax= 1.2e-02 nm, Epot= -8.72806e+05 Fmax= 1.18070e+04, atom= 1229Step=  368, Dmax= 6.1e-03 nm, Epot= -8.72964e+05 Fmax= 2.86834e+03, atom= 1229
Step=  369, Dmax= 7.3e-03 nm, Epot= -8.73045e+05 Fmax= 7.34624e+03, atom= 1229
Step=  370, Dmax= 8.7e-03 nm, Epot= -8.73181e+05 Fmax= 5.01720e+03, atom= 1229
Step=  371, Dmax= 1.0e-02 nm, Epot= -8.73182e+05 Fmax= 9.66075e+03, atom= 1229
Step=  372, Dmax= 1.3e-02 nm, Epot= -8.73324e+05 Fmax= 8.16376e+03, atom= 1229
Step=  373, Dmax= 1.5e-02 nm, Epot= -8.73233e+05 Fmax= 1.29575e+04, atom= 1229Step=  374, Dmax= 7.6e-03 nm, Epot= -8.73501e+05 Fmax= 2.69788e+03, atom= 1229
Step=  375, Dmax= 9.1e-03 nm, Epot= -8.73547e+05 Fmax= 1.03505e+04, atom= 1229
Step=  376, Dmax= 1.1e-02 nm, Epot= -8.73755e+05 Fmax= 5.18936e+03, atom= 1229
Step=  377, Dmax= 1.3e-02 nm, Epot= -8.73654e+05 Fmax= 1.37106e+04, atom= 1229Step=  378, Dmax= 6.5e-03 nm, Epot= -8.73856e+05 Fmax= 4.03457e+03, atom= 1229
Step=  379, Dmax= 7.8e-03 nm, Epot= -8.73922e+05 Fmax= 6.97114e+03, atom= 1229
Step=  380, Dmax= 9.4e-03 nm, Epot= -8.74026e+05 Fmax= 6.36102e+03, atom= 1229
Step=  381, Dmax= 1.1e-02 nm, Epot= -8.74047e+05 Fmax= 9.47016e+03, atom= 1229
Step=  382, Dmax= 1.4e-02 nm, Epot= -8.74135e+05 Fmax= 9.75632e+03, atom= 1229
Step=  383, Dmax= 1.6e-02 nm, Epot= -8.74093e+05 Fmax= 1.30133e+04, atom= 1229Step=  384, Dmax= 8.1e-03 nm, Epot= -8.74350e+05 Fmax= 1.97825e+03, atom= 1229
Step=  385, Dmax= 9.7e-03 nm, Epot= -8.74447e+05 Fmax= 1.20667e+04, atom= 1229
Step=  386, Dmax= 1.2e-02 nm, Epot= -8.74696e+05 Fmax= 4.68544e+03, atom= 1229
Step=  387, Dmax= 1.4e-02 nm, Epot= -8.74554e+05 Fmax= 1.57825e+04, atom= 1229Step=  388, Dmax= 7.0e-03 nm, Epot= -8.74782e+05 Fmax= 5.28895e+03, atom= 1229
Step=  389, Dmax= 8.4e-03 nm, Epot= -8.74856e+05 Fmax= 6.57378e+03, atom= 1229
Step=  390, Dmax= 1.0e-02 nm, Epot= -8.74928e+05 Fmax= 7.81219e+03, atom= 1229
Step=  391, Dmax= 1.2e-02 nm, Epot= -8.74980e+05 Fmax= 9.26311e+03, atom= 1229
Step=  392, Dmax= 1.5e-02 nm, Epot= -8.75015e+05 Fmax= 1.14818e+04, atom= 1229
Step=  393, Dmax= 1.7e-02 nm, Epot= -8.75032e+05 Fmax= 1.30701e+04, atom= 1229
Step=  394, Dmax= 2.1e-02 nm, Epot= -8.74978e+05 Fmax= 1.68550e+04, atom= 1229Step=  395, Dmax= 1.0e-02 nm, Epot= -8.75356e+05 Fmax= 1.33299e+03, atom= 1229
Step=  396, Dmax= 1.3e-02 nm, Epot= -8.75379e+05 Fmax= 1.63715e+04, atom= 1229
Step=  397, Dmax= 1.5e-02 nm, Epot= -8.75948e+05 Fmax= 4.80844e+03, atom= 1229
Step=  398, Dmax= 1.8e-02 nm, Epot= -8.75353e+05 Fmax= 1.95317e+04, atom= 1229Step=  399, Dmax= 9.0e-03 nm, Epot= -8.75978e+05 Fmax= 7.75759e+03, atom= 1229
Step=  400, Dmax= 1.1e-02 nm, Epot= -8.76068e+05 Fmax= 7.68087e+03, atom= 1229
Step=  401, Dmax= 1.3e-02 nm, Epot= -8.76048e+05 Fmax= 1.06211e+04, atom= 1229Step=  402, Dmax= 6.5e-03 nm, Epot= -8.76237e+05 Fmax= 1.69443e+03, atom= 1229
Step=  403, Dmax= 7.8e-03 nm, Epot= -8.76352e+05 Fmax= 9.57210e+03, atom= 1229
Step=  404, Dmax= 9.4e-03 nm, Epot= -8.76549e+05 Fmax= 3.84629e+03, atom= 1229
Step=  405, Dmax= 1.1e-02 nm, Epot= -8.76482e+05 Fmax= 1.24858e+04, atom= 1229Step=  406, Dmax= 5.6e-03 nm, Epot= -8.76632e+05 Fmax= 4.15007e+03, atom= 1229
Step=  407, Dmax= 6.8e-03 nm, Epot= -8.76706e+05 Fmax= 5.37643e+03, atom= 1229
Step=  408, Dmax= 8.1e-03 nm, Epot= -8.76780e+05 Fmax= 6.16053e+03, atom= 1229
Step=  409, Dmax= 9.7e-03 nm, Epot= -8.76835e+05 Fmax= 7.55235e+03, atom= 1229
Step=  410, Dmax= 1.2e-02 nm, Epot= -8.76884e+05 Fmax= 9.08019e+03, atom= 1229
Step=  411, Dmax= 1.4e-02 nm, Epot= -8.76909e+05 Fmax= 1.06448e+04, atom= 1229
Step=  412, Dmax= 1.7e-02 nm, Epot= -8.76898e+05 Fmax= 1.33428e+04, atom= 1229Step=  413, Dmax= 8.4e-03 nm, Epot= -8.77163e+05 Fmax= 9.81684e+02, atom= 1229

writing lowest energy coordinates.

Steepest Descents converged to Fmax < 1000 in 414 steps
Potential Energy  = -8.7716319e+05
Maximum force     =  9.8168439e+02 on atom 1229
Norm of force     =  3.3298147e+01

GROMACS reminds you: "Jesus Built My Hotrod" (Ministry)

OMP_NUM_THREADS= 1, MPI_NUM_PROCS= 80
---------------------------------------------
Runtime: 189.429303170 sec
---------------------------------------------
