                :-) GROMACS - gmx mdrun, 2024.5-conda_forge (-:

Copyright 1991-2024 The GROMACS Authors.
GROMACS is free software; you can redistribute it and/or modify it
under the terms of the GNU Lesser General Public License
as published by the Free Software Foundation; either version 2.1
of the License, or (at your option) any later version.

                         Current GROMACS contributors:
       Mark Abraham           Andrey Alekseenko           Vladimir Basov      
      Cathrine Bergh            Eliane Briand               Ania Brown        
      Mahesh Doijade            Giacomo Fiorin          Stefan Fleischmann    
      Sergey Gorelov         Gilles Gouaillardet            Alan Gray         
     M. Eric Irrgang         Farzaneh Jalalypour            Joe Jordan        
     Carsten Kutzner           Justin A. Lemkul          Magnus Lundborg      
       Pascal Merz              Vedran Miletic            Dmitry Morozov      
       Julien Nabet              Szilard Pall        Andrea Pasquadibisceglie 
    Michele Pellegrino          Hubert Santuz             Roland Schulz       
     Tatiana Shugaeva          Alexey Shvetsov            Philip Turner       
     Alessandra Villa      Sebastian Wingbermuehle  

                         Previous GROMACS contributors:
        Emile Apol             Rossen Apostolov           James Barnett       
        Paul Bauer          Herman J.C. Berendsen          Par Bjelkmar       
      Christian Blau          Viacheslav Bolnykh            Kevin Boyd        
    Aldert van Buuren          Carlo Camilloni           Rudi van Drunen      
      Anton Feenstra           Oliver Fleetwood            Vytas Gapsys       
       Gaurav Garg             Gerrit Groenhof            Bert de Groot       
      Anca Hamuraru           Vincent Hindriksen          Victor Holanda      
     Aleksei Iupinov          Christoph Junghans        Prashanth Kanduri     
   Dimitrios Karkoulis           Peter Kasson             Sebastian Kehl      
     Sebastian Keller             Jiri Kraus               Per Larsson        
      Viveca Lindahl            Erik Marklund           Pieter Meulenhoff     
      Teemu Murtola              Sander Pronk             Michael Shirts      
      Alfons Sijbers            Balint Soproni         David van der Spoel    
      Peter Tieleman            Carsten Uphoff             Jon Vincent        
     Teemu Virolainen         Christian Wennberg           Maarten Wolf       
      Artem Zhmurov       

                  Coordinated by the GROMACS project leaders:
                           Berk Hess and Erik Lindahl

GROMACS:      gmx mdrun, version 2024.5-conda_forge
Executable:   /home/arunima/.conda/envs/biobb_wf_protein-complex_md_setup/bin.AVX2_256/gmx
Data prefix:  /home/arunima/.conda/envs/biobb_wf_protein-complex_md_setup
Working dir:  /home/arunima/gitrepos/gromacs_sims/Antimicrobial_Peptides/Pseudomonas_antibiotics/simulation/pbpmez2018C
Process ID:   240178
Command line:
  gmx -nobackup -nocopyright mdrun -o /home/arunima/gitrepos/gromacs_sims/Antimicrobial_Peptides/Pseudomonas_antibiotics/simulation/pbpmez2018C/2626ff0f-063b-48a3-adcd-9da8150ebf72/prot_pbpmez2018C_MEZ_nvt.trr -s /home/arunima/gitrepos/gromacs_sims/Antimicrobial_Peptides/Pseudomonas_antibiotics/simulation/pbpmez2018C/2626ff0f-063b-48a3-adcd-9da8150ebf72/prot_pbpmez2018C_MEZgppnvt.tpr -c /home/arunima/gitrepos/gromacs_sims/Antimicrobial_Peptides/Pseudomonas_antibiotics/simulation/pbpmez2018C/2626ff0f-063b-48a3-adcd-9da8150ebf72/prot_pbpmez2018C_MEZ_nvt.gro -e /home/arunima/gitrepos/gromacs_sims/Antimicrobial_Peptides/Pseudomonas_antibiotics/simulation/pbpmez2018C/2626ff0f-063b-48a3-adcd-9da8150ebf72/prot_pbpmez2018C_MEZ_nvt.edr -g /home/arunima/gitrepos/gromacs_sims/Antimicrobial_Peptides/Pseudomonas_antibiotics/simulation/pbpmez2018C/2626ff0f-063b-48a3-adcd-9da8150ebf72/prot_pbpmez2018C_MEZ_nvt.log -cpo /home/arunima/gitrepos/gromacs_sims/Antimicrobial_Peptides/Pseudomonas_antibiotics/simulation/pbpmez2018C/2626ff0f-063b-48a3-adcd-9da8150ebf72/prot_pbpmez2018C_MEZ_nvt.cpt

GROMACS version:     2024.5-conda_forge
Precision:           mixed
Memory model:        64 bit
MPI library:         thread_mpi
OpenMP support:      enabled (GMX_OPENMP_MAX_THREADS = 128)
GPU support:         CUDA
NBNxM GPU setup:     super-cluster 2x2x2 / cluster 8
SIMD instructions:   AVX2_256
CPU FFT library:     fftw-3.3.10-sse2-avx
GPU FFT library:     cuFFT
Multi-GPU FFT:       none
RDTSCP usage:        disabled
TNG support:         enabled
Hwloc support:       disabled
Tracing support:     disabled
C compiler:          /home/conda/feedstock_root/build_artifacts/gromacs_1737880200488/_build_env/bin/x86_64-conda-linux-gnu-cc GNU 11.4.0
C compiler flags:    -fexcess-precision=fast -funroll-all-loops -mavx2 -mfma -Wno-missing-field-initializers -O3 -DNDEBUG
C++ compiler:        /home/conda/feedstock_root/build_artifacts/gromacs_1737880200488/_build_env/bin/x86_64-conda-linux-gnu-c++ GNU 11.4.0
C++ compiler flags:  -fexcess-precision=fast -funroll-all-loops -mavx2 -mfma -Wno-missing-field-initializers -Wno-cast-function-type-strict SHELL:-fopenmp -O3 -DNDEBUG
BLAS library:        Internal
LAPACK library:      Internal
CUDA compiler:       /usr/local/cuda/bin/nvcc nvcc: NVIDIA (R) Cuda compiler driver;Copyright (c) 2005-2022 NVIDIA Corporation;Built on Wed_Sep_21_10:33:58_PDT_2022;Cuda compilation tools, release 11.8, V11.8.89;Build cuda_11.8.r11.8/compiler.31833905_0
CUDA compiler flags:-std=c++17;--generate-code=arch=compute_35,code=sm_35;--generate-code=arch=compute_37,code=sm_37;--generate-code=arch=compute_50,code=sm_50;--generate-code=arch=compute_52,code=sm_52;--generate-code=arch=compute_60,code=sm_60;--generate-code=arch=compute_61,code=sm_61;--generate-code=arch=compute_70,code=sm_70;--generate-code=arch=compute_75,code=sm_75;--generate-code=arch=compute_80,code=sm_80;--generate-code=arch=compute_86,code=sm_86;--generate-code=arch=compute_89,code=sm_89;--generate-code=arch=compute_90,code=sm_90;-Wno-deprecated-gpu-targets;--generate-code=arch=compute_53,code=sm_53;--generate-code=arch=compute_80,code=sm_80;-use_fast_math;-Xptxas;-warn-double-usage;-Xptxas;-Werror;;-Xcompiler;-fopenmp;-fexcess-precision=fast -funroll-all-loops -mavx2 -mfma -Wno-missing-field-initializers -Wno-cast-function-type-strict SHELL:-fopenmp -O3 -DNDEBUG
CUDA driver:         11.70
CUDA runtime:        11.80


Running on 1 node with total 32 cores, 64 processing units, 1 compatible GPU
Hardware detected on host kuhpcgn2:
  CPU info:
    Vendor: Intel
    Brand:  Intel(R) Xeon(R) Silver 4216 CPU @ 2.10GHz
    Family: 6   Model: 85   Stepping: 7
    Features: aes apic avx avx2 avx512f avx512cd avx512bw avx512vl clfsh cmov cx8 cx16 f16c fma hle htt intel lahf mmx msr nonstop_tsc pcid pclmuldq pdcm pdpe1gb popcnt pse rdrnd rdtscp rtm sse2 sse3 sse4.1 sse4.2 ssse3 tdt x2apic
    Number of AVX-512 FMA units: 1 (For Intel, AVX2 is faster w/o 2 AVX-512 FMA units)
  Hardware topology: Basic
    Packages, cores, and logical processors:
    [indices refer to OS logical processors]
      Package  0: [   0  32] [   1  33] [   2  34] [   3  35] [   4  36] [   5  37] [   6  38] [   7  39] [   8  40] [   9  41] [  10  42] [  11  43] [  12  44] [  13  45] [  14  46] [  15  47]
      Package  1: [  16  48] [  17  49] [  18  50] [  19  51] [  20  52] [  21  53] [  22  54] [  23  55] [  24  56] [  25  57] [  26  58] [  27  59] [  28  60] [  29  61] [  30  62] [  31  63]
    CPU limit set by OS: -1   Recommended max number of threads: 64
  GPU info:
    Number of GPUs detected: 1
    #0: NVIDIA Tesla V100-PCIE-32GB, compute cap.: 7.0, ECC: yes, stat: compatible

The current CPU can measure timings more accurately than the code in
gmx mdrun was configured to use. This might affect your simulation
speed as accurate timings are needed for load-balancing.
Please consider rebuilding gmx mdrun with the GMX_USE_RDTSCP=ON CMake option.

++++ PLEASE READ AND CITE THE FOLLOWING REFERENCE ++++
M. J. Abraham, T. Murtola, R. Schulz, S. Páll, J. C. Smith, B. Hess, E.
Lindahl
GROMACS: High performance molecular simulations through multi-level
parallelism from laptops to supercomputers
SoftwareX 1 (2015) pp. 19-25
-------- -------- --- Thank You --- -------- --------


++++ PLEASE READ AND CITE THE FOLLOWING REFERENCE ++++
S. Páll, M. J. Abraham, C. Kutzner, B. Hess, E. Lindahl
Tackling Exascale Software Challenges in Molecular Dynamics Simulations with
GROMACS
In S. Markidis & E. Laure (Eds.), Solving Software Challenges for Exascale 8759 (2015) pp. 3-27
-------- -------- --- Thank You --- -------- --------


++++ PLEASE READ AND CITE THE FOLLOWING REFERENCE ++++
S. Pronk, S. Páll, R. Schulz, P. Larsson, P. Bjelkmar, R. Apostolov, M. R.
Shirts, J. C. Smith, P. M. Kasson, D. van der Spoel, B. Hess, and E. Lindahl
GROMACS 4.5: a high-throughput and highly parallel open source molecular
simulation toolkit
Bioinformatics 29 (2013) pp. 845-54
-------- -------- --- Thank You --- -------- --------


++++ PLEASE READ AND CITE THE FOLLOWING REFERENCE ++++
B. Hess and C. Kutzner and D. van der Spoel and E. Lindahl
GROMACS 4: Algorithms for highly efficient, load-balanced, and scalable
molecular simulation
J. Chem. Theory Comput. 4 (2008) pp. 435-447
-------- -------- --- Thank You --- -------- --------


++++ PLEASE READ AND CITE THE FOLLOWING REFERENCE ++++
D. van der Spoel, E. Lindahl, B. Hess, G. Groenhof, A. E. Mark and H. J. C.
Berendsen
GROMACS: Fast, Flexible and Free
J. Comp. Chem. 26 (2005) pp. 1701-1719
-------- -------- --- Thank You --- -------- --------


++++ PLEASE READ AND CITE THE FOLLOWING REFERENCE ++++
E. Lindahl and B. Hess and D. van der Spoel
GROMACS 3.0: A package for molecular simulation and trajectory analysis
J. Mol. Mod. 7 (2001) pp. 306-317
-------- -------- --- Thank You --- -------- --------


++++ PLEASE READ AND CITE THE FOLLOWING REFERENCE ++++
H. J. C. Berendsen, D. van der Spoel and R. van Drunen
GROMACS: A message-passing parallel molecular dynamics implementation
Comp. Phys. Comm. 91 (1995) pp. 43-56
-------- -------- --- Thank You --- -------- --------

Input Parameters:
   integrator                     = md
   tinit                          = 0
   dt                             = 0.002
   nsteps                         = 50000
   init-step                      = 0
   simulation-part                = 1
   mts                            = false
   mass-repartition-factor        = 1
   comm-mode                      = Linear
   nstcomm                        = 100
   bd-fric                        = 0
   ld-seed                        = -2632193
   emtol                          = 10
   emstep                         = 0.01
   niter                          = 20
   fcstep                         = 0
   nstcgsteep                     = 1000
   nbfgscorr                      = 10
   rtpi                           = 0.05
   nstxout                        = 500
   nstvout                        = 500
   nstfout                        = 0
   nstlog                         = 500
   nstcalcenergy                  = 100
   nstenergy                      = 500
   nstxout-compressed             = 1000
   compressed-x-precision         = 1000
   cutoff-scheme                  = Verlet
   nstlist                        = 10
   pbc                            = xyz
   periodic-molecules             = false
   verlet-buffer-tolerance        = 0.005
   verlet-buffer-pressure-tolerance = 0.5
   rlist                          = 1
   coulombtype                    = PME
   coulomb-modifier               = Potential-shift
   rcoulomb-switch                = 0
   rcoulomb                       = 1
   epsilon-r                      = 1
   epsilon-rf                     = inf
   vdw-type                       = Cut-off
   vdw-modifier                   = Potential-shift
   rvdw-switch                    = 0
   rvdw                           = 1
   DispCorr                       = EnerPres
   table-extension                = 1
   fourierspacing                 = 0.12
   fourier-nx                     = 200
   fourier-ny                     = 200
   fourier-nz                     = 200
   pme-order                      = 4
   ewald-rtol                     = 1e-05
   ewald-rtol-lj                  = 0.001
   lj-pme-comb-rule               = Geometric
   ewald-geometry                 = 3d
   epsilon-surface                = 0
   ensemble-temperature-setting   = constant
   ensemble-temperature           = 300
   tcoupl                         = V-rescale
   nsttcouple                     = 10
   nh-chain-length                = 0
   print-nose-hoover-chain-variables = false
   pcoupl                         = No
   refcoord-scaling               = No
   posres-com (3):
      posres-com[0]= 0.00000e+00
      posres-com[1]= 0.00000e+00
      posres-com[2]= 0.00000e+00
   posres-comB (3):
      posres-comB[0]= 0.00000e+00
      posres-comB[1]= 0.00000e+00
      posres-comB[2]= 0.00000e+00
   QMMM                           = false
qm-opts:
   ngQM                           = 0
   constraint-algorithm           = Lincs
   continuation                   = false
   Shake-SOR                      = false
   shake-tol                      = 0.0001
   lincs-order                    = 4
   lincs-iter                     = 1
   lincs-warnangle                = 30
   nwall                          = 0
   wall-type                      = 9-3
   wall-r-linpot                  = -1
   wall-atomtype[0]               = -1
   wall-atomtype[1]               = -1
   wall-density[0]                = 0
   wall-density[1]                = 0
   wall-ewald-zfac                = 3
   pull                           = false
   awh                            = false
   rotation                       = false
   interactiveMD                  = false
   disre                          = No
   disre-weighting                = Conservative
   disre-mixed                    = false
   dr-fc                          = 1000
   dr-tau                         = 0
   nstdisreout                    = 100
   orire-fc                       = 0
   orire-tau                      = 0
   nstorireout                    = 100
   free-energy                    = no
   cos-acceleration               = 0
   deform (3x3):
      deform[    0]={ 0.00000e+00,  0.00000e+00,  0.00000e+00}
      deform[    1]={ 0.00000e+00,  0.00000e+00,  0.00000e+00}
      deform[    2]={ 0.00000e+00,  0.00000e+00,  0.00000e+00}
   simulated-tempering            = false
   swapcoords                     = no
   userint1                       = 0
   userint2                       = 0
   userint3                       = 0
   userint4                       = 0
   userreal1                      = 0
   userreal2                      = 0
   userreal3                      = 0
   userreal4                      = 0
   applied-forces:
     electric-field:
       x:
         E0                       = 0
         omega                    = 0
         t0                       = 0
         sigma                    = 0
       y:
         E0                       = 0
         omega                    = 0
         t0                       = 0
         sigma                    = 0
       z:
         E0                       = 0
         omega                    = 0
         t0                       = 0
         sigma                    = 0
     density-guided-simulation:
       active                     = false
       group                      = protein
       similarity-measure         = inner-product
       atom-spreading-weight      = unity
       force-constant             = 1e+09
       gaussian-transform-spreading-width = 0.2
       gaussian-transform-spreading-range-in-multiples-of-width = 4
       reference-density-filename = reference.mrc
       nst                        = 1
       normalize-densities        = true
       adaptive-force-scaling     = false
       adaptive-force-scaling-time-constant = 4
       shift-vector               = 
       transformation-matrix      = 
     qmmm-cp2k:
       active                     = false
       qmgroup                    = System
       qmmethod                   = PBE
       qmfilenames                = 
       qmcharge                   = 0
       qmmultiplicity             = 1
     colvars:
       active                     = false
       configfile                 = 
       seed                       = -1
grpopts:
   nrdf:       25630  1.89114e+06
   ref-t:         300         300
   tau-t:         0.1         0.1
annealing:          No          No
annealing-npoints:           0           0
   acc:	           0           0           0
   nfreeze:           N           N           N
   energygrp-flags[  0]: 0

Changing nstlist from 10 to 100, rlist from 1 to 1.172


Update groups can not be used for this system because atoms that are (in)directly constrained together are interdispersed with other atoms

1 GPU selected for this run.
Mapping of GPU IDs to the 2 GPU tasks in the 1 rank on this node:
  PP:0,PME:0
PP tasks will do (non-perturbed) short-ranged interactions on the GPU
PP task will update and constrain coordinates on the GPU
PME tasks will do all aspects on the GPU
Using 1 MPI thread
Using 32 OpenMP threads 

System total charge: 0.000
Will do PME sum in reciprocal space for electrostatic interactions.

++++ PLEASE READ AND CITE THE FOLLOWING REFERENCE ++++
U. Essmann, L. Perera, M. L. Berkowitz, T. Darden, H. Lee and L. G. Pedersen 
A smooth particle mesh Ewald method
J. Chem. Phys. 103 (1995) pp. 8577-8592
-------- -------- --- Thank You --- -------- --------

Using a Gaussian width (1/beta) of 0.320163 nm for Ewald
Potential shift: LJ r^-12: -1.000e+00 r^-6: -1.000e+00, Ewald -1.000e-05
Initialized non-bonded Coulomb Ewald tables, spacing: 9.33e-04 size: 1073

Generated table with 1086 data points for 1-4 COUL.
Tabscale = 500 points/nm
Generated table with 1086 data points for 1-4 LJ6.
Tabscale = 500 points/nm
Generated table with 1086 data points for 1-4 LJ12.
Tabscale = 500 points/nm
Long Range LJ corr.: <C6> 2.9567e-04


Using GPU 8x8 nonbonded short-range kernels

Using a dual 8x8 pair-list setup updated with dynamic, rolling pruning:
  outer list: updated every 100 steps, buffer 0.172 nm, rlist 1.172 nm
  inner list: updated every  10 steps, buffer 0.003 nm, rlist 1.003 nm
At tolerance 0.005 kJ/mol/ps per atom, equivalent classical 1x1 list would be:
  outer list: updated every 100 steps, buffer 0.325 nm, rlist 1.325 nm
  inner list: updated every  10 steps, buffer 0.044 nm, rlist 1.044 nm

The average pressure is off by at most 0.43 bar due to missing LJ interactions

Using Lorentz-Berthelot Lennard-Jones combination rule
Removing pbc first time

Pinning threads with an auto-selected logical cpu stride of 2

Initializing LINear Constraint Solver

++++ PLEASE READ AND CITE THE FOLLOWING REFERENCE ++++
B. Hess and H. Bekker and H. J. C. Berendsen and J. G. E. M. Fraaije
LINCS: A Linear Constraint Solver for molecular simulations
J. Comp. Chem. 18 (1997) pp. 1463-1472
-------- -------- --- Thank You --- -------- --------

The number of constraints is 5111

++++ PLEASE READ AND CITE THE FOLLOWING REFERENCE ++++
S. Miyamoto and P. A. Kollman
SETTLE: An Analytical Version of the SHAKE and RATTLE Algorithms for Rigid
Water Models
J. Comp. Chem. 13 (1992) pp. 952-962
-------- -------- --- Thank You --- -------- --------


++++ PLEASE READ AND CITE THE FOLLOWING REFERENCE ++++
G. Bussi, D. Donadio and M. Parrinello
Canonical sampling through velocity rescaling
J. Chem. Phys. 126 (2007) pp. 014101
-------- -------- --- Thank You --- -------- --------

There are: 955819 Atoms

Updating coordinates and applying constraints on the GPU.

Constraining the starting coordinates (step 0)

Constraining the coordinates at t0-dt (step 0)
Center of mass motion removal mode is Linear
We have the following groups for center of mass motion removal:
  0:  rest
RMS relative constraint deviation after constraining: 5.92e-06
Initial temperature: 300.543 K

Started mdrun on rank 0 Fri May  2 05:13:30 2025

           Step           Time
              0        0.00000

   Energies (kJ/mol)
           Bond          Angle    Proper Dih. Per. Imp. Dih.          LJ-14
    1.53370e+03    6.07776e+03    2.43206e+04    3.60778e+02    8.92114e+03
     Coulomb-14        LJ (SR)  Disper. corr.   Coulomb (SR)   Coul. recip.
    8.70877e+04    3.11424e+06   -1.16200e+05   -2.04931e+07    4.35009e+04
 Position Rest.      Potential    Kinetic En.   Total Energy  Conserved En.
    4.06588e-03   -1.73233e+07    2.39501e+06   -1.49283e+07   -1.49283e+07
    Temperature Pres. DC (bar) Pressure (bar)   Constr. rmsd
    3.00560e+02   -1.98640e+02   -4.87947e+03    5.91911e-06

           Step           Time
            500        1.00000

   Energies (kJ/mol)
           Bond          Angle    Proper Dih. Per. Imp. Dih.          LJ-14
    8.05263e+03    2.11018e+04    2.70534e+04    1.32829e+03    1.00112e+04
     Coulomb-14        LJ (SR)  Disper. corr.   Coulomb (SR)   Coul. recip.
    8.66831e+04    2.83856e+06   -1.16200e+05   -1.77135e+07    7.89219e+04
 Position Rest.      Potential    Kinetic En.   Total Energy  Conserved En.
    2.77959e+03   -1.47552e+07    2.36909e+06   -1.23861e+07   -1.49088e+07
    Temperature Pres. DC (bar) Pressure (bar)   Constr. rmsd
    2.97308e+02   -1.98640e+02   -3.85907e+02    5.91911e-06

step  700: timed with pme grid 200 200 200, coulomb cutoff 1.000: 1485.2 M-cycles
step  900: timed with pme grid 168 168 168, coulomb cutoff 1.155: 1716.0 M-cycles
           Step           Time
           1000        2.00000

   Energies (kJ/mol)
           Bond          Angle    Proper Dih. Per. Imp. Dih.          LJ-14
    7.87197e+03    2.12112e+04    2.71469e+04    1.29530e+03    1.00172e+04
     Coulomb-14        LJ (SR)  Disper. corr.   Coulomb (SR)   Coul. recip.
    8.62848e+04    2.83322e+06   -1.16200e+05   -1.76840e+07    7.63304e+04
 Position Rest.      Potential    Kinetic En.   Total Energy  Conserved En.
    2.56169e+03   -1.47343e+07    2.38738e+06   -1.23469e+07   -1.49086e+07
    Temperature Pres. DC (bar) Pressure (bar)   Constr. rmsd
    2.99603e+02   -1.98640e+02   -4.82038e+02    5.91911e-06

step 1100: timed with pme grid 192 192 192, coulomb cutoff 1.011: 2562.3 M-cycles
step 1300: timed with pme grid 200 200 200, coulomb cutoff 1.000: 1476.2 M-cycles
              optimal pme grid 200 200 200, coulomb cutoff 1.000
           Step           Time
           1500        3.00000

   Energies (kJ/mol)
           Bond          Angle    Proper Dih. Per. Imp. Dih.          LJ-14
    7.63492e+03    2.10695e+04    2.73021e+04    1.30806e+03    1.00108e+04
     Coulomb-14        LJ (SR)  Disper. corr.   Coulomb (SR)   Coul. recip.
    8.67642e+04    2.83425e+06   -1.16200e+05   -1.77043e+07    7.92480e+04
 Position Rest.      Potential    Kinetic En.   Total Energy  Conserved En.
    2.50173e+03   -1.47504e+07    2.38719e+06   -1.23632e+07   -1.49085e+07
    Temperature Pres. DC (bar) Pressure (bar)   Constr. rmsd
    2.99579e+02   -1.98640e+02   -3.77888e+02    5.91911e-06

           Step           Time
           2000        4.00000

   Energies (kJ/mol)
           Bond          Angle    Proper Dih. Per. Imp. Dih.          LJ-14
    7.73354e+03    2.15210e+04    2.71843e+04    1.32941e+03    1.00341e+04
     Coulomb-14        LJ (SR)  Disper. corr.   Coulomb (SR)   Coul. recip.
    8.63620e+04    2.83933e+06   -1.16200e+05   -1.77163e+07    7.90793e+04
 Position Rest.      Potential    Kinetic En.   Total Energy  Conserved En.
    2.59286e+03   -1.47573e+07    2.39505e+06   -1.23623e+07   -1.49085e+07
    Temperature Pres. DC (bar) Pressure (bar)   Constr. rmsd
    3.00566e+02   -1.98640e+02   -3.66867e+02    5.91911e-06

           Step           Time
           2500        5.00000

   Energies (kJ/mol)
           Bond          Angle    Proper Dih. Per. Imp. Dih.          LJ-14
    7.75889e+03    2.09966e+04    2.70253e+04    1.38704e+03    9.98875e+03
     Coulomb-14        LJ (SR)  Disper. corr.   Coulomb (SR)   Coul. recip.
    8.63413e+04    2.84443e+06   -1.16200e+05   -1.77291e+07    7.84377e+04
 Position Rest.      Potential    Kinetic En.   Total Energy  Conserved En.
    2.64700e+03   -1.47663e+07    2.39056e+06   -1.23758e+07   -1.49085e+07
    Temperature Pres. DC (bar) Pressure (bar)   Constr. rmsd
    3.00003e+02   -1.98640e+02   -3.79387e+02    5.91911e-06

           Step           Time
           3000        6.00000

   Energies (kJ/mol)
           Bond          Angle    Proper Dih. Per. Imp. Dih.          LJ-14
    7.89805e+03    2.13416e+04    2.71526e+04    1.25284e+03    1.00083e+04
     Coulomb-14        LJ (SR)  Disper. corr.   Coulomb (SR)   Coul. recip.
    8.63938e+04    2.84694e+06   -1.16200e+05   -1.77350e+07    7.85892e+04
 Position Rest.      Potential    Kinetic En.   Total Energy  Conserved En.
    2.58515e+03   -1.47690e+07    2.39263e+06   -1.23764e+07   -1.49085e+07
    Temperature Pres. DC (bar) Pressure (bar)   Constr. rmsd
    3.00262e+02   -1.98640e+02   -3.97112e+02    5.91911e-06

           Step           Time
           3500        7.00000

   Energies (kJ/mol)
           Bond          Angle    Proper Dih. Per. Imp. Dih.          LJ-14
    7.63677e+03    2.09093e+04    2.70170e+04    1.40654e+03    1.00938e+04
     Coulomb-14        LJ (SR)  Disper. corr.   Coulomb (SR)   Coul. recip.
    8.67091e+04    2.84856e+06   -1.16200e+05   -1.77406e+07    7.88288e+04
 Position Rest.      Potential    Kinetic En.   Total Energy  Conserved En.
    2.42940e+03   -1.47732e+07    2.38916e+06   -1.23841e+07   -1.49085e+07
    Temperature Pres. DC (bar) Pressure (bar)   Constr. rmsd
    2.99827e+02   -1.98640e+02   -4.16464e+02    5.91911e-06

           Step           Time
           4000        8.00000

   Energies (kJ/mol)
           Bond          Angle    Proper Dih. Per. Imp. Dih.          LJ-14
    7.92168e+03    2.15319e+04    2.70203e+04    1.39785e+03    1.00382e+04
     Coulomb-14        LJ (SR)  Disper. corr.   Coulomb (SR)   Coul. recip.
    8.64343e+04    2.84608e+06   -1.16200e+05   -1.77362e+07    7.87551e+04
 Position Rest.      Potential    Kinetic En.   Total Energy  Conserved En.
    2.47281e+03   -1.47708e+07    2.38951e+06   -1.23813e+07   -1.49085e+07
    Temperature Pres. DC (bar) Pressure (bar)   Constr. rmsd
    2.99871e+02   -1.98640e+02   -3.60729e+02    5.91911e-06

           Step           Time
           4500        9.00000

   Energies (kJ/mol)
           Bond          Angle    Proper Dih. Per. Imp. Dih.          LJ-14
    7.94567e+03    2.15828e+04    2.69769e+04    1.30486e+03    9.95287e+03
     Coulomb-14        LJ (SR)  Disper. corr.   Coulomb (SR)   Coul. recip.
    8.64895e+04    2.84501e+06   -1.16200e+05   -1.77366e+07    7.86061e+04
 Position Rest.      Potential    Kinetic En.   Total Energy  Conserved En.
    2.48101e+03   -1.47724e+07    2.39144e+06   -1.23810e+07   -1.49084e+07
    Temperature Pres. DC (bar) Pressure (bar)   Constr. rmsd
    3.00113e+02   -1.98640e+02   -3.94427e+02    5.91911e-06

           Step           Time
           5000       10.00000

   Energies (kJ/mol)
           Bond          Angle    Proper Dih. Per. Imp. Dih.          LJ-14
    7.85985e+03    2.13165e+04    2.68940e+04    1.26733e+03    9.85557e+03
     Coulomb-14        LJ (SR)  Disper. corr.   Coulomb (SR)   Coul. recip.
    8.65957e+04    2.84014e+06   -1.16200e+05   -1.77277e+07    7.83120e+04
 Position Rest.      Potential    Kinetic En.   Total Energy  Conserved En.
    2.47163e+03   -1.47692e+07    2.39105e+06   -1.23782e+07   -1.49086e+07
    Temperature Pres. DC (bar) Pressure (bar)   Constr. rmsd
    3.00064e+02   -1.98640e+02   -4.40531e+02    5.91911e-06

           Step           Time
           5500       11.00000

   Energies (kJ/mol)
           Bond          Angle    Proper Dih. Per. Imp. Dih.          LJ-14
    7.63375e+03    2.10868e+04    2.69752e+04    1.30445e+03    1.00278e+04
     Coulomb-14        LJ (SR)  Disper. corr.   Coulomb (SR)   Coul. recip.
    8.64482e+04    2.84011e+06   -1.16200e+05   -1.77287e+07    7.88440e+04
 Position Rest.      Potential    Kinetic En.   Total Energy  Conserved En.
    2.45773e+03   -1.47700e+07    2.39179e+06   -1.23782e+07   -1.49085e+07
    Temperature Pres. DC (bar) Pressure (bar)   Constr. rmsd
    3.00157e+02   -1.98640e+02   -3.71682e+02    5.91911e-06

           Step           Time
           6000       12.00000

   Energies (kJ/mol)
           Bond          Angle    Proper Dih. Per. Imp. Dih.          LJ-14
    7.61266e+03    2.13489e+04    2.69919e+04    1.32359e+03    1.02292e+04
     Coulomb-14        LJ (SR)  Disper. corr.   Coulomb (SR)   Coul. recip.
    8.65156e+04    2.83127e+06   -1.16200e+05   -1.77167e+07    7.79720e+04
 Position Rest.      Potential    Kinetic En.   Total Energy  Conserved En.
    2.58290e+03   -1.47670e+07    2.39241e+06   -1.23746e+07   -1.49085e+07
    Temperature Pres. DC (bar) Pressure (bar)   Constr. rmsd
    3.00234e+02   -1.98640e+02   -5.39266e+02    5.91911e-06

           Step           Time
           6500       13.00000

   Energies (kJ/mol)
           Bond          Angle    Proper Dih. Per. Imp. Dih.          LJ-14
    7.77068e+03    2.10331e+04    2.68969e+04    1.38650e+03    1.00331e+04
     Coulomb-14        LJ (SR)  Disper. corr.   Coulomb (SR)   Coul. recip.
    8.65733e+04    2.83595e+06   -1.16200e+05   -1.77224e+07    7.85996e+04
 Position Rest.      Potential    Kinetic En.   Total Energy  Conserved En.
    2.54589e+03   -1.47678e+07    2.39118e+06   -1.23766e+07   -1.49086e+07
    Temperature Pres. DC (bar) Pressure (bar)   Constr. rmsd
    3.00080e+02   -1.98640e+02   -4.07605e+02    5.91911e-06

           Step           Time
           7000       14.00000

   Energies (kJ/mol)
           Bond          Angle    Proper Dih. Per. Imp. Dih.          LJ-14
    7.65381e+03    2.16642e+04    2.69902e+04    1.24408e+03    9.96719e+03
     Coulomb-14        LJ (SR)  Disper. corr.   Coulomb (SR)   Coul. recip.
    8.65372e+04    2.84213e+06   -1.16200e+05   -1.77325e+07    7.89931e+04
 Position Rest.      Potential    Kinetic En.   Total Energy  Conserved En.
    2.50018e+03   -1.47710e+07    2.39650e+06   -1.23745e+07   -1.49085e+07
    Temperature Pres. DC (bar) Pressure (bar)   Constr. rmsd
    3.00748e+02   -1.98640e+02   -3.49750e+02    5.91911e-06

           Step           Time
           7500       15.00000

   Energies (kJ/mol)
           Bond          Angle    Proper Dih. Per. Imp. Dih.          LJ-14
    7.92786e+03    2.11467e+04    2.68223e+04    1.25267e+03    9.93135e+03
     Coulomb-14        LJ (SR)  Disper. corr.   Coulomb (SR)   Coul. recip.
    8.67751e+04    2.84048e+06   -1.16200e+05   -1.77209e+07    7.91325e+04
 Position Rest.      Potential    Kinetic En.   Total Energy  Conserved En.
    2.56646e+03   -1.47611e+07    2.38806e+06   -1.23730e+07   -1.49086e+07
    Temperature Pres. DC (bar) Pressure (bar)   Constr. rmsd
    2.99689e+02   -1.98640e+02   -4.46674e+02    5.91911e-06

           Step           Time
           8000       16.00000

   Energies (kJ/mol)
           Bond          Angle    Proper Dih. Per. Imp. Dih.          LJ-14
    7.60640e+03    2.10746e+04    2.68228e+04    1.22268e+03    9.99150e+03
     Coulomb-14        LJ (SR)  Disper. corr.   Coulomb (SR)   Coul. recip.
    8.67311e+04    2.83745e+06   -1.16200e+05   -1.77266e+07    7.88293e+04
 Position Rest.      Potential    Kinetic En.   Total Energy  Conserved En.
    2.54327e+03   -1.47705e+07    2.38745e+06   -1.23831e+07   -1.49083e+07
    Temperature Pres. DC (bar) Pressure (bar)   Constr. rmsd
    2.99612e+02   -1.98640e+02   -4.42530e+02    5.91911e-06

           Step           Time
           8500       17.00000

   Energies (kJ/mol)
           Bond          Angle    Proper Dih. Per. Imp. Dih.          LJ-14
    7.88048e+03    2.16747e+04    2.70528e+04    1.25226e+03    9.84970e+03
     Coulomb-14        LJ (SR)  Disper. corr.   Coulomb (SR)   Coul. recip.
    8.62165e+04    2.84219e+06   -1.16200e+05   -1.77280e+07    7.84435e+04
 Position Rest.      Potential    Kinetic En.   Total Energy  Conserved En.
    2.48863e+03   -1.47671e+07    2.39389e+06   -1.23732e+07   -1.49086e+07
    Temperature Pres. DC (bar) Pressure (bar)   Constr. rmsd
    3.00421e+02   -1.98640e+02   -3.99443e+02    5.91911e-06

           Step           Time
           9000       18.00000

   Energies (kJ/mol)
           Bond          Angle    Proper Dih. Per. Imp. Dih.          LJ-14
    7.66107e+03    2.14664e+04    2.68191e+04    1.22579e+03    1.00405e+04
     Coulomb-14        LJ (SR)  Disper. corr.   Coulomb (SR)   Coul. recip.
    8.65215e+04    2.85507e+06   -1.16200e+05   -1.77485e+07    7.89028e+04
 Position Rest.      Potential    Kinetic En.   Total Energy  Conserved En.
    2.65370e+03   -1.47744e+07    2.38772e+06   -1.23867e+07   -1.49084e+07
    Temperature Pres. DC (bar) Pressure (bar)   Constr. rmsd
    2.99646e+02   -1.98640e+02   -4.52196e+02    5.91911e-06

           Step           Time
           9500       19.00000

   Energies (kJ/mol)
           Bond          Angle    Proper Dih. Per. Imp. Dih.          LJ-14
    8.00657e+03    2.15961e+04    2.67238e+04    1.33900e+03    9.88608e+03
     Coulomb-14        LJ (SR)  Disper. corr.   Coulomb (SR)   Coul. recip.
    8.63882e+04    2.83841e+06   -1.16200e+05   -1.77211e+07    7.86500e+04
 Position Rest.      Potential    Kinetic En.   Total Energy  Conserved En.
    2.47066e+03   -1.47638e+07    2.39326e+06   -1.23706e+07   -1.49085e+07
    Temperature Pres. DC (bar) Pressure (bar)   Constr. rmsd
    3.00341e+02   -1.98640e+02   -3.46449e+02    5.91911e-06

           Step           Time
          10000       20.00000

   Energies (kJ/mol)
           Bond          Angle    Proper Dih. Per. Imp. Dih.          LJ-14
    7.84224e+03    2.14889e+04    2.68822e+04    1.30904e+03    1.00424e+04
     Coulomb-14        LJ (SR)  Disper. corr.   Coulomb (SR)   Coul. recip.
    8.67057e+04    2.84047e+06   -1.16200e+05   -1.77316e+07    7.80902e+04
 Position Rest.      Potential    Kinetic En.   Total Energy  Conserved En.
    2.53474e+03   -1.47724e+07    2.39113e+06   -1.23813e+07   -1.49084e+07
    Temperature Pres. DC (bar) Pressure (bar)   Constr. rmsd
    3.00073e+02   -1.98640e+02   -4.56149e+02    5.91911e-06

           Step           Time
          10500       21.00000

   Energies (kJ/mol)
           Bond          Angle    Proper Dih. Per. Imp. Dih.          LJ-14
    7.80775e+03    2.13329e+04    2.68292e+04    1.17266e+03    1.00002e+04
     Coulomb-14        LJ (SR)  Disper. corr.   Coulomb (SR)   Coul. recip.
    8.65050e+04    2.83895e+06   -1.16200e+05   -1.77298e+07    7.86419e+04
 Position Rest.      Potential    Kinetic En.   Total Energy  Conserved En.
    2.58880e+03   -1.47722e+07    2.38718e+06   -1.23850e+07   -1.49085e+07
    Temperature Pres. DC (bar) Pressure (bar)   Constr. rmsd
    2.99578e+02   -1.98640e+02   -4.29635e+02    5.91911e-06

           Step           Time
          11000       22.00000

   Energies (kJ/mol)
           Bond          Angle    Proper Dih. Per. Imp. Dih.          LJ-14
    7.86519e+03    2.14583e+04    2.68206e+04    1.37101e+03    9.92474e+03
     Coulomb-14        LJ (SR)  Disper. corr.   Coulomb (SR)   Coul. recip.
    8.63070e+04    2.83876e+06   -1.16200e+05   -1.77279e+07    7.86711e+04
 Position Rest.      Potential    Kinetic En.   Total Energy  Conserved En.
    2.53712e+03   -1.47704e+07    2.38944e+06   -1.23809e+07   -1.49085e+07
    Temperature Pres. DC (bar) Pressure (bar)   Constr. rmsd
    2.99862e+02   -1.98640e+02   -3.57476e+02    5.91911e-06

           Step           Time
          11500       23.00000

   Energies (kJ/mol)
           Bond          Angle    Proper Dih. Per. Imp. Dih.          LJ-14
    7.73706e+03    2.12934e+04    2.67758e+04    1.22189e+03    1.00872e+04
     Coulomb-14        LJ (SR)  Disper. corr.   Coulomb (SR)   Coul. recip.
    8.69915e+04    2.83722e+06   -1.16200e+05   -1.77289e+07    7.88885e+04
 Position Rest.      Potential    Kinetic En.   Total Energy  Conserved En.
    2.55117e+03   -1.47723e+07    2.38939e+06   -1.23830e+07   -1.49085e+07
    Temperature Pres. DC (bar) Pressure (bar)   Constr. rmsd
    2.99856e+02   -1.98640e+02   -3.64375e+02    5.91911e-06

           Step           Time
          12000       24.00000

   Energies (kJ/mol)
           Bond          Angle    Proper Dih. Per. Imp. Dih.          LJ-14
    7.90952e+03    2.16577e+04    2.69314e+04    1.35564e+03    9.98515e+03
     Coulomb-14        LJ (SR)  Disper. corr.   Coulomb (SR)   Coul. recip.
    8.64484e+04    2.84561e+06   -1.16200e+05   -1.77331e+07    7.88224e+04
 Position Rest.      Potential    Kinetic En.   Total Energy  Conserved En.
    2.53981e+03   -1.47680e+07    2.39134e+06   -1.23767e+07   -1.49084e+07
    Temperature Pres. DC (bar) Pressure (bar)   Constr. rmsd
    3.00100e+02   -1.98640e+02   -4.02999e+02    5.91911e-06

           Step           Time
          12500       25.00000

   Energies (kJ/mol)
           Bond          Angle    Proper Dih. Per. Imp. Dih.          LJ-14
    7.92700e+03    2.16720e+04    2.70778e+04    1.37074e+03    1.01523e+04
     Coulomb-14        LJ (SR)  Disper. corr.   Coulomb (SR)   Coul. recip.
    8.65598e+04    2.84434e+06   -1.16200e+05   -1.77294e+07    7.81209e+04
 Position Rest.      Potential    Kinetic En.   Total Energy  Conserved En.
    2.54954e+03   -1.47658e+07    2.39651e+06   -1.23693e+07   -1.49084e+07
    Temperature Pres. DC (bar) Pressure (bar)   Constr. rmsd
    3.00749e+02   -1.98640e+02   -4.31484e+02    5.91911e-06

           Step           Time
          13000       26.00000

   Energies (kJ/mol)
           Bond          Angle    Proper Dih. Per. Imp. Dih.          LJ-14
    7.90608e+03    2.11865e+04    2.69642e+04    1.31623e+03    9.97420e+03
     Coulomb-14        LJ (SR)  Disper. corr.   Coulomb (SR)   Coul. recip.
    8.67645e+04    2.83898e+06   -1.16200e+05   -1.77226e+07    7.86795e+04
 Position Rest.      Potential    Kinetic En.   Total Energy  Conserved En.
    2.56253e+03   -1.47645e+07    2.39099e+06   -1.23735e+07   -1.49084e+07
    Temperature Pres. DC (bar) Pressure (bar)   Constr. rmsd
    3.00056e+02   -1.98640e+02   -3.53079e+02    5.91911e-06

           Step           Time
          13500       27.00000

   Energies (kJ/mol)
           Bond          Angle    Proper Dih. Per. Imp. Dih.          LJ-14
    7.81193e+03    2.14621e+04    2.68717e+04    1.25839e+03    9.94532e+03
     Coulomb-14        LJ (SR)  Disper. corr.   Coulomb (SR)   Coul. recip.
    8.66844e+04    2.83639e+06   -1.16200e+05   -1.77196e+07    7.86473e+04
 Position Rest.      Potential    Kinetic En.   Total Energy  Conserved En.
    2.58164e+03   -1.47642e+07    2.39013e+06   -1.23741e+07   -1.49083e+07
    Temperature Pres. DC (bar) Pressure (bar)   Constr. rmsd
    2.99948e+02   -1.98640e+02   -3.93279e+02    5.91911e-06

           Step           Time
          14000       28.00000

   Energies (kJ/mol)
           Bond          Angle    Proper Dih. Per. Imp. Dih.          LJ-14
    7.97912e+03    2.13343e+04    2.69243e+04    1.24616e+03    9.98233e+03
     Coulomb-14        LJ (SR)  Disper. corr.   Coulomb (SR)   Coul. recip.
    8.64588e+04    2.84189e+06   -1.16200e+05   -1.77294e+07    7.83877e+04
 Position Rest.      Potential    Kinetic En.   Total Energy  Conserved En.
    2.59643e+03   -1.47688e+07    2.39285e+06   -1.23759e+07   -1.49085e+07
    Temperature Pres. DC (bar) Pressure (bar)   Constr. rmsd
    3.00290e+02   -1.98640e+02   -5.30256e+02    5.91911e-06

           Step           Time
          14500       29.00000

   Energies (kJ/mol)
           Bond          Angle    Proper Dih. Per. Imp. Dih.          LJ-14
    7.98241e+03    2.15376e+04    2.68567e+04    1.28791e+03    9.97242e+03
     Coulomb-14        LJ (SR)  Disper. corr.   Coulomb (SR)   Coul. recip.
    8.65722e+04    2.83948e+06   -1.16200e+05   -1.77271e+07    7.87416e+04
 Position Rest.      Potential    Kinetic En.   Total Energy  Conserved En.
    2.45988e+03   -1.47684e+07    2.38866e+06   -1.23797e+07   -1.49084e+07
    Temperature Pres. DC (bar) Pressure (bar)   Constr. rmsd
    2.99764e+02   -1.98640e+02   -4.07810e+02    5.91911e-06

           Step           Time
          15000       30.00000

   Energies (kJ/mol)
           Bond          Angle    Proper Dih. Per. Imp. Dih.          LJ-14
    7.82515e+03    2.11183e+04    2.68615e+04    1.26538e+03    1.00921e+04
     Coulomb-14        LJ (SR)  Disper. corr.   Coulomb (SR)   Coul. recip.
    8.69732e+04    2.84436e+06   -1.16200e+05   -1.77324e+07    7.82889e+04
 Position Rest.      Potential    Kinetic En.   Total Energy  Conserved En.
    2.46797e+03   -1.47693e+07    2.39048e+06   -1.23788e+07   -1.49086e+07
    Temperature Pres. DC (bar) Pressure (bar)   Constr. rmsd
    2.99992e+02   -1.98640e+02   -3.21813e+02    5.91911e-06

           Step           Time
          15500       31.00000

   Energies (kJ/mol)
           Bond          Angle    Proper Dih. Per. Imp. Dih.          LJ-14
    8.08637e+03    2.09544e+04    2.68356e+04    1.29039e+03    1.00845e+04
     Coulomb-14        LJ (SR)  Disper. corr.   Coulomb (SR)   Coul. recip.
    8.65805e+04    2.84369e+06   -1.16200e+05   -1.77359e+07    7.83670e+04
 Position Rest.      Potential    Kinetic En.   Total Energy  Conserved En.
    2.53495e+03   -1.47737e+07    2.38801e+06   -1.23857e+07   -1.49085e+07
    Temperature Pres. DC (bar) Pressure (bar)   Constr. rmsd
    2.99683e+02   -1.98640e+02   -4.63561e+02    5.91911e-06

           Step           Time
          16000       32.00000

   Energies (kJ/mol)
           Bond          Angle    Proper Dih. Per. Imp. Dih.          LJ-14
    7.86831e+03    2.18035e+04    2.69549e+04    1.32251e+03    9.96167e+03
     Coulomb-14        LJ (SR)  Disper. corr.   Coulomb (SR)   Coul. recip.
    8.62461e+04    2.84884e+06   -1.16200e+05   -1.77361e+07    7.79379e+04
 Position Rest.      Potential    Kinetic En.   Total Energy  Conserved En.
    2.49098e+03   -1.47689e+07    2.38615e+06   -1.23828e+07   -1.49083e+07
    Temperature Pres. DC (bar) Pressure (bar)   Constr. rmsd
    2.99448e+02   -1.98640e+02   -4.66195e+02    5.91911e-06

           Step           Time
          16500       33.00000

   Energies (kJ/mol)
           Bond          Angle    Proper Dih. Per. Imp. Dih.          LJ-14
    7.90440e+03    2.13795e+04    2.68041e+04    1.23627e+03    9.81144e+03
     Coulomb-14        LJ (SR)  Disper. corr.   Coulomb (SR)   Coul. recip.
    8.63572e+04    2.84307e+06   -1.16200e+05   -1.77301e+07    7.82193e+04
 Position Rest.      Potential    Kinetic En.   Total Energy  Conserved En.
    2.53946e+03   -1.47690e+07    2.38949e+06   -1.23795e+07   -1.49086e+07
    Temperature Pres. DC (bar) Pressure (bar)   Constr. rmsd
    2.99868e+02   -1.98640e+02   -3.26857e+02    5.91911e-06

           Step           Time
          17000       34.00000

   Energies (kJ/mol)
           Bond          Angle    Proper Dih. Per. Imp. Dih.          LJ-14
    7.99804e+03    2.11365e+04    2.69218e+04    1.26022e+03    1.01090e+04
     Coulomb-14        LJ (SR)  Disper. corr.   Coulomb (SR)   Coul. recip.
    8.65568e+04    2.84450e+06   -1.16200e+05   -1.77356e+07    7.87169e+04
 Position Rest.      Potential    Kinetic En.   Total Energy  Conserved En.
    2.52000e+03   -1.47721e+07    2.38971e+06   -1.23824e+07   -1.49085e+07
    Temperature Pres. DC (bar) Pressure (bar)   Constr. rmsd
    2.99895e+02   -1.98640e+02   -3.90861e+02    5.91911e-06

           Step           Time
          17500       35.00000

   Energies (kJ/mol)
           Bond          Angle    Proper Dih. Per. Imp. Dih.          LJ-14
    7.85174e+03    2.15860e+04    2.68105e+04    1.38485e+03    9.93458e+03
     Coulomb-14        LJ (SR)  Disper. corr.   Coulomb (SR)   Coul. recip.
    8.61348e+04    2.84331e+06   -1.16200e+05   -1.77306e+07    7.82632e+04
 Position Rest.      Potential    Kinetic En.   Total Energy  Conserved En.
    2.51359e+03   -1.47690e+07    2.39263e+06   -1.23764e+07   -1.49084e+07
    Temperature Pres. DC (bar) Pressure (bar)   Constr. rmsd
    3.00262e+02   -1.98640e+02   -3.90701e+02    5.91911e-06

           Step           Time
          18000       36.00000

   Energies (kJ/mol)
           Bond          Angle    Proper Dih. Per. Imp. Dih.          LJ-14
    7.70624e+03    2.14407e+04    2.70513e+04    1.24014e+03    9.87434e+03
     Coulomb-14        LJ (SR)  Disper. corr.   Coulomb (SR)   Coul. recip.
    8.66047e+04    2.84332e+06   -1.16200e+05   -1.77248e+07    7.89136e+04
 Position Rest.      Potential    Kinetic En.   Total Energy  Conserved En.
    2.55539e+03   -1.47623e+07    2.38501e+06   -1.23773e+07   -1.49084e+07
    Temperature Pres. DC (bar) Pressure (bar)   Constr. rmsd
    2.99305e+02   -1.98640e+02   -3.70378e+02    5.91911e-06

           Step           Time
          18500       37.00000

   Energies (kJ/mol)
           Bond          Angle    Proper Dih. Per. Imp. Dih.          LJ-14
    7.62133e+03    2.17515e+04    2.68604e+04    1.30510e+03    9.96687e+03
     Coulomb-14        LJ (SR)  Disper. corr.   Coulomb (SR)   Coul. recip.
    8.65887e+04    2.83406e+06   -1.16200e+05   -1.77176e+07    7.83210e+04
 Position Rest.      Potential    Kinetic En.   Total Energy  Conserved En.
    2.37066e+03   -1.47650e+07    2.38793e+06   -1.23771e+07   -1.49085e+07
    Temperature Pres. DC (bar) Pressure (bar)   Constr. rmsd
    2.99672e+02   -1.98640e+02   -5.14580e+02    5.91911e-06

           Step           Time
          19000       38.00000

   Energies (kJ/mol)
           Bond          Angle    Proper Dih. Per. Imp. Dih.          LJ-14
    7.80654e+03    2.14852e+04    2.69308e+04    1.28707e+03    9.94281e+03
     Coulomb-14        LJ (SR)  Disper. corr.   Coulomb (SR)   Coul. recip.
    8.64998e+04    2.84146e+06   -1.16200e+05   -1.77271e+07    7.82008e+04
 Position Rest.      Potential    Kinetic En.   Total Energy  Conserved En.
    2.45423e+03   -1.47672e+07    2.39041e+06   -1.23768e+07   -1.49085e+07
    Temperature Pres. DC (bar) Pressure (bar)   Constr. rmsd
    2.99984e+02   -1.98640e+02   -5.10378e+02    5.91911e-06

           Step           Time
          19500       39.00000

   Energies (kJ/mol)
           Bond          Angle    Proper Dih. Per. Imp. Dih.          LJ-14
    7.62798e+03    2.09787e+04    2.68737e+04    1.27555e+03    9.89116e+03
     Coulomb-14        LJ (SR)  Disper. corr.   Coulomb (SR)   Coul. recip.
    8.64753e+04    2.85037e+06   -1.16200e+05   -1.77454e+07    7.84824e+04
 Position Rest.      Potential    Kinetic En.   Total Energy  Conserved En.
    2.52109e+03   -1.47771e+07    2.38702e+06   -1.23901e+07   -1.49084e+07
    Temperature Pres. DC (bar) Pressure (bar)   Constr. rmsd
    2.99558e+02   -1.98640e+02   -3.59502e+02    5.91911e-06

           Step           Time
          20000       40.00000

   Energies (kJ/mol)
           Bond          Angle    Proper Dih. Per. Imp. Dih.          LJ-14
    7.73413e+03    2.11587e+04    2.69516e+04    1.30488e+03    1.00956e+04
     Coulomb-14        LJ (SR)  Disper. corr.   Coulomb (SR)   Coul. recip.
    8.65916e+04    2.83849e+06   -1.16200e+05   -1.77262e+07    7.84699e+04
 Position Rest.      Potential    Kinetic En.   Total Energy  Conserved En.
    2.46155e+03   -1.47691e+07    2.38619e+06   -1.23830e+07   -1.49086e+07
    Temperature Pres. DC (bar) Pressure (bar)   Constr. rmsd
    2.99454e+02   -1.98640e+02   -4.48855e+02    5.91911e-06

           Step           Time
          20500       41.00000

   Energies (kJ/mol)
           Bond          Angle    Proper Dih. Per. Imp. Dih.          LJ-14
    7.69081e+03    2.12967e+04    2.69212e+04    1.30939e+03    1.00591e+04
     Coulomb-14        LJ (SR)  Disper. corr.   Coulomb (SR)   Coul. recip.
    8.67435e+04    2.84137e+06   -1.16200e+05   -1.77296e+07    7.88728e+04
 Position Rest.      Potential    Kinetic En.   Total Energy  Conserved En.
    2.50659e+03   -1.47691e+07    2.38881e+06   -1.23803e+07   -1.49086e+07
    Temperature Pres. DC (bar) Pressure (bar)   Constr. rmsd
    2.99782e+02   -1.98640e+02   -3.62431e+02    5.91911e-06

           Step           Time
          21000       42.00000

   Energies (kJ/mol)
           Bond          Angle    Proper Dih. Per. Imp. Dih.          LJ-14
    7.70509e+03    2.11417e+04    2.70176e+04    1.20963e+03    1.00006e+04
     Coulomb-14        LJ (SR)  Disper. corr.   Coulomb (SR)   Coul. recip.
    8.62373e+04    2.84714e+06   -1.16200e+05   -1.77330e+07    7.85839e+04
 Position Rest.      Potential    Kinetic En.   Total Energy  Conserved En.
    2.48687e+03   -1.47677e+07    2.39061e+06   -1.23771e+07   -1.49085e+07
    Temperature Pres. DC (bar) Pressure (bar)   Constr. rmsd
    3.00008e+02   -1.98640e+02   -3.89443e+02    5.91911e-06

           Step           Time
          21500       43.00000

   Energies (kJ/mol)
           Bond          Angle    Proper Dih. Per. Imp. Dih.          LJ-14
    8.02325e+03    2.14654e+04    2.68040e+04    1.31634e+03    9.91123e+03
     Coulomb-14        LJ (SR)  Disper. corr.   Coulomb (SR)   Coul. recip.
    8.62053e+04    2.84387e+06   -1.16200e+05   -1.77280e+07    7.91025e+04
 Position Rest.      Potential    Kinetic En.   Total Energy  Conserved En.
    2.66615e+03   -1.47648e+07    2.39104e+06   -1.23738e+07   -1.49085e+07
    Temperature Pres. DC (bar) Pressure (bar)   Constr. rmsd
    3.00063e+02   -1.98640e+02   -4.21237e+02    5.91911e-06

           Step           Time
          22000       44.00000

   Energies (kJ/mol)
           Bond          Angle    Proper Dih. Per. Imp. Dih.          LJ-14
    7.79985e+03    2.14909e+04    2.69367e+04    1.27247e+03    1.00554e+04
     Coulomb-14        LJ (SR)  Disper. corr.   Coulomb (SR)   Coul. recip.
    8.64730e+04    2.84515e+06   -1.16200e+05   -1.77365e+07    7.79613e+04
 Position Rest.      Potential    Kinetic En.   Total Energy  Conserved En.
    2.52217e+03   -1.47730e+07    2.39231e+06   -1.23807e+07   -1.49086e+07
    Temperature Pres. DC (bar) Pressure (bar)   Constr. rmsd
    3.00222e+02   -1.98640e+02   -4.06856e+02    5.91911e-06

           Step           Time
          22500       45.00000

   Energies (kJ/mol)
           Bond          Angle    Proper Dih. Per. Imp. Dih.          LJ-14
    7.79198e+03    2.17925e+04    2.68679e+04    1.33070e+03    9.97034e+03
     Coulomb-14        LJ (SR)  Disper. corr.   Coulomb (SR)   Coul. recip.
    8.64017e+04    2.84678e+06   -1.16200e+05   -1.77373e+07    7.85248e+04
 Position Rest.      Potential    Kinetic En.   Total Energy  Conserved En.
    2.53025e+03   -1.47715e+07    2.38868e+06   -1.23829e+07   -1.49086e+07
    Temperature Pres. DC (bar) Pressure (bar)   Constr. rmsd
    2.99766e+02   -1.98640e+02   -3.09203e+02    5.91911e-06

           Step           Time
          23000       46.00000

   Energies (kJ/mol)
           Bond          Angle    Proper Dih. Per. Imp. Dih.          LJ-14
    7.81830e+03    2.14215e+04    2.70612e+04    1.27374e+03    9.95246e+03
     Coulomb-14        LJ (SR)  Disper. corr.   Coulomb (SR)   Coul. recip.
    8.67509e+04    2.84005e+06   -1.16200e+05   -1.77271e+07    7.84484e+04
 Position Rest.      Potential    Kinetic En.   Total Energy  Conserved En.
    2.48656e+03   -1.47680e+07    2.38914e+06   -1.23789e+07   -1.49083e+07
    Temperature Pres. DC (bar) Pressure (bar)   Constr. rmsd
    2.99825e+02   -1.98640e+02   -4.16420e+02    5.91911e-06

           Step           Time
          23500       47.00000

   Energies (kJ/mol)
           Bond          Angle    Proper Dih. Per. Imp. Dih.          LJ-14
    8.12142e+03    2.07965e+04    2.69715e+04    1.33289e+03    9.92363e+03
     Coulomb-14        LJ (SR)  Disper. corr.   Coulomb (SR)   Coul. recip.
    8.66381e+04    2.84395e+06   -1.16200e+05   -1.77392e+07    7.84424e+04
 Position Rest.      Potential    Kinetic En.   Total Energy  Conserved En.
    2.58389e+03   -1.47767e+07    2.39126e+06   -1.23854e+07   -1.49086e+07
    Temperature Pres. DC (bar) Pressure (bar)   Constr. rmsd
    3.00090e+02   -1.98640e+02   -4.51239e+02    5.91911e-06

           Step           Time
          24000       48.00000

   Energies (kJ/mol)
           Bond          Angle    Proper Dih. Per. Imp. Dih.          LJ-14
    7.77452e+03    2.11920e+04    2.69204e+04    1.23253e+03    9.94627e+03
     Coulomb-14        LJ (SR)  Disper. corr.   Coulomb (SR)   Coul. recip.
    8.63373e+04    2.84507e+06   -1.16200e+05   -1.77405e+07    7.81845e+04
 Position Rest.      Potential    Kinetic En.   Total Energy  Conserved En.
    2.48782e+03   -1.47775e+07    2.38785e+06   -1.23897e+07   -1.49086e+07
    Temperature Pres. DC (bar) Pressure (bar)   Constr. rmsd
    2.99662e+02   -1.98640e+02   -3.43045e+02    5.91911e-06

           Step           Time
          24500       49.00000

   Energies (kJ/mol)
           Bond          Angle    Proper Dih. Per. Imp. Dih.          LJ-14
    7.75220e+03    2.13662e+04    2.69665e+04    1.33760e+03    9.97517e+03
     Coulomb-14        LJ (SR)  Disper. corr.   Coulomb (SR)   Coul. recip.
    8.65890e+04    2.83422e+06   -1.16200e+05   -1.77205e+07    7.82564e+04
 Position Rest.      Potential    Kinetic En.   Total Energy  Conserved En.
    2.40790e+03   -1.47679e+07    2.38884e+06   -1.23790e+07   -1.49086e+07
    Temperature Pres. DC (bar) Pressure (bar)   Constr. rmsd
    2.99787e+02   -1.98640e+02   -5.05026e+02    5.91911e-06

           Step           Time
          25000       50.00000

   Energies (kJ/mol)
           Bond          Angle    Proper Dih. Per. Imp. Dih.          LJ-14
    7.84358e+03    2.11956e+04    2.67887e+04    1.38108e+03    9.98784e+03
     Coulomb-14        LJ (SR)  Disper. corr.   Coulomb (SR)   Coul. recip.
    8.66975e+04    2.84492e+06   -1.16200e+05   -1.77307e+07    7.82747e+04
 Position Rest.      Potential    Kinetic En.   Total Energy  Conserved En.
    2.60426e+03   -1.47672e+07    2.39354e+06   -1.23736e+07   -1.49085e+07
    Temperature Pres. DC (bar) Pressure (bar)   Constr. rmsd
    3.00377e+02   -1.98640e+02   -4.29692e+02    5.91911e-06

           Step           Time
          25500       51.00000

   Energies (kJ/mol)
           Bond          Angle    Proper Dih. Per. Imp. Dih.          LJ-14
    8.06684e+03    2.13734e+04    2.69585e+04    1.28720e+03    1.00800e+04
     Coulomb-14        LJ (SR)  Disper. corr.   Coulomb (SR)   Coul. recip.
    8.68333e+04    2.83758e+06   -1.16200e+05   -1.77222e+07    7.80183e+04
 Position Rest.      Potential    Kinetic En.   Total Energy  Conserved En.
    2.52747e+03   -1.47656e+07    2.39069e+06   -1.23750e+07   -1.49084e+07
    Temperature Pres. DC (bar) Pressure (bar)   Constr. rmsd
    3.00019e+02   -1.98640e+02   -4.16592e+02    5.91911e-06

           Step           Time
          26000       52.00000

   Energies (kJ/mol)
           Bond          Angle    Proper Dih. Per. Imp. Dih.          LJ-14
    7.76017e+03    2.12204e+04    2.67503e+04    1.24718e+03    9.98620e+03
     Coulomb-14        LJ (SR)  Disper. corr.   Coulomb (SR)   Coul. recip.
    8.68645e+04    2.84010e+06   -1.16200e+05   -1.77296e+07    7.85979e+04
 Position Rest.      Potential    Kinetic En.   Total Energy  Conserved En.
    2.43396e+03   -1.47708e+07    2.38871e+06   -1.23821e+07   -1.49085e+07
    Temperature Pres. DC (bar) Pressure (bar)   Constr. rmsd
    2.99771e+02   -1.98640e+02   -4.17036e+02    5.91911e-06

           Step           Time
          26500       53.00000

   Energies (kJ/mol)
           Bond          Angle    Proper Dih. Per. Imp. Dih.          LJ-14
    7.89716e+03    2.15671e+04    2.67749e+04    1.30289e+03    1.00357e+04
     Coulomb-14        LJ (SR)  Disper. corr.   Coulomb (SR)   Coul. recip.
    8.65136e+04    2.84020e+06   -1.16200e+05   -1.77312e+07    7.85582e+04
 Position Rest.      Potential    Kinetic En.   Total Energy  Conserved En.
    2.60042e+03   -1.47719e+07    2.38939e+06   -1.23825e+07   -1.49085e+07
    Temperature Pres. DC (bar) Pressure (bar)   Constr. rmsd
    2.99856e+02   -1.98640e+02   -4.48395e+02    5.91911e-06

           Step           Time
          27000       54.00000

   Energies (kJ/mol)
           Bond          Angle    Proper Dih. Per. Imp. Dih.          LJ-14
    7.76088e+03    2.12204e+04    2.68391e+04    1.36992e+03    9.91696e+03
     Coulomb-14        LJ (SR)  Disper. corr.   Coulomb (SR)   Coul. recip.
    8.68717e+04    2.83858e+06   -1.16200e+05   -1.77271e+07    7.87829e+04
 Position Rest.      Potential    Kinetic En.   Total Energy  Conserved En.
    2.60847e+03   -1.47694e+07    2.39124e+06   -1.23781e+07   -1.49086e+07
    Temperature Pres. DC (bar) Pressure (bar)   Constr. rmsd
    3.00088e+02   -1.98640e+02   -4.23953e+02    5.91911e-06

           Step           Time
          27500       55.00000

   Energies (kJ/mol)
           Bond          Angle    Proper Dih. Per. Imp. Dih.          LJ-14
    7.64211e+03    2.16667e+04    2.69726e+04    1.33580e+03    9.97597e+03
     Coulomb-14        LJ (SR)  Disper. corr.   Coulomb (SR)   Coul. recip.
    8.66528e+04    2.84565e+06   -1.16200e+05   -1.77369e+07    7.80959e+04
 Position Rest.      Potential    Kinetic En.   Total Energy  Conserved En.
    2.53410e+03   -1.47726e+07    2.39398e+06   -1.23786e+07   -1.49085e+07
    Temperature Pres. DC (bar) Pressure (bar)   Constr. rmsd
    3.00431e+02   -1.98640e+02   -4.11297e+02    5.91911e-06

           Step           Time
          28000       56.00000

   Energies (kJ/mol)
           Bond          Angle    Proper Dih. Per. Imp. Dih.          LJ-14
    7.86818e+03    2.10550e+04    2.70380e+04    1.31518e+03    9.97147e+03
     Coulomb-14        LJ (SR)  Disper. corr.   Coulomb (SR)   Coul. recip.
    8.61787e+04    2.84324e+06   -1.16200e+05   -1.77313e+07    7.81822e+04
 Position Rest.      Potential    Kinetic En.   Total Energy  Conserved En.
    2.43690e+03   -1.47702e+07    2.39138e+06   -1.23788e+07   -1.49085e+07
    Temperature Pres. DC (bar) Pressure (bar)   Constr. rmsd
    3.00105e+02   -1.98640e+02   -4.30817e+02    5.91911e-06

           Step           Time
          28500       57.00000

   Energies (kJ/mol)
           Bond          Angle    Proper Dih. Per. Imp. Dih.          LJ-14
    7.70136e+03    2.09098e+04    2.70305e+04    1.29085e+03    1.00245e+04
     Coulomb-14        LJ (SR)  Disper. corr.   Coulomb (SR)   Coul. recip.
    8.63597e+04    2.83577e+06   -1.16200e+05   -1.77258e+07    7.85199e+04
 Position Rest.      Potential    Kinetic En.   Total Energy  Conserved En.
    2.47532e+03   -1.47719e+07    2.38742e+06   -1.23845e+07   -1.49086e+07
    Temperature Pres. DC (bar) Pressure (bar)   Constr. rmsd
    2.99608e+02   -1.98640e+02   -4.59861e+02    5.91911e-06

           Step           Time
          29000       58.00000

   Energies (kJ/mol)
           Bond          Angle    Proper Dih. Per. Imp. Dih.          LJ-14
    7.71841e+03    2.14198e+04    2.69192e+04    1.28881e+03    1.01091e+04
     Coulomb-14        LJ (SR)  Disper. corr.   Coulomb (SR)   Coul. recip.
    8.66648e+04    2.83488e+06   -1.16200e+05   -1.77215e+07    7.84480e+04
 Position Rest.      Potential    Kinetic En.   Total Energy  Conserved En.
    2.51642e+03   -1.47677e+07    2.39502e+06   -1.23727e+07   -1.49087e+07
    Temperature Pres. DC (bar) Pressure (bar)   Constr. rmsd
    3.00562e+02   -1.98640e+02   -4.47137e+02    5.91911e-06

           Step           Time
          29500       59.00000

   Energies (kJ/mol)
           Bond          Angle    Proper Dih. Per. Imp. Dih.          LJ-14
    7.98261e+03    2.12830e+04    2.69650e+04    1.30354e+03    9.98201e+03
     Coulomb-14        LJ (SR)  Disper. corr.   Coulomb (SR)   Coul. recip.
    8.69523e+04    2.84168e+06   -1.16200e+05   -1.77248e+07    7.84599e+04
 Position Rest.      Potential    Kinetic En.   Total Energy  Conserved En.
    2.63516e+03   -1.47638e+07    2.39185e+06   -1.23719e+07   -1.49084e+07
    Temperature Pres. DC (bar) Pressure (bar)   Constr. rmsd
    3.00165e+02   -1.98640e+02   -3.74691e+02    5.91911e-06

           Step           Time
          30000       60.00000

   Energies (kJ/mol)
           Bond          Angle    Proper Dih. Per. Imp. Dih.          LJ-14
    8.08235e+03    2.09185e+04    2.68931e+04    1.35804e+03    1.01169e+04
     Coulomb-14        LJ (SR)  Disper. corr.   Coulomb (SR)   Coul. recip.
    8.58433e+04    2.83460e+06   -1.16200e+05   -1.77206e+07    7.86428e+04
 Position Rest.      Potential    Kinetic En.   Total Energy  Conserved En.
    2.56047e+03   -1.47678e+07    2.39230e+06   -1.23755e+07   -1.49086e+07
    Temperature Pres. DC (bar) Pressure (bar)   Constr. rmsd
    3.00221e+02   -1.98640e+02   -4.80152e+02    5.91911e-06

           Step           Time
          30500       61.00000

   Energies (kJ/mol)
           Bond          Angle    Proper Dih. Per. Imp. Dih.          LJ-14
    7.59274e+03    2.11026e+04    2.69297e+04    1.35799e+03    1.00407e+04
     Coulomb-14        LJ (SR)  Disper. corr.   Coulomb (SR)   Coul. recip.
    8.67594e+04    2.83417e+06   -1.16200e+05   -1.77279e+07    7.88618e+04
 Position Rest.      Potential    Kinetic En.   Total Energy  Conserved En.
    2.64021e+03   -1.47746e+07    2.38948e+06   -1.23851e+07   -1.49085e+07
    Temperature Pres. DC (bar) Pressure (bar)   Constr. rmsd
    2.99867e+02   -1.98640e+02   -4.39429e+02    5.91911e-06

           Step           Time
          31000       62.00000

   Energies (kJ/mol)
           Bond          Angle    Proper Dih. Per. Imp. Dih.          LJ-14
    7.77789e+03    2.09738e+04    2.69463e+04    1.22489e+03    1.00230e+04
     Coulomb-14        LJ (SR)  Disper. corr.   Coulomb (SR)   Coul. recip.
    8.63104e+04    2.83741e+06   -1.16200e+05   -1.77199e+07    7.84481e+04
 Position Rest.      Potential    Kinetic En.   Total Energy  Conserved En.
    2.56035e+03   -1.47644e+07    2.38609e+06   -1.23783e+07   -1.49086e+07
    Temperature Pres. DC (bar) Pressure (bar)   Constr. rmsd
    2.99442e+02   -1.98640e+02   -3.82096e+02    5.91911e-06

           Step           Time
          31500       63.00000

   Energies (kJ/mol)
           Bond          Angle    Proper Dih. Per. Imp. Dih.          LJ-14
    7.71110e+03    2.15138e+04    2.70524e+04    1.41166e+03    9.98047e+03
     Coulomb-14        LJ (SR)  Disper. corr.   Coulomb (SR)   Coul. recip.
    8.67828e+04    2.84632e+06   -1.16200e+05   -1.77268e+07    7.84987e+04
 Position Rest.      Potential    Kinetic En.   Total Energy  Conserved En.
    2.58798e+03   -1.47611e+07    2.39336e+06   -1.23678e+07   -1.49085e+07
    Temperature Pres. DC (bar) Pressure (bar)   Constr. rmsd
    3.00354e+02   -1.98640e+02   -3.96161e+02    5.91911e-06

           Step           Time
          32000       64.00000

   Energies (kJ/mol)
           Bond          Angle    Proper Dih. Per. Imp. Dih.          LJ-14
    7.64019e+03    2.14731e+04    2.69154e+04    1.31341e+03    1.00409e+04
     Coulomb-14        LJ (SR)  Disper. corr.   Coulomb (SR)   Coul. recip.
    8.62635e+04    2.84477e+06   -1.16200e+05   -1.77293e+07    7.89006e+04
 Position Rest.      Potential    Kinetic En.   Total Energy  Conserved En.
    2.57393e+03   -1.47656e+07    2.39163e+06   -1.23740e+07   -1.49085e+07
    Temperature Pres. DC (bar) Pressure (bar)   Constr. rmsd
    3.00137e+02   -1.98640e+02   -4.13925e+02    5.91911e-06

           Step           Time
          32500       65.00000

   Energies (kJ/mol)
           Bond          Angle    Proper Dih. Per. Imp. Dih.          LJ-14
    7.58190e+03    2.14564e+04    2.69153e+04    1.36065e+03    1.00131e+04
     Coulomb-14        LJ (SR)  Disper. corr.   Coulomb (SR)   Coul. recip.
    8.67347e+04    2.83424e+06   -1.16200e+05   -1.77178e+07    7.88894e+04
 Position Rest.      Potential    Kinetic En.   Total Energy  Conserved En.
    2.42838e+03   -1.47643e+07    2.39246e+06   -1.23719e+07   -1.49086e+07
    Temperature Pres. DC (bar) Pressure (bar)   Constr. rmsd
    3.00241e+02   -1.98640e+02   -4.77364e+02    5.91911e-06

           Step           Time
          33000       66.00000

   Energies (kJ/mol)
           Bond          Angle    Proper Dih. Per. Imp. Dih.          LJ-14
    7.99061e+03    2.14767e+04    2.69636e+04    1.29813e+03    9.90196e+03
     Coulomb-14        LJ (SR)  Disper. corr.   Coulomb (SR)   Coul. recip.
    8.61643e+04    2.84193e+06   -1.16200e+05   -1.77278e+07    7.85072e+04
 Position Rest.      Potential    Kinetic En.   Total Energy  Conserved En.
    2.56169e+03   -1.47672e+07    2.39392e+06   -1.23733e+07   -1.49085e+07
    Temperature Pres. DC (bar) Pressure (bar)   Constr. rmsd
    3.00424e+02   -1.98640e+02   -4.37460e+02    5.91911e-06

           Step           Time
          33500       67.00000

   Energies (kJ/mol)
           Bond          Angle    Proper Dih. Per. Imp. Dih.          LJ-14
    7.85637e+03    2.10429e+04    2.69472e+04    1.32715e+03    9.90310e+03
     Coulomb-14        LJ (SR)  Disper. corr.   Coulomb (SR)   Coul. recip.
    8.63851e+04    2.84489e+06   -1.16200e+05   -1.77367e+07    7.85929e+04
 Position Rest.      Potential    Kinetic En.   Total Energy  Conserved En.
    2.55058e+03   -1.47734e+07    2.38851e+06   -1.23849e+07   -1.49085e+07
    Temperature Pres. DC (bar) Pressure (bar)   Constr. rmsd
    2.99745e+02   -1.98640e+02   -5.10376e+02    5.91911e-06

           Step           Time
          34000       68.00000

   Energies (kJ/mol)
           Bond          Angle    Proper Dih. Per. Imp. Dih.          LJ-14
    7.70129e+03    2.13759e+04    2.69016e+04    1.34725e+03    9.85742e+03
     Coulomb-14        LJ (SR)  Disper. corr.   Coulomb (SR)   Coul. recip.
    8.66055e+04    2.84073e+06   -1.16200e+05   -1.77301e+07    7.84886e+04
 Position Rest.      Potential    Kinetic En.   Total Energy  Conserved En.
    2.45210e+03   -1.47709e+07    2.38944e+06   -1.23814e+07   -1.49086e+07
    Temperature Pres. DC (bar) Pressure (bar)   Constr. rmsd
    2.99862e+02   -1.98640e+02   -4.35447e+02    5.91911e-06

           Step           Time
          34500       69.00000

   Energies (kJ/mol)
           Bond          Angle    Proper Dih. Per. Imp. Dih.          LJ-14
    7.77926e+03    2.16704e+04    2.71321e+04    1.34831e+03    1.00216e+04
     Coulomb-14        LJ (SR)  Disper. corr.   Coulomb (SR)   Coul. recip.
    8.63679e+04    2.83669e+06   -1.16200e+05   -1.77224e+07    7.91683e+04
 Position Rest.      Potential    Kinetic En.   Total Energy  Conserved En.
    2.49300e+03   -1.47659e+07    2.39286e+06   -1.23731e+07   -1.49086e+07
    Temperature Pres. DC (bar) Pressure (bar)   Constr. rmsd
    3.00291e+02   -1.98640e+02   -4.25622e+02    5.91911e-06

           Step           Time
          35000       70.00000

   Energies (kJ/mol)
           Bond          Angle    Proper Dih. Per. Imp. Dih.          LJ-14
    7.99698e+03    2.19951e+04    2.68087e+04    1.29181e+03    9.86654e+03
     Coulomb-14        LJ (SR)  Disper. corr.   Coulomb (SR)   Coul. recip.
    8.64308e+04    2.84026e+06   -1.16200e+05   -1.77246e+07    7.85398e+04
 Position Rest.      Potential    Kinetic En.   Total Energy  Conserved En.
    2.54705e+03   -1.47651e+07    2.39014e+06   -1.23749e+07   -1.49085e+07
    Temperature Pres. DC (bar) Pressure (bar)   Constr. rmsd
    2.99950e+02   -1.98640e+02   -4.28787e+02    5.91911e-06

           Step           Time
          35500       71.00000

   Energies (kJ/mol)
           Bond          Angle    Proper Dih. Per. Imp. Dih.          LJ-14
    7.38937e+03    2.12569e+04    2.68798e+04    1.35583e+03    1.01384e+04
     Coulomb-14        LJ (SR)  Disper. corr.   Coulomb (SR)   Coul. recip.
    8.65590e+04    2.83705e+06   -1.16200e+05   -1.77240e+07    7.85463e+04
 Position Rest.      Potential    Kinetic En.   Total Energy  Conserved En.
    2.44916e+03   -1.47685e+07    2.39057e+06   -1.23780e+07   -1.49085e+07
    Temperature Pres. DC (bar) Pressure (bar)   Constr. rmsd
    3.00004e+02   -1.98640e+02   -4.14948e+02    5.91911e-06

           Step           Time
          36000       72.00000

   Energies (kJ/mol)
           Bond          Angle    Proper Dih. Per. Imp. Dih.          LJ-14
    7.84647e+03    2.12141e+04    2.69655e+04    1.32303e+03    1.00602e+04
     Coulomb-14        LJ (SR)  Disper. corr.   Coulomb (SR)   Coul. recip.
    8.65725e+04    2.84679e+06   -1.16200e+05   -1.77335e+07    7.84706e+04
 Position Rest.      Potential    Kinetic En.   Total Energy  Conserved En.
    2.46433e+03   -1.47680e+07    2.39062e+06   -1.23773e+07   -1.49086e+07
    Temperature Pres. DC (bar) Pressure (bar)   Constr. rmsd
    3.00010e+02   -1.98640e+02   -4.72810e+02    5.91911e-06

           Step           Time
          36500       73.00000

   Energies (kJ/mol)
           Bond          Angle    Proper Dih. Per. Imp. Dih.          LJ-14
    7.76540e+03    2.17254e+04    2.68893e+04    1.21067e+03    1.00960e+04
     Coulomb-14        LJ (SR)  Disper. corr.   Coulomb (SR)   Coul. recip.
    8.67359e+04    2.83598e+06   -1.16200e+05   -1.77236e+07    7.85725e+04
 Position Rest.      Potential    Kinetic En.   Total Energy  Conserved En.
    2.43986e+03   -1.47684e+07    2.38977e+06   -1.23786e+07   -1.49084e+07
    Temperature Pres. DC (bar) Pressure (bar)   Constr. rmsd
    2.99903e+02   -1.98640e+02   -3.87488e+02    5.91911e-06

           Step           Time
          37000       74.00000

   Energies (kJ/mol)
           Bond          Angle    Proper Dih. Per. Imp. Dih.          LJ-14
    7.97205e+03    2.13134e+04    2.68918e+04    1.29164e+03    9.98655e+03
     Coulomb-14        LJ (SR)  Disper. corr.   Coulomb (SR)   Coul. recip.
    8.62766e+04    2.84078e+06   -1.16200e+05   -1.77378e+07    7.80475e+04
 Position Rest.      Potential    Kinetic En.   Total Energy  Conserved En.
    2.41240e+03   -1.47790e+07    2.39003e+06   -1.23890e+07   -1.49085e+07
    Temperature Pres. DC (bar) Pressure (bar)   Constr. rmsd
    2.99935e+02   -1.98640e+02   -4.46259e+02    5.91911e-06

           Step           Time
          37500       75.00000

   Energies (kJ/mol)
           Bond          Angle    Proper Dih. Per. Imp. Dih.          LJ-14
    7.83063e+03    2.12047e+04    2.68955e+04    1.28501e+03    1.00791e+04
     Coulomb-14        LJ (SR)  Disper. corr.   Coulomb (SR)   Coul. recip.
    8.66993e+04    2.84018e+06   -1.16200e+05   -1.77390e+07    7.83229e+04
 Position Rest.      Potential    Kinetic En.   Total Energy  Conserved En.
    2.57533e+03   -1.47802e+07    2.38902e+06   -1.23911e+07   -1.49084e+07
    Temperature Pres. DC (bar) Pressure (bar)   Constr. rmsd
    2.99809e+02   -1.98640e+02   -5.17821e+02    5.91911e-06

           Step           Time
          38000       76.00000

   Energies (kJ/mol)
           Bond          Angle    Proper Dih. Per. Imp. Dih.          LJ-14
    7.74543e+03    2.16134e+04    2.69527e+04    1.34270e+03    1.00436e+04
     Coulomb-14        LJ (SR)  Disper. corr.   Coulomb (SR)   Coul. recip.
    8.65428e+04    2.83891e+06   -1.16200e+05   -1.77294e+07    7.82843e+04
 Position Rest.      Potential    Kinetic En.   Total Energy  Conserved En.
    2.49975e+03   -1.47717e+07    2.39147e+06   -1.23802e+07   -1.49085e+07
    Temperature Pres. DC (bar) Pressure (bar)   Constr. rmsd
    3.00117e+02   -1.98640e+02   -3.89854e+02    5.91911e-06

           Step           Time
          38500       77.00000

   Energies (kJ/mol)
           Bond          Angle    Proper Dih. Per. Imp. Dih.          LJ-14
    8.07850e+03    2.11871e+04    2.68969e+04    1.33772e+03    9.97398e+03
     Coulomb-14        LJ (SR)  Disper. corr.   Coulomb (SR)   Coul. recip.
    8.64828e+04    2.84623e+06   -1.16200e+05   -1.77371e+07    7.85571e+04
 Position Rest.      Potential    Kinetic En.   Total Energy  Conserved En.
    2.37494e+03   -1.47722e+07    2.39163e+06   -1.23806e+07   -1.49086e+07
    Temperature Pres. DC (bar) Pressure (bar)   Constr. rmsd
    3.00136e+02   -1.98640e+02   -4.44022e+02    5.91911e-06

           Step           Time
          39000       78.00000

   Energies (kJ/mol)
           Bond          Angle    Proper Dih. Per. Imp. Dih.          LJ-14
    7.83913e+03    2.17820e+04    2.70102e+04    1.26714e+03    9.97788e+03
     Coulomb-14        LJ (SR)  Disper. corr.   Coulomb (SR)   Coul. recip.
    8.61386e+04    2.84497e+06   -1.16200e+05   -1.77340e+07    7.79924e+04
 Position Rest.      Potential    Kinetic En.   Total Energy  Conserved En.
    2.54175e+03   -1.47706e+07    2.39145e+06   -1.23792e+07   -1.49085e+07
    Temperature Pres. DC (bar) Pressure (bar)   Constr. rmsd
    3.00114e+02   -1.98640e+02   -4.14975e+02    5.91911e-06

           Step           Time
          39500       79.00000

   Energies (kJ/mol)
           Bond          Angle    Proper Dih. Per. Imp. Dih.          LJ-14
    7.57616e+03    2.12325e+04    2.70078e+04    1.37068e+03    1.00407e+04
     Coulomb-14        LJ (SR)  Disper. corr.   Coulomb (SR)   Coul. recip.
    8.64287e+04    2.84159e+06   -1.16200e+05   -1.77275e+07    7.88985e+04
 Position Rest.      Potential    Kinetic En.   Total Energy  Conserved En.
    2.44686e+03   -1.47671e+07    2.38915e+06   -1.23779e+07   -1.49086e+07
    Temperature Pres. DC (bar) Pressure (bar)   Constr. rmsd
    2.99825e+02   -1.98640e+02   -3.86835e+02    5.91911e-06

           Step           Time
          40000       80.00000

   Energies (kJ/mol)
           Bond          Angle    Proper Dih. Per. Imp. Dih.          LJ-14
    7.75645e+03    2.12768e+04    2.71760e+04    1.33794e+03    1.00067e+04
     Coulomb-14        LJ (SR)  Disper. corr.   Coulomb (SR)   Coul. recip.
    8.66634e+04    2.84354e+06   -1.16200e+05   -1.77278e+07    7.90930e+04
 Position Rest.      Potential    Kinetic En.   Total Energy  Conserved En.
    2.71108e+03   -1.47644e+07    2.39364e+06   -1.23708e+07   -1.49085e+07
    Temperature Pres. DC (bar) Pressure (bar)   Constr. rmsd
    3.00389e+02   -1.98640e+02   -4.08453e+02    5.91911e-06

           Step           Time
          40500       81.00000

   Energies (kJ/mol)
           Bond          Angle    Proper Dih. Per. Imp. Dih.          LJ-14
    7.94299e+03    2.12043e+04    2.68479e+04    1.31569e+03    1.00867e+04
     Coulomb-14        LJ (SR)  Disper. corr.   Coulomb (SR)   Coul. recip.
    8.67535e+04    2.84417e+06   -1.16200e+05   -1.77278e+07    7.84708e+04
 Position Rest.      Potential    Kinetic En.   Total Energy  Conserved En.
    2.45475e+03   -1.47648e+07    2.38937e+06   -1.23754e+07   -1.49085e+07
    Temperature Pres. DC (bar) Pressure (bar)   Constr. rmsd
    2.99854e+02   -1.98640e+02   -3.98221e+02    5.91911e-06

           Step           Time
          41000       82.00000

   Energies (kJ/mol)
           Bond          Angle    Proper Dih. Per. Imp. Dih.          LJ-14
    7.80176e+03    2.09676e+04    2.68733e+04    1.30763e+03    9.90856e+03
     Coulomb-14        LJ (SR)  Disper. corr.   Coulomb (SR)   Coul. recip.
    8.65793e+04    2.84285e+06   -1.16200e+05   -1.77325e+07    7.84548e+04
 Position Rest.      Potential    Kinetic En.   Total Energy  Conserved En.
    2.48555e+03   -1.47715e+07    2.39055e+06   -1.23809e+07   -1.49086e+07
    Temperature Pres. DC (bar) Pressure (bar)   Constr. rmsd
    3.00001e+02   -1.98640e+02   -4.20945e+02    5.91911e-06

           Step           Time
          41500       83.00000

   Energies (kJ/mol)
           Bond          Angle    Proper Dih. Per. Imp. Dih.          LJ-14
    8.01467e+03    2.09343e+04    2.70588e+04    1.30250e+03    9.91314e+03
     Coulomb-14        LJ (SR)  Disper. corr.   Coulomb (SR)   Coul. recip.
    8.64297e+04    2.84444e+06   -1.16200e+05   -1.77347e+07    7.85480e+04
 Position Rest.      Potential    Kinetic En.   Total Energy  Conserved En.
    2.55580e+03   -1.47717e+07    2.39039e+06   -1.23813e+07   -1.49086e+07
    Temperature Pres. DC (bar) Pressure (bar)   Constr. rmsd
    2.99981e+02   -1.98640e+02   -3.87749e+02    5.91911e-06

           Step           Time
          42000       84.00000

   Energies (kJ/mol)
           Bond          Angle    Proper Dih. Per. Imp. Dih.          LJ-14
    7.77428e+03    2.13576e+04    2.69516e+04    1.28812e+03    1.01308e+04
     Coulomb-14        LJ (SR)  Disper. corr.   Coulomb (SR)   Coul. recip.
    8.66559e+04    2.83949e+06   -1.16200e+05   -1.77260e+07    7.84702e+04
 Position Rest.      Potential    Kinetic En.   Total Energy  Conserved En.
    2.56301e+03   -1.47676e+07    2.39219e+06   -1.23754e+07   -1.49086e+07
    Temperature Pres. DC (bar) Pressure (bar)   Constr. rmsd
    3.00207e+02   -1.98640e+02   -4.36195e+02    5.91911e-06

           Step           Time
          42500       85.00000

   Energies (kJ/mol)
           Bond          Angle    Proper Dih. Per. Imp. Dih.          LJ-14
    7.95186e+03    2.13978e+04    2.69879e+04    1.28601e+03    1.00611e+04
     Coulomb-14        LJ (SR)  Disper. corr.   Coulomb (SR)   Coul. recip.
    8.65470e+04    2.84097e+06   -1.16200e+05   -1.77307e+07    7.86031e+04
 Position Rest.      Potential    Kinetic En.   Total Energy  Conserved En.
    2.49388e+03   -1.47706e+07    2.39254e+06   -1.23780e+07   -1.49084e+07
    Temperature Pres. DC (bar) Pressure (bar)   Constr. rmsd
    3.00250e+02   -1.98640e+02   -4.11643e+02    5.91911e-06

           Step           Time
          43000       86.00000

   Energies (kJ/mol)
           Bond          Angle    Proper Dih. Per. Imp. Dih.          LJ-14
    7.65438e+03    2.16492e+04    2.67757e+04    1.30042e+03    1.00144e+04
     Coulomb-14        LJ (SR)  Disper. corr.   Coulomb (SR)   Coul. recip.
    8.68780e+04    2.84088e+06   -1.16200e+05   -1.77314e+07    7.86147e+04
 Position Rest.      Potential    Kinetic En.   Total Energy  Conserved En.
    2.55961e+03   -1.47713e+07    2.38910e+06   -1.23822e+07   -1.49086e+07
    Temperature Pres. DC (bar) Pressure (bar)   Constr. rmsd
    2.99819e+02   -1.98640e+02   -3.88325e+02    5.91911e-06

           Step           Time
          43500       87.00000

   Energies (kJ/mol)
           Bond          Angle    Proper Dih. Per. Imp. Dih.          LJ-14
    7.86367e+03    2.13544e+04    2.66694e+04    1.24373e+03    1.00488e+04
     Coulomb-14        LJ (SR)  Disper. corr.   Coulomb (SR)   Coul. recip.
    8.65213e+04    2.84257e+06   -1.16200e+05   -1.77338e+07    7.83825e+04
 Position Rest.      Potential    Kinetic En.   Total Energy  Conserved En.
    2.44154e+03   -1.47729e+07    2.38719e+06   -1.23857e+07   -1.49085e+07
    Temperature Pres. DC (bar) Pressure (bar)   Constr. rmsd
    2.99579e+02   -1.98640e+02   -4.58842e+02    5.91911e-06

           Step           Time
          44000       88.00000

   Energies (kJ/mol)
           Bond          Angle    Proper Dih. Per. Imp. Dih.          LJ-14
    8.09233e+03    2.16050e+04    2.69042e+04    1.37143e+03    1.00493e+04
     Coulomb-14        LJ (SR)  Disper. corr.   Coulomb (SR)   Coul. recip.
    8.67094e+04    2.84521e+06   -1.16200e+05   -1.77306e+07    7.89171e+04
 Position Rest.      Potential    Kinetic En.   Total Energy  Conserved En.
    2.59293e+03   -1.47653e+07    2.39296e+06   -1.23723e+07   -1.49085e+07
    Temperature Pres. DC (bar) Pressure (bar)   Constr. rmsd
    3.00304e+02   -1.98640e+02   -3.72479e+02    5.91911e-06

           Step           Time
          44500       89.00000

   Energies (kJ/mol)
           Bond          Angle    Proper Dih. Per. Imp. Dih.          LJ-14
    7.98297e+03    2.13430e+04    2.69747e+04    1.15060e+03    9.95296e+03
     Coulomb-14        LJ (SR)  Disper. corr.   Coulomb (SR)   Coul. recip.
    8.62613e+04    2.83984e+06   -1.16200e+05   -1.77260e+07    7.87317e+04
 Position Rest.      Potential    Kinetic En.   Total Energy  Conserved En.
    2.46261e+03   -1.47675e+07    2.39441e+06   -1.23731e+07   -1.49085e+07
    Temperature Pres. DC (bar) Pressure (bar)   Constr. rmsd
    3.00486e+02   -1.98640e+02   -4.46899e+02    5.91911e-06

           Step           Time
          45000       90.00000

   Energies (kJ/mol)
           Bond          Angle    Proper Dih. Per. Imp. Dih.          LJ-14
    7.92577e+03    2.13397e+04    2.68998e+04    1.33465e+03    9.95356e+03
     Coulomb-14        LJ (SR)  Disper. corr.   Coulomb (SR)   Coul. recip.
    8.68735e+04    2.83940e+06   -1.16200e+05   -1.77235e+07    7.87207e+04
 Position Rest.      Potential    Kinetic En.   Total Energy  Conserved En.
    2.40778e+03   -1.47649e+07    2.39105e+06   -1.23738e+07   -1.49084e+07
    Temperature Pres. DC (bar) Pressure (bar)   Constr. rmsd
    3.00064e+02   -1.98640e+02   -4.50215e+02    5.91911e-06

           Step           Time
          45500       91.00000

   Energies (kJ/mol)
           Bond          Angle    Proper Dih. Per. Imp. Dih.          LJ-14
    7.82058e+03    2.12473e+04    2.69356e+04    1.21641e+03    9.98257e+03
     Coulomb-14        LJ (SR)  Disper. corr.   Coulomb (SR)   Coul. recip.
    8.70567e+04    2.84224e+06   -1.16200e+05   -1.77281e+07    7.90453e+04
 Position Rest.      Potential    Kinetic En.   Total Energy  Conserved En.
    2.37638e+03   -1.47664e+07    2.39191e+06   -1.23745e+07   -1.49086e+07
    Temperature Pres. DC (bar) Pressure (bar)   Constr. rmsd
    3.00172e+02   -1.98640e+02   -3.25790e+02    5.91911e-06

           Step           Time
          46000       92.00000

   Energies (kJ/mol)
           Bond          Angle    Proper Dih. Per. Imp. Dih.          LJ-14
    7.87409e+03    2.15976e+04    2.69459e+04    1.35505e+03    9.99963e+03
     Coulomb-14        LJ (SR)  Disper. corr.   Coulomb (SR)   Coul. recip.
    8.64241e+04    2.83855e+06   -1.16200e+05   -1.77232e+07    7.86167e+04
 Position Rest.      Potential    Kinetic En.   Total Energy  Conserved En.
    2.44298e+03   -1.47656e+07    2.39280e+06   -1.23728e+07   -1.49086e+07
    Temperature Pres. DC (bar) Pressure (bar)   Constr. rmsd
    3.00283e+02   -1.98640e+02   -3.18844e+02    5.91911e-06

           Step           Time
          46500       93.00000

   Energies (kJ/mol)
           Bond          Angle    Proper Dih. Per. Imp. Dih.          LJ-14
    7.84592e+03    2.14832e+04    2.70973e+04    1.36647e+03    1.00149e+04
     Coulomb-14        LJ (SR)  Disper. corr.   Coulomb (SR)   Coul. recip.
    8.62049e+04    2.83697e+06   -1.16200e+05   -1.77162e+07    7.85369e+04
 Position Rest.      Potential    Kinetic En.   Total Energy  Conserved En.
    2.49328e+03   -1.47604e+07    2.39090e+06   -1.23695e+07   -1.49085e+07
    Temperature Pres. DC (bar) Pressure (bar)   Constr. rmsd
    3.00045e+02   -1.98640e+02   -5.31667e+02    5.91911e-06

           Step           Time
          47000       94.00000

   Energies (kJ/mol)
           Bond          Angle    Proper Dih. Per. Imp. Dih.          LJ-14
    7.62048e+03    2.14325e+04    2.68278e+04    1.27809e+03    9.92029e+03
     Coulomb-14        LJ (SR)  Disper. corr.   Coulomb (SR)   Coul. recip.
    8.66167e+04    2.83499e+06   -1.16200e+05   -1.77199e+07    7.87311e+04
 Position Rest.      Potential    Kinetic En.   Total Energy  Conserved En.
    2.51708e+03   -1.47662e+07    2.38867e+06   -1.23775e+07   -1.49086e+07
    Temperature Pres. DC (bar) Pressure (bar)   Constr. rmsd
    2.99765e+02   -1.98640e+02   -5.51699e+02    5.91911e-06

           Step           Time
          47500       95.00000

   Energies (kJ/mol)
           Bond          Angle    Proper Dih. Per. Imp. Dih.          LJ-14
    7.91711e+03    2.13845e+04    2.68658e+04    1.40889e+03    9.90804e+03
     Coulomb-14        LJ (SR)  Disper. corr.   Coulomb (SR)   Coul. recip.
    8.63539e+04    2.83443e+06   -1.16200e+05   -1.77161e+07    7.86488e+04
 Position Rest.      Potential    Kinetic En.   Total Energy  Conserved En.
    2.42199e+03   -1.47629e+07    2.39369e+06   -1.23692e+07   -1.49087e+07
    Temperature Pres. DC (bar) Pressure (bar)   Constr. rmsd
    3.00395e+02   -1.98640e+02   -4.14344e+02    5.91911e-06

           Step           Time
          48000       96.00000

   Energies (kJ/mol)
           Bond          Angle    Proper Dih. Per. Imp. Dih.          LJ-14
    7.61281e+03    2.17137e+04    2.69872e+04    1.30613e+03    9.92500e+03
     Coulomb-14        LJ (SR)  Disper. corr.   Coulomb (SR)   Coul. recip.
    8.63900e+04    2.83864e+06   -1.16200e+05   -1.77213e+07    7.88203e+04
 Position Rest.      Potential    Kinetic En.   Total Energy  Conserved En.
    2.55196e+03   -1.47636e+07    2.38970e+06   -1.23739e+07   -1.49086e+07
    Temperature Pres. DC (bar) Pressure (bar)   Constr. rmsd
    2.99894e+02   -1.98640e+02   -3.47677e+02    5.91911e-06

           Step           Time
          48500       97.00000

   Energies (kJ/mol)
           Bond          Angle    Proper Dih. Per. Imp. Dih.          LJ-14
    7.90078e+03    2.13904e+04    2.68735e+04    1.33409e+03    1.01065e+04
     Coulomb-14        LJ (SR)  Disper. corr.   Coulomb (SR)   Coul. recip.
    8.67486e+04    2.83437e+06   -1.16200e+05   -1.77199e+07    7.84774e+04
 Position Rest.      Potential    Kinetic En.   Total Energy  Conserved En.
    2.51887e+03   -1.47664e+07    2.39469e+06   -1.23717e+07   -1.49085e+07
    Temperature Pres. DC (bar) Pressure (bar)   Constr. rmsd
    3.00521e+02   -1.98640e+02   -4.41923e+02    5.91911e-06

           Step           Time
          49000       98.00000

   Energies (kJ/mol)
           Bond          Angle    Proper Dih. Per. Imp. Dih.          LJ-14
    8.06933e+03    2.11620e+04    2.70977e+04    1.33353e+03    9.90250e+03
     Coulomb-14        LJ (SR)  Disper. corr.   Coulomb (SR)   Coul. recip.
    8.63472e+04    2.84105e+06   -1.16200e+05   -1.77263e+07    7.88814e+04
 Position Rest.      Potential    Kinetic En.   Total Energy  Conserved En.
    2.50807e+03   -1.47662e+07    2.39009e+06   -1.23761e+07   -1.49085e+07
    Temperature Pres. DC (bar) Pressure (bar)   Constr. rmsd
    2.99943e+02   -1.98640e+02   -3.62626e+02    5.91911e-06

           Step           Time
          49500       99.00000

   Energies (kJ/mol)
           Bond          Angle    Proper Dih. Per. Imp. Dih.          LJ-14
    7.54912e+03    2.13518e+04    2.68940e+04    1.33215e+03    9.94144e+03
     Coulomb-14        LJ (SR)  Disper. corr.   Coulomb (SR)   Coul. recip.
    8.64339e+04    2.84141e+06   -1.16200e+05   -1.77296e+07    7.84532e+04
 Position Rest.      Potential    Kinetic En.   Total Energy  Conserved En.
    2.51868e+03   -1.47699e+07    2.38892e+06   -1.23810e+07   -1.49086e+07
    Temperature Pres. DC (bar) Pressure (bar)   Constr. rmsd
    2.99797e+02   -1.98640e+02   -4.31494e+02    5.91911e-06

           Step           Time
          50000      100.00000

Writing checkpoint, step 50000 at Fri May  2 05:20:08 2025


   Energies (kJ/mol)
           Bond          Angle    Proper Dih. Per. Imp. Dih.          LJ-14
    7.68804e+03    2.15755e+04    2.68314e+04    1.38469e+03    1.01684e+04
     Coulomb-14        LJ (SR)  Disper. corr.   Coulomb (SR)   Coul. recip.
    8.68403e+04    2.83580e+06   -1.16200e+05   -1.77225e+07    7.87362e+04
 Position Rest.      Potential    Kinetic En.   Total Energy  Conserved En.
    2.50760e+03   -1.47672e+07    2.39057e+06   -1.23766e+07   -1.49087e+07
    Temperature Pres. DC (bar) Pressure (bar)   Constr. rmsd
    3.00003e+02   -1.98640e+02   -4.65834e+02    5.91911e-06


Energy conservation over simulation part #1 of length 100 ps, time 0 to 100 ps
  Conserved energy drift: 2.04e-04 kJ/mol/ps per atom


	<======  ###############  ==>
	<====  A V E R A G E S  ====>
	<==  ###############  ======>

	Statistics over 50001 steps using 501 frames

   Energies (kJ/mol)
           Bond          Angle    Proper Dih. Per. Imp. Dih.          LJ-14
    7.83199e+03    2.13099e+04    2.69291e+04    1.30512e+03    9.99235e+03
     Coulomb-14        LJ (SR)  Disper. corr.   Coulomb (SR)   Coul. recip.
    8.65473e+04    2.84175e+06   -1.16200e+05   -1.77355e+07    7.83475e+04
 Position Rest.      Potential    Kinetic En.   Total Energy  Conserved En.
    2.51646e+03   -1.47752e+07    2.38874e+06   -1.23865e+07   -1.49085e+07
    Temperature Pres. DC (bar) Pressure (bar)   Constr. rmsd
    2.99774e+02   -1.98640e+02   -4.23727e+02    0.00000e+00

   Total Virial (kJ/mol)
    9.20756e+05    1.91595e+02    4.89177e+02
    1.89393e+02    9.21713e+05   -3.04428e+02
    4.89179e+02   -3.04093e+02    9.18527e+05

   Pressure (bar)
   -4.25057e+02   -1.32803e+00   -1.36179e+00
   -1.32051e+00   -4.27987e+02    1.18167e+00
   -1.36179e+00    1.18053e+00   -4.18137e+02

T-Protein_OtherT-Water_and_ions
    3.00032e+02    2.99770e+02


	M E G A - F L O P S   A C C O U N T I N G

 NB=Group-cutoff nonbonded kernels    NxN=N-by-N cluster Verlet kernels
 RF=Reaction-Field  VdW=Van der Waals  QSTab=quadratic-spline table
 W3=SPC/TIP3p  W4=TIP4p (single or pairs)
 V&F=Potential and force  V=Potential only  F=Force only

 Computing:                               M-Number         M-Flops  % Flops
-----------------------------------------------------------------------------
 Pair Search distance check           45762.916352      411866.247     0.0
 NxN QSTab Elec. + LJ [F]          46069073.519040  1888832014.281    98.5
 NxN QSTab Elec. + LJ [V&F]          466273.880320    27510158.939     1.4
 1,4 nonbonded interactions            1350.677013      121560.931     0.0
 Shift-X                                478.865319        2873.192     0.0
 Bonds                                  263.055261       15520.260     0.0
 Angles                                 938.518770      157671.153     0.0
 Propers                               1443.878877      330648.263     0.0
 Impropers                              104.552091       21746.835     0.0
 Pos. Restr.                            256.805136       12840.257     0.0
 Virial                                 478.887864        8619.982     0.0
 Stop-CM                                479.821138        4798.211     0.0
 Calc-Ekin                             9560.101638      258122.744     0.0
 Lincs                                    0.010222           0.613     0.0
 Lincs-Mat                                0.054816           0.219     0.0
 Constraint-V                             0.955792           8.602     0.0
 Settle                                   0.630380         233.241     0.0
-----------------------------------------------------------------------------
 Total                                              1917688683.971   100.0
-----------------------------------------------------------------------------


      R E A L   C Y C L E   A N D   T I M E   A C C O U N T I N G

On 1 MPI rank, each using 32 OpenMP threads

 Activity:              Num   Num      Call    Wall time         Giga-Cycles
                        Ranks Threads  Count      (s)         total sum    %
--------------------------------------------------------------------------------
 Neighbor search           1   32        501      21.846       1464.590   5.4
 Launch PP GPU ops.        1   32      99501       3.406        228.320   0.8
 Force                     1   32      50001      34.524       2314.561   8.6
 PME GPU mesh              1   32      50001       3.985        267.126   1.0
 Wait GPU NB local         1   32      50001       5.491        368.096   1.4
 Wait GPU state copy       1   32      62003     281.636      18881.217  70.1
 NB X/F buffer ops.        1   32        501       0.743         49.795   0.2
 Write traj.               1   32        101      39.497       2647.941   9.8
 Constraints               1   32          2       0.002          0.152   0.0
 Rest                                             10.743        720.236   2.7
--------------------------------------------------------------------------------
 Total                                           401.873      26942.033 100.0
--------------------------------------------------------------------------------
 Breakdown of PME mesh activities
--------------------------------------------------------------------------------
 Wait PME GPU gather       1   32      50001       1.170         78.409   0.3
 Reduce GPU PME F          1   32      50001       0.340         22.761   0.1
 Launch PME GPU ops.       1   32     400013       2.329        156.117   0.6
--------------------------------------------------------------------------------

               Core t (s)   Wall t (s)        (%)
       Time:    12857.417      401.873     3199.4
                 (ns/day)    (hour/ns)
Performance:       21.500        1.116
Finished mdrun on rank 0 Fri May  2 05:20:12 2025

