                      :-) GROMACS - gmx mdrun, 2024.4 (-:

Copyright 1991-2024 The GROMACS Authors.
GROMACS is free software; you can redistribute it and/or modify it
under the terms of the GNU Lesser General Public License
as published by the Free Software Foundation; either version 2.1
of the License, or (at your option) any later version.

                         Current GROMACS contributors:
       Mark Abraham           Andrey Alekseenko           Vladimir Basov      
      Cathrine Bergh            Eliane Briand               Ania Brown        
      Mahesh Doijade            Giacomo Fiorin          Stefan Fleischmann    
      Sergey Gorelov         Gilles Gouaillardet            Alan Gray         
     M. Eric Irrgang         Farzaneh Jalalypour            Joe Jordan        
     Carsten Kutzner           Justin A. Lemkul          Magnus Lundborg      
       Pascal Merz              Vedran Miletic            Dmitry Morozov      
       Julien Nabet              Szilard Pall        Andrea Pasquadibisceglie 
    Michele Pellegrino          Hubert Santuz             Roland Schulz       
     Tatiana Shugaeva          Alexey Shvetsov            Philip Turner       
     Alessandra Villa      Sebastian Wingbermuehle  

                         Previous GROMACS contributors:
        Emile Apol             Rossen Apostolov           James Barnett       
        Paul Bauer          Herman J.C. Berendsen          Par Bjelkmar       
      Christian Blau          Viacheslav Bolnykh            Kevin Boyd        
    Aldert van Buuren          Carlo Camilloni           Rudi van Drunen      
      Anton Feenstra           Oliver Fleetwood            Vytas Gapsys       
       Gaurav Garg             Gerrit Groenhof            Bert de Groot       
      Anca Hamuraru           Vincent Hindriksen          Victor Holanda      
     Aleksei Iupinov          Christoph Junghans        Prashanth Kanduri     
   Dimitrios Karkoulis           Peter Kasson             Sebastian Kehl      
     Sebastian Keller             Jiri Kraus               Per Larsson        
      Viveca Lindahl            Erik Marklund           Pieter Meulenhoff     
      Teemu Murtola              Sander Pronk             Michael Shirts      
      Alfons Sijbers            Balint Soproni         David van der Spoel    
      Peter Tieleman            Carsten Uphoff             Jon Vincent        
     Teemu Virolainen         Christian Wennberg           Maarten Wolf       
      Artem Zhmurov       

                  Coordinated by the GROMACS project leaders:
                           Berk Hess and Erik Lindahl

GROMACS:      gmx mdrun, version 2024.4
Executable:   /usr/local/gromacs/bin/gmx
Data prefix:  /usr/local/gromacs
Working dir:  /home/daneel/gitrepos/gromacs_sims/D0E7M2_PSEAI_Levofloxacin/D0E7M2_PSEAI_Levofloxacin_docking/input/lfx.acpype
Process ID:   44113
Command line:
  gmx mdrun -nt 12 -v -deffnm md

GROMACS version:     2024.4
Precision:           mixed
Memory model:        64 bit
MPI library:         thread_mpi
OpenMP support:      enabled (GMX_OPENMP_MAX_THREADS = 128)
GPU support:         CUDA
NBNxM GPU setup:     super-cluster 2x2x2 / cluster 8
SIMD instructions:   AVX_512
CPU FFT library:     fftw-3.3.8-sse2-avx
GPU FFT library:     cuFFT
Multi-GPU FFT:       none
RDTSCP usage:        enabled
TNG support:         enabled
Hwloc support:       disabled
Tracing support:     disabled
C compiler:          /usr/bin/cc GNU 11.4.0
C compiler flags:    -fexcess-precision=fast -funroll-all-loops -march=skylake-avx512 -Wno-missing-field-initializers -O3 -DNDEBUG
C++ compiler:        /usr/bin/c++ GNU 11.4.0
C++ compiler flags:  -fexcess-precision=fast -funroll-all-loops -march=skylake-avx512 -Wno-missing-field-initializers -Wno-cast-function-type-strict -fopenmp -O3 -DNDEBUG
BLAS library:        External - detected on the system
LAPACK library:      External - detected on the system
CUDA compiler:       /usr/local/cuda-12.6/bin/nvcc nvcc: NVIDIA (R) Cuda compiler driver;Copyright (c) 2005-2024 NVIDIA Corporation;Built on Tue_Oct_29_23:50:19_PDT_2024;Cuda compilation tools, release 12.6, V12.6.85;Build cuda_12.6.r12.6/compiler.35059454_0
CUDA compiler flags:-std=c++17;--generate-code=arch=compute_50,code=sm_50;--generate-code=arch=compute_52,code=sm_52;--generate-code=arch=compute_60,code=sm_60;--generate-code=arch=compute_61,code=sm_61;--generate-code=arch=compute_70,code=sm_70;--generate-code=arch=compute_75,code=sm_75;--generate-code=arch=compute_80,code=sm_80;--generate-code=arch=compute_86,code=sm_86;--generate-code=arch=compute_89,code=sm_89;--generate-code=arch=compute_90,code=sm_90;-Wno-deprecated-gpu-targets;--generate-code=arch=compute_53,code=sm_53;--generate-code=arch=compute_80,code=sm_80;-use_fast_math;-Xptxas;-warn-double-usage;-Xptxas;-Werror;-D_FORCE_INLINES;-Xcompiler;-fopenmp;-fexcess-precision=fast -funroll-all-loops -march=skylake-avx512 -Wno-missing-field-initializers -Wno-cast-function-type-strict -fopenmp -O3 -DNDEBUG
CUDA driver:         12.20
CUDA runtime:        12.60


Running on 1 node with total 16 cores, 16 processing units, 1 compatible GPU
Hardware detected on host Weiman-HP-Z8-G4:
  CPU info:
    Vendor: Intel
    Brand:  Intel(R) Xeon(R) Bronze 3106 CPU @ 1.70GHz
    Family: 6   Model: 85   Stepping: 4
    Features: aes apic avx avx2 avx512f avx512cd avx512bw avx512vl clfsh cmov cx8 cx16 f16c fma hle htt intel lahf mmx msr nonstop_tsc pcid pclmuldq pdcm pdpe1gb popcnt pse rdrnd rdtscp rtm sse2 sse3 sse4.1 sse4.2 ssse3 tdt x2apic
    Number of AVX-512 FMA units: 1 (For Intel, AVX2 is faster w/o 2 AVX-512 FMA units)
  Hardware topology: Basic
    Packages, cores, and logical processors:
    [indices refer to OS logical processors]
      Package  0: [   0] [   1] [   2] [   3] [   4] [   5] [   6] [   7]
      Package  1: [   8] [   9] [  10] [  11] [  12] [  13] [  14] [  15]
    CPU limit set by OS: -1   Recommended max number of threads: 16
  GPU info:
    Number of GPUs detected: 1
    #0: NVIDIA Quadro P1000, compute cap.: 6.1, ECC:  no, stat: compatible

Likely fastest SIMD instructions supported by all nodes: AVX2_256
SIMD instructions selected at compile time:              AVX_512
For Intel CPUs with only 1x AVX-512 FMA unit, AVX2 is a little faster.

++++ PLEASE READ AND CITE THE FOLLOWING REFERENCE ++++
M. J. Abraham, T. Murtola, R. Schulz, S. Páll, J. C. Smith, B. Hess, E.
Lindahl
GROMACS: High performance molecular simulations through multi-level
parallelism from laptops to supercomputers
SoftwareX 1 (2015) pp. 19-25
-------- -------- --- Thank You --- -------- --------


++++ PLEASE READ AND CITE THE FOLLOWING REFERENCE ++++
S. Páll, M. J. Abraham, C. Kutzner, B. Hess, E. Lindahl
Tackling Exascale Software Challenges in Molecular Dynamics Simulations with
GROMACS
In S. Markidis & E. Laure (Eds.), Solving Software Challenges for Exascale 8759 (2015) pp. 3-27
-------- -------- --- Thank You --- -------- --------


++++ PLEASE READ AND CITE THE FOLLOWING REFERENCE ++++
S. Pronk, S. Páll, R. Schulz, P. Larsson, P. Bjelkmar, R. Apostolov, M. R.
Shirts, J. C. Smith, P. M. Kasson, D. van der Spoel, B. Hess, and E. Lindahl
GROMACS 4.5: a high-throughput and highly parallel open source molecular
simulation toolkit
Bioinformatics 29 (2013) pp. 845-54
-------- -------- --- Thank You --- -------- --------


++++ PLEASE READ AND CITE THE FOLLOWING REFERENCE ++++
B. Hess and C. Kutzner and D. van der Spoel and E. Lindahl
GROMACS 4: Algorithms for highly efficient, load-balanced, and scalable
molecular simulation
J. Chem. Theory Comput. 4 (2008) pp. 435-447
-------- -------- --- Thank You --- -------- --------


++++ PLEASE READ AND CITE THE FOLLOWING REFERENCE ++++
D. van der Spoel, E. Lindahl, B. Hess, G. Groenhof, A. E. Mark and H. J. C.
Berendsen
GROMACS: Fast, Flexible and Free
J. Comp. Chem. 26 (2005) pp. 1701-1719
-------- -------- --- Thank You --- -------- --------


++++ PLEASE READ AND CITE THE FOLLOWING REFERENCE ++++
E. Lindahl and B. Hess and D. van der Spoel
GROMACS 3.0: A package for molecular simulation and trajectory analysis
J. Mol. Mod. 7 (2001) pp. 306-317
-------- -------- --- Thank You --- -------- --------


++++ PLEASE READ AND CITE THE FOLLOWING REFERENCE ++++
H. J. C. Berendsen, D. van der Spoel and R. van Drunen
GROMACS: A message-passing parallel molecular dynamics implementation
Comp. Phys. Comm. 91 (1995) pp. 43-56
-------- -------- --- Thank You --- -------- --------


++++ PLEASE CITE THE DOI FOR THIS VERSION OF GROMACS ++++
https://doi.org/10.5281/zenodo.14016590
-------- -------- --- Thank You --- -------- --------

Input Parameters:
   integrator                     = md
   tinit                          = 0
   dt                             = 0.001
   nsteps                         = 10000
   init-step                      = 0
   simulation-part                = 1
   mts                            = false
   mass-repartition-factor        = 1
   comm-mode                      = Linear
   nstcomm                        = 100
   bd-fric                        = 0
   ld-seed                        = -596771092
   emtol                          = 10
   emstep                         = 0.01
   niter                          = 20
   fcstep                         = 0
   nstcgsteep                     = 1000
   nbfgscorr                      = 10
   rtpi                           = 0.05
   nstxout                        = 10
   nstvout                        = 0
   nstfout                        = 0
   nstlog                         = 1000
   nstcalcenergy                  = 100
   nstenergy                      = 1000
   nstxout-compressed             = 0
   compressed-x-precision         = 1000
   cutoff-scheme                  = Verlet
   nstlist                        = 10
   pbc                            = xyz
   periodic-molecules             = false
   verlet-buffer-tolerance        = 0.005
   verlet-buffer-pressure-tolerance = 0.5
   rlist                          = 1.1
   coulombtype                    = PME
   coulomb-modifier               = Potential-shift
   rcoulomb-switch                = 0
   rcoulomb                       = 1.1
   epsilon-r                      = 1
   epsilon-rf                     = inf
   vdw-type                       = Cut-off
   vdw-modifier                   = Force-switch
   rvdw-switch                    = 0.9
   rvdw                           = 1
   DispCorr                       = EnerPres
   table-extension                = 1
   fourierspacing                 = 0.25
   fourier-nx                     = 96
   fourier-ny                     = 96
   fourier-nz                     = 96
   pme-order                      = 4
   ewald-rtol                     = 1e-05
   ewald-rtol-lj                  = 0.001
   lj-pme-comb-rule               = Geometric
   ewald-geometry                 = 3d
   epsilon-surface                = 0
   ensemble-temperature-setting   = not available
   tcoupl                         = No
   nsttcouple                     = -1
   nh-chain-length                = 0
   print-nose-hoover-chain-variables = false
   pcoupl                         = No
   refcoord-scaling               = No
   posres-com (3):
      posres-com[0]= 0.00000e+00
      posres-com[1]= 0.00000e+00
      posres-com[2]= 0.00000e+00
   posres-comB (3):
      posres-comB[0]= 0.00000e+00
      posres-comB[1]= 0.00000e+00
      posres-comB[2]= 0.00000e+00
   QMMM                           = false
qm-opts:
   ngQM                           = 0
   constraint-algorithm           = Lincs
   continuation                   = false
   Shake-SOR                      = false
   shake-tol                      = 0.0001
   lincs-order                    = 4
   lincs-iter                     = 2
   lincs-warnangle                = 30
   nwall                          = 0
   wall-type                      = 9-3
   wall-r-linpot                  = -1
   wall-atomtype[0]               = -1
   wall-atomtype[1]               = -1
   wall-density[0]                = 0
   wall-density[1]                = 0
   wall-ewald-zfac                = 3
   pull                           = false
   awh                            = false
   rotation                       = false
   interactiveMD                  = false
   disre                          = No
   disre-weighting                = Conservative
   disre-mixed                    = false
   dr-fc                          = 1000
   dr-tau                         = 0
   nstdisreout                    = 100
   orire-fc                       = 0
   orire-tau                      = 0
   nstorireout                    = 100
   free-energy                    = no
   cos-acceleration               = 0
   deform (3x3):
      deform[    0]={ 0.00000e+00,  0.00000e+00,  0.00000e+00}
      deform[    1]={ 0.00000e+00,  0.00000e+00,  0.00000e+00}
      deform[    2]={ 0.00000e+00,  0.00000e+00,  0.00000e+00}
   simulated-tempering            = false
   swapcoords                     = no
   userint1                       = 0
   userint2                       = 0
   userint3                       = 0
   userint4                       = 0
   userreal1                      = 0
   userreal2                      = 0
   userreal3                      = 0
   userreal4                      = 0
   applied-forces:
     electric-field:
       x:
         E0                       = 0
         omega                    = 0
         t0                       = 0
         sigma                    = 0
       y:
         E0                       = 0
         omega                    = 0
         t0                       = 0
         sigma                    = 0
       z:
         E0                       = 0
         omega                    = 0
         t0                       = 0
         sigma                    = 0
     density-guided-simulation:
       active                     = false
       group                      = protein
       similarity-measure         = inner-product
       atom-spreading-weight      = unity
       force-constant             = 1e+09
       gaussian-transform-spreading-width = 0.2
       gaussian-transform-spreading-range-in-multiples-of-width = 4
       reference-density-filename = reference.mrc
       nst                        = 1
       normalize-densities        = true
       adaptive-force-scaling     = false
       adaptive-force-scaling-time-constant = 4
       shift-vector               = 
       transformation-matrix      = 
     qmmm-cp2k:
       active                     = false
       qmgroup                    = System
       qmmethod                   = PBE
       qmfilenames                = 
       qmcharge                   = 0
       qmmultiplicity             = 1
     colvars:
       active                     = false
       configfile                 = 
       seed                       = -1
grpopts:
   nrdf:         115
   ref-t:           0
   tau-t:           0
annealing:          No
annealing-npoints:           0
   acc:	           0           0           0
   nfreeze:           N           N           N
   energygrp-flags[  0]: 0


For optimal performance with a GPU nstlist (now 10) should be larger.
The optimum depends on your CPU and GPU resources.
You might want to try several nstlist values.
Can not increase nstlist because an NVE ensemble is used
Update groups can not be used for this system because atoms that are (in)directly constrained together are interdispersed with other atoms

1 GPU selected for this run.
Mapping of GPU IDs to the 2 GPU tasks in the 1 rank on this node:
  PP:0,PME:0
PP tasks will do (non-perturbed) short-ranged interactions on the GPU
PP task will update and constrain coordinates on the GPU
PME tasks will do all aspects on the GPU
Using 1 MPI thread
Using 12 OpenMP threads 

System total charge: -0.000
Will do PME sum in reciprocal space for electrostatic interactions.

++++ PLEASE READ AND CITE THE FOLLOWING REFERENCE ++++
U. Essmann, L. Perera, M. L. Berkowitz, T. Darden, H. Lee and L. G. Pedersen 
A smooth particle mesh Ewald method
J. Chem. Phys. 103 (1995) pp. 8577-8592
-------- -------- --- Thank You --- -------- --------

Using a Gaussian width (1/beta) of 0.352179 nm for Ewald
Potential shift: LJ r^-12: -1.730e+00 r^-6: -1.335e+00, Ewald -9.091e-06
Initialized non-bonded Coulomb Ewald tables, spacing: 9.79e-04 size: 1126

Generated table with 1050 data points for 1-4 COUL.
Tabscale = 500 points/nm
Generated table with 1050 data points for 1-4 LJ6.
Tabscale = 500 points/nm
Generated table with 1050 data points for 1-4 LJ12.
Tabscale = 500 points/nm
Long Range LJ corr.: <C6> 8.3688e-04


Using GPU 8x8 nonbonded short-range kernels

Using a 8x8 pair-list setup:
  updated every 10 steps, buffer 0.000 nm, rlist 1.100 nm

The average pressure is off by at most 0.00 bar due to missing LJ interactions
Removing pbc first time

NOTE: The number of threads is not equal to the number of (logical) cpus
      and the -pin option is set to auto: will not pin threads to cpus.
      This can lead to significant performance degradation.
      Consider using -pin on (and -pinoffset in case you run multiple jobs).

Initializing LINear Constraint Solver

++++ PLEASE READ AND CITE THE FOLLOWING REFERENCE ++++
B. Hess and H. Bekker and H. J. C. Berendsen and J. G. E. M. Fraaije
LINCS: A Linear Constraint Solver for molecular simulations
J. Comp. Chem. 18 (1997) pp. 1463-1472
-------- -------- --- Thank You --- -------- --------

The number of constraints is 20
There are: 46 Atoms

Updating coordinates and applying constraints on the GPU.

Constraining the starting coordinates (step 0)

Constraining the coordinates at t0-dt (step 0)
Center of mass motion removal mode is Linear
We have the following groups for center of mass motion removal:
  0:  rest
RMS relative constraint deviation after constraining: 2.68e-06
Initial temperature: 303.501 K

Started mdrun on rank 0 Wed Apr  9 15:26:43 2025

           Step           Time
              0        0.00000

   Energies (kJ/mol)
           Bond          Angle    Proper Dih. Per. Imp. Dih.          LJ-14
    1.20214e+01    3.98544e+01    6.52373e+01    1.94310e+00    6.22102e+01
     Coulomb-14        LJ (SR)  Disper. corr.   Coulomb (SR)   Coul. recip.
   -4.41789e+02   -1.44314e+01    2.45688e-02    2.67362e+02    2.27561e+01
      Potential    Kinetic En.   Total Energy    Temperature Pres. DC (bar)
    1.51882e+01    1.45428e+02    1.60616e+02    3.04190e+02   -2.46917e-06
 Pressure (bar)   Constr. rmsd
    1.65789e-01    2.67790e-06

           Step           Time
           1000        1.00000

   Energies (kJ/mol)
           Bond          Angle    Proper Dih. Per. Imp. Dih.          LJ-14
    2.51635e+01    7.01321e+01    8.85346e+01    1.57991e+00    6.85984e+01
     Coulomb-14        LJ (SR)  Disper. corr.   Coulomb (SR)   Coul. recip.
   -4.56560e+02   -1.39362e+01    2.45688e-02    2.76896e+02    2.41839e+01
      Potential    Kinetic En.   Total Energy    Temperature Pres. DC (bar)
    8.46175e+01    7.74034e+01    1.62021e+02    1.61904e+02   -2.46917e-06
 Pressure (bar)   Constr. rmsd
    4.85453e-01    2.67790e-06

           Step           Time
           2000        2.00000

   Energies (kJ/mol)
           Bond          Angle    Proper Dih. Per. Imp. Dih.          LJ-14
    3.04327e+01    6.77693e+01    9.02759e+01    3.18831e+00    6.09728e+01
     Coulomb-14        LJ (SR)  Disper. corr.   Coulomb (SR)   Coul. recip.
   -4.48032e+02   -1.88502e+01    2.45688e-02    2.69995e+02    2.44759e+01
      Potential    Kinetic En.   Total Energy    Temperature Pres. DC (bar)
    8.02528e+01    8.16181e+01    1.61871e+02    1.70720e+02   -2.46917e-06
 Pressure (bar)   Constr. rmsd
   -3.61806e-01    2.67790e-06

           Step           Time
           3000        3.00000

   Energies (kJ/mol)
           Bond          Angle    Proper Dih. Per. Imp. Dih.          LJ-14
    3.03437e+01    6.18785e+01    8.71705e+01    6.43428e+00    6.85310e+01
     Coulomb-14        LJ (SR)  Disper. corr.   Coulomb (SR)   Coul. recip.
   -4.49979e+02   -1.57862e+01    2.45688e-02    2.66412e+02    2.28612e+01
      Potential    Kinetic En.   Total Energy    Temperature Pres. DC (bar)
    7.78902e+01    8.39531e+01    1.61843e+02    1.75604e+02   -2.46917e-06
 Pressure (bar)   Constr. rmsd
    6.13661e-01    2.67790e-06

           Step           Time
           4000        4.00000

   Energies (kJ/mol)
           Bond          Angle    Proper Dih. Per. Imp. Dih.          LJ-14
    3.21454e+01    7.73442e+01    8.76021e+01    3.31759e+00    5.60518e+01
     Coulomb-14        LJ (SR)  Disper. corr.   Coulomb (SR)   Coul. recip.
   -4.22886e+02   -2.18239e+01    2.45688e-02    2.59221e+02    2.37369e+01
      Potential    Kinetic En.   Total Energy    Temperature Pres. DC (bar)
    9.47334e+01    6.74702e+01    1.62204e+02    1.41127e+02   -2.46917e-06
 Pressure (bar)   Constr. rmsd
   -1.23949e-01    2.67790e-06

step 4150: timed with pme grid 96 96 96, coulomb cutoff 1.100: 17.9 M-cycles
step 4170: timed with pme grid 80 80 80, coulomb cutoff 1.179: 11.0 M-cycles
step 4190: timed with pme grid 72 72 72, coulomb cutoff 1.310: 8.4 M-cycles
step 4210: timed with pme grid 64 64 64, coulomb cutoff 1.474: 6.5 M-cycles
step 4210: the maximum allowed grid scaling limits the PME load balancing to a coulomb cut-off of 1.572
step 4230: timed with pme grid 60 60 60, coulomb cutoff 1.572: 5.3 M-cycles
              optimal pme grid 60 60 60, coulomb cutoff 1.572
           Step           Time
           5000        5.00000

   Energies (kJ/mol)
           Bond          Angle    Proper Dih. Per. Imp. Dih.          LJ-14
    1.41804e+01    6.77852e+01    8.66234e+01    4.12552e+00    6.99364e+01
     Coulomb-14        LJ (SR)  Disper. corr.   Coulomb (SR)   Coul. recip.
   -4.37115e+02   -2.00132e+01    2.45688e-02    2.77485e+02    1.14099e+01
      Potential    Kinetic En.   Total Energy    Temperature Pres. DC (bar)
    7.44421e+01    8.78141e+01    1.62256e+02    1.83680e+02   -2.46917e-06
 Pressure (bar)   Constr. rmsd
    8.02218e-01    2.67790e-06

           Step           Time
           6000        6.00000

   Energies (kJ/mol)
           Bond          Angle    Proper Dih. Per. Imp. Dih.          LJ-14
    3.33866e+01    8.09688e+01    9.22007e+01    2.31087e+00    6.07051e+01
     Coulomb-14        LJ (SR)  Disper. corr.   Coulomb (SR)   Coul. recip.
   -4.38921e+02   -1.98736e+01    2.45688e-02    2.81303e+02    1.10181e+01
      Potential    Kinetic En.   Total Energy    Temperature Pres. DC (bar)
    1.03123e+02    5.98241e+01    1.62947e+02    1.25134e+02   -2.46917e-06
 Pressure (bar)   Constr. rmsd
   -1.35110e-01    2.67790e-06

           Step           Time
           7000        7.00000

   Energies (kJ/mol)
           Bond          Angle    Proper Dih. Per. Imp. Dih.          LJ-14
    1.82960e+01    8.29324e+01    7.86075e+01    1.44078e+00    6.34504e+01
     Coulomb-14        LJ (SR)  Disper. corr.   Coulomb (SR)   Coul. recip.
   -4.55264e+02   -1.10836e+01    2.45688e-02    2.92620e+02    1.00612e+01
      Potential    Kinetic En.   Total Energy    Temperature Pres. DC (bar)
    8.10848e+01    8.17581e+01    1.62843e+02    1.71013e+02   -2.46917e-06
 Pressure (bar)   Constr. rmsd
    3.30597e-01    2.67790e-06

           Step           Time
           8000        8.00000

   Energies (kJ/mol)
           Bond          Angle    Proper Dih. Per. Imp. Dih.          LJ-14
    2.42772e+01    7.27377e+01    8.41770e+01    2.77902e+00    6.68852e+01
     Coulomb-14        LJ (SR)  Disper. corr.   Coulomb (SR)   Coul. recip.
   -4.47734e+02   -2.24804e+01    2.45688e-02    2.81059e+02    1.13314e+01
      Potential    Kinetic En.   Total Energy    Temperature Pres. DC (bar)
    7.30566e+01    8.94239e+01    1.62480e+02    1.87047e+02   -2.46917e-06
 Pressure (bar)   Constr. rmsd
    5.95005e-01    2.67790e-06

           Step           Time
           9000        9.00000

   Energies (kJ/mol)
           Bond          Angle    Proper Dih. Per. Imp. Dih.          LJ-14
    1.76421e+01    7.21484e+01    6.79962e+01    4.84080e+00    6.41887e+01
     Coulomb-14        LJ (SR)  Disper. corr.   Coulomb (SR)   Coul. recip.
   -4.18815e+02   -1.85274e+01    2.45688e-02    2.70209e+02    1.05754e+01
      Potential    Kinetic En.   Total Energy    Temperature Pres. DC (bar)
    7.02828e+01    9.23606e+01    1.62643e+02    1.93190e+02   -2.46917e-06
 Pressure (bar)   Constr. rmsd
    3.53176e-01    2.67790e-06

           Step           Time
          10000       10.00000

Writing checkpoint, step 10000 at Wed Apr  9 15:26:57 2025


   Energies (kJ/mol)
           Bond          Angle    Proper Dih. Per. Imp. Dih.          LJ-14
    2.94940e+01    6.47467e+01    7.78227e+01    1.46144e+00    5.00252e+01
     Coulomb-14        LJ (SR)  Disper. corr.   Coulomb (SR)   Coul. recip.
   -4.20230e+02   -1.84485e+01    2.45688e-02    2.72595e+02    1.13918e+01
      Potential    Kinetic En.   Total Energy    Temperature Pres. DC (bar)
    6.88827e+01    9.37028e+01    1.62585e+02    1.95997e+02   -2.46917e-06
 Pressure (bar)   Constr. rmsd
   -2.22172e-01    2.67790e-06


Energy conservation over simulation part #1 of length 10 ps, time 0 to 10 ps
  Conserved energy drift: 4.28e-03 kJ/mol/ps per atom


	<======  ###############  ==>
	<====  A V E R A G E S  ====>
	<==  ###############  ======>

	Statistics over 10001 steps using 101 frames

   Energies (kJ/mol)
           Bond          Angle    Proper Dih. Per. Imp. Dih.          LJ-14
    2.95399e+01    7.28842e+01    8.26363e+01    2.86779e+00    6.21538e+01
     Coulomb-14        LJ (SR)  Disper. corr.   Coulomb (SR)   Coul. recip.
   -4.42822e+02   -1.82802e+01    2.45688e-02    2.76128e+02    1.62467e+01
      Potential    Kinetic En.   Total Energy    Temperature Pres. DC (bar)
    8.13786e+01    8.09989e+01    1.62378e+02    1.69425e+02   -2.46917e-06
 Pressure (bar)   Constr. rmsd
    1.02324e-02    0.00000e+00

   Total Virial (kJ/mol)
    2.44053e+00    3.47043e+00   -6.30219e+00
    3.47056e+00    4.92929e+01    4.42599e+00
   -6.30220e+00    4.42568e+00    2.22568e+01

   Pressure (bar)
    1.08845e-01   -1.19956e-02    2.96165e-02
   -1.19962e-02   -1.00405e-01   -2.21664e-02
    2.96165e-02   -2.21650e-02    2.22575e-02


       P P   -   P M E   L O A D   B A L A N C I N G

 NOTE: The PP/PME load balancing was limited by the maximum allowed grid scaling,
       you might not have reached a good load balance.

 PP/PME load balancing changed the cut-off and PME settings:
           particle-particle                    PME
            rcoulomb  rlist            grid      spacing   1/beta
   initial  1.100 nm  1.100 nm      96  96  96   0.223 nm  0.352 nm
   final    1.572 nm  1.572 nm      60  60  60   0.357 nm  0.503 nm
 cost-ratio           2.92             0.24
 (note that these numbers concern only part of the total PP and PME load)


	M E G A - F L O P S   A C C O U N T I N G

 NB=Group-cutoff nonbonded kernels    NxN=N-by-N cluster Verlet kernels
 RF=Reaction-Field  VdW=Van der Waals  QSTab=quadratic-spline table
 W3=SPC/TIP3p  W4=TIP4p (single or pairs)
 V&F=Potential and force  V=Potential only  F=Force only

 Computing:                               M-Number         M-Flops  % Flops
-----------------------------------------------------------------------------
 Pair Search distance check               0.384384           3.459     0.2
 NxN Ewald Elec. + LJ [F]                13.305600        1037.837    63.7
 NxN Ewald Elec. + LJ [V&F]               0.135744          17.511     1.1
 1,4 nonbonded interactions               1.190119         107.111     6.6
 Shift-X                                  0.046046           0.276     0.0
 Bonds                                    0.290029          17.112     1.1
 Angles                                   0.890089         149.535     9.2
 Propers                                  1.180118         270.247    16.6
 Impropers                                0.120012          24.962     1.5
 Virial                                   0.009191           0.165     0.0
 Stop-CM                                  0.004692           0.047     0.0
 Calc-Ekin                                0.009292           0.251     0.0
 Lincs                                    0.000040           0.002     0.0
 Lincs-Mat                                0.000264           0.001     0.0
 Constraint-V                             0.000040           0.000     0.0
-----------------------------------------------------------------------------
 Total                                                    1628.517   100.0
-----------------------------------------------------------------------------


      R E A L   C Y C L E   A N D   T I M E   A C C O U N T I N G

On 1 MPI rank, each using 12 OpenMP threads

 Activity:              Num   Num      Call    Wall time         Giga-Cycles
                        Ranks Threads  Count      (s)         total sum    %
--------------------------------------------------------------------------------
 Neighbor search           1   12       1001       0.121          2.472   0.8
 Launch PP GPU ops.        1   12      19001       0.675         13.734   4.6
 Force                     1   12      10001       0.394          8.022   2.7
 PME GPU mesh              1   12      10001       0.800         16.279   5.5
 Wait GPU NB local         1   12      10001       0.005          0.095   0.0
 Wait GPU state copy       1   12      12403       4.835         98.411  33.2
 NB X/F buffer ops.        1   12        101       0.001          0.022   0.0
 Write traj.               1   12       1001       0.315          6.405   2.2
 Constraints               1   12          2       0.000          0.004   0.0
 Rest                                              7.438        151.378  51.0
--------------------------------------------------------------------------------
 Total                                            14.584        296.823 100.0
--------------------------------------------------------------------------------
 Breakdown of PME mesh activities
--------------------------------------------------------------------------------
 Wait PME GPU gather       1   12      10001       0.045          0.911   0.3
 Reduce GPU PME F          1   12      10001       0.001          0.028   0.0
 Launch PME GPU ops.       1   12      80014       0.728         14.812   5.0
--------------------------------------------------------------------------------

               Core t (s)   Wall t (s)        (%)
       Time:      174.890       14.584     1199.2
                 (ns/day)    (hour/ns)
Performance:       59.247        0.405
Finished mdrun on rank 0 Wed Apr  9 15:26:57 2025

