2025-10-27 10:04:22,725 [MainThread  ] [INFO ]  Module: biobb_gromacs.gromacs.make_ndx Version: 5.1.1
2025-10-27 10:04:22,728 [MainThread  ] [INFO ]  /host_pwd/cipparc2018C/sandbox_e387fd84-d641-4f44-a1c6-a8dc2a1eab70 directory successfully created
2025-10-27 10:04:22,851 [MainThread  ] [INFO ]  Copy: prot_cipparc2018C_CIP_min.gro to /host_pwd/cipparc2018C/sandbox_e387fd84-d641-4f44-a1c6-a8dc2a1eab70
2025-10-27 10:04:22,854 [MainThread  ] [INFO ]  Copy: /host_pwd/cipparc2018C/1865b00b-087d-43aa-87ff-84f080ec05e3.stdin to /host_pwd/cipparc2018C/sandbox_e387fd84-d641-4f44-a1c6-a8dc2a1eab70
2025-10-27 10:04:22,854 [MainThread  ] [INFO ]  gmx -nobackup -nocopyright make_ndx -f /host_pwd/cipparc2018C/sandbox_e387fd84-d641-4f44-a1c6-a8dc2a1eab70/prot_cipparc2018C_CIP_min.gro -o /host_pwd/cipparc2018C/sandbox_e387fd84-d641-4f44-a1c6-a8dc2a1eab70/prot_cipparc2018C_CIP_index.ndx < /host_pwd/cipparc2018C/sandbox_e387fd84-d641-4f44-a1c6-a8dc2a1eab70/1865b00b-087d-43aa-87ff-84f080ec05e3.stdin

2025-10-27 10:04:27,773 [MainThread  ] [INFO ]  Executing: gmx -nobackup -nocopyright make_ndx -f /host_pwd/cipparc2018C/sandbox_e387fd84-d...
2025-10-27 10:04:27,774 [MainThread  ] [INFO ]  Exit code: 0
2025-10-27 10:04:27,774 [MainThread  ] [INFO ]  Going to read 0 old index file(s)
Analysing residue names:
There are:  1430    Protein residues
There are:     1      Other residues
There are: 507592      Water residues
There are:    14        Ion residues
Analysing Protein...
Analysing residues not classified as Protein/DNA/RNA/Water and splitting into groups...

  0 System              : 1545198 atoms
  1 Protein             : 22354 atoms
  2 Protein-H           : 11100 atoms
  3 C-alpha             :  1430 atoms
  4 Backbone            :  4290 atoms
  5 MainChain           :  5722 atoms
  6 MainChain+Cb        :  7036 atoms
  7 MainChain+H         :  7072 atoms
  8 SideChain           : 15282 atoms
  9 SideChain-H         :  5378 atoms
 10 Prot-Masses         : 22354 atoms
 11 non-Protein         : 1522844 atoms
 12 Other               :    54 atoms
 13 CIP                 :    54 atoms
 14 NA                  :    14 atoms
 15 Water               : 1522776 atoms
 16 SOL                 : 1522776 atoms
 17 non-Water           : 22422 atoms
 18 Ion                 :    14 atoms
 19 Water_and_ions      : 1522790 atoms

 nr : group      '!': not  'name' nr name   'splitch' nr    Enter: list groups
 'a': atom       '&': and  'del' nr         'splitres' nr   'l': list residues
 't': atom type  '|': or   'keep' nr        'splitat' nr    'h': help
 'r': residue              'res' nr         'chain' char
 "name": group             'case': case sensitive           'q': save and quit
 'ri': residue index

> 
Copied index group 1 'Protein'
Copied index group 12 'Other'
Merged two groups with OR: 22354 54 -> 22408

> 

2025-10-27 10:04:27,930 [MainThread  ] [INFO ]  Removed: ['/host_pwd/cipparc2018C/sandbox_e387fd84-d641-4f44-a1c6-a8dc2a1eab70', '/host_pwd/cipparc2018C/1865b00b-087d-43aa-87ff-84f080ec05e3.stdin']
2025-10-27 10:04:27,930 [MainThread  ] [INFO ]  
