                :-) GROMACS - gmx mdrun, 2024.5-conda_forge (-:

Copyright 1991-2024 The GROMACS Authors.
GROMACS is free software; you can redistribute it and/or modify it
under the terms of the GNU Lesser General Public License
as published by the Free Software Foundation; either version 2.1
of the License, or (at your option) any later version.

                         Current GROMACS contributors:
       Mark Abraham           Andrey Alekseenko           Vladimir Basov      
      Cathrine Bergh            Eliane Briand               Ania Brown        
      Mahesh Doijade            Giacomo Fiorin          Stefan Fleischmann    
      Sergey Gorelov         Gilles Gouaillardet            Alan Gray         
     M. Eric Irrgang         Farzaneh Jalalypour            Joe Jordan        
     Carsten Kutzner           Justin A. Lemkul          Magnus Lundborg      
       Pascal Merz              Vedran Miletic            Dmitry Morozov      
       Julien Nabet              Szilard Pall        Andrea Pasquadibisceglie 
    Michele Pellegrino          Hubert Santuz             Roland Schulz       
     Tatiana Shugaeva          Alexey Shvetsov            Philip Turner       
     Alessandra Villa      Sebastian Wingbermuehle  

                         Previous GROMACS contributors:
        Emile Apol             Rossen Apostolov           James Barnett       
        Paul Bauer          Herman J.C. Berendsen          Par Bjelkmar       
      Christian Blau          Viacheslav Bolnykh            Kevin Boyd        
    Aldert van Buuren          Carlo Camilloni           Rudi van Drunen      
      Anton Feenstra           Oliver Fleetwood            Vytas Gapsys       
       Gaurav Garg             Gerrit Groenhof            Bert de Groot       
      Anca Hamuraru           Vincent Hindriksen          Victor Holanda      
     Aleksei Iupinov          Christoph Junghans        Prashanth Kanduri     
   Dimitrios Karkoulis           Peter Kasson             Sebastian Kehl      
     Sebastian Keller             Jiri Kraus               Per Larsson        
      Viveca Lindahl            Erik Marklund           Pieter Meulenhoff     
      Teemu Murtola              Sander Pronk             Michael Shirts      
      Alfons Sijbers            Balint Soproni         David van der Spoel    
      Peter Tieleman            Carsten Uphoff             Jon Vincent        
     Teemu Virolainen         Christian Wennberg           Maarten Wolf       
      Artem Zhmurov       

                  Coordinated by the GROMACS project leaders:
                           Berk Hess and Erik Lindahl

GROMACS:      gmx mdrun, version 2024.5-conda_forge
Executable:   /usr/local/bin.AVX2_256/gmx
Data prefix:  /usr/local
Working dir:  /host_pwd/cipparc2018C/sandbox_9940732b-35d3-4447-9d97-fbf9a417cf30
Process ID:   50650
Command line:
  gmx -nobackup -nocopyright mdrun -s /host_pwd/cipparc2018C/sandbox_9940732b-35d3-4447-9d97-fbf9a417cf30/prot_cipparc2018C_CIP_gppnpt.tpr -c /host_pwd/cipparc2018C/sandbox_9940732b-35d3-4447-9d97-fbf9a417cf30/prot_cipparc2018C_CIP_npt.gro -e /host_pwd/cipparc2018C/sandbox_9940732b-35d3-4447-9d97-fbf9a417cf30/prot_cipparc2018C_CIP_npt.edr -g /host_pwd/cipparc2018C/sandbox_9940732b-35d3-4447-9d97-fbf9a417cf30/prot_cipparc2018C_CIP_npt.log -o /host_pwd/cipparc2018C/sandbox_9940732b-35d3-4447-9d97-fbf9a417cf30/prot_cipparc2018C_CIP_npt.trr -cpo /host_pwd/cipparc2018C/sandbox_9940732b-35d3-4447-9d97-fbf9a417cf30/prot_cipparc2018C_CIP_npt.cpt

GROMACS version:     2024.5-conda_forge
Precision:           mixed
Memory model:        64 bit
MPI library:         thread_mpi
OpenMP support:      enabled (GMX_OPENMP_MAX_THREADS = 128)
GPU support:         CUDA
NBNxM GPU setup:     super-cluster 2x2x2 / cluster 8
SIMD instructions:   AVX2_256
CPU FFT library:     fftw-3.3.10-sse2-avx
GPU FFT library:     cuFFT
Multi-GPU FFT:       none
RDTSCP usage:        disabled
TNG support:         enabled
Hwloc support:       disabled
Tracing support:     disabled
C compiler:          /home/conda/feedstock_root/build_artifacts/gromacs_1737880200488/_build_env/bin/x86_64-conda-linux-gnu-cc GNU 11.4.0
C compiler flags:    -fexcess-precision=fast -funroll-all-loops -mavx2 -mfma -Wno-missing-field-initializers -O3 -DNDEBUG
C++ compiler:        /home/conda/feedstock_root/build_artifacts/gromacs_1737880200488/_build_env/bin/x86_64-conda-linux-gnu-c++ GNU 11.4.0
C++ compiler flags:  -fexcess-precision=fast -funroll-all-loops -mavx2 -mfma -Wno-missing-field-initializers -Wno-cast-function-type-strict SHELL:-fopenmp -O3 -DNDEBUG
BLAS library:        Internal
LAPACK library:      Internal
CUDA compiler:       /usr/local/cuda/bin/nvcc nvcc: NVIDIA (R) Cuda compiler driver;Copyright (c) 2005-2022 NVIDIA Corporation;Built on Wed_Sep_21_10:33:58_PDT_2022;Cuda compilation tools, release 11.8, V11.8.89;Build cuda_11.8.r11.8/compiler.31833905_0
CUDA compiler flags:-std=c++17;--generate-code=arch=compute_35,code=sm_35;--generate-code=arch=compute_37,code=sm_37;--generate-code=arch=compute_50,code=sm_50;--generate-code=arch=compute_52,code=sm_52;--generate-code=arch=compute_60,code=sm_60;--generate-code=arch=compute_61,code=sm_61;--generate-code=arch=compute_70,code=sm_70;--generate-code=arch=compute_75,code=sm_75;--generate-code=arch=compute_80,code=sm_80;--generate-code=arch=compute_86,code=sm_86;--generate-code=arch=compute_89,code=sm_89;--generate-code=arch=compute_90,code=sm_90;-Wno-deprecated-gpu-targets;--generate-code=arch=compute_53,code=sm_53;--generate-code=arch=compute_80,code=sm_80;-use_fast_math;-Xptxas;-warn-double-usage;-Xptxas;-Werror;;-Xcompiler;-fopenmp;-fexcess-precision=fast -funroll-all-loops -mavx2 -mfma -Wno-missing-field-initializers -Wno-cast-function-type-strict SHELL:-fopenmp -O3 -DNDEBUG
CUDA driver:         11.70
CUDA runtime:        11.80


Running on 1 node with total 32 cores, 64 processing units, 1 compatible GPU
Hardware detected on host kuhpcgn2:
  CPU info:
    Vendor: Intel
    Brand:  Intel(R) Xeon(R) Silver 4216 CPU @ 2.10GHz
    Family: 6   Model: 85   Stepping: 7
    Features: aes apic avx avx2 avx512f avx512cd avx512bw avx512vl clfsh cmov cx8 cx16 f16c fma hle htt intel lahf mmx msr nonstop_tsc pcid pclmuldq pdcm pdpe1gb popcnt pse rdrnd rdtscp rtm sse2 sse3 sse4.1 sse4.2 ssse3 tdt x2apic
    Number of AVX-512 FMA units: 1 (For Intel, AVX2 is faster w/o 2 AVX-512 FMA units)
  Hardware topology: Basic
    Packages, cores, and logical processors:
    [indices refer to OS logical processors]
      Package  0: [   0  32] [   1  33] [   2  34] [   3  35] [   4  36] [   5  37] [   6  38] [   7  39] [   8  40] [   9  41] [  10  42] [  11  43] [  12  44] [  13  45] [  14  46] [  15  47]
      Package  1: [  16  48] [  17  49] [  18  50] [  19  51] [  20  52] [  21  53] [  22  54] [  23  55] [  24  56] [  25  57] [  26  58] [  27  59] [  28  60] [  29  61] [  30  62] [  31  63]
    CPU limit set by OS: -1   Recommended max number of threads: 64
  GPU info:
    Number of GPUs detected: 1
    #0: NVIDIA Tesla V100-PCIE-32GB, compute cap.: 7.0, ECC: yes, stat: compatible

The current CPU can measure timings more accurately than the code in
gmx mdrun was configured to use. This might affect your simulation
speed as accurate timings are needed for load-balancing.
Please consider rebuilding gmx mdrun with the GMX_USE_RDTSCP=ON CMake option.

++++ PLEASE READ AND CITE THE FOLLOWING REFERENCE ++++
M. J. Abraham, T. Murtola, R. Schulz, S. Páll, J. C. Smith, B. Hess, E.
Lindahl
GROMACS: High performance molecular simulations through multi-level
parallelism from laptops to supercomputers
SoftwareX 1 (2015) pp. 19-25
-------- -------- --- Thank You --- -------- --------


++++ PLEASE READ AND CITE THE FOLLOWING REFERENCE ++++
S. Páll, M. J. Abraham, C. Kutzner, B. Hess, E. Lindahl
Tackling Exascale Software Challenges in Molecular Dynamics Simulations with
GROMACS
In S. Markidis & E. Laure (Eds.), Solving Software Challenges for Exascale 8759 (2015) pp. 3-27
-------- -------- --- Thank You --- -------- --------


++++ PLEASE READ AND CITE THE FOLLOWING REFERENCE ++++
S. Pronk, S. Páll, R. Schulz, P. Larsson, P. Bjelkmar, R. Apostolov, M. R.
Shirts, J. C. Smith, P. M. Kasson, D. van der Spoel, B. Hess, and E. Lindahl
GROMACS 4.5: a high-throughput and highly parallel open source molecular
simulation toolkit
Bioinformatics 29 (2013) pp. 845-54
-------- -------- --- Thank You --- -------- --------


++++ PLEASE READ AND CITE THE FOLLOWING REFERENCE ++++
B. Hess and C. Kutzner and D. van der Spoel and E. Lindahl
GROMACS 4: Algorithms for highly efficient, load-balanced, and scalable
molecular simulation
J. Chem. Theory Comput. 4 (2008) pp. 435-447
-------- -------- --- Thank You --- -------- --------


++++ PLEASE READ AND CITE THE FOLLOWING REFERENCE ++++
D. van der Spoel, E. Lindahl, B. Hess, G. Groenhof, A. E. Mark and H. J. C.
Berendsen
GROMACS: Fast, Flexible and Free
J. Comp. Chem. 26 (2005) pp. 1701-1719
-------- -------- --- Thank You --- -------- --------


++++ PLEASE READ AND CITE THE FOLLOWING REFERENCE ++++
E. Lindahl and B. Hess and D. van der Spoel
GROMACS 3.0: A package for molecular simulation and trajectory analysis
J. Mol. Mod. 7 (2001) pp. 306-317
-------- -------- --- Thank You --- -------- --------


++++ PLEASE READ AND CITE THE FOLLOWING REFERENCE ++++
H. J. C. Berendsen, D. van der Spoel and R. van Drunen
GROMACS: A message-passing parallel molecular dynamics implementation
Comp. Phys. Comm. 91 (1995) pp. 43-56
-------- -------- --- Thank You --- -------- --------

Input Parameters:
   integrator                     = md
   tinit                          = 0
   dt                             = 0.002
   nsteps                         = 50000
   init-step                      = 0
   simulation-part                = 1
   mts                            = false
   mass-repartition-factor        = 1
   comm-mode                      = Linear
   nstcomm                        = 100
   bd-fric                        = 0
   ld-seed                        = -1084507299
   emtol                          = 10
   emstep                         = 0.01
   niter                          = 20
   fcstep                         = 0
   nstcgsteep                     = 1000
   nbfgscorr                      = 10
   rtpi                           = 0.05
   nstxout                        = 500
   nstvout                        = 500
   nstfout                        = 0
   nstlog                         = 500
   nstcalcenergy                  = 100
   nstenergy                      = 500
   nstxout-compressed             = 1000
   compressed-x-precision         = 1000
   cutoff-scheme                  = Verlet
   nstlist                        = 10
   pbc                            = xyz
   periodic-molecules             = false
   verlet-buffer-tolerance        = 0.005
   verlet-buffer-pressure-tolerance = 0.5
   rlist                          = 1
   coulombtype                    = PME
   coulomb-modifier               = Potential-shift
   rcoulomb-switch                = 0
   rcoulomb                       = 1
   epsilon-r                      = 1
   epsilon-rf                     = inf
   vdw-type                       = Cut-off
   vdw-modifier                   = Potential-shift
   rvdw-switch                    = 0
   rvdw                           = 1
   DispCorr                       = EnerPres
   table-extension                = 1
   fourierspacing                 = 0.12
   fourier-nx                     = 240
   fourier-ny                     = 240
   fourier-nz                     = 240
   pme-order                      = 4
   ewald-rtol                     = 1e-05
   ewald-rtol-lj                  = 0.001
   lj-pme-comb-rule               = Geometric
   ewald-geometry                 = 3d
   epsilon-surface                = 0
   ensemble-temperature-setting   = constant
   ensemble-temperature           = 300
   tcoupl                         = V-rescale
   nsttcouple                     = 10
   nh-chain-length                = 0
   print-nose-hoover-chain-variables = false
   pcoupl                         = Parrinello-Rahman
   pcoupltype                     = Isotropic
   nstpcouple                     = 25
   tau-p                          = 1
   compressibility (3x3):
      compressibility[    0]={ 4.50000e-05,  0.00000e+00,  0.00000e+00}
      compressibility[    1]={ 0.00000e+00,  4.50000e-05,  0.00000e+00}
      compressibility[    2]={ 0.00000e+00,  0.00000e+00,  4.50000e-05}
   ref-p (3x3):
      ref-p[    0]={ 1.00000e+00,  0.00000e+00,  0.00000e+00}
      ref-p[    1]={ 0.00000e+00,  1.00000e+00,  0.00000e+00}
      ref-p[    2]={ 0.00000e+00,  0.00000e+00,  1.00000e+00}
   refcoord-scaling               = COM
   posres-com (3):
      posres-com[0]= 5.00440e-01
      posres-com[1]= 4.99598e-01
      posres-com[2]= 5.00934e-01
   posres-comB (3):
      posres-comB[0]= 5.00440e-01
      posres-comB[1]= 4.99598e-01
      posres-comB[2]= 5.00934e-01
   QMMM                           = false
qm-opts:
   ngQM                           = 0
   constraint-algorithm           = Lincs
   continuation                   = true
   Shake-SOR                      = false
   shake-tol                      = 0.0001
   lincs-order                    = 4
   lincs-iter                     = 1
   lincs-warnangle                = 30
   nwall                          = 0
   wall-type                      = 9-3
   wall-r-linpot                  = -1
   wall-atomtype[0]               = -1
   wall-atomtype[1]               = -1
   wall-density[0]                = 0
   wall-density[1]                = 0
   wall-ewald-zfac                = 3
   pull                           = false
   awh                            = false
   rotation                       = false
   interactiveMD                  = false
   disre                          = No
   disre-weighting                = Conservative
   disre-mixed                    = false
   dr-fc                          = 1000
   dr-tau                         = 0
   nstdisreout                    = 100
   orire-fc                       = 0
   orire-tau                      = 0
   nstorireout                    = 100
   free-energy                    = no
   cos-acceleration               = 0
   deform (3x3):
      deform[    0]={ 0.00000e+00,  0.00000e+00,  0.00000e+00}
      deform[    1]={ 0.00000e+00,  0.00000e+00,  0.00000e+00}
      deform[    2]={ 0.00000e+00,  0.00000e+00,  0.00000e+00}
   simulated-tempering            = false
   swapcoords                     = no
   userint1                       = 0
   userint2                       = 0
   userint3                       = 0
   userint4                       = 0
   userreal1                      = 0
   userreal2                      = 0
   userreal3                      = 0
   userreal4                      = 0
   applied-forces:
     electric-field:
       x:
         E0                       = 0
         omega                    = 0
         t0                       = 0
         sigma                    = 0
       y:
         E0                       = 0
         omega                    = 0
         t0                       = 0
         sigma                    = 0
       z:
         E0                       = 0
         omega                    = 0
         t0                       = 0
         sigma                    = 0
     density-guided-simulation:
       active                     = false
       group                      = protein
       similarity-measure         = inner-product
       atom-spreading-weight      = unity
       force-constant             = 1e+09
       gaussian-transform-spreading-width = 0.2
       gaussian-transform-spreading-range-in-multiples-of-width = 4
       reference-density-filename = reference.mrc
       nst                        = 1
       normalize-densities        = true
       adaptive-force-scaling     = false
       adaptive-force-scaling-time-constant = 4
       shift-vector               = 
       transformation-matrix      = 
     qmmm-cp2k:
       active                     = false
       qmgroup                    = System
       qmmethod                   = PBE
       qmfilenames                = 
       qmcharge                   = 0
       qmmultiplicity             = 1
     colvars:
       active                     = false
       configfile                 = 
       seed                       = -1
grpopts:
   nrdf:     55939.9  3.04559e+06
   ref-t:         300         300
   tau-t:         0.1         0.1
annealing:          No          No
annealing-npoints:           0           0
   acc:	           0           0           0
   nfreeze:           N           N           N
   energygrp-flags[  0]: 0

Changing nstlist from 10 to 100, rlist from 1 to 1.171


Update groups can not be used for this system because atoms that are (in)directly constrained together are interdispersed with other atoms

1 GPU selected for this run.
Mapping of GPU IDs to the 2 GPU tasks in the 1 rank on this node:
  PP:0,PME:0
PP tasks will do (non-perturbed) short-ranged interactions on the GPU
PP task will update and constrain coordinates on the GPU
PME tasks will do all aspects on the GPU
Using 1 MPI thread
Using 64 OpenMP threads 

System total charge: 0.000
Will do PME sum in reciprocal space for electrostatic interactions.

++++ PLEASE READ AND CITE THE FOLLOWING REFERENCE ++++
U. Essmann, L. Perera, M. L. Berkowitz, T. Darden, H. Lee and L. G. Pedersen 
A smooth particle mesh Ewald method
J. Chem. Phys. 103 (1995) pp. 8577-8592
-------- -------- --- Thank You --- -------- --------

Using a Gaussian width (1/beta) of 0.320163 nm for Ewald
Potential shift: LJ r^-12: -1.000e+00 r^-6: -1.000e+00, Ewald -1.000e-05
Initialized non-bonded Coulomb Ewald tables, spacing: 9.33e-04 size: 1073

Generated table with 1085 data points for 1-4 COUL.
Tabscale = 500 points/nm
Generated table with 1085 data points for 1-4 LJ6.
Tabscale = 500 points/nm
Generated table with 1085 data points for 1-4 LJ12.
Tabscale = 500 points/nm
Long Range LJ corr.: <C6> 2.9725e-04


Using GPU 8x8 nonbonded short-range kernels

Using a dual 8x8 pair-list setup updated with dynamic, rolling pruning:
  outer list: updated every 100 steps, buffer 0.171 nm, rlist 1.171 nm
  inner list: updated every  10 steps, buffer 0.003 nm, rlist 1.003 nm
At tolerance 0.005 kJ/mol/ps per atom, equivalent classical 1x1 list would be:
  outer list: updated every 100 steps, buffer 0.324 nm, rlist 1.324 nm
  inner list: updated every  10 steps, buffer 0.044 nm, rlist 1.044 nm

The average pressure is off by at most 0.44 bar due to missing LJ interactions

Using Lorentz-Berthelot Lennard-Jones combination rule

Pinning threads with an auto-selected logical cpu stride of 1

Initializing LINear Constraint Solver

++++ PLEASE READ AND CITE THE FOLLOWING REFERENCE ++++
B. Hess and H. Bekker and H. J. C. Berendsen and J. G. E. M. Fraaije
LINCS: A Linear Constraint Solver for molecular simulations
J. Comp. Chem. 18 (1997) pp. 1463-1472
-------- -------- --- Thank You --- -------- --------

The number of constraints is 11284

++++ PLEASE READ AND CITE THE FOLLOWING REFERENCE ++++
S. Miyamoto and P. A. Kollman
SETTLE: An Analytical Version of the SHAKE and RATTLE Algorithms for Rigid
Water Models
J. Comp. Chem. 13 (1992) pp. 952-962
-------- -------- --- Thank You --- -------- --------


++++ PLEASE READ AND CITE THE FOLLOWING REFERENCE ++++
G. Bussi, D. Donadio and M. Parrinello
Canonical sampling through velocity rescaling
J. Chem. Phys. 126 (2007) pp. 014101
-------- -------- --- Thank You --- -------- --------

There are: 1545198 Atoms

Updating coordinates and applying constraints on the GPU.
Center of mass motion removal mode is Linear
We have the following groups for center of mass motion removal:
  0:  rest

Started mdrun on rank 0 Mon Oct 27 10:35:38 2025

           Step           Time
              0        0.00000

   Energies (kJ/mol)
           Bond          Angle    Proper Dih. Per. Imp. Dih.          LJ-14
    1.72693e+04    4.69057e+04    5.74808e+04    2.98944e+03    2.15288e+04
     Coulomb-14        LJ (SR)  Disper. corr.   Coulomb (SR)   Coul. recip.
    2.02543e+05    4.56391e+06   -1.89019e+05   -2.87033e+07    1.27843e+05
 Position Rest.      Potential    Kinetic En.   Total Energy  Conserved En.
    1.39740e+00   -2.38518e+07    3.86848e+06   -1.99834e+07   -1.99824e+07
    Temperature Pres. DC (bar) Pressure (bar)   Constr. rmsd
    3.00027e+02   -2.00051e+02   -3.95421e+02    0.00000e+00

           Step           Time
            500        1.00000

   Energies (kJ/mol)
           Bond          Angle    Proper Dih. Per. Imp. Dih.          LJ-14
    1.74098e+04    4.74136e+04    5.71714e+04    2.86113e+03    2.15555e+04
     Coulomb-14        LJ (SR)  Disper. corr.   Coulomb (SR)   Coul. recip.
    2.01798e+05    4.64801e+06   -1.92408e+05   -2.88449e+07    1.25620e+05
 Position Rest.      Potential    Kinetic En.   Total Energy  Conserved En.
    5.38468e+03   -2.39101e+07    3.87008e+06   -2.00400e+07   -1.99806e+07
    Temperature Pres. DC (bar) Pressure (bar)   Constr. rmsd
    3.00151e+02   -2.07281e+02    2.46664e+01    0.00000e+00

step  600: timed with pme grid 240 240 240, coulomb cutoff 1.000: 9755.0 M-cycles
step  800: timed with pme grid 216 216 216, coulomb cutoff 1.054: 8453.7 M-cycles
step 1000: timed with pme grid 200 200 200, coulomb cutoff 1.139: 7795.6 M-cycles
           Step           Time
           1000        2.00000

   Energies (kJ/mol)
           Bond          Angle    Proper Dih. Per. Imp. Dih.          LJ-14
    1.72400e+04    4.73374e+04    5.73788e+04    2.87858e+03    2.14448e+04
     Coulomb-14        LJ (SR)  Disper. corr.   Coulomb (SR)   Coul. recip.
    2.02228e+05    4.63142e+06   -1.92409e+05   -2.87545e+07    4.58846e+04
 Position Rest.      Potential    Kinetic En.   Total Energy  Conserved En.
    5.38602e+03   -2.39157e+07    3.87283e+06   -2.00429e+07   -1.99802e+07
    Temperature Pres. DC (bar) Pressure (bar)   Constr. rmsd
    3.00364e+02   -2.07283e+02   -4.54438e+00    0.00000e+00

step 1200: timed with pme grid 168 168 168, coulomb cutoff 1.355: 8936.2 M-cycles
step 1400: timed with pme grid 192 192 192, coulomb cutoff 1.186: 8187.1 M-cycles
           Step           Time
           1500        3.00000

   Energies (kJ/mol)
           Bond          Angle    Proper Dih. Per. Imp. Dih.          LJ-14
    1.76580e+04    4.70383e+04    5.69894e+04    2.90100e+03    2.13057e+04
     Coulomb-14        LJ (SR)  Disper. corr.   Coulomb (SR)   Coul. recip.
    2.01931e+05    4.62903e+06   -1.92595e+05   -2.87759e+07    7.97235e+04
 Position Rest.      Potential    Kinetic En.   Total Energy  Conserved En.
    5.43691e+03   -2.39065e+07    3.86839e+06   -2.00381e+07   -1.99800e+07
    Temperature Pres. DC (bar) Pressure (bar)   Constr. rmsd
    3.00020e+02   -2.07683e+02    1.89241e+01    0.00000e+00

step 1600: timed with pme grid 200 200 200, coulomb cutoff 1.139: 8693.0 M-cycles
step 1800: timed with pme grid 208 208 208, coulomb cutoff 1.095: 7958.2 M-cycles
step 2000: timed with pme grid 216 216 216, coulomb cutoff 1.054: 6388.1 M-cycles
           Step           Time
           2000        4.00000

   Energies (kJ/mol)
           Bond          Angle    Proper Dih. Per. Imp. Dih.          LJ-14
    1.75049e+04    4.60363e+04    5.70674e+04    2.76342e+03    2.14979e+04
     Coulomb-14        LJ (SR)  Disper. corr.   Coulomb (SR)   Coul. recip.
    2.01967e+05    4.62290e+06   -1.92629e+05   -2.88191e+07    1.17772e+05
 Position Rest.      Potential    Kinetic En.   Total Energy  Conserved En.
    5.52022e+03   -2.39187e+07    3.86658e+06   -2.00522e+07   -1.99803e+07
    Temperature Pres. DC (bar) Pressure (bar)   Constr. rmsd
    2.99879e+02   -2.07758e+02   -2.09384e+01    0.00000e+00

step 2200: timed with pme grid 224 224 224, coulomb cutoff 1.017: 7802.8 M-cycles
step 2400: timed with pme grid 216 216 216, coulomb cutoff 1.054: 7320.6 M-cycles
              optimal pme grid 216 216 216, coulomb cutoff 1.054
           Step           Time
           2500        5.00000

   Energies (kJ/mol)
           Bond          Angle    Proper Dih. Per. Imp. Dih.          LJ-14
    1.71579e+04    4.66319e+04    5.73096e+04    2.79588e+03    2.16747e+04
     Coulomb-14        LJ (SR)  Disper. corr.   Coulomb (SR)   Coul. recip.
    2.01921e+05    4.61990e+06   -1.92633e+05   -2.87913e+07    1.03780e+05
 Position Rest.      Potential    Kinetic En.   Total Energy  Conserved En.
    5.60126e+03   -2.39071e+07    3.86825e+06   -2.00389e+07   -1.99801e+07
    Temperature Pres. DC (bar) Pressure (bar)   Constr. rmsd
    3.00009e+02   -2.07766e+02   -1.95928e+01    0.00000e+00

           Step           Time
           3000        6.00000

   Energies (kJ/mol)
           Bond          Angle    Proper Dih. Per. Imp. Dih.          LJ-14
    1.73741e+04    4.70326e+04    5.71920e+04    2.74360e+03    2.14192e+04
     Coulomb-14        LJ (SR)  Disper. corr.   Coulomb (SR)   Coul. recip.
    2.01681e+05    4.63021e+06   -1.92748e+05   -2.88046e+07    1.03643e+05
 Position Rest.      Potential    Kinetic En.   Total Energy  Conserved En.
    5.56486e+03   -2.39105e+07    3.87069e+06   -2.00398e+07   -1.99800e+07
    Temperature Pres. DC (bar) Pressure (bar)   Constr. rmsd
    3.00198e+02   -2.08012e+02    2.31582e+01    0.00000e+00

           Step           Time
           3500        7.00000

   Energies (kJ/mol)
           Bond          Angle    Proper Dih. Per. Imp. Dih.          LJ-14
    1.70450e+04    4.60270e+04    5.73789e+04    2.83546e+03    2.14302e+04
     Coulomb-14        LJ (SR)  Disper. corr.   Coulomb (SR)   Coul. recip.
    2.02147e+05    4.62664e+06   -1.92549e+05   -2.88021e+07    1.03958e+05
 Position Rest.      Potential    Kinetic En.   Total Energy  Conserved En.
    5.58553e+03   -2.39116e+07    3.86064e+06   -2.00510e+07   -1.99800e+07
    Temperature Pres. DC (bar) Pressure (bar)   Constr. rmsd
    2.99419e+02   -2.07585e+02    1.33595e+00    0.00000e+00

           Step           Time
           4000        8.00000

   Energies (kJ/mol)
           Bond          Angle    Proper Dih. Per. Imp. Dih.          LJ-14
    1.69747e+04    4.73298e+04    5.73882e+04    2.83818e+03    2.16488e+04
     Coulomb-14        LJ (SR)  Disper. corr.   Coulomb (SR)   Coul. recip.
    2.02195e+05    4.61627e+06   -1.92613e+05   -2.87945e+07    1.03398e+05
 Position Rest.      Potential    Kinetic En.   Total Energy  Conserved En.
    5.61531e+03   -2.39135e+07    3.87392e+06   -2.00395e+07   -1.99798e+07
    Temperature Pres. DC (bar) Pressure (bar)   Constr. rmsd
    3.00449e+02   -2.07723e+02   -8.27411e+00    0.00000e+00

           Step           Time
           4500        9.00000

   Energies (kJ/mol)
           Bond          Angle    Proper Dih. Per. Imp. Dih.          LJ-14
    1.70366e+04    4.71243e+04    5.71490e+04    2.75782e+03    2.12255e+04
     Coulomb-14        LJ (SR)  Disper. corr.   Coulomb (SR)   Coul. recip.
    2.01552e+05    4.62201e+06   -1.92706e+05   -2.88007e+07    1.03666e+05
 Position Rest.      Potential    Kinetic En.   Total Energy  Conserved En.
    5.64696e+03   -2.39152e+07    3.86724e+06   -2.00480e+07   -1.99798e+07
    Temperature Pres. DC (bar) Pressure (bar)   Constr. rmsd
    2.99931e+02   -2.07923e+02   -3.46582e+00    0.00000e+00

           Step           Time
           5000       10.00000

   Energies (kJ/mol)
           Bond          Angle    Proper Dih. Per. Imp. Dih.          LJ-14
    1.73152e+04    4.69490e+04    5.73365e+04    2.83274e+03    2.14217e+04
     Coulomb-14        LJ (SR)  Disper. corr.   Coulomb (SR)   Coul. recip.
    2.01775e+05    4.61986e+06   -1.92694e+05   -2.87973e+07    1.03699e+05
 Position Rest.      Potential    Kinetic En.   Total Energy  Conserved En.
    5.68273e+03   -2.39132e+07    3.87084e+06   -2.00423e+07   -1.99797e+07
    Temperature Pres. DC (bar) Pressure (bar)   Constr. rmsd
    3.00210e+02   -2.07897e+02   -1.54477e+01    0.00000e+00

           Step           Time
           5500       11.00000

   Energies (kJ/mol)
           Bond          Angle    Proper Dih. Per. Imp. Dih.          LJ-14
    1.71582e+04    4.64833e+04    5.72428e+04    2.78396e+03    2.14984e+04
     Coulomb-14        LJ (SR)  Disper. corr.   Coulomb (SR)   Coul. recip.
    2.02109e+05    4.61885e+06   -1.92591e+05   -2.88015e+07    1.03230e+05
 Position Rest.      Potential    Kinetic En.   Total Energy  Conserved En.
    5.89833e+03   -2.39189e+07    3.86415e+06   -2.00547e+07   -1.99798e+07
    Temperature Pres. DC (bar) Pressure (bar)   Constr. rmsd
    2.99691e+02   -2.07675e+02   -4.12073e+01    0.00000e+00

           Step           Time
           6000       12.00000

   Energies (kJ/mol)
           Bond          Angle    Proper Dih. Per. Imp. Dih.          LJ-14
    1.73194e+04    4.68401e+04    5.69804e+04    2.67690e+03    2.14073e+04
     Coulomb-14        LJ (SR)  Disper. corr.   Coulomb (SR)   Coul. recip.
    2.01924e+05    4.62527e+06   -1.92547e+05   -2.88010e+07    1.04030e+05
 Position Rest.      Potential    Kinetic En.   Total Energy  Conserved En.
    5.82333e+03   -2.39113e+07    3.86333e+06   -2.00480e+07   -1.99794e+07
    Temperature Pres. DC (bar) Pressure (bar)   Constr. rmsd
    2.99628e+02   -2.07580e+02   -6.98468e+00    0.00000e+00

           Step           Time
           6500       13.00000

   Energies (kJ/mol)
           Bond          Angle    Proper Dih. Per. Imp. Dih.          LJ-14
    1.74394e+04    4.71156e+04    5.71392e+04    2.83297e+03    2.12154e+04
     Coulomb-14        LJ (SR)  Disper. corr.   Coulomb (SR)   Coul. recip.
    2.01292e+05    4.61452e+06   -1.92533e+05   -2.87852e+07    1.03878e+05
 Position Rest.      Potential    Kinetic En.   Total Energy  Conserved En.
    5.80294e+03   -2.39065e+07    3.86717e+06   -2.00394e+07   -1.99797e+07
    Temperature Pres. DC (bar) Pressure (bar)   Constr. rmsd
    2.99925e+02   -2.07549e+02   -3.33429e+01    0.00000e+00

           Step           Time
           7000       14.00000

   Energies (kJ/mol)
           Bond          Angle    Proper Dih. Per. Imp. Dih.          LJ-14
    1.70615e+04    4.65479e+04    5.72296e+04    2.98425e+03    2.15539e+04
     Coulomb-14        LJ (SR)  Disper. corr.   Coulomb (SR)   Coul. recip.
    2.01858e+05    4.63306e+06   -1.92659e+05   -2.88136e+07    1.04214e+05
 Position Rest.      Potential    Kinetic En.   Total Energy  Conserved En.
    5.85640e+03   -2.39159e+07    3.86607e+06   -2.00498e+07   -1.99793e+07
    Temperature Pres. DC (bar) Pressure (bar)   Constr. rmsd
    2.99840e+02   -2.07820e+02    4.67173e+01    0.00000e+00

           Step           Time
           7500       15.00000

   Energies (kJ/mol)
           Bond          Angle    Proper Dih. Per. Imp. Dih.          LJ-14
    1.73089e+04    4.70220e+04    5.72576e+04    2.97035e+03    2.13853e+04
     Coulomb-14        LJ (SR)  Disper. corr.   Coulomb (SR)   Coul. recip.
    2.01858e+05    4.63429e+06   -1.92689e+05   -2.88167e+07    1.03869e+05
 Position Rest.      Potential    Kinetic En.   Total Energy  Conserved En.
    5.77799e+03   -2.39176e+07    3.87176e+06   -2.00458e+07   -1.99792e+07
    Temperature Pres. DC (bar) Pressure (bar)   Constr. rmsd
    3.00281e+02   -2.07885e+02    2.56323e+01    0.00000e+00

           Step           Time
           8000       16.00000

   Energies (kJ/mol)
           Bond          Angle    Proper Dih. Per. Imp. Dih.          LJ-14
    1.66181e+04    4.67741e+04    5.72839e+04    2.88714e+03    2.16047e+04
     Coulomb-14        LJ (SR)  Disper. corr.   Coulomb (SR)   Coul. recip.
    2.02275e+05    4.62771e+06   -1.92701e+05   -2.88108e+07    1.03657e+05
 Position Rest.      Potential    Kinetic En.   Total Energy  Conserved En.
    5.75115e+03   -2.39189e+07    3.86872e+06   -2.00502e+07   -1.99794e+07
    Temperature Pres. DC (bar) Pressure (bar)   Constr. rmsd
    3.00045e+02   -2.07912e+02   -4.80327e+00    0.00000e+00

           Step           Time
           8500       17.00000

   Energies (kJ/mol)
           Bond          Angle    Proper Dih. Per. Imp. Dih.          LJ-14
    1.72832e+04    4.73025e+04    5.72589e+04    2.75191e+03    2.13623e+04
     Coulomb-14        LJ (SR)  Disper. corr.   Coulomb (SR)   Coul. recip.
    2.01805e+05    4.61941e+06   -1.92673e+05   -2.88001e+07    1.03588e+05
 Position Rest.      Potential    Kinetic En.   Total Energy  Conserved En.
    5.95841e+03   -2.39161e+07    3.87132e+06   -2.00448e+07   -1.99792e+07
    Temperature Pres. DC (bar) Pressure (bar)   Constr. rmsd
    3.00247e+02   -2.07852e+02   -3.12456e+01    0.00000e+00

           Step           Time
           9000       18.00000

   Energies (kJ/mol)
           Bond          Angle    Proper Dih. Per. Imp. Dih.          LJ-14
    1.74345e+04    4.69212e+04    5.69974e+04    2.89263e+03    2.12952e+04
     Coulomb-14        LJ (SR)  Disper. corr.   Coulomb (SR)   Coul. recip.
    2.01504e+05    4.62517e+06   -1.92586e+05   -2.88061e+07    1.03733e+05
 Position Rest.      Potential    Kinetic En.   Total Energy  Conserved En.
    5.87800e+03   -2.39168e+07    3.86701e+06   -2.00498e+07   -1.99792e+07
    Temperature Pres. DC (bar) Pressure (bar)   Constr. rmsd
    2.99913e+02   -2.07664e+02   -6.08510e-01    0.00000e+00

           Step           Time
           9500       19.00000

   Energies (kJ/mol)
           Bond          Angle    Proper Dih. Per. Imp. Dih.          LJ-14
    1.74716e+04    4.61311e+04    5.72881e+04    2.82610e+03    2.14868e+04
     Coulomb-14        LJ (SR)  Disper. corr.   Coulomb (SR)   Coul. recip.
    2.02432e+05    4.63631e+06   -1.92916e+05   -2.88212e+07    1.03232e+05
 Position Rest.      Potential    Kinetic En.   Total Energy  Conserved En.
    5.71737e+03   -2.39212e+07    3.87262e+06   -2.00486e+07   -1.99791e+07
    Temperature Pres. DC (bar) Pressure (bar)   Constr. rmsd
    3.00348e+02   -2.08375e+02    6.57266e+01    0.00000e+00

           Step           Time
          10000       20.00000

   Energies (kJ/mol)
           Bond          Angle    Proper Dih. Per. Imp. Dih.          LJ-14
    1.69788e+04    4.70171e+04    5.72829e+04    2.86023e+03    2.16739e+04
     Coulomb-14        LJ (SR)  Disper. corr.   Coulomb (SR)   Coul. recip.
    2.01946e+05    4.61932e+06   -1.92608e+05   -2.87965e+07    1.03641e+05
 Position Rest.      Potential    Kinetic En.   Total Energy  Conserved En.
    5.93126e+03   -2.39125e+07    3.86666e+06   -2.00458e+07   -1.99788e+07
    Temperature Pres. DC (bar) Pressure (bar)   Constr. rmsd
    2.99886e+02   -2.07712e+02   -3.45227e+01    0.00000e+00

           Step           Time
          10500       21.00000

   Energies (kJ/mol)
           Bond          Angle    Proper Dih. Per. Imp. Dih.          LJ-14
    1.70757e+04    4.70309e+04    5.71900e+04    2.93886e+03    2.16242e+04
     Coulomb-14        LJ (SR)  Disper. corr.   Coulomb (SR)   Coul. recip.
    2.01653e+05    4.62111e+06   -1.92727e+05   -2.87961e+07    1.04383e+05
 Position Rest.      Potential    Kinetic En.   Total Energy  Conserved En.
    5.67992e+03   -2.39101e+07    3.87148e+06   -2.00386e+07   -1.99789e+07
    Temperature Pres. DC (bar) Pressure (bar)   Constr. rmsd
    3.00259e+02   -2.07969e+02    3.92096e+01    0.00000e+00

           Step           Time
          11000       22.00000

   Energies (kJ/mol)
           Bond          Angle    Proper Dih. Per. Imp. Dih.          LJ-14
    1.73398e+04    4.70206e+04    5.70694e+04    2.93932e+03    2.12650e+04
     Coulomb-14        LJ (SR)  Disper. corr.   Coulomb (SR)   Coul. recip.
    2.01740e+05    4.62172e+06   -1.92801e+05   -2.88016e+07    1.04169e+05
 Position Rest.      Potential    Kinetic En.   Total Energy  Conserved En.
    5.91258e+03   -2.39153e+07    3.87342e+06   -2.00418e+07   -1.99788e+07
    Temperature Pres. DC (bar) Pressure (bar)   Constr. rmsd
    3.00410e+02   -2.08128e+02   -1.60947e+01    0.00000e+00

           Step           Time
          11500       23.00000

   Energies (kJ/mol)
           Bond          Angle    Proper Dih. Per. Imp. Dih.          LJ-14
    1.71657e+04    4.68627e+04    5.73755e+04    2.83841e+03    2.14893e+04
     Coulomb-14        LJ (SR)  Disper. corr.   Coulomb (SR)   Coul. recip.
    2.02158e+05    4.61421e+06   -1.92713e+05   -2.87863e+07    1.03623e+05
 Position Rest.      Potential    Kinetic En.   Total Energy  Conserved En.
    5.85852e+03   -2.39074e+07    3.86763e+06   -2.00398e+07   -1.99791e+07
    Temperature Pres. DC (bar) Pressure (bar)   Constr. rmsd
    2.99961e+02   -2.07937e+02   -4.86541e+01    0.00000e+00

           Step           Time
          12000       24.00000

   Energies (kJ/mol)
           Bond          Angle    Proper Dih. Per. Imp. Dih.          LJ-14
    1.71656e+04    4.71011e+04    5.71193e+04    2.77384e+03    2.14698e+04
     Coulomb-14        LJ (SR)  Disper. corr.   Coulomb (SR)   Coul. recip.
    2.01712e+05    4.62735e+06   -1.92837e+05   -2.88015e+07    1.03712e+05
 Position Rest.      Potential    Kinetic En.   Total Energy  Conserved En.
    5.78938e+03   -2.39102e+07    3.86786e+06   -2.00423e+07   -1.99786e+07
    Temperature Pres. DC (bar) Pressure (bar)   Constr. rmsd
    2.99979e+02   -2.08205e+02    3.29268e+01    0.00000e+00

           Step           Time
          12500       25.00000

   Energies (kJ/mol)
           Bond          Angle    Proper Dih. Per. Imp. Dih.          LJ-14
    1.70850e+04    4.64392e+04    5.73650e+04    2.92652e+03    2.11312e+04
     Coulomb-14        LJ (SR)  Disper. corr.   Coulomb (SR)   Coul. recip.
    2.01560e+05    4.61273e+06   -1.92842e+05   -2.87914e+07    1.03704e+05
 Position Rest.      Potential    Kinetic En.   Total Energy  Conserved En.
    5.85650e+03   -2.39155e+07    3.86424e+06   -2.00512e+07   -1.99786e+07
    Temperature Pres. DC (bar) Pressure (bar)   Constr. rmsd
    2.99698e+02   -2.08215e+02   -5.79604e+01    0.00000e+00

           Step           Time
          13000       26.00000

   Energies (kJ/mol)
           Bond          Angle    Proper Dih. Per. Imp. Dih.          LJ-14
    1.77328e+04    4.70229e+04    5.71238e+04    2.97115e+03    2.13109e+04
     Coulomb-14        LJ (SR)  Disper. corr.   Coulomb (SR)   Coul. recip.
    2.01564e+05    4.63360e+06   -1.92710e+05   -2.88067e+07    1.03359e+05
 Position Rest.      Potential    Kinetic En.   Total Energy  Conserved En.
    5.95338e+03   -2.39087e+07    3.86795e+06   -2.00408e+07   -1.99784e+07
    Temperature Pres. DC (bar) Pressure (bar)   Constr. rmsd
    2.99986e+02   -2.07930e+02    4.26059e+00    0.00000e+00

           Step           Time
          13500       27.00000

   Energies (kJ/mol)
           Bond          Angle    Proper Dih. Per. Imp. Dih.          LJ-14
    1.75074e+04    4.72604e+04    5.70823e+04    2.90609e+03    2.13860e+04
     Coulomb-14        LJ (SR)  Disper. corr.   Coulomb (SR)   Coul. recip.
    2.01813e+05    4.62970e+06   -1.92743e+05   -2.88052e+07    1.03978e+05
 Position Rest.      Potential    Kinetic En.   Total Energy  Conserved En.
    5.83660e+03   -2.39105e+07    3.86743e+06   -2.00430e+07   -1.99782e+07
    Temperature Pres. DC (bar) Pressure (bar)   Constr. rmsd
    2.99945e+02   -2.08002e+02    1.16912e+01    0.00000e+00

           Step           Time
          14000       28.00000

   Energies (kJ/mol)
           Bond          Angle    Proper Dih. Per. Imp. Dih.          LJ-14
    1.70665e+04    4.68012e+04    5.73263e+04    2.83165e+03    2.14882e+04
     Coulomb-14        LJ (SR)  Disper. corr.   Coulomb (SR)   Coul. recip.
    2.02070e+05    4.62701e+06   -1.92807e+05   -2.88060e+07    1.03384e+05
 Position Rest.      Potential    Kinetic En.   Total Energy  Conserved En.
    5.84891e+03   -2.39149e+07    3.86635e+06   -2.00486e+07   -1.99785e+07
    Temperature Pres. DC (bar) Pressure (bar)   Constr. rmsd
    2.99862e+02   -2.08140e+02    1.76448e+01    0.00000e+00

           Step           Time
          14500       29.00000

   Energies (kJ/mol)
           Bond          Angle    Proper Dih. Per. Imp. Dih.          LJ-14
    1.75188e+04    4.71810e+04    5.72008e+04    2.91581e+03    2.15405e+04
     Coulomb-14        LJ (SR)  Disper. corr.   Coulomb (SR)   Coul. recip.
    2.01906e+05    4.62180e+06   -1.92678e+05   -2.87961e+07    1.03549e+05
 Position Rest.      Potential    Kinetic En.   Total Energy  Conserved En.
    5.81385e+03   -2.39093e+07    3.87633e+06   -2.00330e+07   -1.99782e+07
    Temperature Pres. DC (bar) Pressure (bar)   Constr. rmsd
    3.00635e+02   -2.07863e+02   -1.97261e+01    0.00000e+00

           Step           Time
          15000       30.00000

   Energies (kJ/mol)
           Bond          Angle    Proper Dih. Per. Imp. Dih.          LJ-14
    1.73089e+04    4.72504e+04    5.72347e+04    2.87703e+03    2.12653e+04
     Coulomb-14        LJ (SR)  Disper. corr.   Coulomb (SR)   Coul. recip.
    2.01473e+05    4.62380e+06   -1.92714e+05   -2.88070e+07    1.03128e+05
 Position Rest.      Potential    Kinetic En.   Total Energy  Conserved En.
    5.89926e+03   -2.39195e+07    3.86817e+06   -2.00513e+07   -1.99781e+07
    Temperature Pres. DC (bar) Pressure (bar)   Constr. rmsd
    3.00003e+02   -2.07939e+02    9.20562e+00    0.00000e+00

           Step           Time
          15500       31.00000

   Energies (kJ/mol)
           Bond          Angle    Proper Dih. Per. Imp. Dih.          LJ-14
    1.72561e+04    4.70457e+04    5.72287e+04    2.87518e+03    2.12456e+04
     Coulomb-14        LJ (SR)  Disper. corr.   Coulomb (SR)   Coul. recip.
    2.02593e+05    4.61976e+06   -1.92710e+05   -2.87991e+07    1.03550e+05
 Position Rest.      Potential    Kinetic En.   Total Energy  Conserved En.
    5.76214e+03   -2.39145e+07    3.87411e+06   -2.00404e+07   -1.99783e+07
    Temperature Pres. DC (bar) Pressure (bar)   Constr. rmsd
    3.00464e+02   -2.07932e+02   -2.55545e+01    0.00000e+00

           Step           Time
          16000       32.00000

   Energies (kJ/mol)
           Bond          Angle    Proper Dih. Per. Imp. Dih.          LJ-14
    1.70903e+04    4.63904e+04    5.72547e+04    2.89965e+03    2.14714e+04
     Coulomb-14        LJ (SR)  Disper. corr.   Coulomb (SR)   Coul. recip.
    2.01963e+05    4.61816e+06   -1.92792e+05   -2.87969e+07    1.03771e+05
 Position Rest.      Potential    Kinetic En.   Total Energy  Conserved En.
    5.89802e+03   -2.39148e+07    3.86610e+06   -2.00487e+07   -1.99781e+07
    Temperature Pres. DC (bar) Pressure (bar)   Constr. rmsd
    2.99842e+02   -2.08107e+02    2.48979e+01    0.00000e+00

           Step           Time
          16500       33.00000

   Energies (kJ/mol)
           Bond          Angle    Proper Dih. Per. Imp. Dih.          LJ-14
    1.70405e+04    4.70960e+04    5.71340e+04    2.92180e+03    2.13733e+04
     Coulomb-14        LJ (SR)  Disper. corr.   Coulomb (SR)   Coul. recip.
    2.01914e+05    4.62630e+06   -1.92659e+05   -2.88026e+07    1.03823e+05
 Position Rest.      Potential    Kinetic En.   Total Energy  Conserved En.
    6.05511e+03   -2.39116e+07    3.87064e+06   -2.00410e+07   -1.99778e+07
    Temperature Pres. DC (bar) Pressure (bar)   Constr. rmsd
    3.00194e+02   -2.07822e+02    1.89007e+01    0.00000e+00

           Step           Time
          17000       34.00000

   Energies (kJ/mol)
           Bond          Angle    Proper Dih. Per. Imp. Dih.          LJ-14
    1.73800e+04    4.73777e+04    5.71248e+04    2.97779e+03    2.13296e+04
     Coulomb-14        LJ (SR)  Disper. corr.   Coulomb (SR)   Coul. recip.
    2.01290e+05    4.62637e+06   -1.92702e+05   -2.88081e+07    1.03715e+05
 Position Rest.      Potential    Kinetic En.   Total Energy  Conserved En.
    5.83346e+03   -2.39174e+07    3.86877e+06   -2.00486e+07   -1.99779e+07
    Temperature Pres. DC (bar) Pressure (bar)   Constr. rmsd
    3.00049e+02   -2.07914e+02   -3.83771e+01    0.00000e+00

           Step           Time
          17500       35.00000

   Energies (kJ/mol)
           Bond          Angle    Proper Dih. Per. Imp. Dih.          LJ-14
    1.70400e+04    4.72826e+04    5.70884e+04    2.85635e+03    2.13426e+04
     Coulomb-14        LJ (SR)  Disper. corr.   Coulomb (SR)   Coul. recip.
    2.01692e+05    4.62718e+06   -1.92621e+05   -2.88042e+07    1.03595e+05
 Position Rest.      Potential    Kinetic En.   Total Energy  Conserved En.
    6.05440e+03   -2.39126e+07    3.86330e+06   -2.00494e+07   -1.99776e+07
    Temperature Pres. DC (bar) Pressure (bar)   Constr. rmsd
    2.99625e+02   -2.07740e+02    3.56260e+01    0.00000e+00

           Step           Time
          18000       36.00000

   Energies (kJ/mol)
           Bond          Angle    Proper Dih. Per. Imp. Dih.          LJ-14
    1.74743e+04    4.73496e+04    5.74786e+04    2.98807e+03    2.14926e+04
     Coulomb-14        LJ (SR)  Disper. corr.   Coulomb (SR)   Coul. recip.
    2.01683e+05    4.62959e+06   -1.92656e+05   -2.88014e+07    1.03390e+05
 Position Rest.      Potential    Kinetic En.   Total Energy  Conserved En.
    5.93309e+03   -2.39067e+07    3.86487e+06   -2.00418e+07   -1.99778e+07
    Temperature Pres. DC (bar) Pressure (bar)   Constr. rmsd
    2.99747e+02   -2.07815e+02    1.48762e+01    0.00000e+00

           Step           Time
          18500       37.00000

   Energies (kJ/mol)
           Bond          Angle    Proper Dih. Per. Imp. Dih.          LJ-14
    1.72172e+04    4.69935e+04    5.71602e+04    2.92969e+03    2.12999e+04
     Coulomb-14        LJ (SR)  Disper. corr.   Coulomb (SR)   Coul. recip.
    2.01827e+05    4.61696e+06   -1.92597e+05   -2.87921e+07    1.03939e+05
 Position Rest.      Potential    Kinetic En.   Total Energy  Conserved En.
    5.88776e+03   -2.39105e+07    3.86366e+06   -2.00468e+07   -1.99777e+07
    Temperature Pres. DC (bar) Pressure (bar)   Constr. rmsd
    2.99653e+02   -2.07688e+02   -4.39015e+01    0.00000e+00

           Step           Time
          19000       38.00000

   Energies (kJ/mol)
           Bond          Angle    Proper Dih. Per. Imp. Dih.          LJ-14
    1.72094e+04    4.72733e+04    5.72483e+04    2.87130e+03    2.14539e+04
     Coulomb-14        LJ (SR)  Disper. corr.   Coulomb (SR)   Coul. recip.
    2.02259e+05    4.62453e+06   -1.92763e+05   -2.88034e+07    1.04083e+05
 Position Rest.      Potential    Kinetic En.   Total Energy  Conserved En.
    5.99202e+03   -2.39133e+07    3.86910e+06   -2.00442e+07   -1.99776e+07
    Temperature Pres. DC (bar) Pressure (bar)   Constr. rmsd
    3.00075e+02   -2.08045e+02   -2.78604e+01    0.00000e+00

           Step           Time
          19500       39.00000

   Energies (kJ/mol)
           Bond          Angle    Proper Dih. Per. Imp. Dih.          LJ-14
    1.71553e+04    4.72186e+04    5.71667e+04    2.88325e+03    2.15117e+04
     Coulomb-14        LJ (SR)  Disper. corr.   Coulomb (SR)   Coul. recip.
    2.02357e+05    4.62329e+06   -1.92655e+05   -2.88029e+07    1.03851e+05
 Position Rest.      Potential    Kinetic En.   Total Energy  Conserved En.
    5.91323e+03   -2.39142e+07    3.87333e+06   -2.00409e+07   -1.99776e+07
    Temperature Pres. DC (bar) Pressure (bar)   Constr. rmsd
    3.00403e+02   -2.07814e+02    2.16232e+01    0.00000e+00

           Step           Time
          20000       40.00000

   Energies (kJ/mol)
           Bond          Angle    Proper Dih. Per. Imp. Dih.          LJ-14
    1.68839e+04    4.73482e+04    5.72751e+04    2.85626e+03    2.14125e+04
     Coulomb-14        LJ (SR)  Disper. corr.   Coulomb (SR)   Coul. recip.
    2.01962e+05    4.62732e+06   -1.92664e+05   -2.88139e+07    1.03861e+05
 Position Rest.      Potential    Kinetic En.   Total Energy  Conserved En.
    5.98273e+03   -2.39217e+07    3.86417e+06   -2.00575e+07   -1.99774e+07
    Temperature Pres. DC (bar) Pressure (bar)   Constr. rmsd
    2.99693e+02   -2.07832e+02   -1.34044e+01    0.00000e+00

           Step           Time
          20500       41.00000

   Energies (kJ/mol)
           Bond          Angle    Proper Dih. Per. Imp. Dih.          LJ-14
    1.73992e+04    4.70277e+04    5.71696e+04    2.89893e+03    2.14393e+04
     Coulomb-14        LJ (SR)  Disper. corr.   Coulomb (SR)   Coul. recip.
    2.01883e+05    4.61696e+06   -1.92605e+05   -2.87900e+07    1.03386e+05
 Position Rest.      Potential    Kinetic En.   Total Energy  Conserved En.
    5.81174e+03   -2.39087e+07    3.86938e+06   -2.00393e+07   -1.99776e+07
    Temperature Pres. DC (bar) Pressure (bar)   Constr. rmsd
    3.00097e+02   -2.07705e+02   -3.80072e+01    0.00000e+00

           Step           Time
          21000       42.00000

   Energies (kJ/mol)
           Bond          Angle    Proper Dih. Per. Imp. Dih.          LJ-14
    1.73944e+04    4.67809e+04    5.72318e+04    2.80904e+03    2.14902e+04
     Coulomb-14        LJ (SR)  Disper. corr.   Coulomb (SR)   Coul. recip.
    2.01845e+05    4.63058e+06   -1.92773e+05   -2.88136e+07    1.04233e+05
 Position Rest.      Potential    Kinetic En.   Total Energy  Conserved En.
    5.97963e+03   -2.39180e+07    3.86874e+06   -2.00493e+07   -1.99774e+07
    Temperature Pres. DC (bar) Pressure (bar)   Constr. rmsd
    3.00047e+02   -2.08068e+02    3.40162e+00    0.00000e+00

           Step           Time
          21500       43.00000

   Energies (kJ/mol)
           Bond          Angle    Proper Dih. Per. Imp. Dih.          LJ-14
    1.74088e+04    4.65802e+04    5.71547e+04    2.98255e+03    2.13240e+04
     Coulomb-14        LJ (SR)  Disper. corr.   Coulomb (SR)   Coul. recip.
    2.01610e+05    4.62700e+06   -1.92630e+05   -2.87986e+07    1.03576e+05
 Position Rest.      Potential    Kinetic En.   Total Energy  Conserved En.
    5.98377e+03   -2.39076e+07    3.86652e+06   -2.00411e+07   -1.99773e+07
    Temperature Pres. DC (bar) Pressure (bar)   Constr. rmsd
    2.99875e+02   -2.07758e+02    1.38654e+01    0.00000e+00

           Step           Time
          22000       44.00000

   Energies (kJ/mol)
           Bond          Angle    Proper Dih. Per. Imp. Dih.          LJ-14
    1.71205e+04    4.67136e+04    5.70347e+04    2.82893e+03    2.12730e+04
     Coulomb-14        LJ (SR)  Disper. corr.   Coulomb (SR)   Coul. recip.
    2.01868e+05    4.62321e+06   -1.92673e+05   -2.88019e+07    1.03588e+05
 Position Rest.      Potential    Kinetic En.   Total Energy  Conserved En.
    5.82359e+03   -2.39151e+07    3.86857e+06   -2.00465e+07   -1.99773e+07
    Temperature Pres. DC (bar) Pressure (bar)   Constr. rmsd
    3.00034e+02   -2.07851e+02   -3.20895e+00    0.00000e+00

           Step           Time
          22500       45.00000

   Energies (kJ/mol)
           Bond          Angle    Proper Dih. Per. Imp. Dih.          LJ-14
    1.77292e+04    4.68288e+04    5.66880e+04    2.70763e+03    2.13492e+04
     Coulomb-14        LJ (SR)  Disper. corr.   Coulomb (SR)   Coul. recip.
    2.01812e+05    4.62873e+06   -1.92857e+05   -2.88103e+07    1.03781e+05
 Position Rest.      Potential    Kinetic En.   Total Energy  Conserved En.
    5.81279e+03   -2.39178e+07    3.86858e+06   -2.00492e+07   -1.99771e+07
    Temperature Pres. DC (bar) Pressure (bar)   Constr. rmsd
    3.00034e+02   -2.08248e+02   -9.63893e+00    0.00000e+00

           Step           Time
          23000       46.00000

   Energies (kJ/mol)
           Bond          Angle    Proper Dih. Per. Imp. Dih.          LJ-14
    1.79131e+04    4.70259e+04    5.72578e+04    2.85487e+03    2.12128e+04
     Coulomb-14        LJ (SR)  Disper. corr.   Coulomb (SR)   Coul. recip.
    2.01712e+05    4.62521e+06   -1.92718e+05   -2.88026e+07    1.03772e+05
 Position Rest.      Potential    Kinetic En.   Total Energy  Conserved En.
    5.85017e+03   -2.39126e+07    3.87125e+06   -2.00413e+07   -1.99772e+07
    Temperature Pres. DC (bar) Pressure (bar)   Constr. rmsd
    3.00242e+02   -2.07948e+02    1.60130e+01    0.00000e+00

Writing checkpoint, step 23100 at Mon Oct 27 10:50:42 2025


           Step           Time
          23500       47.00000

   Energies (kJ/mol)
           Bond          Angle    Proper Dih. Per. Imp. Dih.          LJ-14
    1.70052e+04    4.71609e+04    5.70441e+04    2.78939e+03    2.14114e+04
     Coulomb-14        LJ (SR)  Disper. corr.   Coulomb (SR)   Coul. recip.
    2.01819e+05    4.62494e+06   -1.92639e+05   -2.88062e+07    1.03685e+05
 Position Rest.      Potential    Kinetic En.   Total Energy  Conserved En.
    5.84090e+03   -2.39171e+07    3.86874e+06   -2.00483e+07   -1.99770e+07
    Temperature Pres. DC (bar) Pressure (bar)   Constr. rmsd
    3.00047e+02   -2.07778e+02   -9.55998e+00    0.00000e+00

           Step           Time
          24000       48.00000

   Energies (kJ/mol)
           Bond          Angle    Proper Dih. Per. Imp. Dih.          LJ-14
    1.71929e+04    4.74765e+04    5.71669e+04    2.86676e+03    2.12590e+04
     Coulomb-14        LJ (SR)  Disper. corr.   Coulomb (SR)   Coul. recip.
    2.01985e+05    4.62876e+06   -1.92680e+05   -2.88083e+07    1.03056e+05
 Position Rest.      Potential    Kinetic En.   Total Energy  Conserved En.
    5.88531e+03   -2.39154e+07    3.87157e+06   -2.00438e+07   -1.99770e+07
    Temperature Pres. DC (bar) Pressure (bar)   Constr. rmsd
    3.00266e+02   -2.07866e+02   -1.31396e+00    0.00000e+00

           Step           Time
          24500       49.00000

   Energies (kJ/mol)
           Bond          Angle    Proper Dih. Per. Imp. Dih.          LJ-14
    1.73377e+04    4.76788e+04    5.73898e+04    2.85843e+03    2.14441e+04
     Coulomb-14        LJ (SR)  Disper. corr.   Coulomb (SR)   Coul. recip.
    2.01612e+05    4.63248e+06   -1.92714e+05   -2.88082e+07    1.04019e+05
 Position Rest.      Potential    Kinetic En.   Total Energy  Conserved En.
    5.81020e+03   -2.39103e+07    3.87153e+06   -2.00388e+07   -1.99768e+07
    Temperature Pres. DC (bar) Pressure (bar)   Constr. rmsd
    3.00264e+02   -2.07939e+02    5.31715e+01    0.00000e+00

           Step           Time
          25000       50.00000

   Energies (kJ/mol)
           Bond          Angle    Proper Dih. Per. Imp. Dih.          LJ-14
    1.72374e+04    4.67051e+04    5.70028e+04    2.83839e+03    2.13705e+04
     Coulomb-14        LJ (SR)  Disper. corr.   Coulomb (SR)   Coul. recip.
    2.01579e+05    4.62409e+06   -1.92611e+05   -2.88003e+07    1.03827e+05
 Position Rest.      Potential    Kinetic En.   Total Energy  Conserved En.
    5.81856e+03   -2.39124e+07    3.86553e+06   -2.00469e+07   -1.99768e+07
    Temperature Pres. DC (bar) Pressure (bar)   Constr. rmsd
    2.99798e+02   -2.07717e+02   -2.05702e+01    0.00000e+00

           Step           Time
          25500       51.00000

   Energies (kJ/mol)
           Bond          Angle    Proper Dih. Per. Imp. Dih.          LJ-14
    1.70563e+04    4.66120e+04    5.71700e+04    2.93857e+03    2.13019e+04
     Coulomb-14        LJ (SR)  Disper. corr.   Coulomb (SR)   Coul. recip.
    2.01970e+05    4.61990e+06   -1.92630e+05   -2.87997e+07    1.03635e+05
 Position Rest.      Potential    Kinetic En.   Total Energy  Conserved En.
    5.82472e+03   -2.39159e+07    3.87023e+06   -2.00457e+07   -1.99767e+07
    Temperature Pres. DC (bar) Pressure (bar)   Constr. rmsd
    3.00162e+02   -2.07759e+02   -4.76494e+01    0.00000e+00

           Step           Time
          26000       52.00000

   Energies (kJ/mol)
           Bond          Angle    Proper Dih. Per. Imp. Dih.          LJ-14
    1.73823e+04    4.68506e+04    5.69673e+04    2.89864e+03    2.13798e+04
     Coulomb-14        LJ (SR)  Disper. corr.   Coulomb (SR)   Coul. recip.
    2.01551e+05    4.62376e+06   -1.92548e+05   -2.88006e+07    1.04026e+05
 Position Rest.      Potential    Kinetic En.   Total Energy  Conserved En.
    5.78815e+03   -2.39125e+07    3.86634e+06   -2.00462e+07   -1.99768e+07
    Temperature Pres. DC (bar) Pressure (bar)   Constr. rmsd
    2.99861e+02   -2.07582e+02   -5.87023e+00    0.00000e+00

           Step           Time
          26500       53.00000

   Energies (kJ/mol)
           Bond          Angle    Proper Dih. Per. Imp. Dih.          LJ-14
    1.73671e+04    4.68852e+04    5.71842e+04    2.84033e+03    2.15782e+04
     Coulomb-14        LJ (SR)  Disper. corr.   Coulomb (SR)   Coul. recip.
    2.01317e+05    4.62706e+06   -1.92601e+05   -2.88001e+07    1.03595e+05
 Position Rest.      Potential    Kinetic En.   Total Energy  Conserved En.
    5.86994e+03   -2.39090e+07    3.86866e+06   -2.00404e+07   -1.99765e+07
    Temperature Pres. DC (bar) Pressure (bar)   Constr. rmsd
    3.00040e+02   -2.07696e+02    3.09340e+00    0.00000e+00

           Step           Time
          27000       54.00000

   Energies (kJ/mol)
           Bond          Angle    Proper Dih. Per. Imp. Dih.          LJ-14
    1.72383e+04    4.71063e+04    5.73797e+04    2.80270e+03    2.14078e+04
     Coulomb-14        LJ (SR)  Disper. corr.   Coulomb (SR)   Coul. recip.
    2.01983e+05    4.62561e+06   -1.92680e+05   -2.88008e+07    1.03844e+05
 Position Rest.      Potential    Kinetic En.   Total Energy  Conserved En.
    5.68269e+03   -2.39105e+07    3.87046e+06   -2.00400e+07   -1.99765e+07
    Temperature Pres. DC (bar) Pressure (bar)   Constr. rmsd
    3.00181e+02   -2.07867e+02    4.19865e+01    0.00000e+00

           Step           Time
          27500       55.00000

   Energies (kJ/mol)
           Bond          Angle    Proper Dih. Per. Imp. Dih.          LJ-14
    1.74552e+04    4.63310e+04    5.71378e+04    2.77078e+03    2.13644e+04
     Coulomb-14        LJ (SR)  Disper. corr.   Coulomb (SR)   Coul. recip.
    2.01883e+05    4.62329e+06   -1.92672e+05   -2.88050e+07    1.03806e+05
 Position Rest.      Potential    Kinetic En.   Total Energy  Conserved En.
    5.75464e+03   -2.39179e+07    3.86158e+06   -2.00563e+07   -1.99765e+07
    Temperature Pres. DC (bar) Pressure (bar)   Constr. rmsd
    2.99492e+02   -2.07849e+02    6.05601e+00    0.00000e+00

           Step           Time
          28000       56.00000

   Energies (kJ/mol)
           Bond          Angle    Proper Dih. Per. Imp. Dih.          LJ-14
    1.71061e+04    4.72250e+04    5.70297e+04    2.85306e+03    2.14557e+04
     Coulomb-14        LJ (SR)  Disper. corr.   Coulomb (SR)   Coul. recip.
    2.02021e+05    4.62983e+06   -1.92754e+05   -2.88074e+07    1.03411e+05
 Position Rest.      Potential    Kinetic En.   Total Energy  Conserved En.
    5.85060e+03   -2.39134e+07    3.87199e+06   -2.00414e+07   -1.99763e+07
    Temperature Pres. DC (bar) Pressure (bar)   Constr. rmsd
    3.00299e+02   -2.08026e+02    3.32336e+01    0.00000e+00

           Step           Time
          28500       57.00000

   Energies (kJ/mol)
           Bond          Angle    Proper Dih. Per. Imp. Dih.          LJ-14
    1.73714e+04    4.68087e+04    5.73788e+04    2.85838e+03    2.13350e+04
     Coulomb-14        LJ (SR)  Disper. corr.   Coulomb (SR)   Coul. recip.
    2.01862e+05    4.63198e+06   -1.92838e+05   -2.88157e+07    1.04033e+05
 Position Rest.      Potential    Kinetic En.   Total Energy  Conserved En.
    5.98839e+03   -2.39189e+07    3.86565e+06   -2.00533e+07   -1.99763e+07
    Temperature Pres. DC (bar) Pressure (bar)   Constr. rmsd
    2.99807e+02   -2.08207e+02    2.73860e+01    0.00000e+00

           Step           Time
          29000       58.00000

   Energies (kJ/mol)
           Bond          Angle    Proper Dih. Per. Imp. Dih.          LJ-14
    1.74042e+04    4.65951e+04    5.74856e+04    2.83067e+03    2.15820e+04
     Coulomb-14        LJ (SR)  Disper. corr.   Coulomb (SR)   Coul. recip.
    2.01732e+05    4.62117e+06   -1.92669e+05   -2.87979e+07    1.04102e+05
 Position Rest.      Potential    Kinetic En.   Total Energy  Conserved En.
    5.94177e+03   -2.39117e+07    3.87185e+06   -2.00399e+07   -1.99764e+07
    Temperature Pres. DC (bar) Pressure (bar)   Constr. rmsd
    3.00288e+02   -2.07843e+02   -2.59747e+01    0.00000e+00

           Step           Time
          29500       59.00000

   Energies (kJ/mol)
           Bond          Angle    Proper Dih. Per. Imp. Dih.          LJ-14
    1.73865e+04    4.71351e+04    5.70156e+04    2.97427e+03    2.14219e+04
     Coulomb-14        LJ (SR)  Disper. corr.   Coulomb (SR)   Coul. recip.
    2.01313e+05    4.62626e+06   -1.92638e+05   -2.88041e+07    1.03851e+05
 Position Rest.      Potential    Kinetic En.   Total Energy  Conserved En.
    5.77420e+03   -2.39136e+07    3.86749e+06   -2.00461e+07   -1.99760e+07
    Temperature Pres. DC (bar) Pressure (bar)   Constr. rmsd
    2.99950e+02   -2.07776e+02   -4.17534e+00    0.00000e+00

           Step           Time
          30000       60.00000

   Energies (kJ/mol)
           Bond          Angle    Proper Dih. Per. Imp. Dih.          LJ-14
    1.70895e+04    4.69193e+04    5.72266e+04    2.87079e+03    2.14377e+04
     Coulomb-14        LJ (SR)  Disper. corr.   Coulomb (SR)   Coul. recip.
    2.02072e+05    4.62151e+06   -1.92684e+05   -2.87953e+07    1.03423e+05
 Position Rest.      Potential    Kinetic En.   Total Energy  Conserved En.
    5.90745e+03   -2.39095e+07    3.86677e+06   -2.00428e+07   -1.99762e+07
    Temperature Pres. DC (bar) Pressure (bar)   Constr. rmsd
    2.99894e+02   -2.07875e+02    9.68399e+00    0.00000e+00

           Step           Time
          30500       61.00000

   Energies (kJ/mol)
           Bond          Angle    Proper Dih. Per. Imp. Dih.          LJ-14
    1.69779e+04    4.68294e+04    5.73365e+04    2.89076e+03    2.14353e+04
     Coulomb-14        LJ (SR)  Disper. corr.   Coulomb (SR)   Coul. recip.
    2.02210e+05    4.61967e+06   -1.92625e+05   -2.87950e+07    1.03968e+05
 Position Rest.      Potential    Kinetic En.   Total Energy  Conserved En.
    5.74676e+03   -2.39105e+07    3.86889e+06   -2.00416e+07   -1.99762e+07
    Temperature Pres. DC (bar) Pressure (bar)   Constr. rmsd
    3.00059e+02   -2.07747e+02    1.90293e+01    0.00000e+00

           Step           Time
          31000       62.00000

   Energies (kJ/mol)
           Bond          Angle    Proper Dih. Per. Imp. Dih.          LJ-14
    1.72943e+04    4.67371e+04    5.71439e+04    2.80708e+03    2.15241e+04
     Coulomb-14        LJ (SR)  Disper. corr.   Coulomb (SR)   Coul. recip.
    2.02139e+05    4.61475e+06   -1.92806e+05   -2.87927e+07    1.03763e+05
 Position Rest.      Potential    Kinetic En.   Total Energy  Conserved En.
    5.91612e+03   -2.39134e+07    3.86328e+06   -2.00501e+07   -1.99759e+07
    Temperature Pres. DC (bar) Pressure (bar)   Constr. rmsd
    2.99624e+02   -2.08138e+02   -3.75660e+01    0.00000e+00

           Step           Time
          31500       63.00000

   Energies (kJ/mol)
           Bond          Angle    Proper Dih. Per. Imp. Dih.          LJ-14
    1.74796e+04    4.63149e+04    5.73135e+04    2.84378e+03    2.14454e+04
     Coulomb-14        LJ (SR)  Disper. corr.   Coulomb (SR)   Coul. recip.
    2.01293e+05    4.62301e+06   -1.92893e+05   -2.88031e+07    1.03211e+05
 Position Rest.      Potential    Kinetic En.   Total Energy  Conserved En.
    5.73567e+03   -2.39173e+07    3.86531e+06   -2.00520e+07   -1.99757e+07
    Temperature Pres. DC (bar) Pressure (bar)   Constr. rmsd
    2.99781e+02   -2.08326e+02   -2.55466e+01    0.00000e+00

           Step           Time
          32000       64.00000

   Energies (kJ/mol)
           Bond          Angle    Proper Dih. Per. Imp. Dih.          LJ-14
    1.71467e+04    4.72385e+04    5.70089e+04    2.87464e+03    2.14145e+04
     Coulomb-14        LJ (SR)  Disper. corr.   Coulomb (SR)   Coul. recip.
    2.01609e+05    4.62713e+06   -1.92819e+05   -2.88122e+07    1.03763e+05
 Position Rest.      Potential    Kinetic En.   Total Energy  Conserved En.
    5.93884e+03   -2.39209e+07    3.86805e+06   -2.00528e+07   -1.99757e+07
    Temperature Pres. DC (bar) Pressure (bar)   Constr. rmsd
    2.99993e+02   -2.08166e+02    1.57059e+01    0.00000e+00

           Step           Time
          32500       65.00000

   Energies (kJ/mol)
           Bond          Angle    Proper Dih. Per. Imp. Dih.          LJ-14
    1.72287e+04    4.71507e+04    5.74431e+04    2.83644e+03    2.12013e+04
     Coulomb-14        LJ (SR)  Disper. corr.   Coulomb (SR)   Coul. recip.
    2.00951e+05    4.62373e+06   -1.92704e+05   -2.88033e+07    1.04450e+05
 Position Rest.      Potential    Kinetic En.   Total Energy  Conserved En.
    5.85168e+03   -2.39151e+07    3.86611e+06   -2.00490e+07   -1.99756e+07
    Temperature Pres. DC (bar) Pressure (bar)   Constr. rmsd
    2.99843e+02   -2.07917e+02   -1.32246e+01    0.00000e+00

           Step           Time
          33000       66.00000

   Energies (kJ/mol)
           Bond          Angle    Proper Dih. Per. Imp. Dih.          LJ-14
    1.73174e+04    4.69517e+04    5.72968e+04    2.80307e+03    2.14602e+04
     Coulomb-14        LJ (SR)  Disper. corr.   Coulomb (SR)   Coul. recip.
    2.01522e+05    4.62211e+06   -1.92678e+05   -2.88001e+07    1.03817e+05
 Position Rest.      Potential    Kinetic En.   Total Energy  Conserved En.
    5.76196e+03   -2.39137e+07    3.86905e+06   -2.00447e+07   -1.99757e+07
    Temperature Pres. DC (bar) Pressure (bar)   Constr. rmsd
    3.00071e+02   -2.07861e+02   -2.89103e+01    0.00000e+00

           Step           Time
          33500       67.00000

   Energies (kJ/mol)
           Bond          Angle    Proper Dih. Per. Imp. Dih.          LJ-14
    1.74326e+04    4.66391e+04    5.73649e+04    2.79163e+03    2.12559e+04
     Coulomb-14        LJ (SR)  Disper. corr.   Coulomb (SR)   Coul. recip.
    2.01833e+05    4.62812e+06   -1.92875e+05   -2.88077e+07    1.03687e+05
 Position Rest.      Potential    Kinetic En.   Total Energy  Conserved En.
    5.92132e+03   -2.39155e+07    3.86200e+06   -2.00535e+07   -1.99755e+07
    Temperature Pres. DC (bar) Pressure (bar)   Constr. rmsd
    2.99524e+02   -2.08288e+02    1.04480e+01    0.00000e+00

           Step           Time
          34000       68.00000

   Energies (kJ/mol)
           Bond          Angle    Proper Dih. Per. Imp. Dih.          LJ-14
    1.73095e+04    4.67830e+04    5.73135e+04    2.85549e+03    2.12795e+04
     Coulomb-14        LJ (SR)  Disper. corr.   Coulomb (SR)   Coul. recip.
    2.01089e+05    4.63005e+06   -1.92734e+05   -2.88120e+07    1.03988e+05
 Position Rest.      Potential    Kinetic En.   Total Energy  Conserved En.
    6.14958e+03   -2.39179e+07    3.86641e+06   -2.00515e+07   -1.99757e+07
    Temperature Pres. DC (bar) Pressure (bar)   Constr. rmsd
    2.99866e+02   -2.07983e+02   -1.59654e+00    0.00000e+00

           Step           Time
          34500       69.00000

   Energies (kJ/mol)
           Bond          Angle    Proper Dih. Per. Imp. Dih.          LJ-14
    1.73510e+04    4.72978e+04    5.71438e+04    2.78903e+03    2.15285e+04
     Coulomb-14        LJ (SR)  Disper. corr.   Coulomb (SR)   Coul. recip.
    2.01376e+05    4.62762e+06   -1.92828e+05   -2.88001e+07    1.03804e+05
 Position Rest.      Potential    Kinetic En.   Total Energy  Conserved En.
    6.00642e+03   -2.39080e+07    3.86666e+06   -2.00414e+07   -1.99753e+07
    Temperature Pres. DC (bar) Pressure (bar)   Constr. rmsd
    2.99885e+02   -2.08185e+02    3.00377e+01    0.00000e+00

           Step           Time
          35000       70.00000

   Energies (kJ/mol)
           Bond          Angle    Proper Dih. Per. Imp. Dih.          LJ-14
    1.68122e+04    4.69623e+04    5.73988e+04    2.79012e+03    2.14616e+04
     Coulomb-14        LJ (SR)  Disper. corr.   Coulomb (SR)   Coul. recip.
    2.01873e+05    4.62279e+06   -1.92651e+05   -2.87946e+07    1.03890e+05
 Position Rest.      Potential    Kinetic En.   Total Energy  Conserved En.
    6.06161e+03   -2.39073e+07    3.87322e+06   -2.00340e+07   -1.99754e+07
    Temperature Pres. DC (bar) Pressure (bar)   Constr. rmsd
    3.00395e+02   -2.07805e+02    9.33795e+00    0.00000e+00

           Step           Time
          35500       71.00000

   Energies (kJ/mol)
           Bond          Angle    Proper Dih. Per. Imp. Dih.          LJ-14
    1.72778e+04    4.61829e+04    5.73322e+04    2.92262e+03    2.14681e+04
     Coulomb-14        LJ (SR)  Disper. corr.   Coulomb (SR)   Coul. recip.
    2.01428e+05    4.62407e+06   -1.92744e+05   -2.88087e+07    1.04124e+05
 Position Rest.      Potential    Kinetic En.   Total Energy  Conserved En.
    6.08422e+03   -2.39205e+07    3.86462e+06   -2.00559e+07   -1.99753e+07
    Temperature Pres. DC (bar) Pressure (bar)   Constr. rmsd
    2.99727e+02   -2.08005e+02   -3.24807e+01    0.00000e+00

           Step           Time
          36000       72.00000

   Energies (kJ/mol)
           Bond          Angle    Proper Dih. Per. Imp. Dih.          LJ-14
    1.73805e+04    4.69289e+04    5.73030e+04    2.91521e+03    2.14021e+04
     Coulomb-14        LJ (SR)  Disper. corr.   Coulomb (SR)   Coul. recip.
    2.02393e+05    4.61442e+06   -1.92651e+05   -2.87956e+07    1.04015e+05
 Position Rest.      Potential    Kinetic En.   Total Energy  Conserved En.
    6.05681e+03   -2.39154e+07    3.86961e+06   -2.00458e+07   -1.99750e+07
    Temperature Pres. DC (bar) Pressure (bar)   Constr. rmsd
    3.00115e+02   -2.07804e+02   -6.96315e+01    0.00000e+00

           Step           Time
          36500       73.00000

   Energies (kJ/mol)
           Bond          Angle    Proper Dih. Per. Imp. Dih.          LJ-14
    1.75102e+04    4.69236e+04    5.72770e+04    2.82053e+03    2.13183e+04
     Coulomb-14        LJ (SR)  Disper. corr.   Coulomb (SR)   Coul. recip.
    2.01711e+05    4.61603e+06   -1.92695e+05   -2.87947e+07    1.04177e+05
 Position Rest.      Potential    Kinetic En.   Total Energy  Conserved En.
    6.02887e+03   -2.39136e+07    3.86774e+06   -2.00459e+07   -1.99752e+07
    Temperature Pres. DC (bar) Pressure (bar)   Constr. rmsd
    2.99970e+02   -2.07899e+02   -1.72802e+01    0.00000e+00

           Step           Time
          37000       74.00000

   Energies (kJ/mol)
           Bond          Angle    Proper Dih. Per. Imp. Dih.          LJ-14
    1.73399e+04    4.71353e+04    5.70804e+04    2.84411e+03    2.12460e+04
     Coulomb-14        LJ (SR)  Disper. corr.   Coulomb (SR)   Coul. recip.
    2.01250e+05    4.61955e+06   -1.92964e+05   -2.87958e+07    1.03723e+05
 Position Rest.      Potential    Kinetic En.   Total Energy  Conserved En.
    5.86272e+03   -2.39127e+07    3.86654e+06   -2.00462e+07   -1.99749e+07
    Temperature Pres. DC (bar) Pressure (bar)   Constr. rmsd
    2.99876e+02   -2.08479e+02    8.41542e+00    0.00000e+00

           Step           Time
          37500       75.00000

   Energies (kJ/mol)
           Bond          Angle    Proper Dih. Per. Imp. Dih.          LJ-14
    1.71027e+04    4.68169e+04    5.73800e+04    2.97271e+03    2.12621e+04
     Coulomb-14        LJ (SR)  Disper. corr.   Coulomb (SR)   Coul. recip.
    2.02026e+05    4.62894e+06   -1.92674e+05   -2.88049e+07    1.04039e+05
 Position Rest.      Potential    Kinetic En.   Total Energy  Conserved En.
    5.95062e+03   -2.39111e+07    3.87040e+06   -2.00407e+07   -1.99749e+07
    Temperature Pres. DC (bar) Pressure (bar)   Constr. rmsd
    3.00176e+02   -2.07853e+02    4.58417e+01    0.00000e+00

           Step           Time
          38000       76.00000

   Energies (kJ/mol)
           Bond          Angle    Proper Dih. Per. Imp. Dih.          LJ-14
    1.75656e+04    4.68924e+04    5.73815e+04    2.94290e+03    2.13497e+04
     Coulomb-14        LJ (SR)  Disper. corr.   Coulomb (SR)   Coul. recip.
    2.01786e+05    4.62639e+06   -1.92722e+05   -2.88078e+07    1.04078e+05
 Position Rest.      Potential    Kinetic En.   Total Energy  Conserved En.
    6.00760e+03   -2.39161e+07    3.87172e+06   -2.00444e+07   -1.99749e+07
    Temperature Pres. DC (bar) Pressure (bar)   Constr. rmsd
    3.00278e+02   -2.07956e+02    2.81066e+01    0.00000e+00

           Step           Time
          38500       77.00000

   Energies (kJ/mol)
           Bond          Angle    Proper Dih. Per. Imp. Dih.          LJ-14
    1.72207e+04    4.73268e+04    5.73040e+04    2.79489e+03    2.12153e+04
     Coulomb-14        LJ (SR)  Disper. corr.   Coulomb (SR)   Coul. recip.
    2.01852e+05    4.61291e+06   -1.92768e+05   -2.87927e+07    1.03765e+05
 Position Rest.      Potential    Kinetic En.   Total Energy  Conserved En.
    5.89420e+03   -2.39151e+07    3.87031e+06   -2.00448e+07   -1.99747e+07
    Temperature Pres. DC (bar) Pressure (bar)   Constr. rmsd
    3.00169e+02   -2.08056e+02   -4.47517e+01    0.00000e+00

           Step           Time
          39000       78.00000

   Energies (kJ/mol)
           Bond          Angle    Proper Dih. Per. Imp. Dih.          LJ-14
    1.70292e+04    4.69375e+04    5.72796e+04    2.90380e+03    2.15690e+04
     Coulomb-14        LJ (SR)  Disper. corr.   Coulomb (SR)   Coul. recip.
    2.02191e+05    4.62069e+06   -1.92784e+05   -2.87950e+07    1.03825e+05
 Position Rest.      Potential    Kinetic En.   Total Energy  Conserved En.
    5.93123e+03   -2.39094e+07    3.86855e+06   -2.00409e+07   -1.99746e+07
    Temperature Pres. DC (bar) Pressure (bar)   Constr. rmsd
    3.00032e+02   -2.08090e+02    1.91275e-01    0.00000e+00

           Step           Time
          39500       79.00000

   Energies (kJ/mol)
           Bond          Angle    Proper Dih. Per. Imp. Dih.          LJ-14
    1.74316e+04    4.71023e+04    5.72399e+04    2.92138e+03    2.14500e+04
     Coulomb-14        LJ (SR)  Disper. corr.   Coulomb (SR)   Coul. recip.
    2.01377e+05    4.61905e+06   -1.92688e+05   -2.87888e+07    1.04010e+05
 Position Rest.      Potential    Kinetic En.   Total Energy  Conserved En.
    5.79927e+03   -2.39052e+07    3.86798e+06   -2.00372e+07   -1.99744e+07
    Temperature Pres. DC (bar) Pressure (bar)   Constr. rmsd
    2.99988e+02   -2.07883e+02   -2.98537e+01    0.00000e+00

           Step           Time
          40000       80.00000

   Energies (kJ/mol)
           Bond          Angle    Proper Dih. Per. Imp. Dih.          LJ-14
    1.72411e+04    4.68318e+04    5.71943e+04    2.80827e+03    2.12290e+04
     Coulomb-14        LJ (SR)  Disper. corr.   Coulomb (SR)   Coul. recip.
    2.02028e+05    4.61040e+06   -1.92601e+05   -2.87826e+07    1.03698e+05
 Position Rest.      Potential    Kinetic En.   Total Energy  Conserved En.
    6.06072e+03   -2.39077e+07    3.87322e+06   -2.00345e+07   -1.99747e+07
    Temperature Pres. DC (bar) Pressure (bar)   Constr. rmsd
    3.00394e+02   -2.07695e+02   -5.12527e+01    0.00000e+00

           Step           Time
          40500       81.00000

   Energies (kJ/mol)
           Bond          Angle    Proper Dih. Per. Imp. Dih.          LJ-14
    1.71401e+04    4.72915e+04    5.73701e+04    2.76596e+03    2.13617e+04
     Coulomb-14        LJ (SR)  Disper. corr.   Coulomb (SR)   Coul. recip.
    2.01710e+05    4.62296e+06   -1.92830e+05   -2.87988e+07    1.04054e+05
 Position Rest.      Potential    Kinetic En.   Total Energy  Conserved En.
    6.07992e+03   -2.39109e+07    3.86791e+06   -2.00430e+07   -1.99742e+07
    Temperature Pres. DC (bar) Pressure (bar)   Constr. rmsd
    2.99983e+02   -2.08189e+02   -1.08956e+01    0.00000e+00

           Step           Time
          41000       82.00000

   Energies (kJ/mol)
           Bond          Angle    Proper Dih. Per. Imp. Dih.          LJ-14
    1.75922e+04    4.66055e+04    5.70345e+04    2.75254e+03    2.12573e+04
     Coulomb-14        LJ (SR)  Disper. corr.   Coulomb (SR)   Coul. recip.
    2.01273e+05    4.62078e+06   -1.92774e+05   -2.87978e+07    1.03826e+05
 Position Rest.      Potential    Kinetic En.   Total Energy  Conserved En.
    5.99983e+03   -2.39135e+07    3.86771e+06   -2.00458e+07   -1.99741e+07
    Temperature Pres. DC (bar) Pressure (bar)   Constr. rmsd
    2.99967e+02   -2.08069e+02   -5.88332e+00    0.00000e+00

           Step           Time
          41500       83.00000

   Energies (kJ/mol)
           Bond          Angle    Proper Dih. Per. Imp. Dih.          LJ-14
    1.75228e+04    4.68319e+04    5.71538e+04    2.88882e+03    2.16778e+04
     Coulomb-14        LJ (SR)  Disper. corr.   Coulomb (SR)   Coul. recip.
    2.02583e+05    4.62072e+06   -1.92742e+05   -2.87938e+07    1.03758e+05
 Position Rest.      Potential    Kinetic En.   Total Energy  Conserved En.
    5.96416e+03   -2.39075e+07    3.86760e+06   -2.00399e+07   -1.99741e+07
    Temperature Pres. DC (bar) Pressure (bar)   Constr. rmsd
    2.99959e+02   -2.08000e+02   -9.84516e+00    0.00000e+00

           Step           Time
          42000       84.00000

   Energies (kJ/mol)
           Bond          Angle    Proper Dih. Per. Imp. Dih.          LJ-14
    1.73175e+04    4.70165e+04    5.71299e+04    2.96919e+03    2.14702e+04
     Coulomb-14        LJ (SR)  Disper. corr.   Coulomb (SR)   Coul. recip.
    2.01737e+05    4.62827e+06   -1.92738e+05   -2.87956e+07    1.03947e+05
 Position Rest.      Potential    Kinetic En.   Total Energy  Conserved En.
    5.87967e+03   -2.39026e+07    3.86757e+06   -2.00350e+07   -1.99741e+07
    Temperature Pres. DC (bar) Pressure (bar)   Constr. rmsd
    2.99956e+02   -2.07992e+02    5.32672e+01    0.00000e+00

           Step           Time
          42500       85.00000

   Energies (kJ/mol)
           Bond          Angle    Proper Dih. Per. Imp. Dih.          LJ-14
    1.79056e+04    4.70266e+04    5.72007e+04    2.81113e+03    2.11732e+04
     Coulomb-14        LJ (SR)  Disper. corr.   Coulomb (SR)   Coul. recip.
    2.01507e+05    4.62558e+06   -1.92680e+05   -2.88039e+07    1.04058e+05
 Position Rest.      Potential    Kinetic En.   Total Energy  Conserved En.
    6.02207e+03   -2.39133e+07    3.86583e+06   -2.00475e+07   -1.99740e+07
    Temperature Pres. DC (bar) Pressure (bar)   Constr. rmsd
    2.99821e+02   -2.07867e+02    5.37806e+00    0.00000e+00

           Step           Time
          43000       86.00000

   Energies (kJ/mol)
           Bond          Angle    Proper Dih. Per. Imp. Dih.          LJ-14
    1.75406e+04    4.67989e+04    5.71676e+04    2.91607e+03    2.13417e+04
     Coulomb-14        LJ (SR)  Disper. corr.   Coulomb (SR)   Coul. recip.
    2.01426e+05    4.62578e+06   -1.92668e+05   -2.88112e+07    1.03942e+05
 Position Rest.      Potential    Kinetic En.   Total Energy  Conserved En.
    6.00840e+03   -2.39210e+07    3.86839e+06   -2.00526e+07   -1.99741e+07
    Temperature Pres. DC (bar) Pressure (bar)   Constr. rmsd
    3.00020e+02   -2.07840e+02   -6.70849e+01    0.00000e+00

           Step           Time
          43500       87.00000

   Energies (kJ/mol)
           Bond          Angle    Proper Dih. Per. Imp. Dih.          LJ-14
    1.68286e+04    4.65849e+04    5.71595e+04    2.82568e+03    2.15622e+04
     Coulomb-14        LJ (SR)  Disper. corr.   Coulomb (SR)   Coul. recip.
    2.01809e+05    4.62272e+06   -1.92845e+05   -2.88075e+07    1.03727e+05
 Position Rest.      Potential    Kinetic En.   Total Energy  Conserved En.
    5.76016e+03   -2.39214e+07    3.87177e+06   -2.00496e+07   -1.99740e+07
    Temperature Pres. DC (bar) Pressure (bar)   Constr. rmsd
    3.00282e+02   -2.08222e+02    2.51939e+01    0.00000e+00

           Step           Time
          44000       88.00000

   Energies (kJ/mol)
           Bond          Angle    Proper Dih. Per. Imp. Dih.          LJ-14
    1.70664e+04    4.69581e+04    5.72159e+04    3.03244e+03    2.14600e+04
     Coulomb-14        LJ (SR)  Disper. corr.   Coulomb (SR)   Coul. recip.
    2.02380e+05    4.62531e+06   -1.92687e+05   -2.88086e+07    1.03654e+05
 Position Rest.      Potential    Kinetic En.   Total Energy  Conserved En.
    5.89933e+03   -2.39183e+07    3.86866e+06   -2.00497e+07   -1.99739e+07
    Temperature Pres. DC (bar) Pressure (bar)   Constr. rmsd
    3.00041e+02   -2.07882e+02    6.16076e+00    0.00000e+00

           Step           Time
          44500       89.00000

   Energies (kJ/mol)
           Bond          Angle    Proper Dih. Per. Imp. Dih.          LJ-14
    1.72343e+04    4.66341e+04    5.70568e+04    2.85745e+03    2.13812e+04
     Coulomb-14        LJ (SR)  Disper. corr.   Coulomb (SR)   Coul. recip.
    2.02214e+05    4.63073e+06   -1.92781e+05   -2.88133e+07    1.03721e+05
 Position Rest.      Potential    Kinetic En.   Total Energy  Conserved En.
    5.91634e+03   -2.39183e+07    3.86292e+06   -2.00554e+07   -1.99737e+07
    Temperature Pres. DC (bar) Pressure (bar)   Constr. rmsd
    2.99596e+02   -2.08083e+02   -2.03311e+00    0.00000e+00

           Step           Time
          45000       90.00000

   Energies (kJ/mol)
           Bond          Angle    Proper Dih. Per. Imp. Dih.          LJ-14
    1.73516e+04    4.70451e+04    5.70080e+04    2.85246e+03    2.13691e+04
     Coulomb-14        LJ (SR)  Disper. corr.   Coulomb (SR)   Coul. recip.
    2.01502e+05    4.62635e+06   -1.92945e+05   -2.88029e+07    1.03672e+05
 Position Rest.      Potential    Kinetic En.   Total Energy  Conserved En.
    6.06222e+03   -2.39126e+07    3.87046e+06   -2.00421e+07   -1.99737e+07
    Temperature Pres. DC (bar) Pressure (bar)   Constr. rmsd
    3.00180e+02   -2.08437e+02   -1.66242e+01    0.00000e+00

           Step           Time
          45500       91.00000

   Energies (kJ/mol)
           Bond          Angle    Proper Dih. Per. Imp. Dih.          LJ-14
    1.76720e+04    4.66227e+04    5.66458e+04    2.72124e+03    2.13689e+04
     Coulomb-14        LJ (SR)  Disper. corr.   Coulomb (SR)   Coul. recip.
    2.02116e+05    4.61919e+06   -1.92744e+05   -2.87919e+07    1.03810e+05
 Position Rest.      Potential    Kinetic En.   Total Energy  Conserved En.
    6.02181e+03   -2.39084e+07    3.87219e+06   -2.00362e+07   -1.99737e+07
    Temperature Pres. DC (bar) Pressure (bar)   Constr. rmsd
    3.00314e+02   -2.08004e+02   -1.82856e+01    0.00000e+00

           Step           Time
          46000       92.00000

   Energies (kJ/mol)
           Bond          Angle    Proper Dih. Per. Imp. Dih.          LJ-14
    1.70148e+04    4.72166e+04    5.70654e+04    2.90051e+03    2.15719e+04
     Coulomb-14        LJ (SR)  Disper. corr.   Coulomb (SR)   Coul. recip.
    2.02132e+05    4.61665e+06   -1.92764e+05   -2.87895e+07    1.03698e+05
 Position Rest.      Potential    Kinetic En.   Total Energy  Conserved En.
    5.93378e+03   -2.39080e+07    3.86685e+06   -2.00412e+07   -1.99737e+07
    Temperature Pres. DC (bar) Pressure (bar)   Constr. rmsd
    2.99900e+02   -2.08048e+02   -3.52929e+01    0.00000e+00

           Step           Time
          46500       93.00000

Writing checkpoint, step 46500 at Mon Oct 27 11:05:38 2025


   Energies (kJ/mol)
           Bond          Angle    Proper Dih. Per. Imp. Dih.          LJ-14
    1.70416e+04    4.69102e+04    5.74705e+04    2.84482e+03    2.13856e+04
     Coulomb-14        LJ (SR)  Disper. corr.   Coulomb (SR)   Coul. recip.
    2.02278e+05    4.62545e+06   -1.92765e+05   -2.88062e+07    1.03827e+05
 Position Rest.      Potential    Kinetic En.   Total Energy  Conserved En.
    6.15617e+03   -2.39156e+07    3.87093e+06   -2.00447e+07   -1.99735e+07
    Temperature Pres. DC (bar) Pressure (bar)   Constr. rmsd
    3.00217e+02   -2.08049e+02   -4.71628e+00    0.00000e+00

           Step           Time
          47000       94.00000

   Energies (kJ/mol)
           Bond          Angle    Proper Dih. Per. Imp. Dih.          LJ-14
    1.73000e+04    4.73203e+04    5.73597e+04    2.88027e+03    2.15039e+04
     Coulomb-14        LJ (SR)  Disper. corr.   Coulomb (SR)   Coul. recip.
    2.01776e+05    4.61347e+06   -1.92566e+05   -2.87837e+07    1.03893e+05
 Position Rest.      Potential    Kinetic En.   Total Energy  Conserved En.
    5.93905e+03   -2.39048e+07    3.87187e+06   -2.00329e+07   -1.99734e+07
    Temperature Pres. DC (bar) Pressure (bar)   Constr. rmsd
    3.00290e+02   -2.07620e+02   -4.56367e+01    0.00000e+00

           Step           Time
          47500       95.00000

   Energies (kJ/mol)
           Bond          Angle    Proper Dih. Per. Imp. Dih.          LJ-14
    1.76100e+04    4.71766e+04    5.70047e+04    2.80769e+03    2.14441e+04
     Coulomb-14        LJ (SR)  Disper. corr.   Coulomb (SR)   Coul. recip.
    2.01606e+05    4.61682e+06   -1.92607e+05   -2.87991e+07    1.04547e+05
 Position Rest.      Potential    Kinetic En.   Total Energy  Conserved En.
    6.01732e+03   -2.39167e+07    3.86881e+06   -2.00479e+07   -1.99733e+07
    Temperature Pres. DC (bar) Pressure (bar)   Constr. rmsd
    3.00052e+02   -2.07709e+02   -4.11450e+01    0.00000e+00

           Step           Time
          48000       96.00000

   Energies (kJ/mol)
           Bond          Angle    Proper Dih. Per. Imp. Dih.          LJ-14
    1.71411e+04    4.67011e+04    5.69954e+04    2.84002e+03    2.13096e+04
     Coulomb-14        LJ (SR)  Disper. corr.   Coulomb (SR)   Coul. recip.
    2.02441e+05    4.61639e+06   -1.92586e+05   -2.88001e+07    1.03993e+05
 Position Rest.      Potential    Kinetic En.   Total Energy  Conserved En.
    5.93918e+03   -2.39189e+07    3.86192e+06   -2.00570e+07   -1.99733e+07
    Temperature Pres. DC (bar) Pressure (bar)   Constr. rmsd
    2.99518e+02   -2.07664e+02   -3.54207e+01    0.00000e+00

           Step           Time
          48500       97.00000

   Energies (kJ/mol)
           Bond          Angle    Proper Dih. Per. Imp. Dih.          LJ-14
    1.72541e+04    4.66420e+04    5.73380e+04    2.84045e+03    2.14917e+04
     Coulomb-14        LJ (SR)  Disper. corr.   Coulomb (SR)   Coul. recip.
    2.01556e+05    4.62219e+06   -1.92822e+05   -2.87980e+07    1.03558e+05
 Position Rest.      Potential    Kinetic En.   Total Energy  Conserved En.
    6.11727e+03   -2.39118e+07    3.86443e+06   -2.00474e+07   -1.99732e+07
    Temperature Pres. DC (bar) Pressure (bar)   Constr. rmsd
    2.99712e+02   -2.08173e+02   -1.77804e+01    0.00000e+00

           Step           Time
          49000       98.00000

   Energies (kJ/mol)
           Bond          Angle    Proper Dih. Per. Imp. Dih.          LJ-14
    1.70128e+04    4.64536e+04    5.71435e+04    2.79019e+03    2.14072e+04
     Coulomb-14        LJ (SR)  Disper. corr.   Coulomb (SR)   Coul. recip.
    2.01743e+05    4.62475e+06   -1.92758e+05   -2.88037e+07    1.03563e+05
 Position Rest.      Potential    Kinetic En.   Total Energy  Conserved En.
    5.88914e+03   -2.39157e+07    3.86626e+06   -2.00494e+07   -1.99731e+07
    Temperature Pres. DC (bar) Pressure (bar)   Constr. rmsd
    2.99854e+02   -2.08034e+02    2.25391e+01    0.00000e+00

           Step           Time
          49500       99.00000

   Energies (kJ/mol)
           Bond          Angle    Proper Dih. Per. Imp. Dih.          LJ-14
    1.72523e+04    4.66942e+04    5.69248e+04    2.72930e+03    2.13422e+04
     Coulomb-14        LJ (SR)  Disper. corr.   Coulomb (SR)   Coul. recip.
    2.01705e+05    4.61710e+06   -1.92707e+05   -2.88000e+07    1.04279e+05
 Position Rest.      Potential    Kinetic En.   Total Energy  Conserved En.
    5.96048e+03   -2.39187e+07    3.86757e+06   -2.00512e+07   -1.99733e+07
    Temperature Pres. DC (bar) Pressure (bar)   Constr. rmsd
    2.99956e+02   -2.07924e+02   -3.84310e+01    0.00000e+00

           Step           Time
          50000      100.00000

Writing checkpoint, step 50000 at Mon Oct 27 11:07:52 2025


   Energies (kJ/mol)
           Bond          Angle    Proper Dih. Per. Imp. Dih.          LJ-14
    1.73339e+04    4.62169e+04    5.72658e+04    2.91883e+03    2.15343e+04
     Coulomb-14        LJ (SR)  Disper. corr.   Coulomb (SR)   Coul. recip.
    2.01738e+05    4.61423e+06   -1.92688e+05   -2.87921e+07    1.03517e+05
 Position Rest.      Potential    Kinetic En.   Total Energy  Conserved En.
    6.02249e+03   -2.39140e+07    3.86550e+06   -2.00485e+07   -1.99730e+07
    Temperature Pres. DC (bar) Pressure (bar)   Constr. rmsd
    2.99796e+02   -2.07883e+02   -5.24414e+01    0.00000e+00


Energy conservation over simulation part #1 of length 100 ps, time 0 to 100 ps
  Conserved energy drift: 6.11e-05 kJ/mol/ps per atom


	<======  ###############  ==>
	<====  A V E R A G E S  ====>
	<==  ###############  ======>

	Statistics over 50001 steps using 501 frames

   Energies (kJ/mol)
           Bond          Angle    Proper Dih. Per. Imp. Dih.          LJ-14
    1.72756e+04    4.69256e+04    5.71976e+04    2.85096e+03    2.14111e+04
     Coulomb-14        LJ (SR)  Disper. corr.   Coulomb (SR)   Coul. recip.
    2.01783e+05    4.62443e+06   -1.92687e+05   -2.88022e+07    1.03497e+05
 Position Rest.      Potential    Kinetic En.   Total Energy  Conserved En.
    5.84507e+03   -2.39137e+07    3.86809e+06   -2.00456e+07   -1.99768e+07
    Temperature Pres. DC (bar) Pressure (bar)   Constr. rmsd
    2.99997e+02   -2.07881e+02    2.70198e-01    0.00000e+00

          Box-X          Box-Y          Box-Z
    2.71524e+01    2.55995e+01    2.21699e+01

   Total Virial (kJ/mol)
    1.28877e+06    8.94368e+02    1.20664e+02
    8.89407e+02    1.28913e+06   -3.72604e+02
    1.21218e+02   -3.72915e+02    1.28984e+06

   Pressure (bar)
    1.12850e+00   -1.85595e+00   -2.60948e-01
   -1.84525e+00    6.43663e-01    8.28967e-01
   -2.62142e-01    8.29635e-01   -9.61566e-01

T-Protein_OtherT-Water_and_ions
    3.00074e+02    2.99995e+02


       P P   -   P M E   L O A D   B A L A N C I N G

 PP/PME load balancing changed the cut-off and PME settings:
           particle-particle                    PME
            rcoulomb  rlist            grid      spacing   1/beta
   initial  1.000 nm  1.003 nm     240 240 240   0.114 nm  0.320 nm
   final    1.054 nm  1.057 nm     216 216 216   0.127 nm  0.338 nm
 cost-ratio           1.17             0.73
 (note that these numbers concern only part of the total PP and PME load)


	M E G A - F L O P S   A C C O U N T I N G

 NB=Group-cutoff nonbonded kernels    NxN=N-by-N cluster Verlet kernels
 RF=Reaction-Field  VdW=Van der Waals  QSTab=quadratic-spline table
 W3=SPC/TIP3p  W4=TIP4p (single or pairs)
 V&F=Potential and force  V=Potential only  F=Force only

 Computing:                               M-Number         M-Flops  % Flops
-----------------------------------------------------------------------------
 Pair Search distance check           79916.814128      719251.327     0.0
 NxN QSTab Elec. + LJ [F]          81207416.176128  3329504063.221    98.5
 NxN QSTab Elec. + LJ [V&F]          821929.296640    48493828.502     1.4
 1,4 nonbonded interactions            2962.859256      266657.333     0.0
 Shift-X                                774.144198        4644.865     0.0
 Bonds                                  566.361327       33415.318     0.0
 Angles                                2054.141082      345095.702     0.0
 Propers                               3173.813475      726803.286     0.0
 Impropers                              214.304286       44575.291     0.0
 Pos. Restr.                            556.211124       27810.556     0.0
 Virial                                3092.031243       55656.562     0.0
 Stop-CM                                774.144198        7741.442     0.0
 Calc-Ekin                            30907.050396      834490.361     0.0
-----------------------------------------------------------------------------
 Total                                              3381064033.767   100.0
-----------------------------------------------------------------------------


      R E A L   C Y C L E   A N D   T I M E   A C C O U N T I N G

On 1 MPI rank, each using 64 OpenMP threads

 Activity:              Num   Num      Call    Wall time         Giga-Cycles
                        Ranks Threads  Count      (s)         total sum    %
--------------------------------------------------------------------------------
 Neighbor search           1   64        501      71.305       9560.716   3.7
 Launch PP GPU ops.        1   64      99501      14.057       1884.828   0.7
 Force                     1   64      50001    1286.345     172475.885  66.3
 PME GPU mesh              1   64      50001      19.101       2561.087   1.0
 Wait GPU NB local         1   64      50001       0.316         42.370   0.0
 Wait GPU state copy       1   64      72003     216.338      29007.010  11.2
 NB X/F buffer ops.        1   64       2001      18.881       2531.652   1.0
 Write traj.               1   64        102      58.638       7862.289   3.0
 Rest                                            254.420      34113.224  13.1
--------------------------------------------------------------------------------
 Total                                          1939.402     260039.061 100.0
--------------------------------------------------------------------------------
 Breakdown of PME mesh activities
--------------------------------------------------------------------------------
 Wait PME GPU gather       1   64      50001       0.035          4.656   0.0
 Reduce GPU PME F          1   64      50001      15.760       2113.103   0.8
 Launch PME GPU ops.       1   64     450009       3.128        419.370   0.2
--------------------------------------------------------------------------------

               Core t (s)   Wall t (s)        (%)
       Time:   124096.785     1939.402     6398.7
                         32:19
                 (ns/day)    (hour/ns)
Performance:        4.455        5.387
Finished mdrun on rank 0 Mon Oct 27 11:07:57 2025

