2025-11-03 16:07:55,052 [MainThread  ] [INFO ]                 :-) GROMACS - gmx trjconv, 2024.5-conda_forge (-:

Executable:   /usr/local/bin.AVX2_256/gmx
Data prefix:  /usr/local
Working dir:  /host_pwd/ndxparc2007C
Command line:
  gmx trjconv -f /host_pwd/ndxparc2007C/sandbox_90f17297-b7e2-44e3-a08d-68c318a8bebd/prot_ndxparc2007C_NDX_md.gro -s /host_pwd/ndxparc2007C/sandbox_90f17297-b7e2-44e3-a08d-68c318a8bebd/prot_ndxparc2007C_NDX_gppmd.tpr -o /host_pwd/ndxparc2007C/sandbox_90f17297-b7e2-44e3-a08d-68c318a8bebd/prot_ndxparc2007C_NDX_md_dry.gro -nocenter -n /host_pwd/ndxparc2007C/sandbox_90f17297-b7e2-44e3-a08d-68c318a8bebd/prot_ndxparc2007C_NDX_index.ndx

Will write gro: Coordinate file in Gromos-87 format
Reading file /host_pwd/ndxparc2007C/sandbox_90f17297-b7e2-44e3-a08d-68c318a8bebd/prot_ndxparc2007C_NDX_gppmd.tpr, VERSION 2024.5-conda_forge (single precision)
Reading file /host_pwd/ndxparc2007C/sandbox_90f17297-b7e2-44e3-a08d-68c318a8bebd/prot_ndxparc2007C_NDX_gppmd.tpr, VERSION 2024.5-conda_forge (single precision)
Group     0 (         System) has 1545236 elements
Group     1 (        Protein) has 22376 elements
Group     2 (      Protein-H) has 11108 elements
Group     3 (        C-alpha) has  1430 elements
Group     4 (       Backbone) has  4290 elements
Group     5 (      MainChain) has  5722 elements
Group     6 (   MainChain+Cb) has  7036 elements
Group     7 (    MainChain+H) has  7072 elements
Group     8 (      SideChain) has 15304 elements
Group     9 (    SideChain-H) has  5386 elements
Group    10 (    Prot-Masses) has 22376 elements
Group    11 (    non-Protein) has 1522860 elements
Group    12 (          Other) has    41 elements
Group    13 (            NDX) has    41 elements
Group    14 (             NA) has    16 elements
Group    15 (          Water) has 1522803 elements
Group    16 (            SOL) has 1522803 elements
Group    17 (      non-Water) has 22433 elements
Group    18 (            Ion) has    16 elements
Group    19 ( Water_and_ions) has 1522819 elements
Group    20 (  Protein_Other) has 22417 elements
Select a group: Reading frames from gro file 'Protein in water', 1545236 atoms.
Reading frame       0 time    0.000   
Precision of /host_pwd/ndxparc2007C/sandbox_90f17297-b7e2-44e3-a08d-68c318a8bebd/prot_ndxparc2007C_NDX_md.gro is 0.001 (nm)
Last frame          0 time    0.000   
 ->  frame      0 time    0.000      
Last written: frame      0 time    0.000


GROMACS reminds you: "FORTRAN, the infantile disorder, by now nearly 20 years old, is hopelessly inadequate for whatever computer application you have in mind today: it is now too clumsy, too risky, and too expensive to use." (Edsger Dijkstra, 1970)


