2025-11-01 10:49:55,799 [MainThread  ] [INFO ]  Module: biobb_gromacs.gromacs.grompp Version: 5.1.1
2025-11-01 10:49:55,800 [MainThread  ] [INFO ]  /host_pwd/ndxparc2007C/sandbox_31d39404-92f8-4fe1-a69c-248900e91158 directory successfully created
2025-11-01 10:49:56,170 [MainThread  ] [INFO ]  Copy: prot_ndxparc2007C_NDX_nvt.gro to /host_pwd/ndxparc2007C/sandbox_31d39404-92f8-4fe1-a69c-248900e91158
2025-11-01 10:49:56,256 [MainThread  ] [INFO ]  Copy: prot_ndxparc2007C_NDX_nvt.cpt to /host_pwd/ndxparc2007C/sandbox_31d39404-92f8-4fe1-a69c-248900e91158
2025-11-01 10:49:56,378 [MainThread  ] [INFO ]  Copy: prot_ndxparc2007C_NDX_index.ndx to /host_pwd/ndxparc2007C/sandbox_31d39404-92f8-4fe1-a69c-248900e91158
2025-11-01 10:49:56,558 [MainThread  ] [INFO ]  Extracting: /host_pwd/ndxparc2007C/prot_ndxparc2007C_NDX_genion_top.zip
2025-11-01 10:49:56,558 [MainThread  ] [INFO ]  to:
2025-11-01 10:49:56,558 [MainThread  ] [INFO ]  ['/host_pwd/ndxparc2007C/sandbox_31d39404-92f8-4fe1-a69c-248900e91158/NDX_posres.itp', '/host_pwd/ndxparc2007C/sandbox_31d39404-92f8-4fe1-a69c-248900e91158/NDXparams.itp', '/host_pwd/ndxparc2007C/sandbox_31d39404-92f8-4fe1-a69c-248900e91158/ligand.top', '/host_pwd/ndxparc2007C/sandbox_31d39404-92f8-4fe1-a69c-248900e91158/p2g_Protein_chain_A.itp', '/host_pwd/ndxparc2007C/sandbox_31d39404-92f8-4fe1-a69c-248900e91158/p2g_Protein_chain_B.itp', '/host_pwd/ndxparc2007C/sandbox_31d39404-92f8-4fe1-a69c-248900e91158/posre_Protein_chain_A.itp', '/host_pwd/ndxparc2007C/sandbox_31d39404-92f8-4fe1-a69c-248900e91158/posre_Protein_chain_B.itp']
2025-11-01 10:49:56,558 [MainThread  ] [INFO ]  Unzipping: 
2025-11-01 10:49:56,558 [MainThread  ] [INFO ]  prot_ndxparc2007C_NDX_genion_top.zip
2025-11-01 10:49:56,558 [MainThread  ] [INFO ]  To: 
2025-11-01 10:49:56,558 [MainThread  ] [INFO ]  /host_pwd/ndxparc2007C/sandbox_31d39404-92f8-4fe1-a69c-248900e91158/NDX_posres.itp
2025-11-01 10:49:56,558 [MainThread  ] [INFO ]  /host_pwd/ndxparc2007C/sandbox_31d39404-92f8-4fe1-a69c-248900e91158/NDXparams.itp
2025-11-01 10:49:56,558 [MainThread  ] [INFO ]  /host_pwd/ndxparc2007C/sandbox_31d39404-92f8-4fe1-a69c-248900e91158/ligand.top
2025-11-01 10:49:56,558 [MainThread  ] [INFO ]  /host_pwd/ndxparc2007C/sandbox_31d39404-92f8-4fe1-a69c-248900e91158/p2g_Protein_chain_A.itp
2025-11-01 10:49:56,558 [MainThread  ] [INFO ]  /host_pwd/ndxparc2007C/sandbox_31d39404-92f8-4fe1-a69c-248900e91158/p2g_Protein_chain_B.itp
2025-11-01 10:49:56,559 [MainThread  ] [INFO ]  /host_pwd/ndxparc2007C/sandbox_31d39404-92f8-4fe1-a69c-248900e91158/posre_Protein_chain_A.itp
2025-11-01 10:49:56,559 [MainThread  ] [INFO ]  /host_pwd/ndxparc2007C/sandbox_31d39404-92f8-4fe1-a69c-248900e91158/posre_Protein_chain_B.itp
2025-11-01 10:49:56,561 [MainThread  ] [INFO ]  gmx -nobackup -nocopyright grompp -f /host_pwd/ndxparc2007C/sandbox_31d39404-92f8-4fe1-a69c-248900e91158/grompp.mdp -c /host_pwd/ndxparc2007C/sandbox_31d39404-92f8-4fe1-a69c-248900e91158/prot_ndxparc2007C_NDX_nvt.gro -r /host_pwd/ndxparc2007C/sandbox_31d39404-92f8-4fe1-a69c-248900e91158/prot_ndxparc2007C_NDX_nvt.gro -p /host_pwd/ndxparc2007C/sandbox_31d39404-92f8-4fe1-a69c-248900e91158/ligand.top -o /host_pwd/ndxparc2007C/sandbox_31d39404-92f8-4fe1-a69c-248900e91158/prot_ndxparc2007C_NDX_gppnpt.tpr -po mdout.mdp -maxwarn 10 -t /host_pwd/ndxparc2007C/sandbox_31d39404-92f8-4fe1-a69c-248900e91158/prot_ndxparc2007C_NDX_nvt.cpt -n /host_pwd/ndxparc2007C/sandbox_31d39404-92f8-4fe1-a69c-248900e91158/prot_ndxparc2007C_NDX_index.ndx

2025-11-01 10:50:13,511 [MainThread  ] [INFO ]  Executing: gmx -nobackup -nocopyright grompp -f /host_pwd/ndxparc2007C/sandbox_31d39404-92f...
2025-11-01 10:50:13,511 [MainThread  ] [INFO ]  Exit code: 0
2025-11-01 10:50:13,511 [MainThread  ] [INFO ]  Setting the LD random seed to -529925

Generated 2850 of the 2850 non-bonded parameter combinations

Generated 2850 of the 2850 1-4 parameter combinations

Excluding 3 bonded neighbours molecule type 'Protein_chain_A'

turning H bonds into constraints...

Excluding 3 bonded neighbours molecule type 'Protein_chain_B'

turning H bonds into constraints...

Excluding 3 bonded neighbours molecule type 'NDXparams'

turning H bonds into constraints...

Excluding 2 bonded neighbours molecule type 'SOL'

turning H bonds into constraints...

Excluding 1 bonded neighbours molecule type 'NA'

turning H bonds into constraints...

The center of mass of the position restraint coord's is 13.671 19.336 11.183

The center of mass of the position restraint coord's is 13.671 19.336 11.183

The largest distance between excluded atoms is 0.431 nm between atom 12085 and 12092

Determining Verlet buffer for a tolerance of 0.005 kJ/mol/ps at 300 K

Calculated rlist for 1x1 atom pair-list as 1.036 nm, buffer size 0.036 nm

Set rlist, assuming 4x4 atom pair-list, to 1.000 nm, buffer size 0.000 nm

Note that mdrun will redetermine rlist based on the actual pair-list setup

Reading Coordinates, Velocities and Box size from old trajectory

Will read whole trajectory

Using frame at t = 100 ps

Starting time for run is 0 ps
Calculating fourier grid dimensions for X Y Z
Using a fourier grid of 240x240x240, spacing 0.114 0.114 0.114

Estimate for the relative computational load of the PME mesh part: 0.31

2025-11-01 10:50:13,749 [MainThread  ] [INFO ]  Removed: ['/host_pwd/ndxparc2007C/sandbox_31d39404-92f8-4fe1-a69c-248900e91158', 'mdout.mdp']
2025-11-01 10:50:13,750 [MainThread  ] [INFO ]  
