2025-06-01 19:09:41,009 [MainThread  ] [INFO ]  Executing biobb_gromacs.gromacs.genion Version: 4.2.0
2025-06-01 19:09:41,070 [MainThread  ] [INFO ]  Copy: prot_E6_via_complex_VIA_complex_gppion.tpr to /home/arunima/gitrepos/gromacs_sims/E6_E6AP_Sildenafil/E6/E6_VIA_MD/e9db0547-ce49-47ab-9178-b557c8ead936
2025-06-01 19:09:41,084 [MainThread  ] [INFO ]  Copy: /home/arunima/gitrepos/gromacs_sims/E6_E6AP_Sildenafil/E6/E6_VIA_MD/a20e2209-4cca-4d22-b5f9-885aae166a4d.stdin to /home/arunima/gitrepos/gromacs_sims/E6_E6AP_Sildenafil/E6/E6_VIA_MD/e9db0547-ce49-47ab-9178-b557c8ead936
2025-06-01 19:09:41,188 [MainThread  ] [INFO ]  Extracting: /home/arunima/gitrepos/gromacs_sims/E6_E6AP_Sildenafil/E6/E6_VIA_MD/prot_E6_via_complex_VIA_solvate_top.zip
2025-06-01 19:09:41,189 [MainThread  ] [INFO ]  to:
2025-06-01 19:09:41,189 [MainThread  ] [INFO ]  ['739422d7-7faf-4200-be69-148e3c6047cc/VIA_posres.itp', '739422d7-7faf-4200-be69-148e3c6047cc/VIAparams.itp', '739422d7-7faf-4200-be69-148e3c6047cc/ligand.top', '739422d7-7faf-4200-be69-148e3c6047cc/posre.itp']
2025-06-01 19:09:41,189 [MainThread  ] [INFO ]  Unzipping: 
2025-06-01 19:09:41,189 [MainThread  ] [INFO ]  prot_E6_via_complex_VIA_solvate_top.zip
2025-06-01 19:09:41,189 [MainThread  ] [INFO ]  To: 
2025-06-01 19:09:41,189 [MainThread  ] [INFO ]  739422d7-7faf-4200-be69-148e3c6047cc/VIA_posres.itp
2025-06-01 19:09:41,189 [MainThread  ] [INFO ]  739422d7-7faf-4200-be69-148e3c6047cc/VIAparams.itp
2025-06-01 19:09:41,190 [MainThread  ] [INFO ]  739422d7-7faf-4200-be69-148e3c6047cc/ligand.top
2025-06-01 19:09:41,190 [MainThread  ] [INFO ]  739422d7-7faf-4200-be69-148e3c6047cc/posre.itp
2025-06-01 19:09:41,190 [MainThread  ] [INFO ]  gmx -nobackup -nocopyright genion -s /home/arunima/gitrepos/gromacs_sims/E6_E6AP_Sildenafil/E6/E6_VIA_MD/e9db0547-ce49-47ab-9178-b557c8ead936/prot_E6_via_complex_VIA_complex_gppion.tpr -o /home/arunima/gitrepos/gromacs_sims/E6_E6AP_Sildenafil/E6/E6_VIA_MD/e9db0547-ce49-47ab-9178-b557c8ead936/prot_E6_via_complex_VIA_genion.gro -p 739422d7-7faf-4200-be69-148e3c6047cc/ligand.top -neutral -seed 1993 < /home/arunima/gitrepos/gromacs_sims/E6_E6AP_Sildenafil/E6/E6_VIA_MD/e9db0547-ce49-47ab-9178-b557c8ead936/a20e2209-4cca-4d22-b5f9-885aae166a4d.stdin

2025-06-01 19:09:41,288 [MainThread  ] [INFO ]  Exit code 0

2025-06-01 19:09:41,288 [MainThread  ] [INFO ]  Will try to add 0 NA ions and 8 CL ions.
Select a continuous group of solvent molecules
Selected 15: 'SOL'

Processing topology
Replacing 8 solute molecules in topology file (739422d7-7faf-4200-be69-148e3c6047cc/ligand.top)  by 0 NA and 8 CL ions.

2025-06-01 19:09:41,299 [MainThread  ] [INFO ]  Compressing topology to: /home/arunima/gitrepos/gromacs_sims/E6_E6AP_Sildenafil/E6/E6_VIA_MD/e9db0547-ce49-47ab-9178-b557c8ead936/prot_E6_via_complex_VIA_genion_top.zip
2025-06-01 19:09:41,301 [MainThread  ] [INFO ]  Ignored file 739422d7-7faf-4200-be69-148e3c6047cc/amber99sb-ildn.ff/forcefield.itp
2025-06-01 19:09:41,317 [MainThread  ] [INFO ]  Ignored file 739422d7-7faf-4200-be69-148e3c6047cc/amber99sb-ildn.ff/spce.itp
2025-06-01 19:09:41,317 [MainThread  ] [INFO ]  Ignored file 739422d7-7faf-4200-be69-148e3c6047cc/amber99sb-ildn.ff/ions.itp
2025-06-01 19:09:41,324 [MainThread  ] [INFO ]  Adding:
2025-06-01 19:09:41,324 [MainThread  ] [INFO ]  ['739422d7-7faf-4200-be69-148e3c6047cc/VIA_posres.itp', '739422d7-7faf-4200-be69-148e3c6047cc/VIAparams.itp', '739422d7-7faf-4200-be69-148e3c6047cc/ligand.top', '739422d7-7faf-4200-be69-148e3c6047cc/posre.itp']
2025-06-01 19:09:41,325 [MainThread  ] [INFO ]  to: /home/arunima/gitrepos/gromacs_sims/E6_E6AP_Sildenafil/E6/E6_VIA_MD/prot_E6_via_complex_VIA_genion_top.zip
2025-06-01 19:09:41,327 [MainThread  ] [INFO ]  Removed: ['739422d7-7faf-4200-be69-148e3c6047cc/VIAparams.itp', '739422d7-7faf-4200-be69-148e3c6047cc/VIA_posres.itp', '739422d7-7faf-4200-be69-148e3c6047cc/posre.itp', '739422d7-7faf-4200-be69-148e3c6047cc/ligand.top']
2025-06-01 19:09:41,349 [MainThread  ] [INFO ]  Removed: ['/home/arunima/gitrepos/gromacs_sims/E6_E6AP_Sildenafil/E6/E6_VIA_MD/e9db0547-ce49-47ab-9178-b557c8ead936', '739422d7-7faf-4200-be69-148e3c6047cc', '/home/arunima/gitrepos/gromacs_sims/E6_E6AP_Sildenafil/E6/E6_VIA_MD/a20e2209-4cca-4d22-b5f9-885aae166a4d.stdin']
