2025-06-01 19:09:39,844 [MainThread  ] [INFO ]  Executing biobb_gromacs.gromacs.solvate Version: 4.2.0
2025-06-01 19:09:39,930 [MainThread  ] [INFO ]  Copy: prot_E6_via_complex_VIA_complex_editconf.gro to /home/arunima/gitrepos/gromacs_sims/E6_E6AP_Sildenafil/E6/E6_VIA_MD/91384041-f1f6-4674-98fd-11405d0bea47
2025-06-01 19:09:39,950 [MainThread  ] [INFO ]  Extracting: /home/arunima/gitrepos/gromacs_sims/E6_E6AP_Sildenafil/E6/E6_VIA_MD/prot_E6_via_complex_VIA_complex.top.zip
2025-06-01 19:09:39,950 [MainThread  ] [INFO ]  to:
2025-06-01 19:09:39,950 [MainThread  ] [INFO ]  ['852b02c5-3cc8-4b29-ae02-14bd21d904e1/VIA_posres.itp', '852b02c5-3cc8-4b29-ae02-14bd21d904e1/VIAparams.itp', '852b02c5-3cc8-4b29-ae02-14bd21d904e1/ligand.top', '852b02c5-3cc8-4b29-ae02-14bd21d904e1/posre.itp']
2025-06-01 19:09:39,950 [MainThread  ] [INFO ]  Unzipping: 
2025-06-01 19:09:39,950 [MainThread  ] [INFO ]  prot_E6_via_complex_VIA_complex.top.zip
2025-06-01 19:09:39,950 [MainThread  ] [INFO ]  To: 
2025-06-01 19:09:39,951 [MainThread  ] [INFO ]  852b02c5-3cc8-4b29-ae02-14bd21d904e1/VIA_posres.itp
2025-06-01 19:09:39,951 [MainThread  ] [INFO ]  852b02c5-3cc8-4b29-ae02-14bd21d904e1/VIAparams.itp
2025-06-01 19:09:39,951 [MainThread  ] [INFO ]  852b02c5-3cc8-4b29-ae02-14bd21d904e1/ligand.top
2025-06-01 19:09:39,951 [MainThread  ] [INFO ]  852b02c5-3cc8-4b29-ae02-14bd21d904e1/posre.itp
2025-06-01 19:09:39,951 [MainThread  ] [INFO ]  gmx -nobackup -nocopyright solvate -cp /home/arunima/gitrepos/gromacs_sims/E6_E6AP_Sildenafil/E6/E6_VIA_MD/91384041-f1f6-4674-98fd-11405d0bea47/prot_E6_via_complex_VIA_complex_editconf.gro -cs spc216.gro -o /home/arunima/gitrepos/gromacs_sims/E6_E6AP_Sildenafil/E6/E6_VIA_MD/91384041-f1f6-4674-98fd-11405d0bea47/prot_E6_via_complex_VIA_solvate.gro -p 852b02c5-3cc8-4b29-ae02-14bd21d904e1/ligand.top

2025-06-01 19:09:40,337 [MainThread  ] [INFO ]  Exit code 0

2025-06-01 19:09:40,337 [MainThread  ] [INFO ]  
WARNING: Masses and atomic (Van der Waals) radii will be guessed
         based on residue and atom names, since they could not be
         definitively assigned from the information in your input
         files. These guessed numbers might deviate from the mass
         and radius of the atom type. Please check the output
         files if necessary. Note, that this functionality may
         be removed in a future GROMACS version. Please, consider
         using another file format for your input.

NOTE: From version 5.0 gmx solvate uses the Van der Waals radii
from the source below. This means the results may be different
compared to previous GROMACS versions.

++++ PLEASE READ AND CITE THE FOLLOWING REFERENCE ++++
A. Bondi
van der Waals Volumes and Radii
J. Phys. Chem. 68 (1964) pp. 441-451
-------- -------- --- Thank You --- -------- --------

Adding line for 9227 solvent molecules with resname (SOL) to topology file (852b02c5-3cc8-4b29-ae02-14bd21d904e1/ligand.top)

2025-06-01 19:09:40,349 [MainThread  ] [INFO ]  Compressing topology to: /home/arunima/gitrepos/gromacs_sims/E6_E6AP_Sildenafil/E6/E6_VIA_MD/91384041-f1f6-4674-98fd-11405d0bea47/prot_E6_via_complex_VIA_solvate_top.zip
2025-06-01 19:09:40,350 [MainThread  ] [INFO ]  Ignored file 852b02c5-3cc8-4b29-ae02-14bd21d904e1/amber99sb-ildn.ff/forcefield.itp
2025-06-01 19:09:40,366 [MainThread  ] [INFO ]  Ignored file 852b02c5-3cc8-4b29-ae02-14bd21d904e1/amber99sb-ildn.ff/spce.itp
2025-06-01 19:09:40,366 [MainThread  ] [INFO ]  Ignored file 852b02c5-3cc8-4b29-ae02-14bd21d904e1/amber99sb-ildn.ff/ions.itp
2025-06-01 19:09:40,373 [MainThread  ] [INFO ]  Adding:
2025-06-01 19:09:40,373 [MainThread  ] [INFO ]  ['852b02c5-3cc8-4b29-ae02-14bd21d904e1/VIA_posres.itp', '852b02c5-3cc8-4b29-ae02-14bd21d904e1/VIAparams.itp', '852b02c5-3cc8-4b29-ae02-14bd21d904e1/ligand.top', '852b02c5-3cc8-4b29-ae02-14bd21d904e1/posre.itp']
2025-06-01 19:09:40,373 [MainThread  ] [INFO ]  to: /home/arunima/gitrepos/gromacs_sims/E6_E6AP_Sildenafil/E6/E6_VIA_MD/prot_E6_via_complex_VIA_solvate_top.zip
2025-06-01 19:09:40,376 [MainThread  ] [INFO ]  Removed: ['852b02c5-3cc8-4b29-ae02-14bd21d904e1/VIAparams.itp', '852b02c5-3cc8-4b29-ae02-14bd21d904e1/VIA_posres.itp', '852b02c5-3cc8-4b29-ae02-14bd21d904e1/posre.itp', '852b02c5-3cc8-4b29-ae02-14bd21d904e1/ligand.top']
2025-06-01 19:09:40,379 [MainThread  ] [INFO ]  Removed: ['/home/arunima/gitrepos/gromacs_sims/E6_E6AP_Sildenafil/E6/E6_VIA_MD/91384041-f1f6-4674-98fd-11405d0bea47', '852b02c5-3cc8-4b29-ae02-14bd21d904e1']
