2025-06-01 19:09:45,370 [MainThread  ] [INFO ]  Executing biobb_gromacs.gromacs.make_ndx Version: 4.2.0
2025-06-01 19:09:45,409 [MainThread  ] [INFO ]  Copy: prot_E6_via_complex_VIA_min.gro to /home/arunima/gitrepos/gromacs_sims/E6_E6AP_Sildenafil/E6/E6_VIA_MD/f038af52-bd61-4103-b574-1e9465da81be
2025-06-01 19:09:45,413 [MainThread  ] [INFO ]  Copy: /home/arunima/gitrepos/gromacs_sims/E6_E6AP_Sildenafil/E6/E6_VIA_MD/04fa75a6-3bd6-4b48-acfd-1734978241e3.stdin to /home/arunima/gitrepos/gromacs_sims/E6_E6AP_Sildenafil/E6/E6_VIA_MD/f038af52-bd61-4103-b574-1e9465da81be
2025-06-01 19:09:45,414 [MainThread  ] [INFO ]  gmx -nobackup -nocopyright make_ndx -f /home/arunima/gitrepos/gromacs_sims/E6_E6AP_Sildenafil/E6/E6_VIA_MD/f038af52-bd61-4103-b574-1e9465da81be/prot_E6_via_complex_VIA_min.gro -o /home/arunima/gitrepos/gromacs_sims/E6_E6AP_Sildenafil/E6/E6_VIA_MD/f038af52-bd61-4103-b574-1e9465da81be/prot_E6_via_complex_VIA_index.ndx < /home/arunima/gitrepos/gromacs_sims/E6_E6AP_Sildenafil/E6/E6_VIA_MD/f038af52-bd61-4103-b574-1e9465da81be/04fa75a6-3bd6-4b48-acfd-1734978241e3.stdin

2025-06-01 19:09:45,535 [MainThread  ] [INFO ]  Exit code 0

2025-06-01 19:09:45,535 [MainThread  ] [INFO ]  Going to read 0 old index file(s)
Analysing residue names:
There are:   143    Protein residues
There are:     1      Other residues
There are:  9219      Water residues
There are:     8        Ion residues
Analysing Protein...
Analysing residues not classified as Protein/DNA/RNA/Water and splitting into groups...

  0 System              : 30107 atoms
  1 Protein             :  2405 atoms
  2 Protein-H           :  1206 atoms
  3 C-alpha             :   143 atoms
  4 Backbone            :   429 atoms
  5 MainChain           :   573 atoms
  6 MainChain+Cb        :   712 atoms
  7 MainChain+H         :   711 atoms
  8 SideChain           :  1694 atoms
  9 SideChain-H         :   633 atoms
 10 Prot-Masses         :  2405 atoms
 11 non-Protein         : 27702 atoms
 12 Other               :    37 atoms
 13 VIA                 :    37 atoms
 14 CL                  :     8 atoms
 15 Water               : 27657 atoms
 16 SOL                 : 27657 atoms
 17 non-Water           :  2450 atoms
 18 Ion                 :     8 atoms
 19 Water_and_ions      : 27665 atoms

 nr : group      '!': not  'name' nr name   'splitch' nr    Enter: list groups
 'a': atom       '&': and  'del' nr         'splitres' nr   'l': list residues
 't': atom type  '|': or   'keep' nr        'splitat' nr    'h': help
 'r': residue              'res' nr         'chain' char
 "name": group             'case': case sensitive           'q': save and quit
 'ri': residue index

> 
Copied index group 1 'Protein'
Copied index group 12 'Other'
Merged two groups with OR: 2405 37 -> 2442

> 

2025-06-01 19:09:45,549 [MainThread  ] [INFO ]  Removed: ['/home/arunima/gitrepos/gromacs_sims/E6_E6AP_Sildenafil/E6/E6_VIA_MD/f038af52-bd61-4103-b574-1e9465da81be', '/home/arunima/gitrepos/gromacs_sims/E6_E6AP_Sildenafil/E6/E6_VIA_MD/04fa75a6-3bd6-4b48-acfd-1734978241e3.stdin']
