2025-06-01 19:10:14,175 [MainThread  ] [INFO ]                  :-) GROMACS - gmx grompp, 2024.5-conda_forge (-:

Executable:   /home/arunima/.conda/envs/biobb_wf_protein-complex_md_setup/bin.AVX2_256/gmx
Data prefix:  /home/arunima/.conda/envs/biobb_wf_protein-complex_md_setup
Working dir:  /home/arunima/gitrepos/gromacs_sims/E6_E6AP_Sildenafil/E6/E6_VIA_MD
Command line:
  gmx -nobackup -nocopyright grompp -f /home/arunima/gitrepos/gromacs_sims/E6_E6AP_Sildenafil/E6/E6_VIA_MD/9a933e06-bfbb-473c-8ba8-090174d09f89/grompp.mdp -c /home/arunima/gitrepos/gromacs_sims/E6_E6AP_Sildenafil/E6/E6_VIA_MD/9a933e06-bfbb-473c-8ba8-090174d09f89/prot_E6_via_complex_VIA_nvt.gro -r /home/arunima/gitrepos/gromacs_sims/E6_E6AP_Sildenafil/E6/E6_VIA_MD/9a933e06-bfbb-473c-8ba8-090174d09f89/prot_E6_via_complex_VIA_nvt.gro -p /home/arunima/gitrepos/gromacs_sims/E6_E6AP_Sildenafil/E6/E6_VIA_MD/9a933e06-bfbb-473c-8ba8-090174d09f89/ligand.top -o /home/arunima/gitrepos/gromacs_sims/E6_E6AP_Sildenafil/E6/E6_VIA_MD/9a933e06-bfbb-473c-8ba8-090174d09f89/prot_E6_via_complex_VIA_gppnpt.tpr -po mdout.mdp -maxwarn 10 -t /home/arunima/gitrepos/gromacs_sims/E6_E6AP_Sildenafil/E6/E6_VIA_MD/9a933e06-bfbb-473c-8ba8-090174d09f89/prot_E6_via_complex_VIA_nvt.cpt -n /home/arunima/gitrepos/gromacs_sims/E6_E6AP_Sildenafil/E6/E6_VIA_MD/9a933e06-bfbb-473c-8ba8-090174d09f89/prot_E6_via_complex_VIA_index.ndx

Ignoring obsolete mdp entry 'ns-type'
Generating 1-4 interactions: fudge = 0.5

NOTE 1 [file ligand.top, line 22917]:
  You are combining position restraints with Parrinello-Rahman pressure
  coupling, which can lead to instabilities. If you really want to combine
  position restraints with pressure coupling, we suggest to use C-rescale
  pressure coupling instead.

Number of degrees of freedom in T-Coupling group Protein_Other is 6122.70
Number of degrees of freedom in T-Coupling group Water_and_ions is 55335.30

NOTE 2 [file /home/arunima/gitrepos/gromacs_sims/E6_E6AP_Sildenafil/E6/E6_VIA_MD/9a933e06-bfbb-473c-8ba8-090174d09f89/grompp.mdp]:
  Removing center of mass motion in the presence of position restraints
  might cause artifacts. When you are using position restraints to
  equilibrate a macro-molecule, the artifacts are usually negligible.

Last frame         -1 time  100.000   

There were 2 NOTEs

GROMACS reminds you: "Time is the best appraiser of scientific work, and I am aware that an industrial discovery rarely produces all its fruit in the hands of its first inventor." (Louis Pasteur)


