2025-05-01 12:41:55,526 [MainThread  ] [INFO ]  Executing biobb_gromacs.gromacs.grompp Version: 4.2.0
2025-05-01 12:41:55,619 [MainThread  ] [INFO ]  Copy: prot_pbppen2018C_PEN_min.gro to /home/arunima/gitrepos/gromacs_sims/Antimicrobial_Peptides/Pseudomonas_antibiotics/simulation/pbppen2018C/cf2d7144-4c3d-46fa-b848-20283822b764
2025-05-01 12:41:55,694 [MainThread  ] [INFO ]  Copy: prot_pbppen2018C_PEN_index.ndx to /home/arunima/gitrepos/gromacs_sims/Antimicrobial_Peptides/Pseudomonas_antibiotics/simulation/pbppen2018C/cf2d7144-4c3d-46fa-b848-20283822b764
2025-05-01 12:41:55,719 [MainThread  ] [INFO ]  Extracting: /home/arunima/gitrepos/gromacs_sims/Antimicrobial_Peptides/Pseudomonas_antibiotics/simulation/pbppen2018C/prot_pbppen2018C_PEN_genion_top.zip
2025-05-01 12:41:55,719 [MainThread  ] [INFO ]  to:
2025-05-01 12:41:55,719 [MainThread  ] [INFO ]  ['/home/arunima/gitrepos/gromacs_sims/Antimicrobial_Peptides/Pseudomonas_antibiotics/simulation/pbppen2018C/cf2d7144-4c3d-46fa-b848-20283822b764/PEN_posres.itp', '/home/arunima/gitrepos/gromacs_sims/Antimicrobial_Peptides/Pseudomonas_antibiotics/simulation/pbppen2018C/cf2d7144-4c3d-46fa-b848-20283822b764/PENparams.itp', '/home/arunima/gitrepos/gromacs_sims/Antimicrobial_Peptides/Pseudomonas_antibiotics/simulation/pbppen2018C/cf2d7144-4c3d-46fa-b848-20283822b764/ligand.top', '/home/arunima/gitrepos/gromacs_sims/Antimicrobial_Peptides/Pseudomonas_antibiotics/simulation/pbppen2018C/cf2d7144-4c3d-46fa-b848-20283822b764/posre.itp']
2025-05-01 12:41:55,719 [MainThread  ] [INFO ]  Unzipping: 
2025-05-01 12:41:55,719 [MainThread  ] [INFO ]  prot_pbppen2018C_PEN_genion_top.zip
2025-05-01 12:41:55,719 [MainThread  ] [INFO ]  To: 
2025-05-01 12:41:55,720 [MainThread  ] [INFO ]  /home/arunima/gitrepos/gromacs_sims/Antimicrobial_Peptides/Pseudomonas_antibiotics/simulation/pbppen2018C/cf2d7144-4c3d-46fa-b848-20283822b764/PEN_posres.itp
2025-05-01 12:41:55,720 [MainThread  ] [INFO ]  /home/arunima/gitrepos/gromacs_sims/Antimicrobial_Peptides/Pseudomonas_antibiotics/simulation/pbppen2018C/cf2d7144-4c3d-46fa-b848-20283822b764/PENparams.itp
2025-05-01 12:41:55,720 [MainThread  ] [INFO ]  /home/arunima/gitrepos/gromacs_sims/Antimicrobial_Peptides/Pseudomonas_antibiotics/simulation/pbppen2018C/cf2d7144-4c3d-46fa-b848-20283822b764/ligand.top
2025-05-01 12:41:55,720 [MainThread  ] [INFO ]  /home/arunima/gitrepos/gromacs_sims/Antimicrobial_Peptides/Pseudomonas_antibiotics/simulation/pbppen2018C/cf2d7144-4c3d-46fa-b848-20283822b764/posre.itp
2025-05-01 12:41:55,721 [MainThread  ] [INFO ]  gmx -nobackup -nocopyright grompp -f /home/arunima/gitrepos/gromacs_sims/Antimicrobial_Peptides/Pseudomonas_antibiotics/simulation/pbppen2018C/cf2d7144-4c3d-46fa-b848-20283822b764/grompp.mdp -c /home/arunima/gitrepos/gromacs_sims/Antimicrobial_Peptides/Pseudomonas_antibiotics/simulation/pbppen2018C/cf2d7144-4c3d-46fa-b848-20283822b764/prot_pbppen2018C_PEN_min.gro -r /home/arunima/gitrepos/gromacs_sims/Antimicrobial_Peptides/Pseudomonas_antibiotics/simulation/pbppen2018C/cf2d7144-4c3d-46fa-b848-20283822b764/prot_pbppen2018C_PEN_min.gro -p /home/arunima/gitrepos/gromacs_sims/Antimicrobial_Peptides/Pseudomonas_antibiotics/simulation/pbppen2018C/cf2d7144-4c3d-46fa-b848-20283822b764/ligand.top -o /home/arunima/gitrepos/gromacs_sims/Antimicrobial_Peptides/Pseudomonas_antibiotics/simulation/pbppen2018C/cf2d7144-4c3d-46fa-b848-20283822b764/prot_pbppen2018C_PENgppnvt.tpr -po mdout.mdp -maxwarn 10 -n /home/arunima/gitrepos/gromacs_sims/Antimicrobial_Peptides/Pseudomonas_antibiotics/simulation/pbppen2018C/cf2d7144-4c3d-46fa-b848-20283822b764/prot_pbppen2018C_PEN_index.ndx

2025-05-01 12:42:04,002 [MainThread  ] [INFO ]  Exit code 0

2025-05-01 12:42:04,003 [MainThread  ] [INFO ]  Setting the LD random seed to -568957138

Generated 3081 of the 3081 non-bonded parameter combinations

Generated 3081 of the 3081 1-4 parameter combinations

Excluding 3 bonded neighbours molecule type 'Protein_chain_A'

turning H bonds into constraints...

Excluding 3 bonded neighbours molecule type 'PENparams'

turning H bonds into constraints...

Excluding 2 bonded neighbours molecule type 'SOL'

turning H bonds into constraints...

Excluding 1 bonded neighbours molecule type 'CL'

turning H bonds into constraints...

Setting gen_seed to 1811750270

Velocities were taken from a Maxwell distribution at 300 K

The largest distance between excluded atoms is 0.421 nm between atom 7291 and 7298

Determining Verlet buffer for a tolerance of 0.005 kJ/mol/ps at 300 K

Calculated rlist for 1x1 atom pair-list as 1.036 nm, buffer size 0.036 nm

Set rlist, assuming 4x4 atom pair-list, to 1.000 nm, buffer size 0.000 nm

Note that mdrun will redetermine rlist based on the actual pair-list setup
Calculating fourier grid dimensions for X Y Z
Using a fourier grid of 200x200x200, spacing 0.116 0.116 0.116

Estimate for the relative computational load of the PME mesh part: 0.30

2025-05-01 12:42:04,128 [MainThread  ] [INFO ]  Removed: ['/home/arunima/gitrepos/gromacs_sims/Antimicrobial_Peptides/Pseudomonas_antibiotics/simulation/pbppen2018C/cf2d7144-4c3d-46fa-b848-20283822b764', 'mdout.mdp']
