
======== PDB2PQR/PROPKA STDOUT ========

======== PDB2PQR/PROPKA STDERR ========
INFO:PDB2PQR v3.6.1: biomolecular structure conversion software.
INFO:Please cite:  Jurrus E, et al.  Improvements to the APBS biomolecular solvation software suite.  Protein Sci 27 112-128 (2018).
INFO:Please cite:  Dolinsky TJ, et al.  PDB2PQR: expanding and upgrading automated preparation of biomolecular structures for molecular simulations. Nucleic Acids Res 35 W522-W525 (2007).
INFO:Checking and transforming input arguments.
INFO:Loading topology files.
INFO:Loading molecule: /home/daneel/gitrepos/gromacs_sims/htvs/1stp_btn/1STP_expt.pdb
INFO:Setting up molecule.
WARNING:Unable to find amino or nucleic acid definition for BTN.  Parsing as new residue.
INFO:Created biomolecule object with 122 residues and 917 atoms.
INFO:Setting termini states for biomolecule chains.
INFO:Loading forcefield.
INFO:Loading hydrogen topology definitions.
WARNING:Missing atom OXT in residue VAL A 133
WARNING:Missing atom OXT in residue VAL A 133
INFO:Attempting to repair 1 missing atoms in biomolecule.
WARNING:Missing atom OXT in residue VAL A 133
INFO:Added atom OXT to residue VAL A 133 at coordinates 27.286, -9.443, -2.041
INFO:Updating disulfide bridges.
INFO:Assigning titration states with PROPKA.
INFO:
propka3.5.1                                                                                  2025-12-10

-------------------------------------------------------------------------------
--                                                                           --
--  PROPKA: A PROTEIN PKA PREDICTOR                                          --
--                                                                           --
--  VERSION 1.0,  04/25/2004,  IOWA CITY                                     --
--  BY HUI LI                                                                --
--                                                                           --
--  VERSION 2.0,  11/05/2007, IOWA CITY/COPENHAGEN                           --
--  BY DELPHINE C. BAS AND DAVID M. ROGERS                                   --
--                                                                           --
--  VERSION 3.0,  01/06/2011, COPENHAGEN                                     --
--  BY MATS H.M. OLSSON AND CHRESTEN R. SONDERGARD                           --
--                                                                           --
--  VERSION 3.1,  07/01/2011, COPENHAGEN                                     --
--  BY CHRESTEN R. SONDERGARD AND MATS H.M. OLSSON                           --
--                                                                           --
--  VERSION 3.2,  06/17/2020, PLANET EARTH                                   --
--  SEE ABOVE FOR AUTHORS                                                    --
--                                                                           --
-------------------------------------------------------------------------------


-------------------------------------------------------------------------------
References:

Very Fast Empirical Prediction and Rationalization of Protein pKa Values.
Hui Li, Andrew D. Robertson and Jan H. Jensen. PROTEINS: Structure, Function,
and Bioinformatics. 61:704-721 (2005)

Very Fast Prediction and Rationalization of pKa Values for Protein-Ligand
Complexes.  Delphine C. Bas, David M. Rogers and Jan H. Jensen.  PROTEINS:
Structure, Function, and Bioinformatics 73:765-783 (2008)

PROPKA3: Consistent Treatment of Internal and Surface Residues in Empirical
pKa predictions.  Mats H.M. Olsson, Chresten R. Sondergard, Michal Rostkowski,
and Jan H. Jensen.  Journal of Chemical Theory and Computation, 7(2):525-537
(2011)

Improved Treatment of Ligands and Coupling Effects in Empirical Calculation
and Rationalization of pKa Values.  Chresten R. Sondergaard, Mats H.M. Olsson,
Michal Rostkowski, and Jan H. Jensen.  Journal of Chemical Theory and
Computation, (2011)
-------------------------------------------------------------------------------



INFO:Found NAR group:   903-  N1   300-BTN (A) [  12.443   -0.631   -7.613] N
INFO:Found NAR group:   906-  N2   300-BTN (A) [  12.974   -0.237   -9.695] N
INFO:Found O2  group:   908-  O3   300-BTN (A) [  14.692   -0.446   -8.205] O
INFO:Found OCO group:   916- C11   300-BTN (A) [   9.051    4.576  -14.459] C
INFO:Coupling map:
Covalent coupling map for Conformation container 1A with 1777 atoms and 313 groups
            BTN  N1 A | BTN  N2 A | 
BTN  N1 A             |     X     | 
BTN  N2 A       X     |           | 
INFO:Calculating pKas for Conformation container 1A with 1777 atoms and 313 groups
INFO:Removing penalised groups!!!
INFO:pKa determinants:

---------  -----   ------   ---------------------    --------------    --------------    --------------
                            DESOLVATION  EFFECTS       SIDECHAIN          BACKBONE        COULOMBIC
 RESIDUE    pKa    BURIED     REGULAR      RE        HYDROGEN BOND     HYDROGEN BOND      INTERACTION
---------  -----   ------   ---------   ---------    --------------    --------------    --------------

ASP  36 A   3.19     0 %    0.35  182   0.00    0    0.00 XXX   0 X   -0.48 ASP  36 A   -0.19 ARG  59 A
ASP  36 A                                            0.00 XXX   0 X   -0.29 ALA  38 A    0.00 XXX   0 X

ASP  61 A   3.36     0 %    0.43  221   0.00    0    0.00 XXX   0 X   -0.80 ALA  63 A   -0.07 N+   13 A

ASP  67 A   2.83     0 %    0.32  101   0.00    0   -0.84 SER  69 A   -0.08 ASP  67 A    0.00 XXX   0 X
ASP  67 A                                            0.00 XXX   0 X   -0.36 SER  69 A    0.00 XXX   0 X

ASP 128 A   2.11    56 %    2.65  438   0.00    0   -0.25 ASN  23 A    0.00 XXX   0 X   -0.09 HIS 127 A
ASP 128 A                                           -0.83 GLN  24 A    0.00 XXX   0 X   -0.74 BTN  N1 A
ASP 128 A                                           -0.85 TRP  92 A    0.00 XXX   0 X    0.00 XXX   0 X
ASP 128 A                                           -0.55 TRP 108 A    0.00 XXX   0 X    0.00 XXX   0 X
ASP 128 A                                           -0.18 BTN  O3 A    0.00 XXX   0 X    0.00 XXX   0 X
ASP 128 A                                           -0.85 BTN  N1 A    0.00 XXX   0 X    0.00 XXX   0 X

GLU  14 A   4.58     0 %    0.16  172   0.00    0    0.00 XXX   0 X    0.00 XXX   0 X   -0.08 N+   13 A

GLU  44 A   4.76    10 %    0.40  309   0.01    0    0.00 XXX   0 X    0.00 XXX   0 X   -0.15 ARG  53 A

GLU  51 A   3.81     0 %    0.38  181   0.00    0   -0.76 ARG  84 A    0.00 XXX   0 X   -0.30 ARG  84 A

GLU 101 A   4.67     0 %    0.12  131   0.00    0    0.00 XXX   0 X    0.00 XXX   0 X   -0.06 ARG 103 A
GLU 101 A                                            0.00 XXX   0 X    0.00 XXX   0 X    0.11 C-  133 A

GLU 116 A   4.54     0 %    0.04   61   0.00    0    0.00 XXX   0 X    0.00 XXX   0 X    0.00 XXX   0 X

C-  133 A   3.37     0 %    0.19  191   0.00    0    0.00 XXX   0 X    0.00 XXX   0 X   -0.03 ARG 103 A

HIS  87 A   6.24     0 %   -0.24  188   0.00    0    0.00 XXX   0 X    0.00 XXX   0 X   -0.01 LYS  80 A

HIS 127 A   6.40     0 %   -0.19  226   0.00    0    0.00 XXX   0 X    0.00 XXX   0 X    0.09 ASP 128 A

TYR  22 A  10.35     0 %    0.30  241   0.00    0    0.00 XXX   0 X    0.00 XXX   0 X   -0.00 ARG  53 A
TYR  22 A                                            0.00 XXX   0 X    0.00 XXX   0 X    0.05 C-  133 A

TYR  43 A  13.64    88 %    4.09  527   0.00    0   -0.02 ASN  23 A    0.00 XXX   0 X    0.66 ASP 128 A
TYR  43 A                                           -0.23 SER  27 A    0.00 XXX   0 X    0.00 XXX   0 X
TYR  43 A                                           -0.85 BTN  O3 A    0.00 XXX   0 X    0.00 XXX   0 X

TYR  54 A  10.31     9 %    1.08  306   0.00    0   -0.01 ASN  81 A   -0.81 GLU  51 A    0.02 GLU  44 A
TYR  54 A                                            0.00 XXX   0 X    0.00 XXX   0 X    0.14 GLU  51 A
TYR  54 A                                            0.00 XXX   0 X    0.00 XXX   0 X   -0.18 ARG  84 A
TYR  54 A                                            0.00 XXX   0 X    0.00 XXX   0 X    0.07 BTN C11 A

TYR  60 A  10.86     0 %    0.63  269   0.00    0    0.00 XXX   0 X    0.00 XXX   0 X    0.13 GLU  14 A
TYR  60 A                                            0.00 XXX   0 X    0.00 XXX   0 X    0.11 ASP  36 A
TYR  60 A                                            0.00 XXX   0 X    0.00 XXX   0 X   -0.04 ARG  59 A
TYR  60 A                                            0.00 XXX   0 X    0.00 XXX   0 X    0.03 ASP  61 A

TYR  83 A  10.18     0 %    0.12  132   0.00    0    0.00 XXX   0 X    0.00 XXX   0 X    0.07 GLU  51 A

TYR  96 A  10.78    22 %    0.78  343   0.00    0    0.00 XXX   0 X    0.00 XXX   0 X    0.00 XXX   0 X

LYS  80 A  10.36     0 %   -0.14  176   0.00    0    0.00 XXX   0 X    0.00 XXX   0 X    0.00 XXX   0 X

LYS 121 A  10.35     0 %   -0.15  104   0.00    0    0.00 XXX   0 X    0.00 XXX   0 X    0.00 XXX   0 X

LYS 132 A   9.77    10 %   -0.73  310   0.00    0    0.00 XXX   0 X    0.00 XXX   0 X    0.00 XXX   0 X

ARG  53 A  12.41     0 %   -0.24  238   0.00    0    0.00 XXX   0 X    0.00 XXX   0 X    0.00 TYR  22 A
ARG  53 A                                            0.00 XXX   0 X    0.00 XXX   0 X    0.15 GLU  44 A

ARG  59 A  12.45     0 %   -0.27  193   0.00    0    0.00 XXX   0 X    0.00 XXX   0 X    0.19 ASP  36 A
ARG  59 A                                            0.00 XXX   0 X    0.00 XXX   0 X    0.04 TYR  60 A

ARG  84 A  13.42     0 %   -0.37  204   0.00    0    0.76 GLU  51 A    0.00 XXX   0 X    0.18 TYR  54 A
ARG  84 A                                            0.00 XXX   0 X    0.00 XXX   0 X    0.04 BTN C11 A
ARG  84 A                                            0.00 XXX   0 X    0.00 XXX   0 X    0.30 GLU  51 A

ARG 103 A  12.18     0 %   -0.41  266   0.00    0    0.00 XXX   0 X    0.00 XXX   0 X    0.06 GLU 101 A
ARG 103 A                                            0.00 XXX   0 X    0.00 XXX   0 X    0.03 C-  133 A

N+   13 A   7.42     9 %   -0.73  307   0.00    0    0.00 XXX   0 X    0.00 XXX   0 X    0.08 GLU  14 A
N+   13 A                                            0.00 XXX   0 X    0.00 XXX   0 X    0.07 ASP  61 A

BTN  N1 A   4.20    63 %   -2.41  458   0.00    0    0.85 ASP 128 A    0.00 XXX   0 X    0.02 BTN C11 A
BTN  N1 A                                            0.00 XXX   0 X    0.00 XXX   0 X    0.74 ASP 128 A

BTN C11 A   3.80    25 %    0.92  351   0.00    0   -0.82 SER  88 A   -0.74 ASN  49 A   -0.04 ARG  84 A
BTN C11 A                                            0.00 XXX   0 X    0.00 XXX   0 X   -0.02 BTN  N1 A


INFO:pKa summary:
--------------------------------------------------------------------------------------------------------
SUMMARY OF THIS PREDICTION
       Group      pKa  model-pKa   ligand atom-type
   ASP  36 A     3.19       3.80                      
   ASP  61 A     3.36       3.80                      
   ASP  67 A     2.83       3.80                      
   ASP 128 A     2.11       3.80                      
   GLU  14 A     4.58       4.50                      
   GLU  44 A     4.76       4.50                      
   GLU  51 A     3.81       4.50                      
   GLU 101 A     4.67       4.50                      
   GLU 116 A     4.54       4.50                      
   C-  133 A     3.37       3.20                      
   HIS  87 A     6.24       6.50                      
   HIS 127 A     6.40       6.50                      
   TYR  22 A    10.35      10.00                      
   TYR  43 A    13.64      10.00                      
   TYR  54 A    10.31      10.00                      
   TYR  60 A    10.86      10.00                      
   TYR  83 A    10.18      10.00                      
   TYR  96 A    10.78      10.00                      
   LYS  80 A    10.36      10.50                      
   LYS 121 A    10.35      10.50                      
   LYS 132 A     9.77      10.50                      
   ARG  53 A    12.41      12.50                      
   ARG  59 A    12.45      12.50                      
   ARG  84 A    13.42      12.50                      
   ARG 103 A    12.18      12.50                      
   N+   13 A     7.42       8.00                      
   BTN  N1 A     4.20       5.00                NAR   
   BTN C11 A     3.80       4.50                OCO   

INFO:PROPKA information:
--------------------------------------------------------------------------------------------------------
Free energy of   folding (kcal/mol) as a function of pH (using neutral reference)
  0.00      8.43
  1.00      8.38
  2.00      7.97
  3.00      6.25
  4.00      2.87
  5.00      0.25
  6.00     -0.63
  7.00     -1.09
  8.00     -1.56
  9.00     -1.67
 10.00     -0.85
 11.00      1.12
 12.00      2.74
 13.00      4.24
 14.00      5.40

The pH of optimum stability is  8.7 for which the free energy is   -1.7 kcal/mol at 298K
The free energy is within 80 % of maximum at pH  7.6 to  9.5
The free energy is negative in the range  5.2 - 10.4


Protein charge of folded and unfolded state as a function of pH
    pH  unfolded  folded
  0.00     12.00   11.99
  0.10     12.00   11.99
  0.20     12.00   11.98
  0.30     12.00   11.98
  0.40     12.00   11.97
  0.50     12.00   11.96
  0.60     11.99   11.96
  0.70     11.99   11.94
  0.80     11.99   11.93
  0.90     11.99   11.91
  1.00     11.99   11.89
  1.10     11.98   11.86
  1.20     11.98   11.83
  1.30     11.97   11.79
  1.40     11.96   11.74
  1.50     11.95   11.69
  1.60     11.94   11.62
  1.70     11.93   11.54
  1.80     11.91   11.45
  1.90     11.89   11.34
  2.00     11.86   11.22
  2.10     11.82   11.08
  2.20     11.78   10.92
  2.30     11.72   10.75
  2.40     11.66   10.55
  2.50     11.58   10.33
  2.60     11.48   10.09
  2.70     11.36    9.83
  2.80     11.22    9.54
  2.90     11.06    9.22
  3.00     10.86    8.88
  3.10     10.64    8.51
  3.20     10.38    8.11
  3.30     10.09    7.69
  3.40      9.76    7.26
  3.50      9.39    6.81
  3.60      8.99    6.35
  3.70      8.55    5.88
  3.80      8.08    5.41
  3.90      7.58    4.94
  4.00      7.05    4.47
  4.10      6.51    4.01
  4.20      5.94    3.56
  4.30      5.37    3.11
  4.40      4.79    2.68
  4.50      4.21    2.26
  4.60      3.65    1.85
  4.70      3.10    1.47
  4.80      2.58    1.12
  4.90      2.09    0.78
  5.00      1.63    0.48
  5.10      1.22    0.20
  5.20      0.84   -0.05
  5.30      0.50   -0.27
  5.40      0.19   -0.48
  5.50     -0.08   -0.67
  5.60     -0.32   -0.84
  5.70     -0.54   -1.01
  5.80     -0.74   -1.17
  5.90     -0.92   -1.32
  6.00     -1.10   -1.48
  6.10     -1.27   -1.63
  6.20     -1.43   -1.78
  6.30     -1.59   -1.94
  6.40     -1.75   -2.09
  6.50     -1.90   -2.24
  6.60     -2.05   -2.38
  6.70     -2.20   -2.52
  6.80     -2.33   -2.66
  6.90     -2.46   -2.78
  7.00     -2.58   -2.91
  7.10     -2.69   -3.02
  7.20     -2.79   -3.13
  7.30     -2.89   -3.23
  7.40     -2.98   -3.33
  7.50     -3.07   -3.42
  7.60     -3.15   -3.51
  7.70     -3.24   -3.59
  7.80     -3.33   -3.66
  7.90     -3.42   -3.73
  8.00     -3.50   -3.79
  8.10     -3.59   -3.85
  8.20     -3.68   -3.90
  8.30     -3.77   -3.95
  8.40     -3.86   -4.00
  8.50     -3.95   -4.05
  8.60     -4.05   -4.10
  8.70     -4.15   -4.16
  8.80     -4.27   -4.22
  8.90     -4.40   -4.30
  9.00     -4.54   -4.38
  9.10     -4.71   -4.49
  9.20     -4.90   -4.61
  9.30     -5.13   -4.75
  9.40     -5.39   -4.92
  9.50     -5.69   -5.11
  9.60     -6.02   -5.34
  9.70     -6.40   -5.59
  9.80     -6.81   -5.88
  9.90     -7.26   -6.20
 10.00     -7.72   -6.55
 10.10     -8.21   -6.93
 10.20     -8.69   -7.32
 10.30     -9.18   -7.73
 10.40     -9.65   -8.15
 10.50    -10.09   -8.57
 10.60    -10.51   -8.98
 10.70    -10.90   -9.38
 10.80    -11.25   -9.75
 10.90    -11.57  -10.11
 11.00    -11.86  -10.43
 11.10    -12.11  -10.74
 11.20    -12.34  -11.01
 11.30    -12.54  -11.27
 11.40    -12.73  -11.51
 11.50    -12.91  -11.73
 11.60    -13.08  -11.94
 11.70    -13.25  -12.15
 11.80    -13.43  -12.35
 11.90    -13.61  -12.56
 12.00    -13.81  -12.77
 12.10    -14.02  -12.98
 12.20    -14.24  -13.19
 12.30    -14.47  -13.41
 12.40    -14.71  -13.63
 12.50    -14.95  -13.85
 12.60    -15.19  -14.07
 12.70    -15.42  -14.28
 12.80    -15.64  -14.49
 12.90    -15.84  -14.69
 13.00    -16.02  -14.88
 13.10    -16.18  -15.07
 13.20    -16.32  -15.25
 13.30    -16.45  -15.42
 13.40    -16.55  -15.59
 13.50    -16.63  -15.75
 13.60    -16.70  -15.91
 13.70    -16.76  -16.05
 13.80    -16.81  -16.19
 13.90    -16.84  -16.31
 14.00    -16.88  -16.42
The pI is  5.18 (folded) and  5.47 (unfolded)

--------------------------------------------------------------------------------------------------------
INFO:Applying pKa values at a pH of 7.40:
WARNING:PDB2PQR could not identify the following residues and residue numbers as returned by PROPKA or PDB2PKA
WARNING:             BTN 300 A
INFO:Adding hydrogens to biomolecule.
INFO:Optimizing hydrogen bonds
INFO:Applying force field to biomolecule states.
INFO:Regenerating headers.
INFO:Regenerating PDB lines.
WARNING:Ignoring 1350 header lines in output.
WARNING:Ignoring 16 missing lines in output.

======== Prepare_Receptor4 STDOUT ========
adding gasteiger charges to peptide

======== Prepare_Receptor4 STDERR ========

======== Prepare_Ligand4 STDOUT ========

======== Prepare_Ligand4 STDERR ========

======== AutoGrid4 STDOUT ========

======== AutoGrid4 STDERR ========

======== AutoLigand Site Search (Automatic) STDOUT ========
total grid points =  101283
done loading affinity maps, now track through all points and find (ten) best start points
10 Unique Results:  (note, some starting points converge to same answer, so may be less than 10)
Output # 1  Total Volume =  234.0  Total Energy per Vol, EPV =  -0.21407848290598294  (Kcal/mol A**3)
Output # 2  Total Volume =  275.0  Total Energy per Vol, EPV =  -0.18103658181818183  (Kcal/mol A**3)
Output # 3  Total Volume =  298.0  Total Energy per Vol, EPV =  -0.15050755033557037  (Kcal/mol A**3)
Output # 4  Total Volume =  300.0  Total Energy per Vol, EPV =  -0.14988023333333322  (Kcal/mol A**3)
Output # 5  Total Volume =  327.0  Total Energy per Vol, EPV =  -0.14569175840978593  (Kcal/mol A**3)
Output # 6  Total Volume =  303.0  Total Energy per Vol, EPV =  -0.13857382838283838  (Kcal/mol A**3)
Output # 7  Total Volume =  299.0  Total Energy per Vol, EPV =  -0.13788538461538463  (Kcal/mol A**3)
Output # 8  Total Volume =  322.0  Total Energy per Vol, EPV =  -0.13534517080745342  (Kcal/mol A**3)
Output # 9  Total Volume =  315.0  Total Energy per Vol, EPV =  -0.129585  (Kcal/mol A**3)
Output # 10  Total Volume =  346.0  Total Energy per Vol, EPV =  -0.12562546242774564  (Kcal/mol A**3)

======== AutoLigand Site Search (Automatic) STDERR ========

======== AutoDock Vina (Site 1) STDOUT ========

======== AutoDock Vina (Site 1) STDERR ========

======== AutoDock Vina (Site 2) STDOUT ========

======== AutoDock Vina (Site 2) STDERR ========

======== AutoDock Vina (Site 3) STDOUT ========

======== AutoDock Vina (Site 3) STDERR ========

======== AutoDock Vina (Site 4) STDOUT ========

======== AutoDock Vina (Site 4) STDERR ========

======== AutoDock Vina (Site 5) STDOUT ========

======== AutoDock Vina (Site 5) STDERR ========

======== AutoDock Vina (Site 6) STDOUT ========

======== AutoDock Vina (Site 6) STDERR ========

======== AutoDock Vina (Site 7) STDOUT ========

======== AutoDock Vina (Site 7) STDERR ========

======== AutoDock Vina (Site 8) STDOUT ========

======== AutoDock Vina (Site 8) STDERR ========

======== AutoDock Vina (Site 9) STDOUT ========

======== AutoDock Vina (Site 9) STDERR ========

======== AutoDock Vina (Site 10) STDOUT ========

======== AutoDock Vina (Site 10) STDERR ========
