                :-) GROMACS - gmx mdrun, 2024.4-conda_forge (-:

Copyright 1991-2024 The GROMACS Authors.
GROMACS is free software; you can redistribute it and/or modify it
under the terms of the GNU Lesser General Public License
as published by the Free Software Foundation; either version 2.1
of the License, or (at your option) any later version.

                         Current GROMACS contributors:
       Mark Abraham           Andrey Alekseenko           Vladimir Basov      
      Cathrine Bergh            Eliane Briand               Ania Brown        
      Mahesh Doijade            Giacomo Fiorin          Stefan Fleischmann    
      Sergey Gorelov         Gilles Gouaillardet            Alan Gray         
     M. Eric Irrgang         Farzaneh Jalalypour            Joe Jordan        
     Carsten Kutzner           Justin A. Lemkul          Magnus Lundborg      
       Pascal Merz              Vedran Miletic            Dmitry Morozov      
       Julien Nabet              Szilard Pall        Andrea Pasquadibisceglie 
    Michele Pellegrino          Hubert Santuz             Roland Schulz       
     Tatiana Shugaeva          Alexey Shvetsov            Philip Turner       
     Alessandra Villa      Sebastian Wingbermuehle  

                         Previous GROMACS contributors:
        Emile Apol             Rossen Apostolov           James Barnett       
        Paul Bauer          Herman J.C. Berendsen          Par Bjelkmar       
      Christian Blau          Viacheslav Bolnykh            Kevin Boyd        
    Aldert van Buuren          Carlo Camilloni           Rudi van Drunen      
      Anton Feenstra           Oliver Fleetwood            Vytas Gapsys       
       Gaurav Garg             Gerrit Groenhof            Bert de Groot       
      Anca Hamuraru           Vincent Hindriksen          Victor Holanda      
     Aleksei Iupinov          Christoph Junghans        Prashanth Kanduri     
   Dimitrios Karkoulis           Peter Kasson             Sebastian Kehl      
     Sebastian Keller             Jiri Kraus               Per Larsson        
      Viveca Lindahl            Erik Marklund           Pieter Meulenhoff     
      Teemu Murtola              Sander Pronk             Michael Shirts      
      Alfons Sijbers            Balint Soproni         David van der Spoel    
      Peter Tieleman            Carsten Uphoff             Jon Vincent        
     Teemu Virolainen         Christian Wennberg           Maarten Wolf       
      Artem Zhmurov       

                  Coordinated by the GROMACS project leaders:
                           Berk Hess and Erik Lindahl

GROMACS:      gmx mdrun, version 2024.4-conda_forge
Executable:   /usr/local/bin.AVX2_256/gmx
Data prefix:  /usr/local
Working dir:  /host_pwd/ku04amp01/sys_equi/01_equi_CA
Process ID:   1009671
Command line:
  gmx mdrun -s equi_CA_ku04amp01.tpr -deffnm equi_CA_ku04amp01 -nt 12 -ntmpi 0 -nsteps -2 -nocopyright -gpu_id 0

GROMACS version:     2024.4-conda_forge
Precision:           mixed
Memory model:        64 bit
MPI library:         thread_mpi
OpenMP support:      enabled (GMX_OPENMP_MAX_THREADS = 128)
GPU support:         CUDA
NBNxM GPU setup:     super-cluster 2x2x2 / cluster 8
SIMD instructions:   AVX2_256
CPU FFT library:     fftw-3.3.10-sse2-avx
GPU FFT library:     cuFFT
Multi-GPU FFT:       none
RDTSCP usage:        disabled
TNG support:         enabled
Hwloc support:       disabled
Tracing support:     disabled
C compiler:          /home/conda/feedstock_root/build_artifacts/gromacs_1730738703188/_build_env/bin/x86_64-conda-linux-gnu-cc GNU 11.4.0
C compiler flags:    -fexcess-precision=fast -funroll-all-loops -mavx2 -mfma -Wno-missing-field-initializers -O3 -DNDEBUG
C++ compiler:        /home/conda/feedstock_root/build_artifacts/gromacs_1730738703188/_build_env/bin/x86_64-conda-linux-gnu-c++ GNU 11.4.0
C++ compiler flags:  -fexcess-precision=fast -funroll-all-loops -mavx2 -mfma -Wno-missing-field-initializers -Wno-cast-function-type-strict SHELL:-fopenmp -O3 -DNDEBUG
BLAS library:        Internal
LAPACK library:      Internal
CUDA compiler:       /usr/local/cuda/bin/nvcc nvcc: NVIDIA (R) Cuda compiler driver;Copyright (c) 2005-2022 NVIDIA Corporation;Built on Wed_Sep_21_10:33:58_PDT_2022;Cuda compilation tools, release 11.8, V11.8.89;Build cuda_11.8.r11.8/compiler.31833905_0
CUDA compiler flags:-std=c++17;--generate-code=arch=compute_35,code=sm_35;--generate-code=arch=compute_37,code=sm_37;--generate-code=arch=compute_50,code=sm_50;--generate-code=arch=compute_52,code=sm_52;--generate-code=arch=compute_60,code=sm_60;--generate-code=arch=compute_61,code=sm_61;--generate-code=arch=compute_70,code=sm_70;--generate-code=arch=compute_75,code=sm_75;--generate-code=arch=compute_80,code=sm_80;--generate-code=arch=compute_86,code=sm_86;--generate-code=arch=compute_89,code=sm_89;--generate-code=arch=compute_90,code=sm_90;-Wno-deprecated-gpu-targets;--generate-code=arch=compute_53,code=sm_53;--generate-code=arch=compute_80,code=sm_80;-use_fast_math;-Xptxas;-warn-double-usage;-Xptxas;-Werror;;-Xcompiler;-fopenmp;-fexcess-precision=fast -funroll-all-loops -mavx2 -mfma -Wno-missing-field-initializers -Wno-cast-function-type-strict SHELL:-fopenmp -O3 -DNDEBUG
CUDA driver:         12.20
CUDA runtime:        11.80


Running on 1 node with total 6 cores, 12 processing units, 1 compatible GPU
Hardware detected on host sudarshan:
  CPU info:
    Vendor: Intel
    Brand:  Intel(R) Core(TM) i7-8750H CPU @ 2.20GHz
    Family: 6   Model: 158   Stepping: 10
    Features: aes apic avx avx2 clfsh cmov cx8 cx16 f16c fma htt intel lahf mmx msr nonstop_tsc pcid pclmuldq pdcm pdpe1gb popcnt pse rdrnd rdtscp sse2 sse3 sse4.1 sse4.2 ssse3 tdt x2apic
  Hardware topology: Basic
    Packages, cores, and logical processors:
    [indices refer to OS logical processors]
      Package  0: [   0   6] [   1   7] [   2   8] [   3   9] [   4  10] [   5  11]
    CPU limit set by OS: -1   Recommended max number of threads: 12
  GPU info:
    Number of GPUs detected: 1
    #0: NVIDIA NVIDIA GeForce GTX 1050, compute cap.: 6.1, ECC:  no, stat: compatible

The current CPU can measure timings more accurately than the code in
gmx mdrun was configured to use. This might affect your simulation
speed as accurate timings are needed for load-balancing.
Please consider rebuilding gmx mdrun with the GMX_USE_RDTSCP=ON CMake option.

++++ PLEASE READ AND CITE THE FOLLOWING REFERENCE ++++
M. J. Abraham, T. Murtola, R. Schulz, S. Páll, J. C. Smith, B. Hess, E.
Lindahl
GROMACS: High performance molecular simulations through multi-level
parallelism from laptops to supercomputers
SoftwareX 1 (2015) pp. 19-25
-------- -------- --- Thank You --- -------- --------


++++ PLEASE READ AND CITE THE FOLLOWING REFERENCE ++++
S. Páll, M. J. Abraham, C. Kutzner, B. Hess, E. Lindahl
Tackling Exascale Software Challenges in Molecular Dynamics Simulations with
GROMACS
In S. Markidis & E. Laure (Eds.), Solving Software Challenges for Exascale 8759 (2015) pp. 3-27
-------- -------- --- Thank You --- -------- --------


++++ PLEASE READ AND CITE THE FOLLOWING REFERENCE ++++
S. Pronk, S. Páll, R. Schulz, P. Larsson, P. Bjelkmar, R. Apostolov, M. R.
Shirts, J. C. Smith, P. M. Kasson, D. van der Spoel, B. Hess, and E. Lindahl
GROMACS 4.5: a high-throughput and highly parallel open source molecular
simulation toolkit
Bioinformatics 29 (2013) pp. 845-54
-------- -------- --- Thank You --- -------- --------


++++ PLEASE READ AND CITE THE FOLLOWING REFERENCE ++++
B. Hess and C. Kutzner and D. van der Spoel and E. Lindahl
GROMACS 4: Algorithms for highly efficient, load-balanced, and scalable
molecular simulation
J. Chem. Theory Comput. 4 (2008) pp. 435-447
-------- -------- --- Thank You --- -------- --------


++++ PLEASE READ AND CITE THE FOLLOWING REFERENCE ++++
D. van der Spoel, E. Lindahl, B. Hess, G. Groenhof, A. E. Mark and H. J. C.
Berendsen
GROMACS: Fast, Flexible and Free
J. Comp. Chem. 26 (2005) pp. 1701-1719
-------- -------- --- Thank You --- -------- --------


++++ PLEASE READ AND CITE THE FOLLOWING REFERENCE ++++
E. Lindahl and B. Hess and D. van der Spoel
GROMACS 3.0: A package for molecular simulation and trajectory analysis
J. Mol. Mod. 7 (2001) pp. 306-317
-------- -------- --- Thank You --- -------- --------


++++ PLEASE READ AND CITE THE FOLLOWING REFERENCE ++++
H. J. C. Berendsen, D. van der Spoel and R. van Drunen
GROMACS: A message-passing parallel molecular dynamics implementation
Comp. Phys. Comm. 91 (1995) pp. 43-56
-------- -------- --- Thank You --- -------- --------

Input Parameters:
   integrator                     = md
   tinit                          = 0
   dt                             = 0.002
   nsteps                         = 500000
   init-step                      = 0
   simulation-part                = 1
   mts                            = false
   mass-repartition-factor        = 1
   comm-mode                      = None
   nstcomm                        = 0
   bd-fric                        = 0
   ld-seed                        = 1609280487
   emtol                          = 10
   emstep                         = 0.01
   niter                          = 20
   fcstep                         = 0
   nstcgsteep                     = 1000
   nbfgscorr                      = 10
   rtpi                           = 0.05
   nstxout                        = 200000
   nstvout                        = 200000
   nstfout                        = 0
   nstlog                         = 5000
   nstcalcenergy                  = 100
   nstenergy                      = 5000
   nstxout-compressed             = 5000
   compressed-x-precision         = 1000
   cutoff-scheme                  = Verlet
   nstlist                        = 10
   pbc                            = xyz
   periodic-molecules             = false
   verlet-buffer-tolerance        = 0.005
   verlet-buffer-pressure-tolerance = 0.5
   rlist                          = 1
   coulombtype                    = PME
   coulomb-modifier               = Potential-shift
   rcoulomb-switch                = 0
   rcoulomb                       = 1
   epsilon-r                      = 1
   epsilon-rf                     = inf
   vdw-type                       = Cut-off
   vdw-modifier                   = Potential-shift
   rvdw-switch                    = 0
   rvdw                           = 1
   DispCorr                       = EnerPres
   table-extension                = 1
   fourierspacing                 = 0.12
   fourier-nx                     = 72
   fourier-ny                     = 72
   fourier-nz                     = 72
   pme-order                      = 4
   ewald-rtol                     = 1e-05
   ewald-rtol-lj                  = 0.001
   lj-pme-comb-rule               = Geometric
   ewald-geometry                 = 3d
   epsilon-surface                = 0
   ensemble-temperature-setting   = constant
   ensemble-temperature           = 310
   tcoupl                         = V-rescale
   nsttcouple                     = 10
   nh-chain-length                = 0
   print-nose-hoover-chain-variables = false
   pcoupl                         = Berendsen
   pcoupltype                     = Isotropic
   nstpcouple                     = 100
   tau-p                          = 5
   compressibility (3x3):
      compressibility[    0]={ 4.50000e-05,  0.00000e+00,  0.00000e+00}
      compressibility[    1]={ 0.00000e+00,  4.50000e-05,  0.00000e+00}
      compressibility[    2]={ 0.00000e+00,  0.00000e+00,  4.50000e-05}
   ref-p (3x3):
      ref-p[    0]={ 1.00000e+00,  0.00000e+00,  0.00000e+00}
      ref-p[    1]={ 0.00000e+00,  1.00000e+00,  0.00000e+00}
      ref-p[    2]={ 0.00000e+00,  0.00000e+00,  1.00000e+00}
   refcoord-scaling               = COM
   posres-com (3):
      posres-com[0]= 5.08399e-01
      posres-com[1]= 4.33387e-01
      posres-com[2]= 5.00629e-01
   posres-comB (3):
      posres-comB[0]= 5.08399e-01
      posres-comB[1]= 4.33387e-01
      posres-comB[2]= 5.00629e-01
   QMMM                           = false
qm-opts:
   ngQM                           = 0
   constraint-algorithm           = Lincs
   continuation                   = false
   Shake-SOR                      = false
   shake-tol                      = 0.0001
   lincs-order                    = 4
   lincs-iter                     = 1
   lincs-warnangle                = 30
   nwall                          = 0
   wall-type                      = 9-3
   wall-r-linpot                  = -1
   wall-atomtype[0]               = -1
   wall-atomtype[1]               = -1
   wall-density[0]                = 0
   wall-density[1]                = 0
   wall-ewald-zfac                = 3
   pull                           = false
   awh                            = false
   rotation                       = false
   interactiveMD                  = false
   disre                          = Simple
   disre-weighting                = Conservative
   disre-mixed                    = false
   dr-fc                          = 1000
   dr-tau                         = 0
   nstdisreout                    = 0
   orire-fc                       = 0
   orire-tau                      = 0
   nstorireout                    = 100
   free-energy                    = no
   cos-acceleration               = 0
   deform (3x3):
      deform[    0]={ 0.00000e+00,  0.00000e+00,  0.00000e+00}
      deform[    1]={ 0.00000e+00,  0.00000e+00,  0.00000e+00}
      deform[    2]={ 0.00000e+00,  0.00000e+00,  0.00000e+00}
   simulated-tempering            = false
   swapcoords                     = no
   userint1                       = 0
   userint2                       = 0
   userint3                       = 0
   userint4                       = 0
   userreal1                      = 0
   userreal2                      = 0
   userreal3                      = 0
   userreal4                      = 0
   applied-forces:
     electric-field:
       x:
         E0                       = 0
         omega                    = 0
         t0                       = 0
         sigma                    = 0
       y:
         E0                       = 0
         omega                    = 0
         t0                       = 0
         sigma                    = 0
       z:
         E0                       = 0
         omega                    = 0
         t0                       = 0
         sigma                    = 0
     density-guided-simulation:
       active                     = false
       group                      = protein
       similarity-measure         = inner-product
       atom-spreading-weight      = unity
       force-constant             = 1e+09
       gaussian-transform-spreading-width = 0.2
       gaussian-transform-spreading-range-in-multiples-of-width = 4
       reference-density-filename = reference.mrc
       nst                        = 1
       normalize-densities        = true
       adaptive-force-scaling     = false
       adaptive-force-scaling-time-constant = 4
       shift-vector               = 
       transformation-matrix      = 
     qmmm-cp2k:
       active                     = false
       qmgroup                    = System
       qmmethod                   = PBE
       qmfilenames                = 
       qmcharge                   = 0
       qmmultiplicity             = 1
     colvars:
       active                     = false
       configfile                 = 
       seed                       = -1
grpopts:
   nrdf:        1405       86478
   ref-t:         310         310
   tau-t:         0.1         0.1
annealing:          No          No
annealing-npoints:           0           0
   acc:	           0           0           0
   nfreeze:           N           N           N
   energygrp-flags[  0]: 0

Changing nstlist from 10 to 100, rlist from 1 to 1.166


When checking whether update groups are usable:
  Domain decomposition is not active, so there is no need for update groups
1 GPU selected for this run.
Mapping of GPU IDs to the 2 GPU tasks in the 1 rank on this node:
  PP:0,PME:0
PP tasks will do (non-perturbed) short-ranged interactions on the GPU
PP task will update and constrain coordinates on the GPU
PME tasks will do all aspects on the GPU
Using 1 MPI thread
Using 12 OpenMP threads 

System total charge: 0.000
Will do PME sum in reciprocal space for electrostatic interactions.

++++ PLEASE READ AND CITE THE FOLLOWING REFERENCE ++++
U. Essmann, L. Perera, M. L. Berkowitz, T. Darden, H. Lee and L. G. Pedersen 
A smooth particle mesh Ewald method
J. Chem. Phys. 103 (1995) pp. 8577-8592
-------- -------- --- Thank You --- -------- --------

Using a Gaussian width (1/beta) of 0.320163 nm for Ewald
Potential shift: LJ r^-12: -1.000e+00 r^-6: -1.000e+00, Ewald -1.000e-05
Initialized non-bonded Coulomb Ewald tables, spacing: 9.33e-04 size: 1073

Generated table with 1083 data points for 1-4 COUL.
Tabscale = 500 points/nm
Generated table with 1083 data points for 1-4 LJ6.
Tabscale = 500 points/nm
Generated table with 1083 data points for 1-4 LJ12.
Tabscale = 500 points/nm
Long Range LJ corr.: <C6> 2.8523e-04


Using GPU 8x8 nonbonded short-range kernels

Using a dual 8x8 pair-list setup updated with dynamic, rolling pruning:
  outer list: updated every 100 steps, buffer 0.166 nm, rlist 1.166 nm
  inner list: updated every  10 steps, buffer 0.003 nm, rlist 1.003 nm
At tolerance 0.005 kJ/mol/ps per atom, equivalent classical 1x1 list would be:
  outer list: updated every 100 steps, buffer 0.316 nm, rlist 1.316 nm
  inner list: updated every  10 steps, buffer 0.044 nm, rlist 1.044 nm

The average pressure is off by at most 0.46 bar due to missing LJ interactions

Using Lorentz-Berthelot Lennard-Jones combination rule
Removing pbc first time

Pinning threads with an auto-selected logical cpu stride of 1

Initializing LINear Constraint Solver

++++ PLEASE READ AND CITE THE FOLLOWING REFERENCE ++++
B. Hess and H. Bekker and H. J. C. Berendsen and J. G. E. M. Fraaije
LINCS: A Linear Constraint Solver for molecular simulations
J. Comp. Chem. 18 (1997) pp. 1463-1472
-------- -------- --- Thank You --- -------- --------

The number of constraints is 284

++++ PLEASE READ AND CITE THE FOLLOWING REFERENCE ++++
S. Miyamoto and P. A. Kollman
SETTLE: An Analytical Version of the SHAKE and RATTLE Algorithms for Rigid
Water Models
J. Comp. Chem. 13 (1992) pp. 952-962
-------- -------- --- Thank You --- -------- --------


++++ PLEASE READ AND CITE THE FOLLOWING REFERENCE ++++
G. Bussi, D. Donadio and M. Parrinello
Canonical sampling through velocity rescaling
J. Chem. Phys. 126 (2007) pp. 014101
-------- -------- --- Thank You --- -------- --------

There are: 43761 Atoms

Updating coordinates and applying constraints on the GPU.

Constraining the starting coordinates (step 0)

Constraining the coordinates at t0-dt (step 0)
RMS relative constraint deviation after constraining: 3.26e-06
Initial temperature: 310.27 K

Started mdrun on rank 0 Thu Feb 20 20:14:59 2025

           Step           Time
              0        0.00000

   Energies (kJ/mol)
           Bond          Angle    Proper Dih. Per. Imp. Dih.          LJ-14
    4.49792e+02    1.09453e+03    1.63398e+03    8.54335e+01    4.98858e+02
     Coulomb-14        LJ (SR)  Disper. corr.   Coulomb (SR)   Coul. recip.
    7.04245e+03    8.83809e+04   -5.11449e+03   -7.01649e+05    4.27978e+03
 Position Rest.      Potential    Kinetic En.   Total Energy  Conserved En.
    8.65971e+00   -6.03289e+05    1.13920e+05   -4.89369e+05   -4.89344e+05
    Temperature Pres. DC (bar) Pressure (bar)   Constr. rmsd
    3.11811e+02   -1.90310e+02   -1.72189e+02    3.26347e-06

step 1300: timed with pme grid 72 72 72, coulomb cutoff 1.000: 903.4 M-cycles
step 1500: timed with pme grid 60 60 60, coulomb cutoff 1.192: 1087.6 M-cycles
step 1700: timed with pme grid 64 64 64, coulomb cutoff 1.117: 955.0 M-cycles
step 1900: timed with pme grid 72 72 72, coulomb cutoff 1.000: 923.5 M-cycles
              optimal pme grid 72 72 72, coulomb cutoff 1.000
           Step           Time
           5000       10.00000

   Energies (kJ/mol)
           Bond          Angle    Proper Dih. Per. Imp. Dih.          LJ-14
    4.41303e+02    1.19923e+03    1.62410e+03    7.01387e+01    5.03999e+02
     Coulomb-14        LJ (SR)  Disper. corr.   Coulomb (SR)   Coul. recip.
    7.14260e+03    8.91112e+04   -5.11327e+03   -7.02792e+05    4.30348e+03
 Position Rest.      Potential    Kinetic En.   Total Energy  Conserved En.
    4.20948e+01   -6.03468e+05    1.13189e+05   -4.90278e+05   -4.89300e+05
    Temperature Pres. DC (bar) Pressure (bar)   Constr. rmsd
    3.09810e+02   -1.90219e+02   -1.56225e+02    3.26347e-06

           Step           Time
          10000       20.00000

   Energies (kJ/mol)
           Bond          Angle    Proper Dih. Per. Imp. Dih.          LJ-14
    4.15832e+02    1.12799e+03    1.63544e+03    8.85502e+01    4.94524e+02
     Coulomb-14        LJ (SR)  Disper. corr.   Coulomb (SR)   Coul. recip.
    7.07203e+03    8.92334e+04   -5.11714e+03   -7.03824e+05    4.26559e+03
 Position Rest.      Potential    Kinetic En.   Total Energy  Conserved En.
    5.79516e+01   -6.04550e+05    1.14269e+05   -4.90281e+05   -4.89327e+05
    Temperature Pres. DC (bar) Pressure (bar)   Constr. rmsd
    3.12765e+02   -1.90507e+02   -1.25535e+02    3.26347e-06

           Step           Time
          15000       30.00000

   Energies (kJ/mol)
           Bond          Angle    Proper Dih. Per. Imp. Dih.          LJ-14
    4.33860e+02    1.20985e+03    1.58789e+03    8.78685e+01    5.04039e+02
     Coulomb-14        LJ (SR)  Disper. corr.   Coulomb (SR)   Coul. recip.
    7.07057e+03    9.12419e+04   -5.11802e+03   -7.05011e+05    4.25584e+03
 Position Rest.      Potential    Kinetic En.   Total Energy  Conserved En.
    5.07910e+01   -6.03686e+05    1.13359e+05   -4.90328e+05   -4.89332e+05
    Temperature Pres. DC (bar) Pressure (bar)   Constr. rmsd
    3.10274e+02   -1.90573e+02    1.87461e+02    3.26347e-06

           Step           Time
          20000       40.00000

   Energies (kJ/mol)
           Bond          Angle    Proper Dih. Per. Imp. Dih.          LJ-14
    4.92231e+02    1.21363e+03    1.62411e+03    6.05431e+01    5.14885e+02
     Coulomb-14        LJ (SR)  Disper. corr.   Coulomb (SR)   Coul. recip.
    6.99369e+03    9.13826e+04   -5.11647e+03   -7.05035e+05    4.10212e+03
 Position Rest.      Potential    Kinetic En.   Total Energy  Conserved En.
    8.07576e+01   -6.03687e+05    1.13880e+05   -4.89808e+05   -4.89335e+05
    Temperature Pres. DC (bar) Pressure (bar)   Constr. rmsd
    3.11700e+02   -1.90457e+02    2.03171e+02    3.26347e-06

           Step           Time
          25000       50.00000

   Energies (kJ/mol)
           Bond          Angle    Proper Dih. Per. Imp. Dih.          LJ-14
    3.99400e+02    1.13927e+03    1.65737e+03    9.13244e+01    4.70519e+02
     Coulomb-14        LJ (SR)  Disper. corr.   Coulomb (SR)   Coul. recip.
    7.09250e+03    8.95502e+04   -5.11615e+03   -7.04382e+05    4.14044e+03
 Position Rest.      Potential    Kinetic En.   Total Energy  Conserved En.
    5.47430e+01   -6.04903e+05    1.13881e+05   -4.91022e+05   -4.89297e+05
    Temperature Pres. DC (bar) Pressure (bar)   Constr. rmsd
    3.11703e+02   -1.90433e+02   -8.55765e+01    3.26347e-06

           Step           Time
          30000       60.00000

   Energies (kJ/mol)
           Bond          Angle    Proper Dih. Per. Imp. Dih.          LJ-14
    4.80025e+02    1.21045e+03    1.56687e+03    8.08682e+01    4.77188e+02
     Coulomb-14        LJ (SR)  Disper. corr.   Coulomb (SR)   Coul. recip.
    7.04797e+03    9.04093e+04   -5.11128e+03   -7.04494e+05    4.29282e+03
 Position Rest.      Potential    Kinetic En.   Total Energy  Conserved En.
    4.74491e+01   -6.03992e+05    1.13958e+05   -4.90033e+05   -4.89304e+05
    Temperature Pres. DC (bar) Pressure (bar)   Constr. rmsd
    3.11916e+02   -1.90072e+02    6.50619e+01    3.26347e-06

           Step           Time
          35000       70.00000

   Energies (kJ/mol)
           Bond          Angle    Proper Dih. Per. Imp. Dih.          LJ-14
    4.56122e+02    1.18427e+03    1.64738e+03    7.71673e+01    4.74723e+02
     Coulomb-14        LJ (SR)  Disper. corr.   Coulomb (SR)   Coul. recip.
    7.06092e+03    9.04333e+04   -5.11571e+03   -7.05641e+05    4.20719e+03
 Position Rest.      Potential    Kinetic En.   Total Energy  Conserved En.
    5.36189e+01   -6.05162e+05    1.13017e+05   -4.92146e+05   -4.89269e+05
    Temperature Pres. DC (bar) Pressure (bar)   Constr. rmsd
    3.09338e+02   -1.90401e+02    1.81407e+01    3.26347e-06

           Step           Time
          40000       80.00000

   Energies (kJ/mol)
           Bond          Angle    Proper Dih. Per. Imp. Dih.          LJ-14
    4.52648e+02    1.18271e+03    1.61747e+03    8.07288e+01    4.97108e+02
     Coulomb-14        LJ (SR)  Disper. corr.   Coulomb (SR)   Coul. recip.
    7.06896e+03    9.05207e+04   -5.11125e+03   -7.05983e+05    4.16935e+03
 Position Rest.      Potential    Kinetic En.   Total Energy  Conserved En.
    7.36838e+01   -6.05431e+05    1.13057e+05   -4.92374e+05   -4.89241e+05
    Temperature Pres. DC (bar) Pressure (bar)   Constr. rmsd
    3.09448e+02   -1.90069e+02    7.13815e+00    3.26347e-06

           Step           Time
          45000       90.00000

   Energies (kJ/mol)
           Bond          Angle    Proper Dih. Per. Imp. Dih.          LJ-14
    4.39785e+02    1.13436e+03    1.60633e+03    6.39143e+01    4.89109e+02
     Coulomb-14        LJ (SR)  Disper. corr.   Coulomb (SR)   Coul. recip.
    7.01005e+03    9.04980e+04   -5.11268e+03   -7.04093e+05    4.17176e+03
 Position Rest.      Potential    Kinetic En.   Total Energy  Conserved En.
    8.38570e+01   -6.03709e+05    1.12948e+05   -4.90760e+05   -4.89242e+05
    Temperature Pres. DC (bar) Pressure (bar)   Constr. rmsd
    3.09151e+02   -1.90175e+02    7.36408e+01    3.26347e-06

           Step           Time
          50000      100.00000

   Energies (kJ/mol)
           Bond          Angle    Proper Dih. Per. Imp. Dih.          LJ-14
    4.74478e+02    1.23462e+03    1.63832e+03    8.21098e+01    4.91038e+02
     Coulomb-14        LJ (SR)  Disper. corr.   Coulomb (SR)   Coul. recip.
    7.17593e+03    9.14076e+04   -5.11585e+03   -7.05807e+05    4.15408e+03
 Position Rest.      Potential    Kinetic En.   Total Energy  Conserved En.
    5.99262e+01   -6.04204e+05    1.14565e+05   -4.89639e+05   -4.89247e+05
    Temperature Pres. DC (bar) Pressure (bar)   Constr. rmsd
    3.13576e+02   -1.90411e+02    2.07418e+02    3.26347e-06

           Step           Time
          55000      110.00000

   Energies (kJ/mol)
           Bond          Angle    Proper Dih. Per. Imp. Dih.          LJ-14
    3.82394e+02    1.28174e+03    1.66922e+03    9.78131e+01    4.96218e+02
     Coulomb-14        LJ (SR)  Disper. corr.   Coulomb (SR)   Coul. recip.
    7.24632e+03    9.02317e+04   -5.11797e+03   -7.05200e+05    4.11943e+03
 Position Rest.      Potential    Kinetic En.   Total Energy  Conserved En.
    5.96032e+01   -6.04733e+05    1.13009e+05   -4.91725e+05   -4.89204e+05
    Temperature Pres. DC (bar) Pressure (bar)   Constr. rmsd
    3.09316e+02   -1.90568e+02    5.30444e+01    3.26347e-06

           Step           Time
          60000      120.00000

   Energies (kJ/mol)
           Bond          Angle    Proper Dih. Per. Imp. Dih.          LJ-14
    3.90458e+02    1.15061e+03    1.63419e+03    7.02420e+01    5.16234e+02
     Coulomb-14        LJ (SR)  Disper. corr.   Coulomb (SR)   Coul. recip.
    7.25175e+03    8.99218e+04   -5.11389e+03   -7.03161e+05    4.26282e+03
 Position Rest.      Potential    Kinetic En.   Total Energy  Conserved En.
    4.83858e+01   -6.03028e+05    1.13393e+05   -4.89636e+05   -4.89198e+05
    Temperature Pres. DC (bar) Pressure (bar)   Constr. rmsd
    3.10367e+02   -1.90265e+02    6.93125e+01    3.26347e-06

           Step           Time
          65000      130.00000

   Energies (kJ/mol)
           Bond          Angle    Proper Dih. Per. Imp. Dih.          LJ-14
    3.91671e+02    1.21348e+03    1.70557e+03    8.16984e+01    5.20859e+02
     Coulomb-14        LJ (SR)  Disper. corr.   Coulomb (SR)   Coul. recip.
    7.39956e+03    8.95608e+04   -5.11914e+03   -7.03245e+05    4.08754e+03
 Position Rest.      Potential    Kinetic En.   Total Energy  Conserved En.
    6.83625e+01   -6.03334e+05    1.13319e+05   -4.90016e+05   -4.89171e+05
    Temperature Pres. DC (bar) Pressure (bar)   Constr. rmsd
    3.10165e+02   -1.90656e+02    3.03852e+01    3.26347e-06

           Step           Time
          70000      140.00000

   Energies (kJ/mol)
           Bond          Angle    Proper Dih. Per. Imp. Dih.          LJ-14
    4.57659e+02    1.19755e+03    1.66396e+03    7.89747e+01    4.90359e+02
     Coulomb-14        LJ (SR)  Disper. corr.   Coulomb (SR)   Coul. recip.
    7.24156e+03    8.96426e+04   -5.12131e+03   -7.04249e+05    4.18001e+03
 Position Rest.      Potential    Kinetic En.   Total Energy  Conserved En.
    5.19207e+01   -6.04366e+05    1.13338e+05   -4.91027e+05   -4.89142e+05
    Temperature Pres. DC (bar) Pressure (bar)   Constr. rmsd
    3.10219e+02   -1.90817e+02   -5.96724e+00    3.26347e-06

           Step           Time
          75000      150.00000

   Energies (kJ/mol)
           Bond          Angle    Proper Dih. Per. Imp. Dih.          LJ-14
    4.45644e+02    1.11659e+03    1.64861e+03    8.71775e+01    4.62678e+02
     Coulomb-14        LJ (SR)  Disper. corr.   Coulomb (SR)   Coul. recip.
    7.29114e+03    9.08625e+04   -5.12143e+03   -7.06346e+05    4.17248e+03
 Position Rest.      Potential    Kinetic En.   Total Energy  Conserved En.
    6.31216e+01   -6.05317e+05    1.13374e+05   -4.91944e+05   -4.89128e+05
    Temperature Pres. DC (bar) Pressure (bar)   Constr. rmsd
    3.10315e+02   -1.90826e+02    6.67460e+01    3.26347e-06

           Step           Time
          80000      160.00000

   Energies (kJ/mol)
           Bond          Angle    Proper Dih. Per. Imp. Dih.          LJ-14
    4.96617e+02    1.19028e+03    1.64467e+03    6.40063e+01    5.06759e+02
     Coulomb-14        LJ (SR)  Disper. corr.   Coulomb (SR)   Coul. recip.
    7.28856e+03    9.06502e+04   -5.11837e+03   -7.04946e+05    4.17246e+03
 Position Rest.      Potential    Kinetic En.   Total Energy  Conserved En.
    9.31413e+01   -6.03957e+05    1.13506e+05   -4.90451e+05   -4.89124e+05
    Temperature Pres. DC (bar) Pressure (bar)   Constr. rmsd
    3.10679e+02   -1.90598e+02    6.87060e+01    3.26347e-06

           Step           Time
          85000      170.00000

   Energies (kJ/mol)
           Bond          Angle    Proper Dih. Per. Imp. Dih.          LJ-14
    4.67923e+02    1.02851e+03    1.61150e+03    6.62804e+01    5.25066e+02
     Coulomb-14        LJ (SR)  Disper. corr.   Coulomb (SR)   Coul. recip.
    7.20833e+03    9.04724e+04   -5.11302e+03   -7.04674e+05    4.17839e+03
 Position Rest.      Potential    Kinetic En.   Total Energy  Conserved En.
    7.66373e+01   -6.04152e+05    1.13941e+05   -4.90211e+05   -4.89133e+05
    Temperature Pres. DC (bar) Pressure (bar)   Constr. rmsd
    3.11867e+02   -1.90201e+02    1.27681e+02    3.26347e-06

           Step           Time
          90000      180.00000

   Energies (kJ/mol)
           Bond          Angle    Proper Dih. Per. Imp. Dih.          LJ-14
    4.48408e+02    1.19532e+03    1.62704e+03    7.28926e+01    4.78854e+02
     Coulomb-14        LJ (SR)  Disper. corr.   Coulomb (SR)   Coul. recip.
    7.16555e+03    9.02471e+04   -5.10506e+03   -7.04697e+05    4.22063e+03
 Position Rest.      Potential    Kinetic En.   Total Energy  Conserved En.
    6.35636e+01   -6.04283e+05    1.13528e+05   -4.90755e+05   -4.89109e+05
    Temperature Pres. DC (bar) Pressure (bar)   Constr. rmsd
    3.10737e+02   -1.89610e+02    6.79640e+01    3.26347e-06

           Step           Time
          95000      190.00000

   Energies (kJ/mol)
           Bond          Angle    Proper Dih. Per. Imp. Dih.          LJ-14
    4.57825e+02    1.18685e+03    1.67624e+03    8.51739e+01    4.86431e+02
     Coulomb-14        LJ (SR)  Disper. corr.   Coulomb (SR)   Coul. recip.
    7.28637e+03    9.00299e+04   -5.11154e+03   -7.03685e+05    4.18472e+03
 Position Rest.      Potential    Kinetic En.   Total Energy  Conserved En.
    8.45692e+01   -6.03319e+05    1.12446e+05   -4.90873e+05   -4.89074e+05
    Temperature Pres. DC (bar) Pressure (bar)   Constr. rmsd
    3.07776e+02   -1.90091e+02    7.71233e+01    3.26347e-06

           Step           Time
         100000      200.00000

   Energies (kJ/mol)
           Bond          Angle    Proper Dih. Per. Imp. Dih.          LJ-14
    4.53017e+02    1.23671e+03    1.62870e+03    7.54190e+01    5.28093e+02
     Coulomb-14        LJ (SR)  Disper. corr.   Coulomb (SR)   Coul. recip.
    7.26610e+03    8.94291e+04   -5.11730e+03   -7.02265e+05    4.26525e+03
 Position Rest.      Potential    Kinetic En.   Total Energy  Conserved En.
    7.84856e+01   -6.02421e+05    1.14860e+05   -4.87561e+05   -4.89071e+05
    Temperature Pres. DC (bar) Pressure (bar)   Constr. rmsd
    3.14384e+02   -1.90519e+02    6.41361e+01    3.26347e-06

           Step           Time
         105000      210.00000

   Energies (kJ/mol)
           Bond          Angle    Proper Dih. Per. Imp. Dih.          LJ-14
    4.38898e+02    1.15451e+03    1.66090e+03    7.42354e+01    5.25199e+02
     Coulomb-14        LJ (SR)  Disper. corr.   Coulomb (SR)   Coul. recip.
    7.24253e+03    8.97047e+04   -5.11680e+03   -7.03533e+05    4.19746e+03
 Position Rest.      Potential    Kinetic En.   Total Energy  Conserved En.
    5.80692e+01   -6.03594e+05    1.13511e+05   -4.90082e+05   -4.89051e+05
    Temperature Pres. DC (bar) Pressure (bar)   Constr. rmsd
    3.10692e+02   -1.90481e+02    4.61394e+01    3.26347e-06

           Step           Time
         110000      220.00000

   Energies (kJ/mol)
           Bond          Angle    Proper Dih. Per. Imp. Dih.          LJ-14
    4.15808e+02    1.07960e+03    1.59704e+03    9.21343e+01    5.11620e+02
     Coulomb-14        LJ (SR)  Disper. corr.   Coulomb (SR)   Coul. recip.
    7.28097e+03    8.93701e+04   -5.11930e+03   -7.03539e+05    4.20189e+03
 Position Rest.      Potential    Kinetic En.   Total Energy  Conserved En.
    6.44755e+01   -6.04045e+05    1.14393e+05   -4.89652e+05   -4.89022e+05
    Temperature Pres. DC (bar) Pressure (bar)   Constr. rmsd
    3.13104e+02   -1.90667e+02   -4.60648e+01    3.26347e-06

           Step           Time
         115000      230.00000

   Energies (kJ/mol)
           Bond          Angle    Proper Dih. Per. Imp. Dih.          LJ-14
    4.62427e+02    1.24990e+03    1.62087e+03    6.05182e+01    5.01619e+02
     Coulomb-14        LJ (SR)  Disper. corr.   Coulomb (SR)   Coul. recip.
    7.26650e+03    9.09599e+04   -5.12610e+03   -7.05427e+05    4.16890e+03
 Position Rest.      Potential    Kinetic En.   Total Energy  Conserved En.
    4.95404e+01   -6.04213e+05    1.14284e+05   -4.89929e+05   -4.89033e+05
    Temperature Pres. DC (bar) Pressure (bar)   Constr. rmsd
    3.12808e+02   -1.91174e+02    1.63202e+02    3.26347e-06

           Step           Time
         120000      240.00000

   Energies (kJ/mol)
           Bond          Angle    Proper Dih. Per. Imp. Dih.          LJ-14
    4.76704e+02    1.17704e+03    1.65326e+03    5.63977e+01    4.83138e+02
     Coulomb-14        LJ (SR)  Disper. corr.   Coulomb (SR)   Coul. recip.
    7.25676e+03    8.99349e+04   -5.11829e+03   -7.04162e+05    4.24429e+03
 Position Rest.      Potential    Kinetic En.   Total Energy  Conserved En.
    7.35031e+01   -6.03924e+05    1.13973e+05   -4.89951e+05   -4.88989e+05
    Temperature Pres. DC (bar) Pressure (bar)   Constr. rmsd
    3.11956e+02   -1.90592e+02   -1.31937e+01    3.26347e-06

           Step           Time
         125000      250.00000

   Energies (kJ/mol)
           Bond          Angle    Proper Dih. Per. Imp. Dih.          LJ-14
    3.76648e+02    1.14187e+03    1.56600e+03    6.84091e+01    5.26495e+02
     Coulomb-14        LJ (SR)  Disper. corr.   Coulomb (SR)   Coul. recip.
    7.21526e+03    8.98836e+04   -5.12351e+03   -7.04678e+05    4.23592e+03
 Position Rest.      Potential    Kinetic En.   Total Energy  Conserved En.
    5.59512e+01   -6.04731e+05    1.13062e+05   -4.91669e+05   -4.88986e+05
    Temperature Pres. DC (bar) Pressure (bar)   Constr. rmsd
    3.09462e+02   -1.90981e+02    1.98677e+01    3.26347e-06

           Step           Time
         130000      260.00000

   Energies (kJ/mol)
           Bond          Angle    Proper Dih. Per. Imp. Dih.          LJ-14
    4.21334e+02    1.14292e+03    1.70875e+03    6.74424e+01    4.98777e+02
     Coulomb-14        LJ (SR)  Disper. corr.   Coulomb (SR)   Coul. recip.
    7.22292e+03    9.09479e+04   -5.11639e+03   -7.05822e+05    4.31054e+03
 Position Rest.      Potential    Kinetic En.   Total Energy  Conserved En.
    6.46868e+01   -6.04553e+05    1.12548e+05   -4.92005e+05   -4.88967e+05
    Temperature Pres. DC (bar) Pressure (bar)   Constr. rmsd
    3.08055e+02   -1.90451e+02    9.37705e+01    3.26347e-06

           Step           Time
         135000      270.00000

   Energies (kJ/mol)
           Bond          Angle    Proper Dih. Per. Imp. Dih.          LJ-14
    4.92094e+02    1.14455e+03    1.58787e+03    6.14609e+01    4.65808e+02
     Coulomb-14        LJ (SR)  Disper. corr.   Coulomb (SR)   Coul. recip.
    7.14617e+03    9.00244e+04   -5.11643e+03   -7.05336e+05    4.18845e+03
 Position Rest.      Potential    Kinetic En.   Total Energy  Conserved En.
    5.78924e+01   -6.05283e+05    1.13283e+05   -4.92000e+05   -4.88954e+05
    Temperature Pres. DC (bar) Pressure (bar)   Constr. rmsd
    3.10068e+02   -1.90454e+02   -8.18300e+01    3.26347e-06

           Step           Time
         140000      280.00000

   Energies (kJ/mol)
           Bond          Angle    Proper Dih. Per. Imp. Dih.          LJ-14
    4.07126e+02    1.19791e+03    1.66782e+03    7.94733e+01    4.91664e+02
     Coulomb-14        LJ (SR)  Disper. corr.   Coulomb (SR)   Coul. recip.
    7.25502e+03    8.97321e+04   -5.11932e+03   -7.03382e+05    4.25916e+03
 Position Rest.      Potential    Kinetic En.   Total Energy  Conserved En.
    6.60266e+01   -6.03345e+05    1.13420e+05   -4.89925e+05   -4.88953e+05
    Temperature Pres. DC (bar) Pressure (bar)   Constr. rmsd
    3.10442e+02   -1.90669e+02    3.18714e+01    3.26347e-06

           Step           Time
         145000      290.00000

   Energies (kJ/mol)
           Bond          Angle    Proper Dih. Per. Imp. Dih.          LJ-14
    3.99375e+02    1.19401e+03    1.63416e+03    9.04185e+01    4.94478e+02
     Coulomb-14        LJ (SR)  Disper. corr.   Coulomb (SR)   Coul. recip.
    7.22033e+03    9.00751e+04   -5.12014e+03   -7.04245e+05    4.18556e+03
 Position Rest.      Potential    Kinetic En.   Total Energy  Conserved En.
    7.23624e+01   -6.04000e+05    1.12560e+05   -4.91439e+05   -4.88934e+05
    Temperature Pres. DC (bar) Pressure (bar)   Constr. rmsd
    3.08089e+02   -1.90730e+02    4.58783e+01    3.26347e-06

           Step           Time
         150000      300.00000

   Energies (kJ/mol)
           Bond          Angle    Proper Dih. Per. Imp. Dih.          LJ-14
    3.77707e+02    1.11500e+03    1.69259e+03    5.53634e+01    5.00146e+02
     Coulomb-14        LJ (SR)  Disper. corr.   Coulomb (SR)   Coul. recip.
    7.30147e+03    9.00804e+04   -5.10978e+03   -7.05069e+05    4.14360e+03
 Position Rest.      Potential    Kinetic En.   Total Energy  Conserved En.
    5.19264e+01   -6.04861e+05    1.13489e+05   -4.91372e+05   -4.88934e+05
    Temperature Pres. DC (bar) Pressure (bar)   Constr. rmsd
    3.10631e+02   -1.89960e+02    2.59952e+00    3.26347e-06

           Step           Time
         155000      310.00000

   Energies (kJ/mol)
           Bond          Angle    Proper Dih. Per. Imp. Dih.          LJ-14
    4.28897e+02    1.16928e+03    1.63663e+03    9.61020e+01    4.93987e+02
     Coulomb-14        LJ (SR)  Disper. corr.   Coulomb (SR)   Coul. recip.
    7.19447e+03    9.00688e+04   -5.11562e+03   -7.04341e+05    4.30577e+03
 Position Rest.      Potential    Kinetic En.   Total Energy  Conserved En.
    4.61799e+01   -6.04017e+05    1.12369e+05   -4.91648e+05   -4.88892e+05
    Temperature Pres. DC (bar) Pressure (bar)   Constr. rmsd
    3.07565e+02   -1.90394e+02   -3.71037e+01    3.26347e-06

           Step           Time
         160000      320.00000

   Energies (kJ/mol)
           Bond          Angle    Proper Dih. Per. Imp. Dih.          LJ-14
    3.93867e+02    1.15226e+03    1.60343e+03    9.33602e+01    5.08379e+02
     Coulomb-14        LJ (SR)  Disper. corr.   Coulomb (SR)   Coul. recip.
    7.27764e+03    9.03517e+04   -5.11810e+03   -7.05264e+05    4.13172e+03
 Position Rest.      Potential    Kinetic En.   Total Energy  Conserved En.
    5.27308e+01   -6.04817e+05    1.14072e+05   -4.90746e+05   -4.88892e+05
    Temperature Pres. DC (bar) Pressure (bar)   Constr. rmsd
    3.12226e+02   -1.90578e+02    5.40094e+01    3.26347e-06

           Step           Time
         165000      330.00000

   Energies (kJ/mol)
           Bond          Angle    Proper Dih. Per. Imp. Dih.          LJ-14
    4.17322e+02    1.16337e+03    1.63988e+03    8.26165e+01    4.71945e+02
     Coulomb-14        LJ (SR)  Disper. corr.   Coulomb (SR)   Coul. recip.
    7.19700e+03    8.92452e+04   -5.11659e+03   -7.03747e+05    4.24924e+03
 Position Rest.      Potential    Kinetic En.   Total Energy  Conserved En.
    5.56519e+01   -6.04341e+05    1.13008e+05   -4.91334e+05   -4.88832e+05
    Temperature Pres. DC (bar) Pressure (bar)   Constr. rmsd
    3.09313e+02   -1.90466e+02   -1.14129e+02    3.26347e-06

           Step           Time
         170000      340.00000

   Energies (kJ/mol)
           Bond          Angle    Proper Dih. Per. Imp. Dih.          LJ-14
    4.65366e+02    1.21361e+03    1.60526e+03    8.02324e+01    5.02393e+02
     Coulomb-14        LJ (SR)  Disper. corr.   Coulomb (SR)   Coul. recip.
    7.29555e+03    8.86840e+04   -5.10476e+03   -7.01602e+05    4.34623e+03
 Position Rest.      Potential    Kinetic En.   Total Energy  Conserved En.
    5.03518e+01   -6.02464e+05    1.13946e+05   -4.88518e+05   -4.88821e+05
    Temperature Pres. DC (bar) Pressure (bar)   Constr. rmsd
    3.11881e+02   -1.89587e+02   -1.17795e+02    3.26347e-06

           Step           Time
         175000      350.00000

   Energies (kJ/mol)
           Bond          Angle    Proper Dih. Per. Imp. Dih.          LJ-14
    4.60026e+02    1.15894e+03    1.62425e+03    1.07107e+02    4.55826e+02
     Coulomb-14        LJ (SR)  Disper. corr.   Coulomb (SR)   Coul. recip.
    7.16656e+03    8.96456e+04   -5.11428e+03   -7.03477e+05    4.21960e+03
 Position Rest.      Potential    Kinetic En.   Total Energy  Conserved En.
    5.03329e+01   -6.03703e+05    1.12629e+05   -4.91074e+05   -4.88820e+05
    Temperature Pres. DC (bar) Pressure (bar)   Constr. rmsd
    3.08276e+02   -1.90295e+02   -2.00923e+01    3.26347e-06

           Step           Time
         180000      360.00000

   Energies (kJ/mol)
           Bond          Angle    Proper Dih. Per. Imp. Dih.          LJ-14
    4.15110e+02    1.23539e+03    1.58989e+03    8.02732e+01    4.65844e+02
     Coulomb-14        LJ (SR)  Disper. corr.   Coulomb (SR)   Coul. recip.
    7.20943e+03    8.95579e+04   -5.11508e+03   -7.03459e+05    4.29859e+03
 Position Rest.      Potential    Kinetic En.   Total Energy  Conserved En.
    6.18918e+01   -6.03660e+05    1.12563e+05   -4.91096e+05   -4.88821e+05
    Temperature Pres. DC (bar) Pressure (bar)   Constr. rmsd
    3.08097e+02   -1.90354e+02   -3.61370e+00    3.26347e-06

           Step           Time
         185000      370.00000

   Energies (kJ/mol)
           Bond          Angle    Proper Dih. Per. Imp. Dih.          LJ-14
    4.41792e+02    1.15075e+03    1.58241e+03    6.74075e+01    4.95396e+02
     Coulomb-14        LJ (SR)  Disper. corr.   Coulomb (SR)   Coul. recip.
    7.25002e+03    8.91279e+04   -5.11244e+03   -7.02822e+05    4.26069e+03
 Position Rest.      Potential    Kinetic En.   Total Energy  Conserved En.
    5.52814e+01   -6.03503e+05    1.13932e+05   -4.89571e+05   -4.88804e+05
    Temperature Pres. DC (bar) Pressure (bar)   Constr. rmsd
    3.11843e+02   -1.90157e+02   -4.88685e+01    3.26347e-06

           Step           Time
         190000      380.00000

   Energies (kJ/mol)
           Bond          Angle    Proper Dih. Per. Imp. Dih.          LJ-14
    4.77445e+02    1.07502e+03    1.62793e+03    6.91766e+01    5.19114e+02
     Coulomb-14        LJ (SR)  Disper. corr.   Coulomb (SR)   Coul. recip.
    7.20053e+03    9.00990e+04   -5.11530e+03   -7.05404e+05    4.29154e+03
 Position Rest.      Potential    Kinetic En.   Total Energy  Conserved En.
    5.84615e+01   -6.05101e+05    1.13101e+05   -4.92000e+05   -4.88802e+05
    Temperature Pres. DC (bar) Pressure (bar)   Constr. rmsd
    3.09568e+02   -1.90370e+02   -5.73615e+01    3.26347e-06

           Step           Time
         195000      390.00000

   Energies (kJ/mol)
           Bond          Angle    Proper Dih. Per. Imp. Dih.          LJ-14
    4.03642e+02    1.14250e+03    1.66663e+03    8.38925e+01    5.03593e+02
     Coulomb-14        LJ (SR)  Disper. corr.   Coulomb (SR)   Coul. recip.
    7.20652e+03    8.94384e+04   -5.11741e+03   -7.04051e+05    4.15624e+03
 Position Rest.      Potential    Kinetic En.   Total Energy  Conserved En.
    9.38944e+01   -6.04473e+05    1.14159e+05   -4.90314e+05   -4.88800e+05
    Temperature Pres. DC (bar) Pressure (bar)   Constr. rmsd
    3.12466e+02   -1.90527e+02   -8.40361e+00    3.26347e-06

           Step           Time
         200000      400.00000

   Energies (kJ/mol)
           Bond          Angle    Proper Dih. Per. Imp. Dih.          LJ-14
    4.66620e+02    1.26112e+03    1.63745e+03    7.13756e+01    5.26273e+02
     Coulomb-14        LJ (SR)  Disper. corr.   Coulomb (SR)   Coul. recip.
    7.20753e+03    9.04730e+04   -5.11338e+03   -7.04364e+05    4.25573e+03
 Position Rest.      Potential    Kinetic En.   Total Energy  Conserved En.
    4.98494e+01   -6.03528e+05    1.13603e+05   -4.89925e+05   -4.88788e+05
    Temperature Pres. DC (bar) Pressure (bar)   Constr. rmsd
    3.10942e+02   -1.90228e+02    1.05268e+02    3.26347e-06

Writing checkpoint, step 200100 at Thu Feb 20 20:30:00 2025


           Step           Time
         205000      410.00000

   Energies (kJ/mol)
           Bond          Angle    Proper Dih. Per. Imp. Dih.          LJ-14
    3.69315e+02    1.21337e+03    1.64326e+03    7.76681e+01    4.83477e+02
     Coulomb-14        LJ (SR)  Disper. corr.   Coulomb (SR)   Coul. recip.
    7.21038e+03    8.97554e+04   -5.11427e+03   -7.04992e+05    4.14554e+03
 Position Rest.      Potential    Kinetic En.   Total Energy  Conserved En.
    6.63989e+01   -6.05141e+05    1.13462e+05   -4.91680e+05   -4.88760e+05
    Temperature Pres. DC (bar) Pressure (bar)   Constr. rmsd
    3.10556e+02   -1.90293e+02   -4.63298e+01    3.26347e-06

           Step           Time
         210000      420.00000

   Energies (kJ/mol)
           Bond          Angle    Proper Dih. Per. Imp. Dih.          LJ-14
    4.48177e+02    1.07051e+03    1.59582e+03    8.14516e+01    4.95604e+02
     Coulomb-14        LJ (SR)  Disper. corr.   Coulomb (SR)   Coul. recip.
    7.17352e+03    8.90010e+04   -5.11483e+03   -7.03648e+05    4.05277e+03
 Position Rest.      Potential    Kinetic En.   Total Energy  Conserved En.
    5.10932e+01   -6.04793e+05    1.13240e+05   -4.91553e+05   -4.88745e+05
    Temperature Pres. DC (bar) Pressure (bar)   Constr. rmsd
    3.09951e+02   -1.90335e+02   -1.39596e+02    3.26347e-06

           Step           Time
         215000      430.00000

   Energies (kJ/mol)
           Bond          Angle    Proper Dih. Per. Imp. Dih.          LJ-14
    4.27952e+02    1.23877e+03    1.60700e+03    8.09992e+01    4.95388e+02
     Coulomb-14        LJ (SR)  Disper. corr.   Coulomb (SR)   Coul. recip.
    7.23214e+03    8.93147e+04   -5.11764e+03   -7.03270e+05    4.23588e+03
 Position Rest.      Potential    Kinetic En.   Total Energy  Conserved En.
    4.66709e+01   -6.03708e+05    1.13103e+05   -4.90605e+05   -4.88724e+05
    Temperature Pres. DC (bar) Pressure (bar)   Constr. rmsd
    3.09574e+02   -1.90544e+02   -5.68274e+01    3.26347e-06

           Step           Time
         220000      440.00000

   Energies (kJ/mol)
           Bond          Angle    Proper Dih. Per. Imp. Dih.          LJ-14
    4.44342e+02    1.13753e+03    1.61899e+03    8.20022e+01    4.62230e+02
     Coulomb-14        LJ (SR)  Disper. corr.   Coulomb (SR)   Coul. recip.
    7.25095e+03    8.94691e+04   -5.11936e+03   -7.04164e+05    4.16920e+03
 Position Rest.      Potential    Kinetic En.   Total Energy  Conserved En.
    5.11378e+01   -6.04598e+05    1.12559e+05   -4.92038e+05   -4.88706e+05
    Temperature Pres. DC (bar) Pressure (bar)   Constr. rmsd
    3.08087e+02   -1.90672e+02   -5.23472e+01    3.26347e-06

           Step           Time
         225000      450.00000

   Energies (kJ/mol)
           Bond          Angle    Proper Dih. Per. Imp. Dih.          LJ-14
    3.90958e+02    1.21313e+03    1.58800e+03    7.91592e+01    5.15736e+02
     Coulomb-14        LJ (SR)  Disper. corr.   Coulomb (SR)   Coul. recip.
    7.25734e+03    8.95008e+04   -5.11426e+03   -7.03225e+05    4.24822e+03
 Position Rest.      Potential    Kinetic En.   Total Energy  Conserved En.
    4.99283e+01   -6.03496e+05    1.13616e+05   -4.89880e+05   -4.88701e+05
    Temperature Pres. DC (bar) Pressure (bar)   Constr. rmsd
    3.10978e+02   -1.90293e+02   -2.69365e+01    3.26347e-06

           Step           Time
         230000      460.00000

   Energies (kJ/mol)
           Bond          Angle    Proper Dih. Per. Imp. Dih.          LJ-14
    4.12736e+02    1.18162e+03    1.56164e+03    5.82963e+01    4.71952e+02
     Coulomb-14        LJ (SR)  Disper. corr.   Coulomb (SR)   Coul. recip.
    7.19192e+03    8.94475e+04   -5.11485e+03   -7.04275e+05    4.16769e+03
 Position Rest.      Potential    Kinetic En.   Total Energy  Conserved En.
    5.77836e+01   -6.04839e+05    1.13785e+05   -4.91054e+05   -4.88674e+05
    Temperature Pres. DC (bar) Pressure (bar)   Constr. rmsd
    3.11441e+02   -1.90336e+02   -8.38638e+01    3.26347e-06

           Step           Time
         235000      470.00000

   Energies (kJ/mol)
           Bond          Angle    Proper Dih. Per. Imp. Dih.          LJ-14
    4.84737e+02    1.15641e+03    1.58955e+03    7.37004e+01    5.08299e+02
     Coulomb-14        LJ (SR)  Disper. corr.   Coulomb (SR)   Coul. recip.
    7.19104e+03    8.99256e+04   -5.11612e+03   -7.04029e+05    4.27968e+03
 Position Rest.      Potential    Kinetic En.   Total Energy  Conserved En.
    6.12216e+01   -6.03874e+05    1.12802e+05   -4.91072e+05   -4.88660e+05
    Temperature Pres. DC (bar) Pressure (bar)   Constr. rmsd
    3.08751e+02   -1.90431e+02    3.64943e+01    3.26347e-06

           Step           Time
         240000      480.00000

   Energies (kJ/mol)
           Bond          Angle    Proper Dih. Per. Imp. Dih.          LJ-14
    4.40859e+02    1.25504e+03    1.61693e+03    7.07028e+01    4.57299e+02
     Coulomb-14        LJ (SR)  Disper. corr.   Coulomb (SR)   Coul. recip.
    7.15233e+03    9.01199e+04   -5.11336e+03   -7.04090e+05    4.21575e+03
 Position Rest.      Potential    Kinetic En.   Total Energy  Conserved En.
    6.85903e+01   -6.03806e+05    1.13689e+05   -4.90118e+05   -4.88646e+05
    Temperature Pres. DC (bar) Pressure (bar)   Constr. rmsd
    3.11177e+02   -1.90226e+02    3.87631e+01    3.26347e-06

           Step           Time
         245000      490.00000

   Energies (kJ/mol)
           Bond          Angle    Proper Dih. Per. Imp. Dih.          LJ-14
    4.36962e+02    1.19943e+03    1.54962e+03    6.89927e+01    5.04953e+02
     Coulomb-14        LJ (SR)  Disper. corr.   Coulomb (SR)   Coul. recip.
    7.20211e+03    9.01245e+04   -5.12120e+03   -7.05732e+05    4.15427e+03
 Position Rest.      Potential    Kinetic En.   Total Energy  Conserved En.
    6.88702e+01   -6.05543e+05    1.12168e+05   -4.93375e+05   -4.88625e+05
    Temperature Pres. DC (bar) Pressure (bar)   Constr. rmsd
    3.07014e+02   -1.90809e+02    3.27699e+01    3.26347e-06

           Step           Time
         250000      500.00000

   Energies (kJ/mol)
           Bond          Angle    Proper Dih. Per. Imp. Dih.          LJ-14
    5.30552e+02    1.20859e+03    1.61137e+03    6.51609e+01    4.73051e+02
     Coulomb-14        LJ (SR)  Disper. corr.   Coulomb (SR)   Coul. recip.
    7.08347e+03    9.01636e+04   -5.11706e+03   -7.04535e+05    4.09860e+03
 Position Rest.      Potential    Kinetic En.   Total Energy  Conserved En.
    7.23605e+01   -6.04345e+05    1.13816e+05   -4.90530e+05   -4.88616e+05
    Temperature Pres. DC (bar) Pressure (bar)   Constr. rmsd
    3.11525e+02   -1.90501e+02    2.57084e+01    3.26347e-06

           Step           Time
         255000      510.00000

   Energies (kJ/mol)
           Bond          Angle    Proper Dih. Per. Imp. Dih.          LJ-14
    4.76669e+02    1.13818e+03    1.59155e+03    6.99276e+01    5.09656e+02
     Coulomb-14        LJ (SR)  Disper. corr.   Coulomb (SR)   Coul. recip.
    7.29281e+03    8.96732e+04   -5.11314e+03   -7.04020e+05    4.10168e+03
 Position Rest.      Potential    Kinetic En.   Total Energy  Conserved En.
    7.81735e+01   -6.04202e+05    1.13840e+05   -4.90362e+05   -4.88603e+05
    Temperature Pres. DC (bar) Pressure (bar)   Constr. rmsd
    3.11592e+02   -1.90209e+02   -3.30550e+01    3.26347e-06

           Step           Time
         260000      520.00000

   Energies (kJ/mol)
           Bond          Angle    Proper Dih. Per. Imp. Dih.          LJ-14
    5.19543e+02    1.26381e+03    1.59729e+03    5.78879e+01    4.82819e+02
     Coulomb-14        LJ (SR)  Disper. corr.   Coulomb (SR)   Coul. recip.
    7.20565e+03    9.00606e+04   -5.11156e+03   -7.03881e+05    4.23155e+03
 Position Rest.      Potential    Kinetic En.   Total Energy  Conserved En.
    5.77441e+01   -6.03516e+05    1.13941e+05   -4.89574e+05   -4.88590e+05
    Temperature Pres. DC (bar) Pressure (bar)   Constr. rmsd
    3.11868e+02   -1.90092e+02    5.36318e+01    3.26347e-06

           Step           Time
         265000      530.00000

   Energies (kJ/mol)
           Bond          Angle    Proper Dih. Per. Imp. Dih.          LJ-14
    4.32083e+02    1.14747e+03    1.60332e+03    5.51353e+01    4.88636e+02
     Coulomb-14        LJ (SR)  Disper. corr.   Coulomb (SR)   Coul. recip.
    7.25028e+03    9.02542e+04   -5.11244e+03   -7.04654e+05    4.24553e+03
 Position Rest.      Potential    Kinetic En.   Total Energy  Conserved En.
    6.67814e+01   -6.04223e+05    1.13007e+05   -4.91216e+05   -4.88573e+05
    Temperature Pres. DC (bar) Pressure (bar)   Constr. rmsd
    3.09312e+02   -1.90158e+02   -3.24223e+01    3.26347e-06

           Step           Time
         270000      540.00000

   Energies (kJ/mol)
           Bond          Angle    Proper Dih. Per. Imp. Dih.          LJ-14
    4.45369e+02    1.10530e+03    1.63686e+03    7.95263e+01    5.11513e+02
     Coulomb-14        LJ (SR)  Disper. corr.   Coulomb (SR)   Coul. recip.
    7.14444e+03    9.16771e+04   -5.11758e+03   -7.06234e+05    4.21577e+03
 Position Rest.      Potential    Kinetic En.   Total Energy  Conserved En.
    5.27350e+01   -6.04483e+05    1.12778e+05   -4.91706e+05   -4.88582e+05
    Temperature Pres. DC (bar) Pressure (bar)   Constr. rmsd
    3.08684e+02   -1.90540e+02    2.37362e+02    3.26347e-06

           Step           Time
         275000      550.00000

   Energies (kJ/mol)
           Bond          Angle    Proper Dih. Per. Imp. Dih.          LJ-14
    4.70326e+02    1.19042e+03    1.66008e+03    8.64849e+01    4.63243e+02
     Coulomb-14        LJ (SR)  Disper. corr.   Coulomb (SR)   Coul. recip.
    7.20236e+03    8.99088e+04   -5.11455e+03   -7.03643e+05    4.18057e+03
 Position Rest.      Potential    Kinetic En.   Total Energy  Conserved En.
    5.44770e+01   -6.03540e+05    1.14983e+05   -4.88557e+05   -4.88535e+05
    Temperature Pres. DC (bar) Pressure (bar)   Constr. rmsd
    3.14720e+02   -1.90314e+02   -5.93973e+00    3.26347e-06

           Step           Time
         280000      560.00000

   Energies (kJ/mol)
           Bond          Angle    Proper Dih. Per. Imp. Dih.          LJ-14
    3.97514e+02    1.24681e+03    1.63924e+03    7.27985e+01    5.25989e+02
     Coulomb-14        LJ (SR)  Disper. corr.   Coulomb (SR)   Coul. recip.
    7.22622e+03    8.98358e+04   -5.10819e+03   -7.03252e+05    4.18082e+03
 Position Rest.      Potential    Kinetic En.   Total Energy  Conserved En.
    5.19037e+01   -6.03183e+05    1.13315e+05   -4.89869e+05   -4.88521e+05
    Temperature Pres. DC (bar) Pressure (bar)   Constr. rmsd
    3.10154e+02   -1.89842e+02    4.71987e+01    3.26347e-06

           Step           Time
         285000      570.00000

   Energies (kJ/mol)
           Bond          Angle    Proper Dih. Per. Imp. Dih.          LJ-14
    4.25119e+02    1.21891e+03    1.65252e+03    7.06229e+01    4.95933e+02
     Coulomb-14        LJ (SR)  Disper. corr.   Coulomb (SR)   Coul. recip.
    7.24166e+03    8.93023e+04   -5.11425e+03   -7.02564e+05    4.20526e+03
 Position Rest.      Potential    Kinetic En.   Total Energy  Conserved En.
    4.77517e+01   -6.03019e+05    1.12945e+05   -4.90073e+05   -4.88488e+05
    Temperature Pres. DC (bar) Pressure (bar)   Constr. rmsd
    3.09143e+02   -1.90292e+02   -5.22405e+01    3.26347e-06

           Step           Time
         290000      580.00000

   Energies (kJ/mol)
           Bond          Angle    Proper Dih. Per. Imp. Dih.          LJ-14
    4.42581e+02    1.28655e+03    1.55122e+03    5.93631e+01    5.01175e+02
     Coulomb-14        LJ (SR)  Disper. corr.   Coulomb (SR)   Coul. recip.
    7.18372e+03    9.03850e+04   -5.11655e+03   -7.04354e+05    4.23270e+03
 Position Rest.      Potential    Kinetic En.   Total Energy  Conserved En.
    6.99977e+01   -6.03758e+05    1.13439e+05   -4.90319e+05   -4.88503e+05
    Temperature Pres. DC (bar) Pressure (bar)   Constr. rmsd
    3.10494e+02   -1.90463e+02    1.23786e+02    3.26347e-06

           Step           Time
         295000      590.00000

   Energies (kJ/mol)
           Bond          Angle    Proper Dih. Per. Imp. Dih.          LJ-14
    4.58245e+02    1.23689e+03    1.59912e+03    5.49394e+01    4.99331e+02
     Coulomb-14        LJ (SR)  Disper. corr.   Coulomb (SR)   Coul. recip.
    7.16604e+03    9.14720e+04   -5.11406e+03   -7.07373e+05    4.22829e+03
 Position Rest.      Potential    Kinetic En.   Total Energy  Conserved En.
    4.86570e+01   -6.05724e+05    1.13172e+05   -4.92552e+05   -4.88480e+05
    Temperature Pres. DC (bar) Pressure (bar)   Constr. rmsd
    3.09763e+02   -1.90278e+02    1.15131e+02    3.26347e-06

           Step           Time
         300000      600.00000

   Energies (kJ/mol)
           Bond          Angle    Proper Dih. Per. Imp. Dih.          LJ-14
    4.06175e+02    1.12525e+03    1.63307e+03    6.86817e+01    4.74033e+02
     Coulomb-14        LJ (SR)  Disper. corr.   Coulomb (SR)   Coul. recip.
    7.16873e+03    9.01650e+04   -5.11593e+03   -7.04361e+05    4.31119e+03
 Position Rest.      Potential    Kinetic En.   Total Energy  Conserved En.
    6.86627e+01   -6.04056e+05    1.12354e+05   -4.91702e+05   -4.88463e+05
    Temperature Pres. DC (bar) Pressure (bar)   Constr. rmsd
    3.07524e+02   -1.90417e+02    8.55010e+01    3.26347e-06

           Step           Time
         305000      610.00000

   Energies (kJ/mol)
           Bond          Angle    Proper Dih. Per. Imp. Dih.          LJ-14
    4.11904e+02    1.14102e+03    1.65761e+03    7.68386e+01    4.86377e+02
     Coulomb-14        LJ (SR)  Disper. corr.   Coulomb (SR)   Coul. recip.
    7.24098e+03    9.07231e+04   -5.11657e+03   -7.05714e+05    4.24657e+03
 Position Rest.      Potential    Kinetic En.   Total Energy  Conserved En.
    6.82666e+01   -6.04778e+05    1.12385e+05   -4.92393e+05   -4.88461e+05
    Temperature Pres. DC (bar) Pressure (bar)   Constr. rmsd
    3.07609e+02   -1.90465e+02    3.24391e+01    3.26347e-06

           Step           Time
         310000      620.00000

   Energies (kJ/mol)
           Bond          Angle    Proper Dih. Per. Imp. Dih.          LJ-14
    4.36668e+02    1.24772e+03    1.59194e+03    5.01894e+01    5.09801e+02
     Coulomb-14        LJ (SR)  Disper. corr.   Coulomb (SR)   Coul. recip.
    7.16067e+03    8.94167e+04   -5.11239e+03   -7.02862e+05    4.30231e+03
 Position Rest.      Potential    Kinetic En.   Total Energy  Conserved En.
    7.16025e+01   -6.03187e+05    1.13092e+05   -4.90094e+05   -4.88442e+05
    Temperature Pres. DC (bar) Pressure (bar)   Constr. rmsd
    3.09545e+02   -1.90154e+02    2.38116e+01    3.26347e-06

           Step           Time
         315000      630.00000

   Energies (kJ/mol)
           Bond          Angle    Proper Dih. Per. Imp. Dih.          LJ-14
    4.17025e+02    1.25926e+03    1.60517e+03    6.87973e+01    5.13802e+02
     Coulomb-14        LJ (SR)  Disper. corr.   Coulomb (SR)   Coul. recip.
    7.16928e+03    9.10037e+04   -5.11848e+03   -7.05301e+05    4.21619e+03
 Position Rest.      Potential    Kinetic En.   Total Energy  Conserved En.
    7.33459e+01   -6.04093e+05    1.13450e+05   -4.90643e+05   -4.88435e+05
    Temperature Pres. DC (bar) Pressure (bar)   Constr. rmsd
    3.10524e+02   -1.90606e+02    1.55981e+02    3.26347e-06

           Step           Time
         320000      640.00000

   Energies (kJ/mol)
           Bond          Angle    Proper Dih. Per. Imp. Dih.          LJ-14
    4.83248e+02    1.10781e+03    1.60449e+03    6.94258e+01    4.56967e+02
     Coulomb-14        LJ (SR)  Disper. corr.   Coulomb (SR)   Coul. recip.
    7.10382e+03    9.21021e+04   -5.11631e+03   -7.07659e+05    4.21878e+03
 Position Rest.      Potential    Kinetic En.   Total Energy  Conserved En.
    7.84348e+01   -6.05550e+05    1.13288e+05   -4.92262e+05   -4.88422e+05
    Temperature Pres. DC (bar) Pressure (bar)   Constr. rmsd
    3.10081e+02   -1.90445e+02    2.09744e+02    3.26347e-06

           Step           Time
         325000      650.00000

   Energies (kJ/mol)
           Bond          Angle    Proper Dih. Per. Imp. Dih.          LJ-14
    4.53215e+02    1.21809e+03    1.63398e+03    6.38917e+01    4.98211e+02
     Coulomb-14        LJ (SR)  Disper. corr.   Coulomb (SR)   Coul. recip.
    7.16673e+03    8.96007e+04   -5.11190e+03   -7.02514e+05    4.28569e+03
 Position Rest.      Potential    Kinetic En.   Total Energy  Conserved En.
    6.84548e+01   -6.02637e+05    1.13799e+05   -4.88838e+05   -4.88407e+05
    Temperature Pres. DC (bar) Pressure (bar)   Constr. rmsd
    3.11478e+02   -1.90117e+02    1.62474e+01    3.26347e-06

           Step           Time
         330000      660.00000

   Energies (kJ/mol)
           Bond          Angle    Proper Dih. Per. Imp. Dih.          LJ-14
    3.87180e+02    1.14910e+03    1.62696e+03    8.19328e+01    4.80833e+02
     Coulomb-14        LJ (SR)  Disper. corr.   Coulomb (SR)   Coul. recip.
    7.19496e+03    8.96312e+04   -5.11071e+03   -7.03345e+05    4.19292e+03
 Position Rest.      Potential    Kinetic En.   Total Energy  Conserved En.
    5.16929e+01   -6.03659e+05    1.12850e+05   -4.90809e+05   -4.88368e+05
    Temperature Pres. DC (bar) Pressure (bar)   Constr. rmsd
    3.08881e+02   -1.90029e+02   -1.45966e+00    3.26347e-06

           Step           Time
         335000      670.00000

   Energies (kJ/mol)
           Bond          Angle    Proper Dih. Per. Imp. Dih.          LJ-14
    4.54223e+02    1.30423e+03    1.60312e+03    7.31760e+01    4.91567e+02
     Coulomb-14        LJ (SR)  Disper. corr.   Coulomb (SR)   Coul. recip.
    7.14304e+03    9.07163e+04   -5.11422e+03   -7.04743e+05    4.24396e+03
 Position Rest.      Potential    Kinetic En.   Total Energy  Conserved En.
    4.82264e+01   -6.03780e+05    1.13501e+05   -4.90278e+05   -4.88348e+05
    Temperature Pres. DC (bar) Pressure (bar)   Constr. rmsd
    3.10665e+02   -1.90290e+02    9.37546e+01    3.26347e-06

           Step           Time
         340000      680.00000

   Energies (kJ/mol)
           Bond          Angle    Proper Dih. Per. Imp. Dih.          LJ-14
    4.95237e+02    1.21786e+03    1.65129e+03    6.34150e+01    4.91166e+02
     Coulomb-14        LJ (SR)  Disper. corr.   Coulomb (SR)   Coul. recip.
    7.08386e+03    9.10101e+04   -5.11338e+03   -7.04821e+05    4.14322e+03
 Position Rest.      Potential    Kinetic En.   Total Energy  Conserved En.
    5.40574e+01   -6.03724e+05    1.13695e+05   -4.90030e+05   -4.88354e+05
    Temperature Pres. DC (bar) Pressure (bar)   Constr. rmsd
    3.11193e+02   -1.90227e+02    1.60910e+02    3.26347e-06

           Step           Time
         345000      690.00000

   Energies (kJ/mol)
           Bond          Angle    Proper Dih. Per. Imp. Dih.          LJ-14
    4.12055e+02    1.20279e+03    1.64045e+03    7.75176e+01    5.17372e+02
     Coulomb-14        LJ (SR)  Disper. corr.   Coulomb (SR)   Coul. recip.
    7.28480e+03    9.05565e+04   -5.11279e+03   -7.04674e+05    4.17453e+03
 Position Rest.      Potential    Kinetic En.   Total Energy  Conserved En.
    5.97106e+01   -6.03861e+05    1.14598e+05   -4.89264e+05   -4.88343e+05
    Temperature Pres. DC (bar) Pressure (bar)   Constr. rmsd
    3.13665e+02   -1.90183e+02    1.67261e+02    3.26347e-06

           Step           Time
         350000      700.00000

   Energies (kJ/mol)
           Bond          Angle    Proper Dih. Per. Imp. Dih.          LJ-14
    4.85823e+02    1.11336e+03    1.63487e+03    7.05200e+01    5.12225e+02
     Coulomb-14        LJ (SR)  Disper. corr.   Coulomb (SR)   Coul. recip.
    7.21323e+03    8.99852e+04   -5.10762e+03   -7.03854e+05    4.12593e+03
 Position Rest.      Potential    Kinetic En.   Total Energy  Conserved En.
    4.76375e+01   -6.03773e+05    1.14271e+05   -4.89502e+05   -4.88304e+05
    Temperature Pres. DC (bar) Pressure (bar)   Constr. rmsd
    3.12772e+02   -1.89800e+02   -1.35331e+01    3.26347e-06

           Step           Time
         355000      710.00000

   Energies (kJ/mol)
           Bond          Angle    Proper Dih. Per. Imp. Dih.          LJ-14
    4.13051e+02    1.11055e+03    1.60718e+03    7.23964e+01    5.01704e+02
     Coulomb-14        LJ (SR)  Disper. corr.   Coulomb (SR)   Coul. recip.
    7.23801e+03    9.04421e+04   -5.11135e+03   -7.05604e+05    4.30545e+03
 Position Rest.      Potential    Kinetic En.   Total Energy  Conserved En.
    5.54410e+01   -6.04970e+05    1.13345e+05   -4.91625e+05   -4.88285e+05
    Temperature Pres. DC (bar) Pressure (bar)   Constr. rmsd
    3.10237e+02   -1.90077e+02    5.62999e+00    3.26347e-06

           Step           Time
         360000      720.00000

   Energies (kJ/mol)
           Bond          Angle    Proper Dih. Per. Imp. Dih.          LJ-14
    4.44583e+02    1.23908e+03    1.59867e+03    8.65678e+01    4.89714e+02
     Coulomb-14        LJ (SR)  Disper. corr.   Coulomb (SR)   Coul. recip.
    7.15067e+03    8.91990e+04   -5.12097e+03   -7.03174e+05    4.22093e+03
 Position Rest.      Potential    Kinetic En.   Total Energy  Conserved En.
    4.62989e+01   -6.03819e+05    1.13561e+05   -4.90258e+05   -4.88253e+05
    Temperature Pres. DC (bar) Pressure (bar)   Constr. rmsd
    3.10829e+02   -1.90792e+02   -3.87842e+01    3.26347e-06

           Step           Time
         365000      730.00000

   Energies (kJ/mol)
           Bond          Angle    Proper Dih. Per. Imp. Dih.          LJ-14
    4.11373e+02    1.24207e+03    1.60700e+03    7.94462e+01    4.99232e+02
     Coulomb-14        LJ (SR)  Disper. corr.   Coulomb (SR)   Coul. recip.
    7.23263e+03    8.97759e+04   -5.12074e+03   -7.04283e+05    4.21188e+03
 Position Rest.      Potential    Kinetic En.   Total Energy  Conserved En.
    5.13237e+01   -6.04293e+05    1.14008e+05   -4.90285e+05   -4.88272e+05
    Temperature Pres. DC (bar) Pressure (bar)   Constr. rmsd
    3.12052e+02   -1.90775e+02    2.42624e+01    3.26347e-06

           Step           Time
         370000      740.00000

   Energies (kJ/mol)
           Bond          Angle    Proper Dih. Per. Imp. Dih.          LJ-14
    4.14733e+02    1.16916e+03    1.63703e+03    7.68407e+01    5.13335e+02
     Coulomb-14        LJ (SR)  Disper. corr.   Coulomb (SR)   Coul. recip.
    7.15434e+03    9.03697e+04   -5.11487e+03   -7.05335e+05    4.22471e+03
 Position Rest.      Potential    Kinetic En.   Total Energy  Conserved En.
    7.12490e+01   -6.04819e+05    1.14525e+05   -4.90294e+05   -4.88273e+05
    Temperature Pres. DC (bar) Pressure (bar)   Constr. rmsd
    3.13467e+02   -1.90338e+02    6.25867e+01    3.26347e-06

           Step           Time
         375000      750.00000

   Energies (kJ/mol)
           Bond          Angle    Proper Dih. Per. Imp. Dih.          LJ-14
    4.54585e+02    1.28925e+03    1.62495e+03    6.36261e+01    5.07437e+02
     Coulomb-14        LJ (SR)  Disper. corr.   Coulomb (SR)   Coul. recip.
    7.17888e+03    8.90806e+04   -5.10877e+03   -7.01573e+05    4.31124e+03
 Position Rest.      Potential    Kinetic En.   Total Energy  Conserved En.
    4.44785e+01   -6.02126e+05    1.14382e+05   -4.87744e+05   -4.88246e+05
    Temperature Pres. DC (bar) Pressure (bar)   Constr. rmsd
    3.13076e+02   -1.89885e+02    7.26085e+00    3.26347e-06

           Step           Time
         380000      760.00000

   Energies (kJ/mol)
           Bond          Angle    Proper Dih. Per. Imp. Dih.          LJ-14
    4.07833e+02    1.23086e+03    1.60955e+03    7.09564e+01    5.05808e+02
     Coulomb-14        LJ (SR)  Disper. corr.   Coulomb (SR)   Coul. recip.
    7.15945e+03    8.96798e+04   -5.10985e+03   -7.04744e+05    4.14152e+03
 Position Rest.      Potential    Kinetic En.   Total Energy  Conserved En.
    6.07923e+01   -6.04987e+05    1.12085e+05   -4.92902e+05   -4.88209e+05
    Temperature Pres. DC (bar) Pressure (bar)   Constr. rmsd
    3.06787e+02   -1.89965e+02   -4.60575e+01    3.26347e-06

           Step           Time
         385000      770.00000

   Energies (kJ/mol)
           Bond          Angle    Proper Dih. Per. Imp. Dih.          LJ-14
    4.40486e+02    1.16980e+03    1.52353e+03    8.13631e+01    4.95943e+02
     Coulomb-14        LJ (SR)  Disper. corr.   Coulomb (SR)   Coul. recip.
    7.12277e+03    8.95239e+04   -5.11195e+03   -7.03782e+05    4.20821e+03
 Position Rest.      Potential    Kinetic En.   Total Energy  Conserved En.
    4.89106e+01   -6.04279e+05    1.13693e+05   -4.90586e+05   -4.88195e+05
    Temperature Pres. DC (bar) Pressure (bar)   Constr. rmsd
    3.11191e+02   -1.90121e+02   -7.61551e+01    3.26347e-06

           Step           Time
         390000      780.00000

   Energies (kJ/mol)
           Bond          Angle    Proper Dih. Per. Imp. Dih.          LJ-14
    4.32091e+02    1.22694e+03    1.61184e+03    9.06472e+01    4.97311e+02
     Coulomb-14        LJ (SR)  Disper. corr.   Coulomb (SR)   Coul. recip.
    7.12965e+03    8.79376e+04   -5.11048e+03   -7.01441e+05    4.27618e+03
 Position Rest.      Potential    Kinetic En.   Total Energy  Conserved En.
    4.25485e+01   -6.03307e+05    1.13101e+05   -4.90206e+05   -4.88161e+05
    Temperature Pres. DC (bar) Pressure (bar)   Constr. rmsd
    3.09569e+02   -1.90012e+02   -2.30142e+02    3.26347e-06

           Step           Time
         395000      790.00000

   Energies (kJ/mol)
           Bond          Angle    Proper Dih. Per. Imp. Dih.          LJ-14
    4.43204e+02    1.26681e+03    1.60950e+03    6.78281e+01    4.87817e+02
     Coulomb-14        LJ (SR)  Disper. corr.   Coulomb (SR)   Coul. recip.
    7.04066e+03    9.03006e+04   -5.11869e+03   -7.04120e+05    4.28289e+03
 Position Rest.      Potential    Kinetic En.   Total Energy  Conserved En.
    4.97999e+01   -6.03689e+05    1.13271e+05   -4.90418e+05   -4.88171e+05
    Temperature Pres. DC (bar) Pressure (bar)   Constr. rmsd
    3.10035e+02   -1.90622e+02    6.08911e+01    3.26347e-06

           Step           Time
         400000      800.00000

   Energies (kJ/mol)
           Bond          Angle    Proper Dih. Per. Imp. Dih.          LJ-14
    4.40733e+02    1.21507e+03    1.60342e+03    5.45587e+01    4.64518e+02
     Coulomb-14        LJ (SR)  Disper. corr.   Coulomb (SR)   Coul. recip.
    7.11820e+03    8.93656e+04   -5.10471e+03   -7.04258e+05    4.21920e+03
 Position Rest.      Potential    Kinetic En.   Total Energy  Conserved En.
    6.70402e+01   -6.04814e+05    1.13190e+05   -4.91624e+05   -4.88124e+05
    Temperature Pres. DC (bar) Pressure (bar)   Constr. rmsd
    3.09813e+02   -1.89583e+02   -1.61466e+02    3.26347e-06

Writing checkpoint, step 400700 at Thu Feb 20 20:45:00 2025


           Step           Time
         405000      810.00000

   Energies (kJ/mol)
           Bond          Angle    Proper Dih. Per. Imp. Dih.          LJ-14
    4.55524e+02    1.11460e+03    1.60204e+03    8.35588e+01    5.13679e+02
     Coulomb-14        LJ (SR)  Disper. corr.   Coulomb (SR)   Coul. recip.
    7.18046e+03    8.90379e+04   -5.10932e+03   -7.03695e+05    4.21244e+03
 Position Rest.      Potential    Kinetic En.   Total Energy  Conserved En.
    4.92503e+01   -6.04555e+05    1.12716e+05   -4.91839e+05   -4.88109e+05
    Temperature Pres. DC (bar) Pressure (bar)   Constr. rmsd
    3.08515e+02   -1.89926e+02   -1.66954e+02    3.26347e-06

           Step           Time
         410000      820.00000

   Energies (kJ/mol)
           Bond          Angle    Proper Dih. Per. Imp. Dih.          LJ-14
    4.31714e+02    1.21513e+03    1.64410e+03    1.00330e+02    5.32992e+02
     Coulomb-14        LJ (SR)  Disper. corr.   Coulomb (SR)   Coul. recip.
    7.10117e+03    8.88534e+04   -5.11304e+03   -7.02245e+05    4.22314e+03
 Position Rest.      Potential    Kinetic En.   Total Energy  Conserved En.
    6.63952e+01   -6.03189e+05    1.13180e+05   -4.90010e+05   -4.88095e+05
    Temperature Pres. DC (bar) Pressure (bar)   Constr. rmsd
    3.09784e+02   -1.90202e+02   -6.83574e+01    3.26347e-06

           Step           Time
         415000      830.00000

   Energies (kJ/mol)
           Bond          Angle    Proper Dih. Per. Imp. Dih.          LJ-14
    4.55175e+02    1.25878e+03    1.69847e+03    8.66609e+01    4.76384e+02
     Coulomb-14        LJ (SR)  Disper. corr.   Coulomb (SR)   Coul. recip.
    7.14082e+03    9.06466e+04   -5.11881e+03   -7.03956e+05    4.23825e+03
 Position Rest.      Potential    Kinetic En.   Total Energy  Conserved En.
    6.02419e+01   -6.03013e+05    1.14980e+05   -4.88034e+05   -4.88104e+05
    Temperature Pres. DC (bar) Pressure (bar)   Constr. rmsd
    3.14711e+02   -1.90631e+02    1.98829e+02    3.26347e-06

           Step           Time
         420000      840.00000

   Energies (kJ/mol)
           Bond          Angle    Proper Dih. Per. Imp. Dih.          LJ-14
    4.51956e+02    1.22707e+03    1.60165e+03    8.20404e+01    4.98670e+02
     Coulomb-14        LJ (SR)  Disper. corr.   Coulomb (SR)   Coul. recip.
    7.12506e+03    8.99421e+04   -5.11611e+03   -7.04339e+05    4.15197e+03
 Position Rest.      Potential    Kinetic En.   Total Energy  Conserved En.
    6.39732e+01   -6.04311e+05    1.13982e+05   -4.90329e+05   -4.88059e+05
    Temperature Pres. DC (bar) Pressure (bar)   Constr. rmsd
    3.11980e+02   -1.90430e+02    4.73138e+01    3.26347e-06

           Step           Time
         425000      850.00000

   Energies (kJ/mol)
           Bond          Angle    Proper Dih. Per. Imp. Dih.          LJ-14
    5.05478e+02    1.14019e+03    1.59318e+03    6.78043e+01    4.85233e+02
     Coulomb-14        LJ (SR)  Disper. corr.   Coulomb (SR)   Coul. recip.
    7.07350e+03    9.03118e+04   -5.11775e+03   -7.04403e+05    4.16931e+03
 Position Rest.      Potential    Kinetic En.   Total Energy  Conserved En.
    8.48253e+01   -6.04089e+05    1.13065e+05   -4.91024e+05   -4.88044e+05
    Temperature Pres. DC (bar) Pressure (bar)   Constr. rmsd
    3.09471e+02   -1.90553e+02    2.72900e+01    3.26347e-06

           Step           Time
         430000      860.00000

   Energies (kJ/mol)
           Bond          Angle    Proper Dih. Per. Imp. Dih.          LJ-14
    5.21558e+02    1.21683e+03    1.53056e+03    6.81131e+01    5.01945e+02
     Coulomb-14        LJ (SR)  Disper. corr.   Coulomb (SR)   Coul. recip.
    7.11101e+03    8.91052e+04   -5.11575e+03   -7.03256e+05    4.20604e+03
 Position Rest.      Potential    Kinetic En.   Total Energy  Conserved En.
    5.02947e+01   -6.04060e+05    1.14111e+05   -4.89950e+05   -4.88028e+05
    Temperature Pres. DC (bar) Pressure (bar)   Constr. rmsd
    3.12333e+02   -1.90403e+02   -1.30718e+02    3.26347e-06

           Step           Time
         435000      870.00000

   Energies (kJ/mol)
           Bond          Angle    Proper Dih. Per. Imp. Dih.          LJ-14
    4.83509e+02    1.23966e+03    1.56836e+03    1.03218e+02    5.12355e+02
     Coulomb-14        LJ (SR)  Disper. corr.   Coulomb (SR)   Coul. recip.
    7.20940e+03    8.99492e+04   -5.11447e+03   -7.04904e+05    4.21324e+03
 Position Rest.      Potential    Kinetic En.   Total Energy  Conserved En.
    4.47902e+01   -6.04694e+05    1.12983e+05   -4.91711e+05   -4.88011e+05
    Temperature Pres. DC (bar) Pressure (bar)   Constr. rmsd
    3.09247e+02   -1.90309e+02   -2.42629e+01    3.26347e-06

           Step           Time
         440000      880.00000

   Energies (kJ/mol)
           Bond          Angle    Proper Dih. Per. Imp. Dih.          LJ-14
    4.84286e+02    1.16074e+03    1.62744e+03    7.29313e+01    4.83692e+02
     Coulomb-14        LJ (SR)  Disper. corr.   Coulomb (SR)   Coul. recip.
    7.07535e+03    9.05241e+04   -5.11509e+03   -7.04973e+05    4.20532e+03
 Position Rest.      Potential    Kinetic En.   Total Energy  Conserved En.
    5.75970e+01   -6.04397e+05    1.13128e+05   -4.91269e+05   -4.88022e+05
    Temperature Pres. DC (bar) Pressure (bar)   Constr. rmsd
    3.09642e+02   -1.90355e+02    3.21868e+01    3.26347e-06

           Step           Time
         445000      890.00000

   Energies (kJ/mol)
           Bond          Angle    Proper Dih. Per. Imp. Dih.          LJ-14
    4.61875e+02    1.20538e+03    1.65950e+03    8.54199e+01    4.73424e+02
     Coulomb-14        LJ (SR)  Disper. corr.   Coulomb (SR)   Coul. recip.
    7.16367e+03    9.02467e+04   -5.11392e+03   -7.05042e+05    4.24069e+03
 Position Rest.      Potential    Kinetic En.   Total Energy  Conserved En.
    4.91344e+01   -6.04570e+05    1.14082e+05   -4.90488e+05   -4.87993e+05
    Temperature Pres. DC (bar) Pressure (bar)   Constr. rmsd
    3.12254e+02   -1.90268e+02   -1.35386e+01    3.26347e-06

           Step           Time
         450000      900.00000

   Energies (kJ/mol)
           Bond          Angle    Proper Dih. Per. Imp. Dih.          LJ-14
    3.92754e+02    1.15489e+03    1.61388e+03    6.01997e+01    5.20496e+02
     Coulomb-14        LJ (SR)  Disper. corr.   Coulomb (SR)   Coul. recip.
    7.17598e+03    9.03373e+04   -5.11537e+03   -7.05311e+05    4.19106e+03
 Position Rest.      Potential    Kinetic En.   Total Energy  Conserved En.
    5.06102e+01   -6.04929e+05    1.13668e+05   -4.91261e+05   -4.87983e+05
    Temperature Pres. DC (bar) Pressure (bar)   Constr. rmsd
    3.11122e+02   -1.90375e+02    7.59194e+01    3.26347e-06

           Step           Time
         455000      910.00000

   Energies (kJ/mol)
           Bond          Angle    Proper Dih. Per. Imp. Dih.          LJ-14
    3.89421e+02    1.30620e+03    1.60741e+03    5.78289e+01    4.77709e+02
     Coulomb-14        LJ (SR)  Disper. corr.   Coulomb (SR)   Coul. recip.
    7.10407e+03    8.91554e+04   -5.10995e+03   -7.02561e+05    4.11587e+03
 Position Rest.      Potential    Kinetic En.   Total Energy  Conserved En.
    3.97223e+01   -6.03417e+05    1.13704e+05   -4.89714e+05   -4.87934e+05
    Temperature Pres. DC (bar) Pressure (bar)   Constr. rmsd
    3.11218e+02   -1.89973e+02   -6.58914e+01    3.26347e-06

           Step           Time
         460000      920.00000

   Energies (kJ/mol)
           Bond          Angle    Proper Dih. Per. Imp. Dih.          LJ-14
    5.09669e+02    1.26815e+03    1.59134e+03    6.84135e+01    4.92991e+02
     Coulomb-14        LJ (SR)  Disper. corr.   Coulomb (SR)   Coul. recip.
    7.10448e+03    8.98478e+04   -5.10925e+03   -7.03898e+05    4.11871e+03
 Position Rest.      Potential    Kinetic En.   Total Energy  Conserved En.
    6.84240e+01   -6.03938e+05    1.13085e+05   -4.90853e+05   -4.87943e+05
    Temperature Pres. DC (bar) Pressure (bar)   Constr. rmsd
    3.09525e+02   -1.89921e+02    3.02102e+01    3.26347e-06

           Step           Time
         465000      930.00000

   Energies (kJ/mol)
           Bond          Angle    Proper Dih. Per. Imp. Dih.          LJ-14
    4.28022e+02    1.27303e+03    1.64462e+03    7.50507e+01    4.55325e+02
     Coulomb-14        LJ (SR)  Disper. corr.   Coulomb (SR)   Coul. recip.
    7.08249e+03    9.01237e+04   -5.11745e+03   -7.03238e+05    4.22892e+03
 Position Rest.      Potential    Kinetic En.   Total Energy  Conserved En.
    7.32801e+01   -6.02971e+05    1.12855e+05   -4.90116e+05   -4.87936e+05
    Temperature Pres. DC (bar) Pressure (bar)   Constr. rmsd
    3.08895e+02   -1.90530e+02    4.13538e+01    3.26347e-06

           Step           Time
         470000      940.00000

   Energies (kJ/mol)
           Bond          Angle    Proper Dih. Per. Imp. Dih.          LJ-14
    4.67205e+02    1.20757e+03    1.59631e+03    7.81249e+01    4.98715e+02
     Coulomb-14        LJ (SR)  Disper. corr.   Coulomb (SR)   Coul. recip.
    7.28391e+03    8.93347e+04   -5.12138e+03   -7.03830e+05    4.18893e+03
 Position Rest.      Potential    Kinetic En.   Total Energy  Conserved En.
    5.69284e+01   -6.04239e+05    1.14506e+05   -4.89734e+05   -4.87904e+05
    Temperature Pres. DC (bar) Pressure (bar)   Constr. rmsd
    3.13414e+02   -1.90822e+02   -3.63352e+01    3.26347e-06

           Step           Time
         475000      950.00000

   Energies (kJ/mol)
           Bond          Angle    Proper Dih. Per. Imp. Dih.          LJ-14
    4.39112e+02    1.14243e+03    1.64340e+03    7.77022e+01    4.92475e+02
     Coulomb-14        LJ (SR)  Disper. corr.   Coulomb (SR)   Coul. recip.
    7.18728e+03    8.89632e+04   -5.11259e+03   -7.03286e+05    4.27007e+03
 Position Rest.      Potential    Kinetic En.   Total Energy  Conserved En.
    5.94928e+01   -6.04123e+05    1.12187e+05   -4.91936e+05   -4.87882e+05
    Temperature Pres. DC (bar) Pressure (bar)   Constr. rmsd
    3.07068e+02   -1.90169e+02   -1.47273e+02    3.26347e-06

           Step           Time
         480000      960.00000

   Energies (kJ/mol)
           Bond          Angle    Proper Dih. Per. Imp. Dih.          LJ-14
    4.47764e+02    1.19818e+03    1.57917e+03    6.44038e+01    4.74916e+02
     Coulomb-14        LJ (SR)  Disper. corr.   Coulomb (SR)   Coul. recip.
    7.12374e+03    9.11965e+04   -5.11248e+03   -7.05660e+05    4.33310e+03
 Position Rest.      Potential    Kinetic En.   Total Energy  Conserved En.
    5.69857e+01   -6.04298e+05    1.12974e+05   -4.91324e+05   -4.87900e+05
    Temperature Pres. DC (bar) Pressure (bar)   Constr. rmsd
    3.09220e+02   -1.90161e+02    1.40206e+02    3.26347e-06

           Step           Time
         485000      970.00000

   Energies (kJ/mol)
           Bond          Angle    Proper Dih. Per. Imp. Dih.          LJ-14
    4.12721e+02    1.10977e+03    1.67441e+03    6.74253e+01    4.63019e+02
     Coulomb-14        LJ (SR)  Disper. corr.   Coulomb (SR)   Coul. recip.
    7.13746e+03    8.98829e+04   -5.12141e+03   -7.04840e+05    4.18550e+03
 Position Rest.      Potential    Kinetic En.   Total Energy  Conserved En.
    7.19672e+01   -6.04956e+05    1.12681e+05   -4.92275e+05   -4.87860e+05
    Temperature Pres. DC (bar) Pressure (bar)   Constr. rmsd
    3.08419e+02   -1.90825e+02   -7.54098e+01    3.26347e-06

           Step           Time
         490000      980.00000

   Energies (kJ/mol)
           Bond          Angle    Proper Dih. Per. Imp. Dih.          LJ-14
    5.10435e+02    1.21097e+03    1.59009e+03    8.25816e+01    5.33586e+02
     Coulomb-14        LJ (SR)  Disper. corr.   Coulomb (SR)   Coul. recip.
    7.10636e+03    9.09194e+04   -5.11847e+03   -7.05723e+05    4.08038e+03
 Position Rest.      Potential    Kinetic En.   Total Energy  Conserved En.
    5.15049e+01   -6.04756e+05    1.13224e+05   -4.91532e+05   -4.87877e+05
    Temperature Pres. DC (bar) Pressure (bar)   Constr. rmsd
    3.09905e+02   -1.90606e+02    1.51784e+02    3.26347e-06

           Step           Time
         495000      990.00000

   Energies (kJ/mol)
           Bond          Angle    Proper Dih. Per. Imp. Dih.          LJ-14
    3.90688e+02    1.13679e+03    1.60273e+03    6.26838e+01    4.72970e+02
     Coulomb-14        LJ (SR)  Disper. corr.   Coulomb (SR)   Coul. recip.
    7.08430e+03    9.00682e+04   -5.11420e+03   -7.04620e+05    4.21998e+03
 Position Rest.      Potential    Kinetic En.   Total Energy  Conserved En.
    4.51778e+01   -6.04651e+05    1.12430e+05   -4.92221e+05   -4.87857e+05
    Temperature Pres. DC (bar) Pressure (bar)   Constr. rmsd
    3.07731e+02   -1.90288e+02    2.21517e+01    3.26347e-06

           Step           Time
         500000     1000.00000

Writing checkpoint, step 500000 at Thu Feb 20 20:52:24 2025


   Energies (kJ/mol)
           Bond          Angle    Proper Dih. Per. Imp. Dih.          LJ-14
    4.46958e+02    1.23973e+03    1.63086e+03    7.19504e+01    5.09099e+02
     Coulomb-14        LJ (SR)  Disper. corr.   Coulomb (SR)   Coul. recip.
    7.16335e+03    9.02390e+04   -5.11910e+03   -7.03495e+05    4.21262e+03
 Position Rest.      Potential    Kinetic En.   Total Energy  Conserved En.
    6.91888e+01   -6.03032e+05    1.12376e+05   -4.90656e+05   -4.87840e+05
    Temperature Pres. DC (bar) Pressure (bar)   Constr. rmsd
    3.07584e+02   -1.90653e+02    8.92380e+01    3.26347e-06


Energy conservation over simulation part #1 of length 1000 ps, time 0 to 1000 ps
  Conserved energy drift: 3.44e-05 kJ/mol/ps per atom


	<======  ###############  ==>
	<====  A V E R A G E S  ====>
	<==  ###############  ======>

	Statistics over 500001 steps using 5001 frames

   Energies (kJ/mol)
           Bond          Angle    Proper Dih. Per. Imp. Dih.          LJ-14
    4.45309e+02    1.18416e+03    1.62006e+03    7.45926e+01    4.95218e+02
     Coulomb-14        LJ (SR)  Disper. corr.   Coulomb (SR)   Coul. recip.
    7.18253e+03    8.98844e+04   -5.11522e+03   -7.04090e+05    4.20476e+03
 Position Rest.      Potential    Kinetic En.   Total Energy  Conserved En.
    5.95762e+01   -6.04054e+05    1.13271e+05   -4.90784e+05   -4.88603e+05
    Temperature Pres. DC (bar) Pressure (bar)   Constr. rmsd
    3.10034e+02   -1.90365e+02    9.20223e-01    0.00000e+00

          Box-X          Box-Y          Box-Z
    8.58073e+00    8.58073e+00    6.06749e+00

   Total Virial (kJ/mol)
    3.77976e+04   -1.40787e+01    1.04895e+01
   -1.40770e+01    3.76656e+04   -5.67071e+00
    1.04877e+01   -5.67515e+00    3.77710e+04

   Pressure (bar)
   -2.81569e+00    5.65819e-01   -1.06365e+00
    5.65689e-01    6.57566e+00    8.87596e-01
   -1.06351e+00    8.87926e-01   -9.99299e-01

      T-ProteinT-Water_and_ions
    3.10217e+02    3.10031e+02


	M E G A - F L O P S   A C C O U N T I N G

 NB=Group-cutoff nonbonded kernels    NxN=N-by-N cluster Verlet kernels
 RF=Reaction-Field  VdW=Van der Waals  QSTab=quadratic-spline table
 W3=SPC/TIP3p  W4=TIP4p (single or pairs)
 V&F=Potential and force  V=Potential only  F=Force only

 Computing:                               M-Number         M-Flops  % Flops
-----------------------------------------------------------------------------
 Pair Search distance check           21296.425648      191667.831     0.0
 NxN Ewald Elec. + LJ [F]          20887013.353536  1378542881.333    98.3
 NxN Ewald Elec. + LJ [V&F]          211022.087616    22579363.375     1.6
 1,4 nonbonded interactions             747.001494       67230.134     0.0
 Shift-X                                218.848761        1313.093     0.0
 Bonds                                  141.000282        8319.017     0.0
 Angles                                 516.001032       86688.173     0.0
 Propers                                821.001642      188009.376     0.0
 Impropers                               50.000100       10400.021     0.0
 Pos. Restr.                             18.000036         900.002     0.0
 Virial                                 219.073806        3943.329     0.0
 P-Coupling                             218.848761        1313.093     0.0
 Calc-Ekin                             4376.187522      118157.063     0.0
 Lincs                                    0.000568           0.034     0.0
 Lincs-Mat                                0.003072           0.012     0.0
 Constraint-V                             0.043684           0.393     0.0
 Settle                                   0.028744          10.635     0.0
-----------------------------------------------------------------------------
 Total                                              1401800196.914   100.0
-----------------------------------------------------------------------------


      R E A L   C Y C L E   A N D   T I M E   A C C O U N T I N G

On 1 MPI rank, each using 12 OpenMP threads

 Activity:              Num   Num      Call    Wall time         Giga-Cycles
                        Ranks Threads  Count      (s)         total sum    %
--------------------------------------------------------------------------------
 Neighbor search           1   12       5001      32.318        856.284   1.4
 Launch PP GPU ops.        1   12     995001      33.549        888.896   1.5
 Force                     1   12     500001     365.454       9682.877  16.3
 PME GPU mesh              1   12     500001      36.641        970.831   1.6
 Wait GPU NB local         1   12     500001      23.523        623.260   1.0
 Wait GPU state copy       1   12     610001    1678.850      44481.960  74.8
 NB X/F buffer ops.        1   12       5001       2.723         72.137   0.1
 Write traj.               1   12        103       1.780         47.167   0.1
 Constraints               1   12          2       0.000          0.003   0.0
 Rest                                             69.812       1849.707   3.1
--------------------------------------------------------------------------------
 Total                                          2244.651      59473.122 100.0
--------------------------------------------------------------------------------
 Breakdown of PME mesh activities
--------------------------------------------------------------------------------
 Wait PME GPU gather       1   12     500001       4.778        126.606   0.2
 Reduce GPU PME F          1   12     500001       2.131         56.474   0.1
 Launch PME GPU ops.       1   12    4500009      28.403        752.561   1.3
--------------------------------------------------------------------------------

               Core t (s)   Wall t (s)        (%)
       Time:    26935.775     2244.651     1200.0
                         37:24
                 (ns/day)    (hour/ns)
Performance:       38.492        0.624
Finished mdrun on rank 0 Thu Feb 20 20:52:24 2025

