                :-) GROMACS - gmx mdrun, 2024.2-conda_forge (-:

Copyright 1991-2024 The GROMACS Authors.
GROMACS is free software; you can redistribute it and/or modify it
under the terms of the GNU Lesser General Public License
as published by the Free Software Foundation; either version 2.1
of the License, or (at your option) any later version.

                         Current GROMACS contributors:
       Mark Abraham           Andrey Alekseenko           Vladimir Basov      
      Cathrine Bergh            Eliane Briand               Ania Brown        
      Mahesh Doijade            Giacomo Fiorin          Stefan Fleischmann    
      Sergey Gorelov         Gilles Gouaillardet            Alan Gray         
     M. Eric Irrgang         Farzaneh Jalalypour            Joe Jordan        
     Carsten Kutzner           Justin A. Lemkul          Magnus Lundborg      
       Pascal Merz              Vedran Miletic            Dmitry Morozov      
       Julien Nabet              Szilard Pall        Andrea Pasquadibisceglie 
    Michele Pellegrino          Hubert Santuz             Roland Schulz       
     Tatiana Shugaeva          Alexey Shvetsov            Philip Turner       
     Alessandra Villa      Sebastian Wingbermuehle  

                         Previous GROMACS contributors:
        Emile Apol             Rossen Apostolov           James Barnett       
        Paul Bauer          Herman J.C. Berendsen          Par Bjelkmar       
      Christian Blau          Viacheslav Bolnykh            Kevin Boyd        
    Aldert van Buuren          Carlo Camilloni           Rudi van Drunen      
      Anton Feenstra           Oliver Fleetwood            Vytas Gapsys       
       Gaurav Garg             Gerrit Groenhof            Bert de Groot       
      Anca Hamuraru           Vincent Hindriksen          Victor Holanda      
     Aleksei Iupinov          Christoph Junghans        Prashanth Kanduri     
   Dimitrios Karkoulis           Peter Kasson             Sebastian Kehl      
     Sebastian Keller             Jiri Kraus               Per Larsson        
      Viveca Lindahl            Erik Marklund           Pieter Meulenhoff     
      Teemu Murtola              Sander Pronk             Michael Shirts      
      Alfons Sijbers            Balint Soproni         David van der Spoel    
      Peter Tieleman            Carsten Uphoff             Jon Vincent        
     Teemu Virolainen         Christian Wennberg           Maarten Wolf       
      Artem Zhmurov       

                  Coordinated by the GROMACS project leaders:
                           Berk Hess and Erik Lindahl

GROMACS:      gmx mdrun, version 2024.2-conda_forge
Executable:   /usr/local/bin.AVX2_256/gmx
Data prefix:  /usr/local
Working dir:  /host_pwd/mmp2_only_sim/sys_equi/sys_equi/00_equi_HA
Process ID:   211407
Command line:
  gmx mdrun -s equi_HA_mmp2_only.tpr -deffnm equi_HA_mmp2_only -nt 24 -ntmpi 0 -nsteps -2 -nocopyright -gpu_id 0

GROMACS version:     2024.2-conda_forge
Precision:           mixed
Memory model:        64 bit
MPI library:         thread_mpi
OpenMP support:      enabled (GMX_OPENMP_MAX_THREADS = 128)
GPU support:         CUDA
NBNxM GPU setup:     super-cluster 2x2x2 / cluster 8
SIMD instructions:   AVX2_256
CPU FFT library:     fftw-3.3.10-sse2-avx
GPU FFT library:     cuFFT
Multi-GPU FFT:       none
RDTSCP usage:        disabled
TNG support:         enabled
Hwloc support:       disabled
Tracing support:     disabled
C compiler:          /home/conda/feedstock_root/build_artifacts/gromacs_1720551881628/_build_env/bin/x86_64-conda-linux-gnu-cc GNU 11.4.0
C compiler flags:    -fexcess-precision=fast -funroll-all-loops -mavx2 -mfma -Wno-missing-field-initializers -O3 -DNDEBUG
C++ compiler:        /home/conda/feedstock_root/build_artifacts/gromacs_1720551881628/_build_env/bin/x86_64-conda-linux-gnu-c++ GNU 11.4.0
C++ compiler flags:  -fexcess-precision=fast -funroll-all-loops -mavx2 -mfma -Wno-missing-field-initializers -Wno-cast-function-type-strict SHELL:-fopenmp -O3 -DNDEBUG
BLAS library:        Internal
LAPACK library:      Internal
CUDA compiler:       /usr/local/cuda/bin/nvcc nvcc: NVIDIA (R) Cuda compiler driver;Copyright (c) 2005-2022 NVIDIA Corporation;Built on Wed_Sep_21_10:33:58_PDT_2022;Cuda compilation tools, release 11.8, V11.8.89;Build cuda_11.8.r11.8/compiler.31833905_0
CUDA compiler flags:-std=c++17;--generate-code=arch=compute_35,code=sm_35;--generate-code=arch=compute_37,code=sm_37;--generate-code=arch=compute_50,code=sm_50;--generate-code=arch=compute_52,code=sm_52;--generate-code=arch=compute_60,code=sm_60;--generate-code=arch=compute_61,code=sm_61;--generate-code=arch=compute_70,code=sm_70;--generate-code=arch=compute_75,code=sm_75;--generate-code=arch=compute_80,code=sm_80;--generate-code=arch=compute_86,code=sm_86;--generate-code=arch=compute_89,code=sm_89;--generate-code=arch=compute_90,code=sm_90;-Wno-deprecated-gpu-targets;--generate-code=arch=compute_53,code=sm_53;--generate-code=arch=compute_80,code=sm_80;-use_fast_math;-Xptxas;-warn-double-usage;-Xptxas;-Werror;;-Xcompiler;-fopenmp;-fexcess-precision=fast -funroll-all-loops -mavx2 -mfma -Wno-missing-field-initializers -Wno-cast-function-type-strict SHELL:-fopenmp -O3 -DNDEBUG
CUDA driver:         11.70
CUDA runtime:        11.80


Running on 1 node with total 32 cores, 64 processing units, 1 compatible GPU
Hardware detected on host kuhpcgn1:
  CPU info:
    Vendor: Intel
    Brand:  Intel(R) Xeon(R) Silver 4216 CPU @ 2.10GHz
    Family: 6   Model: 85   Stepping: 7
    Features: aes apic avx avx2 avx512f avx512cd avx512bw avx512vl clfsh cmov cx8 cx16 f16c fma hle htt intel lahf mmx msr nonstop_tsc pcid pclmuldq pdcm pdpe1gb popcnt pse rdrnd rdtscp rtm sse2 sse3 sse4.1 sse4.2 ssse3 tdt x2apic
    Number of AVX-512 FMA units: 1 (For Intel, AVX2 is faster w/o 2 AVX-512 FMA units)
  Hardware topology: Basic
    Packages, cores, and logical processors:
    [indices refer to OS logical processors]
      Package  0: [   0  32] [   1  33] [   2  34] [   3  35] [   4  36] [   5  37] [   6  38] [   7  39] [   8  40] [   9  41] [  10  42] [  11  43] [  12  44] [  13  45] [  14  46] [  15  47]
      Package  1: [  16  48] [  17  49] [  18  50] [  19  51] [  20  52] [  21  53] [  22  54] [  23  55] [  24  56] [  25  57] [  26  58] [  27  59] [  28  60] [  29  61] [  30  62] [  31  63]
    CPU limit set by OS: -1   Recommended max number of threads: 64
  GPU info:
    Number of GPUs detected: 1
    #0: NVIDIA Tesla V100-PCIE-32GB, compute cap.: 7.0, ECC: yes, stat: compatible

The current CPU can measure timings more accurately than the code in
gmx mdrun was configured to use. This might affect your simulation
speed as accurate timings are needed for load-balancing.
Please consider rebuilding gmx mdrun with the GMX_USE_RDTSCP=ON CMake option.

++++ PLEASE READ AND CITE THE FOLLOWING REFERENCE ++++
M. J. Abraham, T. Murtola, R. Schulz, S. Páll, J. C. Smith, B. Hess, E.
Lindahl
GROMACS: High performance molecular simulations through multi-level
parallelism from laptops to supercomputers
SoftwareX 1 (2015) pp. 19-25
-------- -------- --- Thank You --- -------- --------


++++ PLEASE READ AND CITE THE FOLLOWING REFERENCE ++++
S. Páll, M. J. Abraham, C. Kutzner, B. Hess, E. Lindahl
Tackling Exascale Software Challenges in Molecular Dynamics Simulations with
GROMACS
In S. Markidis & E. Laure (Eds.), Solving Software Challenges for Exascale 8759 (2015) pp. 3-27
-------- -------- --- Thank You --- -------- --------


++++ PLEASE READ AND CITE THE FOLLOWING REFERENCE ++++
S. Pronk, S. Páll, R. Schulz, P. Larsson, P. Bjelkmar, R. Apostolov, M. R.
Shirts, J. C. Smith, P. M. Kasson, D. van der Spoel, B. Hess, and E. Lindahl
GROMACS 4.5: a high-throughput and highly parallel open source molecular
simulation toolkit
Bioinformatics 29 (2013) pp. 845-54
-------- -------- --- Thank You --- -------- --------


++++ PLEASE READ AND CITE THE FOLLOWING REFERENCE ++++
B. Hess and C. Kutzner and D. van der Spoel and E. Lindahl
GROMACS 4: Algorithms for highly efficient, load-balanced, and scalable
molecular simulation
J. Chem. Theory Comput. 4 (2008) pp. 435-447
-------- -------- --- Thank You --- -------- --------


++++ PLEASE READ AND CITE THE FOLLOWING REFERENCE ++++
D. van der Spoel, E. Lindahl, B. Hess, G. Groenhof, A. E. Mark and H. J. C.
Berendsen
GROMACS: Fast, Flexible and Free
J. Comp. Chem. 26 (2005) pp. 1701-1719
-------- -------- --- Thank You --- -------- --------


++++ PLEASE READ AND CITE THE FOLLOWING REFERENCE ++++
E. Lindahl and B. Hess and D. van der Spoel
GROMACS 3.0: A package for molecular simulation and trajectory analysis
J. Mol. Mod. 7 (2001) pp. 306-317
-------- -------- --- Thank You --- -------- --------


++++ PLEASE READ AND CITE THE FOLLOWING REFERENCE ++++
H. J. C. Berendsen, D. van der Spoel and R. van Drunen
GROMACS: A message-passing parallel molecular dynamics implementation
Comp. Phys. Comm. 91 (1995) pp. 43-56
-------- -------- --- Thank You --- -------- --------

Input Parameters:
   integrator                     = md
   tinit                          = 0
   dt                             = 0.001
   nsteps                         = 500000
   init-step                      = 0
   simulation-part                = 1
   mts                            = false
   mass-repartition-factor        = 1
   comm-mode                      = None
   nstcomm                        = 0
   bd-fric                        = 0
   ld-seed                        = -1140999201
   emtol                          = 10
   emstep                         = 0.01
   niter                          = 20
   fcstep                         = 0
   nstcgsteep                     = 1000
   nbfgscorr                      = 10
   rtpi                           = 0.05
   nstxout                        = 200000
   nstvout                        = 200000
   nstfout                        = 0
   nstlog                         = 5000
   nstcalcenergy                  = 100
   nstenergy                      = 5000
   nstxout-compressed             = 5000
   compressed-x-precision         = 1000
   cutoff-scheme                  = Verlet
   nstlist                        = 10
   pbc                            = xyz
   periodic-molecules             = false
   verlet-buffer-tolerance        = 0.005
   verlet-buffer-pressure-tolerance = 0.5
   rlist                          = 1
   coulombtype                    = PME
   coulomb-modifier               = Potential-shift
   rcoulomb-switch                = 0
   rcoulomb                       = 1
   epsilon-r                      = 1
   epsilon-rf                     = inf
   vdw-type                       = Cut-off
   vdw-modifier                   = Potential-shift
   rvdw-switch                    = 0
   rvdw                           = 1
   DispCorr                       = EnerPres
   table-extension                = 1
   fourierspacing                 = 0.12
   fourier-nx                     = 108
   fourier-ny                     = 108
   fourier-nz                     = 108
   pme-order                      = 4
   ewald-rtol                     = 1e-05
   ewald-rtol-lj                  = 0.001
   lj-pme-comb-rule               = Geometric
   ewald-geometry                 = 3d
   epsilon-surface                = 0
   ensemble-temperature-setting   = constant
   ensemble-temperature           = 310
   tcoupl                         = V-rescale
   nsttcouple                     = 20
   nh-chain-length                = 0
   print-nose-hoover-chain-variables = false
   pcoupl                         = Berendsen
   pcoupltype                     = Isotropic
   nstpcouple                     = 100
   tau-p                          = 5
   compressibility (3x3):
      compressibility[    0]={ 4.50000e-05,  0.00000e+00,  0.00000e+00}
      compressibility[    1]={ 0.00000e+00,  4.50000e-05,  0.00000e+00}
      compressibility[    2]={ 0.00000e+00,  0.00000e+00,  4.50000e-05}
   ref-p (3x3):
      ref-p[    0]={ 1.00000e+00,  0.00000e+00,  0.00000e+00}
      ref-p[    1]={ 0.00000e+00,  1.00000e+00,  0.00000e+00}
      ref-p[    2]={ 0.00000e+00,  0.00000e+00,  1.00000e+00}
   refcoord-scaling               = COM
   posres-com (3):
      posres-com[0]= 4.99672e-01
      posres-com[1]= 5.02909e-01
      posres-com[2]= 4.95632e-01
   posres-comB (3):
      posres-comB[0]= 4.99672e-01
      posres-comB[1]= 5.02909e-01
      posres-comB[2]= 4.95632e-01
   QMMM                           = false
qm-opts:
   ngQM                           = 0
   constraint-algorithm           = Lincs
   continuation                   = false
   Shake-SOR                      = false
   shake-tol                      = 0.0001
   lincs-order                    = 4
   lincs-iter                     = 1
   lincs-warnangle                = 30
   nwall                          = 0
   wall-type                      = 9-3
   wall-r-linpot                  = -1
   wall-atomtype[0]               = -1
   wall-atomtype[1]               = -1
   wall-density[0]                = 0
   wall-density[1]                = 0
   wall-ewald-zfac                = 3
   pull                           = false
   awh                            = false
   rotation                       = false
   interactiveMD                  = false
   disre                          = Simple
   disre-weighting                = Conservative
   disre-mixed                    = false
   dr-fc                          = 1000
   dr-tau                         = 0
   nstdisreout                    = 0
   orire-fc                       = 0
   orire-tau                      = 0
   nstorireout                    = 100
   free-energy                    = no
   cos-acceleration               = 0
   deform (3x3):
      deform[    0]={ 0.00000e+00,  0.00000e+00,  0.00000e+00}
      deform[    1]={ 0.00000e+00,  0.00000e+00,  0.00000e+00}
      deform[    2]={ 0.00000e+00,  0.00000e+00,  0.00000e+00}
   simulated-tempering            = false
   swapcoords                     = no
   userint1                       = 0
   userint2                       = 0
   userint3                       = 0
   userint4                       = 0
   userreal1                      = 0
   userreal2                      = 0
   userreal3                      = 0
   userreal4                      = 0
   applied-forces:
     electric-field:
       x:
         E0                       = 0
         omega                    = 0
         t0                       = 0
         sigma                    = 0
       y:
         E0                       = 0
         omega                    = 0
         t0                       = 0
         sigma                    = 0
       z:
         E0                       = 0
         omega                    = 0
         t0                       = 0
         sigma                    = 0
     density-guided-simulation:
       active                     = false
       group                      = protein
       similarity-measure         = inner-product
       atom-spreading-weight      = unity
       force-constant             = 1e+09
       gaussian-transform-spreading-width = 0.2
       gaussian-transform-spreading-range-in-multiples-of-width = 4
       reference-density-filename = reference.mrc
       nst                        = 1
       normalize-densities        = true
       adaptive-force-scaling     = false
       adaptive-force-scaling-time-constant = 4
       shift-vector               = 
       transformation-matrix      = 
     qmmm-cp2k:
       active                     = false
       qmgroup                    = System
       qmmethod                   = PBE
       qmfilenames                = 
       qmcharge                   = 0
       qmmultiplicity             = 1
     colvars:
       active                     = false
       configfile                 = 
       seed                       = -1
grpopts:
   nrdf:       24107      279945
   ref-t:         310         310
   tau-t:         0.1         0.1
annealing:          No          No
annealing-npoints:           0           0
   acc:	           0           0           0
   nfreeze:           N           N           N
   energygrp-flags[  0]: 0

Changing nstlist from 10 to 100, rlist from 1 to 1.11


When checking whether update groups are usable:
  Domain decomposition is not active, so there is no need for update groups
1 GPU selected for this run.
Mapping of GPU IDs to the 2 GPU tasks in the 1 rank on this node:
  PP:0,PME:0
PP tasks will do (non-perturbed) short-ranged interactions on the GPU
PP task will update and constrain coordinates on the GPU
PME tasks will do all aspects on the GPU
Using 1 MPI thread
Using 24 OpenMP threads 

System total charge: 0.000
Will do PME sum in reciprocal space for electrostatic interactions.

++++ PLEASE READ AND CITE THE FOLLOWING REFERENCE ++++
U. Essmann, L. Perera, M. L. Berkowitz, T. Darden, H. Lee and L. G. Pedersen 
A smooth particle mesh Ewald method
J. Chem. Phys. 103 (1995) pp. 8577-8592
-------- -------- --- Thank You --- -------- --------

Using a Gaussian width (1/beta) of 0.320163 nm for Ewald
Potential shift: LJ r^-12: -1.000e+00 r^-6: -1.000e+00, Ewald -1.000e-05
Initialized non-bonded Coulomb Ewald tables, spacing: 9.33e-04 size: 1073

Generated table with 1055 data points for 1-4 COUL.
Tabscale = 500 points/nm
Generated table with 1055 data points for 1-4 LJ6.
Tabscale = 500 points/nm
Generated table with 1055 data points for 1-4 LJ12.
Tabscale = 500 points/nm
Long Range LJ corr.: <C6> 3.0903e-04


Using GPU 8x8 nonbonded short-range kernels

Using a dual 8x8 pair-list setup updated with dynamic, rolling pruning:
  outer list: updated every 100 steps, buffer 0.110 nm, rlist 1.110 nm
  inner list: updated every  20 steps, buffer 0.001 nm, rlist 1.001 nm
At tolerance 0.005 kJ/mol/ps per atom, equivalent classical 1x1 list would be:
  outer list: updated every 100 steps, buffer 0.237 nm, rlist 1.237 nm
  inner list: updated every  20 steps, buffer 0.043 nm, rlist 1.043 nm

The average pressure is off by at most 0.41 bar due to missing LJ interactions

Using Lorentz-Berthelot Lennard-Jones combination rule
Removing pbc first time

NOTE: The number of threads is not equal to the number of (logical) cpus
      and the -pin option is set to auto: will not pin threads to cpus.
      This can lead to significant performance degradation.
      Consider using -pin on (and -pinoffset in case you run multiple jobs).

Initializing LINear Constraint Solver

++++ PLEASE READ AND CITE THE FOLLOWING REFERENCE ++++
B. Hess and H. Bekker and H. J. C. Berendsen and J. G. E. M. Fraaije
LINCS: A Linear Constraint Solver for molecular simulations
J. Comp. Chem. 18 (1997) pp. 1463-1472
-------- -------- --- Thank You --- -------- --------

The number of constraints is 4657

++++ PLEASE READ AND CITE THE FOLLOWING REFERENCE ++++
S. Miyamoto and P. A. Kollman
SETTLE: An Analytical Version of the SHAKE and RATTLE Algorithms for Rigid
Water Models
J. Comp. Chem. 13 (1992) pp. 952-962
-------- -------- --- Thank You --- -------- --------


++++ PLEASE READ AND CITE THE FOLLOWING REFERENCE ++++
G. Bussi, D. Donadio and M. Parrinello
Canonical sampling through velocity rescaling
J. Chem. Phys. 126 (2007) pp. 014101
-------- -------- --- Thank You --- -------- --------

There are: 149439 Atoms

Updating coordinates and applying constraints on the GPU.

Constraining the starting coordinates (step 0)

Constraining the coordinates at t0-dt (step 0)
RMS relative constraint deviation after constraining: 2.08e-06
Initial temperature: 5.19446e-06 K

Started mdrun on rank 0 Tue Nov  5 23:01:32 2024

           Step           Time
              0        0.00000

   Energies (kJ/mol)
           Bond          Angle    Proper Dih. Per. Imp. Dih.          LJ-14
    1.54431e+02    6.55484e+03    2.22877e+04    3.34543e+02    9.32834e+03
     Coulomb-14        LJ (SR)  Disper. corr.   Coulomb (SR)   Coul. recip.
    1.23518e+05    3.65394e+05   -1.88965e+04   -2.98201e+06    1.13233e+04
 Position Rest.      Potential    Kinetic En.   Total Energy  Conserved En.
    2.25794e-03   -2.46202e+06    3.70201e+01   -2.46198e+06   -2.46045e+06
    Temperature Pres. DC (bar) Pressure (bar)   Constr. rmsd
    2.92877e-02   -2.05613e+02   -4.29700e+03    2.07554e-06

step 4500: timed with pme grid 108 108 108, coulomb cutoff 1.000: 232.8 M-cycles
step 4700: timed with pme grid 100 100 100, coulomb cutoff 1.077: 262.6 M-cycles
step 4900: timed with pme grid 104 104 104, coulomb cutoff 1.036: 251.4 M-cycles
           Step           Time
           5000        5.00000

   Energies (kJ/mol)
           Bond          Angle    Proper Dih. Per. Imp. Dih.          LJ-14
    7.96696e+03    1.98394e+04    2.47891e+04    1.28781e+03    9.58662e+03
     Coulomb-14        LJ (SR)  Disper. corr.   Coulomb (SR)   Coul. recip.
    1.21392e+05    2.69752e+05   -1.90561e+04   -2.44272e+06    1.49003e+04
 Position Rest.      Potential    Kinetic En.   Total Energy  Conserved En.
    2.59854e+03   -1.98966e+06    3.91530e+05   -1.59813e+06   -2.46064e+06
    Temperature Pres. DC (bar) Pressure (bar)   Constr. rmsd
    3.09751e+02   -2.09098e+02   -2.09696e+01    2.07554e-06

step 5100: timed with pme grid 108 108 108, coulomb cutoff 1.000: 252.6 M-cycles
              optimal pme grid 108 108 108, coulomb cutoff 1.000
           Step           Time
          10000       10.00000

   Energies (kJ/mol)
           Bond          Angle    Proper Dih. Per. Imp. Dih.          LJ-14
    7.63755e+03    2.00179e+04    2.47887e+04    1.19895e+03    9.58047e+03
     Coulomb-14        LJ (SR)  Disper. corr.   Coulomb (SR)   Coul. recip.
    1.21838e+05    2.73137e+05   -1.90524e+04   -2.44988e+06    1.51854e+04
 Position Rest.      Potential    Kinetic En.   Total Energy  Conserved En.
    2.70384e+03   -1.99285e+06    3.93842e+05   -1.59900e+06   -2.46064e+06
    Temperature Pres. DC (bar) Pressure (bar)   Constr. rmsd
    3.11580e+02   -2.09016e+02    6.53333e+01    2.07554e-06

           Step           Time
          15000       15.00000

   Energies (kJ/mol)
           Bond          Angle    Proper Dih. Per. Imp. Dih.          LJ-14
    7.63451e+03    1.97389e+04    2.49107e+04    1.31307e+03    9.66820e+03
     Coulomb-14        LJ (SR)  Disper. corr.   Coulomb (SR)   Coul. recip.
    1.21247e+05    2.72489e+05   -1.90619e+04   -2.44869e+06    1.50891e+04
 Position Rest.      Potential    Kinetic En.   Total Energy  Conserved En.
    2.75198e+03   -1.99291e+06    3.92508e+05   -1.60041e+06   -2.46062e+06
    Temperature Pres. DC (bar) Pressure (bar)   Constr. rmsd
    3.10525e+02   -2.09225e+02    1.45868e+00    2.07554e-06

           Step           Time
          20000       20.00000

   Energies (kJ/mol)
           Bond          Angle    Proper Dih. Per. Imp. Dih.          LJ-14
    7.50514e+03    2.03119e+04    2.48953e+04    1.23982e+03    9.62457e+03
     Coulomb-14        LJ (SR)  Disper. corr.   Coulomb (SR)   Coul. recip.
    1.21543e+05    2.71977e+05   -1.90728e+04   -2.44721e+06    1.50637e+04
 Position Rest.      Potential    Kinetic En.   Total Energy  Conserved En.
    2.74412e+03   -1.99138e+06    3.91591e+05   -1.59978e+06   -2.46061e+06
    Temperature Pres. DC (bar) Pressure (bar)   Constr. rmsd
    3.09800e+02   -2.09463e+02    4.47510e+01    2.07554e-06

           Step           Time
          25000       25.00000

   Energies (kJ/mol)
           Bond          Angle    Proper Dih. Per. Imp. Dih.          LJ-14
    7.55855e+03    2.03464e+04    2.47207e+04    1.23247e+03    9.65822e+03
     Coulomb-14        LJ (SR)  Disper. corr.   Coulomb (SR)   Coul. recip.
    1.21556e+05    2.71023e+05   -1.90738e+04   -2.44618e+06    1.50148e+04
 Position Rest.      Potential    Kinetic En.   Total Energy  Conserved En.
    2.65615e+03   -1.99149e+06    3.90709e+05   -1.60078e+06   -2.46061e+06
    Temperature Pres. DC (bar) Pressure (bar)   Constr. rmsd
    3.09102e+02   -2.09486e+02    4.63182e+01    2.07554e-06

           Step           Time
          30000       30.00000

   Energies (kJ/mol)
           Bond          Angle    Proper Dih. Per. Imp. Dih.          LJ-14
    7.53122e+03    1.97688e+04    2.47905e+04    1.21737e+03    9.60161e+03
     Coulomb-14        LJ (SR)  Disper. corr.   Coulomb (SR)   Coul. recip.
    1.21607e+05    2.72420e+05   -1.90686e+04   -2.44733e+06    1.48292e+04
 Position Rest.      Potential    Kinetic En.   Total Energy  Conserved En.
    2.78207e+03   -1.99185e+06    3.92689e+05   -1.59916e+06   -2.46062e+06
    Temperature Pres. DC (bar) Pressure (bar)   Constr. rmsd
    3.10668e+02   -2.09372e+02    8.54235e+01    2.07554e-06

           Step           Time
          35000       35.00000

   Energies (kJ/mol)
           Bond          Angle    Proper Dih. Per. Imp. Dih.          LJ-14
    7.61606e+03    2.01550e+04    2.47969e+04    1.30341e+03    9.59489e+03
     Coulomb-14        LJ (SR)  Disper. corr.   Coulomb (SR)   Coul. recip.
    1.21485e+05    2.71717e+05   -1.90689e+04   -2.44978e+06    1.49460e+04
 Position Rest.      Potential    Kinetic En.   Total Energy  Conserved En.
    2.74969e+03   -1.99449e+06    3.91040e+05   -1.60345e+06   -2.46059e+06
    Temperature Pres. DC (bar) Pressure (bar)   Constr. rmsd
    3.09363e+02   -2.09379e+02   -1.03260e+01    2.07554e-06

           Step           Time
          40000       40.00000

   Energies (kJ/mol)
           Bond          Angle    Proper Dih. Per. Imp. Dih.          LJ-14
    7.62451e+03    1.97434e+04    2.47660e+04    1.26063e+03    9.54242e+03
     Coulomb-14        LJ (SR)  Disper. corr.   Coulomb (SR)   Coul. recip.
    1.21690e+05    2.70169e+05   -1.90744e+04   -2.44705e+06    1.51538e+04
 Position Rest.      Potential    Kinetic En.   Total Energy  Conserved En.
    2.60195e+03   -1.99357e+06    3.92424e+05   -1.60115e+06   -2.46057e+06
    Temperature Pres. DC (bar) Pressure (bar)   Constr. rmsd
    3.10458e+02   -2.09498e+02   -5.31799e+01    2.07554e-06

           Step           Time
          45000       45.00000

   Energies (kJ/mol)
           Bond          Angle    Proper Dih. Per. Imp. Dih.          LJ-14
    7.66342e+03    1.99626e+04    2.48212e+04    1.24343e+03    9.52427e+03
     Coulomb-14        LJ (SR)  Disper. corr.   Coulomb (SR)   Coul. recip.
    1.21593e+05    2.72353e+05   -1.90736e+04   -2.44801e+06    1.47754e+04
 Position Rest.      Potential    Kinetic En.   Total Energy  Conserved En.
    2.78925e+03   -1.99236e+06    3.92475e+05   -1.59988e+06   -2.46058e+06
    Temperature Pres. DC (bar) Pressure (bar)   Constr. rmsd
    3.10499e+02   -2.09480e+02   -1.18930e+01    2.07554e-06

           Step           Time
          50000       50.00000

   Energies (kJ/mol)
           Bond          Angle    Proper Dih. Per. Imp. Dih.          LJ-14
    7.86817e+03    1.94590e+04    2.47713e+04    1.25383e+03    9.59656e+03
     Coulomb-14        LJ (SR)  Disper. corr.   Coulomb (SR)   Coul. recip.
    1.21933e+05    2.74610e+05   -1.90714e+04   -2.45238e+06    1.49714e+04
 Position Rest.      Potential    Kinetic En.   Total Energy  Conserved En.
    2.66757e+03   -1.99433e+06    3.90261e+05   -1.60407e+06   -2.46058e+06
    Temperature Pres. DC (bar) Pressure (bar)   Constr. rmsd
    3.08747e+02   -2.09433e+02    3.36168e+01    2.07554e-06

           Step           Time
          55000       55.00000

   Energies (kJ/mol)
           Bond          Angle    Proper Dih. Per. Imp. Dih.          LJ-14
    7.66265e+03    1.96659e+04    2.48429e+04    1.27570e+03    9.56014e+03
     Coulomb-14        LJ (SR)  Disper. corr.   Coulomb (SR)   Coul. recip.
    1.21270e+05    2.72327e+05   -1.90694e+04   -2.45000e+06    1.49504e+04
 Position Rest.      Potential    Kinetic En.   Total Energy  Conserved En.
    2.68364e+03   -1.99483e+06    3.91852e+05   -1.60298e+06   -2.46056e+06
    Temperature Pres. DC (bar) Pressure (bar)   Constr. rmsd
    3.10006e+02   -2.09389e+02    1.06392e+00    2.07554e-06

           Step           Time
          60000       60.00000

   Energies (kJ/mol)
           Bond          Angle    Proper Dih. Per. Imp. Dih.          LJ-14
    7.61522e+03    2.04579e+04    2.48267e+04    1.25998e+03    9.60452e+03
     Coulomb-14        LJ (SR)  Disper. corr.   Coulomb (SR)   Coul. recip.
    1.21369e+05    2.72398e+05   -1.90693e+04   -2.44814e+06    1.49428e+04
 Position Rest.      Potential    Kinetic En.   Total Energy  Conserved En.
    2.57627e+03   -1.99216e+06    3.93764e+05   -1.59839e+06   -2.46056e+06
    Temperature Pres. DC (bar) Pressure (bar)   Constr. rmsd
    3.11519e+02   -2.09387e+02    7.19254e+01    2.07554e-06

           Step           Time
          65000       65.00000

   Energies (kJ/mol)
           Bond          Angle    Proper Dih. Per. Imp. Dih.          LJ-14
    7.61677e+03    1.97699e+04    2.49796e+04    1.23693e+03    9.75852e+03
     Coulomb-14        LJ (SR)  Disper. corr.   Coulomb (SR)   Coul. recip.
    1.21740e+05    2.71861e+05   -1.90718e+04   -2.44731e+06    1.48520e+04
 Position Rest.      Potential    Kinetic En.   Total Energy  Conserved En.
    2.62131e+03   -1.99195e+06    3.91915e+05   -1.60003e+06   -2.46053e+06
    Temperature Pres. DC (bar) Pressure (bar)   Constr. rmsd
    3.10056e+02   -2.09442e+02    4.78671e+00    2.07554e-06

           Step           Time
          70000       70.00000

   Energies (kJ/mol)
           Bond          Angle    Proper Dih. Per. Imp. Dih.          LJ-14
    7.81085e+03    1.99245e+04    2.48657e+04    1.23431e+03    9.60974e+03
     Coulomb-14        LJ (SR)  Disper. corr.   Coulomb (SR)   Coul. recip.
    1.21516e+05    2.71874e+05   -1.90708e+04   -2.44912e+06    1.46633e+04
 Position Rest.      Potential    Kinetic En.   Total Energy  Conserved En.
    2.85499e+03   -1.99384e+06    3.92130e+05   -1.60171e+06   -2.46052e+06
    Temperature Pres. DC (bar) Pressure (bar)   Constr. rmsd
    3.10226e+02   -2.09419e+02   -1.20509e+01    2.07554e-06

           Step           Time
          75000       75.00000

   Energies (kJ/mol)
           Bond          Angle    Proper Dih. Per. Imp. Dih.          LJ-14
    7.85200e+03    1.98169e+04    2.47239e+04    1.23592e+03    9.56819e+03
     Coulomb-14        LJ (SR)  Disper. corr.   Coulomb (SR)   Coul. recip.
    1.21478e+05    2.72403e+05   -1.90685e+04   -2.44933e+06    1.48537e+04
 Position Rest.      Potential    Kinetic En.   Total Energy  Conserved En.
    2.72200e+03   -1.99374e+06    3.90449e+05   -1.60329e+06   -2.46054e+06
    Temperature Pres. DC (bar) Pressure (bar)   Constr. rmsd
    3.08896e+02   -2.09369e+02    5.66426e+01    2.07554e-06

           Step           Time
          80000       80.00000

   Energies (kJ/mol)
           Bond          Angle    Proper Dih. Per. Imp. Dih.          LJ-14
    7.84887e+03    2.00817e+04    2.46476e+04    1.25830e+03    9.51131e+03
     Coulomb-14        LJ (SR)  Disper. corr.   Coulomb (SR)   Coul. recip.
    1.21313e+05    2.71918e+05   -1.90753e+04   -2.44729e+06    1.49419e+04
 Position Rest.      Potential    Kinetic En.   Total Energy  Conserved En.
    2.80894e+03   -1.99204e+06    3.91488e+05   -1.60055e+06   -2.46050e+06
    Temperature Pres. DC (bar) Pressure (bar)   Constr. rmsd
    3.09718e+02   -2.09518e+02   -2.30024e+01    2.07554e-06

           Step           Time
          85000       85.00000

   Energies (kJ/mol)
           Bond          Angle    Proper Dih. Per. Imp. Dih.          LJ-14
    7.76233e+03    2.01042e+04    2.46975e+04    1.30825e+03    9.41406e+03
     Coulomb-14        LJ (SR)  Disper. corr.   Coulomb (SR)   Coul. recip.
    1.21150e+05    2.72596e+05   -1.90795e+04   -2.44919e+06    1.50440e+04
 Position Rest.      Potential    Kinetic En.   Total Energy  Conserved En.
    2.75407e+03   -1.99344e+06    3.90865e+05   -1.60257e+06   -2.46050e+06
    Temperature Pres. DC (bar) Pressure (bar)   Constr. rmsd
    3.09225e+02   -2.09611e+02   -2.32607e+01    2.07554e-06

           Step           Time
          90000       90.00000

   Energies (kJ/mol)
           Bond          Angle    Proper Dih. Per. Imp. Dih.          LJ-14
    7.61205e+03    1.95945e+04    2.47237e+04    1.23572e+03    9.68189e+03
     Coulomb-14        LJ (SR)  Disper. corr.   Coulomb (SR)   Coul. recip.
    1.21787e+05    2.70699e+05   -1.90691e+04   -2.44781e+06    1.50524e+04
 Position Rest.      Potential    Kinetic En.   Total Energy  Conserved En.
    2.85090e+03   -1.99364e+06    3.92091e+05   -1.60155e+06   -2.46050e+06
    Temperature Pres. DC (bar) Pressure (bar)   Constr. rmsd
    3.10195e+02   -2.09382e+02   -5.66161e+00    2.07554e-06

           Step           Time
          95000       95.00000

   Energies (kJ/mol)
           Bond          Angle    Proper Dih. Per. Imp. Dih.          LJ-14
    7.37567e+03    1.99471e+04    2.47075e+04    1.27806e+03    9.67136e+03
     Coulomb-14        LJ (SR)  Disper. corr.   Coulomb (SR)   Coul. recip.
    1.21543e+05    2.71390e+05   -1.90633e+04   -2.44664e+06    1.50254e+04
 Position Rest.      Potential    Kinetic En.   Total Energy  Conserved En.
    2.85167e+03   -1.99192e+06    3.91640e+05   -1.60028e+06   -2.46052e+06
    Temperature Pres. DC (bar) Pressure (bar)   Constr. rmsd
    3.09838e+02   -2.09256e+02    5.97573e+01    2.07554e-06

           Step           Time
         100000      100.00000

   Energies (kJ/mol)
           Bond          Angle    Proper Dih. Per. Imp. Dih.          LJ-14
    7.39088e+03    1.97664e+04    2.47520e+04    1.26435e+03    9.67065e+03
     Coulomb-14        LJ (SR)  Disper. corr.   Coulomb (SR)   Coul. recip.
    1.21495e+05    2.72153e+05   -1.90585e+04   -2.44628e+06    1.48599e+04
 Position Rest.      Potential    Kinetic En.   Total Energy  Conserved En.
    2.77662e+03   -1.99121e+06    3.90744e+05   -1.60047e+06   -2.46051e+06
    Temperature Pres. DC (bar) Pressure (bar)   Constr. rmsd
    3.09129e+02   -2.09149e+02    5.28186e+01    2.07554e-06

           Step           Time
         105000      105.00000

   Energies (kJ/mol)
           Bond          Angle    Proper Dih. Per. Imp. Dih.          LJ-14
    7.53612e+03    2.00770e+04    2.47187e+04    1.23132e+03    9.55876e+03
     Coulomb-14        LJ (SR)  Disper. corr.   Coulomb (SR)   Coul. recip.
    1.21277e+05    2.71513e+05   -1.90704e+04   -2.44754e+06    1.48440e+04
 Position Rest.      Potential    Kinetic En.   Total Energy  Conserved En.
    2.84380e+03   -1.99301e+06    3.92806e+05   -1.60021e+06   -2.46049e+06
    Temperature Pres. DC (bar) Pressure (bar)   Constr. rmsd
    3.10761e+02   -2.09412e+02   -3.32185e+01    2.07554e-06

           Step           Time
         110000      110.00000

   Energies (kJ/mol)
           Bond          Angle    Proper Dih. Per. Imp. Dih.          LJ-14
    7.61074e+03    1.96001e+04    2.47226e+04    1.30472e+03    9.44946e+03
     Coulomb-14        LJ (SR)  Disper. corr.   Coulomb (SR)   Coul. recip.
    1.21413e+05    2.71010e+05   -1.90747e+04   -2.44696e+06    1.47083e+04
 Position Rest.      Potential    Kinetic En.   Total Energy  Conserved En.
    2.80415e+03   -1.99341e+06    3.92850e+05   -1.60056e+06   -2.46048e+06
    Temperature Pres. DC (bar) Pressure (bar)   Constr. rmsd
    3.10796e+02   -2.09504e+02   -2.15182e+01    2.07554e-06

           Step           Time
         115000      115.00000

   Energies (kJ/mol)
           Bond          Angle    Proper Dih. Per. Imp. Dih.          LJ-14
    7.91513e+03    1.96096e+04    2.48924e+04    1.22476e+03    9.43825e+03
     Coulomb-14        LJ (SR)  Disper. corr.   Coulomb (SR)   Coul. recip.
    1.21199e+05    2.71447e+05   -1.90677e+04   -2.44690e+06    1.49197e+04
 Position Rest.      Potential    Kinetic En.   Total Energy  Conserved En.
    2.83745e+03   -1.99248e+06    3.90275e+05   -1.60221e+06   -2.46044e+06
    Temperature Pres. DC (bar) Pressure (bar)   Constr. rmsd
    3.08758e+02   -2.09352e+02   -1.10872e+02    2.07554e-06

           Step           Time
         120000      120.00000

   Energies (kJ/mol)
           Bond          Angle    Proper Dih. Per. Imp. Dih.          LJ-14
    7.28290e+03    2.02354e+04    2.45994e+04    1.31809e+03    9.45586e+03
     Coulomb-14        LJ (SR)  Disper. corr.   Coulomb (SR)   Coul. recip.
    1.21583e+05    2.71584e+05   -1.90692e+04   -2.44997e+06    1.49146e+04
 Position Rest.      Potential    Kinetic En.   Total Energy  Conserved En.
    2.96169e+03   -1.99510e+06    3.92143e+05   -1.60296e+06   -2.46046e+06
    Temperature Pres. DC (bar) Pressure (bar)   Constr. rmsd
    3.10236e+02   -2.09385e+02   -5.75931e+01    2.07554e-06

           Step           Time
         125000      125.00000

   Energies (kJ/mol)
           Bond          Angle    Proper Dih. Per. Imp. Dih.          LJ-14
    7.69064e+03    2.00708e+04    2.47029e+04    1.28762e+03    9.59781e+03
     Coulomb-14        LJ (SR)  Disper. corr.   Coulomb (SR)   Coul. recip.
    1.21328e+05    2.69913e+05   -1.90824e+04   -2.44666e+06    1.48232e+04
 Position Rest.      Potential    Kinetic En.   Total Energy  Conserved En.
    2.77027e+03   -1.99356e+06    3.93397e+05   -1.60016e+06   -2.46048e+06
    Temperature Pres. DC (bar) Pressure (bar)   Constr. rmsd
    3.11228e+02   -2.09675e+02   -2.33491e+01    2.07554e-06

           Step           Time
         130000      130.00000

   Energies (kJ/mol)
           Bond          Angle    Proper Dih. Per. Imp. Dih.          LJ-14
    7.64085e+03    1.99614e+04    2.47746e+04    1.22790e+03    9.45044e+03
     Coulomb-14        LJ (SR)  Disper. corr.   Coulomb (SR)   Coul. recip.
    1.21026e+05    2.73256e+05   -1.90768e+04   -2.45141e+06    1.49805e+04
 Position Rest.      Potential    Kinetic En.   Total Energy  Conserved En.
    2.72283e+03   -1.99544e+06    3.91928e+05   -1.60352e+06   -2.46044e+06
    Temperature Pres. DC (bar) Pressure (bar)   Constr. rmsd
    3.10066e+02   -2.09552e+02   -6.76415e+01    2.07554e-06

           Step           Time
         135000      135.00000

   Energies (kJ/mol)
           Bond          Angle    Proper Dih. Per. Imp. Dih.          LJ-14
    7.77774e+03    2.01293e+04    2.47704e+04    1.28528e+03    9.60635e+03
     Coulomb-14        LJ (SR)  Disper. corr.   Coulomb (SR)   Coul. recip.
    1.21116e+05    2.73939e+05   -1.90709e+04   -2.44860e+06    1.49239e+04
 Position Rest.      Potential    Kinetic En.   Total Energy  Conserved En.
    2.78317e+03   -1.99134e+06    3.91501e+05   -1.59984e+06   -2.46049e+06
    Temperature Pres. DC (bar) Pressure (bar)   Constr. rmsd
    3.09728e+02   -2.09423e+02    9.33438e+01    2.07554e-06

           Step           Time
         140000      140.00000

   Energies (kJ/mol)
           Bond          Angle    Proper Dih. Per. Imp. Dih.          LJ-14
    7.65856e+03    1.96307e+04    2.46494e+04    1.26210e+03    9.61813e+03
     Coulomb-14        LJ (SR)  Disper. corr.   Coulomb (SR)   Coul. recip.
    1.21385e+05    2.72081e+05   -1.90619e+04   -2.44897e+06    1.50458e+04
 Position Rest.      Potential    Kinetic En.   Total Energy  Conserved En.
    2.77083e+03   -1.99393e+06    3.90274e+05   -1.60366e+06   -2.46047e+06
    Temperature Pres. DC (bar) Pressure (bar)   Constr. rmsd
    3.08758e+02   -2.09226e+02    8.32541e+01    2.07554e-06

           Step           Time
         145000      145.00000

   Energies (kJ/mol)
           Bond          Angle    Proper Dih. Per. Imp. Dih.          LJ-14
    7.57990e+03    1.98792e+04    2.47826e+04    1.25983e+03    9.54255e+03
     Coulomb-14        LJ (SR)  Disper. corr.   Coulomb (SR)   Coul. recip.
    1.21706e+05    2.75626e+05   -1.90700e+04   -2.45229e+06    1.51814e+04
 Position Rest.      Potential    Kinetic En.   Total Energy  Conserved En.
    2.70098e+03   -1.99310e+06    3.91871e+05   -1.60123e+06   -2.46048e+06
    Temperature Pres. DC (bar) Pressure (bar)   Constr. rmsd
    3.10021e+02   -2.09402e+02    1.32802e+02    2.07554e-06

           Step           Time
         150000      150.00000

   Energies (kJ/mol)
           Bond          Angle    Proper Dih. Per. Imp. Dih.          LJ-14
    7.39893e+03    1.98169e+04    2.46549e+04    1.24221e+03    9.68627e+03
     Coulomb-14        LJ (SR)  Disper. corr.   Coulomb (SR)   Coul. recip.
    1.21713e+05    2.72140e+05   -1.90632e+04   -2.44936e+06    1.47480e+04
 Position Rest.      Potential    Kinetic En.   Total Energy  Conserved En.
    2.85706e+03   -1.99417e+06    3.92282e+05   -1.60189e+06   -2.46045e+06
    Temperature Pres. DC (bar) Pressure (bar)   Constr. rmsd
    3.10346e+02   -2.09252e+02   -9.10975e+00    2.07554e-06

           Step           Time
         155000      155.00000

   Energies (kJ/mol)
           Bond          Angle    Proper Dih. Per. Imp. Dih.          LJ-14
    7.67866e+03    1.99255e+04    2.49037e+04    1.24057e+03    9.70255e+03
     Coulomb-14        LJ (SR)  Disper. corr.   Coulomb (SR)   Coul. recip.
    1.22000e+05    2.72705e+05   -1.90537e+04   -2.44902e+06    1.49372e+04
 Position Rest.      Potential    Kinetic En.   Total Energy  Conserved En.
    2.83735e+03   -1.99214e+06    3.93198e+05   -1.59894e+06   -2.46045e+06
    Temperature Pres. DC (bar) Pressure (bar)   Constr. rmsd
    3.11071e+02   -2.09045e+02   -4.07552e+01    2.07554e-06

           Step           Time
         160000      160.00000

   Energies (kJ/mol)
           Bond          Angle    Proper Dih. Per. Imp. Dih.          LJ-14
    7.53185e+03    1.95204e+04    2.48781e+04    1.29860e+03    9.62666e+03
     Coulomb-14        LJ (SR)  Disper. corr.   Coulomb (SR)   Coul. recip.
    1.21519e+05    2.70947e+05   -1.90667e+04   -2.44996e+06    1.49079e+04
 Position Rest.      Potential    Kinetic En.   Total Energy  Conserved En.
    2.65258e+03   -1.99615e+06    3.92017e+05   -1.60413e+06   -2.46045e+06
    Temperature Pres. DC (bar) Pressure (bar)   Constr. rmsd
    3.10136e+02   -2.09331e+02    2.69123e+01    2.07554e-06

           Step           Time
         165000      165.00000

   Energies (kJ/mol)
           Bond          Angle    Proper Dih. Per. Imp. Dih.          LJ-14
    7.84629e+03    2.01498e+04    2.48042e+04    1.31311e+03    9.52127e+03
     Coulomb-14        LJ (SR)  Disper. corr.   Coulomb (SR)   Coul. recip.
    1.21460e+05    2.71597e+05   -1.90605e+04   -2.44802e+06    1.50817e+04
 Position Rest.      Potential    Kinetic En.   Total Energy  Conserved En.
    2.73127e+03   -1.99257e+06    3.92087e+05   -1.60048e+06   -2.46042e+06
    Temperature Pres. DC (bar) Pressure (bar)   Constr. rmsd
    3.10192e+02   -2.09194e+02    6.08572e+00    2.07554e-06

           Step           Time
         170000      170.00000

   Energies (kJ/mol)
           Bond          Angle    Proper Dih. Per. Imp. Dih.          LJ-14
    7.71502e+03    1.98906e+04    2.47988e+04    1.33126e+03    9.57405e+03
     Coulomb-14        LJ (SR)  Disper. corr.   Coulomb (SR)   Coul. recip.
    1.21385e+05    2.71869e+05   -1.90624e+04   -2.44749e+06    1.49290e+04
 Position Rest.      Potential    Kinetic En.   Total Energy  Conserved En.
    2.72826e+03   -1.99233e+06    3.90433e+05   -1.60190e+06   -2.46041e+06
    Temperature Pres. DC (bar) Pressure (bar)   Constr. rmsd
    3.08883e+02   -2.09236e+02   -3.09033e+01    2.07554e-06

           Step           Time
         175000      175.00000

   Energies (kJ/mol)
           Bond          Angle    Proper Dih. Per. Imp. Dih.          LJ-14
    7.57784e+03    1.98819e+04    2.47776e+04    1.28235e+03    9.58558e+03
     Coulomb-14        LJ (SR)  Disper. corr.   Coulomb (SR)   Coul. recip.
    1.21604e+05    2.72693e+05   -1.90564e+04   -2.44724e+06    1.47309e+04
 Position Rest.      Potential    Kinetic En.   Total Energy  Conserved En.
    2.93359e+03   -1.99123e+06    3.91902e+05   -1.59933e+06   -2.46043e+06
    Temperature Pres. DC (bar) Pressure (bar)   Constr. rmsd
    3.10045e+02   -2.09104e+02    1.01029e+01    2.07554e-06

           Step           Time
         180000      180.00000

   Energies (kJ/mol)
           Bond          Angle    Proper Dih. Per. Imp. Dih.          LJ-14
    7.62011e+03    1.98002e+04    2.45775e+04    1.28234e+03    9.62600e+03
     Coulomb-14        LJ (SR)  Disper. corr.   Coulomb (SR)   Coul. recip.
    1.21360e+05    2.71318e+05   -1.90648e+04   -2.44847e+06    1.48744e+04
 Position Rest.      Potential    Kinetic En.   Total Energy  Conserved En.
    2.82165e+03   -1.99425e+06    3.90726e+05   -1.60353e+06   -2.46040e+06
    Temperature Pres. DC (bar) Pressure (bar)   Constr. rmsd
    3.09115e+02   -2.09288e+02   -2.22850e+01    2.07554e-06

           Step           Time
         185000      185.00000

   Energies (kJ/mol)
           Bond          Angle    Proper Dih. Per. Imp. Dih.          LJ-14
    7.51682e+03    2.02333e+04    2.46980e+04    1.21508e+03    9.67050e+03
     Coulomb-14        LJ (SR)  Disper. corr.   Coulomb (SR)   Coul. recip.
    1.21629e+05    2.71811e+05   -1.90628e+04   -2.44764e+06    1.48641e+04
 Position Rest.      Potential    Kinetic En.   Total Energy  Conserved En.
    2.77398e+03   -1.99229e+06    3.91995e+05   -1.60029e+06   -2.46040e+06
    Temperature Pres. DC (bar) Pressure (bar)   Constr. rmsd
    3.10119e+02   -2.09244e+02   -8.20133e+00    2.07554e-06

           Step           Time
         190000      190.00000

   Energies (kJ/mol)
           Bond          Angle    Proper Dih. Per. Imp. Dih.          LJ-14
    7.67590e+03    2.00244e+04    2.47765e+04    1.17200e+03    9.48950e+03
     Coulomb-14        LJ (SR)  Disper. corr.   Coulomb (SR)   Coul. recip.
    1.21349e+05    2.70769e+05   -1.90589e+04   -2.44630e+06    1.49037e+04
 Position Rest.      Potential    Kinetic En.   Total Energy  Conserved En.
    2.83632e+03   -1.99236e+06    3.94025e+05   -1.59833e+06   -2.46039e+06
    Temperature Pres. DC (bar) Pressure (bar)   Constr. rmsd
    3.11725e+02   -2.09160e+02   -2.61600e+01    2.07554e-06

           Step           Time
         195000      195.00000

   Energies (kJ/mol)
           Bond          Angle    Proper Dih. Per. Imp. Dih.          LJ-14
    7.75807e+03    2.00399e+04    2.48925e+04    1.23348e+03    9.47590e+03
     Coulomb-14        LJ (SR)  Disper. corr.   Coulomb (SR)   Coul. recip.
    1.21455e+05    2.69580e+05   -1.90538e+04   -2.44181e+06    1.48808e+04
 Position Rest.      Potential    Kinetic En.   Total Energy  Conserved En.
    2.88560e+03   -1.98866e+06    3.92324e+05   -1.59634e+06   -2.46038e+06
    Temperature Pres. DC (bar) Pressure (bar)   Constr. rmsd
    3.10380e+02   -2.09046e+02   -3.66671e+01    2.07554e-06

           Step           Time
         200000      200.00000

   Energies (kJ/mol)
           Bond          Angle    Proper Dih. Per. Imp. Dih.          LJ-14
    7.80323e+03    1.96001e+04    2.48255e+04    1.24533e+03    9.62108e+03
     Coulomb-14        LJ (SR)  Disper. corr.   Coulomb (SR)   Coul. recip.
    1.21693e+05    2.71487e+05   -1.90536e+04   -2.44890e+06    1.49007e+04
 Position Rest.      Potential    Kinetic En.   Total Energy  Conserved En.
    2.79014e+03   -1.99399e+06    3.90409e+05   -1.60358e+06   -2.46038e+06
    Temperature Pres. DC (bar) Pressure (bar)   Constr. rmsd
    3.08864e+02   -2.09043e+02   -2.57688e+01    2.07554e-06

           Step           Time
         205000      205.00000

   Energies (kJ/mol)
           Bond          Angle    Proper Dih. Per. Imp. Dih.          LJ-14
    7.67384e+03    2.01182e+04    2.49604e+04    1.24030e+03    9.57853e+03
     Coulomb-14        LJ (SR)  Disper. corr.   Coulomb (SR)   Coul. recip.
    1.21370e+05    2.73986e+05   -1.90708e+04   -2.44923e+06    1.49264e+04
 Position Rest.      Potential    Kinetic En.   Total Energy  Conserved En.
    2.73148e+03   -1.99172e+06    3.91367e+05   -1.60035e+06   -2.46042e+06
    Temperature Pres. DC (bar) Pressure (bar)   Constr. rmsd
    3.09622e+02   -2.09421e+02    1.22758e+02    2.07554e-06

           Step           Time
         210000      210.00000

   Energies (kJ/mol)
           Bond          Angle    Proper Dih. Per. Imp. Dih.          LJ-14
    7.52416e+03    2.02078e+04    2.46624e+04    1.20503e+03    9.61643e+03
     Coulomb-14        LJ (SR)  Disper. corr.   Coulomb (SR)   Coul. recip.
    1.21396e+05    2.71699e+05   -1.90575e+04   -2.44831e+06    1.49403e+04
 Position Rest.      Potential    Kinetic En.   Total Energy  Conserved En.
    2.76568e+03   -1.99335e+06    3.93938e+05   -1.59941e+06   -2.46040e+06
    Temperature Pres. DC (bar) Pressure (bar)   Constr. rmsd
    3.11656e+02   -2.09128e+02    5.52301e+01    2.07554e-06

           Step           Time
         215000      215.00000

   Energies (kJ/mol)
           Bond          Angle    Proper Dih. Per. Imp. Dih.          LJ-14
    7.59028e+03    2.00412e+04    2.47214e+04    1.17032e+03    9.52618e+03
     Coulomb-14        LJ (SR)  Disper. corr.   Coulomb (SR)   Coul. recip.
    1.21333e+05    2.71244e+05   -1.90719e+04   -2.44810e+06    1.47561e+04
 Position Rest.      Potential    Kinetic En.   Total Energy  Conserved En.
    2.82155e+03   -1.99397e+06    3.90454e+05   -1.60352e+06   -2.46037e+06
    Temperature Pres. DC (bar) Pressure (bar)   Constr. rmsd
    3.08900e+02   -2.09444e+02   -6.37077e+00    2.07554e-06

           Step           Time
         220000      220.00000

   Energies (kJ/mol)
           Bond          Angle    Proper Dih. Per. Imp. Dih.          LJ-14
    7.53953e+03    2.00556e+04    2.47546e+04    1.20669e+03    9.53665e+03
     Coulomb-14        LJ (SR)  Disper. corr.   Coulomb (SR)   Coul. recip.
    1.21440e+05    2.73376e+05   -1.90707e+04   -2.45066e+06    1.47882e+04
 Position Rest.      Potential    Kinetic En.   Total Energy  Conserved En.
    2.78030e+03   -1.99425e+06    3.91824e+05   -1.60243e+06   -2.46037e+06
    Temperature Pres. DC (bar) Pressure (bar)   Constr. rmsd
    3.09984e+02   -2.09417e+02    2.81862e+00    2.07554e-06

           Step           Time
         225000      225.00000

   Energies (kJ/mol)
           Bond          Angle    Proper Dih. Per. Imp. Dih.          LJ-14
    7.67373e+03    1.97345e+04    2.47158e+04    1.25081e+03    9.50900e+03
     Coulomb-14        LJ (SR)  Disper. corr.   Coulomb (SR)   Coul. recip.
    1.21370e+05    2.73403e+05   -1.90769e+04   -2.45158e+06    1.48519e+04
 Position Rest.      Potential    Kinetic En.   Total Energy  Conserved En.
    2.86696e+03   -1.99528e+06    3.91838e+05   -1.60344e+06   -2.46037e+06
    Temperature Pres. DC (bar) Pressure (bar)   Constr. rmsd
    3.09994e+02   -2.09553e+02   -1.09298e+01    2.07554e-06

           Step           Time
         230000      230.00000

   Energies (kJ/mol)
           Bond          Angle    Proper Dih. Per. Imp. Dih.          LJ-14
    7.44164e+03    1.99301e+04    2.46788e+04    1.23371e+03    9.70326e+03
     Coulomb-14        LJ (SR)  Disper. corr.   Coulomb (SR)   Coul. recip.
    1.21383e+05    2.71906e+05   -1.90803e+04   -2.44751e+06    1.48276e+04
 Position Rest.      Potential    Kinetic En.   Total Energy  Conserved En.
    2.87836e+03   -1.99261e+06    3.92201e+05   -1.60041e+06   -2.46039e+06
    Temperature Pres. DC (bar) Pressure (bar)   Constr. rmsd
    3.10282e+02   -2.09629e+02    1.15056e+02    2.07554e-06

           Step           Time
         235000      235.00000

   Energies (kJ/mol)
           Bond          Angle    Proper Dih. Per. Imp. Dih.          LJ-14
    7.71001e+03    1.97056e+04    2.47423e+04    1.21694e+03    9.61285e+03
     Coulomb-14        LJ (SR)  Disper. corr.   Coulomb (SR)   Coul. recip.
    1.21876e+05    2.69389e+05   -1.90688e+04   -2.44749e+06    1.47065e+04
 Position Rest.      Potential    Kinetic En.   Total Energy  Conserved En.
    2.80575e+03   -1.99480e+06    3.93201e+05   -1.60160e+06   -2.46034e+06
    Temperature Pres. DC (bar) Pressure (bar)   Constr. rmsd
    3.11073e+02   -2.09375e+02   -3.83543e+01    2.07554e-06

           Step           Time
         240000      240.00000

   Energies (kJ/mol)
           Bond          Angle    Proper Dih. Per. Imp. Dih.          LJ-14
    7.57362e+03    2.04535e+04    2.48568e+04    1.30953e+03    9.49285e+03
     Coulomb-14        LJ (SR)  Disper. corr.   Coulomb (SR)   Coul. recip.
    1.21615e+05    2.72500e+05   -1.90653e+04   -2.44664e+06    1.49013e+04
 Position Rest.      Potential    Kinetic En.   Total Energy  Conserved En.
    2.80426e+03   -1.99019e+06    3.93315e+05   -1.59688e+06   -2.46036e+06
    Temperature Pres. DC (bar) Pressure (bar)   Constr. rmsd
    3.11164e+02   -2.09299e+02    9.61225e+01    2.07554e-06

           Step           Time
         245000      245.00000

   Energies (kJ/mol)
           Bond          Angle    Proper Dih. Per. Imp. Dih.          LJ-14
    7.51532e+03    1.96986e+04    2.48130e+04    1.28548e+03    9.60078e+03
     Coulomb-14        LJ (SR)  Disper. corr.   Coulomb (SR)   Coul. recip.
    1.21623e+05    2.73234e+05   -1.90691e+04   -2.45019e+06    1.50665e+04
 Position Rest.      Potential    Kinetic En.   Total Energy  Conserved En.
    2.67616e+03   -1.99375e+06    3.92453e+05   -1.60129e+06   -2.46037e+06
    Temperature Pres. DC (bar) Pressure (bar)   Constr. rmsd
    3.10481e+02   -2.09381e+02    7.38656e+01    2.07554e-06

           Step           Time
         250000      250.00000

   Energies (kJ/mol)
           Bond          Angle    Proper Dih. Per. Imp. Dih.          LJ-14
    7.69621e+03    1.97245e+04    2.48402e+04    1.31685e+03    9.45972e+03
     Coulomb-14        LJ (SR)  Disper. corr.   Coulomb (SR)   Coul. recip.
    1.21486e+05    2.69752e+05   -1.90654e+04   -2.44657e+06    1.50027e+04
 Position Rest.      Potential    Kinetic En.   Total Energy  Conserved En.
    2.71936e+03   -1.99364e+06    3.90336e+05   -1.60330e+06   -2.46030e+06
    Temperature Pres. DC (bar) Pressure (bar)   Constr. rmsd
    3.08806e+02   -2.09300e+02   -1.35822e+02    2.07554e-06

           Step           Time
         255000      255.00000

   Energies (kJ/mol)
           Bond          Angle    Proper Dih. Per. Imp. Dih.          LJ-14
    7.67687e+03    2.02735e+04    2.49381e+04    1.34194e+03    9.59540e+03
     Coulomb-14        LJ (SR)  Disper. corr.   Coulomb (SR)   Coul. recip.
    1.21447e+05    2.72698e+05   -1.90647e+04   -2.44841e+06    1.47969e+04
 Position Rest.      Potential    Kinetic En.   Total Energy  Conserved En.
    2.74424e+03   -1.99197e+06    3.92393e+05   -1.59957e+06   -2.46032e+06
    Temperature Pres. DC (bar) Pressure (bar)   Constr. rmsd
    3.10434e+02   -2.09286e+02    4.38284e+01    2.07554e-06

           Step           Time
         260000      260.00000

   Energies (kJ/mol)
           Bond          Angle    Proper Dih. Per. Imp. Dih.          LJ-14
    7.54339e+03    1.97527e+04    2.45171e+04    1.21285e+03    9.64730e+03
     Coulomb-14        LJ (SR)  Disper. corr.   Coulomb (SR)   Coul. recip.
    1.21803e+05    2.73064e+05   -1.90682e+04   -2.45077e+06    1.48499e+04
 Position Rest.      Potential    Kinetic En.   Total Energy  Conserved En.
    2.90439e+03   -1.99455e+06    3.90776e+05   -1.60377e+06   -2.46034e+06
    Temperature Pres. DC (bar) Pressure (bar)   Constr. rmsd
    3.09155e+02   -2.09362e+02    6.22646e+01    2.07554e-06

           Step           Time
         265000      265.00000

   Energies (kJ/mol)
           Bond          Angle    Proper Dih. Per. Imp. Dih.          LJ-14
    7.71623e+03    1.98047e+04    2.48148e+04    1.28785e+03    9.66817e+03
     Coulomb-14        LJ (SR)  Disper. corr.   Coulomb (SR)   Coul. recip.
    1.21741e+05    2.73643e+05   -1.90634e+04   -2.45209e+06    1.47174e+04
 Position Rest.      Potential    Kinetic En.   Total Energy  Conserved En.
    2.78230e+03   -1.99498e+06    3.90800e+05   -1.60418e+06   -2.46031e+06
    Temperature Pres. DC (bar) Pressure (bar)   Constr. rmsd
    3.09174e+02   -2.09258e+02    5.06885e+01    2.07554e-06

           Step           Time
         270000      270.00000

   Energies (kJ/mol)
           Bond          Angle    Proper Dih. Per. Imp. Dih.          LJ-14
    7.51181e+03    1.97114e+04    2.47981e+04    1.33222e+03    9.46288e+03
     Coulomb-14        LJ (SR)  Disper. corr.   Coulomb (SR)   Coul. recip.
    1.21869e+05    2.74144e+05   -1.90649e+04   -2.45162e+06    1.50175e+04
 Position Rest.      Potential    Kinetic En.   Total Energy  Conserved En.
    2.76352e+03   -1.99408e+06    3.92689e+05   -1.60139e+06   -2.46031e+06
    Temperature Pres. DC (bar) Pressure (bar)   Constr. rmsd
    3.10668e+02   -2.09290e+02   -2.68001e+01    2.07554e-06

           Step           Time
         275000      275.00000

   Energies (kJ/mol)
           Bond          Angle    Proper Dih. Per. Imp. Dih.          LJ-14
    7.79725e+03    2.01206e+04    2.47451e+04    1.25914e+03    9.58880e+03
     Coulomb-14        LJ (SR)  Disper. corr.   Coulomb (SR)   Coul. recip.
    1.21563e+05    2.74266e+05   -1.90639e+04   -2.44804e+06    1.48243e+04
 Position Rest.      Potential    Kinetic En.   Total Energy  Conserved En.
    2.86372e+03   -1.99007e+06    3.91674e+05   -1.59840e+06   -2.46033e+06
    Temperature Pres. DC (bar) Pressure (bar)   Constr. rmsd
    3.09865e+02   -2.09268e+02    9.42202e+01    2.07554e-06

           Step           Time
         280000      280.00000

   Energies (kJ/mol)
           Bond          Angle    Proper Dih. Per. Imp. Dih.          LJ-14
    7.52280e+03    1.98354e+04    2.47058e+04    1.33729e+03    9.56212e+03
     Coulomb-14        LJ (SR)  Disper. corr.   Coulomb (SR)   Coul. recip.
    1.21551e+05    2.69753e+05   -1.90581e+04   -2.44594e+06    1.50240e+04
 Position Rest.      Potential    Kinetic En.   Total Energy  Conserved En.
    2.88800e+03   -1.99282e+06    3.89920e+05   -1.60290e+06   -2.46028e+06
    Temperature Pres. DC (bar) Pressure (bar)   Constr. rmsd
    3.08477e+02   -2.09142e+02   -5.75569e+01    2.07554e-06

           Step           Time
         285000      285.00000

   Energies (kJ/mol)
           Bond          Angle    Proper Dih. Per. Imp. Dih.          LJ-14
    7.69149e+03    2.00232e+04    2.46743e+04    1.23736e+03    9.54213e+03
     Coulomb-14        LJ (SR)  Disper. corr.   Coulomb (SR)   Coul. recip.
    1.21852e+05    2.72590e+05   -1.90616e+04   -2.44528e+06    1.50015e+04
 Position Rest.      Potential    Kinetic En.   Total Energy  Conserved En.
    2.79500e+03   -1.98893e+06    3.91611e+05   -1.59732e+06   -2.46031e+06
    Temperature Pres. DC (bar) Pressure (bar)   Constr. rmsd
    3.09815e+02   -2.09217e+02    1.21504e+02    2.07554e-06

           Step           Time
         290000      290.00000

   Energies (kJ/mol)
           Bond          Angle    Proper Dih. Per. Imp. Dih.          LJ-14
    7.78622e+03    1.99648e+04    2.47792e+04    1.29646e+03    9.42133e+03
     Coulomb-14        LJ (SR)  Disper. corr.   Coulomb (SR)   Coul. recip.
    1.21081e+05    2.73308e+05   -1.90536e+04   -2.45059e+06    1.50492e+04
 Position Rest.      Potential    Kinetic En.   Total Energy  Conserved En.
    2.94278e+03   -1.99401e+06    3.94128e+05   -1.59988e+06   -2.46025e+06
    Temperature Pres. DC (bar) Pressure (bar)   Constr. rmsd
    3.11807e+02   -2.09043e+02   -1.16417e+02    2.07554e-06

           Step           Time
         295000      295.00000

   Energies (kJ/mol)
           Bond          Angle    Proper Dih. Per. Imp. Dih.          LJ-14
    7.62464e+03    1.98388e+04    2.47994e+04    1.28252e+03    9.57858e+03
     Coulomb-14        LJ (SR)  Disper. corr.   Coulomb (SR)   Coul. recip.
    1.21571e+05    2.71299e+05   -1.90559e+04   -2.44858e+06    1.49519e+04
 Position Rest.      Potential    Kinetic En.   Total Energy  Conserved En.
    2.86851e+03   -1.99382e+06    3.92447e+05   -1.60137e+06   -2.46028e+06
    Temperature Pres. DC (bar) Pressure (bar)   Constr. rmsd
    3.10477e+02   -2.09092e+02   -2.90759e+01    2.07554e-06

           Step           Time
         300000      300.00000

   Energies (kJ/mol)
           Bond          Angle    Proper Dih. Per. Imp. Dih.          LJ-14
    7.76309e+03    1.99047e+04    2.45794e+04    1.23131e+03    9.58939e+03
     Coulomb-14        LJ (SR)  Disper. corr.   Coulomb (SR)   Coul. recip.
    1.21450e+05    2.70675e+05   -1.90689e+04   -2.44523e+06    1.49834e+04
 Position Rest.      Potential    Kinetic En.   Total Energy  Conserved En.
    2.82871e+03   -1.99129e+06    3.91474e+05   -1.59982e+06   -2.46026e+06
    Temperature Pres. DC (bar) Pressure (bar)   Constr. rmsd
    3.09707e+02   -2.09379e+02   -6.97350e+01    2.07554e-06

           Step           Time
         305000      305.00000

   Energies (kJ/mol)
           Bond          Angle    Proper Dih. Per. Imp. Dih.          LJ-14
    7.62704e+03    1.97460e+04    2.45818e+04    1.23186e+03    9.47218e+03
     Coulomb-14        LJ (SR)  Disper. corr.   Coulomb (SR)   Coul. recip.
    1.21552e+05    2.71551e+05   -1.90752e+04   -2.44778e+06    1.49834e+04
 Position Rest.      Potential    Kinetic En.   Total Energy  Conserved En.
    2.94561e+03   -1.99316e+06    3.93484e+05   -1.59968e+06   -2.46028e+06
    Temperature Pres. DC (bar) Pressure (bar)   Constr. rmsd
    3.11297e+02   -2.09516e+02   -3.97433e+01    2.07554e-06

           Step           Time
         310000      310.00000

   Energies (kJ/mol)
           Bond          Angle    Proper Dih. Per. Imp. Dih.          LJ-14
    7.62415e+03    1.94844e+04    2.47445e+04    1.24787e+03    9.59108e+03
     Coulomb-14        LJ (SR)  Disper. corr.   Coulomb (SR)   Coul. recip.
    1.21334e+05    2.73316e+05   -1.90778e+04   -2.45068e+06    1.49461e+04
 Position Rest.      Potential    Kinetic En.   Total Energy  Conserved En.
    2.91005e+03   -1.99456e+06    3.90156e+05   -1.60440e+06   -2.46028e+06
    Temperature Pres. DC (bar) Pressure (bar)   Constr. rmsd
    3.08664e+02   -2.09573e+02    6.74668e+01    2.07554e-06

           Step           Time
         315000      315.00000

   Energies (kJ/mol)
           Bond          Angle    Proper Dih. Per. Imp. Dih.          LJ-14
    7.71400e+03    2.02303e+04    2.49458e+04    1.28581e+03    9.57302e+03
     Coulomb-14        LJ (SR)  Disper. corr.   Coulomb (SR)   Coul. recip.
    1.21490e+05    2.71780e+05   -1.90711e+04   -2.44660e+06    1.47568e+04
 Position Rest.      Potential    Kinetic En.   Total Energy  Conserved En.
    2.75266e+03   -1.99114e+06    3.93008e+05   -1.59813e+06   -2.46027e+06
    Temperature Pres. DC (bar) Pressure (bar)   Constr. rmsd
    3.10920e+02   -2.09427e+02    6.31467e+01    2.07554e-06

           Step           Time
         320000      320.00000

   Energies (kJ/mol)
           Bond          Angle    Proper Dih. Per. Imp. Dih.          LJ-14
    7.55240e+03    1.97886e+04    2.48799e+04    1.30025e+03    9.63079e+03
     Coulomb-14        LJ (SR)  Disper. corr.   Coulomb (SR)   Coul. recip.
    1.21784e+05    2.72476e+05   -1.90749e+04   -2.45069e+06    1.48617e+04
 Position Rest.      Potential    Kinetic En.   Total Energy  Conserved En.
    2.89148e+03   -1.99460e+06    3.92369e+05   -1.60223e+06   -2.46022e+06
    Temperature Pres. DC (bar) Pressure (bar)   Constr. rmsd
    3.10415e+02   -2.09510e+02   -4.91695e+01    2.07554e-06

           Step           Time
         325000      325.00000

   Energies (kJ/mol)
           Bond          Angle    Proper Dih. Per. Imp. Dih.          LJ-14
    7.64501e+03    1.98129e+04    2.45663e+04    1.22945e+03    9.40886e+03
     Coulomb-14        LJ (SR)  Disper. corr.   Coulomb (SR)   Coul. recip.
    1.21466e+05    2.71002e+05   -1.90769e+04   -2.44948e+06    1.48685e+04
 Position Rest.      Potential    Kinetic En.   Total Energy  Conserved En.
    2.76632e+03   -1.99579e+06    3.91299e+05   -1.60450e+06   -2.46023e+06
    Temperature Pres. DC (bar) Pressure (bar)   Constr. rmsd
    3.09568e+02   -2.09553e+02   -6.80981e+01    2.07554e-06

           Step           Time
         330000      330.00000

   Energies (kJ/mol)
           Bond          Angle    Proper Dih. Per. Imp. Dih.          LJ-14
    7.44914e+03    2.00361e+04    2.45768e+04    1.23604e+03    9.45499e+03
     Coulomb-14        LJ (SR)  Disper. corr.   Coulomb (SR)   Coul. recip.
    1.20909e+05    2.73437e+05   -1.90845e+04   -2.44883e+06    1.49394e+04
 Position Rest.      Potential    Kinetic En.   Total Energy  Conserved En.
    2.89377e+03   -1.99298e+06    3.92031e+05   -1.60095e+06   -2.46026e+06
    Temperature Pres. DC (bar) Pressure (bar)   Constr. rmsd
    3.10148e+02   -2.09721e+02    1.04243e+02    2.07554e-06

           Step           Time
         335000      335.00000

   Energies (kJ/mol)
           Bond          Angle    Proper Dih. Per. Imp. Dih.          LJ-14
    7.64178e+03    1.99393e+04    2.46699e+04    1.29597e+03    9.51091e+03
     Coulomb-14        LJ (SR)  Disper. corr.   Coulomb (SR)   Coul. recip.
    1.21431e+05    2.73593e+05   -1.90792e+04   -2.45092e+06    1.47177e+04
 Position Rest.      Potential    Kinetic En.   Total Energy  Conserved En.
    2.85978e+03   -1.99434e+06    3.92633e+05   -1.60170e+06   -2.46023e+06
    Temperature Pres. DC (bar) Pressure (bar)   Constr. rmsd
    3.10624e+02   -2.09605e+02   -5.01351e+00    2.07554e-06

           Step           Time
         340000      340.00000

   Energies (kJ/mol)
           Bond          Angle    Proper Dih. Per. Imp. Dih.          LJ-14
    7.63920e+03    2.00493e+04    2.46351e+04    1.23152e+03    9.70280e+03
     Coulomb-14        LJ (SR)  Disper. corr.   Coulomb (SR)   Coul. recip.
    1.21396e+05    2.71508e+05   -1.90662e+04   -2.44639e+06    1.50651e+04
 Position Rest.      Potential    Kinetic En.   Total Energy  Conserved En.
    2.81615e+03   -1.99142e+06    3.91114e+05   -1.60030e+06   -2.46024e+06
    Temperature Pres. DC (bar) Pressure (bar)   Constr. rmsd
    3.09422e+02   -2.09319e+02    5.09405e+01    2.07554e-06

           Step           Time
         345000      345.00000

   Energies (kJ/mol)
           Bond          Angle    Proper Dih. Per. Imp. Dih.          LJ-14
    7.67964e+03    1.99024e+04    2.48805e+04    1.24697e+03    9.44335e+03
     Coulomb-14        LJ (SR)  Disper. corr.   Coulomb (SR)   Coul. recip.
    1.21345e+05    2.71885e+05   -1.90595e+04   -2.44628e+06    1.49406e+04
 Position Rest.      Potential    Kinetic En.   Total Energy  Conserved En.
    2.82759e+03   -1.99119e+06    3.94371e+05   -1.59682e+06   -2.46023e+06
    Temperature Pres. DC (bar) Pressure (bar)   Constr. rmsd
    3.11999e+02   -2.09171e+02    4.08025e+01    2.07554e-06

           Step           Time
         350000      350.00000

   Energies (kJ/mol)
           Bond          Angle    Proper Dih. Per. Imp. Dih.          LJ-14
    7.78504e+03    1.96735e+04    2.47209e+04    1.26553e+03    9.50332e+03
     Coulomb-14        LJ (SR)  Disper. corr.   Coulomb (SR)   Coul. recip.
    1.21398e+05    2.74531e+05   -1.90699e+04   -2.45045e+06    1.48673e+04
 Position Rest.      Potential    Kinetic En.   Total Energy  Conserved En.
    2.89340e+03   -1.99288e+06    3.91925e+05   -1.60096e+06   -2.46023e+06
    Temperature Pres. DC (bar) Pressure (bar)   Constr. rmsd
    3.10063e+02   -2.09400e+02    7.70849e+01    2.07554e-06

           Step           Time
         355000      355.00000

   Energies (kJ/mol)
           Bond          Angle    Proper Dih. Per. Imp. Dih.          LJ-14
    7.60001e+03    2.04814e+04    2.45822e+04    1.23515e+03    9.58996e+03
     Coulomb-14        LJ (SR)  Disper. corr.   Coulomb (SR)   Coul. recip.
    1.21399e+05    2.74367e+05   -1.90676e+04   -2.45101e+06    1.48575e+04
 Position Rest.      Potential    Kinetic En.   Total Energy  Conserved En.
    2.88498e+03   -1.99308e+06    3.92947e+05   -1.60013e+06   -2.46023e+06
    Temperature Pres. DC (bar) Pressure (bar)   Constr. rmsd
    3.10872e+02   -2.09350e+02    2.07382e+02    2.07554e-06

           Step           Time
         360000      360.00000

   Energies (kJ/mol)
           Bond          Angle    Proper Dih. Per. Imp. Dih.          LJ-14
    7.51557e+03    1.99942e+04    2.50441e+04    1.27118e+03    9.63260e+03
     Coulomb-14        LJ (SR)  Disper. corr.   Coulomb (SR)   Coul. recip.
    1.21487e+05    2.72454e+05   -1.90593e+04   -2.44879e+06    1.47914e+04
 Position Rest.      Potential    Kinetic En.   Total Energy  Conserved En.
    2.87753e+03   -1.99278e+06    3.92032e+05   -1.60075e+06   -2.46020e+06
    Temperature Pres. DC (bar) Pressure (bar)   Constr. rmsd
    3.10148e+02   -2.09167e+02    3.13786e+01    2.07554e-06

           Step           Time
         365000      365.00000

   Energies (kJ/mol)
           Bond          Angle    Proper Dih. Per. Imp. Dih.          LJ-14
    7.69825e+03    1.97461e+04    2.48579e+04    1.20287e+03    9.52321e+03
     Coulomb-14        LJ (SR)  Disper. corr.   Coulomb (SR)   Coul. recip.
    1.21389e+05    2.70705e+05   -1.90520e+04   -2.44644e+06    1.49472e+04
 Position Rest.      Potential    Kinetic En.   Total Energy  Conserved En.
    2.67116e+03   -1.99275e+06    3.91057e+05   -1.60170e+06   -2.46017e+06
    Temperature Pres. DC (bar) Pressure (bar)   Constr. rmsd
    3.09377e+02   -2.09007e+02   -7.87654e+01    2.07554e-06

           Step           Time
         370000      370.00000

   Energies (kJ/mol)
           Bond          Angle    Proper Dih. Per. Imp. Dih.          LJ-14
    7.46125e+03    1.96953e+04    2.47384e+04    1.26408e+03    9.65373e+03
     Coulomb-14        LJ (SR)  Disper. corr.   Coulomb (SR)   Coul. recip.
    1.21750e+05    2.72506e+05   -1.90569e+04   -2.44951e+06    1.49403e+04
 Position Rest.      Potential    Kinetic En.   Total Energy  Conserved En.
    2.76197e+03   -1.99379e+06    3.92419e+05   -1.60137e+06   -2.46022e+06
    Temperature Pres. DC (bar) Pressure (bar)   Constr. rmsd
    3.10455e+02   -2.09115e+02    1.20322e+02    2.07554e-06

           Step           Time
         375000      375.00000

   Energies (kJ/mol)
           Bond          Angle    Proper Dih. Per. Imp. Dih.          LJ-14
    7.59177e+03    2.01401e+04    2.46457e+04    1.29161e+03    9.52943e+03
     Coulomb-14        LJ (SR)  Disper. corr.   Coulomb (SR)   Coul. recip.
    1.21410e+05    2.69613e+05   -1.90640e+04   -2.44660e+06    1.48667e+04
 Position Rest.      Potential    Kinetic En.   Total Energy  Conserved En.
    2.65307e+03   -1.99392e+06    3.92122e+05   -1.60180e+06   -2.46016e+06
    Temperature Pres. DC (bar) Pressure (bar)   Constr. rmsd
    3.10219e+02   -2.09271e+02   -1.08771e+02    2.07554e-06

           Step           Time
         380000      380.00000

   Energies (kJ/mol)
           Bond          Angle    Proper Dih. Per. Imp. Dih.          LJ-14
    7.61833e+03    1.98486e+04    2.46020e+04    1.20544e+03    9.46526e+03
     Coulomb-14        LJ (SR)  Disper. corr.   Coulomb (SR)   Coul. recip.
    1.21530e+05    2.71332e+05   -1.90670e+04   -2.44872e+06    1.49371e+04
 Position Rest.      Potential    Kinetic En.   Total Energy  Conserved En.
    2.68586e+03   -1.99456e+06    3.92458e+05   -1.60211e+06   -2.46017e+06
    Temperature Pres. DC (bar) Pressure (bar)   Constr. rmsd
    3.10485e+02   -2.09336e+02   -9.05659e+01    2.07554e-06

           Step           Time
         385000      385.00000

   Energies (kJ/mol)
           Bond          Angle    Proper Dih. Per. Imp. Dih.          LJ-14
    7.34487e+03    1.99898e+04    2.49246e+04    1.26310e+03    9.41828e+03
     Coulomb-14        LJ (SR)  Disper. corr.   Coulomb (SR)   Coul. recip.
    1.21006e+05    2.71776e+05   -1.90727e+04   -2.44759e+06    1.49551e+04
 Position Rest.      Potential    Kinetic En.   Total Energy  Conserved En.
    2.75834e+03   -1.99322e+06    3.92615e+05   -1.60061e+06   -2.46019e+06
    Temperature Pres. DC (bar) Pressure (bar)   Constr. rmsd
    3.10610e+02   -2.09462e+02    6.92218e+00    2.07554e-06

           Step           Time
         390000      390.00000

   Energies (kJ/mol)
           Bond          Angle    Proper Dih. Per. Imp. Dih.          LJ-14
    7.50877e+03    1.99494e+04    2.47565e+04    1.26501e+03    9.50749e+03
     Coulomb-14        LJ (SR)  Disper. corr.   Coulomb (SR)   Coul. recip.
    1.21423e+05    2.73810e+05   -1.90724e+04   -2.45184e+06    1.47953e+04
 Position Rest.      Potential    Kinetic En.   Total Energy  Conserved En.
    2.79519e+03   -1.99510e+06    3.91776e+05   -1.60332e+06   -2.46020e+06
    Temperature Pres. DC (bar) Pressure (bar)   Constr. rmsd
    3.09946e+02   -2.09454e+02    8.15856e+01    2.07554e-06

           Step           Time
         395000      395.00000

   Energies (kJ/mol)
           Bond          Angle    Proper Dih. Per. Imp. Dih.          LJ-14
    7.67468e+03    1.99943e+04    2.47521e+04    1.23282e+03    9.55316e+03
     Coulomb-14        LJ (SR)  Disper. corr.   Coulomb (SR)   Coul. recip.
    1.21382e+05    2.72811e+05   -1.90697e+04   -2.44918e+06    1.49713e+04
 Position Rest.      Potential    Kinetic En.   Total Energy  Conserved En.
    2.92343e+03   -1.99296e+06    3.91453e+05   -1.60150e+06   -2.46018e+06
    Temperature Pres. DC (bar) Pressure (bar)   Constr. rmsd
    3.09690e+02   -2.09396e+02    3.59817e+01    2.07554e-06

           Step           Time
         400000      400.00000

   Energies (kJ/mol)
           Bond          Angle    Proper Dih. Per. Imp. Dih.          LJ-14
    7.49553e+03    1.98805e+04    2.46181e+04    1.22308e+03    9.44570e+03
     Coulomb-14        LJ (SR)  Disper. corr.   Coulomb (SR)   Coul. recip.
    1.21685e+05    2.72007e+05   -1.90775e+04   -2.44913e+06    1.47165e+04
 Position Rest.      Potential    Kinetic En.   Total Energy  Conserved En.
    2.84693e+03   -1.99429e+06    3.89592e+05   -1.60469e+06   -2.46016e+06
    Temperature Pres. DC (bar) Pressure (bar)   Constr. rmsd
    3.08218e+02   -2.09567e+02   -6.99312e+01    2.07554e-06

           Step           Time
         405000      405.00000

   Energies (kJ/mol)
           Bond          Angle    Proper Dih. Per. Imp. Dih.          LJ-14
    7.46721e+03    1.97111e+04    2.48386e+04    1.32467e+03    9.48725e+03
     Coulomb-14        LJ (SR)  Disper. corr.   Coulomb (SR)   Coul. recip.
    1.21418e+05    2.73551e+05   -1.90735e+04   -2.45034e+06    1.48551e+04
 Position Rest.      Potential    Kinetic En.   Total Energy  Conserved En.
    2.94689e+03   -1.99381e+06    3.91702e+05   -1.60211e+06   -2.46016e+06
    Temperature Pres. DC (bar) Pressure (bar)   Constr. rmsd
    3.09888e+02   -2.09478e+02    4.13891e+01    2.07554e-06

           Step           Time
         410000      410.00000

   Energies (kJ/mol)
           Bond          Angle    Proper Dih. Per. Imp. Dih.          LJ-14
    7.60457e+03    1.98315e+04    2.47711e+04    1.23221e+03    9.61336e+03
     Coulomb-14        LJ (SR)  Disper. corr.   Coulomb (SR)   Coul. recip.
    1.21715e+05    2.74094e+05   -1.90637e+04   -2.44923e+06    1.49545e+04
 Position Rest.      Potential    Kinetic En.   Total Energy  Conserved En.
    2.84687e+03   -1.99163e+06    3.91744e+05   -1.59988e+06   -2.46018e+06
    Temperature Pres. DC (bar) Pressure (bar)   Constr. rmsd
    3.09920e+02   -2.09264e+02    1.52488e+02    2.07554e-06

           Step           Time
         415000      415.00000

   Energies (kJ/mol)
           Bond          Angle    Proper Dih. Per. Imp. Dih.          LJ-14
    7.82019e+03    2.00404e+04    2.47882e+04    1.27029e+03    9.57273e+03
     Coulomb-14        LJ (SR)  Disper. corr.   Coulomb (SR)   Coul. recip.
    1.21303e+05    2.69633e+05   -1.90663e+04   -2.44399e+06    1.48439e+04
 Position Rest.      Potential    Kinetic En.   Total Energy  Conserved En.
    2.77217e+03   -1.99101e+06    3.92275e+05   -1.59874e+06   -2.46015e+06
    Temperature Pres. DC (bar) Pressure (bar)   Constr. rmsd
    3.10341e+02   -2.09320e+02    1.59934e+01    2.07554e-06

           Step           Time
         420000      420.00000

   Energies (kJ/mol)
           Bond          Angle    Proper Dih. Per. Imp. Dih.          LJ-14
    7.42311e+03    2.01940e+04    2.47072e+04    1.30971e+03    9.75245e+03
     Coulomb-14        LJ (SR)  Disper. corr.   Coulomb (SR)   Coul. recip.
    1.21507e+05    2.73090e+05   -1.90624e+04   -2.45080e+06    1.51416e+04
 Position Rest.      Potential    Kinetic En.   Total Energy  Conserved En.
    2.85193e+03   -1.99389e+06    3.91322e+05   -1.60256e+06   -2.46015e+06
    Temperature Pres. DC (bar) Pressure (bar)   Constr. rmsd
    3.09587e+02   -2.09234e+02    6.41483e+01    2.07554e-06

           Step           Time
         425000      425.00000

   Energies (kJ/mol)
           Bond          Angle    Proper Dih. Per. Imp. Dih.          LJ-14
    7.61082e+03    1.97554e+04    2.47716e+04    1.32138e+03    9.47044e+03
     Coulomb-14        LJ (SR)  Disper. corr.   Coulomb (SR)   Coul. recip.
    1.21326e+05    2.69346e+05   -1.90593e+04   -2.44836e+06    1.49123e+04
 Position Rest.      Potential    Kinetic En.   Total Energy  Conserved En.
    2.79368e+03   -1.99611e+06    3.92204e+05   -1.60391e+06   -2.46011e+06
    Temperature Pres. DC (bar) Pressure (bar)   Constr. rmsd
    3.10284e+02   -2.09168e+02   -1.28996e+02    2.07554e-06

           Step           Time
         430000      430.00000

   Energies (kJ/mol)
           Bond          Angle    Proper Dih. Per. Imp. Dih.          LJ-14
    7.68161e+03    1.97657e+04    2.47178e+04    1.25158e+03    9.54567e+03
     Coulomb-14        LJ (SR)  Disper. corr.   Coulomb (SR)   Coul. recip.
    1.21448e+05    2.74245e+05   -1.90662e+04   -2.45374e+06    1.46972e+04
 Position Rest.      Potential    Kinetic En.   Total Energy  Conserved En.
    2.92728e+03   -1.99653e+06    3.90872e+05   -1.60566e+06   -2.46014e+06
    Temperature Pres. DC (bar) Pressure (bar)   Constr. rmsd
    3.09231e+02   -2.09319e+02    1.84475e+01    2.07554e-06

           Step           Time
         435000      435.00000

   Energies (kJ/mol)
           Bond          Angle    Proper Dih. Per. Imp. Dih.          LJ-14
    7.59851e+03    2.03688e+04    2.47700e+04    1.19948e+03    9.49111e+03
     Coulomb-14        LJ (SR)  Disper. corr.   Coulomb (SR)   Coul. recip.
    1.21672e+05    2.72179e+05   -1.90583e+04   -2.44778e+06    1.51757e+04
 Position Rest.      Potential    Kinetic En.   Total Energy  Conserved En.
    2.91500e+03   -1.99147e+06    3.92452e+05   -1.59902e+06   -2.46010e+06
    Temperature Pres. DC (bar) Pressure (bar)   Constr. rmsd
    3.10481e+02   -2.09145e+02    2.53420e+00    2.07554e-06

           Step           Time
         440000      440.00000

   Energies (kJ/mol)
           Bond          Angle    Proper Dih. Per. Imp. Dih.          LJ-14
    7.38414e+03    1.97209e+04    2.46826e+04    1.24060e+03    9.53972e+03
     Coulomb-14        LJ (SR)  Disper. corr.   Coulomb (SR)   Coul. recip.
    1.21547e+05    2.71558e+05   -1.90629e+04   -2.44986e+06    1.49540e+04
 Position Rest.      Potential    Kinetic En.   Total Energy  Conserved En.
    2.96346e+03   -1.99533e+06    3.92113e+05   -1.60322e+06   -2.46008e+06
    Temperature Pres. DC (bar) Pressure (bar)   Constr. rmsd
    3.10213e+02   -2.09246e+02   -1.01028e+02    2.07554e-06

           Step           Time
         445000      445.00000

   Energies (kJ/mol)
           Bond          Angle    Proper Dih. Per. Imp. Dih.          LJ-14
    7.62744e+03    1.98869e+04    2.46180e+04    1.25000e+03    9.48508e+03
     Coulomb-14        LJ (SR)  Disper. corr.   Coulomb (SR)   Coul. recip.
    1.21406e+05    2.71273e+05   -1.90638e+04   -2.44816e+06    1.50015e+04
 Position Rest.      Potential    Kinetic En.   Total Energy  Conserved En.
    2.88646e+03   -1.99379e+06    3.91969e+05   -1.60182e+06   -2.46010e+06
    Temperature Pres. DC (bar) Pressure (bar)   Constr. rmsd
    3.10099e+02   -2.09266e+02   -3.79168e+01    2.07554e-06

           Step           Time
         450000      450.00000

   Energies (kJ/mol)
           Bond          Angle    Proper Dih. Per. Imp. Dih.          LJ-14
    7.99030e+03    2.01056e+04    2.48301e+04    1.22918e+03    9.47857e+03
     Coulomb-14        LJ (SR)  Disper. corr.   Coulomb (SR)   Coul. recip.
    1.21371e+05    2.70566e+05   -1.90646e+04   -2.44550e+06    1.48991e+04
 Position Rest.      Potential    Kinetic En.   Total Energy  Conserved En.
    2.89487e+03   -1.99120e+06    3.91952e+05   -1.59924e+06   -2.46006e+06
    Temperature Pres. DC (bar) Pressure (bar)   Constr. rmsd
    3.10085e+02   -2.09283e+02   -8.45033e+01    2.07554e-06

           Step           Time
         455000      455.00000

   Energies (kJ/mol)
           Bond          Angle    Proper Dih. Per. Imp. Dih.          LJ-14
    7.67449e+03    1.97034e+04    2.47666e+04    1.29245e+03    9.54498e+03
     Coulomb-14        LJ (SR)  Disper. corr.   Coulomb (SR)   Coul. recip.
    1.21453e+05    2.71166e+05   -1.90730e+04   -2.44584e+06    1.48973e+04
 Position Rest.      Potential    Kinetic En.   Total Energy  Conserved En.
    2.73257e+03   -1.99168e+06    3.92504e+05   -1.59918e+06   -2.46013e+06
    Temperature Pres. DC (bar) Pressure (bar)   Constr. rmsd
    3.10522e+02   -2.09469e+02    6.97747e+01    2.07554e-06

           Step           Time
         460000      460.00000

   Energies (kJ/mol)
           Bond          Angle    Proper Dih. Per. Imp. Dih.          LJ-14
    7.54495e+03    1.99266e+04    2.45767e+04    1.22682e+03    9.44241e+03
     Coulomb-14        LJ (SR)  Disper. corr.   Coulomb (SR)   Coul. recip.
    1.21503e+05    2.71196e+05   -1.90775e+04   -2.44927e+06    1.50931e+04
 Position Rest.      Potential    Kinetic En.   Total Energy  Conserved En.
    2.82925e+03   -1.99501e+06    3.92158e+05   -1.60285e+06   -2.46009e+06
    Temperature Pres. DC (bar) Pressure (bar)   Constr. rmsd
    3.10248e+02   -2.09566e+02   -1.76839e+00    2.07554e-06

           Step           Time
         465000      465.00000

   Energies (kJ/mol)
           Bond          Angle    Proper Dih. Per. Imp. Dih.          LJ-14
    7.66051e+03    2.00520e+04    2.46969e+04    1.24612e+03    9.61380e+03
     Coulomb-14        LJ (SR)  Disper. corr.   Coulomb (SR)   Coul. recip.
    1.21690e+05    2.70415e+05   -1.90718e+04   -2.44497e+06    1.49066e+04
 Position Rest.      Potential    Kinetic En.   Total Energy  Conserved En.
    2.92187e+03   -1.99084e+06    3.90273e+05   -1.60057e+06   -2.46010e+06
    Temperature Pres. DC (bar) Pressure (bar)   Constr. rmsd
    3.08757e+02   -2.09441e+02   -4.02861e-01    2.07554e-06

           Step           Time
         470000      470.00000

   Energies (kJ/mol)
           Bond          Angle    Proper Dih. Per. Imp. Dih.          LJ-14
    7.41607e+03    1.96799e+04    2.46866e+04    1.26876e+03    9.57180e+03
     Coulomb-14        LJ (SR)  Disper. corr.   Coulomb (SR)   Coul. recip.
    1.21915e+05    2.73859e+05   -1.90708e+04   -2.45164e+06    1.49651e+04
 Position Rest.      Potential    Kinetic En.   Total Energy  Conserved En.
    3.05490e+03   -1.99429e+06    3.90481e+05   -1.60381e+06   -2.46010e+06
    Temperature Pres. DC (bar) Pressure (bar)   Constr. rmsd
    3.08921e+02   -2.09420e+02    1.24104e+02    2.07554e-06

           Step           Time
         475000      475.00000

   Energies (kJ/mol)
           Bond          Angle    Proper Dih. Per. Imp. Dih.          LJ-14
    7.85861e+03    1.98998e+04    2.49121e+04    1.19040e+03    9.48787e+03
     Coulomb-14        LJ (SR)  Disper. corr.   Coulomb (SR)   Coul. recip.
    1.21229e+05    2.73096e+05   -1.90771e+04   -2.44965e+06    1.48439e+04
 Position Rest.      Potential    Kinetic En.   Total Energy  Conserved En.
    2.96067e+03   -1.99324e+06    3.92660e+05   -1.60058e+06   -2.46009e+06
    Temperature Pres. DC (bar) Pressure (bar)   Constr. rmsd
    3.10645e+02   -2.09557e+02    1.01794e+02    2.07554e-06

           Step           Time
         480000      480.00000

   Energies (kJ/mol)
           Bond          Angle    Proper Dih. Per. Imp. Dih.          LJ-14
    7.48749e+03    1.96428e+04    2.48223e+04    1.30735e+03    9.43655e+03
     Coulomb-14        LJ (SR)  Disper. corr.   Coulomb (SR)   Coul. recip.
    1.21477e+05    2.73133e+05   -1.90776e+04   -2.45178e+06    1.48060e+04
 Position Rest.      Potential    Kinetic En.   Total Energy  Conserved En.
    2.98207e+03   -1.99576e+06    3.91594e+05   -1.60417e+06   -2.46006e+06
    Temperature Pres. DC (bar) Pressure (bar)   Constr. rmsd
    3.09802e+02   -2.09570e+02   -1.62061e+01    2.07554e-06

           Step           Time
         485000      485.00000

   Energies (kJ/mol)
           Bond          Angle    Proper Dih. Per. Imp. Dih.          LJ-14
    7.41873e+03    1.97872e+04    2.47042e+04    1.25706e+03    9.63265e+03
     Coulomb-14        LJ (SR)  Disper. corr.   Coulomb (SR)   Coul. recip.
    1.21797e+05    2.70801e+05   -1.90744e+04   -2.44841e+06    1.49084e+04
 Position Rest.      Potential    Kinetic En.   Total Energy  Conserved En.
    2.97767e+03   -1.99420e+06    3.91789e+05   -1.60241e+06   -2.46004e+06
    Temperature Pres. DC (bar) Pressure (bar)   Constr. rmsd
    3.09956e+02   -2.09498e+02    2.39116e+01    2.07554e-06

           Step           Time
         490000      490.00000

   Energies (kJ/mol)
           Bond          Angle    Proper Dih. Per. Imp. Dih.          LJ-14
    7.81551e+03    1.97207e+04    2.47549e+04    1.23793e+03    9.45674e+03
     Coulomb-14        LJ (SR)  Disper. corr.   Coulomb (SR)   Coul. recip.
    1.21050e+05    2.70740e+05   -1.90707e+04   -2.44596e+06    1.48225e+04
 Position Rest.      Potential    Kinetic En.   Total Energy  Conserved En.
    2.97419e+03   -1.99246e+06    3.89750e+05   -1.60271e+06   -2.46002e+06
    Temperature Pres. DC (bar) Pressure (bar)   Constr. rmsd
    3.08343e+02   -2.09418e+02   -7.74019e+01    2.07554e-06

           Step           Time
         495000      495.00000

   Energies (kJ/mol)
           Bond          Angle    Proper Dih. Per. Imp. Dih.          LJ-14
    7.77315e+03    2.00629e+04    2.47173e+04    1.28614e+03    9.55934e+03
     Coulomb-14        LJ (SR)  Disper. corr.   Coulomb (SR)   Coul. recip.
    1.21433e+05    2.71982e+05   -1.90659e+04   -2.44900e+06    1.47622e+04
 Position Rest.      Potential    Kinetic En.   Total Energy  Conserved En.
    2.82011e+03   -1.99367e+06    3.95078e+05   -1.59859e+06   -2.46004e+06
    Temperature Pres. DC (bar) Pressure (bar)   Constr. rmsd
    3.12558e+02   -2.09313e+02   -7.46415e+00    2.07554e-06

           Step           Time
         500000      500.00000

Writing checkpoint, step 500000 at Tue Nov  5 23:10:57 2024


   Energies (kJ/mol)
           Bond          Angle    Proper Dih. Per. Imp. Dih.          LJ-14
    7.45771e+03    1.98506e+04    2.46402e+04    1.28346e+03    9.45432e+03
     Coulomb-14        LJ (SR)  Disper. corr.   Coulomb (SR)   Coul. recip.
    1.21437e+05    2.72875e+05   -1.90758e+04   -2.44961e+06    1.48036e+04
 Position Rest.      Potential    Kinetic En.   Total Energy  Conserved En.
    2.89155e+03   -1.99400e+06    3.90913e+05   -1.60308e+06   -2.46002e+06
    Temperature Pres. DC (bar) Pressure (bar)   Constr. rmsd
    3.09263e+02   -2.09530e+02   -1.79288e+01    2.07554e-06


Energy conservation over simulation part #1 of length 500 ps, time 0 to 500 ps
  Conserved energy drift: 5.79e-06 kJ/mol/ps per atom


	<======  ###############  ==>
	<====  A V E R A G E S  ====>
	<==  ###############  ======>

	Statistics over 500001 steps using 5001 frames

   Energies (kJ/mol)
           Bond          Angle    Proper Dih. Per. Imp. Dih.          LJ-14
    7.65742e+03    1.99118e+04    2.47578e+04    1.25539e+03    9.54888e+03
     Coulomb-14        LJ (SR)  Disper. corr.   Coulomb (SR)   Coul. recip.
    1.21474e+05    2.72049e+05   -1.90673e+04   -2.44881e+06    1.49016e+04
 Position Rest.      Potential    Kinetic En.   Total Energy  Conserved En.
    2.80441e+03   -1.99352e+06    3.91611e+05   -1.60190e+06   -2.46033e+06
    Temperature Pres. DC (bar) Pressure (bar)   Constr. rmsd
    3.09815e+02   -2.09343e+02   -1.09662e+00    0.00000e+00

          Box-X          Box-Y          Box-Z
    1.28896e+01    1.28896e+01    9.11434e+00

   Total Virial (kJ/mol)
    1.30565e+05   -6.14046e+02   -6.59620e+02
   -6.14059e+02    1.30707e+05    7.78229e+02
   -6.59628e+02    7.78225e+02    1.30492e+05

   Pressure (bar)
   -6.04584e-01    1.35523e+01    1.33266e+01
    1.35526e+01   -2.35214e+00   -1.72187e+01
    1.33268e+01   -1.72186e+01   -3.33137e-01

      T-ProteinT-Water_and_ions
    3.09879e+02    3.09810e+02


	M E G A - F L O P S   A C C O U N T I N G

 NB=Group-cutoff nonbonded kernels    NxN=N-by-N cluster Verlet kernels
 RF=Reaction-Field  VdW=Van der Waals  QSTab=quadratic-spline table
 W3=SPC/TIP3p  W4=TIP4p (single or pairs)
 V&F=Potential and force  V=Potential only  F=Force only

 Computing:                               M-Number         M-Flops  % Flops
-----------------------------------------------------------------------------
 Pair Search distance check           67479.394704      607314.552     0.0
 NxN QSTab Elec. + LJ [F]          63853632.095616  2617998915.920    98.3
 NxN QSTab Elec. + LJ [V&F]          645115.435392    38061810.688     1.4
 1,4 nonbonded interactions           12647.525295     1138277.277     0.0
 Shift-X                                747.344439        4484.067     0.0
 Bonds                                 2543.505087      150066.800     0.0
 Angles                                8770.017540     1473362.947     0.1
 Propers                              13552.027104     3103414.207     0.1
 Impropers                             1052.502105      218920.438     0.0
 Pos. Restr.                           2465.504931      123275.247     0.0
 Virial                                 747.569484       13456.251     0.0
 P-Coupling                             747.344439        4484.067     0.0
 Calc-Ekin                             7472.248878      201750.720     0.0
 Lincs                                    0.009314           0.559     0.0
 Lincs-Mat                                0.044688           0.179     0.0
 Constraint-V                             0.148922           1.340     0.0
 Settle                                   0.093072          34.437     0.0
-----------------------------------------------------------------------------
 Total                                              2663099569.694   100.0
-----------------------------------------------------------------------------


      R E A L   C Y C L E   A N D   T I M E   A C C O U N T I N G

On 1 MPI rank, each using 24 OpenMP threads

 Activity:              Num   Num      Call    Wall time         Giga-Cycles
                        Ranks Threads  Count      (s)         total sum    %
--------------------------------------------------------------------------------
 Neighbor search           1   24       5001      31.382       1577.933   5.5
 Launch PP GPU ops.        1   24     995001      18.260        918.146   3.2
 Force                     1   24     500001     179.165       9008.577  31.7
 PME GPU mesh              1   24     500001      15.686        788.701   2.8
 Wait GPU NB local         1   24     500001       7.682        386.270   1.4
 Wait GPU state copy       1   24     560001     299.377      15052.946  52.9
 NB X/F buffer ops.        1   24       5001       0.870         43.742   0.2
 Write traj.               1   24        101       1.410         70.880   0.2
 Constraints               1   24          2       0.001          0.044   0.0
 Rest                                             12.018        604.255   2.1
--------------------------------------------------------------------------------
 Total                                           565.851      28451.493 100.0
--------------------------------------------------------------------------------
 Breakdown of PME mesh activities
--------------------------------------------------------------------------------
 Wait PME GPU gather       1   24     500001       1.354         68.067   0.2
 Reduce GPU PME F          1   24     500001       0.246         12.367   0.0
 Launch PME GPU ops.       1   24    4500009      13.569        682.249   2.4
--------------------------------------------------------------------------------

               Core t (s)   Wall t (s)        (%)
       Time:    13579.546      565.851     2399.8
                 (ns/day)    (hour/ns)
Performance:       76.345        0.314
Finished mdrun on rank 0 Tue Nov  5 23:10:58 2024

