2025-04-22 22:54:28,138 [MainThread  ] [INFO ]  Executing biobb_gromacs.gromacs.grompp Version: 4.2.0
2025-04-22 22:54:28,155 [MainThread  ] [INFO ]  Copy: prot_aminostep2012_STM_npt.gro to /home/arunima/gitrepos/gromacs_sims/Antimicrobial_Peptides/Pseudomonas_antibiotics/simulation/aminostep2012/3708bbe8-3407-401d-b2ab-6c58b9bd46ac
2025-04-22 22:54:28,163 [MainThread  ] [INFO ]  Copy: prot_aminostep2012_STM_npt.cpt to /home/arunima/gitrepos/gromacs_sims/Antimicrobial_Peptides/Pseudomonas_antibiotics/simulation/aminostep2012/3708bbe8-3407-401d-b2ab-6c58b9bd46ac
2025-04-22 22:54:28,187 [MainThread  ] [INFO ]  Extracting: /home/arunima/gitrepos/gromacs_sims/Antimicrobial_Peptides/Pseudomonas_antibiotics/simulation/aminostep2012/prot_aminostep2012_STM_genion_top.zip
2025-04-22 22:54:28,188 [MainThread  ] [INFO ]  to:
2025-04-22 22:54:28,190 [MainThread  ] [INFO ]  ['/home/arunima/gitrepos/gromacs_sims/Antimicrobial_Peptides/Pseudomonas_antibiotics/simulation/aminostep2012/3708bbe8-3407-401d-b2ab-6c58b9bd46ac/STM_posres.itp', '/home/arunima/gitrepos/gromacs_sims/Antimicrobial_Peptides/Pseudomonas_antibiotics/simulation/aminostep2012/3708bbe8-3407-401d-b2ab-6c58b9bd46ac/STMparams.itp', '/home/arunima/gitrepos/gromacs_sims/Antimicrobial_Peptides/Pseudomonas_antibiotics/simulation/aminostep2012/3708bbe8-3407-401d-b2ab-6c58b9bd46ac/ligand.top', '/home/arunima/gitrepos/gromacs_sims/Antimicrobial_Peptides/Pseudomonas_antibiotics/simulation/aminostep2012/3708bbe8-3407-401d-b2ab-6c58b9bd46ac/p2g_Protein_chain_A.itp', '/home/arunima/gitrepos/gromacs_sims/Antimicrobial_Peptides/Pseudomonas_antibiotics/simulation/aminostep2012/3708bbe8-3407-401d-b2ab-6c58b9bd46ac/p2g_Protein_chain_B.itp', '/home/arunima/gitrepos/gromacs_sims/Antimicrobial_Peptides/Pseudomonas_antibiotics/simulation/aminostep2012/3708bbe8-3407-401d-b2ab-6c58b9bd46ac/posre_Protein_chain_A.itp', '/home/arunima/gitrepos/gromacs_sims/Antimicrobial_Peptides/Pseudomonas_antibiotics/simulation/aminostep2012/3708bbe8-3407-401d-b2ab-6c58b9bd46ac/posre_Protein_chain_B.itp']
2025-04-22 22:54:28,191 [MainThread  ] [INFO ]  Unzipping: 
2025-04-22 22:54:28,192 [MainThread  ] [INFO ]  prot_aminostep2012_STM_genion_top.zip
2025-04-22 22:54:28,194 [MainThread  ] [INFO ]  To: 
2025-04-22 22:54:28,195 [MainThread  ] [INFO ]  /home/arunima/gitrepos/gromacs_sims/Antimicrobial_Peptides/Pseudomonas_antibiotics/simulation/aminostep2012/3708bbe8-3407-401d-b2ab-6c58b9bd46ac/STM_posres.itp
2025-04-22 22:54:28,197 [MainThread  ] [INFO ]  /home/arunima/gitrepos/gromacs_sims/Antimicrobial_Peptides/Pseudomonas_antibiotics/simulation/aminostep2012/3708bbe8-3407-401d-b2ab-6c58b9bd46ac/STMparams.itp
2025-04-22 22:54:28,198 [MainThread  ] [INFO ]  /home/arunima/gitrepos/gromacs_sims/Antimicrobial_Peptides/Pseudomonas_antibiotics/simulation/aminostep2012/3708bbe8-3407-401d-b2ab-6c58b9bd46ac/ligand.top
2025-04-22 22:54:28,198 [MainThread  ] [INFO ]  /home/arunima/gitrepos/gromacs_sims/Antimicrobial_Peptides/Pseudomonas_antibiotics/simulation/aminostep2012/3708bbe8-3407-401d-b2ab-6c58b9bd46ac/p2g_Protein_chain_A.itp
2025-04-22 22:54:28,199 [MainThread  ] [INFO ]  /home/arunima/gitrepos/gromacs_sims/Antimicrobial_Peptides/Pseudomonas_antibiotics/simulation/aminostep2012/3708bbe8-3407-401d-b2ab-6c58b9bd46ac/p2g_Protein_chain_B.itp
2025-04-22 22:54:28,200 [MainThread  ] [INFO ]  /home/arunima/gitrepos/gromacs_sims/Antimicrobial_Peptides/Pseudomonas_antibiotics/simulation/aminostep2012/3708bbe8-3407-401d-b2ab-6c58b9bd46ac/posre_Protein_chain_A.itp
2025-04-22 22:54:28,201 [MainThread  ] [INFO ]  /home/arunima/gitrepos/gromacs_sims/Antimicrobial_Peptides/Pseudomonas_antibiotics/simulation/aminostep2012/3708bbe8-3407-401d-b2ab-6c58b9bd46ac/posre_Protein_chain_B.itp
2025-04-22 22:54:28,207 [MainThread  ] [INFO ]  gmx -nobackup -nocopyright grompp -f /home/arunima/gitrepos/gromacs_sims/Antimicrobial_Peptides/Pseudomonas_antibiotics/simulation/aminostep2012/3708bbe8-3407-401d-b2ab-6c58b9bd46ac/grompp.mdp -c /home/arunima/gitrepos/gromacs_sims/Antimicrobial_Peptides/Pseudomonas_antibiotics/simulation/aminostep2012/3708bbe8-3407-401d-b2ab-6c58b9bd46ac/prot_aminostep2012_STM_npt.gro -r /home/arunima/gitrepos/gromacs_sims/Antimicrobial_Peptides/Pseudomonas_antibiotics/simulation/aminostep2012/3708bbe8-3407-401d-b2ab-6c58b9bd46ac/prot_aminostep2012_STM_npt.gro -p /home/arunima/gitrepos/gromacs_sims/Antimicrobial_Peptides/Pseudomonas_antibiotics/simulation/aminostep2012/3708bbe8-3407-401d-b2ab-6c58b9bd46ac/ligand.top -o /home/arunima/gitrepos/gromacs_sims/Antimicrobial_Peptides/Pseudomonas_antibiotics/simulation/aminostep2012/3708bbe8-3407-401d-b2ab-6c58b9bd46ac/prot_aminostep2012_STM_gppmd.tpr -po mdout.mdp -maxwarn 10 -t /home/arunima/gitrepos/gromacs_sims/Antimicrobial_Peptides/Pseudomonas_antibiotics/simulation/aminostep2012/3708bbe8-3407-401d-b2ab-6c58b9bd46ac/prot_aminostep2012_STM_npt.cpt

2025-04-22 22:54:29,016 [MainThread  ] [INFO ]  Exit code 0

2025-04-22 22:54:29,017 [MainThread  ] [INFO ]  Setting the LD random seed to -1520485249

Generated 2926 of the 2926 non-bonded parameter combinations

Generated 2926 of the 2926 1-4 parameter combinations

Excluding 3 bonded neighbours molecule type 'Protein_chain_A'

turning H bonds into constraints...

Excluding 3 bonded neighbours molecule type 'Protein_chain_B'

turning H bonds into constraints...

Excluding 3 bonded neighbours molecule type 'STMparams'

turning H bonds into constraints...

Excluding 2 bonded neighbours molecule type 'SOL'

turning H bonds into constraints...

Excluding 1 bonded neighbours molecule type 'NA'

turning H bonds into constraints...
Analysing residue names:
There are:   382    Protein residues
There are:     1      Other residues
There are: 17558      Water residues
There are:    13        Ion residues
Analysing Protein...
Analysing residues not classified as Protein/DNA/RNA/Water and splitting into groups...

The largest distance between excluded atoms is 0.435 nm between atom 5507 and 5515

Determining Verlet buffer for a tolerance of 0.005 kJ/mol/ps at 300 K

Calculated rlist for 1x1 atom pair-list as 1.034 nm, buffer size 0.034 nm

Set rlist, assuming 4x4 atom pair-list, to 1.000 nm, buffer size 0.000 nm

Note that mdrun will redetermine rlist based on the actual pair-list setup

Reading Coordinates, Velocities and Box size from old trajectory

Will read whole trajectory

Using frame at t = 100 ps

Starting time for run is 0 ps
Calculating fourier grid dimensions for X Y Z
Using a fourier grid of 80x80x80, spacing 0.114 0.114 0.114

Estimate for the relative computational load of the PME mesh part: 0.28

2025-04-22 22:54:29,046 [MainThread  ] [INFO ]  Removed: ['/home/arunima/gitrepos/gromacs_sims/Antimicrobial_Peptides/Pseudomonas_antibiotics/simulation/aminostep2012/3708bbe8-3407-401d-b2ab-6c58b9bd46ac', 'mdout.mdp']
