2025-04-19 22:07:56,059 [MainThread  ] [INFO ]  Executing biobb_chemistry.acpype.acpype_params_gmx Version: 4.2.0
2025-04-19 22:07:56,063 [MainThread  ] [INFO ]  Copy: /home/daneel/gitrepos/gromacs_sims/Antimicrobial_Peptides/Pseudomonas_antibiotics/simulation/aminostep2012/STM.H.min.mol2 to /home/daneel/gitrepos/gromacs_sims/Antimicrobial_Peptides/Pseudomonas_antibiotics/simulation/aminostep2012/11dfcccc-0d4b-4330-8b47-86f03c566253
2025-04-19 22:07:56,066 [MainThread  ] [INFO ]  acpype -i /home/daneel/gitrepos/gromacs_sims/Antimicrobial_Peptides/Pseudomonas_antibiotics/simulation/aminostep2012/11dfcccc-0d4b-4330-8b47-86f03c566253/STM.H.min.mol2 -b STMparams.9LzCxE -n 0

2025-04-19 22:26:56,202 [MainThread  ] [INFO ]  Exit code 0

2025-04-19 22:26:56,203 [MainThread  ] [INFO ]  ==========================================================================
| ACPYPE: AnteChamber PYthon Parser interfacE v. 2022.6.6 (c) 2025 AWSdS |
==========================================================================
==> ... charge set to 0
==> Executing Antechamber...
==> * Antechamber OK *
==> * Parmchk OK *
==> Executing Tleap...
==> * Tleap OK *
==> Removing temporary files...
==> Using OpenBabel v.3.1.0

==> Writing NEW PDB file

==> Writing CNS/XPLOR files

==> Writing GROMACS files

==> Disambiguating lower and uppercase atomtypes in GMX top file, even if identical.

==> Writing GMX dihedrals for GMX 4.5 and higher.

==> Writing CHARMM files

==> Writing pickle file STMparams.9LzCxE.pkl
==> Removing temporary files...
Total time of execution: 19m

2025-04-19 22:26:56,210 [MainThread  ] [INFO ]  File STMparams.gro succesfully created
2025-04-19 22:26:56,214 [MainThread  ] [INFO ]  File STMparams.top succesfully created
2025-04-19 22:26:56,221 [MainThread  ] [INFO ]  File STMparams.itp succesfully created
