                :-) GROMACS - gmx mdrun, 2024.5-conda_forge (-:

Copyright 1991-2024 The GROMACS Authors.
GROMACS is free software; you can redistribute it and/or modify it
under the terms of the GNU Lesser General Public License
as published by the Free Software Foundation; either version 2.1
of the License, or (at your option) any later version.

                         Current GROMACS contributors:
       Mark Abraham           Andrey Alekseenko           Vladimir Basov      
      Cathrine Bergh            Eliane Briand               Ania Brown        
      Mahesh Doijade            Giacomo Fiorin          Stefan Fleischmann    
      Sergey Gorelov         Gilles Gouaillardet            Alan Gray         
     M. Eric Irrgang         Farzaneh Jalalypour            Joe Jordan        
     Carsten Kutzner           Justin A. Lemkul          Magnus Lundborg      
       Pascal Merz              Vedran Miletic            Dmitry Morozov      
       Julien Nabet              Szilard Pall        Andrea Pasquadibisceglie 
    Michele Pellegrino          Hubert Santuz             Roland Schulz       
     Tatiana Shugaeva          Alexey Shvetsov            Philip Turner       
     Alessandra Villa      Sebastian Wingbermuehle  

                         Previous GROMACS contributors:
        Emile Apol             Rossen Apostolov           James Barnett       
        Paul Bauer          Herman J.C. Berendsen          Par Bjelkmar       
      Christian Blau          Viacheslav Bolnykh            Kevin Boyd        
    Aldert van Buuren          Carlo Camilloni           Rudi van Drunen      
      Anton Feenstra           Oliver Fleetwood            Vytas Gapsys       
       Gaurav Garg             Gerrit Groenhof            Bert de Groot       
      Anca Hamuraru           Vincent Hindriksen          Victor Holanda      
     Aleksei Iupinov          Christoph Junghans        Prashanth Kanduri     
   Dimitrios Karkoulis           Peter Kasson             Sebastian Kehl      
     Sebastian Keller             Jiri Kraus               Per Larsson        
      Viveca Lindahl            Erik Marklund           Pieter Meulenhoff     
      Teemu Murtola              Sander Pronk             Michael Shirts      
      Alfons Sijbers            Balint Soproni         David van der Spoel    
      Peter Tieleman            Carsten Uphoff             Jon Vincent        
     Teemu Virolainen         Christian Wennberg           Maarten Wolf       
      Artem Zhmurov       

                  Coordinated by the GROMACS project leaders:
                           Berk Hess and Erik Lindahl

GROMACS:      gmx mdrun, version 2024.5-conda_forge
Executable:   /usr/local/miniforge3/envs/biobb_wf_protein-complex_md_setup/bin.AVX2_256/gmx
Data prefix:  /usr/local/miniforge3/envs/biobb_wf_protein-complex_md_setup
Working dir:  /home/daneel/gitrepos/gromacs_sims/Antimicrobial_Peptides/Pseudomonas_antibiotics/simulation/aminostep2012
Process ID:   736533
Command line:
  gmx -nobackup -nocopyright mdrun -o /home/daneel/gitrepos/gromacs_sims/Antimicrobial_Peptides/Pseudomonas_antibiotics/simulation/aminostep2012/130b4f07-0959-44a3-9706-1c66b658ab31/prot_aminostep2012_STM_npt.trr -s /home/daneel/gitrepos/gromacs_sims/Antimicrobial_Peptides/Pseudomonas_antibiotics/simulation/aminostep2012/130b4f07-0959-44a3-9706-1c66b658ab31/prot_aminostep2012_STM_gppnpt.tpr -c /home/daneel/gitrepos/gromacs_sims/Antimicrobial_Peptides/Pseudomonas_antibiotics/simulation/aminostep2012/130b4f07-0959-44a3-9706-1c66b658ab31/prot_aminostep2012_STM_npt.gro -e /home/daneel/gitrepos/gromacs_sims/Antimicrobial_Peptides/Pseudomonas_antibiotics/simulation/aminostep2012/130b4f07-0959-44a3-9706-1c66b658ab31/prot_aminostep2012_STM_npt.edr -g /home/daneel/gitrepos/gromacs_sims/Antimicrobial_Peptides/Pseudomonas_antibiotics/simulation/aminostep2012/130b4f07-0959-44a3-9706-1c66b658ab31/prot_aminostep2012_STM_npt.log -cpo /home/daneel/gitrepos/gromacs_sims/Antimicrobial_Peptides/Pseudomonas_antibiotics/simulation/aminostep2012/130b4f07-0959-44a3-9706-1c66b658ab31/prot_aminostep2012_STM_npt.cpt

GROMACS version:     2024.5-conda_forge
Precision:           mixed
Memory model:        64 bit
MPI library:         thread_mpi
OpenMP support:      enabled (GMX_OPENMP_MAX_THREADS = 128)
GPU support:         CUDA
NBNxM GPU setup:     super-cluster 2x2x2 / cluster 8
SIMD instructions:   AVX2_256
CPU FFT library:     fftw-3.3.10-sse2-avx
GPU FFT library:     cuFFT
Multi-GPU FFT:       none
RDTSCP usage:        disabled
TNG support:         enabled
Hwloc support:       disabled
Tracing support:     disabled
C compiler:          /home/conda/feedstock_root/build_artifacts/gromacs_1737880200488/_build_env/bin/x86_64-conda-linux-gnu-cc GNU 11.4.0
C compiler flags:    -fexcess-precision=fast -funroll-all-loops -mavx2 -mfma -Wno-missing-field-initializers -O3 -DNDEBUG
C++ compiler:        /home/conda/feedstock_root/build_artifacts/gromacs_1737880200488/_build_env/bin/x86_64-conda-linux-gnu-c++ GNU 11.4.0
C++ compiler flags:  -fexcess-precision=fast -funroll-all-loops -mavx2 -mfma -Wno-missing-field-initializers -Wno-cast-function-type-strict SHELL:-fopenmp -O3 -DNDEBUG
BLAS library:        Internal
LAPACK library:      Internal
CUDA compiler:       /usr/local/cuda/bin/nvcc nvcc: NVIDIA (R) Cuda compiler driver;Copyright (c) 2005-2022 NVIDIA Corporation;Built on Wed_Sep_21_10:33:58_PDT_2022;Cuda compilation tools, release 11.8, V11.8.89;Build cuda_11.8.r11.8/compiler.31833905_0
CUDA compiler flags:-std=c++17;--generate-code=arch=compute_35,code=sm_35;--generate-code=arch=compute_37,code=sm_37;--generate-code=arch=compute_50,code=sm_50;--generate-code=arch=compute_52,code=sm_52;--generate-code=arch=compute_60,code=sm_60;--generate-code=arch=compute_61,code=sm_61;--generate-code=arch=compute_70,code=sm_70;--generate-code=arch=compute_75,code=sm_75;--generate-code=arch=compute_80,code=sm_80;--generate-code=arch=compute_86,code=sm_86;--generate-code=arch=compute_89,code=sm_89;--generate-code=arch=compute_90,code=sm_90;-Wno-deprecated-gpu-targets;--generate-code=arch=compute_53,code=sm_53;--generate-code=arch=compute_80,code=sm_80;-use_fast_math;-Xptxas;-warn-double-usage;-Xptxas;-Werror;;-Xcompiler;-fopenmp;-fexcess-precision=fast -funroll-all-loops -mavx2 -mfma -Wno-missing-field-initializers -Wno-cast-function-type-strict SHELL:-fopenmp -O3 -DNDEBUG
CUDA driver:         12.20
CUDA runtime:        11.80


Running on 1 node with total 6 cores, 12 processing units, 1 compatible GPU
Hardware detected on host sudarshan:
  CPU info:
    Vendor: Intel
    Brand:  Intel(R) Core(TM) i7-8750H CPU @ 2.20GHz
    Family: 6   Model: 158   Stepping: 10
    Features: aes apic avx avx2 clfsh cmov cx8 cx16 f16c fma htt intel lahf mmx msr nonstop_tsc pcid pclmuldq pdcm pdpe1gb popcnt pse rdrnd rdtscp sse2 sse3 sse4.1 sse4.2 ssse3 tdt x2apic
  Hardware topology: Basic
    Packages, cores, and logical processors:
    [indices refer to OS logical processors]
      Package  0: [   0   6] [   1   7] [   2   8] [   3   9] [   4  10] [   5  11]
    CPU limit set by OS: -1   Recommended max number of threads: 12
  GPU info:
    Number of GPUs detected: 1
    #0: NVIDIA NVIDIA GeForce GTX 1050, compute cap.: 6.1, ECC:  no, stat: compatible

The current CPU can measure timings more accurately than the code in
gmx mdrun was configured to use. This might affect your simulation
speed as accurate timings are needed for load-balancing.
Please consider rebuilding gmx mdrun with the GMX_USE_RDTSCP=ON CMake option.

++++ PLEASE READ AND CITE THE FOLLOWING REFERENCE ++++
M. J. Abraham, T. Murtola, R. Schulz, S. Páll, J. C. Smith, B. Hess, E.
Lindahl
GROMACS: High performance molecular simulations through multi-level
parallelism from laptops to supercomputers
SoftwareX 1 (2015) pp. 19-25
-------- -------- --- Thank You --- -------- --------


++++ PLEASE READ AND CITE THE FOLLOWING REFERENCE ++++
S. Páll, M. J. Abraham, C. Kutzner, B. Hess, E. Lindahl
Tackling Exascale Software Challenges in Molecular Dynamics Simulations with
GROMACS
In S. Markidis & E. Laure (Eds.), Solving Software Challenges for Exascale 8759 (2015) pp. 3-27
-------- -------- --- Thank You --- -------- --------


++++ PLEASE READ AND CITE THE FOLLOWING REFERENCE ++++
S. Pronk, S. Páll, R. Schulz, P. Larsson, P. Bjelkmar, R. Apostolov, M. R.
Shirts, J. C. Smith, P. M. Kasson, D. van der Spoel, B. Hess, and E. Lindahl
GROMACS 4.5: a high-throughput and highly parallel open source molecular
simulation toolkit
Bioinformatics 29 (2013) pp. 845-54
-------- -------- --- Thank You --- -------- --------


++++ PLEASE READ AND CITE THE FOLLOWING REFERENCE ++++
B. Hess and C. Kutzner and D. van der Spoel and E. Lindahl
GROMACS 4: Algorithms for highly efficient, load-balanced, and scalable
molecular simulation
J. Chem. Theory Comput. 4 (2008) pp. 435-447
-------- -------- --- Thank You --- -------- --------


++++ PLEASE READ AND CITE THE FOLLOWING REFERENCE ++++
D. van der Spoel, E. Lindahl, B. Hess, G. Groenhof, A. E. Mark and H. J. C.
Berendsen
GROMACS: Fast, Flexible and Free
J. Comp. Chem. 26 (2005) pp. 1701-1719
-------- -------- --- Thank You --- -------- --------


++++ PLEASE READ AND CITE THE FOLLOWING REFERENCE ++++
E. Lindahl and B. Hess and D. van der Spoel
GROMACS 3.0: A package for molecular simulation and trajectory analysis
J. Mol. Mod. 7 (2001) pp. 306-317
-------- -------- --- Thank You --- -------- --------


++++ PLEASE READ AND CITE THE FOLLOWING REFERENCE ++++
H. J. C. Berendsen, D. van der Spoel and R. van Drunen
GROMACS: A message-passing parallel molecular dynamics implementation
Comp. Phys. Comm. 91 (1995) pp. 43-56
-------- -------- --- Thank You --- -------- --------

Input Parameters:
   integrator                     = md
   tinit                          = 0
   dt                             = 0.002
   nsteps                         = 45000
   init-step                      = 0
   simulation-part                = 1
   mts                            = false
   mass-repartition-factor        = 1
   comm-mode                      = Linear
   nstcomm                        = 100
   bd-fric                        = 0
   ld-seed                        = -273941253
   emtol                          = 10
   emstep                         = 0.01
   niter                          = 20
   fcstep                         = 0
   nstcgsteep                     = 1000
   nbfgscorr                      = 10
   rtpi                           = 0.05
   nstxout                        = 500
   nstvout                        = 500
   nstfout                        = 0
   nstlog                         = 500
   nstcalcenergy                  = 100
   nstenergy                      = 500
   nstxout-compressed             = 1000
   compressed-x-precision         = 1000
   cutoff-scheme                  = Verlet
   nstlist                        = 10
   pbc                            = xyz
   periodic-molecules             = false
   verlet-buffer-tolerance        = 0.005
   verlet-buffer-pressure-tolerance = 0.5
   rlist                          = 1
   coulombtype                    = PME
   coulomb-modifier               = Potential-shift
   rcoulomb-switch                = 0
   rcoulomb                       = 1
   epsilon-r                      = 1
   epsilon-rf                     = inf
   vdw-type                       = Cut-off
   vdw-modifier                   = Potential-shift
   rvdw-switch                    = 0
   rvdw                           = 1
   DispCorr                       = EnerPres
   table-extension                = 1
   fourierspacing                 = 0.12
   fourier-nx                     = 80
   fourier-ny                     = 80
   fourier-nz                     = 80
   pme-order                      = 4
   ewald-rtol                     = 1e-05
   ewald-rtol-lj                  = 0.001
   lj-pme-comb-rule               = Geometric
   ewald-geometry                 = 3d
   epsilon-surface                = 0
   ensemble-temperature-setting   = constant
   ensemble-temperature           = 300
   tcoupl                         = V-rescale
   nsttcouple                     = 10
   nh-chain-length                = 0
   print-nose-hoover-chain-variables = false
   pcoupl                         = Parrinello-Rahman
   pcoupltype                     = Isotropic
   nstpcouple                     = 25
   tau-p                          = 1
   compressibility (3x3):
      compressibility[    0]={ 4.50000e-05,  0.00000e+00,  0.00000e+00}
      compressibility[    1]={ 0.00000e+00,  4.50000e-05,  0.00000e+00}
      compressibility[    2]={ 0.00000e+00,  0.00000e+00,  4.50000e-05}
   ref-p (3x3):
      ref-p[    0]={ 1.00000e+00,  0.00000e+00,  0.00000e+00}
      ref-p[    1]={ 0.00000e+00,  1.00000e+00,  0.00000e+00}
      ref-p[    2]={ 0.00000e+00,  0.00000e+00,  1.00000e+00}
   refcoord-scaling               = COM
   posres-com (3):
      posres-com[0]= 5.00709e-01
      posres-com[1]= 6.20206e-03
      posres-com[2]= 4.98735e-01
   posres-comB (3):
      posres-comB[0]= 5.00709e-01
      posres-comB[1]= 6.20206e-03
      posres-comB[2]= 4.98735e-01
   QMMM                           = false
qm-opts:
   ngQM                           = 0
   constraint-algorithm           = Lincs
   continuation                   = true
   Shake-SOR                      = false
   shake-tol                      = 0.0001
   lincs-order                    = 4
   lincs-iter                     = 1
   lincs-warnangle                = 30
   nwall                          = 0
   wall-type                      = 9-3
   wall-r-linpot                  = -1
   wall-atomtype[0]               = -1
   wall-atomtype[1]               = -1
   wall-density[0]                = 0
   wall-density[1]                = 0
   wall-ewald-zfac                = 3
   pull                           = false
   awh                            = false
   rotation                       = false
   interactiveMD                  = false
   disre                          = No
   disre-weighting                = Conservative
   disre-mixed                    = false
   dr-fc                          = 1000
   dr-tau                         = 0
   nstdisreout                    = 100
   orire-fc                       = 0
   orire-tau                      = 0
   nstorireout                    = 100
   free-energy                    = no
   cos-acceleration               = 0
   deform (3x3):
      deform[    0]={ 0.00000e+00,  0.00000e+00,  0.00000e+00}
      deform[    1]={ 0.00000e+00,  0.00000e+00,  0.00000e+00}
      deform[    2]={ 0.00000e+00,  0.00000e+00,  0.00000e+00}
   simulated-tempering            = false
   swapcoords                     = no
   userint1                       = 0
   userint2                       = 0
   userint3                       = 0
   userint4                       = 0
   userreal1                      = 0
   userreal2                      = 0
   userreal3                      = 0
   userreal4                      = 0
   applied-forces:
     electric-field:
       x:
         E0                       = 0
         omega                    = 0
         t0                       = 0
         sigma                    = 0
       y:
         E0                       = 0
         omega                    = 0
         t0                       = 0
         sigma                    = 0
       z:
         E0                       = 0
         omega                    = 0
         t0                       = 0
         sigma                    = 0
     density-guided-simulation:
       active                     = false
       group                      = protein
       similarity-measure         = inner-product
       atom-spreading-weight      = unity
       force-constant             = 1e+09
       gaussian-transform-spreading-width = 0.2
       gaussian-transform-spreading-range-in-multiples-of-width = 4
       reference-density-filename = reference.mrc
       nst                        = 1
       normalize-densities        = true
       adaptive-force-scaling     = false
       adaptive-force-scaling-time-constant = 4
       shift-vector               = 
       transformation-matrix      = 
     qmmm-cp2k:
       active                     = false
       qmgroup                    = System
       qmmethod                   = PBE
       qmfilenames                = 
       qmcharge                   = 0
       qmmultiplicity             = 1
     colvars:
       active                     = false
       configfile                 = 
       seed                       = -1
grpopts:
   nrdf:     15017.6      105384
   ref-t:         300         300
   tau-t:         0.1         0.1
annealing:          No          No
annealing-npoints:           0           0
   acc:	           0           0           0
   nfreeze:           N           N           N
   energygrp-flags[  0]: 0

Changing nstlist from 10 to 100, rlist from 1 to 1.177


Update groups can not be used for this system because atoms that are (in)directly constrained together are interdispersed with other atoms

1 GPU selected for this run.
Mapping of GPU IDs to the 2 GPU tasks in the 1 rank on this node:
  PP:0,PME:0
PP tasks will do (non-perturbed) short-ranged interactions on the GPU
PP task will update and constrain coordinates on the GPU
PME tasks will do all aspects on the GPU
Using 1 MPI thread
Using 12 OpenMP threads 

System total charge: 0.000
Will do PME sum in reciprocal space for electrostatic interactions.

++++ PLEASE READ AND CITE THE FOLLOWING REFERENCE ++++
U. Essmann, L. Perera, M. L. Berkowitz, T. Darden, H. Lee and L. G. Pedersen 
A smooth particle mesh Ewald method
J. Chem. Phys. 103 (1995) pp. 8577-8592
-------- -------- --- Thank You --- -------- --------

Using a Gaussian width (1/beta) of 0.320163 nm for Ewald
Potential shift: LJ r^-12: -1.000e+00 r^-6: -1.000e+00, Ewald -1.000e-05
Initialized non-bonded Coulomb Ewald tables, spacing: 9.33e-04 size: 1073

Generated table with 1088 data points for 1-4 COUL.
Tabscale = 500 points/nm
Generated table with 1088 data points for 1-4 LJ6.
Tabscale = 500 points/nm
Generated table with 1088 data points for 1-4 LJ12.
Tabscale = 500 points/nm
Long Range LJ corr.: <C6> 3.3724e-04


Using GPU 8x8 nonbonded short-range kernels

Using a dual 8x8 pair-list setup updated with dynamic, rolling pruning:
  outer list: updated every 100 steps, buffer 0.177 nm, rlist 1.177 nm
  inner list: updated every   8 steps, buffer 0.001 nm, rlist 1.001 nm
At tolerance 0.005 kJ/mol/ps per atom, equivalent classical 1x1 list would be:
  outer list: updated every 100 steps, buffer 0.316 nm, rlist 1.316 nm
  inner list: updated every   8 steps, buffer 0.030 nm, rlist 1.030 nm

The average pressure is off by at most 0.57 bar due to missing LJ interactions

Using Lorentz-Berthelot Lennard-Jones combination rule

Pinning threads with an auto-selected logical cpu stride of 1

Initializing LINear Constraint Solver

++++ PLEASE READ AND CITE THE FOLLOWING REFERENCE ++++
B. Hess and H. Bekker and H. J. C. Berendsen and J. G. E. M. Fraaije
LINCS: A Linear Constraint Solver for molecular simulations
J. Comp. Chem. 18 (1997) pp. 1463-1472
-------- -------- --- Thank You --- -------- --------

The number of constraints is 2994

++++ PLEASE READ AND CITE THE FOLLOWING REFERENCE ++++
S. Miyamoto and P. A. Kollman
SETTLE: An Analytical Version of the SHAKE and RATTLE Algorithms for Rigid
Water Models
J. Comp. Chem. 13 (1992) pp. 952-962
-------- -------- --- Thank You --- -------- --------


++++ PLEASE READ AND CITE THE FOLLOWING REFERENCE ++++
G. Bussi, D. Donadio and M. Parrinello
Canonical sampling through velocity rescaling
J. Chem. Phys. 126 (2007) pp. 014101
-------- -------- --- Thank You --- -------- --------

There are: 58691 Atoms

Updating coordinates and applying constraints on the GPU.
Center of mass motion removal mode is Linear
We have the following groups for center of mass motion removal:
  0:  rest

Started mdrun on rank 0 Sat Apr 19 23:18:18 2025

           Step           Time
              0        0.00000

   Energies (kJ/mol)
           Bond          Angle    Proper Dih. Per. Imp. Dih.          LJ-14
    4.47253e+03    1.24454e+04    1.58092e+04    7.71387e+02    5.89778e+03
     Coulomb-14        LJ (SR)  Disper. corr.   Coulomb (SR)   Coul. recip.
    4.79863e+04    1.41874e+05   -8.16561e+03   -1.10393e+06    5.56652e+03
 Position Rest.      Potential    Kinetic En.   Total Energy  Conserved En.
    3.77694e-01   -8.77269e+05    1.49792e+05   -7.27477e+05   -7.27441e+05
    Temperature Pres. DC (bar) Pressure (bar)   Constr. rmsd
    2.99262e+02   -2.28089e+02   -7.14682e+02    0.00000e+00

           Step           Time
            500        1.00000

   Energies (kJ/mol)
           Bond          Angle    Proper Dih. Per. Imp. Dih.          LJ-14
    4.68194e+03    1.29157e+04    1.58068e+04    7.98966e+02    5.84149e+03
     Coulomb-14        LJ (SR)  Disper. corr.   Coulomb (SR)   Coul. recip.
    4.78228e+04    1.48941e+05   -8.34133e+03   -1.11450e+06    5.45267e+03
 Position Rest.      Potential    Kinetic En.   Total Energy  Conserved En.
    1.32943e+03   -8.79246e+05    1.50861e+05   -7.28385e+05   -7.27225e+05
    Temperature Pres. DC (bar) Pressure (bar)   Constr. rmsd
    3.01397e+02   -2.37999e+02    5.62317e+02    0.00000e+00

           Step           Time
           1000        2.00000

   Energies (kJ/mol)
           Bond          Angle    Proper Dih. Per. Imp. Dih.          LJ-14
    4.78946e+03    1.27234e+04    1.58163e+04    7.75463e+02    5.69016e+03
     Coulomb-14        LJ (SR)  Disper. corr.   Coulomb (SR)   Coul. recip.
    4.78997e+04    1.44140e+05   -8.30262e+03   -1.10852e+06    5.22916e+03
 Position Rest.      Potential    Kinetic En.   Total Energy  Conserved En.
    1.36908e+03   -8.78387e+05    1.50026e+05   -7.28360e+05   -7.27229e+05
    Temperature Pres. DC (bar) Pressure (bar)   Constr. rmsd
    2.99729e+02   -2.35798e+02   -2.69565e+02    0.00000e+00

step 1100: timed with pme grid 80 80 80, coulomb cutoff 1.000: 1111.2 M-cycles
step 1300: timed with pme grid 64 64 64, coulomb cutoff 1.195: 1466.8 M-cycles
step 1500: timed with pme grid 72 72 72, coulomb cutoff 1.062: 1093.2 M-cycles
           Step           Time
           1500        3.00000

   Energies (kJ/mol)
           Bond          Angle    Proper Dih. Per. Imp. Dih.          LJ-14
    4.78802e+03    1.23023e+04    1.57642e+04    7.02400e+02    5.84581e+03
     Coulomb-14        LJ (SR)  Disper. corr.   Coulomb (SR)   Coul. recip.
    4.81760e+04    1.44876e+05   -8.30060e+03   -1.11051e+06    5.44880e+03
 Position Rest.      Potential    Kinetic En.   Total Energy  Conserved En.
    1.52365e+03   -8.79382e+05    1.50661e+05   -7.28720e+05   -7.27195e+05
    Temperature Pres. DC (bar) Pressure (bar)   Constr. rmsd
    3.00998e+02   -2.35683e+02   -4.63850e+02    0.00000e+00

step 1700: timed with pme grid 80 80 80, coulomb cutoff 1.000: 1074.0 M-cycles
step 1900: timed with pme grid 72 72 72, coulomb cutoff 1.062: 1145.4 M-cycles
           Step           Time
           2000        4.00000

   Energies (kJ/mol)
           Bond          Angle    Proper Dih. Per. Imp. Dih.          LJ-14
    4.58219e+03    1.23613e+04    1.56989e+04    7.53497e+02    5.81501e+03
     Coulomb-14        LJ (SR)  Disper. corr.   Coulomb (SR)   Coul. recip.
    4.81819e+04    1.45917e+05   -8.31218e+03   -1.11264e+06    5.38862e+03
 Position Rest.      Potential    Kinetic En.   Total Energy  Conserved En.
    1.43662e+03   -8.80820e+05    1.50382e+05   -7.30438e+05   -7.27163e+05
    Temperature Pres. DC (bar) Pressure (bar)   Constr. rmsd
    3.00440e+02   -2.36340e+02   -4.30377e+02    0.00000e+00

step 2100: timed with pme grid 80 80 80, coulomb cutoff 1.000: 1775.7 M-cycles
              optimal pme grid 80 80 80, coulomb cutoff 1.000
           Step           Time
           2500        5.00000

   Energies (kJ/mol)
           Bond          Angle    Proper Dih. Per. Imp. Dih.          LJ-14
    4.75605e+03    1.20981e+04    1.58261e+04    8.15543e+02    5.80904e+03
     Coulomb-14        LJ (SR)  Disper. corr.   Coulomb (SR)   Coul. recip.
    4.81380e+04    1.45268e+05   -8.32001e+03   -1.11146e+06    5.43803e+03
 Position Rest.      Potential    Kinetic En.   Total Energy  Conserved En.
    1.42041e+03   -8.80213e+05    1.50072e+05   -7.30141e+05   -7.27148e+05
    Temperature Pres. DC (bar) Pressure (bar)   Constr. rmsd
    2.99821e+02   -2.36785e+02   -2.31988e+02    0.00000e+00

           Step           Time
           3000        6.00000

   Energies (kJ/mol)
           Bond          Angle    Proper Dih. Per. Imp. Dih.          LJ-14
    4.80581e+03    1.24579e+04    1.57879e+04    7.19068e+02    5.82576e+03
     Coulomb-14        LJ (SR)  Disper. corr.   Coulomb (SR)   Coul. recip.
    4.78819e+04    1.46794e+05   -8.31767e+03   -1.11287e+06    5.34081e+03
 Position Rest.      Potential    Kinetic En.   Total Energy  Conserved En.
    1.40675e+03   -8.80164e+05    1.49448e+05   -7.30716e+05   -7.27140e+05
    Temperature Pres. DC (bar) Pressure (bar)   Constr. rmsd
    2.98575e+02   -2.36652e+02   -3.38723e+02    0.00000e+00

           Step           Time
           3500        7.00000

   Energies (kJ/mol)
           Bond          Angle    Proper Dih. Per. Imp. Dih.          LJ-14
    4.79618e+03    1.24380e+04    1.58376e+04    8.41507e+02    5.81622e+03
     Coulomb-14        LJ (SR)  Disper. corr.   Coulomb (SR)   Coul. recip.
    4.80147e+04    1.45895e+05   -8.31711e+03   -1.11233e+06    5.33593e+03
 Position Rest.      Potential    Kinetic En.   Total Energy  Conserved En.
    1.36515e+03   -8.80312e+05    1.49992e+05   -7.30320e+05   -7.27132e+05
    Temperature Pres. DC (bar) Pressure (bar)   Constr. rmsd
    2.99661e+02   -2.36621e+02   -2.23307e+02    0.00000e+00

           Step           Time
           4000        8.00000

   Energies (kJ/mol)
           Bond          Angle    Proper Dih. Per. Imp. Dih.          LJ-14
    4.62218e+03    1.24459e+04    1.57624e+04    7.98580e+02    5.85717e+03
     Coulomb-14        LJ (SR)  Disper. corr.   Coulomb (SR)   Coul. recip.
    4.79366e+04    1.47117e+05   -8.32301e+03   -1.11336e+06    5.35285e+03
 Position Rest.      Potential    Kinetic En.   Total Energy  Conserved En.
    1.40405e+03   -8.80386e+05    1.49431e+05   -7.30956e+05   -7.27091e+05
    Temperature Pres. DC (bar) Pressure (bar)   Constr. rmsd
    2.98539e+02   -2.36956e+02   -1.46645e+02    0.00000e+00

           Step           Time
           4500        9.00000

   Energies (kJ/mol)
           Bond          Angle    Proper Dih. Per. Imp. Dih.          LJ-14
    4.65889e+03    1.22644e+04    1.59584e+04    7.46501e+02    5.81841e+03
     Coulomb-14        LJ (SR)  Disper. corr.   Coulomb (SR)   Coul. recip.
    4.81478e+04    1.46123e+05   -8.31288e+03   -1.11365e+06    5.46553e+03
 Position Rest.      Potential    Kinetic En.   Total Energy  Conserved En.
    1.38318e+03   -8.81396e+05    1.50042e+05   -7.31354e+05   -7.27098e+05
    Temperature Pres. DC (bar) Pressure (bar)   Constr. rmsd
    2.99761e+02   -2.36380e+02   -1.47525e+02    0.00000e+00

           Step           Time
           5000       10.00000

   Energies (kJ/mol)
           Bond          Angle    Proper Dih. Per. Imp. Dih.          LJ-14
    4.71201e+03    1.21382e+04    1.58444e+04    7.81602e+02    5.86760e+03
     Coulomb-14        LJ (SR)  Disper. corr.   Coulomb (SR)   Coul. recip.
    4.84380e+04    1.45511e+05   -8.33371e+03   -1.11173e+06    5.45311e+03
 Position Rest.      Potential    Kinetic En.   Total Energy  Conserved En.
    1.37965e+03   -8.79936e+05    1.50000e+05   -7.29936e+05   -7.27061e+05
    Temperature Pres. DC (bar) Pressure (bar)   Constr. rmsd
    2.99676e+02   -2.37565e+02   -1.87124e+02    0.00000e+00

           Step           Time
           5500       11.00000

   Energies (kJ/mol)
           Bond          Angle    Proper Dih. Per. Imp. Dih.          LJ-14
    4.69787e+03    1.27084e+04    1.57779e+04    7.31365e+02    5.64669e+03
     Coulomb-14        LJ (SR)  Disper. corr.   Coulomb (SR)   Coul. recip.
    4.80940e+04    1.44420e+05   -8.32463e+03   -1.10903e+06    5.32721e+03
 Position Rest.      Potential    Kinetic En.   Total Energy  Conserved En.
    1.46096e+03   -8.78488e+05    1.49543e+05   -7.28945e+05   -7.27062e+05
    Temperature Pres. DC (bar) Pressure (bar)   Constr. rmsd
    2.98763e+02   -2.37048e+02   -4.16893e+01    0.00000e+00

           Step           Time
           6000       12.00000

   Energies (kJ/mol)
           Bond          Angle    Proper Dih. Per. Imp. Dih.          LJ-14
    4.70351e+03    1.25006e+04    1.57988e+04    7.99103e+02    5.83058e+03
     Coulomb-14        LJ (SR)  Disper. corr.   Coulomb (SR)   Coul. recip.
    4.80636e+04    1.47159e+05   -8.31571e+03   -1.11325e+06    5.29102e+03
 Position Rest.      Potential    Kinetic En.   Total Energy  Conserved En.
    1.41811e+03   -8.79996e+05    1.49925e+05   -7.30071e+05   -7.27036e+05
    Temperature Pres. DC (bar) Pressure (bar)   Constr. rmsd
    2.99527e+02   -2.36541e+02   -2.54569e+02    0.00000e+00

           Step           Time
           6500       13.00000

   Energies (kJ/mol)
           Bond          Angle    Proper Dih. Per. Imp. Dih.          LJ-14
    4.84060e+03    1.22936e+04    1.58777e+04    7.27596e+02    5.86485e+03
     Coulomb-14        LJ (SR)  Disper. corr.   Coulomb (SR)   Coul. recip.
    4.83423e+04    1.49233e+05   -8.32196e+03   -1.11479e+06    5.31081e+03
 Position Rest.      Potential    Kinetic En.   Total Energy  Conserved En.
    1.43888e+03   -8.79180e+05    1.49568e+05   -7.29612e+05   -7.26984e+05
    Temperature Pres. DC (bar) Pressure (bar)   Constr. rmsd
    2.98813e+02   -2.36896e+02    1.82457e+02    0.00000e+00

           Step           Time
           7000       14.00000

   Energies (kJ/mol)
           Bond          Angle    Proper Dih. Per. Imp. Dih.          LJ-14
    4.68257e+03    1.22944e+04    1.57699e+04    7.53417e+02    5.83888e+03
     Coulomb-14        LJ (SR)  Disper. corr.   Coulomb (SR)   Coul. recip.
    4.81863e+04    1.46365e+05   -8.33045e+03   -1.11078e+06    5.46293e+03
 Position Rest.      Potential    Kinetic En.   Total Energy  Conserved En.
    1.44905e+03   -8.78311e+05    1.49441e+05   -7.28870e+05   -7.27021e+05
    Temperature Pres. DC (bar) Pressure (bar)   Constr. rmsd
    2.98560e+02   -2.37379e+02    1.92271e+02    0.00000e+00

           Step           Time
           7500       15.00000

   Energies (kJ/mol)
           Bond          Angle    Proper Dih. Per. Imp. Dih.          LJ-14
    4.83493e+03    1.25890e+04    1.58519e+04    7.87618e+02    5.82165e+03
     Coulomb-14        LJ (SR)  Disper. corr.   Coulomb (SR)   Coul. recip.
    4.81351e+04    1.45979e+05   -8.34666e+03   -1.11199e+06    5.36845e+03
 Position Rest.      Potential    Kinetic En.   Total Energy  Conserved En.
    1.49373e+03   -8.79474e+05    1.50704e+05   -7.28770e+05   -7.26993e+05
    Temperature Pres. DC (bar) Pressure (bar)   Constr. rmsd
    3.01083e+02   -2.38303e+02    3.60838e+02    0.00000e+00

           Step           Time
           8000       16.00000

   Energies (kJ/mol)
           Bond          Angle    Proper Dih. Per. Imp. Dih.          LJ-14
    4.56997e+03    1.22436e+04    1.56941e+04    7.56897e+02    5.93791e+03
     Coulomb-14        LJ (SR)  Disper. corr.   Coulomb (SR)   Coul. recip.
    4.84293e+04    1.45831e+05   -8.32112e+03   -1.11233e+06    5.48922e+03
 Position Rest.      Potential    Kinetic En.   Total Energy  Conserved En.
    1.50907e+03   -8.80188e+05    1.51071e+05   -7.29117e+05   -7.26990e+05
    Temperature Pres. DC (bar) Pressure (bar)   Constr. rmsd
    3.01817e+02   -2.36848e+02   -2.09723e+02    0.00000e+00

           Step           Time
           8500       17.00000

   Energies (kJ/mol)
           Bond          Angle    Proper Dih. Per. Imp. Dih.          LJ-14
    4.61359e+03    1.23768e+04    1.57463e+04    7.98575e+02    5.95564e+03
     Coulomb-14        LJ (SR)  Disper. corr.   Coulomb (SR)   Coul. recip.
    4.81402e+04    1.47417e+05   -8.31058e+03   -1.11246e+06    5.31717e+03
 Position Rest.      Potential    Kinetic En.   Total Energy  Conserved En.
    1.48288e+03   -8.78922e+05    1.50208e+05   -7.28715e+05   -7.26947e+05
    Temperature Pres. DC (bar) Pressure (bar)   Constr. rmsd
    3.00092e+02   -2.36250e+02   -1.95203e+02    0.00000e+00

           Step           Time
           9000       18.00000

   Energies (kJ/mol)
           Bond          Angle    Proper Dih. Per. Imp. Dih.          LJ-14
    4.64166e+03    1.23298e+04    1.57165e+04    7.65089e+02    5.75895e+03
     Coulomb-14        LJ (SR)  Disper. corr.   Coulomb (SR)   Coul. recip.
    4.82920e+04    1.45577e+05   -8.33068e+03   -1.11019e+06    5.49625e+03
 Position Rest.      Potential    Kinetic En.   Total Energy  Conserved En.
    1.47461e+03   -8.78472e+05    1.50326e+05   -7.28146e+05   -7.26890e+05
    Temperature Pres. DC (bar) Pressure (bar)   Constr. rmsd
    3.00328e+02   -2.37392e+02   -1.86826e+02    0.00000e+00

           Step           Time
           9500       19.00000

   Energies (kJ/mol)
           Bond          Angle    Proper Dih. Per. Imp. Dih.          LJ-14
    4.67956e+03    1.21291e+04    1.58993e+04    7.58081e+02    5.80983e+03
     Coulomb-14        LJ (SR)  Disper. corr.   Coulomb (SR)   Coul. recip.
    4.82050e+04    1.45940e+05   -8.31080e+03   -1.11323e+06    5.21608e+03
 Position Rest.      Potential    Kinetic En.   Total Energy  Conserved En.
    1.42712e+03   -8.81479e+05    1.49782e+05   -7.31697e+05   -7.26853e+05
    Temperature Pres. DC (bar) Pressure (bar)   Constr. rmsd
    2.99241e+02   -2.36262e+02   -1.99848e+02    0.00000e+00

           Step           Time
          10000       20.00000

   Energies (kJ/mol)
           Bond          Angle    Proper Dih. Per. Imp. Dih.          LJ-14
    4.69683e+03    1.23005e+04    1.58362e+04    7.92021e+02    5.81710e+03
     Coulomb-14        LJ (SR)  Disper. corr.   Coulomb (SR)   Coul. recip.
    4.85005e+04    1.45822e+05   -8.32957e+03   -1.11260e+06    5.36906e+03
 Position Rest.      Potential    Kinetic En.   Total Energy  Conserved En.
    1.46579e+03   -8.80335e+05    1.49806e+05   -7.30528e+05   -7.26843e+05
    Temperature Pres. DC (bar) Pressure (bar)   Constr. rmsd
    2.99290e+02   -2.37329e+02   -1.91410e+02    0.00000e+00

           Step           Time
          10500       21.00000

   Energies (kJ/mol)
           Bond          Angle    Proper Dih. Per. Imp. Dih.          LJ-14
    4.76875e+03    1.25349e+04    1.58046e+04    7.92278e+02    5.80626e+03
     Coulomb-14        LJ (SR)  Disper. corr.   Coulomb (SR)   Coul. recip.
    4.80809e+04    1.44993e+05   -8.32455e+03   -1.11041e+06    5.42753e+03
 Position Rest.      Potential    Kinetic En.   Total Energy  Conserved En.
    1.41228e+03   -8.79114e+05    1.50042e+05   -7.29072e+05   -7.26828e+05
    Temperature Pres. DC (bar) Pressure (bar)   Constr. rmsd
    2.99760e+02   -2.37044e+02   -6.85322e+01    0.00000e+00

           Step           Time
          11000       22.00000

   Energies (kJ/mol)
           Bond          Angle    Proper Dih. Per. Imp. Dih.          LJ-14
    4.60218e+03    1.26158e+04    1.59182e+04    7.72490e+02    5.89127e+03
     Coulomb-14        LJ (SR)  Disper. corr.   Coulomb (SR)   Coul. recip.
    4.79451e+04    1.45829e+05   -8.33012e+03   -1.11079e+06    5.29288e+03
 Position Rest.      Potential    Kinetic En.   Total Energy  Conserved En.
    1.50013e+03   -8.78750e+05    1.50660e+05   -7.28090e+05   -7.26846e+05
    Temperature Pres. DC (bar) Pressure (bar)   Constr. rmsd
    3.00995e+02   -2.37361e+02    5.81854e+01    0.00000e+00

           Step           Time
          11500       23.00000

   Energies (kJ/mol)
           Bond          Angle    Proper Dih. Per. Imp. Dih.          LJ-14
    4.67501e+03    1.23400e+04    1.58202e+04    7.34609e+02    5.92592e+03
     Coulomb-14        LJ (SR)  Disper. corr.   Coulomb (SR)   Coul. recip.
    4.82399e+04    1.46352e+05   -8.33730e+03   -1.11334e+06    5.26995e+03
 Position Rest.      Potential    Kinetic En.   Total Energy  Conserved En.
    1.46492e+03   -8.80854e+05    1.49491e+05   -7.31363e+05   -7.26805e+05
    Temperature Pres. DC (bar) Pressure (bar)   Constr. rmsd
    2.98659e+02   -2.37769e+02    4.27046e+02    0.00000e+00

           Step           Time
          12000       24.00000

   Energies (kJ/mol)
           Bond          Angle    Proper Dih. Per. Imp. Dih.          LJ-14
    4.64142e+03    1.22794e+04    1.57832e+04    7.55605e+02    5.80394e+03
     Coulomb-14        LJ (SR)  Disper. corr.   Coulomb (SR)   Coul. recip.
    4.80151e+04    1.45977e+05   -8.36463e+03   -1.11297e+06    5.20406e+03
 Position Rest.      Potential    Kinetic En.   Total Energy  Conserved En.
    1.47274e+03   -8.81406e+05    1.48899e+05   -7.32507e+05   -7.26787e+05
    Temperature Pres. DC (bar) Pressure (bar)   Constr. rmsd
    2.97477e+02   -2.39329e+02    2.26201e+02    0.00000e+00

           Step           Time
          12500       25.00000

   Energies (kJ/mol)
           Bond          Angle    Proper Dih. Per. Imp. Dih.          LJ-14
    4.72885e+03    1.23867e+04    1.56948e+04    7.56514e+02    5.77506e+03
     Coulomb-14        LJ (SR)  Disper. corr.   Coulomb (SR)   Coul. recip.
    4.80154e+04    1.44797e+05   -8.30707e+03   -1.11012e+06    5.29917e+03
 Position Rest.      Potential    Kinetic En.   Total Energy  Conserved En.
    1.45989e+03   -8.79515e+05    1.50291e+05   -7.29224e+05   -7.26722e+05
    Temperature Pres. DC (bar) Pressure (bar)   Constr. rmsd
    3.00259e+02   -2.36050e+02   -4.09824e+02    0.00000e+00

           Step           Time
          13000       26.00000

   Energies (kJ/mol)
           Bond          Angle    Proper Dih. Per. Imp. Dih.          LJ-14
    4.97592e+03    1.25577e+04    1.58198e+04    7.62580e+02    5.72190e+03
     Coulomb-14        LJ (SR)  Disper. corr.   Coulomb (SR)   Coul. recip.
    4.77242e+04    1.47750e+05   -8.34559e+03   -1.11379e+06    5.39779e+03
 Position Rest.      Potential    Kinetic En.   Total Energy  Conserved En.
    1.46407e+03   -8.79959e+05    1.51426e+05   -7.28533e+05   -7.26721e+05
    Temperature Pres. DC (bar) Pressure (bar)   Constr. rmsd
    3.02527e+02   -2.38242e+02    3.52651e+01    0.00000e+00

           Step           Time
          13500       27.00000

   Energies (kJ/mol)
           Bond          Angle    Proper Dih. Per. Imp. Dih.          LJ-14
    4.71867e+03    1.25420e+04    1.57774e+04    8.10684e+02    5.75617e+03
     Coulomb-14        LJ (SR)  Disper. corr.   Coulomb (SR)   Coul. recip.
    4.79693e+04    1.46821e+05   -8.33782e+03   -1.11303e+06    5.27165e+03
 Position Rest.      Potential    Kinetic En.   Total Energy  Conserved En.
    1.51340e+03   -8.80189e+05    1.49068e+05   -7.31121e+05   -7.26666e+05
    Temperature Pres. DC (bar) Pressure (bar)   Constr. rmsd
    2.97815e+02   -2.37799e+02   -4.23222e+02    0.00000e+00

           Step           Time
          14000       28.00000

   Energies (kJ/mol)
           Bond          Angle    Proper Dih. Per. Imp. Dih.          LJ-14
    4.58175e+03    1.24568e+04    1.57945e+04    7.37654e+02    5.80999e+03
     Coulomb-14        LJ (SR)  Disper. corr.   Coulomb (SR)   Coul. recip.
    4.80538e+04    1.47192e+05   -8.33235e+03   -1.11324e+06    5.38567e+03
 Position Rest.      Potential    Kinetic En.   Total Energy  Conserved En.
    1.46523e+03   -8.80096e+05    1.50796e+05   -7.29300e+05   -7.26699e+05
    Temperature Pres. DC (bar) Pressure (bar)   Constr. rmsd
    3.01267e+02   -2.37488e+02    2.52475e+02    0.00000e+00

           Step           Time
          14500       29.00000

   Energies (kJ/mol)
           Bond          Angle    Proper Dih. Per. Imp. Dih.          LJ-14
    4.80855e+03    1.25293e+04    1.57061e+04    7.84977e+02    5.76994e+03
     Coulomb-14        LJ (SR)  Disper. corr.   Coulomb (SR)   Coul. recip.
    4.78261e+04    1.45685e+05   -8.32571e+03   -1.11070e+06    5.42353e+03
 Position Rest.      Potential    Kinetic En.   Total Energy  Conserved En.
    1.48969e+03   -8.79005e+05    1.51534e+05   -7.27470e+05   -7.26718e+05
    Temperature Pres. DC (bar) Pressure (bar)   Constr. rmsd
    3.02742e+02   -2.37109e+02    3.19032e+01    0.00000e+00

           Step           Time
          15000       30.00000

   Energies (kJ/mol)
           Bond          Angle    Proper Dih. Per. Imp. Dih.          LJ-14
    4.53670e+03    1.25024e+04    1.57355e+04    7.94365e+02    5.87265e+03
     Coulomb-14        LJ (SR)  Disper. corr.   Coulomb (SR)   Coul. recip.
    4.84710e+04    1.46617e+05   -8.31116e+03   -1.11166e+06    5.45298e+03
 Position Rest.      Potential    Kinetic En.   Total Energy  Conserved En.
    1.46034e+03   -8.78532e+05    1.50894e+05   -7.27638e+05   -7.26705e+05
    Temperature Pres. DC (bar) Pressure (bar)   Constr. rmsd
    3.01464e+02   -2.36282e+02    1.29061e+02    0.00000e+00

           Step           Time
          15500       31.00000

   Energies (kJ/mol)
           Bond          Angle    Proper Dih. Per. Imp. Dih.          LJ-14
    4.73784e+03    1.26308e+04    1.58192e+04    7.75031e+02    5.82589e+03
     Coulomb-14        LJ (SR)  Disper. corr.   Coulomb (SR)   Coul. recip.
    4.80066e+04    1.45222e+05   -8.34285e+03   -1.10985e+06    5.37632e+03
 Position Rest.      Potential    Kinetic En.   Total Energy  Conserved En.
    1.51603e+03   -8.78288e+05    1.49574e+05   -7.28714e+05   -7.26643e+05
    Temperature Pres. DC (bar) Pressure (bar)   Constr. rmsd
    2.98825e+02   -2.38086e+02   -4.86387e+02    0.00000e+00

           Step           Time
          16000       32.00000

   Energies (kJ/mol)
           Bond          Angle    Proper Dih. Per. Imp. Dih.          LJ-14
    4.76255e+03    1.24657e+04    1.57773e+04    8.11057e+02    5.85785e+03
     Coulomb-14        LJ (SR)  Disper. corr.   Coulomb (SR)   Coul. recip.
    4.81216e+04    1.48367e+05   -8.33661e+03   -1.11379e+06    5.40453e+03
 Position Rest.      Potential    Kinetic En.   Total Energy  Conserved En.
    1.46640e+03   -8.79092e+05    1.50847e+05   -7.28246e+05   -7.26628e+05
    Temperature Pres. DC (bar) Pressure (bar)   Constr. rmsd
    3.01369e+02   -2.37730e+02    1.19999e+02    0.00000e+00

           Step           Time
          16500       33.00000

   Energies (kJ/mol)
           Bond          Angle    Proper Dih. Per. Imp. Dih.          LJ-14
    4.58131e+03    1.24317e+04    1.56448e+04    8.16222e+02    5.85128e+03
     Coulomb-14        LJ (SR)  Disper. corr.   Coulomb (SR)   Coul. recip.
    4.80524e+04    1.46712e+05   -8.32507e+03   -1.11212e+06    5.35753e+03
 Position Rest.      Potential    Kinetic En.   Total Energy  Conserved En.
    1.38474e+03   -8.79610e+05    1.50679e+05   -7.28930e+05   -7.26643e+05
    Temperature Pres. DC (bar) Pressure (bar)   Constr. rmsd
    3.01034e+02   -2.37073e+02   -5.96236e+01    0.00000e+00

           Step           Time
          17000       34.00000

   Energies (kJ/mol)
           Bond          Angle    Proper Dih. Per. Imp. Dih.          LJ-14
    4.58774e+03    1.24067e+04    1.58573e+04    7.69343e+02    5.81296e+03
     Coulomb-14        LJ (SR)  Disper. corr.   Coulomb (SR)   Coul. recip.
    4.79380e+04    1.45315e+05   -8.31213e+03   -1.11187e+06    5.37165e+03
 Position Rest.      Potential    Kinetic En.   Total Energy  Conserved En.
    1.39418e+03   -8.80733e+05    1.50194e+05   -7.30539e+05   -7.26606e+05
    Temperature Pres. DC (bar) Pressure (bar)   Constr. rmsd
    3.00065e+02   -2.36338e+02   -2.77326e+02    0.00000e+00

           Step           Time
          17500       35.00000

   Energies (kJ/mol)
           Bond          Angle    Proper Dih. Per. Imp. Dih.          LJ-14
    4.69147e+03    1.21699e+04    1.57569e+04    7.96039e+02    5.77119e+03
     Coulomb-14        LJ (SR)  Disper. corr.   Coulomb (SR)   Coul. recip.
    4.82512e+04    1.46059e+05   -8.34829e+03   -1.11343e+06    5.27796e+03
 Position Rest.      Potential    Kinetic En.   Total Energy  Conserved En.
    1.39839e+03   -8.81610e+05    1.49331e+05   -7.32279e+05   -7.26570e+05
    Temperature Pres. DC (bar) Pressure (bar)   Constr. rmsd
    2.98341e+02   -2.38396e+02    1.45286e+02    0.00000e+00

           Step           Time
          18000       36.00000

   Energies (kJ/mol)
           Bond          Angle    Proper Dih. Per. Imp. Dih.          LJ-14
    4.43780e+03    1.25047e+04    1.57805e+04    7.68089e+02    5.85327e+03
     Coulomb-14        LJ (SR)  Disper. corr.   Coulomb (SR)   Coul. recip.
    4.83903e+04    1.46992e+05   -8.32351e+03   -1.11223e+06    5.34621e+03
 Position Rest.      Potential    Kinetic En.   Total Energy  Conserved En.
    1.43257e+03   -8.79049e+05    1.49124e+05   -7.29926e+05   -7.26549e+05
    Temperature Pres. DC (bar) Pressure (bar)   Constr. rmsd
    2.97926e+02   -2.36984e+02    3.27056e+02    0.00000e+00

           Step           Time
          18500       37.00000

   Energies (kJ/mol)
           Bond          Angle    Proper Dih. Per. Imp. Dih.          LJ-14
    4.70411e+03    1.23972e+04    1.57294e+04    8.16149e+02    5.72644e+03
     Coulomb-14        LJ (SR)  Disper. corr.   Coulomb (SR)   Coul. recip.
    4.79507e+04    1.46549e+05   -8.32876e+03   -1.11272e+06    5.40217e+03
 Position Rest.      Potential    Kinetic En.   Total Energy  Conserved En.
    1.44172e+03   -8.80332e+05    1.49666e+05   -7.30665e+05   -7.26491e+05
    Temperature Pres. DC (bar) Pressure (bar)   Constr. rmsd
    2.99011e+02   -2.37283e+02   -2.92075e+02    0.00000e+00

           Step           Time
          19000       38.00000

   Energies (kJ/mol)
           Bond          Angle    Proper Dih. Per. Imp. Dih.          LJ-14
    4.70649e+03    1.23797e+04    1.57138e+04    7.72450e+02    5.78135e+03
     Coulomb-14        LJ (SR)  Disper. corr.   Coulomb (SR)   Coul. recip.
    4.83360e+04    1.47473e+05   -8.31700e+03   -1.11488e+06    5.40142e+03
 Position Rest.      Potential    Kinetic En.   Total Energy  Conserved En.
    1.41377e+03   -8.81219e+05    1.50320e+05   -7.30900e+05   -7.26528e+05
    Temperature Pres. DC (bar) Pressure (bar)   Constr. rmsd
    3.00316e+02   -2.36614e+02   -3.57205e+02    0.00000e+00

           Step           Time
          19500       39.00000

   Energies (kJ/mol)
           Bond          Angle    Proper Dih. Per. Imp. Dih.          LJ-14
    4.63982e+03    1.26044e+04    1.57857e+04    8.16833e+02    5.86544e+03
     Coulomb-14        LJ (SR)  Disper. corr.   Coulomb (SR)   Coul. recip.
    4.82100e+04    1.47475e+05   -8.33583e+03   -1.11283e+06    5.34445e+03
 Position Rest.      Potential    Kinetic En.   Total Energy  Conserved En.
    1.40757e+03   -8.79013e+05    1.49840e+05   -7.29174e+05   -7.26395e+05
    Temperature Pres. DC (bar) Pressure (bar)   Constr. rmsd
    2.99357e+02   -2.37686e+02    4.59168e+02    0.00000e+00

           Step           Time
          20000       40.00000

   Energies (kJ/mol)
           Bond          Angle    Proper Dih. Per. Imp. Dih.          LJ-14
    4.70864e+03    1.25249e+04    1.57758e+04    7.72846e+02    5.80134e+03
     Coulomb-14        LJ (SR)  Disper. corr.   Coulomb (SR)   Coul. recip.
    4.82426e+04    1.45964e+05   -8.34744e+03   -1.11184e+06    5.35569e+03
 Position Rest.      Potential    Kinetic En.   Total Energy  Conserved En.
    1.40192e+03   -8.79644e+05    1.50317e+05   -7.29327e+05   -7.26380e+05
    Temperature Pres. DC (bar) Pressure (bar)   Constr. rmsd
    3.00310e+02   -2.38347e+02    4.47678e+02    0.00000e+00

           Step           Time
          20500       41.00000

   Energies (kJ/mol)
           Bond          Angle    Proper Dih. Per. Imp. Dih.          LJ-14
    4.62230e+03    1.23002e+04    1.57236e+04    7.61268e+02    5.91298e+03
     Coulomb-14        LJ (SR)  Disper. corr.   Coulomb (SR)   Coul. recip.
    4.81625e+04    1.46806e+05   -8.34078e+03   -1.11268e+06    5.31975e+03
 Position Rest.      Potential    Kinetic En.   Total Energy  Conserved En.
    1.53933e+03   -8.79878e+05    1.49971e+05   -7.29908e+05   -7.26326e+05
    Temperature Pres. DC (bar) Pressure (bar)   Constr. rmsd
    2.99618e+02   -2.37968e+02    1.18902e+02    0.00000e+00

           Step           Time
          21000       42.00000

   Energies (kJ/mol)
           Bond          Angle    Proper Dih. Per. Imp. Dih.          LJ-14
    4.70783e+03    1.23567e+04    1.58053e+04    7.58240e+02    5.80666e+03
     Coulomb-14        LJ (SR)  Disper. corr.   Coulomb (SR)   Coul. recip.
    4.80786e+04    1.45664e+05   -8.34724e+03   -1.11321e+06    5.38361e+03
 Position Rest.      Potential    Kinetic En.   Total Energy  Conserved En.
    1.51915e+03   -8.81481e+05    1.50059e+05   -7.31422e+05   -7.26334e+05
    Temperature Pres. DC (bar) Pressure (bar)   Constr. rmsd
    2.99795e+02   -2.38336e+02    2.49206e+02    0.00000e+00

           Step           Time
          21500       43.00000

   Energies (kJ/mol)
           Bond          Angle    Proper Dih. Per. Imp. Dih.          LJ-14
    4.63738e+03    1.26199e+04    1.57180e+04    7.39432e+02    5.77896e+03
     Coulomb-14        LJ (SR)  Disper. corr.   Coulomb (SR)   Coul. recip.
    4.80250e+04    1.46250e+05   -8.33257e+03   -1.11188e+06    5.35615e+03
 Position Rest.      Potential    Kinetic En.   Total Energy  Conserved En.
    1.48996e+03   -8.79598e+05    1.49836e+05   -7.29762e+05   -7.26307e+05
    Temperature Pres. DC (bar) Pressure (bar)   Constr. rmsd
    2.99349e+02   -2.37500e+02   -1.00899e+02    0.00000e+00

           Step           Time
          22000       44.00000

   Energies (kJ/mol)
           Bond          Angle    Proper Dih. Per. Imp. Dih.          LJ-14
    4.53743e+03    1.23693e+04    1.57964e+04    7.32358e+02    5.79382e+03
     Coulomb-14        LJ (SR)  Disper. corr.   Coulomb (SR)   Coul. recip.
    4.82422e+04    1.46725e+05   -8.32980e+03   -1.11232e+06    5.41237e+03
 Position Rest.      Potential    Kinetic En.   Total Energy  Conserved En.
    1.45419e+03   -8.79583e+05    1.49743e+05   -7.29840e+05   -7.26289e+05
    Temperature Pres. DC (bar) Pressure (bar)   Constr. rmsd
    2.99163e+02   -2.37342e+02   -6.73628e+01    0.00000e+00

           Step           Time
          22500       45.00000

   Energies (kJ/mol)
           Bond          Angle    Proper Dih. Per. Imp. Dih.          LJ-14
    4.68634e+03    1.24801e+04    1.57160e+04    6.81189e+02    5.80514e+03
     Coulomb-14        LJ (SR)  Disper. corr.   Coulomb (SR)   Coul. recip.
    4.83182e+04    1.46709e+05   -8.32148e+03   -1.11275e+06    5.37355e+03
 Position Rest.      Potential    Kinetic En.   Total Energy  Conserved En.
    1.54398e+03   -8.79760e+05    1.49896e+05   -7.29864e+05   -7.26281e+05
    Temperature Pres. DC (bar) Pressure (bar)   Constr. rmsd
    2.99469e+02   -2.36869e+02   -1.78711e+02    0.00000e+00

           Step           Time
          23000       46.00000

   Energies (kJ/mol)
           Bond          Angle    Proper Dih. Per. Imp. Dih.          LJ-14
    4.74161e+03    1.23876e+04    1.57281e+04    7.61129e+02    5.78513e+03
     Coulomb-14        LJ (SR)  Disper. corr.   Coulomb (SR)   Coul. recip.
    4.77428e+04    1.47464e+05   -8.34439e+03   -1.11267e+06    5.43500e+03
 Position Rest.      Potential    Kinetic En.   Total Energy  Conserved En.
    1.51489e+03   -8.79455e+05    1.50385e+05   -7.29069e+05   -7.26266e+05
    Temperature Pres. DC (bar) Pressure (bar)   Constr. rmsd
    3.00447e+02   -2.38174e+02   -1.74837e+02    0.00000e+00

           Step           Time
          23500       47.00000

   Energies (kJ/mol)
           Bond          Angle    Proper Dih. Per. Imp. Dih.          LJ-14
    4.58798e+03    1.23146e+04    1.57714e+04    6.86172e+02    5.84470e+03
     Coulomb-14        LJ (SR)  Disper. corr.   Coulomb (SR)   Coul. recip.
    4.83409e+04    1.44669e+05   -8.30388e+03   -1.11053e+06    5.47862e+03
 Position Rest.      Potential    Kinetic En.   Total Energy  Conserved En.
    1.43751e+03   -8.79706e+05    1.48782e+05   -7.30924e+05   -7.26218e+05
    Temperature Pres. DC (bar) Pressure (bar)   Constr. rmsd
    2.97243e+02   -2.35869e+02   -5.80584e+02    0.00000e+00

           Step           Time
          24000       48.00000

   Energies (kJ/mol)
           Bond          Angle    Proper Dih. Per. Imp. Dih.          LJ-14
    4.73292e+03    1.25838e+04    1.58187e+04    7.65970e+02    5.75641e+03
     Coulomb-14        LJ (SR)  Disper. corr.   Coulomb (SR)   Coul. recip.
    4.78896e+04    1.46422e+05   -8.33844e+03   -1.11229e+06    5.43520e+03
 Position Rest.      Potential    Kinetic En.   Total Energy  Conserved En.
    1.43955e+03   -8.79784e+05    1.50798e+05   -7.28986e+05   -7.26209e+05
    Temperature Pres. DC (bar) Pressure (bar)   Constr. rmsd
    3.01272e+02   -2.37834e+02    2.37802e+01    0.00000e+00

           Step           Time
          24500       49.00000

   Energies (kJ/mol)
           Bond          Angle    Proper Dih. Per. Imp. Dih.          LJ-14
    4.61903e+03    1.24671e+04    1.58059e+04    8.28686e+02    5.88310e+03
     Coulomb-14        LJ (SR)  Disper. corr.   Coulomb (SR)   Coul. recip.
    4.80236e+04    1.46382e+05   -8.34775e+03   -1.11323e+06    5.36490e+03
 Position Rest.      Potential    Kinetic En.   Total Energy  Conserved En.
    1.53429e+03   -8.80666e+05    1.50752e+05   -7.29914e+05   -7.26122e+05
    Temperature Pres. DC (bar) Pressure (bar)   Constr. rmsd
    3.01178e+02   -2.38365e+02    5.72950e+02    0.00000e+00

           Step           Time
          25000       50.00000

   Energies (kJ/mol)
           Bond          Angle    Proper Dih. Per. Imp. Dih.          LJ-14
    4.64853e+03    1.23801e+04    1.57671e+04    7.99004e+02    5.86947e+03
     Coulomb-14        LJ (SR)  Disper. corr.   Coulomb (SR)   Coul. recip.
    4.78910e+04    1.47553e+05   -8.34847e+03   -1.11406e+06    5.40929e+03
 Position Rest.      Potential    Kinetic En.   Total Energy  Conserved En.
    1.52199e+03   -8.80566e+05    1.49017e+05   -7.31549e+05   -7.26053e+05
    Temperature Pres. DC (bar) Pressure (bar)   Constr. rmsd
    2.97713e+02   -2.38406e+02    9.46797e+01    0.00000e+00

           Step           Time
          25500       51.00000

   Energies (kJ/mol)
           Bond          Angle    Proper Dih. Per. Imp. Dih.          LJ-14
    4.71738e+03    1.23268e+04    1.58248e+04    7.71178e+02    5.86450e+03
     Coulomb-14        LJ (SR)  Disper. corr.   Coulomb (SR)   Coul. recip.
    4.80303e+04    1.46613e+05   -8.33403e+03   -1.11350e+06    5.37337e+03
 Position Rest.      Potential    Kinetic En.   Total Energy  Conserved En.
    1.47555e+03   -8.80838e+05    1.50951e+05   -7.29886e+05   -7.26041e+05
    Temperature Pres. DC (bar) Pressure (bar)   Constr. rmsd
    3.01577e+02   -2.37583e+02    1.48789e+02    0.00000e+00

           Step           Time
          26000       52.00000

   Energies (kJ/mol)
           Bond          Angle    Proper Dih. Per. Imp. Dih.          LJ-14
    4.69591e+03    1.23836e+04    1.58260e+04    7.71107e+02    5.88660e+03
     Coulomb-14        LJ (SR)  Disper. corr.   Coulomb (SR)   Coul. recip.
    4.80760e+04    1.46910e+05   -8.33313e+03   -1.11307e+06    5.35662e+03
 Position Rest.      Potential    Kinetic En.   Total Energy  Conserved En.
    1.45547e+03   -8.80046e+05    1.49188e+05   -7.30858e+05   -7.26037e+05
    Temperature Pres. DC (bar) Pressure (bar)   Constr. rmsd
    2.98055e+02   -2.37532e+02    1.31981e+01    0.00000e+00

           Step           Time
          26500       53.00000

   Energies (kJ/mol)
           Bond          Angle    Proper Dih. Per. Imp. Dih.          LJ-14
    4.83563e+03    1.23328e+04    1.57183e+04    7.66673e+02    5.83248e+03
     Coulomb-14        LJ (SR)  Disper. corr.   Coulomb (SR)   Coul. recip.
    4.83079e+04    1.47136e+05   -8.34767e+03   -1.11385e+06    5.38987e+03
 Position Rest.      Potential    Kinetic En.   Total Energy  Conserved En.
    1.51960e+03   -8.80358e+05    1.50673e+05   -7.29686e+05   -7.25958e+05
    Temperature Pres. DC (bar) Pressure (bar)   Constr. rmsd
    3.01021e+02   -2.38360e+02    3.33791e+02    0.00000e+00

           Step           Time
          27000       54.00000

   Energies (kJ/mol)
           Bond          Angle    Proper Dih. Per. Imp. Dih.          LJ-14
    4.57381e+03    1.21771e+04    1.59071e+04    7.42059e+02    5.86437e+03
     Coulomb-14        LJ (SR)  Disper. corr.   Coulomb (SR)   Coul. recip.
    4.83496e+04    1.45228e+05   -8.34385e+03   -1.11071e+06    5.32054e+03
 Position Rest.      Potential    Kinetic En.   Total Energy  Conserved En.
    1.54429e+03   -8.79348e+05    1.50671e+05   -7.28676e+05   -7.25982e+05
    Temperature Pres. DC (bar) Pressure (bar)   Constr. rmsd
    3.01018e+02   -2.38142e+02   -4.42636e+02    0.00000e+00

           Step           Time
          27500       55.00000

   Energies (kJ/mol)
           Bond          Angle    Proper Dih. Per. Imp. Dih.          LJ-14
    4.76256e+03    1.22483e+04    1.57819e+04    7.86676e+02    5.81579e+03
     Coulomb-14        LJ (SR)  Disper. corr.   Coulomb (SR)   Coul. recip.
    4.79528e+04    1.45188e+05   -8.34526e+03   -1.10994e+06    5.35817e+03
 Position Rest.      Potential    Kinetic En.   Total Energy  Conserved En.
    1.50769e+03   -8.78881e+05    1.50787e+05   -7.28093e+05   -7.25954e+05
    Temperature Pres. DC (bar) Pressure (bar)   Constr. rmsd
    3.01250e+02   -2.38223e+02   -6.42940e+01    0.00000e+00

           Step           Time
          28000       56.00000

   Energies (kJ/mol)
           Bond          Angle    Proper Dih. Per. Imp. Dih.          LJ-14
    4.59124e+03    1.26524e+04    1.57916e+04    7.53156e+02    5.81070e+03
     Coulomb-14        LJ (SR)  Disper. corr.   Coulomb (SR)   Coul. recip.
    4.83621e+04    1.47944e+05   -8.33738e+03   -1.11393e+06    5.47027e+03
 Position Rest.      Potential    Kinetic En.   Total Energy  Conserved En.
    1.50571e+03   -8.79391e+05    1.49300e+05   -7.30091e+05   -7.25932e+05
    Temperature Pres. DC (bar) Pressure (bar)   Constr. rmsd
    2.98279e+02   -2.37774e+02   -1.34071e+02    0.00000e+00

           Step           Time
          28500       57.00000

   Energies (kJ/mol)
           Bond          Angle    Proper Dih. Per. Imp. Dih.          LJ-14
    4.68982e+03    1.24232e+04    1.56372e+04    7.65726e+02    5.76886e+03
     Coulomb-14        LJ (SR)  Disper. corr.   Coulomb (SR)   Coul. recip.
    4.79685e+04    1.45895e+05   -8.33282e+03   -1.11162e+06    5.37237e+03
 Position Rest.      Potential    Kinetic En.   Total Energy  Conserved En.
    1.54022e+03   -8.79893e+05    1.48573e+05   -7.31320e+05   -7.25897e+05
    Temperature Pres. DC (bar) Pressure (bar)   Constr. rmsd
    2.96826e+02   -2.37514e+02   -1.84124e+01    0.00000e+00

           Step           Time
          29000       58.00000

   Energies (kJ/mol)
           Bond          Angle    Proper Dih. Per. Imp. Dih.          LJ-14
    4.81016e+03    1.24090e+04    1.57903e+04    7.92758e+02    5.82101e+03
     Coulomb-14        LJ (SR)  Disper. corr.   Coulomb (SR)   Coul. recip.
    4.82756e+04    1.45958e+05   -8.34176e+03   -1.11180e+06    5.36243e+03
 Position Rest.      Potential    Kinetic En.   Total Energy  Conserved En.
    1.40177e+03   -8.79525e+05    1.51141e+05   -7.28384e+05   -7.25914e+05
    Temperature Pres. DC (bar) Pressure (bar)   Constr. rmsd
    3.01956e+02   -2.38024e+02    1.95182e+01    0.00000e+00

           Step           Time
          29500       59.00000

   Energies (kJ/mol)
           Bond          Angle    Proper Dih. Per. Imp. Dih.          LJ-14
    4.77958e+03    1.26292e+04    1.59516e+04    8.23809e+02    5.82619e+03
     Coulomb-14        LJ (SR)  Disper. corr.   Coulomb (SR)   Coul. recip.
    4.83540e+04    1.45641e+05   -8.34293e+03   -1.11183e+06    5.36298e+03
 Position Rest.      Potential    Kinetic En.   Total Energy  Conserved En.
    1.54640e+03   -8.79258e+05    1.51144e+05   -7.28114e+05   -7.25868e+05
    Temperature Pres. DC (bar) Pressure (bar)   Constr. rmsd
    3.01963e+02   -2.38090e+02   -3.89603e+01    0.00000e+00

           Step           Time
          30000       60.00000

   Energies (kJ/mol)
           Bond          Angle    Proper Dih. Per. Imp. Dih.          LJ-14
    4.65548e+03    1.24719e+04    1.57904e+04    7.65262e+02    5.83964e+03
     Coulomb-14        LJ (SR)  Disper. corr.   Coulomb (SR)   Coul. recip.
    4.79799e+04    1.46440e+05   -8.33390e+03   -1.11288e+06    5.39591e+03
 Position Rest.      Potential    Kinetic En.   Total Energy  Conserved En.
    1.47183e+03   -8.80408e+05    1.50165e+05   -7.30243e+05   -7.25856e+05
    Temperature Pres. DC (bar) Pressure (bar)   Constr. rmsd
    3.00007e+02   -2.37576e+02    4.17275e+01    0.00000e+00

           Step           Time
          30500       61.00000

   Energies (kJ/mol)
           Bond          Angle    Proper Dih. Per. Imp. Dih.          LJ-14
    4.70326e+03    1.20224e+04    1.57325e+04    7.50256e+02    5.88858e+03
     Coulomb-14        LJ (SR)  Disper. corr.   Coulomb (SR)   Coul. recip.
    4.82948e+04    1.46135e+05   -8.35193e+03   -1.11258e+06    5.37574e+03
 Position Rest.      Potential    Kinetic En.   Total Energy  Conserved En.
    1.50737e+03   -8.80520e+05    1.50586e+05   -7.29934e+05   -7.25887e+05
    Temperature Pres. DC (bar) Pressure (bar)   Constr. rmsd
    3.00847e+02   -2.38604e+02   -5.67545e+01    0.00000e+00

           Step           Time
          31000       62.00000

   Energies (kJ/mol)
           Bond          Angle    Proper Dih. Per. Imp. Dih.          LJ-14
    4.66096e+03    1.23487e+04    1.56394e+04    7.74087e+02    5.82607e+03
     Coulomb-14        LJ (SR)  Disper. corr.   Coulomb (SR)   Coul. recip.
    4.79581e+04    1.47752e+05   -8.32956e+03   -1.11507e+06    5.28875e+03
 Position Rest.      Potential    Kinetic En.   Total Energy  Conserved En.
    1.49447e+03   -8.81655e+05    1.50348e+05   -7.31308e+05   -7.25859e+05
    Temperature Pres. DC (bar) Pressure (bar)   Constr. rmsd
    3.00372e+02   -2.37329e+02   -1.94505e+02    0.00000e+00

           Step           Time
          31500       63.00000

   Energies (kJ/mol)
           Bond          Angle    Proper Dih. Per. Imp. Dih.          LJ-14
    4.75198e+03    1.26994e+04    1.57926e+04    7.49371e+02    5.81623e+03
     Coulomb-14        LJ (SR)  Disper. corr.   Coulomb (SR)   Coul. recip.
    4.81117e+04    1.46431e+05   -8.34725e+03   -1.11278e+06    5.29095e+03
 Position Rest.      Potential    Kinetic En.   Total Energy  Conserved En.
    1.44169e+03   -8.80044e+05    1.48900e+05   -7.31145e+05   -7.25761e+05
    Temperature Pres. DC (bar) Pressure (bar)   Constr. rmsd
    2.97479e+02   -2.38337e+02   -4.51187e+02    0.00000e+00

           Step           Time
          32000       64.00000

   Energies (kJ/mol)
           Bond          Angle    Proper Dih. Per. Imp. Dih.          LJ-14
    4.83996e+03    1.26972e+04    1.57185e+04    7.82260e+02    5.70682e+03
     Coulomb-14        LJ (SR)  Disper. corr.   Coulomb (SR)   Coul. recip.
    4.79123e+04    1.48775e+05   -8.34099e+03   -1.11684e+06    5.17320e+03
 Position Rest.      Potential    Kinetic En.   Total Energy  Conserved En.
    1.47214e+03   -8.82107e+05    1.49570e+05   -7.32537e+05   -7.25753e+05
    Temperature Pres. DC (bar) Pressure (bar)   Constr. rmsd
    2.98819e+02   -2.37980e+02    4.80710e+02    0.00000e+00

           Step           Time
          32500       65.00000

   Energies (kJ/mol)
           Bond          Angle    Proper Dih. Per. Imp. Dih.          LJ-14
    4.74418e+03    1.25478e+04    1.56376e+04    7.88973e+02    5.89929e+03
     Coulomb-14        LJ (SR)  Disper. corr.   Coulomb (SR)   Coul. recip.
    4.79648e+04    1.46803e+05   -8.33420e+03   -1.11325e+06    5.36840e+03
 Position Rest.      Potential    Kinetic En.   Total Energy  Conserved En.
    1.41916e+03   -8.80411e+05    1.50786e+05   -7.29625e+05   -7.25786e+05
    Temperature Pres. DC (bar) Pressure (bar)   Constr. rmsd
    3.01247e+02   -2.37593e+02   -1.84001e+01    0.00000e+00

           Step           Time
          33000       66.00000

   Energies (kJ/mol)
           Bond          Angle    Proper Dih. Per. Imp. Dih.          LJ-14
    4.63271e+03    1.22915e+04    1.57639e+04    7.91393e+02    5.90371e+03
     Coulomb-14        LJ (SR)  Disper. corr.   Coulomb (SR)   Coul. recip.
    4.85279e+04    1.46377e+05   -8.35684e+03   -1.11411e+06    5.39530e+03
 Position Rest.      Potential    Kinetic En.   Total Energy  Conserved En.
    1.49327e+03   -8.81286e+05    1.51011e+05   -7.30275e+05   -7.25730e+05
    Temperature Pres. DC (bar) Pressure (bar)   Constr. rmsd
    3.01697e+02   -2.38884e+02   -3.94338e+02    0.00000e+00

           Step           Time
          33500       67.00000

   Energies (kJ/mol)
           Bond          Angle    Proper Dih. Per. Imp. Dih.          LJ-14
    4.68117e+03    1.22715e+04    1.58182e+04    7.83781e+02    5.75998e+03
     Coulomb-14        LJ (SR)  Disper. corr.   Coulomb (SR)   Coul. recip.
    4.80444e+04    1.47013e+05   -8.32705e+03   -1.11463e+06    5.31619e+03
 Position Rest.      Potential    Kinetic En.   Total Energy  Conserved En.
    1.55107e+03   -8.81714e+05    1.49679e+05   -7.32034e+05   -7.25693e+05
    Temperature Pres. DC (bar) Pressure (bar)   Constr. rmsd
    2.99036e+02   -2.37186e+02   -6.76339e+00    0.00000e+00

           Step           Time
          34000       68.00000

   Energies (kJ/mol)
           Bond          Angle    Proper Dih. Per. Imp. Dih.          LJ-14
    4.54474e+03    1.25772e+04    1.57565e+04    7.65658e+02    5.78795e+03
     Coulomb-14        LJ (SR)  Disper. corr.   Coulomb (SR)   Coul. recip.
    4.82287e+04    1.45778e+05   -8.34215e+03   -1.11291e+06    5.28966e+03
 Position Rest.      Potential    Kinetic En.   Total Energy  Conserved En.
    1.41329e+03   -8.81113e+05    1.51104e+05   -7.30010e+05   -7.25690e+05
    Temperature Pres. DC (bar) Pressure (bar)   Constr. rmsd
    3.01882e+02   -2.38046e+02   -1.55991e+02    0.00000e+00

           Step           Time
          34500       69.00000

   Energies (kJ/mol)
           Bond          Angle    Proper Dih. Per. Imp. Dih.          LJ-14
    4.89064e+03    1.23325e+04    1.57817e+04    7.90635e+02    5.75921e+03
     Coulomb-14        LJ (SR)  Disper. corr.   Coulomb (SR)   Coul. recip.
    4.82964e+04    1.48035e+05   -8.35353e+03   -1.11526e+06    5.42428e+03
 Position Rest.      Potential    Kinetic En.   Total Energy  Conserved En.
    1.56016e+03   -8.80741e+05    1.50826e+05   -7.29915e+05   -7.25620e+05
    Temperature Pres. DC (bar) Pressure (bar)   Constr. rmsd
    3.01328e+02   -2.38695e+02    7.33889e+02    0.00000e+00

           Step           Time
          35000       70.00000

   Energies (kJ/mol)
           Bond          Angle    Proper Dih. Per. Imp. Dih.          LJ-14
    4.74310e+03    1.24628e+04    1.58413e+04    7.72983e+02    5.92030e+03
     Coulomb-14        LJ (SR)  Disper. corr.   Coulomb (SR)   Coul. recip.
    4.82323e+04    1.47133e+05   -8.35425e+03   -1.11324e+06    5.28546e+03
 Position Rest.      Potential    Kinetic En.   Total Energy  Conserved En.
    1.55012e+03   -8.79652e+05    1.49477e+05   -7.30175e+05   -7.25596e+05
    Temperature Pres. DC (bar) Pressure (bar)   Constr. rmsd
    2.98632e+02   -2.38736e+02   -1.17480e+01    0.00000e+00

           Step           Time
          35500       71.00000

   Energies (kJ/mol)
           Bond          Angle    Proper Dih. Per. Imp. Dih.          LJ-14
    4.81997e+03    1.22764e+04    1.59261e+04    7.92597e+02    5.72377e+03
     Coulomb-14        LJ (SR)  Disper. corr.   Coulomb (SR)   Coul. recip.
    4.82148e+04    1.45354e+05   -8.35281e+03   -1.11063e+06    5.39851e+03
 Position Rest.      Potential    Kinetic En.   Total Energy  Conserved En.
    1.42123e+03   -8.79060e+05    1.49456e+05   -7.29604e+05   -7.25604e+05
    Temperature Pres. DC (bar) Pressure (bar)   Constr. rmsd
    2.98591e+02   -2.38654e+02   -6.42366e+01    0.00000e+00

           Step           Time
          36000       72.00000

   Energies (kJ/mol)
           Bond          Angle    Proper Dih. Per. Imp. Dih.          LJ-14
    4.58717e+03    1.23018e+04    1.58125e+04    8.42365e+02    5.88778e+03
     Coulomb-14        LJ (SR)  Disper. corr.   Coulomb (SR)   Coul. recip.
    4.83529e+04    1.47687e+05   -8.33549e+03   -1.11397e+06    5.49652e+03
 Position Rest.      Potential    Kinetic En.   Total Energy  Conserved En.
    1.49720e+03   -8.79842e+05    1.50716e+05   -7.29126e+05   -7.25581e+05
    Temperature Pres. DC (bar) Pressure (bar)   Constr. rmsd
    3.01107e+02   -2.37666e+02    1.12520e+02    0.00000e+00

           Step           Time
          36500       73.00000

   Energies (kJ/mol)
           Bond          Angle    Proper Dih. Per. Imp. Dih.          LJ-14
    4.61046e+03    1.21203e+04    1.57364e+04    7.79763e+02    5.89872e+03
     Coulomb-14        LJ (SR)  Disper. corr.   Coulomb (SR)   Coul. recip.
    4.83001e+04    1.45058e+05   -8.34071e+03   -1.11216e+06    5.38339e+03
 Position Rest.      Potential    Kinetic En.   Total Energy  Conserved En.
    1.50723e+03   -8.81109e+05    1.49585e+05   -7.31524e+05   -7.25587e+05
    Temperature Pres. DC (bar) Pressure (bar)   Constr. rmsd
    2.98848e+02   -2.37964e+02   -1.45385e+02    0.00000e+00

           Step           Time
          37000       74.00000

   Energies (kJ/mol)
           Bond          Angle    Proper Dih. Per. Imp. Dih.          LJ-14
    4.81702e+03    1.21238e+04    1.56971e+04    7.86089e+02    5.79718e+03
     Coulomb-14        LJ (SR)  Disper. corr.   Coulomb (SR)   Coul. recip.
    4.83088e+04    1.48883e+05   -8.35460e+03   -1.11630e+06    5.43788e+03
 Position Rest.      Potential    Kinetic En.   Total Energy  Conserved En.
    1.50837e+03   -8.81294e+05    1.50843e+05   -7.30451e+05   -7.25515e+05
    Temperature Pres. DC (bar) Pressure (bar)   Constr. rmsd
    3.01361e+02   -2.38756e+02    5.80151e+02    0.00000e+00

           Step           Time
          37500       75.00000

   Energies (kJ/mol)
           Bond          Angle    Proper Dih. Per. Imp. Dih.          LJ-14
    4.66270e+03    1.23333e+04    1.57312e+04    8.00497e+02    5.80562e+03
     Coulomb-14        LJ (SR)  Disper. corr.   Coulomb (SR)   Coul. recip.
    4.81289e+04    1.47451e+05   -8.33933e+03   -1.11459e+06    5.27323e+03
 Position Rest.      Potential    Kinetic En.   Total Energy  Conserved En.
    1.40313e+03   -8.81341e+05    1.49303e+05   -7.32038e+05   -7.25534e+05
    Temperature Pres. DC (bar) Pressure (bar)   Constr. rmsd
    2.98285e+02   -2.37885e+02    2.08468e+02    0.00000e+00

           Step           Time
          38000       76.00000

   Energies (kJ/mol)
           Bond          Angle    Proper Dih. Per. Imp. Dih.          LJ-14
    4.65094e+03    1.23422e+04    1.56405e+04    7.68428e+02    5.77918e+03
     Coulomb-14        LJ (SR)  Disper. corr.   Coulomb (SR)   Coul. recip.
    4.80521e+04    1.47448e+05   -8.34796e+03   -1.11357e+06    5.47635e+03
 Position Rest.      Potential    Kinetic En.   Total Energy  Conserved En.
    1.54802e+03   -8.80213e+05    1.50703e+05   -7.29510e+05   -7.25571e+05
    Temperature Pres. DC (bar) Pressure (bar)   Constr. rmsd
    3.01082e+02   -2.38377e+02    6.42793e+01    0.00000e+00

           Step           Time
          38500       77.00000

   Energies (kJ/mol)
           Bond          Angle    Proper Dih. Per. Imp. Dih.          LJ-14
    4.61948e+03    1.24369e+04    1.57463e+04    7.58975e+02    5.80200e+03
     Coulomb-14        LJ (SR)  Disper. corr.   Coulomb (SR)   Coul. recip.
    4.79987e+04    1.47895e+05   -8.33131e+03   -1.11431e+06    5.37865e+03
 Position Rest.      Potential    Kinetic En.   Total Energy  Conserved En.
    1.48379e+03   -8.80519e+05    1.50241e+05   -7.30278e+05   -7.25532e+05
    Temperature Pres. DC (bar) Pressure (bar)   Constr. rmsd
    3.00159e+02   -2.37429e+02    1.87012e+02    0.00000e+00

           Step           Time
          39000       78.00000

   Energies (kJ/mol)
           Bond          Angle    Proper Dih. Per. Imp. Dih.          LJ-14
    4.61084e+03    1.22055e+04    1.58579e+04    7.65911e+02    5.88091e+03
     Coulomb-14        LJ (SR)  Disper. corr.   Coulomb (SR)   Coul. recip.
    4.82918e+04    1.48959e+05   -8.34317e+03   -1.11542e+06    5.34564e+03
 Position Rest.      Potential    Kinetic En.   Total Energy  Conserved En.
    1.56100e+03   -8.80280e+05    1.50297e+05   -7.29983e+05   -7.25500e+05
    Temperature Pres. DC (bar) Pressure (bar)   Constr. rmsd
    3.00270e+02   -2.38104e+02    3.96932e+02    0.00000e+00

           Step           Time
          39500       79.00000

   Energies (kJ/mol)
           Bond          Angle    Proper Dih. Per. Imp. Dih.          LJ-14
    4.75988e+03    1.24051e+04    1.56377e+04    7.35461e+02    5.87448e+03
     Coulomb-14        LJ (SR)  Disper. corr.   Coulomb (SR)   Coul. recip.
    4.81035e+04    1.47263e+05   -8.30809e+03   -1.11279e+06    5.40586e+03
 Position Rest.      Potential    Kinetic En.   Total Energy  Conserved En.
    1.48463e+03   -8.79432e+05    1.49343e+05   -7.30089e+05   -7.25480e+05
    Temperature Pres. DC (bar) Pressure (bar)   Constr. rmsd
    2.98364e+02   -2.36108e+02   -4.17348e+02    0.00000e+00

           Step           Time
          40000       80.00000

   Energies (kJ/mol)
           Bond          Angle    Proper Dih. Per. Imp. Dih.          LJ-14
    4.69674e+03    1.22093e+04    1.56951e+04    8.03737e+02    5.75625e+03
     Coulomb-14        LJ (SR)  Disper. corr.   Coulomb (SR)   Coul. recip.
    4.80343e+04    1.46321e+05   -8.33159e+03   -1.11294e+06    5.47285e+03
 Position Rest.      Potential    Kinetic En.   Total Energy  Conserved En.
    1.52956e+03   -8.80752e+05    1.49986e+05   -7.30766e+05   -7.25468e+05
    Temperature Pres. DC (bar) Pressure (bar)   Constr. rmsd
    2.99650e+02   -2.37444e+02   -1.09054e+02    0.00000e+00

           Step           Time
          40500       81.00000

   Energies (kJ/mol)
           Bond          Angle    Proper Dih. Per. Imp. Dih.          LJ-14
    4.62504e+03    1.21807e+04    1.57168e+04    7.75282e+02    5.84561e+03
     Coulomb-14        LJ (SR)  Disper. corr.   Coulomb (SR)   Coul. recip.
    4.81511e+04    1.46443e+05   -8.33010e+03   -1.11377e+06    5.31502e+03
 Position Rest.      Potential    Kinetic En.   Total Energy  Conserved En.
    1.49845e+03   -8.81551e+05    1.49051e+05   -7.32500e+05   -7.25423e+05
    Temperature Pres. DC (bar) Pressure (bar)   Constr. rmsd
    2.97781e+02   -2.37359e+02    6.96442e+00    0.00000e+00

           Step           Time
          41000       82.00000

   Energies (kJ/mol)
           Bond          Angle    Proper Dih. Per. Imp. Dih.          LJ-14
    4.70962e+03    1.23430e+04    1.57045e+04    7.66022e+02    5.81987e+03
     Coulomb-14        LJ (SR)  Disper. corr.   Coulomb (SR)   Coul. recip.
    4.80237e+04    1.48272e+05   -8.35929e+03   -1.11549e+06    5.31943e+03
 Position Rest.      Potential    Kinetic En.   Total Energy  Conserved En.
    1.49689e+03   -8.81389e+05    1.50930e+05   -7.30459e+05   -7.25406e+05
    Temperature Pres. DC (bar) Pressure (bar)   Constr. rmsd
    3.01535e+02   -2.39024e+02    2.53300e+02    0.00000e+00

           Step           Time
          41500       83.00000

   Energies (kJ/mol)
           Bond          Angle    Proper Dih. Per. Imp. Dih.          LJ-14
    4.77215e+03    1.22108e+04    1.58110e+04    7.65883e+02    5.77840e+03
     Coulomb-14        LJ (SR)  Disper. corr.   Coulomb (SR)   Coul. recip.
    4.78155e+04    1.45795e+05   -8.34380e+03   -1.11321e+06    5.28712e+03
 Position Rest.      Potential    Kinetic En.   Total Energy  Conserved En.
    1.48795e+03   -8.81827e+05    1.50721e+05   -7.31106e+05   -7.25385e+05
    Temperature Pres. DC (bar) Pressure (bar)   Constr. rmsd
    3.01118e+02   -2.38140e+02   -2.59844e+02    0.00000e+00

           Step           Time
          42000       84.00000

   Energies (kJ/mol)
           Bond          Angle    Proper Dih. Per. Imp. Dih.          LJ-14
    4.50614e+03    1.22614e+04    1.57100e+04    7.54798e+02    5.97151e+03
     Coulomb-14        LJ (SR)  Disper. corr.   Coulomb (SR)   Coul. recip.
    4.80745e+04    1.46861e+05   -8.34283e+03   -1.11456e+06    5.38745e+03
 Position Rest.      Potential    Kinetic En.   Total Energy  Conserved En.
    1.48455e+03   -8.81893e+05    1.50407e+05   -7.31486e+05   -7.25339e+05
    Temperature Pres. DC (bar) Pressure (bar)   Constr. rmsd
    3.00491e+02   -2.38084e+02   -1.13971e+02    0.00000e+00

           Step           Time
          42500       85.00000

   Energies (kJ/mol)
           Bond          Angle    Proper Dih. Per. Imp. Dih.          LJ-14
    4.64404e+03    1.24280e+04    1.58731e+04    7.78129e+02    5.80142e+03
     Coulomb-14        LJ (SR)  Disper. corr.   Coulomb (SR)   Coul. recip.
    4.78243e+04    1.48448e+05   -8.33356e+03   -1.11547e+06    5.27642e+03
 Position Rest.      Potential    Kinetic En.   Total Energy  Conserved En.
    1.45182e+03   -8.81282e+05    1.49954e+05   -7.31328e+05   -7.25287e+05
    Temperature Pres. DC (bar) Pressure (bar)   Constr. rmsd
    2.99584e+02   -2.37557e+02    3.77738e+02    0.00000e+00

           Step           Time
          43000       86.00000

   Energies (kJ/mol)
           Bond          Angle    Proper Dih. Per. Imp. Dih.          LJ-14
    4.55872e+03    1.26887e+04    1.57900e+04    7.87525e+02    5.80773e+03
     Coulomb-14        LJ (SR)  Disper. corr.   Coulomb (SR)   Coul. recip.
    4.78296e+04    1.47505e+05   -8.34379e+03   -1.11361e+06    5.39711e+03
 Position Rest.      Potential    Kinetic En.   Total Energy  Conserved En.
    1.52536e+03   -8.80068e+05    1.50945e+05   -7.29123e+05   -7.25292e+05
    Temperature Pres. DC (bar) Pressure (bar)   Constr. rmsd
    3.01565e+02   -2.38139e+02   -3.47247e+01    0.00000e+00

           Step           Time
          43500       87.00000

   Energies (kJ/mol)
           Bond          Angle    Proper Dih. Per. Imp. Dih.          LJ-14
    4.78196e+03    1.23233e+04    1.58820e+04    8.36404e+02    5.78372e+03
     Coulomb-14        LJ (SR)  Disper. corr.   Coulomb (SR)   Coul. recip.
    4.81406e+04    1.47434e+05   -8.37510e+03   -1.11254e+06    5.39000e+03
 Position Rest.      Potential    Kinetic En.   Total Energy  Conserved En.
    1.56859e+03   -8.78771e+05    1.51088e+05   -7.27683e+05   -7.25258e+05
    Temperature Pres. DC (bar) Pressure (bar)   Constr. rmsd
    3.01851e+02   -2.39928e+02    2.88003e+02    0.00000e+00

           Step           Time
          44000       88.00000

   Energies (kJ/mol)
           Bond          Angle    Proper Dih. Per. Imp. Dih.          LJ-14
    4.61940e+03    1.24624e+04    1.57567e+04    7.42038e+02    5.90093e+03
     Coulomb-14        LJ (SR)  Disper. corr.   Coulomb (SR)   Coul. recip.
    4.81190e+04    1.45227e+05   -8.33575e+03   -1.10907e+06    5.35269e+03
 Position Rest.      Potential    Kinetic En.   Total Energy  Conserved En.
    1.52074e+03   -8.77700e+05    1.49899e+05   -7.27800e+05   -7.25246e+05
    Temperature Pres. DC (bar) Pressure (bar)   Constr. rmsd
    2.99476e+02   -2.37681e+02    2.16144e+02    0.00000e+00

           Step           Time
          44500       89.00000

   Energies (kJ/mol)
           Bond          Angle    Proper Dih. Per. Imp. Dih.          LJ-14
    4.71769e+03    1.23061e+04    1.58286e+04    7.80823e+02    5.76487e+03
     Coulomb-14        LJ (SR)  Disper. corr.   Coulomb (SR)   Coul. recip.
    4.81148e+04    1.46493e+05   -8.39058e+03   -1.11417e+06    5.26121e+03
 Position Rest.      Potential    Kinetic En.   Total Energy  Conserved En.
    1.55695e+03   -8.81735e+05    1.50006e+05   -7.31729e+05   -7.25195e+05
    Temperature Pres. DC (bar) Pressure (bar)   Constr. rmsd
    2.99689e+02   -2.40814e+02    3.52326e+02    0.00000e+00

           Step           Time
          45000       90.00000

Writing checkpoint, step 45000 at Sat Apr 19 23:22:53 2025


   Energies (kJ/mol)
           Bond          Angle    Proper Dih. Per. Imp. Dih.          LJ-14
    4.82575e+03    1.26344e+04    1.56199e+04    7.40096e+02    5.89103e+03
     Coulomb-14        LJ (SR)  Disper. corr.   Coulomb (SR)   Coul. recip.
    4.80802e+04    1.46354e+05   -8.32388e+03   -1.11230e+06    5.35067e+03
 Position Rest.      Potential    Kinetic En.   Total Energy  Conserved En.
    1.53846e+03   -8.79587e+05    1.49992e+05   -7.29595e+05   -7.25118e+05
    Temperature Pres. DC (bar) Pressure (bar)   Constr. rmsd
    2.99661e+02   -2.37005e+02   -2.78843e+02    0.00000e+00


Energy conservation over simulation part #1 of length 90 ps, time 0 to 90 ps
  Conserved energy drift: 4.40e-04 kJ/mol/ps per atom


	<======  ###############  ==>
	<====  A V E R A G E S  ====>
	<==  ###############  ======>

	Statistics over 45001 steps using 451 frames

   Energies (kJ/mol)
           Bond          Angle    Proper Dih. Per. Imp. Dih.          LJ-14
    4.68345e+03    1.24091e+04    1.57868e+04    7.78581e+02    5.82450e+03
     Coulomb-14        LJ (SR)  Disper. corr.   Coulomb (SR)   Coul. recip.
    4.80914e+04    1.46654e+05   -8.33396e+03   -1.11276e+06    5.34756e+03
 Position Rest.      Potential    Kinetic En.   Total Energy  Conserved En.
    1.47162e+03   -8.80046e+05    1.50184e+05   -7.29862e+05   -7.26255e+05
    Temperature Pres. DC (bar) Pressure (bar)   Constr. rmsd
    3.00044e+02   -2.37580e+02    1.48550e+01    0.00000e+00

          Box-X          Box-Y          Box-Z
    9.11613e+00    8.59477e+00    7.44328e+00

   Total Virial (kJ/mol)
    5.28101e+04    2.61846e+01    4.52751e+01
    2.61865e+01    4.23017e+04   -8.27840e+01
    4.52764e+01   -8.27767e+01    5.43048e+04

   Pressure (bar)
   -1.59257e+02   -3.55703e+00   -3.49239e+00
   -3.55713e+00    4.43956e+02    2.87490e+00
   -3.49246e+00    2.87449e+00   -2.40134e+02

T-Protein_OtherT-Water_and_ions
    3.00320e+02    3.00005e+02


	M E G A - F L O P S   A C C O U N T I N G

 NB=Group-cutoff nonbonded kernels    NxN=N-by-N cluster Verlet kernels
 RF=Reaction-Field  VdW=Van der Waals  QSTab=quadratic-spline table
 W3=SPC/TIP3p  W4=TIP4p (single or pairs)
 V&F=Potential and force  V=Potential only  F=Force only

 Computing:                               M-Number         M-Flops  % Flops
-----------------------------------------------------------------------------
 Pair Search distance check            2633.176992       23698.593     0.0
 NxN Ewald Elec. + LJ [F]           2641083.407424   174311504.890    98.2
 NxN Ewald Elec. + LJ [V&F]           26736.562880     2860812.228     1.6
 1,4 nonbonded interactions             711.780817       64060.274     0.0
 Shift-X                                 26.469641         158.818     0.0
 Bonds                                  138.333074        8161.651     0.0
 Angles                                 494.515989       83078.686     0.0
 Propers                                760.336896      174117.149     0.1
 Impropers                               52.651170       10951.443     0.0
 Pos. Restr.                            135.453010        6772.651     0.0
 Virial                                 105.783536        1904.104     0.0
 Stop-CM                                 26.469641         264.696     0.0
 Calc-Ekin                             1056.555382       28526.995     0.0
-----------------------------------------------------------------------------
 Total                                               177574012.178   100.0
-----------------------------------------------------------------------------


      R E A L   C Y C L E   A N D   T I M E   A C C O U N T I N G

On 1 MPI rank, each using 12 OpenMP threads

 Activity:              Num   Num      Call    Wall time         Giga-Cycles
                        Ranks Threads  Count      (s)         total sum    %
--------------------------------------------------------------------------------
 Neighbor search           1   12        451       5.234        138.692   1.9
 Launch PP GPU ops.        1   12      89551      11.924        315.949   4.3
 Force                     1   12      45001     108.232       2867.746  39.2
 PME GPU mesh              1   12      45001       7.022        186.056   2.5
 Wait GPU NB local         1   12      45001       2.917         77.276   1.1
 Wait GPU state copy       1   12      64803     109.555       2902.780  39.6
 NB X/F buffer ops.        1   12       1801       1.610         42.671   0.6
 Write traj.               1   12         91       4.577        121.271   1.7
 Rest                                             25.310        670.615   9.2
--------------------------------------------------------------------------------
 Total                                           276.381       7323.057 100.0
--------------------------------------------------------------------------------
 Breakdown of PME mesh activities
--------------------------------------------------------------------------------
 Wait PME GPU gather       1   12      45001       0.506         13.398   0.2
 Reduce GPU PME F          1   12      45001       1.370         36.310   0.5
 Launch PME GPU ops.       1   12     405009       4.863        128.844   1.8
--------------------------------------------------------------------------------

               Core t (s)   Wall t (s)        (%)
       Time:     3316.550      276.381     1200.0
                 (ns/day)    (hour/ns)
Performance:       28.136        0.853
Finished mdrun on rank 0 Sat Apr 19 23:22:54 2025

