2025-10-31 03:12:48,946 [MainThread  ] [INFO ]                 :-) GROMACS - gmx trjconv, 2024.5-conda_forge (-:

Executable:   /usr/local/bin.AVX2_256/gmx
Data prefix:  /usr/local
Working dir:  /host_pwd/levparc2015C
Command line:
  gmx trjconv -f /host_pwd/levparc2015C/sandbox_fa000f71-444b-46e8-ab43-b6a45bfb04fd/prot_levparc2015C_pdb2gmx.gro -s /host_pwd/levparc2015C/sandbox_fa000f71-444b-46e8-ab43-b6a45bfb04fd/prot_levparc2015C_pdb2gmx.gro -o /host_pwd/levparc2015C/sandbox_fa000f71-444b-46e8-ab43-b6a45bfb04fd/prot_levparc2015C_LEV_complex_H.pdb -nocenter

Will write pdb: Protein data bank file
Group     0 (         System) has 22354 elements
Group     1 (        Protein) has 22354 elements
Group     2 (      Protein-H) has 11100 elements
Group     3 (        C-alpha) has  1430 elements
Group     4 (       Backbone) has  4290 elements
Group     5 (      MainChain) has  5722 elements
Group     6 (   MainChain+Cb) has  7036 elements
Group     7 (    MainChain+H) has  7072 elements
Group     8 (      SideChain) has 15282 elements
Group     9 (    SideChain-H) has  5378 elements
Select a group: Reading frames from gro file 'GROtesk MACabre and Sinister', 22354 atoms.
Reading frame       0 time    0.000   
Precision of /host_pwd/levparc2015C/sandbox_fa000f71-444b-46e8-ab43-b6a45bfb04fd/prot_levparc2015C_pdb2gmx.gro is 0.001 (nm)
Last frame          0 time    0.000   
 ->  frame      0 time    0.000      
Last written: frame      0 time    0.000


GROMACS reminds you: "I never thought of stopping, and I just hated sleeping. I can't imagine having a better life." (Barbara McClintock)


