2025-10-31 03:11:56,106 [MainThread  ] [INFO ]  Module: biobb_chemistry.acpype.acpype_params_gmx Version: 5.1.0
2025-10-31 03:11:56,107 [MainThread  ] [INFO ]  /host_pwd/levparc2015C/sandbox_c0f6b8cd-8453-4cf1-b703-b3cee244c57f directory successfully created
2025-10-31 03:11:56,110 [MainThread  ] [INFO ]  Copy: /host_pwd/levparc2015C/LEV.H.min.mol2 to /host_pwd/levparc2015C/sandbox_c0f6b8cd-8453-4cf1-b703-b3cee244c57f
2025-10-31 03:11:56,110 [MainThread  ] [INFO ]  acpype -i /host_pwd/levparc2015C/sandbox_c0f6b8cd-8453-4cf1-b703-b3cee244c57f/LEV.H.min.mol2 -b LEVparams.QmiA8A -n 0

2025-10-31 03:12:47,902 [MainThread  ] [INFO ]  Executing: acpype -i /host_pwd/levparc2015C/sandbox_c0f6b8cd-8453-4cf1-b703-b3cee244c57f/LE...
2025-10-31 03:12:47,903 [MainThread  ] [INFO ]  Exit code: 0
2025-10-31 03:12:47,903 [MainThread  ] [INFO ]  ============================================================================
| ACPYPE: AnteChamber PYthon Parser interfacE v. 2023.10.27 (c) 2025 AWSdS |
============================================================================
==> ... charge set to 0
==> Executing Antechamber...
==> * Antechamber OK *
==> * Parmchk OK *
==> Executing Tleap...
==> * Tleap OK *
==> Removing temporary files...
==> Using OpenBabel v.3.1.0

==> Writing NEW PDB file

==> Writing CNS/XPLOR files

==> Writing GROMACS files

==> Disambiguating lower and uppercase atomtypes in GMX top file, even if identical.

==> Writing GMX dihedrals for GMX 4.5 and higher.

==> Writing CHARMM files

==> Writing pickle file LEVparams.QmiA8A.pkl
==> Removing temporary files...
Total time of execution: 51s

2025-10-31 03:12:47,911 [MainThread  ] [INFO ]  File LEVparams.gro succesfully created
2025-10-31 03:12:47,917 [MainThread  ] [INFO ]  File LEVparams.top succesfully created
2025-10-31 03:12:47,924 [MainThread  ] [INFO ]  File LEVparams.itp succesfully created
2025-10-31 03:12:47,942 [MainThread  ] [INFO ]  Removed: ['/host_pwd/levparc2015C/sandbox_c0f6b8cd-8453-4cf1-b703-b3cee244c57f', 'LEVparams.QmiA8A.acpype']
2025-10-31 03:12:47,942 [MainThread  ] [INFO ]  
