2025-10-31 03:12:49,358 [MainThread  ] [INFO ]  Module: biobb_gromacs.gromacs_extra.append_ligand Version: 5.1.1
2025-10-31 03:12:49,429 [MainThread  ] [INFO ]  Extracting: /host_pwd/levparc2015C/prot_levparc2015C_pdb2gmx_top.zip
2025-10-31 03:12:49,429 [MainThread  ] [INFO ]  to:
2025-10-31 03:12:49,429 [MainThread  ] [INFO ]  ['704cf519-7687-4c00-b1cc-6422bdc5ee8c/p2g.top', '704cf519-7687-4c00-b1cc-6422bdc5ee8c/p2g_Protein_chain_A.itp', '704cf519-7687-4c00-b1cc-6422bdc5ee8c/p2g_Protein_chain_B.itp', '704cf519-7687-4c00-b1cc-6422bdc5ee8c/posre_Protein_chain_A.itp', '704cf519-7687-4c00-b1cc-6422bdc5ee8c/posre_Protein_chain_B.itp']
2025-10-31 03:12:49,429 [MainThread  ] [INFO ]  Unzipping: 
2025-10-31 03:12:49,429 [MainThread  ] [INFO ]  prot_levparc2015C_pdb2gmx_top.zip
2025-10-31 03:12:49,429 [MainThread  ] [INFO ]  To: 
2025-10-31 03:12:49,429 [MainThread  ] [INFO ]  704cf519-7687-4c00-b1cc-6422bdc5ee8c/p2g.top
2025-10-31 03:12:49,429 [MainThread  ] [INFO ]  704cf519-7687-4c00-b1cc-6422bdc5ee8c/p2g_Protein_chain_A.itp
2025-10-31 03:12:49,429 [MainThread  ] [INFO ]  704cf519-7687-4c00-b1cc-6422bdc5ee8c/p2g_Protein_chain_B.itp
2025-10-31 03:12:49,429 [MainThread  ] [INFO ]  704cf519-7687-4c00-b1cc-6422bdc5ee8c/posre_Protein_chain_A.itp
2025-10-31 03:12:49,429 [MainThread  ] [INFO ]  704cf519-7687-4c00-b1cc-6422bdc5ee8c/posre_Protein_chain_B.itp
2025-10-31 03:12:49,437 [MainThread  ] [INFO ]  Compressing topology to: prot_levparc2015C_LEV_complex.top.zip
2025-10-31 03:12:49,438 [MainThread  ] [INFO ]  Ignored file 704cf519-7687-4c00-b1cc-6422bdc5ee8c/amber99sb-ildn.ff/forcefield.itp
2025-10-31 03:12:49,563 [MainThread  ] [INFO ]  Ignored file 704cf519-7687-4c00-b1cc-6422bdc5ee8c/amber99sb-ildn.ff/spce.itp
2025-10-31 03:12:49,563 [MainThread  ] [INFO ]  Ignored file 704cf519-7687-4c00-b1cc-6422bdc5ee8c/amber99sb-ildn.ff/ions.itp
2025-10-31 03:12:49,602 [MainThread  ] [INFO ]  Adding:
2025-10-31 03:12:49,603 [MainThread  ] [INFO ]  ['704cf519-7687-4c00-b1cc-6422bdc5ee8c/LEV_posres.itp', '704cf519-7687-4c00-b1cc-6422bdc5ee8c/LEVparams.itp', '704cf519-7687-4c00-b1cc-6422bdc5ee8c/ligand.top', '704cf519-7687-4c00-b1cc-6422bdc5ee8c/p2g_Protein_chain_A.itp', '704cf519-7687-4c00-b1cc-6422bdc5ee8c/p2g_Protein_chain_B.itp', '704cf519-7687-4c00-b1cc-6422bdc5ee8c/posre_Protein_chain_A.itp', '704cf519-7687-4c00-b1cc-6422bdc5ee8c/posre_Protein_chain_B.itp']
2025-10-31 03:12:49,603 [MainThread  ] [INFO ]  to: /host_pwd/levparc2015C/prot_levparc2015C_LEV_complex.top.zip
2025-10-31 03:12:49,626 [MainThread  ] [INFO ]  Removed: ['704cf519-7687-4c00-b1cc-6422bdc5ee8c/LEVparams.itp', '704cf519-7687-4c00-b1cc-6422bdc5ee8c/LEV_posres.itp', '704cf519-7687-4c00-b1cc-6422bdc5ee8c/posre_Protein_chain_A.itp', '704cf519-7687-4c00-b1cc-6422bdc5ee8c/p2g_Protein_chain_A.itp', '704cf519-7687-4c00-b1cc-6422bdc5ee8c/posre_Protein_chain_B.itp', '704cf519-7687-4c00-b1cc-6422bdc5ee8c/p2g_Protein_chain_B.itp', '704cf519-7687-4c00-b1cc-6422bdc5ee8c/ligand.top']
2025-10-31 03:12:49,627 [MainThread  ] [INFO ]  Removed: ['704cf519-7687-4c00-b1cc-6422bdc5ee8c']
2025-10-31 03:12:49,627 [MainThread  ] [INFO ]  
