                :-) GROMACS - gmx mdrun, 2024.5-conda_forge (-:

Copyright 1991-2024 The GROMACS Authors.
GROMACS is free software; you can redistribute it and/or modify it
under the terms of the GNU Lesser General Public License
as published by the Free Software Foundation; either version 2.1
of the License, or (at your option) any later version.

                         Current GROMACS contributors:
       Mark Abraham           Andrey Alekseenko           Vladimir Basov      
      Cathrine Bergh            Eliane Briand               Ania Brown        
      Mahesh Doijade            Giacomo Fiorin          Stefan Fleischmann    
      Sergey Gorelov         Gilles Gouaillardet            Alan Gray         
     M. Eric Irrgang         Farzaneh Jalalypour            Joe Jordan        
     Carsten Kutzner           Justin A. Lemkul          Magnus Lundborg      
       Pascal Merz              Vedran Miletic            Dmitry Morozov      
       Julien Nabet              Szilard Pall        Andrea Pasquadibisceglie 
    Michele Pellegrino          Hubert Santuz             Roland Schulz       
     Tatiana Shugaeva          Alexey Shvetsov            Philip Turner       
     Alessandra Villa      Sebastian Wingbermuehle  

                         Previous GROMACS contributors:
        Emile Apol             Rossen Apostolov           James Barnett       
        Paul Bauer          Herman J.C. Berendsen          Par Bjelkmar       
      Christian Blau          Viacheslav Bolnykh            Kevin Boyd        
    Aldert van Buuren          Carlo Camilloni           Rudi van Drunen      
      Anton Feenstra           Oliver Fleetwood            Vytas Gapsys       
       Gaurav Garg             Gerrit Groenhof            Bert de Groot       
      Anca Hamuraru           Vincent Hindriksen          Victor Holanda      
     Aleksei Iupinov          Christoph Junghans        Prashanth Kanduri     
   Dimitrios Karkoulis           Peter Kasson             Sebastian Kehl      
     Sebastian Keller             Jiri Kraus               Per Larsson        
      Viveca Lindahl            Erik Marklund           Pieter Meulenhoff     
      Teemu Murtola              Sander Pronk             Michael Shirts      
      Alfons Sijbers            Balint Soproni         David van der Spoel    
      Peter Tieleman            Carsten Uphoff             Jon Vincent        
     Teemu Virolainen         Christian Wennberg           Maarten Wolf       
      Artem Zhmurov       

                  Coordinated by the GROMACS project leaders:
                           Berk Hess and Erik Lindahl

GROMACS:      gmx mdrun, version 2024.5-conda_forge
Executable:   /usr/local/bin.AVX2_256/gmx
Data prefix:  /usr/local
Working dir:  /host_pwd/levparc2015C/sandbox_662f10a4-cb59-4007-800c-032913bb9e4d
Process ID:   105955
Command line:
  gmx -nobackup -nocopyright mdrun -s /host_pwd/levparc2015C/sandbox_662f10a4-cb59-4007-800c-032913bb9e4d/prot_levparc2015C_LEVgppnvt.tpr -c /host_pwd/levparc2015C/sandbox_662f10a4-cb59-4007-800c-032913bb9e4d/prot_levparc2015C_LEV_nvt.gro -e /host_pwd/levparc2015C/sandbox_662f10a4-cb59-4007-800c-032913bb9e4d/prot_levparc2015C_LEV_nvt.edr -g /host_pwd/levparc2015C/sandbox_662f10a4-cb59-4007-800c-032913bb9e4d/prot_levparc2015C_LEV_nvt.log -o /host_pwd/levparc2015C/sandbox_662f10a4-cb59-4007-800c-032913bb9e4d/prot_levparc2015C_LEV_nvt.trr -cpo /host_pwd/levparc2015C/sandbox_662f10a4-cb59-4007-800c-032913bb9e4d/prot_levparc2015C_LEV_nvt.cpt

GROMACS version:     2024.5-conda_forge
Precision:           mixed
Memory model:        64 bit
MPI library:         thread_mpi
OpenMP support:      enabled (GMX_OPENMP_MAX_THREADS = 128)
GPU support:         CUDA
NBNxM GPU setup:     super-cluster 2x2x2 / cluster 8
SIMD instructions:   AVX2_256
CPU FFT library:     fftw-3.3.10-sse2-avx
GPU FFT library:     cuFFT
Multi-GPU FFT:       none
RDTSCP usage:        disabled
TNG support:         enabled
Hwloc support:       disabled
Tracing support:     disabled
C compiler:          /home/conda/feedstock_root/build_artifacts/gromacs_1737880200488/_build_env/bin/x86_64-conda-linux-gnu-cc GNU 11.4.0
C compiler flags:    -fexcess-precision=fast -funroll-all-loops -mavx2 -mfma -Wno-missing-field-initializers -O3 -DNDEBUG
C++ compiler:        /home/conda/feedstock_root/build_artifacts/gromacs_1737880200488/_build_env/bin/x86_64-conda-linux-gnu-c++ GNU 11.4.0
C++ compiler flags:  -fexcess-precision=fast -funroll-all-loops -mavx2 -mfma -Wno-missing-field-initializers -Wno-cast-function-type-strict SHELL:-fopenmp -O3 -DNDEBUG
BLAS library:        Internal
LAPACK library:      Internal
CUDA compiler:       /usr/local/cuda/bin/nvcc nvcc: NVIDIA (R) Cuda compiler driver;Copyright (c) 2005-2022 NVIDIA Corporation;Built on Wed_Sep_21_10:33:58_PDT_2022;Cuda compilation tools, release 11.8, V11.8.89;Build cuda_11.8.r11.8/compiler.31833905_0
CUDA compiler flags:-std=c++17;--generate-code=arch=compute_35,code=sm_35;--generate-code=arch=compute_37,code=sm_37;--generate-code=arch=compute_50,code=sm_50;--generate-code=arch=compute_52,code=sm_52;--generate-code=arch=compute_60,code=sm_60;--generate-code=arch=compute_61,code=sm_61;--generate-code=arch=compute_70,code=sm_70;--generate-code=arch=compute_75,code=sm_75;--generate-code=arch=compute_80,code=sm_80;--generate-code=arch=compute_86,code=sm_86;--generate-code=arch=compute_89,code=sm_89;--generate-code=arch=compute_90,code=sm_90;-Wno-deprecated-gpu-targets;--generate-code=arch=compute_53,code=sm_53;--generate-code=arch=compute_80,code=sm_80;-use_fast_math;-Xptxas;-warn-double-usage;-Xptxas;-Werror;;-Xcompiler;-fopenmp;-fexcess-precision=fast -funroll-all-loops -mavx2 -mfma -Wno-missing-field-initializers -Wno-cast-function-type-strict SHELL:-fopenmp -O3 -DNDEBUG
CUDA driver:         11.70
CUDA runtime:        11.80


Running on 1 node with total 32 cores, 64 processing units, 1 compatible GPU
Hardware detected on host kuhpcgn1:
  CPU info:
    Vendor: Intel
    Brand:  Intel(R) Xeon(R) Silver 4216 CPU @ 2.10GHz
    Family: 6   Model: 85   Stepping: 7
    Features: aes apic avx avx2 avx512f avx512cd avx512bw avx512vl clfsh cmov cx8 cx16 f16c fma hle htt intel lahf mmx msr nonstop_tsc pcid pclmuldq pdcm pdpe1gb popcnt pse rdrnd rdtscp rtm sse2 sse3 sse4.1 sse4.2 ssse3 tdt x2apic
    Number of AVX-512 FMA units: 1 (For Intel, AVX2 is faster w/o 2 AVX-512 FMA units)
  Hardware topology: Basic
    Packages, cores, and logical processors:
    [indices refer to OS logical processors]
      Package  0: [   0  32] [   1  33] [   2  34] [   3  35] [   4  36] [   5  37] [   6  38] [   7  39] [   8  40] [   9  41] [  10  42] [  11  43] [  12  44] [  13  45] [  14  46] [  15  47]
      Package  1: [  16  48] [  17  49] [  18  50] [  19  51] [  20  52] [  21  53] [  22  54] [  23  55] [  24  56] [  25  57] [  26  58] [  27  59] [  28  60] [  29  61] [  30  62] [  31  63]
    CPU limit set by OS: -1   Recommended max number of threads: 64
  GPU info:
    Number of GPUs detected: 1
    #0: NVIDIA Tesla V100-PCIE-32GB, compute cap.: 7.0, ECC: yes, stat: compatible

The current CPU can measure timings more accurately than the code in
gmx mdrun was configured to use. This might affect your simulation
speed as accurate timings are needed for load-balancing.
Please consider rebuilding gmx mdrun with the GMX_USE_RDTSCP=ON CMake option.

++++ PLEASE READ AND CITE THE FOLLOWING REFERENCE ++++
M. J. Abraham, T. Murtola, R. Schulz, S. Páll, J. C. Smith, B. Hess, E.
Lindahl
GROMACS: High performance molecular simulations through multi-level
parallelism from laptops to supercomputers
SoftwareX 1 (2015) pp. 19-25
-------- -------- --- Thank You --- -------- --------


++++ PLEASE READ AND CITE THE FOLLOWING REFERENCE ++++
S. Páll, M. J. Abraham, C. Kutzner, B. Hess, E. Lindahl
Tackling Exascale Software Challenges in Molecular Dynamics Simulations with
GROMACS
In S. Markidis & E. Laure (Eds.), Solving Software Challenges for Exascale 8759 (2015) pp. 3-27
-------- -------- --- Thank You --- -------- --------


++++ PLEASE READ AND CITE THE FOLLOWING REFERENCE ++++
S. Pronk, S. Páll, R. Schulz, P. Larsson, P. Bjelkmar, R. Apostolov, M. R.
Shirts, J. C. Smith, P. M. Kasson, D. van der Spoel, B. Hess, and E. Lindahl
GROMACS 4.5: a high-throughput and highly parallel open source molecular
simulation toolkit
Bioinformatics 29 (2013) pp. 845-54
-------- -------- --- Thank You --- -------- --------


++++ PLEASE READ AND CITE THE FOLLOWING REFERENCE ++++
B. Hess and C. Kutzner and D. van der Spoel and E. Lindahl
GROMACS 4: Algorithms for highly efficient, load-balanced, and scalable
molecular simulation
J. Chem. Theory Comput. 4 (2008) pp. 435-447
-------- -------- --- Thank You --- -------- --------


++++ PLEASE READ AND CITE THE FOLLOWING REFERENCE ++++
D. van der Spoel, E. Lindahl, B. Hess, G. Groenhof, A. E. Mark and H. J. C.
Berendsen
GROMACS: Fast, Flexible and Free
J. Comp. Chem. 26 (2005) pp. 1701-1719
-------- -------- --- Thank You --- -------- --------


++++ PLEASE READ AND CITE THE FOLLOWING REFERENCE ++++
E. Lindahl and B. Hess and D. van der Spoel
GROMACS 3.0: A package for molecular simulation and trajectory analysis
J. Mol. Mod. 7 (2001) pp. 306-317
-------- -------- --- Thank You --- -------- --------


++++ PLEASE READ AND CITE THE FOLLOWING REFERENCE ++++
H. J. C. Berendsen, D. van der Spoel and R. van Drunen
GROMACS: A message-passing parallel molecular dynamics implementation
Comp. Phys. Comm. 91 (1995) pp. 43-56
-------- -------- --- Thank You --- -------- --------

Input Parameters:
   integrator                     = md
   tinit                          = 0
   dt                             = 0.002
   nsteps                         = 50000
   init-step                      = 0
   simulation-part                = 1
   mts                            = false
   mass-repartition-factor        = 1
   comm-mode                      = Linear
   nstcomm                        = 100
   bd-fric                        = 0
   ld-seed                        = -57869334
   emtol                          = 10
   emstep                         = 0.01
   niter                          = 20
   fcstep                         = 0
   nstcgsteep                     = 1000
   nbfgscorr                      = 10
   rtpi                           = 0.05
   nstxout                        = 500
   nstvout                        = 500
   nstfout                        = 0
   nstlog                         = 500
   nstcalcenergy                  = 100
   nstenergy                      = 500
   nstxout-compressed             = 1000
   compressed-x-precision         = 1000
   cutoff-scheme                  = Verlet
   nstlist                        = 10
   pbc                            = xyz
   periodic-molecules             = false
   verlet-buffer-tolerance        = 0.005
   verlet-buffer-pressure-tolerance = 0.5
   rlist                          = 1
   coulombtype                    = PME
   coulomb-modifier               = Potential-shift
   rcoulomb-switch                = 0
   rcoulomb                       = 1
   epsilon-r                      = 1
   epsilon-rf                     = inf
   vdw-type                       = Cut-off
   vdw-modifier                   = Potential-shift
   rvdw-switch                    = 0
   rvdw                           = 1
   DispCorr                       = EnerPres
   table-extension                = 1
   fourierspacing                 = 0.12
   fourier-nx                     = 240
   fourier-ny                     = 240
   fourier-nz                     = 240
   pme-order                      = 4
   ewald-rtol                     = 1e-05
   ewald-rtol-lj                  = 0.001
   lj-pme-comb-rule               = Geometric
   ewald-geometry                 = 3d
   epsilon-surface                = 0
   ensemble-temperature-setting   = constant
   ensemble-temperature           = 300
   tcoupl                         = V-rescale
   nsttcouple                     = 10
   nh-chain-length                = 0
   print-nose-hoover-chain-variables = false
   pcoupl                         = No
   refcoord-scaling               = No
   posres-com (3):
      posres-com[0]= 0.00000e+00
      posres-com[1]= 0.00000e+00
      posres-com[2]= 0.00000e+00
   posres-comB (3):
      posres-comB[0]= 0.00000e+00
      posres-comB[1]= 0.00000e+00
      posres-comB[2]= 0.00000e+00
   QMMM                           = false
qm-opts:
   ngQM                           = 0
   constraint-algorithm           = Lincs
   continuation                   = false
   Shake-SOR                      = false
   shake-tol                      = 0.0001
   lincs-order                    = 4
   lincs-iter                     = 1
   lincs-warnangle                = 30
   nwall                          = 0
   wall-type                      = 9-3
   wall-r-linpot                  = -1
   wall-atomtype[0]               = -1
   wall-atomtype[1]               = -1
   wall-density[0]                = 0
   wall-density[1]                = 0
   wall-ewald-zfac                = 3
   pull                           = false
   awh                            = false
   rotation                       = false
   interactiveMD                  = false
   disre                          = No
   disre-weighting                = Conservative
   disre-mixed                    = false
   dr-fc                          = 1000
   dr-tau                         = 0
   nstdisreout                    = 100
   orire-fc                       = 0
   orire-tau                      = 0
   nstorireout                    = 100
   free-energy                    = no
   cos-acceleration               = 0
   deform (3x3):
      deform[    0]={ 0.00000e+00,  0.00000e+00,  0.00000e+00}
      deform[    1]={ 0.00000e+00,  0.00000e+00,  0.00000e+00}
      deform[    2]={ 0.00000e+00,  0.00000e+00,  0.00000e+00}
   simulated-tempering            = false
   swapcoords                     = no
   userint1                       = 0
   userint2                       = 0
   userint3                       = 0
   userint4                       = 0
   userreal1                      = 0
   userreal2                      = 0
   userreal3                      = 0
   userreal4                      = 0
   applied-forces:
     electric-field:
       x:
         E0                       = 0
         omega                    = 0
         t0                       = 0
         sigma                    = 0
       y:
         E0                       = 0
         omega                    = 0
         t0                       = 0
         sigma                    = 0
       z:
         E0                       = 0
         omega                    = 0
         t0                       = 0
         sigma                    = 0
     density-guided-simulation:
       active                     = false
       group                      = protein
       similarity-measure         = inner-product
       atom-spreading-weight      = unity
       force-constant             = 1e+09
       gaussian-transform-spreading-width = 0.2
       gaussian-transform-spreading-range-in-multiples-of-width = 4
       reference-density-filename = reference.mrc
       nst                        = 1
       normalize-densities        = true
       adaptive-force-scaling     = false
       adaptive-force-scaling-time-constant = 4
       shift-vector               = 
       transformation-matrix      = 
     qmmm-cp2k:
       active                     = false
       qmgroup                    = System
       qmmethod                   = PBE
       qmfilenames                = 
       qmcharge                   = 0
       qmmultiplicity             = 1
     colvars:
       active                     = false
       configfile                 = 
       seed                       = -1
grpopts:
   nrdf:     55949.9  3.04573e+06
   ref-t:         300         300
   tau-t:         0.1         0.1
annealing:          No          No
annealing-npoints:           0           0
   acc:	           0           0           0
   nfreeze:           N           N           N
   energygrp-flags[  0]: 0

Changing nstlist from 10 to 100, rlist from 1 to 1.171


Update groups can not be used for this system because atoms that are (in)directly constrained together are interdispersed with other atoms

1 GPU selected for this run.
Mapping of GPU IDs to the 2 GPU tasks in the 1 rank on this node:
  PP:0,PME:0
PP tasks will do (non-perturbed) short-ranged interactions on the GPU
PP task will update and constrain coordinates on the GPU
PME tasks will do all aspects on the GPU
Using 1 MPI thread
Using 64 OpenMP threads 

System total charge: 0.000
Will do PME sum in reciprocal space for electrostatic interactions.

++++ PLEASE READ AND CITE THE FOLLOWING REFERENCE ++++
U. Essmann, L. Perera, M. L. Berkowitz, T. Darden, H. Lee and L. G. Pedersen 
A smooth particle mesh Ewald method
J. Chem. Phys. 103 (1995) pp. 8577-8592
-------- -------- --- Thank You --- -------- --------

Using a Gaussian width (1/beta) of 0.320163 nm for Ewald
Potential shift: LJ r^-12: -1.000e+00 r^-6: -1.000e+00, Ewald -1.000e-05
Initialized non-bonded Coulomb Ewald tables, spacing: 9.33e-04 size: 1073

Generated table with 1085 data points for 1-4 COUL.
Tabscale = 500 points/nm
Generated table with 1085 data points for 1-4 LJ6.
Tabscale = 500 points/nm
Generated table with 1085 data points for 1-4 LJ12.
Tabscale = 500 points/nm
Long Range LJ corr.: <C6> 2.9725e-04


Using GPU 8x8 nonbonded short-range kernels

Using a dual 8x8 pair-list setup updated with dynamic, rolling pruning:
  outer list: updated every 100 steps, buffer 0.171 nm, rlist 1.171 nm
  inner list: updated every  10 steps, buffer 0.003 nm, rlist 1.003 nm
At tolerance 0.005 kJ/mol/ps per atom, equivalent classical 1x1 list would be:
  outer list: updated every 100 steps, buffer 0.324 nm, rlist 1.324 nm
  inner list: updated every  10 steps, buffer 0.044 nm, rlist 1.044 nm

The average pressure is off by at most 0.44 bar due to missing LJ interactions

Using Lorentz-Berthelot Lennard-Jones combination rule
Removing pbc first time

Pinning threads with an auto-selected logical cpu stride of 1

Initializing LINear Constraint Solver

++++ PLEASE READ AND CITE THE FOLLOWING REFERENCE ++++
B. Hess and H. Bekker and H. J. C. Berendsen and J. G. E. M. Fraaije
LINCS: A Linear Constraint Solver for molecular simulations
J. Comp. Chem. 18 (1997) pp. 1463-1472
-------- -------- --- Thank You --- -------- --------

The number of constraints is 11286

++++ PLEASE READ AND CITE THE FOLLOWING REFERENCE ++++
S. Miyamoto and P. A. Kollman
SETTLE: An Analytical Version of the SHAKE and RATTLE Algorithms for Rigid
Water Models
J. Comp. Chem. 13 (1992) pp. 952-962
-------- -------- --- Thank You --- -------- --------


++++ PLEASE READ AND CITE THE FOLLOWING REFERENCE ++++
G. Bussi, D. Donadio and M. Parrinello
Canonical sampling through velocity rescaling
J. Chem. Phys. 126 (2007) pp. 014101
-------- -------- --- Thank You --- -------- --------

There are: 1545271 Atoms

Updating coordinates and applying constraints on the GPU.

Constraining the starting coordinates (step 0)

Constraining the coordinates at t0-dt (step 0)
Center of mass motion removal mode is Linear
We have the following groups for center of mass motion removal:
  0:  rest
RMS relative constraint deviation after constraining: 6.56e-06
Initial temperature: 301.814 K

Started mdrun on rank 0 Fri Oct 31 03:32:38 2025

           Step           Time
              0        0.00000

   Energies (kJ/mol)
           Bond          Angle    Proper Dih. Per. Imp. Dih.          LJ-14
    3.56027e+03    1.31986e+04    5.23508e+04    8.91634e+02    1.91581e+04
     Coulomb-14        LJ (SR)  Disper. corr.   Coulomb (SR)   Coul. recip.
    2.03042e+05    5.03300e+06   -1.89037e+05   -3.32611e+07    7.09281e+04
 Position Rest.      Potential    Kinetic En.   Total Energy  Conserved En.
    9.22582e-03   -2.80540e+07    3.89188e+06   -2.41621e+07   -2.41621e+07
    Temperature Pres. DC (bar) Pressure (bar)   Constr. rmsd
    3.01827e+02   -2.00070e+02   -4.88249e+03    6.55680e-06

           Step           Time
            500        1.00000

   Energies (kJ/mol)
           Bond          Angle    Proper Dih. Per. Imp. Dih.          LJ-14
    1.65899e+04    4.67733e+04    5.79244e+04    2.79460e+03    2.16090e+04
     Coulomb-14        LJ (SR)  Disper. corr.   Coulomb (SR)   Coul. recip.
    2.01928e+05    4.56455e+06   -1.89037e+05   -2.86989e+07    1.28149e+05
 Position Rest.      Potential    Kinetic En.   Total Energy  Conserved En.
    6.77365e+03   -2.38409e+07    3.82566e+06   -2.00152e+07   -2.41300e+07
    Temperature Pres. DC (bar) Pressure (bar)   Constr. rmsd
    2.96692e+02   -2.00070e+02   -4.24058e+02    6.55680e-06

step  600: timed with pme grid 240 240 240, coulomb cutoff 1.000: 8100.1 M-cycles
step  800: timed with pme grid 216 216 216, coulomb cutoff 1.054: 7406.6 M-cycles
step 1000: timed with pme grid 200 200 200, coulomb cutoff 1.139: 7607.7 M-cycles
           Step           Time
           1000        2.00000

   Energies (kJ/mol)
           Bond          Angle    Proper Dih. Per. Imp. Dih.          LJ-14
    1.71650e+04    4.56772e+04    5.77710e+04    2.96220e+03    2.18009e+04
     Coulomb-14        LJ (SR)  Disper. corr.   Coulomb (SR)   Coul. recip.
    2.02057e+05    4.56302e+06   -1.89037e+05   -2.85831e+07    4.68399e+04
 Position Rest.      Potential    Kinetic En.   Total Energy  Conserved En.
    6.52486e+03   -2.38083e+07    3.87120e+06   -1.99371e+07   -2.41294e+07
    Temperature Pres. DC (bar) Pressure (bar)   Constr. rmsd
    3.00223e+02   -2.00070e+02   -3.37908e+02    6.55680e-06

step 1200: timed with pme grid 168 168 168, coulomb cutoff 1.355: 7615.7 M-cycles
step 1400: timed with pme grid 144 144 144, coulomb cutoff 1.581: 7787.8 M-cycles
step 1400: the maximum allowed grid scaling limits the PME load balancing to a coulomb cut-off of 1.581
           Step           Time
           1500        3.00000

   Energies (kJ/mol)
           Bond          Angle    Proper Dih. Per. Imp. Dih.          LJ-14
    1.73279e+04    4.62961e+04    5.75700e+04    2.82839e+03    2.17289e+04
     Coulomb-14        LJ (SR)  Disper. corr.   Coulomb (SR)   Coul. recip.
    2.02215e+05    4.55407e+06   -1.89037e+05   -2.85622e+07    2.88735e+04
 Position Rest.      Potential    Kinetic En.   Total Energy  Conserved En.
    6.49436e+03   -2.38138e+07    3.86771e+06   -1.99461e+07   -2.41294e+07
    Temperature Pres. DC (bar) Pressure (bar)   Constr. rmsd
    2.99953e+02   -2.00070e+02   -4.18086e+02    6.55680e-06

step 1600: timed with pme grid 144 144 144, coulomb cutoff 1.581: 8661.9 M-cycles
step 1800: timed with pme grid 160 160 160, coulomb cutoff 1.423: 7553.2 M-cycles
step 2000: timed with pme grid 168 168 168, coulomb cutoff 1.355: 7656.3 M-cycles
           Step           Time
           2000        4.00000

   Energies (kJ/mol)
           Bond          Angle    Proper Dih. Per. Imp. Dih.          LJ-14
    1.70302e+04    4.68458e+04    5.79576e+04    2.88806e+03    2.15207e+04
     Coulomb-14        LJ (SR)  Disper. corr.   Coulomb (SR)   Coul. recip.
    2.02507e+05    4.56765e+06   -1.89037e+05   -2.86288e+07    7.15325e+04
 Position Rest.      Potential    Kinetic En.   Total Energy  Conserved En.
    6.28519e+03   -2.38236e+07    3.87322e+06   -1.99504e+07   -2.41293e+07
    Temperature Pres. DC (bar) Pressure (bar)   Constr. rmsd
    3.00380e+02   -2.00070e+02   -3.32498e+02    6.55680e-06

step 2200: timed with pme grid 192 192 192, coulomb cutoff 1.186: 7641.3 M-cycles
step 2400: timed with pme grid 200 200 200, coulomb cutoff 1.139: 7605.6 M-cycles
           Step           Time
           2500        5.00000

   Energies (kJ/mol)
           Bond          Angle    Proper Dih. Per. Imp. Dih.          LJ-14
    1.72983e+04    4.66122e+04    5.73465e+04    2.97056e+03    2.17407e+04
     Coulomb-14        LJ (SR)  Disper. corr.   Coulomb (SR)   Coul. recip.
    2.01999e+05    4.56667e+06   -1.89037e+05   -2.86580e+07    9.32974e+04
 Position Rest.      Potential    Kinetic En.   Total Energy  Conserved En.
    6.36080e+03   -2.38327e+07    3.86881e+06   -1.99639e+07   -2.41293e+07
    Temperature Pres. DC (bar) Pressure (bar)   Constr. rmsd
    3.00038e+02   -2.00070e+02   -3.50597e+02    6.55680e-06

step 2600: timed with pme grid 208 208 208, coulomb cutoff 1.095: 8621.8 M-cycles
step 2800: timed with pme grid 216 216 216, coulomb cutoff 1.054: 7599.3 M-cycles
step 3000: timed with pme grid 224 224 224, coulomb cutoff 1.017: 7551.2 M-cycles
           Step           Time
           3000        6.00000

   Energies (kJ/mol)
           Bond          Angle    Proper Dih. Per. Imp. Dih.          LJ-14
    1.69554e+04    4.64807e+04    5.76440e+04    2.80890e+03    2.16981e+04
     Coulomb-14        LJ (SR)  Disper. corr.   Coulomb (SR)   Coul. recip.
    2.01686e+05    4.56996e+06   -1.89037e+05   -2.87027e+07    1.28277e+05
 Position Rest.      Potential    Kinetic En.   Total Energy  Conserved En.
    6.30051e+03   -2.38400e+07    3.86803e+06   -1.99719e+07   -2.41293e+07
    Temperature Pres. DC (bar) Pressure (bar)   Constr. rmsd
    2.99978e+02   -2.00070e+02   -3.94915e+02    6.55680e-06

step 3200: timed with pme grid 240 240 240, coulomb cutoff 1.000: 7785.8 M-cycles
step 3400: timed with pme grid 144 144 144, coulomb cutoff 1.581: 7802.6 M-cycles
           Step           Time
           3500        7.00000

   Energies (kJ/mol)
           Bond          Angle    Proper Dih. Per. Imp. Dih.          LJ-14
    1.73890e+04    4.69867e+04    5.78564e+04    3.05191e+03    2.14324e+04
     Coulomb-14        LJ (SR)  Disper. corr.   Coulomb (SR)   Coul. recip.
    2.01700e+05    4.57035e+06   -1.89037e+05   -2.86205e+07    4.00379e+04
 Position Rest.      Potential    Kinetic En.   Total Energy  Conserved En.
    6.34337e+03   -2.38444e+07    3.87056e+06   -1.99738e+07   -2.41291e+07
    Temperature Pres. DC (bar) Pressure (bar)   Constr. rmsd
    3.00174e+02   -2.00070e+02   -4.00436e+02    6.55680e-06

step 3600: timed with pme grid 160 160 160, coulomb cutoff 1.423: 8745.4 M-cycles
step 3800: timed with pme grid 168 168 168, coulomb cutoff 1.355: 7792.0 M-cycles
step 4000: timed with pme grid 192 192 192, coulomb cutoff 1.186: 7809.1 M-cycles
           Step           Time
           4000        8.00000

   Energies (kJ/mol)
           Bond          Angle    Proper Dih. Per. Imp. Dih.          LJ-14
    1.71407e+04    4.69282e+04    5.73969e+04    2.86387e+03    2.17064e+04
     Coulomb-14        LJ (SR)  Disper. corr.   Coulomb (SR)   Coul. recip.
    2.02043e+05    4.57348e+06   -1.89037e+05   -2.86660e+07    8.14700e+04
 Position Rest.      Potential    Kinetic En.   Total Energy  Conserved En.
    6.31921e+03   -2.38457e+07    3.86530e+06   -1.99804e+07   -2.41290e+07
    Temperature Pres. DC (bar) Pressure (bar)   Constr. rmsd
    2.99766e+02   -2.00070e+02   -3.66042e+02    6.55680e-06

step 4200: timed with pme grid 200 200 200, coulomb cutoff 1.139: 7676.9 M-cycles
step 4400: timed with pme grid 216 216 216, coulomb cutoff 1.054: 7410.8 M-cycles
           Step           Time
           4500        9.00000

   Energies (kJ/mol)
           Bond          Angle    Proper Dih. Per. Imp. Dih.          LJ-14
    1.72808e+04    4.67729e+04    5.76784e+04    2.95956e+03    2.16393e+04
     Coulomb-14        LJ (SR)  Disper. corr.   Coulomb (SR)   Coul. recip.
    2.02085e+05    4.56764e+06   -1.89037e+05   -2.86999e+07    1.20376e+05
 Position Rest.      Potential    Kinetic En.   Total Energy  Conserved En.
    6.42293e+03   -2.38461e+07    3.86744e+06   -1.99787e+07   -2.41291e+07
    Temperature Pres. DC (bar) Pressure (bar)   Constr. rmsd
    2.99932e+02   -2.00070e+02   -3.62780e+02    6.55680e-06

step 4600: timed with pme grid 224 224 224, coulomb cutoff 1.017: 8477.2 M-cycles
step 4800: timed with pme grid 240 240 240, coulomb cutoff 1.000: 7548.7 M-cycles
step 5000: timed with pme grid 144 144 144, coulomb cutoff 1.581: 7687.4 M-cycles
           Step           Time
           5000       10.00000

   Energies (kJ/mol)
           Bond          Angle    Proper Dih. Per. Imp. Dih.          LJ-14
    1.67721e+04    4.65475e+04    5.74178e+04    2.96847e+03    2.17196e+04
     Coulomb-14        LJ (SR)  Disper. corr.   Coulomb (SR)   Coul. recip.
    2.02706e+05    4.57396e+06   -1.89037e+05   -2.86255e+07    3.96621e+04
 Position Rest.      Potential    Kinetic En.   Total Energy  Conserved En.
    5.92833e+03   -2.38468e+07    3.86556e+06   -1.99813e+07   -2.41289e+07
    Temperature Pres. DC (bar) Pressure (bar)   Constr. rmsd
    2.99786e+02   -2.00070e+02   -3.48943e+02    6.55680e-06

step 5200: timed with pme grid 160 160 160, coulomb cutoff 1.423: 7771.1 M-cycles
step 5400: timed with pme grid 168 168 168, coulomb cutoff 1.355: 7710.0 M-cycles
           Step           Time
           5500       11.00000

   Energies (kJ/mol)
           Bond          Angle    Proper Dih. Per. Imp. Dih.          LJ-14
    1.71834e+04    4.64166e+04    5.74692e+04    2.82632e+03    2.17530e+04
     Coulomb-14        LJ (SR)  Disper. corr.   Coulomb (SR)   Coul. recip.
    2.02848e+05    4.56481e+06   -1.89037e+05   -2.86429e+07    7.12950e+04
 Position Rest.      Potential    Kinetic En.   Total Energy  Conserved En.
    6.27655e+03   -2.38410e+07    3.87029e+06   -1.99707e+07   -2.41287e+07
    Temperature Pres. DC (bar) Pressure (bar)   Constr. rmsd
    3.00153e+02   -2.00070e+02   -4.25367e+02    6.55680e-06

step 5600: timed with pme grid 192 192 192, coulomb cutoff 1.186: 8906.7 M-cycles
step 5800: timed with pme grid 200 200 200, coulomb cutoff 1.139: 7775.3 M-cycles
step 6000: timed with pme grid 216 216 216, coulomb cutoff 1.054: 7611.9 M-cycles
           Step           Time
           6000       12.00000

   Energies (kJ/mol)
           Bond          Angle    Proper Dih. Per. Imp. Dih.          LJ-14
    1.71429e+04    4.67838e+04    5.73649e+04    2.91750e+03    2.14242e+04
     Coulomb-14        LJ (SR)  Disper. corr.   Coulomb (SR)   Coul. recip.
    2.02177e+05    4.56193e+06   -1.89037e+05   -2.86929e+07    1.20771e+05
 Position Rest.      Potential    Kinetic En.   Total Energy  Conserved En.
    5.91884e+03   -2.38455e+07    3.86964e+06   -1.99759e+07   -2.41289e+07
    Temperature Pres. DC (bar) Pressure (bar)   Constr. rmsd
    3.00103e+02   -2.00070e+02   -3.80017e+02    6.55680e-06

step 6200: timed with pme grid 224 224 224, coulomb cutoff 1.017: 7578.3 M-cycles
step 6400: timed with pme grid 240 240 240, coulomb cutoff 1.000: 7685.1 M-cycles
              optimal pme grid 216 216 216, coulomb cutoff 1.054
           Step           Time
           6500       13.00000

   Energies (kJ/mol)
           Bond          Angle    Proper Dih. Per. Imp. Dih.          LJ-14
    1.70866e+04    4.74935e+04    5.72580e+04    2.86123e+03    2.15334e+04
     Coulomb-14        LJ (SR)  Disper. corr.   Coulomb (SR)   Coul. recip.
    2.02172e+05    4.56107e+06   -1.89037e+05   -2.86686e+07    1.06244e+05
 Position Rest.      Potential    Kinetic En.   Total Energy  Conserved En.
    5.99106e+03   -2.38359e+07    3.86754e+06   -1.99684e+07   -2.41286e+07
    Temperature Pres. DC (bar) Pressure (bar)   Constr. rmsd
    2.99940e+02   -2.00070e+02   -4.13843e+02    6.55680e-06

           Step           Time
           7000       14.00000

   Energies (kJ/mol)
           Bond          Angle    Proper Dih. Per. Imp. Dih.          LJ-14
    1.73158e+04    4.70095e+04    5.74592e+04    2.88446e+03    2.14333e+04
     Coulomb-14        LJ (SR)  Disper. corr.   Coulomb (SR)   Coul. recip.
    2.02054e+05    4.56005e+06   -1.89037e+05   -2.86672e+07    1.06200e+05
 Position Rest.      Potential    Kinetic En.   Total Energy  Conserved En.
    6.25945e+03   -2.38355e+07    3.86725e+06   -1.99683e+07   -2.41286e+07
    Temperature Pres. DC (bar) Pressure (bar)   Constr. rmsd
    2.99917e+02   -2.00070e+02   -4.35867e+02    6.55680e-06

           Step           Time
           7500       15.00000

   Energies (kJ/mol)
           Bond          Angle    Proper Dih. Per. Imp. Dih.          LJ-14
    1.70065e+04    4.70976e+04    5.73129e+04    2.78774e+03    2.15347e+04
     Coulomb-14        LJ (SR)  Disper. corr.   Coulomb (SR)   Coul. recip.
    2.02398e+05    4.56418e+06   -1.89037e+05   -2.86775e+07    1.05752e+05
 Position Rest.      Potential    Kinetic En.   Total Energy  Conserved En.
    6.06071e+03   -2.38424e+07    3.86774e+06   -1.99747e+07   -2.41287e+07
    Temperature Pres. DC (bar) Pressure (bar)   Constr. rmsd
    2.99955e+02   -2.00070e+02   -4.28393e+02    6.55680e-06

           Step           Time
           8000       16.00000

   Energies (kJ/mol)
           Bond          Angle    Proper Dih. Per. Imp. Dih.          LJ-14
    1.69524e+04    4.69387e+04    5.71718e+04    2.85316e+03    2.14975e+04
     Coulomb-14        LJ (SR)  Disper. corr.   Coulomb (SR)   Coul. recip.
    2.01651e+05    4.56475e+06   -1.89037e+05   -2.86859e+07    1.05663e+05
 Position Rest.      Potential    Kinetic En.   Total Energy  Conserved En.
    6.06475e+03   -2.38514e+07    3.86772e+06   -1.99837e+07   -2.41286e+07
    Temperature Pres. DC (bar) Pressure (bar)   Constr. rmsd
    2.99954e+02   -2.00070e+02   -4.44072e+02    6.55680e-06

           Step           Time
           8500       17.00000

   Energies (kJ/mol)
           Bond          Angle    Proper Dih. Per. Imp. Dih.          LJ-14
    1.71346e+04    4.71454e+04    5.74286e+04    2.94429e+03    2.14406e+04
     Coulomb-14        LJ (SR)  Disper. corr.   Coulomb (SR)   Coul. recip.
    2.02140e+05    4.57160e+06   -1.89037e+05   -2.86844e+07    1.06048e+05
 Position Rest.      Potential    Kinetic En.   Total Energy  Conserved En.
    6.18512e+03   -2.38414e+07    3.86409e+06   -1.99773e+07   -2.41284e+07
    Temperature Pres. DC (bar) Pressure (bar)   Constr. rmsd
    2.99672e+02   -2.00070e+02   -3.47741e+02    6.55680e-06

           Step           Time
           9000       18.00000

   Energies (kJ/mol)
           Bond          Angle    Proper Dih. Per. Imp. Dih.          LJ-14
    1.71899e+04    4.67933e+04    5.76453e+04    2.87737e+03    2.14989e+04
     Coulomb-14        LJ (SR)  Disper. corr.   Coulomb (SR)   Coul. recip.
    2.02264e+05    4.56871e+06   -1.89037e+05   -2.86811e+07    1.06184e+05
 Position Rest.      Potential    Kinetic En.   Total Energy  Conserved En.
    6.08133e+03   -2.38408e+07    3.87054e+06   -1.99703e+07   -2.41285e+07
    Temperature Pres. DC (bar) Pressure (bar)   Constr. rmsd
    3.00172e+02   -2.00070e+02   -3.65591e+02    6.55680e-06

           Step           Time
           9500       19.00000

   Energies (kJ/mol)
           Bond          Angle    Proper Dih. Per. Imp. Dih.          LJ-14
    1.75054e+04    4.69068e+04    5.74246e+04    2.84580e+03    2.13855e+04
     Coulomb-14        LJ (SR)  Disper. corr.   Coulomb (SR)   Coul. recip.
    2.01494e+05    4.56678e+06   -1.89037e+05   -2.86828e+07    1.05866e+05
 Position Rest.      Potential    Kinetic En.   Total Energy  Conserved En.
    6.18623e+03   -2.38455e+07    3.87087e+06   -1.99746e+07   -2.41286e+07
    Temperature Pres. DC (bar) Pressure (bar)   Constr. rmsd
    3.00198e+02   -2.00070e+02   -3.98206e+02    6.55680e-06

           Step           Time
          10000       20.00000

   Energies (kJ/mol)
           Bond          Angle    Proper Dih. Per. Imp. Dih.          LJ-14
    1.71838e+04    4.72447e+04    5.74575e+04    2.95272e+03    2.15332e+04
     Coulomb-14        LJ (SR)  Disper. corr.   Coulomb (SR)   Coul. recip.
    2.02116e+05    4.56530e+06   -1.89037e+05   -2.86772e+07    1.06514e+05
 Position Rest.      Potential    Kinetic En.   Total Energy  Conserved En.
    6.27699e+03   -2.38396e+07    3.86349e+06   -1.99761e+07   -2.41283e+07
    Temperature Pres. DC (bar) Pressure (bar)   Constr. rmsd
    2.99626e+02   -2.00070e+02   -4.63406e+02    6.55680e-06

           Step           Time
          10500       21.00000

   Energies (kJ/mol)
           Bond          Angle    Proper Dih. Per. Imp. Dih.          LJ-14
    1.70089e+04    4.67158e+04    5.75043e+04    2.86240e+03    2.16709e+04
     Coulomb-14        LJ (SR)  Disper. corr.   Coulomb (SR)   Coul. recip.
    2.03114e+05    4.56509e+06   -1.89037e+05   -2.86788e+07    1.05256e+05
 Position Rest.      Potential    Kinetic En.   Total Energy  Conserved En.
    6.27808e+03   -2.38423e+07    3.87246e+06   -1.99698e+07   -2.41282e+07
    Temperature Pres. DC (bar) Pressure (bar)   Constr. rmsd
    3.00321e+02   -2.00070e+02   -3.65723e+02    6.55680e-06

           Step           Time
          11000       22.00000

   Energies (kJ/mol)
           Bond          Angle    Proper Dih. Per. Imp. Dih.          LJ-14
    1.70152e+04    4.71484e+04    5.75977e+04    2.98997e+03    2.16673e+04
     Coulomb-14        LJ (SR)  Disper. corr.   Coulomb (SR)   Coul. recip.
    2.02162e+05    4.56009e+06   -1.89037e+05   -2.86723e+07    1.06014e+05
 Position Rest.      Potential    Kinetic En.   Total Energy  Conserved En.
    6.05224e+03   -2.38406e+07    3.87058e+06   -1.99701e+07   -2.41282e+07
    Temperature Pres. DC (bar) Pressure (bar)   Constr. rmsd
    3.00176e+02   -2.00070e+02   -4.06127e+02    6.55680e-06

           Step           Time
          11500       23.00000

   Energies (kJ/mol)
           Bond          Angle    Proper Dih. Per. Imp. Dih.          LJ-14
    1.70134e+04    4.69505e+04    5.72758e+04    2.88201e+03    2.15742e+04
     Coulomb-14        LJ (SR)  Disper. corr.   Coulomb (SR)   Coul. recip.
    2.01916e+05    4.56403e+06   -1.89037e+05   -2.86756e+07    1.05928e+05
 Position Rest.      Potential    Kinetic En.   Total Energy  Conserved En.
    6.26327e+03   -2.38408e+07    3.86557e+06   -1.99753e+07   -2.41281e+07
    Temperature Pres. DC (bar) Pressure (bar)   Constr. rmsd
    2.99787e+02   -2.00070e+02   -4.06963e+02    6.55680e-06

           Step           Time
          12000       24.00000

   Energies (kJ/mol)
           Bond          Angle    Proper Dih. Per. Imp. Dih.          LJ-14
    1.72014e+04    4.68733e+04    5.73857e+04    2.98035e+03    2.15406e+04
     Coulomb-14        LJ (SR)  Disper. corr.   Coulomb (SR)   Coul. recip.
    2.02110e+05    4.56932e+06   -1.89037e+05   -2.86891e+07    1.05976e+05
 Position Rest.      Potential    Kinetic En.   Total Energy  Conserved En.
    6.12827e+03   -2.38486e+07    3.87127e+06   -1.99774e+07   -2.41277e+07
    Temperature Pres. DC (bar) Pressure (bar)   Constr. rmsd
    3.00229e+02   -2.00070e+02   -3.60535e+02    6.55680e-06

           Step           Time
          12500       25.00000

   Energies (kJ/mol)
           Bond          Angle    Proper Dih. Per. Imp. Dih.          LJ-14
    1.68859e+04    4.70037e+04    5.72795e+04    2.90391e+03    2.15034e+04
     Coulomb-14        LJ (SR)  Disper. corr.   Coulomb (SR)   Coul. recip.
    2.02279e+05    4.57113e+06   -1.89037e+05   -2.86895e+07    1.05933e+05
 Position Rest.      Potential    Kinetic En.   Total Energy  Conserved En.
    6.09579e+03   -2.38475e+07    3.86544e+06   -1.99820e+07   -2.41280e+07
    Temperature Pres. DC (bar) Pressure (bar)   Constr. rmsd
    2.99777e+02   -2.00070e+02   -4.45892e+02    6.55680e-06

           Step           Time
          13000       26.00000

   Energies (kJ/mol)
           Bond          Angle    Proper Dih. Per. Imp. Dih.          LJ-14
    1.71842e+04    4.69339e+04    5.74366e+04    2.76378e+03    2.13018e+04
     Coulomb-14        LJ (SR)  Disper. corr.   Coulomb (SR)   Coul. recip.
    2.02213e+05    4.56375e+06   -1.89037e+05   -2.86819e+07    1.05811e+05
 Position Rest.      Potential    Kinetic En.   Total Energy  Conserved En.
    6.08989e+03   -2.38474e+07    3.86400e+06   -1.99834e+07   -2.41278e+07
    Temperature Pres. DC (bar) Pressure (bar)   Constr. rmsd
    2.99665e+02   -2.00070e+02   -4.13645e+02    6.55680e-06

           Step           Time
          13500       27.00000

   Energies (kJ/mol)
           Bond          Angle    Proper Dih. Per. Imp. Dih.          LJ-14
    1.72342e+04    4.70279e+04    5.74251e+04    2.93756e+03    2.15360e+04
     Coulomb-14        LJ (SR)  Disper. corr.   Coulomb (SR)   Coul. recip.
    2.02473e+05    4.56945e+06   -1.89037e+05   -2.86909e+07    1.05902e+05
 Position Rest.      Potential    Kinetic En.   Total Energy  Conserved En.
    6.19270e+03   -2.38497e+07    3.87030e+06   -1.99794e+07   -2.41277e+07
    Temperature Pres. DC (bar) Pressure (bar)   Constr. rmsd
    3.00154e+02   -2.00070e+02   -4.22096e+02    6.55680e-06

           Step           Time
          14000       28.00000

   Energies (kJ/mol)
           Bond          Angle    Proper Dih. Per. Imp. Dih.          LJ-14
    1.73272e+04    4.71899e+04    5.73026e+04    2.88034e+03    2.12573e+04
     Coulomb-14        LJ (SR)  Disper. corr.   Coulomb (SR)   Coul. recip.
    2.01476e+05    4.57519e+06   -1.89037e+05   -2.86891e+07    1.05145e+05
 Position Rest.      Potential    Kinetic En.   Total Energy  Conserved En.
    6.22656e+03   -2.38441e+07    3.86745e+06   -1.99767e+07   -2.41277e+07
    Temperature Pres. DC (bar) Pressure (bar)   Constr. rmsd
    2.99932e+02   -2.00070e+02   -3.96548e+02    6.55680e-06

           Step           Time
          14500       29.00000

   Energies (kJ/mol)
           Bond          Angle    Proper Dih. Per. Imp. Dih.          LJ-14
    1.72048e+04    4.65844e+04    5.70555e+04    2.78613e+03    2.15179e+04
     Coulomb-14        LJ (SR)  Disper. corr.   Coulomb (SR)   Coul. recip.
    2.02214e+05    4.56361e+06   -1.89037e+05   -2.86793e+07    1.05835e+05
 Position Rest.      Potential    Kinetic En.   Total Energy  Conserved En.
    6.25727e+03   -2.38452e+07    3.86279e+06   -1.99824e+07   -2.41275e+07
    Temperature Pres. DC (bar) Pressure (bar)   Constr. rmsd
    2.99572e+02   -2.00070e+02   -5.40580e+02    6.55680e-06

           Step           Time
          15000       30.00000

   Energies (kJ/mol)
           Bond          Angle    Proper Dih. Per. Imp. Dih.          LJ-14
    1.72723e+04    4.70368e+04    5.69045e+04    2.80419e+03    2.17267e+04
     Coulomb-14        LJ (SR)  Disper. corr.   Coulomb (SR)   Coul. recip.
    2.01732e+05    4.56332e+06   -1.89037e+05   -2.86825e+07    1.06024e+05
 Position Rest.      Potential    Kinetic En.   Total Energy  Conserved En.
    6.17103e+03   -2.38485e+07    3.86614e+06   -1.99824e+07   -2.41276e+07
    Temperature Pres. DC (bar) Pressure (bar)   Constr. rmsd
    2.99831e+02   -2.00070e+02   -4.48319e+02    6.55680e-06

           Step           Time
          15500       31.00000

   Energies (kJ/mol)
           Bond          Angle    Proper Dih. Per. Imp. Dih.          LJ-14
    1.73763e+04    4.73250e+04    5.73141e+04    2.75817e+03    2.16026e+04
     Coulomb-14        LJ (SR)  Disper. corr.   Coulomb (SR)   Coul. recip.
    2.02101e+05    4.57086e+06   -1.89037e+05   -2.86878e+07    1.05753e+05
 Position Rest.      Potential    Kinetic En.   Total Energy  Conserved En.
    6.03810e+03   -2.38458e+07    3.87080e+06   -1.99750e+07   -2.41276e+07
    Temperature Pres. DC (bar) Pressure (bar)   Constr. rmsd
    3.00193e+02   -2.00070e+02   -3.58641e+02    6.55680e-06

           Step           Time
          16000       32.00000

   Energies (kJ/mol)
           Bond          Angle    Proper Dih. Per. Imp. Dih.          LJ-14
    1.72728e+04    4.66830e+04    5.75156e+04    2.91354e+03    2.13432e+04
     Coulomb-14        LJ (SR)  Disper. corr.   Coulomb (SR)   Coul. recip.
    2.01906e+05    4.55841e+06   -1.89037e+05   -2.86731e+07    1.05895e+05
 Position Rest.      Potential    Kinetic En.   Total Energy  Conserved En.
    5.98439e+03   -2.38442e+07    3.86962e+06   -1.99745e+07   -2.41276e+07
    Temperature Pres. DC (bar) Pressure (bar)   Constr. rmsd
    3.00101e+02   -2.00070e+02   -3.54399e+02    6.55680e-06

           Step           Time
          16500       33.00000

   Energies (kJ/mol)
           Bond          Angle    Proper Dih. Per. Imp. Dih.          LJ-14
    1.71226e+04    4.70359e+04    5.71583e+04    2.91265e+03    2.15904e+04
     Coulomb-14        LJ (SR)  Disper. corr.   Coulomb (SR)   Coul. recip.
    2.02266e+05    4.56565e+06   -1.89037e+05   -2.86851e+07    1.05843e+05
 Position Rest.      Potential    Kinetic En.   Total Energy  Conserved En.
    5.98977e+03   -2.38486e+07    3.87048e+06   -1.99781e+07   -2.41273e+07
    Temperature Pres. DC (bar) Pressure (bar)   Constr. rmsd
    3.00167e+02   -2.00070e+02   -2.83195e+02    6.55680e-06

           Step           Time
          17000       34.00000

   Energies (kJ/mol)
           Bond          Angle    Proper Dih. Per. Imp. Dih.          LJ-14
    1.72408e+04    4.72236e+04    5.71777e+04    2.93485e+03    2.14114e+04
     Coulomb-14        LJ (SR)  Disper. corr.   Coulomb (SR)   Coul. recip.
    2.02062e+05    4.56689e+06   -1.89037e+05   -2.86954e+07    1.05777e+05
 Position Rest.      Potential    Kinetic En.   Total Energy  Conserved En.
    6.14367e+03   -2.38575e+07    3.86754e+06   -1.99900e+07   -2.41274e+07
    Temperature Pres. DC (bar) Pressure (bar)   Constr. rmsd
    2.99940e+02   -2.00070e+02   -4.96989e+02    6.55680e-06

           Step           Time
          17500       35.00000

   Energies (kJ/mol)
           Bond          Angle    Proper Dih. Per. Imp. Dih.          LJ-14
    1.70308e+04    4.69628e+04    5.74951e+04    2.88879e+03    2.14662e+04
     Coulomb-14        LJ (SR)  Disper. corr.   Coulomb (SR)   Coul. recip.
    2.01335e+05    4.56529e+06   -1.89037e+05   -2.86800e+07    1.06271e+05
 Position Rest.      Potential    Kinetic En.   Total Energy  Conserved En.
    6.20189e+03   -2.38441e+07    3.86450e+06   -1.99796e+07   -2.41272e+07
    Temperature Pres. DC (bar) Pressure (bar)   Constr. rmsd
    2.99704e+02   -2.00070e+02   -4.70005e+02    6.55680e-06

           Step           Time
          18000       36.00000

   Energies (kJ/mol)
           Bond          Angle    Proper Dih. Per. Imp. Dih.          LJ-14
    1.71557e+04    4.65494e+04    5.74851e+04    2.93276e+03    2.12673e+04
     Coulomb-14        LJ (SR)  Disper. corr.   Coulomb (SR)   Coul. recip.
    2.01643e+05    4.56569e+06   -1.89037e+05   -2.86931e+07    1.05903e+05
 Position Rest.      Potential    Kinetic En.   Total Energy  Conserved En.
    6.19318e+03   -2.38574e+07    3.87163e+06   -1.99857e+07   -2.41273e+07
    Temperature Pres. DC (bar) Pressure (bar)   Constr. rmsd
    3.00256e+02   -2.00070e+02   -4.74908e+02    6.55680e-06

           Step           Time
          18500       37.00000

   Energies (kJ/mol)
           Bond          Angle    Proper Dih. Per. Imp. Dih.          LJ-14
    1.71888e+04    4.74157e+04    5.72907e+04    2.80082e+03    2.13492e+04
     Coulomb-14        LJ (SR)  Disper. corr.   Coulomb (SR)   Coul. recip.
    2.01295e+05    4.57040e+06   -1.89037e+05   -2.86910e+07    1.06236e+05
 Position Rest.      Potential    Kinetic En.   Total Energy  Conserved En.
    6.22709e+03   -2.38498e+07    3.86916e+06   -1.99806e+07   -2.41272e+07
    Temperature Pres. DC (bar) Pressure (bar)   Constr. rmsd
    3.00066e+02   -2.00070e+02   -3.97059e+02    6.55680e-06

           Step           Time
          19000       38.00000

   Energies (kJ/mol)
           Bond          Angle    Proper Dih. Per. Imp. Dih.          LJ-14
    1.70183e+04    4.71111e+04    5.73164e+04    2.91038e+03    2.15267e+04
     Coulomb-14        LJ (SR)  Disper. corr.   Coulomb (SR)   Coul. recip.
    2.02094e+05    4.56116e+06   -1.89037e+05   -2.86825e+07    1.05831e+05
 Position Rest.      Potential    Kinetic En.   Total Energy  Conserved En.
    6.12374e+03   -2.38504e+07    3.86513e+06   -1.99853e+07   -2.41272e+07
    Temperature Pres. DC (bar) Pressure (bar)   Constr. rmsd
    2.99753e+02   -2.00070e+02   -4.28568e+02    6.55680e-06

           Step           Time
          19500       39.00000

   Energies (kJ/mol)
           Bond          Angle    Proper Dih. Per. Imp. Dih.          LJ-14
    1.71063e+04    4.71254e+04    5.76587e+04    2.85603e+03    2.14811e+04
     Coulomb-14        LJ (SR)  Disper. corr.   Coulomb (SR)   Coul. recip.
    2.02241e+05    4.56465e+06   -1.89037e+05   -2.86773e+07    1.05948e+05
 Position Rest.      Potential    Kinetic En.   Total Energy  Conserved En.
    6.18157e+03   -2.38411e+07    3.87231e+06   -1.99688e+07   -2.41271e+07
    Temperature Pres. DC (bar) Pressure (bar)   Constr. rmsd
    3.00310e+02   -2.00070e+02   -3.39292e+02    6.55680e-06

           Step           Time
          20000       40.00000

   Energies (kJ/mol)
           Bond          Angle    Proper Dih. Per. Imp. Dih.          LJ-14
    1.71335e+04    4.69227e+04    5.71636e+04    2.89373e+03    2.17844e+04
     Coulomb-14        LJ (SR)  Disper. corr.   Coulomb (SR)   Coul. recip.
    2.02206e+05    4.55235e+06   -1.89037e+05   -2.86662e+07    1.05748e+05
 Position Rest.      Potential    Kinetic En.   Total Energy  Conserved En.
    6.15624e+03   -2.38429e+07    3.86595e+06   -1.99770e+07   -2.41270e+07
    Temperature Pres. DC (bar) Pressure (bar)   Constr. rmsd
    2.99816e+02   -2.00070e+02   -4.13287e+02    6.55680e-06

           Step           Time
          20500       41.00000

   Energies (kJ/mol)
           Bond          Angle    Proper Dih. Per. Imp. Dih.          LJ-14
    1.67651e+04    4.67317e+04    5.72941e+04    2.86313e+03    2.16578e+04
     Coulomb-14        LJ (SR)  Disper. corr.   Coulomb (SR)   Coul. recip.
    2.02153e+05    4.56210e+06   -1.89037e+05   -2.86802e+07    1.05835e+05
 Position Rest.      Potential    Kinetic En.   Total Energy  Conserved En.
    6.10389e+03   -2.38477e+07    3.86511e+06   -1.99826e+07   -2.41270e+07
    Temperature Pres. DC (bar) Pressure (bar)   Constr. rmsd
    2.99751e+02   -2.00070e+02   -3.43971e+02    6.55680e-06

           Step           Time
          21000       42.00000

   Energies (kJ/mol)
           Bond          Angle    Proper Dih. Per. Imp. Dih.          LJ-14
    1.68978e+04    4.61349e+04    5.75550e+04    3.00526e+03    2.15359e+04
     Coulomb-14        LJ (SR)  Disper. corr.   Coulomb (SR)   Coul. recip.
    2.02346e+05    4.56371e+06   -1.89037e+05   -2.86763e+07    1.05900e+05
 Position Rest.      Potential    Kinetic En.   Total Energy  Conserved En.
    6.12357e+03   -2.38421e+07    3.86645e+06   -1.99756e+07   -2.41270e+07
    Temperature Pres. DC (bar) Pressure (bar)   Constr. rmsd
    2.99855e+02   -2.00070e+02   -4.12612e+02    6.55680e-06

           Step           Time
          21500       43.00000

   Energies (kJ/mol)
           Bond          Angle    Proper Dih. Per. Imp. Dih.          LJ-14
    1.75622e+04    4.58825e+04    5.72908e+04    2.72237e+03    2.15272e+04
     Coulomb-14        LJ (SR)  Disper. corr.   Coulomb (SR)   Coul. recip.
    2.01912e+05    4.56413e+06   -1.89037e+05   -2.86910e+07    1.05627e+05
 Position Rest.      Potential    Kinetic En.   Total Energy  Conserved En.
    6.24397e+03   -2.38572e+07    3.86784e+06   -1.99893e+07   -2.41268e+07
    Temperature Pres. DC (bar) Pressure (bar)   Constr. rmsd
    2.99963e+02   -2.00070e+02   -4.92696e+02    6.55680e-06

           Step           Time
          22000       44.00000

   Energies (kJ/mol)
           Bond          Angle    Proper Dih. Per. Imp. Dih.          LJ-14
    1.67756e+04    4.71529e+04    5.71812e+04    2.85042e+03    2.14464e+04
     Coulomb-14        LJ (SR)  Disper. corr.   Coulomb (SR)   Coul. recip.
    2.02311e+05    4.56067e+06   -1.89037e+05   -2.86766e+07    1.06385e+05
 Position Rest.      Potential    Kinetic En.   Total Energy  Conserved En.
    6.23931e+03   -2.38447e+07    3.86946e+06   -1.99752e+07   -2.41267e+07
    Temperature Pres. DC (bar) Pressure (bar)   Constr. rmsd
    3.00089e+02   -2.00070e+02   -4.84145e+02    6.55680e-06

           Step           Time
          22500       45.00000

   Energies (kJ/mol)
           Bond          Angle    Proper Dih. Per. Imp. Dih.          LJ-14
    1.68814e+04    4.68787e+04    5.73519e+04    2.78992e+03    2.17895e+04
     Coulomb-14        LJ (SR)  Disper. corr.   Coulomb (SR)   Coul. recip.
    2.02607e+05    4.56490e+06   -1.89037e+05   -2.86878e+07    1.06069e+05
 Position Rest.      Potential    Kinetic En.   Total Energy  Conserved En.
    6.22923e+03   -2.38514e+07    3.86540e+06   -1.99860e+07   -2.41265e+07
    Temperature Pres. DC (bar) Pressure (bar)   Constr. rmsd
    2.99774e+02   -2.00070e+02   -3.40866e+02    6.55680e-06

Writing checkpoint, step 22600 at Fri Oct 31 03:47:40 2025


           Step           Time
          23000       46.00000

   Energies (kJ/mol)
           Bond          Angle    Proper Dih. Per. Imp. Dih.          LJ-14
    1.71155e+04    4.69169e+04    5.74037e+04    2.89207e+03    2.15672e+04
     Coulomb-14        LJ (SR)  Disper. corr.   Coulomb (SR)   Coul. recip.
    2.02493e+05    4.57237e+06   -1.89037e+05   -2.86947e+07    1.05715e+05
 Position Rest.      Potential    Kinetic En.   Total Energy  Conserved En.
    6.21954e+03   -2.38511e+07    3.86424e+06   -1.99868e+07   -2.41265e+07
    Temperature Pres. DC (bar) Pressure (bar)   Constr. rmsd
    2.99684e+02   -2.00070e+02   -4.33408e+02    6.55680e-06

           Step           Time
          23500       47.00000

   Energies (kJ/mol)
           Bond          Angle    Proper Dih. Per. Imp. Dih.          LJ-14
    1.70265e+04    4.68739e+04    5.72053e+04    2.83802e+03    2.16666e+04
     Coulomb-14        LJ (SR)  Disper. corr.   Coulomb (SR)   Coul. recip.
    2.02486e+05    4.56683e+06   -1.89037e+05   -2.86852e+07    1.06049e+05
 Position Rest.      Potential    Kinetic En.   Total Energy  Conserved En.
    6.16034e+03   -2.38472e+07    3.86872e+06   -1.99784e+07   -2.41265e+07
    Temperature Pres. DC (bar) Pressure (bar)   Constr. rmsd
    3.00031e+02   -2.00070e+02   -3.92921e+02    6.55680e-06

           Step           Time
          24000       48.00000

   Energies (kJ/mol)
           Bond          Angle    Proper Dih. Per. Imp. Dih.          LJ-14
    1.69646e+04    4.63671e+04    5.72993e+04    2.92164e+03    2.16805e+04
     Coulomb-14        LJ (SR)  Disper. corr.   Coulomb (SR)   Coul. recip.
    2.02115e+05    4.56788e+06   -1.89037e+05   -2.86836e+07    1.05691e+05
 Position Rest.      Potential    Kinetic En.   Total Energy  Conserved En.
    6.13344e+03   -2.38456e+07    3.86503e+06   -1.99806e+07   -2.41265e+07
    Temperature Pres. DC (bar) Pressure (bar)   Constr. rmsd
    2.99745e+02   -2.00070e+02   -4.64635e+02    6.55680e-06

           Step           Time
          24500       49.00000

   Energies (kJ/mol)
           Bond          Angle    Proper Dih. Per. Imp. Dih.          LJ-14
    1.74540e+04    4.71856e+04    5.71602e+04    2.88023e+03    2.13699e+04
     Coulomb-14        LJ (SR)  Disper. corr.   Coulomb (SR)   Coul. recip.
    2.01530e+05    4.56889e+06   -1.89037e+05   -2.86833e+07    1.05891e+05
 Position Rest.      Potential    Kinetic En.   Total Energy  Conserved En.
    6.20669e+03   -2.38437e+07    3.86987e+06   -1.99739e+07   -2.41265e+07
    Temperature Pres. DC (bar) Pressure (bar)   Constr. rmsd
    3.00120e+02   -2.00070e+02   -3.45176e+02    6.55680e-06

           Step           Time
          25000       50.00000

   Energies (kJ/mol)
           Bond          Angle    Proper Dih. Per. Imp. Dih.          LJ-14
    1.70486e+04    4.69409e+04    5.72828e+04    2.83110e+03    2.16216e+04
     Coulomb-14        LJ (SR)  Disper. corr.   Coulomb (SR)   Coul. recip.
    2.02233e+05    4.56477e+06   -1.89037e+05   -2.86829e+07    1.05605e+05
 Position Rest.      Potential    Kinetic En.   Total Energy  Conserved En.
    6.10335e+03   -2.38475e+07    3.86856e+06   -1.99789e+07   -2.41262e+07
    Temperature Pres. DC (bar) Pressure (bar)   Constr. rmsd
    3.00019e+02   -2.00070e+02   -4.41434e+02    6.55680e-06

           Step           Time
          25500       51.00000

   Energies (kJ/mol)
           Bond          Angle    Proper Dih. Per. Imp. Dih.          LJ-14
    1.71006e+04    4.65938e+04    5.74591e+04    2.81907e+03    2.14882e+04
     Coulomb-14        LJ (SR)  Disper. corr.   Coulomb (SR)   Coul. recip.
    2.01968e+05    4.56591e+06   -1.89037e+05   -2.86810e+07    1.05744e+05
 Position Rest.      Potential    Kinetic En.   Total Energy  Conserved En.
    6.25747e+03   -2.38447e+07    3.86609e+06   -1.99786e+07   -2.41260e+07
    Temperature Pres. DC (bar) Pressure (bar)   Constr. rmsd
    2.99827e+02   -2.00070e+02   -4.67182e+02    6.55680e-06

           Step           Time
          26000       52.00000

   Energies (kJ/mol)
           Bond          Angle    Proper Dih. Per. Imp. Dih.          LJ-14
    1.76438e+04    4.72004e+04    5.72813e+04    2.85582e+03    2.14171e+04
     Coulomb-14        LJ (SR)  Disper. corr.   Coulomb (SR)   Coul. recip.
    2.02093e+05    4.56942e+06   -1.89037e+05   -2.86882e+07    1.05838e+05
 Position Rest.      Potential    Kinetic En.   Total Energy  Conserved En.
    6.17800e+03   -2.38474e+07    3.87260e+06   -1.99748e+07   -2.41261e+07
    Temperature Pres. DC (bar) Pressure (bar)   Constr. rmsd
    3.00332e+02   -2.00070e+02   -4.88592e+02    6.55680e-06

           Step           Time
          26500       53.00000

   Energies (kJ/mol)
           Bond          Angle    Proper Dih. Per. Imp. Dih.          LJ-14
    1.71892e+04    4.69425e+04    5.75350e+04    2.82916e+03    2.15756e+04
     Coulomb-14        LJ (SR)  Disper. corr.   Coulomb (SR)   Coul. recip.
    2.01492e+05    4.57271e+06   -1.89037e+05   -2.86996e+07    1.05320e+05
 Position Rest.      Potential    Kinetic En.   Total Energy  Conserved En.
    6.13325e+03   -2.38569e+07    3.86720e+06   -1.99897e+07   -2.41262e+07
    Temperature Pres. DC (bar) Pressure (bar)   Constr. rmsd
    2.99913e+02   -2.00070e+02   -4.58386e+02    6.55680e-06

           Step           Time
          27000       54.00000

   Energies (kJ/mol)
           Bond          Angle    Proper Dih. Per. Imp. Dih.          LJ-14
    1.71634e+04    4.71195e+04    5.75151e+04    2.91219e+03    2.14266e+04
     Coulomb-14        LJ (SR)  Disper. corr.   Coulomb (SR)   Coul. recip.
    2.02086e+05    4.57351e+06   -1.89037e+05   -2.86933e+07    1.05698e+05
 Position Rest.      Potential    Kinetic En.   Total Energy  Conserved En.
    6.18208e+03   -2.38487e+07    3.87026e+06   -1.99784e+07   -2.41260e+07
    Temperature Pres. DC (bar) Pressure (bar)   Constr. rmsd
    3.00150e+02   -2.00070e+02   -4.62701e+02    6.55680e-06

           Step           Time
          27500       55.00000

   Energies (kJ/mol)
           Bond          Angle    Proper Dih. Per. Imp. Dih.          LJ-14
    1.73291e+04    4.65180e+04    5.72431e+04    2.90421e+03    2.13784e+04
     Coulomb-14        LJ (SR)  Disper. corr.   Coulomb (SR)   Coul. recip.
    2.02210e+05    4.55315e+06   -1.89037e+05   -2.86721e+07    1.05829e+05
 Position Rest.      Potential    Kinetic En.   Total Energy  Conserved En.
    6.04939e+03   -2.38486e+07    3.86356e+06   -1.99850e+07   -2.41258e+07
    Temperature Pres. DC (bar) Pressure (bar)   Constr. rmsd
    2.99631e+02   -2.00070e+02   -4.31040e+02    6.55680e-06

           Step           Time
          28000       56.00000

   Energies (kJ/mol)
           Bond          Angle    Proper Dih. Per. Imp. Dih.          LJ-14
    1.71152e+04    4.69923e+04    5.70646e+04    2.80777e+03    2.16478e+04
     Coulomb-14        LJ (SR)  Disper. corr.   Coulomb (SR)   Coul. recip.
    2.02246e+05    4.56123e+06   -1.89037e+05   -2.86844e+07    1.06525e+05
 Position Rest.      Potential    Kinetic En.   Total Energy  Conserved En.
    6.19991e+03   -2.38516e+07    3.86886e+06   -1.99828e+07   -2.41258e+07
    Temperature Pres. DC (bar) Pressure (bar)   Constr. rmsd
    3.00042e+02   -2.00070e+02   -3.90261e+02    6.55680e-06

           Step           Time
          28500       57.00000

   Energies (kJ/mol)
           Bond          Angle    Proper Dih. Per. Imp. Dih.          LJ-14
    1.70460e+04    4.70486e+04    5.72644e+04    2.92045e+03    2.15121e+04
     Coulomb-14        LJ (SR)  Disper. corr.   Coulomb (SR)   Coul. recip.
    2.01861e+05    4.55855e+06   -1.89037e+05   -2.86774e+07    1.05555e+05
 Position Rest.      Potential    Kinetic En.   Total Energy  Conserved En.
    6.23328e+03   -2.38484e+07    3.86859e+06   -1.99798e+07   -2.41260e+07
    Temperature Pres. DC (bar) Pressure (bar)   Constr. rmsd
    3.00021e+02   -2.00070e+02   -4.98214e+02    6.55680e-06

           Step           Time
          29000       58.00000

   Energies (kJ/mol)
           Bond          Angle    Proper Dih. Per. Imp. Dih.          LJ-14
    1.72360e+04    4.66518e+04    5.73757e+04    2.80355e+03    2.17208e+04
     Coulomb-14        LJ (SR)  Disper. corr.   Coulomb (SR)   Coul. recip.
    2.01993e+05    4.56786e+06   -1.89037e+05   -2.86889e+07    1.05823e+05
 Position Rest.      Potential    Kinetic En.   Total Energy  Conserved En.
    6.13402e+03   -2.38503e+07    3.86924e+06   -1.99811e+07   -2.41258e+07
    Temperature Pres. DC (bar) Pressure (bar)   Constr. rmsd
    3.00072e+02   -2.00070e+02   -4.78416e+02    6.55680e-06

           Step           Time
          29500       59.00000

   Energies (kJ/mol)
           Bond          Angle    Proper Dih. Per. Imp. Dih.          LJ-14
    1.74112e+04    4.66234e+04    5.74310e+04    2.91188e+03    2.15380e+04
     Coulomb-14        LJ (SR)  Disper. corr.   Coulomb (SR)   Coul. recip.
    2.02368e+05    4.57461e+06   -1.89037e+05   -2.86966e+07    1.06339e+05
 Position Rest.      Potential    Kinetic En.   Total Energy  Conserved En.
    6.41662e+03   -2.38500e+07    3.86178e+06   -1.99882e+07   -2.41256e+07
    Temperature Pres. DC (bar) Pressure (bar)   Constr. rmsd
    2.99493e+02   -2.00070e+02   -3.73459e+02    6.55680e-06

           Step           Time
          30000       60.00000

   Energies (kJ/mol)
           Bond          Angle    Proper Dih. Per. Imp. Dih.          LJ-14
    1.72332e+04    4.66947e+04    5.72319e+04    3.05221e+03    2.15360e+04
     Coulomb-14        LJ (SR)  Disper. corr.   Coulomb (SR)   Coul. recip.
    2.02115e+05    4.57057e+06   -1.89037e+05   -2.86885e+07    1.05667e+05
 Position Rest.      Potential    Kinetic En.   Total Energy  Conserved En.
    6.30424e+03   -2.38471e+07    3.87059e+06   -1.99765e+07   -2.41256e+07
    Temperature Pres. DC (bar) Pressure (bar)   Constr. rmsd
    3.00176e+02   -2.00070e+02   -4.17253e+02    6.55680e-06

           Step           Time
          30500       61.00000

   Energies (kJ/mol)
           Bond          Angle    Proper Dih. Per. Imp. Dih.          LJ-14
    1.74333e+04    4.69185e+04    5.73932e+04    3.00337e+03    2.14101e+04
     Coulomb-14        LJ (SR)  Disper. corr.   Coulomb (SR)   Coul. recip.
    2.01772e+05    4.56808e+06   -1.89037e+05   -2.86855e+07    1.05759e+05
 Position Rest.      Potential    Kinetic En.   Total Energy  Conserved En.
    6.19119e+03   -2.38466e+07    3.86953e+06   -1.99771e+07   -2.41255e+07
    Temperature Pres. DC (bar) Pressure (bar)   Constr. rmsd
    3.00094e+02   -2.00070e+02   -2.66304e+02    6.55680e-06

           Step           Time
          31000       62.00000

   Energies (kJ/mol)
           Bond          Angle    Proper Dih. Per. Imp. Dih.          LJ-14
    1.72070e+04    4.68303e+04    5.74149e+04    2.79991e+03    2.15355e+04
     Coulomb-14        LJ (SR)  Disper. corr.   Coulomb (SR)   Coul. recip.
    2.02291e+05    4.56746e+06   -1.89037e+05   -2.86870e+07    1.05565e+05
 Position Rest.      Potential    Kinetic En.   Total Energy  Conserved En.
    6.23745e+03   -2.38487e+07    3.86476e+06   -1.99840e+07   -2.41254e+07
    Temperature Pres. DC (bar) Pressure (bar)   Constr. rmsd
    2.99724e+02   -2.00070e+02   -4.27541e+02    6.55680e-06

           Step           Time
          31500       63.00000

   Energies (kJ/mol)
           Bond          Angle    Proper Dih. Per. Imp. Dih.          LJ-14
    1.72657e+04    4.75053e+04    5.71100e+04    2.86332e+03    2.15589e+04
     Coulomb-14        LJ (SR)  Disper. corr.   Coulomb (SR)   Coul. recip.
    2.02234e+05    4.57325e+06   -1.89037e+05   -2.86909e+07    1.05733e+05
 Position Rest.      Potential    Kinetic En.   Total Energy  Conserved En.
    6.19636e+03   -2.38462e+07    3.87163e+06   -1.99745e+07   -2.41253e+07
    Temperature Pres. DC (bar) Pressure (bar)   Constr. rmsd
    3.00257e+02   -2.00070e+02   -3.62485e+02    6.55680e-06

           Step           Time
          32000       64.00000

   Energies (kJ/mol)
           Bond          Angle    Proper Dih. Per. Imp. Dih.          LJ-14
    1.70800e+04    4.64185e+04    5.69833e+04    2.77990e+03    2.14965e+04
     Coulomb-14        LJ (SR)  Disper. corr.   Coulomb (SR)   Coul. recip.
    2.02606e+05    4.55824e+06   -1.89037e+05   -2.86811e+07    1.05918e+05
 Position Rest.      Potential    Kinetic En.   Total Energy  Conserved En.
    6.34645e+03   -2.38523e+07    3.86582e+06   -1.99865e+07   -2.41253e+07
    Temperature Pres. DC (bar) Pressure (bar)   Constr. rmsd
    2.99806e+02   -2.00070e+02   -4.26193e+02    6.55680e-06

           Step           Time
          32500       65.00000

   Energies (kJ/mol)
           Bond          Angle    Proper Dih. Per. Imp. Dih.          LJ-14
    1.73261e+04    4.67828e+04    5.74302e+04    2.90321e+03    2.16414e+04
     Coulomb-14        LJ (SR)  Disper. corr.   Coulomb (SR)   Coul. recip.
    2.02398e+05    4.56342e+06   -1.89037e+05   -2.86813e+07    1.06130e+05
 Position Rest.      Potential    Kinetic En.   Total Energy  Conserved En.
    6.17894e+03   -2.38461e+07    3.87002e+06   -1.99761e+07   -2.41251e+07
    Temperature Pres. DC (bar) Pressure (bar)   Constr. rmsd
    3.00132e+02   -2.00070e+02   -3.92068e+02    6.55680e-06

           Step           Time
          33000       66.00000

   Energies (kJ/mol)
           Bond          Angle    Proper Dih. Per. Imp. Dih.          LJ-14
    1.75053e+04    4.71832e+04    5.73224e+04    2.85759e+03    2.16132e+04
     Coulomb-14        LJ (SR)  Disper. corr.   Coulomb (SR)   Coul. recip.
    2.01835e+05    4.57158e+06   -1.89037e+05   -2.86890e+07    1.05934e+05
 Position Rest.      Potential    Kinetic En.   Total Energy  Conserved En.
    6.17056e+03   -2.38460e+07    3.87421e+06   -1.99718e+07   -2.41252e+07
    Temperature Pres. DC (bar) Pressure (bar)   Constr. rmsd
    3.00457e+02   -2.00070e+02   -3.90665e+02    6.55680e-06

           Step           Time
          33500       67.00000

   Energies (kJ/mol)
           Bond          Angle    Proper Dih. Per. Imp. Dih.          LJ-14
    1.72685e+04    4.71536e+04    5.73627e+04    2.91645e+03    2.15976e+04
     Coulomb-14        LJ (SR)  Disper. corr.   Coulomb (SR)   Coul. recip.
    2.01828e+05    4.56905e+06   -1.89037e+05   -2.86869e+07    1.05770e+05
 Position Rest.      Potential    Kinetic En.   Total Energy  Conserved En.
    6.17274e+03   -2.38468e+07    3.86968e+06   -1.99771e+07   -2.41251e+07
    Temperature Pres. DC (bar) Pressure (bar)   Constr. rmsd
    3.00106e+02   -2.00070e+02   -3.75001e+02    6.55680e-06

           Step           Time
          34000       68.00000

   Energies (kJ/mol)
           Bond          Angle    Proper Dih. Per. Imp. Dih.          LJ-14
    1.73777e+04    4.79183e+04    5.72112e+04    2.77761e+03    2.15830e+04
     Coulomb-14        LJ (SR)  Disper. corr.   Coulomb (SR)   Coul. recip.
    2.02430e+05    4.56727e+06   -1.89037e+05   -2.86796e+07    1.05400e+05
 Position Rest.      Potential    Kinetic En.   Total Energy  Conserved En.
    6.33494e+03   -2.38403e+07    3.86917e+06   -1.99712e+07   -2.41251e+07
    Temperature Pres. DC (bar) Pressure (bar)   Constr. rmsd
    3.00066e+02   -2.00070e+02   -4.44324e+02    6.55680e-06

           Step           Time
          34500       69.00000

   Energies (kJ/mol)
           Bond          Angle    Proper Dih. Per. Imp. Dih.          LJ-14
    1.73799e+04    4.70895e+04    5.74093e+04    2.80771e+03    2.13086e+04
     Coulomb-14        LJ (SR)  Disper. corr.   Coulomb (SR)   Coul. recip.
    2.01699e+05    4.56675e+06   -1.89037e+05   -2.86838e+07    1.05718e+05
 Position Rest.      Potential    Kinetic En.   Total Energy  Conserved En.
    6.15644e+03   -2.38465e+07    3.86931e+06   -1.99772e+07   -2.41251e+07
    Temperature Pres. DC (bar) Pressure (bar)   Constr. rmsd
    3.00077e+02   -2.00070e+02   -3.80084e+02    6.55680e-06

           Step           Time
          35000       70.00000

   Energies (kJ/mol)
           Bond          Angle    Proper Dih. Per. Imp. Dih.          LJ-14
    1.72049e+04    4.68716e+04    5.72928e+04    2.94206e+03    2.14217e+04
     Coulomb-14        LJ (SR)  Disper. corr.   Coulomb (SR)   Coul. recip.
    2.02328e+05    4.56876e+06   -1.89037e+05   -2.86851e+07    1.06280e+05
 Position Rest.      Potential    Kinetic En.   Total Energy  Conserved En.
    6.25019e+03   -2.38447e+07    3.86313e+06   -1.99816e+07   -2.41250e+07
    Temperature Pres. DC (bar) Pressure (bar)   Constr. rmsd
    2.99597e+02   -2.00070e+02   -3.84896e+02    6.55680e-06

           Step           Time
          35500       71.00000

   Energies (kJ/mol)
           Bond          Angle    Proper Dih. Per. Imp. Dih.          LJ-14
    1.71350e+04    4.69379e+04    5.72404e+04    2.90708e+03    2.14020e+04
     Coulomb-14        LJ (SR)  Disper. corr.   Coulomb (SR)   Coul. recip.
    2.02275e+05    4.55962e+06   -1.89037e+05   -2.86723e+07    1.06046e+05
 Position Rest.      Potential    Kinetic En.   Total Energy  Conserved En.
    6.23085e+03   -2.38416e+07    3.87023e+06   -1.99714e+07   -2.41249e+07
    Temperature Pres. DC (bar) Pressure (bar)   Constr. rmsd
    3.00148e+02   -2.00070e+02   -3.73647e+02    6.55680e-06

           Step           Time
          36000       72.00000

   Energies (kJ/mol)
           Bond          Angle    Proper Dih. Per. Imp. Dih.          LJ-14
    1.75081e+04    4.66541e+04    5.71300e+04    2.91799e+03    2.15658e+04
     Coulomb-14        LJ (SR)  Disper. corr.   Coulomb (SR)   Coul. recip.
    2.02558e+05    4.56987e+06   -1.89037e+05   -2.86962e+07    1.05482e+05
 Position Rest.      Potential    Kinetic En.   Total Energy  Conserved En.
    6.20077e+03   -2.38553e+07    3.86736e+06   -1.99880e+07   -2.41248e+07
    Temperature Pres. DC (bar) Pressure (bar)   Constr. rmsd
    2.99926e+02   -2.00070e+02   -4.24328e+02    6.55680e-06

           Step           Time
          36500       73.00000

   Energies (kJ/mol)
           Bond          Angle    Proper Dih. Per. Imp. Dih.          LJ-14
    1.71756e+04    4.70625e+04    5.77183e+04    2.96483e+03    2.14982e+04
     Coulomb-14        LJ (SR)  Disper. corr.   Coulomb (SR)   Coul. recip.
    2.01523e+05    4.56519e+06   -1.89037e+05   -2.86878e+07    1.05429e+05
 Position Rest.      Potential    Kinetic En.   Total Energy  Conserved En.
    6.18379e+03   -2.38521e+07    3.86723e+06   -1.99848e+07   -2.41247e+07
    Temperature Pres. DC (bar) Pressure (bar)   Constr. rmsd
    2.99916e+02   -2.00070e+02   -3.89902e+02    6.55680e-06

           Step           Time
          37000       74.00000

   Energies (kJ/mol)
           Bond          Angle    Proper Dih. Per. Imp. Dih.          LJ-14
    1.74781e+04    4.74435e+04    5.73379e+04    2.85731e+03    2.15627e+04
     Coulomb-14        LJ (SR)  Disper. corr.   Coulomb (SR)   Coul. recip.
    2.01451e+05    4.57250e+06   -1.89037e+05   -2.86933e+07    1.06074e+05
 Position Rest.      Potential    Kinetic En.   Total Energy  Conserved En.
    6.26665e+03   -2.38494e+07    3.86906e+06   -1.99803e+07   -2.41247e+07
    Temperature Pres. DC (bar) Pressure (bar)   Constr. rmsd
    3.00057e+02   -2.00070e+02   -3.43841e+02    6.55680e-06

           Step           Time
          37500       75.00000

   Energies (kJ/mol)
           Bond          Angle    Proper Dih. Per. Imp. Dih.          LJ-14
    1.69760e+04    4.74741e+04    5.74391e+04    2.82593e+03    2.13727e+04
     Coulomb-14        LJ (SR)  Disper. corr.   Coulomb (SR)   Coul. recip.
    2.02181e+05    4.56082e+06   -1.89037e+05   -2.86721e+07    1.05729e+05
 Position Rest.      Potential    Kinetic En.   Total Energy  Conserved En.
    6.32214e+03   -2.38400e+07    3.87209e+06   -1.99679e+07   -2.41246e+07
    Temperature Pres. DC (bar) Pressure (bar)   Constr. rmsd
    3.00293e+02   -2.00070e+02   -4.05723e+02    6.55680e-06

           Step           Time
          38000       76.00000

   Energies (kJ/mol)
           Bond          Angle    Proper Dih. Per. Imp. Dih.          LJ-14
    1.73687e+04    4.65551e+04    5.70200e+04    2.86864e+03    2.14904e+04
     Coulomb-14        LJ (SR)  Disper. corr.   Coulomb (SR)   Coul. recip.
    2.02163e+05    4.56070e+06   -1.89037e+05   -2.86764e+07    1.06392e+05
 Position Rest.      Potential    Kinetic En.   Total Energy  Conserved En.
    6.14495e+03   -2.38447e+07    3.86896e+06   -1.99758e+07   -2.41245e+07
    Temperature Pres. DC (bar) Pressure (bar)   Constr. rmsd
    3.00050e+02   -2.00070e+02   -3.74115e+02    6.55680e-06

           Step           Time
          38500       77.00000

   Energies (kJ/mol)
           Bond          Angle    Proper Dih. Per. Imp. Dih.          LJ-14
    1.74608e+04    4.67425e+04    5.73867e+04    2.92147e+03    2.15971e+04
     Coulomb-14        LJ (SR)  Disper. corr.   Coulomb (SR)   Coul. recip.
    2.02118e+05    4.56436e+06   -1.89037e+05   -2.86829e+07    1.05653e+05
 Position Rest.      Potential    Kinetic En.   Total Energy  Conserved En.
    6.44998e+03   -2.38472e+07    3.86800e+06   -1.99792e+07   -2.41246e+07
    Temperature Pres. DC (bar) Pressure (bar)   Constr. rmsd
    2.99976e+02   -2.00070e+02   -3.35884e+02    6.55680e-06

           Step           Time
          39000       78.00000

   Energies (kJ/mol)
           Bond          Angle    Proper Dih. Per. Imp. Dih.          LJ-14
    1.74089e+04    4.69112e+04    5.73266e+04    2.87714e+03    2.14749e+04
     Coulomb-14        LJ (SR)  Disper. corr.   Coulomb (SR)   Coul. recip.
    2.02265e+05    4.56740e+06   -1.89037e+05   -2.86872e+07    1.06170e+05
 Position Rest.      Potential    Kinetic En.   Total Energy  Conserved En.
    6.12535e+03   -2.38483e+07    3.87022e+06   -1.99780e+07   -2.41243e+07
    Temperature Pres. DC (bar) Pressure (bar)   Constr. rmsd
    3.00147e+02   -2.00070e+02   -4.96961e+02    6.55680e-06

           Step           Time
          39500       79.00000

   Energies (kJ/mol)
           Bond          Angle    Proper Dih. Per. Imp. Dih.          LJ-14
    1.73997e+04    4.72466e+04    5.72757e+04    2.88132e+03    2.15900e+04
     Coulomb-14        LJ (SR)  Disper. corr.   Coulomb (SR)   Coul. recip.
    2.02101e+05    4.56287e+06   -1.89037e+05   -2.86826e+07    1.06188e+05
 Position Rest.      Potential    Kinetic En.   Total Energy  Conserved En.
    6.09672e+03   -2.38480e+07    3.86858e+06   -1.99794e+07   -2.41244e+07
    Temperature Pres. DC (bar) Pressure (bar)   Constr. rmsd
    3.00020e+02   -2.00070e+02   -3.82176e+02    6.55680e-06

           Step           Time
          40000       80.00000

   Energies (kJ/mol)
           Bond          Angle    Proper Dih. Per. Imp. Dih.          LJ-14
    1.72147e+04    4.71906e+04    5.74965e+04    2.94611e+03    2.14076e+04
     Coulomb-14        LJ (SR)  Disper. corr.   Coulomb (SR)   Coul. recip.
    2.02104e+05    4.55888e+06   -1.89037e+05   -2.86754e+07    1.05919e+05
 Position Rest.      Potential    Kinetic En.   Total Energy  Conserved En.
    6.19938e+03   -2.38451e+07    3.87018e+06   -1.99749e+07   -2.41242e+07
    Temperature Pres. DC (bar) Pressure (bar)   Constr. rmsd
    3.00144e+02   -2.00070e+02   -4.14941e+02    6.55680e-06

           Step           Time
          40500       81.00000

   Energies (kJ/mol)
           Bond          Angle    Proper Dih. Per. Imp. Dih.          LJ-14
    1.75599e+04    4.66329e+04    5.70128e+04    3.02865e+03    2.16085e+04
     Coulomb-14        LJ (SR)  Disper. corr.   Coulomb (SR)   Coul. recip.
    2.02300e+05    4.57055e+06   -1.89037e+05   -2.86890e+07    1.05520e+05
 Position Rest.      Potential    Kinetic En.   Total Energy  Conserved En.
    6.24522e+03   -2.38476e+07    3.87043e+06   -1.99771e+07   -2.41240e+07
    Temperature Pres. DC (bar) Pressure (bar)   Constr. rmsd
    3.00163e+02   -2.00070e+02   -3.55533e+02    6.55680e-06

           Step           Time
          41000       82.00000

   Energies (kJ/mol)
           Bond          Angle    Proper Dih. Per. Imp. Dih.          LJ-14
    1.71864e+04    4.68531e+04    5.74610e+04    2.88494e+03    2.16075e+04
     Coulomb-14        LJ (SR)  Disper. corr.   Coulomb (SR)   Coul. recip.
    2.02175e+05    4.57366e+06   -1.89037e+05   -2.86940e+07    1.05816e+05
 Position Rest.      Potential    Kinetic En.   Total Energy  Conserved En.
    6.22953e+03   -2.38491e+07    3.87133e+06   -1.99778e+07   -2.41242e+07
    Temperature Pres. DC (bar) Pressure (bar)   Constr. rmsd
    3.00234e+02   -2.00070e+02   -3.97128e+02    6.55680e-06

           Step           Time
          41500       83.00000

   Energies (kJ/mol)
           Bond          Angle    Proper Dih. Per. Imp. Dih.          LJ-14
    1.72420e+04    4.71613e+04    5.71973e+04    2.88228e+03    2.15142e+04
     Coulomb-14        LJ (SR)  Disper. corr.   Coulomb (SR)   Coul. recip.
    2.02475e+05    4.56280e+06   -1.89037e+05   -2.86808e+07    1.06104e+05
 Position Rest.      Potential    Kinetic En.   Total Energy  Conserved En.
    6.32463e+03   -2.38462e+07    3.86982e+06   -1.99764e+07   -2.41241e+07
    Temperature Pres. DC (bar) Pressure (bar)   Constr. rmsd
    3.00116e+02   -2.00070e+02   -4.16668e+02    6.55680e-06

           Step           Time
          42000       84.00000

   Energies (kJ/mol)
           Bond          Angle    Proper Dih. Per. Imp. Dih.          LJ-14
    1.72227e+04    4.74156e+04    5.71820e+04    2.78938e+03    2.15702e+04
     Coulomb-14        LJ (SR)  Disper. corr.   Coulomb (SR)   Coul. recip.
    2.01946e+05    4.56834e+06   -1.89037e+05   -2.86849e+07    1.05440e+05
 Position Rest.      Potential    Kinetic En.   Total Energy  Conserved En.
    6.32285e+03   -2.38458e+07    3.87266e+06   -1.99731e+07   -2.41240e+07
    Temperature Pres. DC (bar) Pressure (bar)   Constr. rmsd
    3.00337e+02   -2.00070e+02   -3.61175e+02    6.55680e-06

           Step           Time
          42500       85.00000

   Energies (kJ/mol)
           Bond          Angle    Proper Dih. Per. Imp. Dih.          LJ-14
    1.71750e+04    4.68069e+04    5.73436e+04    2.81615e+03    2.13933e+04
     Coulomb-14        LJ (SR)  Disper. corr.   Coulomb (SR)   Coul. recip.
    2.02185e+05    4.56655e+06   -1.89037e+05   -2.86878e+07    1.05921e+05
 Position Rest.      Potential    Kinetic En.   Total Energy  Conserved En.
    6.15409e+03   -2.38505e+07    3.86668e+06   -1.99838e+07   -2.41239e+07
    Temperature Pres. DC (bar) Pressure (bar)   Constr. rmsd
    2.99873e+02   -2.00070e+02   -3.85704e+02    6.55680e-06

           Step           Time
          43000       86.00000

   Energies (kJ/mol)
           Bond          Angle    Proper Dih. Per. Imp. Dih.          LJ-14
    1.67369e+04    4.65225e+04    5.71974e+04    2.83792e+03    2.13170e+04
     Coulomb-14        LJ (SR)  Disper. corr.   Coulomb (SR)   Coul. recip.
    2.02316e+05    4.57242e+06   -1.89037e+05   -2.86933e+07    1.05807e+05
 Position Rest.      Potential    Kinetic En.   Total Energy  Conserved En.
    6.13305e+03   -2.38510e+07    3.86609e+06   -1.99849e+07   -2.41238e+07
    Temperature Pres. DC (bar) Pressure (bar)   Constr. rmsd
    2.99827e+02   -2.00070e+02   -3.96837e+02    6.55680e-06

           Step           Time
          43500       87.00000

   Energies (kJ/mol)
           Bond          Angle    Proper Dih. Per. Imp. Dih.          LJ-14
    1.73683e+04    4.66592e+04    5.72880e+04    2.96175e+03    2.16221e+04
     Coulomb-14        LJ (SR)  Disper. corr.   Coulomb (SR)   Coul. recip.
    2.02140e+05    4.56986e+06   -1.89037e+05   -2.86920e+07    1.06003e+05
 Position Rest.      Potential    Kinetic En.   Total Energy  Conserved En.
    6.15794e+03   -2.38510e+07    3.87036e+06   -1.99806e+07   -2.41239e+07
    Temperature Pres. DC (bar) Pressure (bar)   Constr. rmsd
    3.00158e+02   -2.00070e+02   -3.90601e+02    6.55680e-06

           Step           Time
          44000       88.00000

   Energies (kJ/mol)
           Bond          Angle    Proper Dih. Per. Imp. Dih.          LJ-14
    1.76363e+04    4.74844e+04    5.74247e+04    2.91616e+03    2.15695e+04
     Coulomb-14        LJ (SR)  Disper. corr.   Coulomb (SR)   Coul. recip.
    2.01778e+05    4.57463e+06   -1.89037e+05   -2.86913e+07    1.06122e+05
 Position Rest.      Potential    Kinetic En.   Total Energy  Conserved En.
    6.25139e+03   -2.38445e+07    3.87422e+06   -1.99703e+07   -2.41236e+07
    Temperature Pres. DC (bar) Pressure (bar)   Constr. rmsd
    3.00458e+02   -2.00070e+02   -3.01961e+02    6.55680e-06

           Step           Time
          44500       89.00000

   Energies (kJ/mol)
           Bond          Angle    Proper Dih. Per. Imp. Dih.          LJ-14
    1.77514e+04    4.59801e+04    5.71934e+04    2.93384e+03    2.13170e+04
     Coulomb-14        LJ (SR)  Disper. corr.   Coulomb (SR)   Coul. recip.
    2.02068e+05    4.55656e+06   -1.89037e+05   -2.86723e+07    1.05645e+05
 Position Rest.      Potential    Kinetic En.   Total Energy  Conserved En.
    6.21395e+03   -2.38457e+07    3.86776e+06   -1.99780e+07   -2.41236e+07
    Temperature Pres. DC (bar) Pressure (bar)   Constr. rmsd
    2.99957e+02   -2.00070e+02   -4.56504e+02    6.55680e-06

           Step           Time
          45000       90.00000

   Energies (kJ/mol)
           Bond          Angle    Proper Dih. Per. Imp. Dih.          LJ-14
    1.70496e+04    4.64055e+04    5.73775e+04    3.00881e+03    2.15517e+04
     Coulomb-14        LJ (SR)  Disper. corr.   Coulomb (SR)   Coul. recip.
    2.02225e+05    4.57268e+06   -1.89037e+05   -2.86991e+07    1.05749e+05
 Position Rest.      Potential    Kinetic En.   Total Energy  Conserved En.
    6.31490e+03   -2.38558e+07    3.86444e+06   -1.99913e+07   -2.41235e+07
    Temperature Pres. DC (bar) Pressure (bar)   Constr. rmsd
    2.99699e+02   -2.00070e+02   -4.81610e+02    6.55680e-06

           Step           Time
          45500       91.00000

   Energies (kJ/mol)
           Bond          Angle    Proper Dih. Per. Imp. Dih.          LJ-14
    1.69990e+04    4.65974e+04    5.73556e+04    2.88196e+03    2.15037e+04
     Coulomb-14        LJ (SR)  Disper. corr.   Coulomb (SR)   Coul. recip.
    2.01942e+05    4.55835e+06   -1.89037e+05   -2.86781e+07    1.05656e+05
 Position Rest.      Potential    Kinetic En.   Total Energy  Conserved En.
    6.04227e+03   -2.38498e+07    3.87339e+06   -1.99764e+07   -2.41237e+07
    Temperature Pres. DC (bar) Pressure (bar)   Constr. rmsd
    3.00393e+02   -2.00070e+02   -4.57668e+02    6.55680e-06

           Step           Time
          46000       92.00000

   Energies (kJ/mol)
           Bond          Angle    Proper Dih. Per. Imp. Dih.          LJ-14
    1.71142e+04    4.71133e+04    5.74923e+04    2.87710e+03    2.16135e+04
     Coulomb-14        LJ (SR)  Disper. corr.   Coulomb (SR)   Coul. recip.
    2.02354e+05    4.57831e+06   -1.89037e+05   -2.87056e+07    1.05566e+05
 Position Rest.      Potential    Kinetic En.   Total Energy  Conserved En.
    6.33362e+03   -2.38559e+07    3.87115e+06   -1.99848e+07   -2.41233e+07
    Temperature Pres. DC (bar) Pressure (bar)   Constr. rmsd
    3.00219e+02   -2.00070e+02   -3.09051e+02    6.55680e-06

           Step           Time
          46500       93.00000

   Energies (kJ/mol)
           Bond          Angle    Proper Dih. Per. Imp. Dih.          LJ-14
    1.71622e+04    4.70358e+04    5.74399e+04    2.83639e+03    2.15663e+04
     Coulomb-14        LJ (SR)  Disper. corr.   Coulomb (SR)   Coul. recip.
    2.02664e+05    4.57224e+06   -1.89037e+05   -2.87017e+07    1.05971e+05
 Position Rest.      Potential    Kinetic En.   Total Energy  Conserved En.
    6.53915e+03   -2.38573e+07    3.87241e+06   -1.99849e+07   -2.41232e+07
    Temperature Pres. DC (bar) Pressure (bar)   Constr. rmsd
    3.00317e+02   -2.00070e+02   -4.51980e+02    6.55680e-06

Writing checkpoint, step 46700 at Fri Oct 31 04:02:40 2025


           Step           Time
          47000       94.00000

   Energies (kJ/mol)
           Bond          Angle    Proper Dih. Per. Imp. Dih.          LJ-14
    1.74656e+04    4.65946e+04    5.70221e+04    2.73441e+03    2.14208e+04
     Coulomb-14        LJ (SR)  Disper. corr.   Coulomb (SR)   Coul. recip.
    2.01956e+05    4.56549e+06   -1.89037e+05   -2.86854e+07    1.05260e+05
 Position Rest.      Potential    Kinetic En.   Total Energy  Conserved En.
    6.38212e+03   -2.38502e+07    3.86643e+06   -1.99837e+07   -2.41233e+07
    Temperature Pres. DC (bar) Pressure (bar)   Constr. rmsd
    2.99853e+02   -2.00070e+02   -3.47251e+02    6.55680e-06

           Step           Time
          47500       95.00000

   Energies (kJ/mol)
           Bond          Angle    Proper Dih. Per. Imp. Dih.          LJ-14
    1.72118e+04    4.66149e+04    5.72295e+04    2.82334e+03    2.13789e+04
     Coulomb-14        LJ (SR)  Disper. corr.   Coulomb (SR)   Coul. recip.
    2.01756e+05    4.57140e+06   -1.89037e+05   -2.86893e+07    1.05359e+05
 Position Rest.      Potential    Kinetic En.   Total Energy  Conserved En.
    6.24768e+03   -2.38483e+07    3.86718e+06   -1.99811e+07   -2.41232e+07
    Temperature Pres. DC (bar) Pressure (bar)   Constr. rmsd
    2.99912e+02   -2.00070e+02   -3.72303e+02    6.55680e-06

           Step           Time
          48000       96.00000

   Energies (kJ/mol)
           Bond          Angle    Proper Dih. Per. Imp. Dih.          LJ-14
    1.70351e+04    4.71535e+04    5.73059e+04    2.87826e+03    2.15036e+04
     Coulomb-14        LJ (SR)  Disper. corr.   Coulomb (SR)   Coul. recip.
    2.02566e+05    4.57329e+06   -1.89037e+05   -2.86950e+07    1.06156e+05
 Position Rest.      Potential    Kinetic En.   Total Energy  Conserved En.
    6.43125e+03   -2.38498e+07    3.87350e+06   -1.99763e+07   -2.41231e+07
    Temperature Pres. DC (bar) Pressure (bar)   Constr. rmsd
    3.00402e+02   -2.00070e+02   -3.62922e+02    6.55680e-06

           Step           Time
          48500       97.00000

   Energies (kJ/mol)
           Bond          Angle    Proper Dih. Per. Imp. Dih.          LJ-14
    1.73168e+04    4.68805e+04    5.71736e+04    2.78703e+03    2.14627e+04
     Coulomb-14        LJ (SR)  Disper. corr.   Coulomb (SR)   Coul. recip.
    2.03004e+05    4.56263e+06   -1.89037e+05   -2.86812e+07    1.05774e+05
 Position Rest.      Potential    Kinetic En.   Total Energy  Conserved En.
    6.22757e+03   -2.38470e+07    3.87066e+06   -1.99763e+07   -2.41228e+07
    Temperature Pres. DC (bar) Pressure (bar)   Constr. rmsd
    3.00182e+02   -2.00070e+02   -3.87283e+02    6.55680e-06

           Step           Time
          49000       98.00000

   Energies (kJ/mol)
           Bond          Angle    Proper Dih. Per. Imp. Dih.          LJ-14
    1.78776e+04    4.72854e+04    5.73367e+04    2.80893e+03    2.14983e+04
     Coulomb-14        LJ (SR)  Disper. corr.   Coulomb (SR)   Coul. recip.
    2.02042e+05    4.57624e+06   -1.89037e+05   -2.86978e+07    1.05698e+05
 Position Rest.      Potential    Kinetic En.   Total Energy  Conserved En.
    6.54618e+03   -2.38495e+07    3.87439e+06   -1.99751e+07   -2.41230e+07
    Temperature Pres. DC (bar) Pressure (bar)   Constr. rmsd
    3.00471e+02   -2.00070e+02   -2.89866e+02    6.55680e-06

           Step           Time
          49500       99.00000

   Energies (kJ/mol)
           Bond          Angle    Proper Dih. Per. Imp. Dih.          LJ-14
    1.75790e+04    4.69899e+04    5.72422e+04    2.89467e+03    2.14421e+04
     Coulomb-14        LJ (SR)  Disper. corr.   Coulomb (SR)   Coul. recip.
    2.02385e+05    4.57074e+06   -1.89037e+05   -2.86909e+07    1.06015e+05
 Position Rest.      Potential    Kinetic En.   Total Energy  Conserved En.
    6.19220e+03   -2.38485e+07    3.87245e+06   -1.99760e+07   -2.41229e+07
    Temperature Pres. DC (bar) Pressure (bar)   Constr. rmsd
    3.00321e+02   -2.00070e+02   -3.79480e+02    6.55680e-06

           Step           Time
          50000      100.00000

Writing checkpoint, step 50000 at Fri Oct 31 04:04:45 2025


   Energies (kJ/mol)
           Bond          Angle    Proper Dih. Per. Imp. Dih.          LJ-14
    1.71606e+04    4.73710e+04    5.73454e+04    2.80840e+03    2.15309e+04
     Coulomb-14        LJ (SR)  Disper. corr.   Coulomb (SR)   Coul. recip.
    2.02052e+05    4.55539e+06   -1.89037e+05   -2.86699e+07    1.05980e+05
 Position Rest.      Potential    Kinetic En.   Total Energy  Conserved En.
    6.25290e+03   -2.38431e+07    3.87227e+06   -1.99708e+07   -2.41228e+07
    Temperature Pres. DC (bar) Pressure (bar)   Constr. rmsd
    3.00307e+02   -2.00070e+02   -4.09511e+02    6.55680e-06


Energy conservation over simulation part #1 of length 100 ps, time 0 to 100 ps
  Conserved energy drift: 2.54e-04 kJ/mol/ps per atom


	<======  ###############  ==>
	<====  A V E R A G E S  ====>
	<==  ###############  ======>

	Statistics over 50001 steps using 501 frames

   Energies (kJ/mol)
           Bond          Angle    Proper Dih. Per. Imp. Dih.          LJ-14
    1.71648e+04    4.68194e+04    5.73577e+04    2.86670e+03    2.15157e+04
     Coulomb-14        LJ (SR)  Disper. corr.   Coulomb (SR)   Coul. recip.
    2.02089e+05    4.56788e+06   -1.89037e+05   -2.86927e+07    1.02593e+05
 Position Rest.      Potential    Kinetic En.   Total Energy  Conserved En.
    6.19750e+03   -2.38572e+07    3.86557e+06   -1.99917e+07   -2.41263e+07
    Temperature Pres. DC (bar) Pressure (bar)   Constr. rmsd
    2.99786e+02   -2.00070e+02   -4.14786e+02    0.00000e+00

   Total Virial (kJ/mol)
    1.48473e+06    6.38964e+02    9.21379e+01
    6.34890e+02    1.48611e+06   -7.03920e+02
    9.22031e+01   -7.04261e+02    1.48330e+06

   Pressure (bar)
   -4.14910e+02   -1.54091e+00    6.55388e-02
   -1.53230e+00   -4.17302e+02    1.50311e+00
    6.54008e-02    1.50384e+00   -4.12147e+02

T-Protein_OtherT-Water_and_ions
    3.00027e+02    2.99782e+02


       P P   -   P M E   L O A D   B A L A N C I N G

 PP/PME load balancing changed the cut-off and PME settings:
           particle-particle                    PME
            rcoulomb  rlist            grid      spacing   1/beta
   initial  1.000 nm  1.003 nm     240 240 240   0.114 nm  0.320 nm
   final    1.054 nm  1.057 nm     216 216 216   0.127 nm  0.338 nm
 cost-ratio           1.17             0.73
 (note that these numbers concern only part of the total PP and PME load)


	M E G A - F L O P S   A C C O U N T I N G

 NB=Group-cutoff nonbonded kernels    NxN=N-by-N cluster Verlet kernels
 RF=Reaction-Field  VdW=Van der Waals  QSTab=quadratic-spline table
 W3=SPC/TIP3p  W4=TIP4p (single or pairs)
 V&F=Potential and force  V=Potential only  F=Force only

 Computing:                               M-Number         M-Flops  % Flops
-----------------------------------------------------------------------------
 Pair Search distance check           80379.750352      723417.753     0.0
 NxN QSTab Elec. + LJ [F]          74802313.447488  3066894851.347    98.5
 NxN QSTab Elec. + LJ [V&F]          757210.662016    44675429.059     1.4
 1,4 nonbonded interactions            2963.609271      266724.834     0.0
 Shift-X                                774.180771        4645.085     0.0
 Bonds                                  566.461329       33421.218     0.0
 Angles                                2054.491089      345154.503     0.0
 Propers                               3174.413487      726940.689     0.0
 Impropers                              214.304286       44575.291     0.0
 Pos. Restr.                            556.311126       27815.556     0.0
 Virial                                 774.203316       13935.660     0.0
 Stop-CM                                775.726042        7757.260     0.0
 Calc-Ekin                            15455.800542      417306.615     0.0
 Lincs                                    0.022572           1.354     0.0
 Lincs-Mat                                0.124920           0.500     0.0
 Constraint-V                             1.545417          13.909     0.0
 Settle                                   1.015230         375.635     0.0
-----------------------------------------------------------------------------
 Total                                              3114182366.268   100.0
-----------------------------------------------------------------------------


      R E A L   C Y C L E   A N D   T I M E   A C C O U N T I N G

On 1 MPI rank, each using 64 OpenMP threads

 Activity:              Num   Num      Call    Wall time         Giga-Cycles
                        Ranks Threads  Count      (s)         total sum    %
--------------------------------------------------------------------------------
 Neighbor search           1   64        501      57.606       7723.905   3.0
 Launch PP GPU ops.        1   64      99501       5.295        709.922   0.3
 Force                     1   64      50001    1397.383     187364.315  72.3
 PME GPU mesh              1   64      50001       7.440        997.549   0.4
 Wait GPU NB local         1   64      50001       0.066          8.900   0.0
 Wait GPU state copy       1   64      62003     204.213      27381.362  10.6
 NB X/F buffer ops.        1   64        501       4.624        620.037   0.2
 Write traj.               1   64        103      80.884      10845.149   4.2
 Constraints               1   64          2       0.037          4.977   0.0
 Rest                                            175.891      23583.879   9.1
--------------------------------------------------------------------------------
 Total                                          1933.439     259239.996 100.0
--------------------------------------------------------------------------------
 Breakdown of PME mesh activities
--------------------------------------------------------------------------------
 Wait PME GPU gather       1   64      50001       0.017          2.244   0.0
 Reduce GPU PME F          1   64      50001       4.483        601.044   0.2
 Launch PME GPU ops.       1   64     400039       2.796        374.887   0.1
--------------------------------------------------------------------------------

               Core t (s)   Wall t (s)        (%)
       Time:   123719.218     1933.439     6398.9
                         32:13
                 (ns/day)    (hour/ns)
Performance:        4.469        5.371
Finished mdrun on rank 0 Fri Oct 31 04:04:52 2025

