                :-) GROMACS - gmx mdrun, 2024.2-conda_forge (-:

Copyright 1991-2024 The GROMACS Authors.
GROMACS is free software; you can redistribute it and/or modify it
under the terms of the GNU Lesser General Public License
as published by the Free Software Foundation; either version 2.1
of the License, or (at your option) any later version.

                         Current GROMACS contributors:
       Mark Abraham           Andrey Alekseenko           Vladimir Basov      
      Cathrine Bergh            Eliane Briand               Ania Brown        
      Mahesh Doijade            Giacomo Fiorin          Stefan Fleischmann    
      Sergey Gorelov         Gilles Gouaillardet            Alan Gray         
     M. Eric Irrgang         Farzaneh Jalalypour            Joe Jordan        
     Carsten Kutzner           Justin A. Lemkul          Magnus Lundborg      
       Pascal Merz              Vedran Miletic            Dmitry Morozov      
       Julien Nabet              Szilard Pall        Andrea Pasquadibisceglie 
    Michele Pellegrino          Hubert Santuz             Roland Schulz       
     Tatiana Shugaeva          Alexey Shvetsov            Philip Turner       
     Alessandra Villa      Sebastian Wingbermuehle  

                         Previous GROMACS contributors:
        Emile Apol             Rossen Apostolov           James Barnett       
        Paul Bauer          Herman J.C. Berendsen          Par Bjelkmar       
      Christian Blau          Viacheslav Bolnykh            Kevin Boyd        
    Aldert van Buuren          Carlo Camilloni           Rudi van Drunen      
      Anton Feenstra           Oliver Fleetwood            Vytas Gapsys       
       Gaurav Garg             Gerrit Groenhof            Bert de Groot       
      Anca Hamuraru           Vincent Hindriksen          Victor Holanda      
     Aleksei Iupinov          Christoph Junghans        Prashanth Kanduri     
   Dimitrios Karkoulis           Peter Kasson             Sebastian Kehl      
     Sebastian Keller             Jiri Kraus               Per Larsson        
      Viveca Lindahl            Erik Marklund           Pieter Meulenhoff     
      Teemu Murtola              Sander Pronk             Michael Shirts      
      Alfons Sijbers            Balint Soproni         David van der Spoel    
      Peter Tieleman            Carsten Uphoff             Jon Vincent        
     Teemu Virolainen         Christian Wennberg           Maarten Wolf       
      Artem Zhmurov       

                  Coordinated by the GROMACS project leaders:
                           Berk Hess and Erik Lindahl

GROMACS:      gmx mdrun, version 2024.2-conda_forge
Executable:   /usr/local/bin.AVX2_256/gmx
Data prefix:  /usr/local
Working dir:  /home/admin/gitrepos/gromacs_sims/zeb_hb/zeb_hb_only_sim/sys_equi/sys_equi/01_equi_CA
Process ID:   388303
Command line:
  gmx mdrun -s equi_CA_zeb_hb_only.tpr -deffnm equi_CA_zeb_hb_only -nt 16 -ntmpi 0 -nsteps -2 -nocopyright -gpu_id 0

GROMACS version:     2024.2-conda_forge
Precision:           mixed
Memory model:        64 bit
MPI library:         thread_mpi
OpenMP support:      enabled (GMX_OPENMP_MAX_THREADS = 128)
GPU support:         CUDA
NBNxM GPU setup:     super-cluster 2x2x2 / cluster 8
SIMD instructions:   AVX2_256
CPU FFT library:     fftw-3.3.10-sse2-avx
GPU FFT library:     cuFFT
Multi-GPU FFT:       none
RDTSCP usage:        disabled
TNG support:         enabled
Hwloc support:       disabled
Tracing support:     disabled
C compiler:          /home/conda/feedstock_root/build_artifacts/gromacs_1720551881628/_build_env/bin/x86_64-conda-linux-gnu-cc GNU 11.4.0
C compiler flags:    -fexcess-precision=fast -funroll-all-loops -mavx2 -mfma -Wno-missing-field-initializers -O3 -DNDEBUG
C++ compiler:        /home/conda/feedstock_root/build_artifacts/gromacs_1720551881628/_build_env/bin/x86_64-conda-linux-gnu-c++ GNU 11.4.0
C++ compiler flags:  -fexcess-precision=fast -funroll-all-loops -mavx2 -mfma -Wno-missing-field-initializers -Wno-cast-function-type-strict SHELL:-fopenmp -O3 -DNDEBUG
BLAS library:        Internal
LAPACK library:      Internal
CUDA compiler:       /usr/local/cuda/bin/nvcc nvcc: NVIDIA (R) Cuda compiler driver;Copyright (c) 2005-2022 NVIDIA Corporation;Built on Wed_Sep_21_10:33:58_PDT_2022;Cuda compilation tools, release 11.8, V11.8.89;Build cuda_11.8.r11.8/compiler.31833905_0
CUDA compiler flags:-std=c++17;--generate-code=arch=compute_35,code=sm_35;--generate-code=arch=compute_37,code=sm_37;--generate-code=arch=compute_50,code=sm_50;--generate-code=arch=compute_52,code=sm_52;--generate-code=arch=compute_60,code=sm_60;--generate-code=arch=compute_61,code=sm_61;--generate-code=arch=compute_70,code=sm_70;--generate-code=arch=compute_75,code=sm_75;--generate-code=arch=compute_80,code=sm_80;--generate-code=arch=compute_86,code=sm_86;--generate-code=arch=compute_89,code=sm_89;--generate-code=arch=compute_90,code=sm_90;-Wno-deprecated-gpu-targets;--generate-code=arch=compute_53,code=sm_53;--generate-code=arch=compute_80,code=sm_80;-use_fast_math;-Xptxas;-warn-double-usage;-Xptxas;-Werror;;-Xcompiler;-fopenmp;-fexcess-precision=fast -funroll-all-loops -mavx2 -mfma -Wno-missing-field-initializers -Wno-cast-function-type-strict SHELL:-fopenmp -O3 -DNDEBUG
CUDA driver:         12.0
CUDA runtime:        11.80


Running on 1 node with total 8 cores, 16 processing units, 1 compatible GPU
Hardware detected on host shavak-DIT400TR-55L:
  CPU info:
    Vendor: Intel
    Brand:  Intel(R) Xeon(R) Gold 6226R CPU @ 2.90GHz
    Family: 6   Model: 85   Stepping: 7
    Features: aes apic avx avx2 avx512f avx512cd avx512bw avx512vl avx512secondFMA clfsh cmov cx8 cx16 f16c fma htt intel lahf mmx msr nonstop_tsc pcid pclmuldq pdcm pdpe1gb popcnt pse rdrnd rdtscp sse2 sse3 sse4.1 sse4.2 ssse3 tdt x2apic
    Number of AVX-512 FMA units: 2
  Hardware topology: Basic
    Packages, cores, and logical processors:
    [indices refer to OS logical processors]
      Package  0: [   6  38] [   7  39] [  12  44] [  13  45] [  14  46] [  15  47]
      Package  1: [  16  48] [  17  49]
    CPU limit set by OS: -1   Recommended max number of threads: 16
  GPU info:
    Number of GPUs detected: 1
    #0: NVIDIA Quadro RTX 5000, compute cap.: 7.5, ECC:  no, stat: compatible

Likely fastest SIMD instructions supported by all nodes: AVX_512
SIMD instructions selected at compile time:              AVX2_256
Merely a note: it is unfortunately hard to know for sure which SIMD
instructons will perform best on this hardware. For non-GPU runs
on Intel CPUs with dual AVX-512 units, using AVX-512 can be good,
while AVX2 is often better for runs also using a GPU. Typically
this is just a few percent, so don't worry unless you are tuning.

The current CPU can measure timings more accurately than the code in
gmx mdrun was configured to use. This might affect your simulation
speed as accurate timings are needed for load-balancing.
Please consider rebuilding gmx mdrun with the GMX_USE_RDTSCP=ON CMake option.

++++ PLEASE READ AND CITE THE FOLLOWING REFERENCE ++++
M. J. Abraham, T. Murtola, R. Schulz, S. Páll, J. C. Smith, B. Hess, E.
Lindahl
GROMACS: High performance molecular simulations through multi-level
parallelism from laptops to supercomputers
SoftwareX 1 (2015) pp. 19-25
-------- -------- --- Thank You --- -------- --------


++++ PLEASE READ AND CITE THE FOLLOWING REFERENCE ++++
S. Páll, M. J. Abraham, C. Kutzner, B. Hess, E. Lindahl
Tackling Exascale Software Challenges in Molecular Dynamics Simulations with
GROMACS
In S. Markidis & E. Laure (Eds.), Solving Software Challenges for Exascale 8759 (2015) pp. 3-27
-------- -------- --- Thank You --- -------- --------


++++ PLEASE READ AND CITE THE FOLLOWING REFERENCE ++++
S. Pronk, S. Páll, R. Schulz, P. Larsson, P. Bjelkmar, R. Apostolov, M. R.
Shirts, J. C. Smith, P. M. Kasson, D. van der Spoel, B. Hess, and E. Lindahl
GROMACS 4.5: a high-throughput and highly parallel open source molecular
simulation toolkit
Bioinformatics 29 (2013) pp. 845-54
-------- -------- --- Thank You --- -------- --------


++++ PLEASE READ AND CITE THE FOLLOWING REFERENCE ++++
B. Hess and C. Kutzner and D. van der Spoel and E. Lindahl
GROMACS 4: Algorithms for highly efficient, load-balanced, and scalable
molecular simulation
J. Chem. Theory Comput. 4 (2008) pp. 435-447
-------- -------- --- Thank You --- -------- --------


++++ PLEASE READ AND CITE THE FOLLOWING REFERENCE ++++
D. van der Spoel, E. Lindahl, B. Hess, G. Groenhof, A. E. Mark and H. J. C.
Berendsen
GROMACS: Fast, Flexible and Free
J. Comp. Chem. 26 (2005) pp. 1701-1719
-------- -------- --- Thank You --- -------- --------


++++ PLEASE READ AND CITE THE FOLLOWING REFERENCE ++++
E. Lindahl and B. Hess and D. van der Spoel
GROMACS 3.0: A package for molecular simulation and trajectory analysis
J. Mol. Mod. 7 (2001) pp. 306-317
-------- -------- --- Thank You --- -------- --------


++++ PLEASE READ AND CITE THE FOLLOWING REFERENCE ++++
H. J. C. Berendsen, D. van der Spoel and R. van Drunen
GROMACS: A message-passing parallel molecular dynamics implementation
Comp. Phys. Comm. 91 (1995) pp. 43-56
-------- -------- --- Thank You --- -------- --------

Input Parameters:
   integrator                     = md
   tinit                          = 0
   dt                             = 0.002
   nsteps                         = 500000
   init-step                      = 0
   simulation-part                = 1
   mts                            = false
   mass-repartition-factor        = 1
   comm-mode                      = None
   nstcomm                        = 0
   bd-fric                        = 0
   ld-seed                        = -52806146
   emtol                          = 10
   emstep                         = 0.01
   niter                          = 20
   fcstep                         = 0
   nstcgsteep                     = 1000
   nbfgscorr                      = 10
   rtpi                           = 0.05
   nstxout                        = 200000
   nstvout                        = 200000
   nstfout                        = 0
   nstlog                         = 5000
   nstcalcenergy                  = 100
   nstenergy                      = 5000
   nstxout-compressed             = 5000
   compressed-x-precision         = 1000
   cutoff-scheme                  = Verlet
   nstlist                        = 10
   pbc                            = xyz
   periodic-molecules             = false
   verlet-buffer-tolerance        = 0.005
   verlet-buffer-pressure-tolerance = 0.5
   rlist                          = 1
   coulombtype                    = PME
   coulomb-modifier               = Potential-shift
   rcoulomb-switch                = 0
   rcoulomb                       = 1
   epsilon-r                      = 1
   epsilon-rf                     = inf
   vdw-type                       = Cut-off
   vdw-modifier                   = Potential-shift
   rvdw-switch                    = 0
   rvdw                           = 1
   DispCorr                       = EnerPres
   table-extension                = 1
   fourierspacing                 = 0.12
   fourier-nx                     = 72
   fourier-ny                     = 72
   fourier-nz                     = 72
   pme-order                      = 4
   ewald-rtol                     = 1e-05
   ewald-rtol-lj                  = 0.001
   lj-pme-comb-rule               = Geometric
   ewald-geometry                 = 3d
   epsilon-surface                = 0
   ensemble-temperature-setting   = constant
   ensemble-temperature           = 310
   tcoupl                         = V-rescale
   nsttcouple                     = 10
   nh-chain-length                = 0
   print-nose-hoover-chain-variables = false
   pcoupl                         = Berendsen
   pcoupltype                     = Isotropic
   nstpcouple                     = 100
   tau-p                          = 5
   compressibility (3x3):
      compressibility[    0]={ 4.50000e-05,  0.00000e+00,  0.00000e+00}
      compressibility[    1]={ 0.00000e+00,  4.50000e-05,  0.00000e+00}
      compressibility[    2]={ 0.00000e+00,  0.00000e+00,  4.50000e-05}
   ref-p (3x3):
      ref-p[    0]={ 1.00000e+00,  0.00000e+00,  0.00000e+00}
      ref-p[    1]={ 0.00000e+00,  1.00000e+00,  0.00000e+00}
      ref-p[    2]={ 0.00000e+00,  0.00000e+00,  1.00000e+00}
   refcoord-scaling               = COM
   posres-com (3):
      posres-com[0]= 4.97409e-01
      posres-com[1]= 4.94917e-01
      posres-com[2]= 5.03299e-01
   posres-comB (3):
      posres-comB[0]= 4.97409e-01
      posres-comB[1]= 4.94917e-01
      posres-comB[2]= 5.03299e-01
   QMMM                           = false
qm-opts:
   ngQM                           = 0
   constraint-algorithm           = Lincs
   continuation                   = false
   Shake-SOR                      = false
   shake-tol                      = 0.0001
   lincs-order                    = 4
   lincs-iter                     = 1
   lincs-warnangle                = 30
   nwall                          = 0
   wall-type                      = 9-3
   wall-r-linpot                  = -1
   wall-atomtype[0]               = -1
   wall-atomtype[1]               = -1
   wall-density[0]                = 0
   wall-density[1]                = 0
   wall-ewald-zfac                = 3
   pull                           = false
   awh                            = false
   rotation                       = false
   interactiveMD                  = false
   disre                          = Simple
   disre-weighting                = Conservative
   disre-mixed                    = false
   dr-fc                          = 1000
   dr-tau                         = 0
   nstdisreout                    = 0
   orire-fc                       = 0
   orire-tau                      = 0
   nstorireout                    = 100
   free-energy                    = no
   cos-acceleration               = 0
   deform (3x3):
      deform[    0]={ 0.00000e+00,  0.00000e+00,  0.00000e+00}
      deform[    1]={ 0.00000e+00,  0.00000e+00,  0.00000e+00}
      deform[    2]={ 0.00000e+00,  0.00000e+00,  0.00000e+00}
   simulated-tempering            = false
   swapcoords                     = no
   userint1                       = 0
   userint2                       = 0
   userint3                       = 0
   userint4                       = 0
   userreal1                      = 0
   userreal2                      = 0
   userreal3                      = 0
   userreal4                      = 0
   applied-forces:
     electric-field:
       x:
         E0                       = 0
         omega                    = 0
         t0                       = 0
         sigma                    = 0
       y:
         E0                       = 0
         omega                    = 0
         t0                       = 0
         sigma                    = 0
       z:
         E0                       = 0
         omega                    = 0
         t0                       = 0
         sigma                    = 0
     density-guided-simulation:
       active                     = false
       group                      = protein
       similarity-measure         = inner-product
       atom-spreading-weight      = unity
       force-constant             = 1e+09
       gaussian-transform-spreading-width = 0.2
       gaussian-transform-spreading-range-in-multiples-of-width = 4
       reference-density-filename = reference.mrc
       nst                        = 1
       normalize-densities        = true
       adaptive-force-scaling     = false
       adaptive-force-scaling-time-constant = 4
       shift-vector               = 
       transformation-matrix      = 
     qmmm-cp2k:
       active                     = false
       qmgroup                    = System
       qmmethod                   = PBE
       qmfilenames                = 
       qmcharge                   = 0
       qmmultiplicity             = 1
     colvars:
       active                     = false
       configfile                 = 
       seed                       = -1
grpopts:
   nrdf:        5535       61119
   ref-t:         310         310
   tau-t:         0.1         0.1
annealing:          No          No
annealing-npoints:           0           0
   acc:	           0           0           0
   nfreeze:           N           N           N
   energygrp-flags[  0]: 0

Changing nstlist from 10 to 100, rlist from 1 to 1.174


When checking whether update groups are usable:
  Domain decomposition is not active, so there is no need for update groups
1 GPU selected for this run.
Mapping of GPU IDs to the 2 GPU tasks in the 1 rank on this node:
  PP:0,PME:0
PP tasks will do (non-perturbed) short-ranged interactions on the GPU
PP task will update and constrain coordinates on the GPU
PME tasks will do all aspects on the GPU
Using 1 MPI thread

Non-default thread affinity set, disabling internal thread affinity

Using 16 OpenMP threads 

System total charge: -0.000
Will do PME sum in reciprocal space for electrostatic interactions.

++++ PLEASE READ AND CITE THE FOLLOWING REFERENCE ++++
U. Essmann, L. Perera, M. L. Berkowitz, T. Darden, H. Lee and L. G. Pedersen 
A smooth particle mesh Ewald method
J. Chem. Phys. 103 (1995) pp. 8577-8592
-------- -------- --- Thank You --- -------- --------

Using a Gaussian width (1/beta) of 0.320163 nm for Ewald
Potential shift: LJ r^-12: -1.000e+00 r^-6: -1.000e+00, Ewald -1.000e-05
Initialized non-bonded Coulomb Ewald tables, spacing: 9.33e-04 size: 1073

Generated table with 1087 data points for 1-4 COUL.
Tabscale = 500 points/nm
Generated table with 1087 data points for 1-4 LJ6.
Tabscale = 500 points/nm
Generated table with 1087 data points for 1-4 LJ12.
Tabscale = 500 points/nm
Long Range LJ corr.: <C6> 3.0941e-04


Using GPU 8x8 nonbonded short-range kernels

Using a dual 8x8 pair-list setup updated with dynamic, rolling pruning:
  outer list: updated every 100 steps, buffer 0.174 nm, rlist 1.174 nm
  inner list: updated every   8 steps, buffer 0.001 nm, rlist 1.001 nm
At tolerance 0.005 kJ/mol/ps per atom, equivalent classical 1x1 list would be:
  outer list: updated every 100 steps, buffer 0.312 nm, rlist 1.312 nm
  inner list: updated every   8 steps, buffer 0.031 nm, rlist 1.031 nm

The average pressure is off by at most 0.54 bar due to missing LJ interactions

Using Lorentz-Berthelot Lennard-Jones combination rule
Removing pbc first time

Initializing LINear Constraint Solver

++++ PLEASE READ AND CITE THE FOLLOWING REFERENCE ++++
B. Hess and H. Bekker and H. J. C. Berendsen and J. G. E. M. Fraaije
LINCS: A Linear Constraint Solver for molecular simulations
J. Comp. Chem. 18 (1997) pp. 1463-1472
-------- -------- --- Thank You --- -------- --------

The number of constraints is 1125

++++ PLEASE READ AND CITE THE FOLLOWING REFERENCE ++++
S. Miyamoto and P. A. Kollman
SETTLE: An Analytical Version of the SHAKE and RATTLE Algorithms for Rigid
Water Models
J. Comp. Chem. 13 (1992) pp. 952-962
-------- -------- --- Thank You --- -------- --------


++++ PLEASE READ AND CITE THE FOLLOWING REFERENCE ++++
G. Bussi, D. Donadio and M. Parrinello
Canonical sampling through velocity rescaling
J. Chem. Phys. 126 (2007) pp. 014101
-------- -------- --- Thank You --- -------- --------

There are: 32751 Atoms

Updating coordinates and applying constraints on the GPU.

Constraining the starting coordinates (step 0)

Constraining the coordinates at t0-dt (step 0)
RMS relative constraint deviation after constraining: 3.22e-06
Initial temperature: 309.815 K

Started mdrun on rank 0 Tue Sep 24 13:45:16 2024

           Step           Time
              0        0.00000

   Energies (kJ/mol)
           Bond          Angle    Proper Dih. Per. Imp. Dih.          LJ-14
    1.73409e+03    5.05715e+03    6.16327e+03    2.78559e+02    2.17000e+03
     Coulomb-14        LJ (SR)  Disper. corr.   Coulomb (SR)   Coul. recip.
    3.12188e+04    5.93377e+04   -4.18641e+03   -5.38400e+05    3.28575e+03
 Position Rest.      Potential    Kinetic En.   Total Energy  Conserved En.
    3.65543e+01   -4.33305e+05    8.65882e+04   -3.46717e+05   -3.46723e+05
    Temperature Pres. DC (bar) Pressure (bar)   Constr. rmsd
    3.12484e+02   -2.09849e+02    5.65001e+01    3.21697e-06

step 4500: timed with pme grid 72 72 72, coulomb cutoff 1.000: 314.4 M-cycles
step 4700: timed with pme grid 60 60 60, coulomb cutoff 1.079: 320.0 M-cycles
step 4900: timed with pme grid 52 52 52, coulomb cutoff 1.245: 324.4 M-cycles
           Step           Time
           5000       10.00000

   Energies (kJ/mol)
           Bond          Angle    Proper Dih. Per. Imp. Dih.          LJ-14
    1.61479e+03    4.95169e+03    6.10059e+03    3.23459e+02    2.23627e+03
     Coulomb-14        LJ (SR)  Disper. corr.   Coulomb (SR)   Coul. recip.
    3.14224e+04    5.80136e+04   -4.18170e+03   -5.35521e+05    1.12756e+03
 Position Rest.      Potential    Kinetic En.   Total Energy  Conserved En.
    1.60739e+02   -4.33751e+05    8.53407e+04   -3.48411e+05   -3.46678e+05
    Temperature Pres. DC (bar) Pressure (bar)   Constr. rmsd
    3.07982e+02   -2.09378e+02   -1.93369e+02    3.21697e-06

step 5100: timed with pme grid 48 48 48, coulomb cutoff 1.349: 339.7 M-cycles
step 5300: timed with pme grid 44 44 44, coulomb cutoff 1.472: 336.0 M-cycles
step 5300: the maximum allowed grid scaling limits the PME load balancing to a coulomb cut-off of 1.472
step 5500: timed with pme grid 44 44 44, coulomb cutoff 1.472: 351.0 M-cycles
step 5700: timed with pme grid 48 48 48, coulomb cutoff 1.349: 327.4 M-cycles
step 5900: timed with pme grid 52 52 52, coulomb cutoff 1.245: 322.4 M-cycles
step 6100: timed with pme grid 56 56 56, coulomb cutoff 1.156: 321.8 M-cycles
step 6300: timed with pme grid 60 60 60, coulomb cutoff 1.079: 321.2 M-cycles
step 6500: timed with pme grid 64 64 64, coulomb cutoff 1.012: 319.4 M-cycles
step 6700: timed with pme grid 72 72 72, coulomb cutoff 1.000: 448.1 M-cycles
step 6900: timed with pme grid 44 44 44, coulomb cutoff 1.472: 332.7 M-cycles
step 7100: timed with pme grid 48 48 48, coulomb cutoff 1.349: 325.7 M-cycles
step 7300: timed with pme grid 52 52 52, coulomb cutoff 1.245: 320.9 M-cycles
step 7500: timed with pme grid 56 56 56, coulomb cutoff 1.156: 316.6 M-cycles
step 7700: timed with pme grid 60 60 60, coulomb cutoff 1.079: 314.9 M-cycles
step 7900: timed with pme grid 64 64 64, coulomb cutoff 1.012: 312.0 M-cycles
step 8100: timed with pme grid 72 72 72, coulomb cutoff 1.000: 319.3 M-cycles
step 8300: timed with pme grid 44 44 44, coulomb cutoff 1.472: 331.7 M-cycles
step 8500: timed with pme grid 48 48 48, coulomb cutoff 1.349: 325.8 M-cycles
step 8700: timed with pme grid 52 52 52, coulomb cutoff 1.245: 321.7 M-cycles
step 8900: timed with pme grid 56 56 56, coulomb cutoff 1.156: 317.9 M-cycles
step 9100: timed with pme grid 60 60 60, coulomb cutoff 1.079: 479.6 M-cycles
step 9300: timed with pme grid 64 64 64, coulomb cutoff 1.012: 313.4 M-cycles
step 9500: timed with pme grid 72 72 72, coulomb cutoff 1.000: 312.6 M-cycles
              optimal pme grid 64 64 64, coulomb cutoff 1.012
           Step           Time
          10000       20.00000

   Energies (kJ/mol)
           Bond          Angle    Proper Dih. Per. Imp. Dih.          LJ-14
    1.69392e+03    4.80788e+03    6.09132e+03    2.48616e+02    2.21809e+03
     Coulomb-14        LJ (SR)  Disper. corr.   Coulomb (SR)   Coul. recip.
    3.14002e+04    5.78984e+04   -4.17631e+03   -5.37865e+05    3.21185e+03
 Position Rest.      Potential    Kinetic En.   Total Energy  Conserved En.
    1.59457e+02   -4.34312e+05    8.68231e+04   -3.47489e+05   -3.46670e+05
    Temperature Pres. DC (bar) Pressure (bar)   Constr. rmsd
    3.13332e+02   -2.08839e+02   -2.62894e+02    3.21697e-06

           Step           Time
          15000       30.00000

   Energies (kJ/mol)
           Bond          Angle    Proper Dih. Per. Imp. Dih.          LJ-14
    1.72503e+03    4.69754e+03    6.14044e+03    2.96606e+02    2.22166e+03
     Coulomb-14        LJ (SR)  Disper. corr.   Coulomb (SR)   Coul. recip.
    3.12894e+04    5.90699e+04   -4.17997e+03   -5.38539e+05    3.26838e+03
 Position Rest.      Potential    Kinetic En.   Total Energy  Conserved En.
    1.82345e+02   -4.33828e+05    8.56990e+04   -3.48129e+05   -3.46639e+05
    Temperature Pres. DC (bar) Pressure (bar)   Constr. rmsd
    3.09275e+02   -2.09205e+02   -1.28171e+02    3.21697e-06

           Step           Time
          20000       40.00000

   Energies (kJ/mol)
           Bond          Angle    Proper Dih. Per. Imp. Dih.          LJ-14
    1.67610e+03    4.63425e+03    6.14131e+03    2.24850e+02    2.23564e+03
     Coulomb-14        LJ (SR)  Disper. corr.   Coulomb (SR)   Coul. recip.
    3.13109e+04    5.77944e+04   -4.17353e+03   -5.38607e+05    3.10753e+03
 Position Rest.      Potential    Kinetic En.   Total Energy  Conserved En.
    1.45559e+02   -4.35510e+05    8.60218e+04   -3.49488e+05   -3.46617e+05
    Temperature Pres. DC (bar) Pressure (bar)   Constr. rmsd
    3.10440e+02   -2.08561e+02   -3.06733e+02    3.21697e-06

           Step           Time
          25000       50.00000

   Energies (kJ/mol)
           Bond          Angle    Proper Dih. Per. Imp. Dih.          LJ-14
    1.70900e+03    4.69702e+03    6.16030e+03    2.93617e+02    2.26397e+03
     Coulomb-14        LJ (SR)  Disper. corr.   Coulomb (SR)   Coul. recip.
    3.14722e+04    5.89499e+04   -4.17362e+03   -5.38747e+05    3.10492e+03
 Position Rest.      Potential    Kinetic En.   Total Energy  Conserved En.
    1.70632e+02   -4.34099e+05    8.63815e+04   -3.47717e+05   -3.46593e+05
    Temperature Pres. DC (bar) Pressure (bar)   Constr. rmsd
    3.11738e+02   -2.08570e+02   -3.00764e+01    3.21697e-06

           Step           Time
          30000       60.00000

   Energies (kJ/mol)
           Bond          Angle    Proper Dih. Per. Imp. Dih.          LJ-14
    1.71443e+03    4.63384e+03    6.17863e+03    2.58302e+02    2.19272e+03
     Coulomb-14        LJ (SR)  Disper. corr.   Coulomb (SR)   Coul. recip.
    3.14607e+04    5.93250e+04   -4.17737e+03   -5.37976e+05    3.12550e+03
 Position Rest.      Potential    Kinetic En.   Total Energy  Conserved En.
    1.41777e+02   -4.33123e+05    8.51224e+04   -3.48001e+05   -3.46576e+05
    Temperature Pres. DC (bar) Pressure (bar)   Constr. rmsd
    3.07195e+02   -2.08945e+02    1.06008e+01    3.21697e-06

           Step           Time
          35000       70.00000

   Energies (kJ/mol)
           Bond          Angle    Proper Dih. Per. Imp. Dih.          LJ-14
    1.71599e+03    4.95222e+03    6.13295e+03    2.73833e+02    2.21351e+03
     Coulomb-14        LJ (SR)  Disper. corr.   Coulomb (SR)   Coul. recip.
    3.13916e+04    6.07295e+04   -4.17851e+03   -5.40360e+05    3.24059e+03
 Position Rest.      Potential    Kinetic En.   Total Energy  Conserved En.
    1.67727e+02   -4.33720e+05    8.61637e+04   -3.47557e+05   -3.46555e+05
    Temperature Pres. DC (bar) Pressure (bar)   Constr. rmsd
    3.10952e+02   -2.09059e+02    2.66505e+02    3.21697e-06

           Step           Time
          40000       80.00000

   Energies (kJ/mol)
           Bond          Angle    Proper Dih. Per. Imp. Dih.          LJ-14
    1.83577e+03    4.74446e+03    6.22234e+03    2.57326e+02    2.21349e+03
     Coulomb-14        LJ (SR)  Disper. corr.   Coulomb (SR)   Coul. recip.
    3.14702e+04    5.92733e+04   -4.18177e+03   -5.37845e+05    3.10712e+03
 Position Rest.      Potential    Kinetic En.   Total Energy  Conserved En.
    1.59227e+02   -4.32743e+05    8.56918e+04   -3.47052e+05   -3.46532e+05
    Temperature Pres. DC (bar) Pressure (bar)   Constr. rmsd
    3.09249e+02   -2.09385e+02    5.94993e+01    3.21697e-06

           Step           Time
          45000       90.00000

   Energies (kJ/mol)
           Bond          Angle    Proper Dih. Per. Imp. Dih.          LJ-14
    1.64294e+03    4.67655e+03    6.09946e+03    3.09654e+02    2.19824e+03
     Coulomb-14        LJ (SR)  Disper. corr.   Coulomb (SR)   Coul. recip.
    3.15920e+04    5.85075e+04   -4.18349e+03   -5.38721e+05    3.11509e+03
 Position Rest.      Potential    Kinetic En.   Total Energy  Conserved En.
    1.51948e+02   -4.34611e+05    8.59259e+04   -3.48685e+05   -3.46460e+05
    Temperature Pres. DC (bar) Pressure (bar)   Constr. rmsd
    3.10094e+02   -2.09557e+02   -2.33249e+02    3.21697e-06

           Step           Time
          50000      100.00000

   Energies (kJ/mol)
           Bond          Angle    Proper Dih. Per. Imp. Dih.          LJ-14
    1.70700e+03    4.84193e+03    6.06648e+03    3.18128e+02    2.19437e+03
     Coulomb-14        LJ (SR)  Disper. corr.   Coulomb (SR)   Coul. recip.
    3.14246e+04    6.06880e+04   -4.17836e+03   -5.41009e+05    3.08344e+03
 Position Rest.      Potential    Kinetic En.   Total Energy  Conserved En.
    1.82585e+02   -4.34680e+05    8.52436e+04   -3.49437e+05   -3.46454e+05
    Temperature Pres. DC (bar) Pressure (bar)   Constr. rmsd
    3.07632e+02   -2.09044e+02    8.20930e+01    3.21697e-06

           Step           Time
          55000      110.00000

   Energies (kJ/mol)
           Bond          Angle    Proper Dih. Per. Imp. Dih.          LJ-14
    1.64248e+03    4.86426e+03    6.16319e+03    2.98314e+02    2.26452e+03
     Coulomb-14        LJ (SR)  Disper. corr.   Coulomb (SR)   Coul. recip.
    3.14117e+04    5.99752e+04   -4.18839e+03   -5.40407e+05    3.17089e+03
 Position Rest.      Potential    Kinetic En.   Total Energy  Conserved En.
    1.53387e+02   -4.34651e+05    8.56969e+04   -3.48954e+05   -3.46440e+05
    Temperature Pres. DC (bar) Pressure (bar)   Constr. rmsd
    3.09268e+02   -2.10048e+02    1.25014e+02    3.21697e-06

           Step           Time
          60000      120.00000

   Energies (kJ/mol)
           Bond          Angle    Proper Dih. Per. Imp. Dih.          LJ-14
    1.64430e+03    4.81080e+03    6.22007e+03    2.57084e+02    2.20050e+03
     Coulomb-14        LJ (SR)  Disper. corr.   Coulomb (SR)   Coul. recip.
    3.15943e+04    5.91665e+04   -4.17646e+03   -5.39514e+05    3.14074e+03
 Position Rest.      Potential    Kinetic En.   Total Energy  Conserved En.
    1.67903e+02   -4.34488e+05    8.52592e+04   -3.49229e+05   -3.46391e+05
    Temperature Pres. DC (bar) Pressure (bar)   Constr. rmsd
    3.07688e+02   -2.08854e+02   -1.10244e+02    3.21697e-06

           Step           Time
          65000      130.00000

   Energies (kJ/mol)
           Bond          Angle    Proper Dih. Per. Imp. Dih.          LJ-14
    1.74822e+03    4.86314e+03    6.15853e+03    3.01548e+02    2.26531e+03
     Coulomb-14        LJ (SR)  Disper. corr.   Coulomb (SR)   Coul. recip.
    3.15247e+04    5.93447e+04   -4.18761e+03   -5.40147e+05    3.14780e+03
 Position Rest.      Potential    Kinetic En.   Total Energy  Conserved En.
    1.23449e+02   -4.34857e+05    8.53813e+04   -3.49476e+05   -3.46358e+05
    Temperature Pres. DC (bar) Pressure (bar)   Constr. rmsd
    3.08129e+02   -2.09969e+02    3.48029e+01    3.21697e-06

           Step           Time
          70000      140.00000

   Energies (kJ/mol)
           Bond          Angle    Proper Dih. Per. Imp. Dih.          LJ-14
    1.68839e+03    4.75004e+03    6.20897e+03    2.44762e+02    2.28604e+03
     Coulomb-14        LJ (SR)  Disper. corr.   Coulomb (SR)   Coul. recip.
    3.16281e+04    5.95658e+04   -4.18168e+03   -5.38780e+05    3.10171e+03
 Position Rest.      Potential    Kinetic En.   Total Energy  Conserved En.
    1.44534e+02   -4.33344e+05    8.64069e+04   -3.46937e+05   -3.46343e+05
    Temperature Pres. DC (bar) Pressure (bar)   Constr. rmsd
    3.11830e+02   -2.09376e+02    1.38813e+02    3.21697e-06

           Step           Time
          75000      150.00000

   Energies (kJ/mol)
           Bond          Angle    Proper Dih. Per. Imp. Dih.          LJ-14
    1.69883e+03    4.86665e+03    6.20115e+03    2.73412e+02    2.23184e+03
     Coulomb-14        LJ (SR)  Disper. corr.   Coulomb (SR)   Coul. recip.
    3.13164e+04    5.93267e+04   -4.17666e+03   -5.39780e+05    3.16253e+03
 Position Rest.      Potential    Kinetic En.   Total Energy  Conserved En.
    1.73119e+02   -4.34706e+05    8.54495e+04   -3.49256e+05   -3.46274e+05
    Temperature Pres. DC (bar) Pressure (bar)   Constr. rmsd
    3.08375e+02   -2.08874e+02   -1.10345e+02    3.21697e-06

           Step           Time
          80000      160.00000

   Energies (kJ/mol)
           Bond          Angle    Proper Dih. Per. Imp. Dih.          LJ-14
    1.64278e+03    4.83168e+03    6.19886e+03    2.30105e+02    2.20832e+03
     Coulomb-14        LJ (SR)  Disper. corr.   Coulomb (SR)   Coul. recip.
    3.14353e+04    5.87603e+04   -4.18192e+03   -5.39240e+05    3.13607e+03
 Position Rest.      Potential    Kinetic En.   Total Energy  Conserved En.
    1.26232e+02   -4.34852e+05    8.60568e+04   -3.48796e+05   -3.46266e+05
    Temperature Pres. DC (bar) Pressure (bar)   Constr. rmsd
    3.10567e+02   -2.09399e+02   -1.28909e+02    3.21697e-06

           Step           Time
          85000      170.00000

   Energies (kJ/mol)
           Bond          Angle    Proper Dih. Per. Imp. Dih.          LJ-14
    1.74379e+03    4.88980e+03    6.17188e+03    2.79688e+02    2.27352e+03
     Coulomb-14        LJ (SR)  Disper. corr.   Coulomb (SR)   Coul. recip.
    3.14898e+04    5.95436e+04   -4.17819e+03   -5.38896e+05    3.18674e+03
 Position Rest.      Potential    Kinetic En.   Total Energy  Conserved En.
    1.49859e+02   -4.33346e+05    8.70829e+04   -3.46263e+05   -3.46237e+05
    Temperature Pres. DC (bar) Pressure (bar)   Constr. rmsd
    3.14270e+02   -2.09026e+02    3.91492e+01    3.21697e-06

           Step           Time
          90000      180.00000

   Energies (kJ/mol)
           Bond          Angle    Proper Dih. Per. Imp. Dih.          LJ-14
    1.67256e+03    5.05433e+03    6.16337e+03    3.02339e+02    2.22352e+03
     Coulomb-14        LJ (SR)  Disper. corr.   Coulomb (SR)   Coul. recip.
    3.14471e+04    5.91383e+04   -4.17619e+03   -5.38477e+05    3.17263e+03
 Position Rest.      Potential    Kinetic En.   Total Energy  Conserved En.
    1.89944e+02   -4.33289e+05    8.66809e+04   -3.46608e+05   -3.46202e+05
    Temperature Pres. DC (bar) Pressure (bar)   Constr. rmsd
    3.12819e+02   -2.08827e+02   -5.57349e+01    3.21697e-06

           Step           Time
          95000      190.00000

   Energies (kJ/mol)
           Bond          Angle    Proper Dih. Per. Imp. Dih.          LJ-14
    1.57270e+03    4.83498e+03    6.23327e+03    2.49929e+02    2.25234e+03
     Coulomb-14        LJ (SR)  Disper. corr.   Coulomb (SR)   Coul. recip.
    3.15301e+04    5.83053e+04   -4.17881e+03   -5.39088e+05    3.06320e+03
 Position Rest.      Potential    Kinetic En.   Total Energy  Conserved En.
    1.63679e+02   -4.35061e+05    8.54688e+04   -3.49592e+05   -3.46164e+05
    Temperature Pres. DC (bar) Pressure (bar)   Constr. rmsd
    3.08444e+02   -2.09088e+02   -1.43835e+02    3.21697e-06

           Step           Time
         100000      200.00000

   Energies (kJ/mol)
           Bond          Angle    Proper Dih. Per. Imp. Dih.          LJ-14
    1.63579e+03    5.02478e+03    6.12328e+03    2.89445e+02    2.24980e+03
     Coulomb-14        LJ (SR)  Disper. corr.   Coulomb (SR)   Coul. recip.
    3.14241e+04    5.88244e+04   -4.17770e+03   -5.38021e+05    3.12440e+03
 Position Rest.      Potential    Kinetic En.   Total Energy  Conserved En.
    1.61999e+02   -4.33340e+05    8.66047e+04   -3.46736e+05   -3.46147e+05
    Temperature Pres. DC (bar) Pressure (bar)   Constr. rmsd
    3.12544e+02   -2.08977e+02    1.10449e+01    3.21697e-06

           Step           Time
         105000      210.00000

   Energies (kJ/mol)
           Bond          Angle    Proper Dih. Per. Imp. Dih.          LJ-14
    1.65062e+03    4.93013e+03    6.13461e+03    2.74951e+02    2.27573e+03
     Coulomb-14        LJ (SR)  Disper. corr.   Coulomb (SR)   Coul. recip.
    3.16484e+04    6.03198e+04   -4.18486e+03   -5.40149e+05    3.10717e+03
 Position Rest.      Potential    Kinetic En.   Total Energy  Conserved En.
    1.71428e+02   -4.33821e+05    8.62598e+04   -3.47561e+05   -3.46138e+05
    Temperature Pres. DC (bar) Pressure (bar)   Constr. rmsd
    3.11299e+02   -2.09694e+02    1.84172e+02    3.21697e-06

           Step           Time
         110000      220.00000

   Energies (kJ/mol)
           Bond          Angle    Proper Dih. Per. Imp. Dih.          LJ-14
    1.68603e+03    4.90412e+03    6.28750e+03    2.92907e+02    2.23462e+03
     Coulomb-14        LJ (SR)  Disper. corr.   Coulomb (SR)   Coul. recip.
    3.15323e+04    5.87117e+04   -4.18164e+03   -5.37996e+05    3.04410e+03
 Position Rest.      Potential    Kinetic En.   Total Energy  Conserved En.
    1.54529e+02   -4.33329e+05    8.57544e+04   -3.47575e+05   -3.46082e+05
    Temperature Pres. DC (bar) Pressure (bar)   Constr. rmsd
    3.09475e+02   -2.09371e+02   -2.15498e+01    3.21697e-06

           Step           Time
         115000      230.00000

   Energies (kJ/mol)
           Bond          Angle    Proper Dih. Per. Imp. Dih.          LJ-14
    1.64313e+03    4.84245e+03    6.30262e+03    3.08628e+02    2.20613e+03
     Coulomb-14        LJ (SR)  Disper. corr.   Coulomb (SR)   Coul. recip.
    3.17100e+04    5.94348e+04   -4.18536e+03   -5.39938e+05    3.10370e+03
 Position Rest.      Potential    Kinetic En.   Total Energy  Conserved En.
    1.64529e+02   -4.34407e+05    8.69482e+04   -3.47459e+05   -3.46058e+05
    Temperature Pres. DC (bar) Pressure (bar)   Constr. rmsd
    3.13784e+02   -2.09744e+02    2.02185e+01    3.21697e-06

           Step           Time
         120000      240.00000

   Energies (kJ/mol)
           Bond          Angle    Proper Dih. Per. Imp. Dih.          LJ-14
    1.87039e+03    4.74327e+03    6.24014e+03    2.71190e+02    2.27582e+03
     Coulomb-14        LJ (SR)  Disper. corr.   Coulomb (SR)   Coul. recip.
    3.16600e+04    6.02183e+04   -4.18625e+03   -5.40450e+05    3.15968e+03
 Position Rest.      Potential    Kinetic En.   Total Energy  Conserved En.
    1.54618e+02   -4.34043e+05    8.53357e+04   -3.48707e+05   -3.46010e+05
    Temperature Pres. DC (bar) Pressure (bar)   Constr. rmsd
    3.07964e+02   -2.09833e+02    2.45644e+02    3.21697e-06

           Step           Time
         125000      250.00000

   Energies (kJ/mol)
           Bond          Angle    Proper Dih. Per. Imp. Dih.          LJ-14
    1.77955e+03    4.84411e+03    6.19100e+03    2.73920e+02    2.22442e+03
     Coulomb-14        LJ (SR)  Disper. corr.   Coulomb (SR)   Coul. recip.
    3.14395e+04    5.91996e+04   -4.18038e+03   -5.39289e+05    3.25377e+03
 Position Rest.      Potential    Kinetic En.   Total Energy  Conserved En.
    1.65945e+02   -4.34097e+05    8.56430e+04   -3.48454e+05   -3.45954e+05
    Temperature Pres. DC (bar) Pressure (bar)   Constr. rmsd
    3.09073e+02   -2.09246e+02   -1.91335e+02    3.21697e-06

           Step           Time
         130000      260.00000

   Energies (kJ/mol)
           Bond          Angle    Proper Dih. Per. Imp. Dih.          LJ-14
    1.74353e+03    4.77622e+03    6.17767e+03    2.62893e+02    2.12668e+03
     Coulomb-14        LJ (SR)  Disper. corr.   Coulomb (SR)   Coul. recip.
    3.13743e+04    5.93139e+04   -4.18390e+03   -5.40122e+05    3.13392e+03
 Position Rest.      Potential    Kinetic En.   Total Energy  Conserved En.
    1.35447e+02   -4.35262e+05    8.58012e+04   -3.49460e+05   -3.45969e+05
    Temperature Pres. DC (bar) Pressure (bar)   Constr. rmsd
    3.09644e+02   -2.09597e+02   -1.41219e+02    3.21697e-06

           Step           Time
         135000      270.00000

   Energies (kJ/mol)
           Bond          Angle    Proper Dih. Per. Imp. Dih.          LJ-14
    1.65468e+03    4.73021e+03    6.17788e+03    2.78928e+02    2.22494e+03
     Coulomb-14        LJ (SR)  Disper. corr.   Coulomb (SR)   Coul. recip.
    3.18444e+04    5.96483e+04   -4.18308e+03   -5.40287e+05    3.08832e+03
 Position Rest.      Potential    Kinetic En.   Total Energy  Conserved En.
    1.54656e+02   -4.34668e+05    8.54448e+04   -3.49223e+05   -3.45937e+05
    Temperature Pres. DC (bar) Pressure (bar)   Constr. rmsd
    3.08358e+02   -2.09516e+02   -7.08628e+01    3.21697e-06

           Step           Time
         140000      280.00000

   Energies (kJ/mol)
           Bond          Angle    Proper Dih. Per. Imp. Dih.          LJ-14
    1.68809e+03    4.93922e+03    6.12915e+03    2.90437e+02    2.21904e+03
     Coulomb-14        LJ (SR)  Disper. corr.   Coulomb (SR)   Coul. recip.
    3.15197e+04    5.95256e+04   -4.18635e+03   -5.39508e+05    3.06211e+03
 Position Rest.      Potential    Kinetic En.   Total Energy  Conserved En.
    1.82350e+02   -4.34139e+05    8.61617e+04   -3.47977e+05   -3.45927e+05
    Temperature Pres. DC (bar) Pressure (bar)   Constr. rmsd
    3.10945e+02   -2.09843e+02    3.05583e+01    3.21697e-06

           Step           Time
         145000      290.00000

   Energies (kJ/mol)
           Bond          Angle    Proper Dih. Per. Imp. Dih.          LJ-14
    1.57359e+03    4.77568e+03    6.10675e+03    2.83561e+02    2.32856e+03
     Coulomb-14        LJ (SR)  Disper. corr.   Coulomb (SR)   Coul. recip.
    3.17545e+04    5.91101e+04   -4.17797e+03   -5.39471e+05    3.07134e+03
 Position Rest.      Potential    Kinetic En.   Total Energy  Conserved En.
    1.76841e+02   -4.34468e+05    8.55538e+04   -3.48914e+05   -3.45904e+05
    Temperature Pres. DC (bar) Pressure (bar)   Constr. rmsd
    3.08751e+02   -2.09005e+02    5.36203e+01    3.21697e-06

           Step           Time
         150000      300.00000

   Energies (kJ/mol)
           Bond          Angle    Proper Dih. Per. Imp. Dih.          LJ-14
    1.65875e+03    4.85811e+03    6.18435e+03    2.73613e+02    2.22326e+03
     Coulomb-14        LJ (SR)  Disper. corr.   Coulomb (SR)   Coul. recip.
    3.16435e+04    5.89809e+04   -4.18044e+03   -5.38949e+05    3.09439e+03
 Position Rest.      Potential    Kinetic En.   Total Energy  Conserved En.
    1.84890e+02   -4.34028e+05    8.62729e+04   -3.47755e+05   -3.45868e+05
    Temperature Pres. DC (bar) Pressure (bar)   Constr. rmsd
    3.11347e+02   -2.09252e+02    5.14622e+01    3.21697e-06

           Step           Time
         155000      310.00000

   Energies (kJ/mol)
           Bond          Angle    Proper Dih. Per. Imp. Dih.          LJ-14
    1.76358e+03    4.80667e+03    6.17993e+03    2.82230e+02    2.25880e+03
     Coulomb-14        LJ (SR)  Disper. corr.   Coulomb (SR)   Coul. recip.
    3.16518e+04    5.95152e+04   -4.17819e+03   -5.39003e+05    3.18560e+03
 Position Rest.      Potential    Kinetic En.   Total Energy  Conserved En.
    1.62944e+02   -4.33374e+05    8.57855e+04   -3.47589e+05   -3.45846e+05
    Temperature Pres. DC (bar) Pressure (bar)   Constr. rmsd
    3.09588e+02   -2.09027e+02    2.06433e+01    3.21697e-06

           Step           Time
         160000      320.00000

   Energies (kJ/mol)
           Bond          Angle    Proper Dih. Per. Imp. Dih.          LJ-14
    1.74143e+03    4.61970e+03    6.13844e+03    2.94889e+02    2.27597e+03
     Coulomb-14        LJ (SR)  Disper. corr.   Coulomb (SR)   Coul. recip.
    3.14913e+04    5.95059e+04   -4.18477e+03   -5.40347e+05    3.05692e+03
 Position Rest.      Potential    Kinetic En.   Total Energy  Conserved En.
    1.56157e+02   -4.35251e+05    8.68958e+04   -3.48355e+05   -3.45823e+05
    Temperature Pres. DC (bar) Pressure (bar)   Constr. rmsd
    3.13594e+02   -2.09685e+02    9.15680e+00    3.21697e-06

           Step           Time
         165000      330.00000

   Energies (kJ/mol)
           Bond          Angle    Proper Dih. Per. Imp. Dih.          LJ-14
    1.65907e+03    4.86381e+03    6.18153e+03    2.92960e+02    2.23739e+03
     Coulomb-14        LJ (SR)  Disper. corr.   Coulomb (SR)   Coul. recip.
    3.16139e+04    5.89035e+04   -4.17679e+03   -5.38607e+05    3.18024e+03
 Position Rest.      Potential    Kinetic En.   Total Energy  Conserved En.
    1.50918e+02   -4.33700e+05    8.64141e+04   -3.47286e+05   -3.45785e+05
    Temperature Pres. DC (bar) Pressure (bar)   Constr. rmsd
    3.11856e+02   -2.08886e+02    5.58251e+00    3.21697e-06

           Step           Time
         170000      340.00000

   Energies (kJ/mol)
           Bond          Angle    Proper Dih. Per. Imp. Dih.          LJ-14
    1.75126e+03    4.95305e+03    6.27559e+03    3.08088e+02    2.30697e+03
     Coulomb-14        LJ (SR)  Disper. corr.   Coulomb (SR)   Coul. recip.
    3.16746e+04    6.03412e+04   -4.18145e+03   -5.40774e+05    3.09847e+03
 Position Rest.      Potential    Kinetic En.   Total Energy  Conserved En.
    1.30735e+02   -4.34116e+05    8.61280e+04   -3.47988e+05   -3.45752e+05
    Temperature Pres. DC (bar) Pressure (bar)   Constr. rmsd
    3.10824e+02   -2.09352e+02    2.22778e+02    3.21697e-06

           Step           Time
         175000      350.00000

   Energies (kJ/mol)
           Bond          Angle    Proper Dih. Per. Imp. Dih.          LJ-14
    1.73802e+03    4.78669e+03    6.26740e+03    2.89934e+02    2.22099e+03
     Coulomb-14        LJ (SR)  Disper. corr.   Coulomb (SR)   Coul. recip.
    3.17046e+04    5.97284e+04   -4.17860e+03   -5.39897e+05    3.15283e+03
 Position Rest.      Potential    Kinetic En.   Total Energy  Conserved En.
    1.55852e+02   -4.34031e+05    8.62393e+04   -3.47791e+05   -3.45725e+05
    Temperature Pres. DC (bar) Pressure (bar)   Constr. rmsd
    3.11225e+02   -2.09067e+02    6.42536e+01    3.21697e-06

           Step           Time
         180000      360.00000

   Energies (kJ/mol)
           Bond          Angle    Proper Dih. Per. Imp. Dih.          LJ-14
    1.62690e+03    4.89303e+03    6.20302e+03    3.06362e+02    2.29574e+03
     Coulomb-14        LJ (SR)  Disper. corr.   Coulomb (SR)   Coul. recip.
    3.16590e+04    5.89164e+04   -4.18757e+03   -5.39335e+05    3.20550e+03
 Position Rest.      Potential    Kinetic En.   Total Energy  Conserved En.
    1.53321e+02   -4.34263e+05    8.54978e+04   -3.48765e+05   -3.45666e+05
    Temperature Pres. DC (bar) Pressure (bar)   Constr. rmsd
    3.08549e+02   -2.09965e+02    7.16753e+01    3.21697e-06

           Step           Time
         185000      370.00000

   Energies (kJ/mol)
           Bond          Angle    Proper Dih. Per. Imp. Dih.          LJ-14
    1.68964e+03    4.90692e+03    6.06718e+03    3.15537e+02    2.22409e+03
     Coulomb-14        LJ (SR)  Disper. corr.   Coulomb (SR)   Coul. recip.
    3.15613e+04    5.91431e+04   -4.17801e+03   -5.39473e+05    2.99047e+03
 Position Rest.      Potential    Kinetic En.   Total Energy  Conserved En.
    1.91885e+02   -4.34561e+05    8.71476e+04   -3.47414e+05   -3.45650e+05
    Temperature Pres. DC (bar) Pressure (bar)   Constr. rmsd
    3.14503e+02   -2.09009e+02   -1.05674e+02    3.21697e-06

           Step           Time
         190000      380.00000

   Energies (kJ/mol)
           Bond          Angle    Proper Dih. Per. Imp. Dih.          LJ-14
    1.65348e+03    5.09347e+03    6.15166e+03    2.92202e+02    2.28930e+03
     Coulomb-14        LJ (SR)  Disper. corr.   Coulomb (SR)   Coul. recip.
    3.15608e+04    5.94575e+04   -4.17294e+03   -5.38868e+05    3.11716e+03
 Position Rest.      Potential    Kinetic En.   Total Energy  Conserved En.
    1.58667e+02   -4.33267e+05    8.59566e+04   -3.47310e+05   -3.45639e+05
    Temperature Pres. DC (bar) Pressure (bar)   Constr. rmsd
    3.10205e+02   -2.08502e+02    1.89314e+02    3.21697e-06

           Step           Time
         195000      390.00000

   Energies (kJ/mol)
           Bond          Angle    Proper Dih. Per. Imp. Dih.          LJ-14
    1.70847e+03    4.85153e+03    6.16832e+03    2.90881e+02    2.20175e+03
     Coulomb-14        LJ (SR)  Disper. corr.   Coulomb (SR)   Coul. recip.
    3.16946e+04    5.75622e+04   -4.17329e+03   -5.36521e+05    3.13989e+03
 Position Rest.      Potential    Kinetic En.   Total Energy  Conserved En.
    1.56959e+02   -4.32919e+05    8.58749e+04   -3.47044e+05   -3.45561e+05
    Temperature Pres. DC (bar) Pressure (bar)   Constr. rmsd
    3.09910e+02   -2.08537e+02   -3.42709e+02    3.21697e-06

           Step           Time
         200000      400.00000

   Energies (kJ/mol)
           Bond          Angle    Proper Dih. Per. Imp. Dih.          LJ-14
    1.70990e+03    4.93009e+03    6.14698e+03    3.21339e+02    2.22761e+03
     Coulomb-14        LJ (SR)  Disper. corr.   Coulomb (SR)   Coul. recip.
    3.18604e+04    5.88351e+04   -4.17827e+03   -5.38117e+05    3.15926e+03
 Position Rest.      Potential    Kinetic En.   Total Energy  Conserved En.
    1.53140e+02   -4.32952e+05    8.62501e+04   -3.46702e+05   -3.45574e+05
    Temperature Pres. DC (bar) Pressure (bar)   Constr. rmsd
    3.11264e+02   -2.09035e+02    2.48141e+01    3.21697e-06

           Step           Time
         205000      410.00000

   Energies (kJ/mol)
           Bond          Angle    Proper Dih. Per. Imp. Dih.          LJ-14
    1.73584e+03    4.72835e+03    6.11624e+03    2.58925e+02    2.23762e+03
     Coulomb-14        LJ (SR)  Disper. corr.   Coulomb (SR)   Coul. recip.
    3.16624e+04    6.07151e+04   -4.18982e+03   -5.41708e+05    3.15452e+03
 Position Rest.      Potential    Kinetic En.   Total Energy  Conserved En.
    1.65505e+02   -4.35123e+05    8.53384e+04   -3.49784e+05   -3.45566e+05
    Temperature Pres. DC (bar) Pressure (bar)   Constr. rmsd
    3.07974e+02   -2.10190e+02    3.22632e+02    3.21697e-06

           Step           Time
         210000      420.00000

   Energies (kJ/mol)
           Bond          Angle    Proper Dih. Per. Imp. Dih.          LJ-14
    1.75395e+03    4.75172e+03    6.15870e+03    2.69189e+02    2.27269e+03
     Coulomb-14        LJ (SR)  Disper. corr.   Coulomb (SR)   Coul. recip.
    3.17939e+04    5.91516e+04   -4.18113e+03   -5.39432e+05    3.09534e+03
 Position Rest.      Potential    Kinetic En.   Total Energy  Conserved En.
    1.92336e+02   -4.34174e+05    8.55783e+04   -3.48596e+05   -3.45521e+05
    Temperature Pres. DC (bar) Pressure (bar)   Constr. rmsd
    3.08840e+02   -2.09321e+02    7.99286e+00    3.21697e-06

           Step           Time
         215000      430.00000

   Energies (kJ/mol)
           Bond          Angle    Proper Dih. Per. Imp. Dih.          LJ-14
    1.87003e+03    4.72793e+03    6.27097e+03    3.17277e+02    2.19271e+03
     Coulomb-14        LJ (SR)  Disper. corr.   Coulomb (SR)   Coul. recip.
    3.15086e+04    5.95041e+04   -4.17088e+03   -5.40290e+05    3.14877e+03
 Position Rest.      Potential    Kinetic En.   Total Energy  Conserved En.
    1.69492e+02   -4.34751e+05    8.71913e+04   -3.47560e+05   -3.45498e+05
    Temperature Pres. DC (bar) Pressure (bar)   Constr. rmsd
    3.14661e+02   -2.08296e+02    6.86512e+01    3.21697e-06

           Step           Time
         220000      440.00000

   Energies (kJ/mol)
           Bond          Angle    Proper Dih. Per. Imp. Dih.          LJ-14
    1.67260e+03    4.77656e+03    6.17464e+03    2.81569e+02    2.27843e+03
     Coulomb-14        LJ (SR)  Disper. corr.   Coulomb (SR)   Coul. recip.
    3.17031e+04    5.97275e+04   -4.17311e+03   -5.38827e+05    3.10695e+03
 Position Rest.      Potential    Kinetic En.   Total Energy  Conserved En.
    1.53533e+02   -4.33125e+05    8.57721e+04   -3.47353e+05   -3.45464e+05
    Temperature Pres. DC (bar) Pressure (bar)   Constr. rmsd
    3.09539e+02   -2.08519e+02    1.27755e+02    3.21697e-06

           Step           Time
         225000      450.00000

   Energies (kJ/mol)
           Bond          Angle    Proper Dih. Per. Imp. Dih.          LJ-14
    1.76279e+03    4.88036e+03    6.20566e+03    2.83434e+02    2.16950e+03
     Coulomb-14        LJ (SR)  Disper. corr.   Coulomb (SR)   Coul. recip.
    3.15262e+04    5.96830e+04   -4.17025e+03   -5.39379e+05    3.16536e+03
 Position Rest.      Potential    Kinetic En.   Total Energy  Conserved En.
    1.55975e+02   -4.33717e+05    8.49137e+04   -3.48803e+05   -3.45382e+05
    Temperature Pres. DC (bar) Pressure (bar)   Constr. rmsd
    3.06441e+02   -2.08234e+02   -4.37372e+01    3.21697e-06

           Step           Time
         230000      460.00000

   Energies (kJ/mol)
           Bond          Angle    Proper Dih. Per. Imp. Dih.          LJ-14
    1.75942e+03    4.92236e+03    6.20022e+03    3.32742e+02    2.24159e+03
     Coulomb-14        LJ (SR)  Disper. corr.   Coulomb (SR)   Coul. recip.
    3.16784e+04    5.94365e+04   -4.17490e+03   -5.40204e+05    3.12456e+03
 Position Rest.      Potential    Kinetic En.   Total Energy  Conserved En.
    1.21147e+02   -4.34561e+05    8.62320e+04   -3.48329e+05   -3.45365e+05
    Temperature Pres. DC (bar) Pressure (bar)   Constr. rmsd
    3.11199e+02   -2.08698e+02    3.87958e+01    3.21697e-06

           Step           Time
         235000      470.00000

   Energies (kJ/mol)
           Bond          Angle    Proper Dih. Per. Imp. Dih.          LJ-14
    1.68917e+03    4.74622e+03    6.17634e+03    2.67095e+02    2.14931e+03
     Coulomb-14        LJ (SR)  Disper. corr.   Coulomb (SR)   Coul. recip.
    3.15328e+04    5.98564e+04   -4.17888e+03   -5.40150e+05    3.08222e+03
 Position Rest.      Potential    Kinetic En.   Total Energy  Conserved En.
    1.51144e+02   -4.34678e+05    8.66676e+04   -3.48010e+05   -3.45365e+05
    Temperature Pres. DC (bar) Pressure (bar)   Constr. rmsd
    3.12771e+02   -2.09096e+02   -5.60509e+01    3.21697e-06

           Step           Time
         240000      480.00000

   Energies (kJ/mol)
           Bond          Angle    Proper Dih. Per. Imp. Dih.          LJ-14
    1.73566e+03    4.68032e+03    6.22063e+03    2.30913e+02    2.23354e+03
     Coulomb-14        LJ (SR)  Disper. corr.   Coulomb (SR)   Coul. recip.
    3.15967e+04    5.87625e+04   -4.18447e+03   -5.39477e+05    3.13206e+03
 Position Rest.      Potential    Kinetic En.   Total Energy  Conserved En.
    1.35169e+02   -4.34934e+05    8.60430e+04   -3.48890e+05   -3.45322e+05
    Temperature Pres. DC (bar) Pressure (bar)   Constr. rmsd
    3.10517e+02   -2.09655e+02    5.05557e+01    3.21697e-06

           Step           Time
         245000      490.00000

   Energies (kJ/mol)
           Bond          Angle    Proper Dih. Per. Imp. Dih.          LJ-14
    1.75012e+03    4.77593e+03    6.12378e+03    3.29060e+02    2.30575e+03
     Coulomb-14        LJ (SR)  Disper. corr.   Coulomb (SR)   Coul. recip.
    3.16222e+04    5.87762e+04   -4.17909e+03   -5.38917e+05    3.14972e+03
 Position Rest.      Potential    Kinetic En.   Total Energy  Conserved En.
    1.54506e+02   -4.34109e+05    8.65309e+04   -3.47578e+05   -3.45308e+05
    Temperature Pres. DC (bar) Pressure (bar)   Constr. rmsd
    3.12278e+02   -2.09117e+02    2.12799e+01    3.21697e-06

           Step           Time
         250000      500.00000

   Energies (kJ/mol)
           Bond          Angle    Proper Dih. Per. Imp. Dih.          LJ-14
    1.61031e+03    4.89613e+03    6.19710e+03    2.43296e+02    2.23772e+03
     Coulomb-14        LJ (SR)  Disper. corr.   Coulomb (SR)   Coul. recip.
    3.17075e+04    5.90267e+04   -4.18306e+03   -5.40077e+05    3.04581e+03
 Position Rest.      Potential    Kinetic En.   Total Energy  Conserved En.
    1.79269e+02   -4.35116e+05    8.55959e+04   -3.49521e+05   -3.45269e+05
    Temperature Pres. DC (bar) Pressure (bar)   Constr. rmsd
    3.08903e+02   -2.09514e+02   -1.74503e+01    3.21697e-06

           Step           Time
         255000      510.00000

   Energies (kJ/mol)
           Bond          Angle    Proper Dih. Per. Imp. Dih.          LJ-14
    1.75579e+03    4.92324e+03    6.17292e+03    3.13698e+02    2.20475e+03
     Coulomb-14        LJ (SR)  Disper. corr.   Coulomb (SR)   Coul. recip.
    3.16596e+04    6.09030e+04   -4.18284e+03   -5.41195e+05    3.03083e+03
 Position Rest.      Potential    Kinetic En.   Total Energy  Conserved En.
    1.49394e+02   -4.34265e+05    8.66095e+04   -3.47655e+05   -3.45259e+05
    Temperature Pres. DC (bar) Pressure (bar)   Constr. rmsd
    3.12561e+02   -2.09492e+02    2.51886e+02    3.21697e-06

           Step           Time
         260000      520.00000

   Energies (kJ/mol)
           Bond          Angle    Proper Dih. Per. Imp. Dih.          LJ-14
    1.69192e+03    4.94052e+03    6.12949e+03    2.57851e+02    2.24397e+03
     Coulomb-14        LJ (SR)  Disper. corr.   Coulomb (SR)   Coul. recip.
    3.19119e+04    5.96364e+04   -4.18082e+03   -5.39230e+05    3.09949e+03
 Position Rest.      Potential    Kinetic En.   Total Energy  Conserved En.
    1.57622e+02   -4.33341e+05    8.68177e+04   -3.46524e+05   -3.45196e+05
    Temperature Pres. DC (bar) Pressure (bar)   Constr. rmsd
    3.13313e+02   -2.09290e+02    9.56379e+01    3.21697e-06

           Step           Time
         265000      530.00000

   Energies (kJ/mol)
           Bond          Angle    Proper Dih. Per. Imp. Dih.          LJ-14
    1.73518e+03    4.85127e+03    6.20384e+03    2.76189e+02    2.22067e+03
     Coulomb-14        LJ (SR)  Disper. corr.   Coulomb (SR)   Coul. recip.
    3.17994e+04    5.91320e+04   -4.17714e+03   -5.39144e+05    3.15231e+03
 Position Rest.      Potential    Kinetic En.   Total Energy  Conserved En.
    1.53169e+02   -4.33797e+05    8.57083e+04   -3.48089e+05   -3.45175e+05
    Temperature Pres. DC (bar) Pressure (bar)   Constr. rmsd
    3.09309e+02   -2.08922e+02    3.68359e+01    3.21697e-06

           Step           Time
         270000      540.00000

   Energies (kJ/mol)
           Bond          Angle    Proper Dih. Per. Imp. Dih.          LJ-14
    1.68688e+03    4.68314e+03    6.21600e+03    2.68151e+02    2.26203e+03
     Coulomb-14        LJ (SR)  Disper. corr.   Coulomb (SR)   Coul. recip.
    3.17982e+04    5.97195e+04   -4.17898e+03   -5.41193e+05    3.09657e+03
 Position Rest.      Potential    Kinetic En.   Total Energy  Conserved En.
    1.75343e+02   -4.35466e+05    8.56323e+04   -3.49834e+05   -3.45153e+05
    Temperature Pres. DC (bar) Pressure (bar)   Constr. rmsd
    3.09035e+02   -2.09106e+02    4.15002e+01    3.21697e-06

           Step           Time
         275000      550.00000

   Energies (kJ/mol)
           Bond          Angle    Proper Dih. Per. Imp. Dih.          LJ-14
    1.80961e+03    4.81452e+03    6.13122e+03    2.45298e+02    2.18590e+03
     Coulomb-14        LJ (SR)  Disper. corr.   Coulomb (SR)   Coul. recip.
    3.15898e+04    5.97585e+04   -4.18358e+03   -5.39262e+05    3.16146e+03
 Position Rest.      Potential    Kinetic En.   Total Energy  Conserved En.
    1.41743e+02   -4.33607e+05    8.57790e+04   -3.47828e+05   -3.45108e+05
    Temperature Pres. DC (bar) Pressure (bar)   Constr. rmsd
    3.09564e+02   -2.09566e+02    3.06880e+01    3.21697e-06

           Step           Time
         280000      560.00000

   Energies (kJ/mol)
           Bond          Angle    Proper Dih. Per. Imp. Dih.          LJ-14
    1.76460e+03    4.73146e+03    6.23273e+03    2.95150e+02    2.19570e+03
     Coulomb-14        LJ (SR)  Disper. corr.   Coulomb (SR)   Coul. recip.
    3.17494e+04    6.10609e+04   -4.18561e+03   -5.42421e+05    3.09823e+03
 Position Rest.      Potential    Kinetic En.   Total Energy  Conserved En.
    1.61769e+02   -4.35316e+05    8.56220e+04   -3.49694e+05   -3.45103e+05
    Temperature Pres. DC (bar) Pressure (bar)   Constr. rmsd
    3.08997e+02   -2.09769e+02    1.22868e+02    3.21697e-06

           Step           Time
         285000      570.00000

   Energies (kJ/mol)
           Bond          Angle    Proper Dih. Per. Imp. Dih.          LJ-14
    1.67937e+03    4.80714e+03    6.16853e+03    2.76080e+02    2.24679e+03
     Coulomb-14        LJ (SR)  Disper. corr.   Coulomb (SR)   Coul. recip.
    3.18319e+04    5.89173e+04   -4.18823e+03   -5.37951e+05    3.10631e+03
 Position Rest.      Potential    Kinetic En.   Total Energy  Conserved En.
    1.36265e+02   -4.32969e+05    8.51191e+04   -3.47850e+05   -3.45072e+05
    Temperature Pres. DC (bar) Pressure (bar)   Constr. rmsd
    3.07183e+02   -2.10031e+02    7.68648e+01    3.21697e-06

           Step           Time
         290000      580.00000

   Energies (kJ/mol)
           Bond          Angle    Proper Dih. Per. Imp. Dih.          LJ-14
    1.74537e+03    4.97516e+03    6.18903e+03    2.72931e+02    2.25790e+03
     Coulomb-14        LJ (SR)  Disper. corr.   Coulomb (SR)   Coul. recip.
    3.17627e+04    5.87075e+04   -4.18777e+03   -5.38142e+05    3.13622e+03
 Position Rest.      Potential    Kinetic En.   Total Energy  Conserved En.
    1.85104e+02   -4.33098e+05    8.61705e+04   -3.46927e+05   -3.45030e+05
    Temperature Pres. DC (bar) Pressure (bar)   Constr. rmsd
    3.10977e+02   -2.09985e+02   -4.35280e+01    3.21697e-06

           Step           Time
         295000      590.00000

   Energies (kJ/mol)
           Bond          Angle    Proper Dih. Per. Imp. Dih.          LJ-14
    1.57197e+03    5.05453e+03    6.10439e+03    2.63175e+02    2.19718e+03
     Coulomb-14        LJ (SR)  Disper. corr.   Coulomb (SR)   Coul. recip.
    3.16843e+04    6.00651e+04   -4.17942e+03   -5.40827e+05    3.14470e+03
 Position Rest.      Potential    Kinetic En.   Total Energy  Conserved En.
    1.40553e+02   -4.34781e+05    8.57629e+04   -3.49018e+05   -3.45040e+05
    Temperature Pres. DC (bar) Pressure (bar)   Constr. rmsd
    3.09506e+02   -2.09149e+02    1.85316e+02    3.21697e-06

           Step           Time
         300000      600.00000

   Energies (kJ/mol)
           Bond          Angle    Proper Dih. Per. Imp. Dih.          LJ-14
    1.65902e+03    4.82582e+03    6.13363e+03    2.73102e+02    2.26826e+03
     Coulomb-14        LJ (SR)  Disper. corr.   Coulomb (SR)   Coul. recip.
    3.17626e+04    5.94775e+04   -4.18044e+03   -5.39744e+05    3.14798e+03
 Position Rest.      Potential    Kinetic En.   Total Energy  Conserved En.
    1.67354e+02   -4.34209e+05    8.58326e+04   -3.48377e+05   -3.44991e+05
    Temperature Pres. DC (bar) Pressure (bar)   Constr. rmsd
    3.09758e+02   -2.09251e+02   -1.02432e+01    3.21697e-06

           Step           Time
         305000      610.00000

   Energies (kJ/mol)
           Bond          Angle    Proper Dih. Per. Imp. Dih.          LJ-14
    1.71440e+03    4.86270e+03    6.17138e+03    2.46365e+02    2.19217e+03
     Coulomb-14        LJ (SR)  Disper. corr.   Coulomb (SR)   Coul. recip.
    3.18212e+04    5.88617e+04   -4.18216e+03   -5.38830e+05    3.09871e+03
 Position Rest.      Potential    Kinetic En.   Total Energy  Conserved En.
    1.43977e+02   -4.33900e+05    8.62285e+04   -3.47671e+05   -3.44963e+05
    Temperature Pres. DC (bar) Pressure (bar)   Constr. rmsd
    3.11186e+02   -2.09424e+02   -1.37723e+02    3.21697e-06

           Step           Time
         310000      620.00000

   Energies (kJ/mol)
           Bond          Angle    Proper Dih. Per. Imp. Dih.          LJ-14
    1.64749e+03    5.03645e+03    6.23722e+03    2.65981e+02    2.26591e+03
     Coulomb-14        LJ (SR)  Disper. corr.   Coulomb (SR)   Coul. recip.
    3.17111e+04    5.96839e+04   -4.18749e+03   -5.39704e+05    3.16129e+03
 Position Rest.      Potential    Kinetic En.   Total Energy  Conserved En.
    1.63305e+02   -4.33719e+05    8.53923e+04   -3.48326e+05   -3.44918e+05
    Temperature Pres. DC (bar) Pressure (bar)   Constr. rmsd
    3.08168e+02   -2.09957e+02    1.76559e+02    3.21697e-06

           Step           Time
         315000      630.00000

   Energies (kJ/mol)
           Bond          Angle    Proper Dih. Per. Imp. Dih.          LJ-14
    1.66713e+03    4.77389e+03    6.13650e+03    2.64735e+02    2.19663e+03
     Coulomb-14        LJ (SR)  Disper. corr.   Coulomb (SR)   Coul. recip.
    3.15751e+04    5.91143e+04   -4.18579e+03   -5.40105e+05    3.17907e+03
 Position Rest.      Potential    Kinetic En.   Total Energy  Conserved En.
    1.50689e+02   -4.35233e+05    8.60880e+04   -3.49145e+05   -3.44902e+05
    Temperature Pres. DC (bar) Pressure (bar)   Constr. rmsd
    3.10679e+02   -2.09787e+02   -3.47997e+01    3.21697e-06

           Step           Time
         320000      640.00000

   Energies (kJ/mol)
           Bond          Angle    Proper Dih. Per. Imp. Dih.          LJ-14
    1.73150e+03    4.93078e+03    6.13860e+03    2.42266e+02    2.20377e+03
     Coulomb-14        LJ (SR)  Disper. corr.   Coulomb (SR)   Coul. recip.
    3.16433e+04    5.82223e+04   -4.17368e+03   -5.37836e+05    3.06538e+03
 Position Rest.      Potential    Kinetic En.   Total Energy  Conserved En.
    1.66383e+02   -4.33665e+05    8.74538e+04   -3.46211e+05   -3.44872e+05
    Temperature Pres. DC (bar) Pressure (bar)   Constr. rmsd
    3.15608e+02   -2.08576e+02   -1.21079e+02    3.21697e-06

           Step           Time
         325000      650.00000

   Energies (kJ/mol)
           Bond          Angle    Proper Dih. Per. Imp. Dih.          LJ-14
    1.67736e+03    4.86935e+03    6.19197e+03    2.95670e+02    2.24817e+03
     Coulomb-14        LJ (SR)  Disper. corr.   Coulomb (SR)   Coul. recip.
    3.15738e+04    5.84078e+04   -4.17596e+03   -5.38527e+05    3.19611e+03
 Position Rest.      Potential    Kinetic En.   Total Energy  Conserved En.
    1.57799e+02   -4.34085e+05    8.60113e+04   -3.48073e+05   -3.44837e+05
    Temperature Pres. DC (bar) Pressure (bar)   Constr. rmsd
    3.10402e+02   -2.08804e+02   -6.60066e+01    3.21697e-06

           Step           Time
         330000      660.00000

   Energies (kJ/mol)
           Bond          Angle    Proper Dih. Per. Imp. Dih.          LJ-14
    1.73908e+03    4.81957e+03    6.08085e+03    2.84123e+02    2.19627e+03
     Coulomb-14        LJ (SR)  Disper. corr.   Coulomb (SR)   Coul. recip.
    3.16268e+04    5.95825e+04   -4.18007e+03   -5.40244e+05    3.08892e+03
 Position Rest.      Potential    Kinetic En.   Total Energy  Conserved En.
    1.64019e+02   -4.34842e+05    8.58948e+04   -3.48947e+05   -3.44783e+05
    Temperature Pres. DC (bar) Pressure (bar)   Constr. rmsd
    3.09982e+02   -2.09215e+02   -6.51907e+00    3.21697e-06

           Step           Time
         335000      670.00000

   Energies (kJ/mol)
           Bond          Angle    Proper Dih. Per. Imp. Dih.          LJ-14
    1.51924e+03    4.90175e+03    6.13134e+03    2.47850e+02    2.14298e+03
     Coulomb-14        LJ (SR)  Disper. corr.   Coulomb (SR)   Coul. recip.
    3.16946e+04    5.94515e+04   -4.17765e+03   -5.40320e+05    3.20898e+03
 Position Rest.      Potential    Kinetic En.   Total Energy  Conserved En.
    1.65111e+02   -4.35034e+05    8.50247e+04   -3.50009e+05   -3.44764e+05
    Temperature Pres. DC (bar) Pressure (bar)   Constr. rmsd
    3.06842e+02   -2.08973e+02   -1.24724e+01    3.21697e-06

           Step           Time
         340000      680.00000

   Energies (kJ/mol)
           Bond          Angle    Proper Dih. Per. Imp. Dih.          LJ-14
    1.68449e+03    4.82472e+03    6.18281e+03    2.61267e+02    2.22036e+03
     Coulomb-14        LJ (SR)  Disper. corr.   Coulomb (SR)   Coul. recip.
    3.20068e+04    5.98081e+04   -4.17691e+03   -5.39775e+05    3.05803e+03
 Position Rest.      Potential    Kinetic En.   Total Energy  Conserved En.
    1.93704e+02   -4.33711e+05    8.68933e+04   -3.46818e+05   -3.44782e+05
    Temperature Pres. DC (bar) Pressure (bar)   Constr. rmsd
    3.13585e+02   -2.08899e+02    2.19778e+02    3.21697e-06

           Step           Time
         345000      690.00000

   Energies (kJ/mol)
           Bond          Angle    Proper Dih. Per. Imp. Dih.          LJ-14
    1.78763e+03    4.77199e+03    6.10004e+03    2.94631e+02    2.14946e+03
     Coulomb-14        LJ (SR)  Disper. corr.   Coulomb (SR)   Coul. recip.
    3.17852e+04    5.92898e+04   -4.17790e+03   -5.39847e+05    3.23496e+03
 Position Rest.      Potential    Kinetic En.   Total Energy  Conserved En.
    1.80783e+02   -4.34431e+05    8.62849e+04   -3.48146e+05   -3.44703e+05
    Temperature Pres. DC (bar) Pressure (bar)   Constr. rmsd
    3.11390e+02   -2.08997e+02   -6.42383e+01    3.21697e-06

           Step           Time
         350000      700.00000

   Energies (kJ/mol)
           Bond          Angle    Proper Dih. Per. Imp. Dih.          LJ-14
    1.59780e+03    4.87138e+03    6.16379e+03    2.88870e+02    2.25341e+03
     Coulomb-14        LJ (SR)  Disper. corr.   Coulomb (SR)   Coul. recip.
    3.17662e+04    5.95252e+04   -4.18351e+03   -5.40858e+05    3.09240e+03
 Position Rest.      Potential    Kinetic En.   Total Energy  Conserved En.
    1.68224e+02   -4.35315e+05    8.58160e+04   -3.49499e+05   -3.44680e+05
    Temperature Pres. DC (bar) Pressure (bar)   Constr. rmsd
    3.09698e+02   -2.09558e+02   -5.54691e+01    3.21697e-06

           Step           Time
         355000      710.00000

   Energies (kJ/mol)
           Bond          Angle    Proper Dih. Per. Imp. Dih.          LJ-14
    1.74128e+03    4.86855e+03    6.16372e+03    2.61047e+02    2.25503e+03
     Coulomb-14        LJ (SR)  Disper. corr.   Coulomb (SR)   Coul. recip.
    3.16515e+04    6.04077e+04   -4.18171e+03   -5.39690e+05    3.18482e+03
 Position Rest.      Potential    Kinetic En.   Total Energy  Conserved En.
    1.77421e+02   -4.33161e+05    8.68466e+04   -3.46314e+05   -3.44673e+05
    Temperature Pres. DC (bar) Pressure (bar)   Constr. rmsd
    3.13417e+02   -2.09379e+02    2.24341e+02    3.21697e-06

           Step           Time
         360000      720.00000

   Energies (kJ/mol)
           Bond          Angle    Proper Dih. Per. Imp. Dih.          LJ-14
    1.60940e+03    4.88992e+03    6.12537e+03    2.98539e+02    2.22312e+03
     Coulomb-14        LJ (SR)  Disper. corr.   Coulomb (SR)   Coul. recip.
    3.17001e+04    6.02921e+04   -4.18317e+03   -5.41440e+05    3.21691e+03
 Position Rest.      Potential    Kinetic En.   Total Energy  Conserved En.
    1.44846e+02   -4.35123e+05    8.64571e+04   -3.48666e+05   -3.44629e+05
    Temperature Pres. DC (bar) Pressure (bar)   Constr. rmsd
    3.12011e+02   -2.09524e+02    1.37798e+02    3.21697e-06

           Step           Time
         365000      730.00000

   Energies (kJ/mol)
           Bond          Angle    Proper Dih. Per. Imp. Dih.          LJ-14
    1.70000e+03    4.86249e+03    6.22080e+03    2.72134e+02    2.22986e+03
     Coulomb-14        LJ (SR)  Disper. corr.   Coulomb (SR)   Coul. recip.
    3.18155e+04    5.84302e+04   -4.17582e+03   -5.38752e+05    3.10246e+03
 Position Rest.      Potential    Kinetic En.   Total Energy  Conserved En.
    1.91582e+02   -4.34103e+05    8.65752e+04   -3.47528e+05   -3.44555e+05
    Temperature Pres. DC (bar) Pressure (bar)   Constr. rmsd
    3.12437e+02   -2.08790e+02   -3.17095e+02    3.21697e-06

           Step           Time
         370000      740.00000

   Energies (kJ/mol)
           Bond          Angle    Proper Dih. Per. Imp. Dih.          LJ-14
    1.67239e+03    4.99853e+03    6.14529e+03    2.66510e+02    2.16455e+03
     Coulomb-14        LJ (SR)  Disper. corr.   Coulomb (SR)   Coul. recip.
    3.17962e+04    5.92298e+04   -4.17581e+03   -5.39130e+05    3.16314e+03
 Position Rest.      Potential    Kinetic En.   Total Energy  Conserved En.
    1.68218e+02   -4.33701e+05    8.56700e+04   -3.48031e+05   -3.44574e+05
    Temperature Pres. DC (bar) Pressure (bar)   Constr. rmsd
    3.09171e+02   -2.08789e+02   -8.26133e+00    3.21697e-06

           Step           Time
         375000      750.00000

   Energies (kJ/mol)
           Bond          Angle    Proper Dih. Per. Imp. Dih.          LJ-14
    1.68298e+03    5.08394e+03    6.20297e+03    2.78819e+02    2.20963e+03
     Coulomb-14        LJ (SR)  Disper. corr.   Coulomb (SR)   Coul. recip.
    3.17037e+04    5.84698e+04   -4.17365e+03   -5.37984e+05    3.20676e+03
 Position Rest.      Potential    Kinetic En.   Total Energy  Conserved En.
    1.56679e+02   -4.33162e+05    8.63658e+04   -3.46796e+05   -3.44511e+05
    Temperature Pres. DC (bar) Pressure (bar)   Constr. rmsd
    3.11682e+02   -2.08573e+02   -1.41652e+02    3.21697e-06

           Step           Time
         380000      760.00000

   Energies (kJ/mol)
           Bond          Angle    Proper Dih. Per. Imp. Dih.          LJ-14
    1.75585e+03    4.89494e+03    6.25307e+03    2.83720e+02    2.23508e+03
     Coulomb-14        LJ (SR)  Disper. corr.   Coulomb (SR)   Coul. recip.
    3.16674e+04    5.99214e+04   -4.18191e+03   -5.39674e+05    3.11547e+03
 Position Rest.      Potential    Kinetic En.   Total Energy  Conserved En.
    1.60654e+02   -4.33568e+05    8.63808e+04   -3.47187e+05   -3.44522e+05
    Temperature Pres. DC (bar) Pressure (bar)   Constr. rmsd
    3.11736e+02   -2.09398e+02    1.30546e+02    3.21697e-06

           Step           Time
         385000      770.00000

   Energies (kJ/mol)
           Bond          Angle    Proper Dih. Per. Imp. Dih.          LJ-14
    1.48365e+03    4.78997e+03    6.20635e+03    2.99573e+02    2.28551e+03
     Coulomb-14        LJ (SR)  Disper. corr.   Coulomb (SR)   Coul. recip.
    3.19219e+04    5.82949e+04   -4.18484e+03   -5.39818e+05    3.16887e+03
 Position Rest.      Potential    Kinetic En.   Total Energy  Conserved En.
    2.11140e+02   -4.35341e+05    8.52840e+04   -3.50057e+05   -3.44487e+05
    Temperature Pres. DC (bar) Pressure (bar)   Constr. rmsd
    3.07778e+02   -2.09692e+02   -3.56778e+01    3.21697e-06

           Step           Time
         390000      780.00000

   Energies (kJ/mol)
           Bond          Angle    Proper Dih. Per. Imp. Dih.          LJ-14
    1.81084e+03    4.82073e+03    6.19100e+03    2.67050e+02    2.24732e+03
     Coulomb-14        LJ (SR)  Disper. corr.   Coulomb (SR)   Coul. recip.
    3.17446e+04    5.94472e+04   -4.18521e+03   -5.39477e+05    3.16204e+03
 Position Rest.      Potential    Kinetic En.   Total Energy  Conserved En.
    1.58676e+02   -4.33812e+05    8.63084e+04   -3.47504e+05   -3.44453e+05
    Temperature Pres. DC (bar) Pressure (bar)   Constr. rmsd
    3.11475e+02   -2.09729e+02    1.03589e+02    3.21697e-06

           Step           Time
         395000      790.00000

   Energies (kJ/mol)
           Bond          Angle    Proper Dih. Per. Imp. Dih.          LJ-14
    1.61276e+03    4.92011e+03    6.13332e+03    2.51409e+02    2.18133e+03
     Coulomb-14        LJ (SR)  Disper. corr.   Coulomb (SR)   Coul. recip.
    3.17225e+04    5.82448e+04   -4.17740e+03   -5.38298e+05    3.08796e+03
 Position Rest.      Potential    Kinetic En.   Total Energy  Conserved En.
    1.62360e+02   -4.34159e+05    8.45795e+04   -3.49580e+05   -3.44404e+05
    Temperature Pres. DC (bar) Pressure (bar)   Constr. rmsd
    3.05235e+02   -2.08948e+02   -2.19284e+02    3.21697e-06

           Step           Time
         400000      800.00000

   Energies (kJ/mol)
           Bond          Angle    Proper Dih. Per. Imp. Dih.          LJ-14
    1.71989e+03    4.74715e+03    6.12580e+03    3.06422e+02    2.22664e+03
     Coulomb-14        LJ (SR)  Disper. corr.   Coulomb (SR)   Coul. recip.
    3.17591e+04    5.93386e+04   -4.18450e+03   -5.40292e+05    3.09963e+03
 Position Rest.      Potential    Kinetic En.   Total Energy  Conserved En.
    1.79584e+02   -4.34973e+05    8.59835e+04   -3.48990e+05   -3.44404e+05
    Temperature Pres. DC (bar) Pressure (bar)   Constr. rmsd
    3.10302e+02   -2.09658e+02    6.21194e+01    3.21697e-06

           Step           Time
         405000      810.00000

   Energies (kJ/mol)
           Bond          Angle    Proper Dih. Per. Imp. Dih.          LJ-14
    1.67085e+03    4.95959e+03    6.12178e+03    2.88657e+02    2.18299e+03
     Coulomb-14        LJ (SR)  Disper. corr.   Coulomb (SR)   Coul. recip.
    3.16222e+04    5.88873e+04   -4.18570e+03   -5.38621e+05    3.21663e+03
 Position Rest.      Potential    Kinetic En.   Total Energy  Conserved En.
    1.70162e+02   -4.33687e+05    8.60865e+04   -3.47600e+05   -3.44376e+05
    Temperature Pres. DC (bar) Pressure (bar)   Constr. rmsd
    3.10674e+02   -2.09778e+02   -9.79698e+01    3.21697e-06

           Step           Time
         410000      820.00000

   Energies (kJ/mol)
           Bond          Angle    Proper Dih. Per. Imp. Dih.          LJ-14
    1.62696e+03    4.65187e+03    6.12921e+03    2.74849e+02    2.28087e+03
     Coulomb-14        LJ (SR)  Disper. corr.   Coulomb (SR)   Coul. recip.
    3.18644e+04    5.93936e+04   -4.17835e+03   -5.41333e+05    3.11444e+03
 Position Rest.      Potential    Kinetic En.   Total Energy  Conserved En.
    1.78052e+02   -4.35997e+05    8.53814e+04   -3.50615e+05   -3.44366e+05
    Temperature Pres. DC (bar) Pressure (bar)   Constr. rmsd
    3.08129e+02   -2.09043e+02    9.85553e+01    3.21697e-06

           Step           Time
         415000      830.00000

   Energies (kJ/mol)
           Bond          Angle    Proper Dih. Per. Imp. Dih.          LJ-14
    1.69536e+03    4.66802e+03    6.19187e+03    2.41815e+02    2.16882e+03
     Coulomb-14        LJ (SR)  Disper. corr.   Coulomb (SR)   Coul. recip.
    3.18756e+04    6.01626e+04   -4.18519e+03   -5.42305e+05    3.01524e+03
 Position Rest.      Potential    Kinetic En.   Total Energy  Conserved En.
    1.39209e+02   -4.36332e+05    8.55171e+04   -3.50815e+05   -3.44311e+05
    Temperature Pres. DC (bar) Pressure (bar)   Constr. rmsd
    3.08619e+02   -2.09727e+02   -8.66999e+01    3.21697e-06

           Step           Time
         420000      840.00000

   Energies (kJ/mol)
           Bond          Angle    Proper Dih. Per. Imp. Dih.          LJ-14
    1.54806e+03    4.86815e+03    6.19840e+03    2.97322e+02    2.27843e+03
     Coulomb-14        LJ (SR)  Disper. corr.   Coulomb (SR)   Coul. recip.
    3.17716e+04    5.96640e+04   -4.18034e+03   -5.40306e+05    3.19219e+03
 Position Rest.      Potential    Kinetic En.   Total Energy  Conserved En.
    1.62881e+02   -4.34506e+05    8.55763e+04   -3.48930e+05   -3.44311e+05
    Temperature Pres. DC (bar) Pressure (bar)   Constr. rmsd
    3.08833e+02   -2.09241e+02    7.16136e+01    3.21697e-06

           Step           Time
         425000      850.00000

   Energies (kJ/mol)
           Bond          Angle    Proper Dih. Per. Imp. Dih.          LJ-14
    1.61339e+03    4.86630e+03    6.08517e+03    2.70425e+02    2.21723e+03
     Coulomb-14        LJ (SR)  Disper. corr.   Coulomb (SR)   Coul. recip.
    3.18211e+04    5.80904e+04   -4.18294e+03   -5.38210e+05    3.10280e+03
 Position Rest.      Potential    Kinetic En.   Total Energy  Conserved En.
    1.50010e+02   -4.34176e+05    8.53330e+04   -3.48843e+05   -3.44285e+05
    Temperature Pres. DC (bar) Pressure (bar)   Constr. rmsd
    3.07954e+02   -2.09501e+02   -1.69612e+02    3.21697e-06

           Step           Time
         430000      860.00000

   Energies (kJ/mol)
           Bond          Angle    Proper Dih. Per. Imp. Dih.          LJ-14
    1.67950e+03    4.52092e+03    6.15899e+03    3.05228e+02    2.22224e+03
     Coulomb-14        LJ (SR)  Disper. corr.   Coulomb (SR)   Coul. recip.
    3.16683e+04    5.85408e+04   -4.18285e+03   -5.39651e+05    3.12271e+03
 Position Rest.      Potential    Kinetic En.   Total Energy  Conserved En.
    1.41318e+02   -4.35474e+05    8.60803e+04   -3.49393e+05   -3.44268e+05
    Temperature Pres. DC (bar) Pressure (bar)   Constr. rmsd
    3.10651e+02   -2.09492e+02   -2.17152e+02    3.21697e-06

           Step           Time
         435000      870.00000

   Energies (kJ/mol)
           Bond          Angle    Proper Dih. Per. Imp. Dih.          LJ-14
    1.71603e+03    4.85928e+03    6.17803e+03    3.20358e+02    2.25327e+03
     Coulomb-14        LJ (SR)  Disper. corr.   Coulomb (SR)   Coul. recip.
    3.17560e+04    5.83349e+04   -4.17933e+03   -5.39168e+05    3.18629e+03
 Position Rest.      Potential    Kinetic En.   Total Energy  Conserved En.
    1.46672e+02   -4.34597e+05    8.62217e+04   -3.48375e+05   -3.44212e+05
    Temperature Pres. DC (bar) Pressure (bar)   Constr. rmsd
    3.11162e+02   -2.09140e+02   -1.16077e+02    3.21697e-06

           Step           Time
         440000      880.00000

   Energies (kJ/mol)
           Bond          Angle    Proper Dih. Per. Imp. Dih.          LJ-14
    1.72156e+03    5.06197e+03    6.18859e+03    2.82651e+02    2.18052e+03
     Coulomb-14        LJ (SR)  Disper. corr.   Coulomb (SR)   Coul. recip.
    3.15897e+04    5.90951e+04   -4.18610e+03   -5.38706e+05    3.15891e+03
 Position Rest.      Potential    Kinetic En.   Total Energy  Conserved En.
    1.70532e+02   -4.33442e+05    8.59652e+04   -3.47477e+05   -3.44201e+05
    Temperature Pres. DC (bar) Pressure (bar)   Constr. rmsd
    3.10236e+02   -2.09818e+02    6.86846e+01    3.21697e-06

           Step           Time
         445000      890.00000

   Energies (kJ/mol)
           Bond          Angle    Proper Dih. Per. Imp. Dih.          LJ-14
    1.72528e+03    4.93122e+03    6.16549e+03    2.67100e+02    2.18589e+03
     Coulomb-14        LJ (SR)  Disper. corr.   Coulomb (SR)   Coul. recip.
    3.15764e+04    5.89536e+04   -4.18512e+03   -5.38749e+05    3.19778e+03
 Position Rest.      Potential    Kinetic En.   Total Energy  Conserved En.
    1.45817e+02   -4.33785e+05    8.57278e+04   -3.48057e+05   -3.44162e+05
    Temperature Pres. DC (bar) Pressure (bar)   Constr. rmsd
    3.09379e+02   -2.09720e+02   -1.12725e+02    3.21697e-06

           Step           Time
         450000      900.00000

   Energies (kJ/mol)
           Bond          Angle    Proper Dih. Per. Imp. Dih.          LJ-14
    1.71834e+03    5.04953e+03    6.17302e+03    3.04699e+02    2.23960e+03
     Coulomb-14        LJ (SR)  Disper. corr.   Coulomb (SR)   Coul. recip.
    3.17555e+04    5.87530e+04   -4.18326e+03   -5.38516e+05    3.13334e+03
 Position Rest.      Potential    Kinetic En.   Total Energy  Conserved En.
    1.76954e+02   -4.33395e+05    8.59461e+04   -3.47449e+05   -3.44135e+05
    Temperature Pres. DC (bar) Pressure (bar)   Constr. rmsd
    3.10167e+02   -2.09534e+02    1.14491e+00    3.21697e-06

           Step           Time
         455000      910.00000

   Energies (kJ/mol)
           Bond          Angle    Proper Dih. Per. Imp. Dih.          LJ-14
    1.73216e+03    4.92698e+03    6.13063e+03    2.77605e+02    2.20717e+03
     Coulomb-14        LJ (SR)  Disper. corr.   Coulomb (SR)   Coul. recip.
    3.16215e+04    5.91214e+04   -4.18149e+03   -5.40572e+05    3.06074e+03
 Position Rest.      Potential    Kinetic En.   Total Energy  Conserved En.
    1.58750e+02   -4.35517e+05    8.55200e+04   -3.49997e+05   -3.44106e+05
    Temperature Pres. DC (bar) Pressure (bar)   Constr. rmsd
    3.08630e+02   -2.09357e+02   -1.49641e+02    3.21697e-06

           Step           Time
         460000      920.00000

   Energies (kJ/mol)
           Bond          Angle    Proper Dih. Per. Imp. Dih.          LJ-14
    1.82411e+03    4.85656e+03    6.15803e+03    2.68802e+02    2.17521e+03
     Coulomb-14        LJ (SR)  Disper. corr.   Coulomb (SR)   Coul. recip.
    3.16776e+04    5.94739e+04   -4.17967e+03   -5.38961e+05    3.03105e+03
 Position Rest.      Potential    Kinetic En.   Total Energy  Conserved En.
    1.66363e+02   -4.33509e+05    8.67237e+04   -3.46786e+05   -3.44110e+05
    Temperature Pres. DC (bar) Pressure (bar)   Constr. rmsd
    3.12973e+02   -2.09175e+02    8.86787e+01    3.21697e-06

           Step           Time
         465000      930.00000

   Energies (kJ/mol)
           Bond          Angle    Proper Dih. Per. Imp. Dih.          LJ-14
    1.78494e+03    4.75668e+03    6.27438e+03    2.50171e+02    2.15106e+03
     Coulomb-14        LJ (SR)  Disper. corr.   Coulomb (SR)   Coul. recip.
    3.17101e+04    5.90994e+04   -4.18473e+03   -5.39200e+05    3.07849e+03
 Position Rest.      Potential    Kinetic En.   Total Energy  Conserved En.
    1.68766e+02   -4.34111e+05    8.60798e+04   -3.48031e+05   -3.44063e+05
    Temperature Pres. DC (bar) Pressure (bar)   Constr. rmsd
    3.10650e+02   -2.09681e+02   -1.53523e+02    3.21697e-06

           Step           Time
         470000      940.00000

   Energies (kJ/mol)
           Bond          Angle    Proper Dih. Per. Imp. Dih.          LJ-14
    1.69291e+03    4.94288e+03    6.13626e+03    2.90803e+02    2.18064e+03
     Coulomb-14        LJ (SR)  Disper. corr.   Coulomb (SR)   Coul. recip.
    3.16952e+04    5.88361e+04   -4.18158e+03   -5.37134e+05    3.12744e+03
 Position Rest.      Potential    Kinetic En.   Total Energy  Conserved En.
    1.78675e+02   -4.32235e+05    8.52610e+04   -3.46974e+05   -3.44066e+05
    Temperature Pres. DC (bar) Pressure (bar)   Constr. rmsd
    3.07695e+02   -2.09365e+02    1.76219e+02    3.21697e-06

           Step           Time
         475000      950.00000

   Energies (kJ/mol)
           Bond          Angle    Proper Dih. Per. Imp. Dih.          LJ-14
    1.54379e+03    4.87930e+03    6.23622e+03    2.65673e+02    2.27056e+03
     Coulomb-14        LJ (SR)  Disper. corr.   Coulomb (SR)   Coul. recip.
    3.19843e+04    5.93061e+04   -4.18044e+03   -5.40163e+05    3.06375e+03
 Position Rest.      Potential    Kinetic En.   Total Energy  Conserved En.
    1.74476e+02   -4.34619e+05    8.54622e+04   -3.49157e+05   -3.44032e+05
    Temperature Pres. DC (bar) Pressure (bar)   Constr. rmsd
    3.08421e+02   -2.09252e+02    1.40893e+02    3.21697e-06

           Step           Time
         480000      960.00000

   Energies (kJ/mol)
           Bond          Angle    Proper Dih. Per. Imp. Dih.          LJ-14
    1.61456e+03    4.82152e+03    6.22378e+03    2.74697e+02    2.22906e+03
     Coulomb-14        LJ (SR)  Disper. corr.   Coulomb (SR)   Coul. recip.
    3.17512e+04    5.92933e+04   -4.18489e+03   -5.40550e+05    3.11561e+03
 Position Rest.      Potential    Kinetic En.   Total Energy  Conserved En.
    1.55504e+02   -4.35256e+05    8.56477e+04   -3.49608e+05   -3.43994e+05
    Temperature Pres. DC (bar) Pressure (bar)   Constr. rmsd
    3.09090e+02   -2.09697e+02    3.82004e+01    3.21697e-06

           Step           Time
         485000      970.00000

   Energies (kJ/mol)
           Bond          Angle    Proper Dih. Per. Imp. Dih.          LJ-14
    1.75015e+03    4.73961e+03    6.18308e+03    2.87897e+02    2.25630e+03
     Coulomb-14        LJ (SR)  Disper. corr.   Coulomb (SR)   Coul. recip.
    3.17018e+04    6.00622e+04   -4.18505e+03   -5.40505e+05    3.20651e+03
 Position Rest.      Potential    Kinetic En.   Total Energy  Conserved En.
    1.37448e+02   -4.34365e+05    8.55565e+04   -3.48808e+05   -3.43981e+05
    Temperature Pres. DC (bar) Pressure (bar)   Constr. rmsd
    3.08761e+02   -2.09713e+02    1.51305e+02    3.21697e-06

           Step           Time
         490000      980.00000

   Energies (kJ/mol)
           Bond          Angle    Proper Dih. Per. Imp. Dih.          LJ-14
    1.81644e+03    4.73035e+03    6.19637e+03    2.74626e+02    2.16985e+03
     Coulomb-14        LJ (SR)  Disper. corr.   Coulomb (SR)   Coul. recip.
    3.17252e+04    5.86023e+04   -4.18273e+03   -5.39414e+05    3.09315e+03
 Position Rest.      Potential    Kinetic En.   Total Energy  Conserved En.
    1.32340e+02   -4.34856e+05    8.55303e+04   -3.49326e+05   -3.43911e+05
    Temperature Pres. DC (bar) Pressure (bar)   Constr. rmsd
    3.08667e+02   -2.09480e+02   -2.46882e+02    3.21697e-06

           Step           Time
         495000      990.00000

   Energies (kJ/mol)
           Bond          Angle    Proper Dih. Per. Imp. Dih.          LJ-14
    1.78803e+03    4.76742e+03    6.20012e+03    2.63774e+02    2.22390e+03
     Coulomb-14        LJ (SR)  Disper. corr.   Coulomb (SR)   Coul. recip.
    3.15641e+04    5.88770e+04   -4.18160e+03   -5.38672e+05    3.17556e+03
 Position Rest.      Potential    Kinetic En.   Total Energy  Conserved En.
    1.39454e+02   -4.33854e+05    8.45998e+04   -3.49254e+05   -3.43895e+05
    Temperature Pres. DC (bar) Pressure (bar)   Constr. rmsd
    3.05308e+02   -2.09367e+02   -1.13436e+02    3.21697e-06

           Step           Time
         500000     1000.00000

Writing checkpoint, step 500000 at Tue Sep 24 13:54:46 2024


   Energies (kJ/mol)
           Bond          Angle    Proper Dih. Per. Imp. Dih.          LJ-14
    1.71965e+03    4.71493e+03    6.09843e+03    2.59148e+02    2.22208e+03
     Coulomb-14        LJ (SR)  Disper. corr.   Coulomb (SR)   Coul. recip.
    3.16722e+04    5.85482e+04   -4.18197e+03   -5.38186e+05    3.13441e+03
 Position Rest.      Potential    Kinetic En.   Total Energy  Conserved En.
    1.67003e+02   -4.33832e+05    8.45294e+04   -3.49303e+05   -3.43891e+05
    Temperature Pres. DC (bar) Pressure (bar)   Constr. rmsd
    3.05055e+02   -2.09405e+02   -5.80139e+01    3.21697e-06


Energy conservation over simulation part #1 of length 1000 ps, time 0 to 1000 ps
  Conserved energy drift: 8.65e-05 kJ/mol/ps per atom


	<======  ###############  ==>
	<====  A V E R A G E S  ====>
	<==  ###############  ======>

	Statistics over 500001 steps using 5001 frames

   Energies (kJ/mol)
           Bond          Angle    Proper Dih. Per. Imp. Dih.          LJ-14
    1.69262e+03    4.84024e+03    6.17763e+03    2.75104e+02    2.23186e+03
     Coulomb-14        LJ (SR)  Disper. corr.   Coulomb (SR)   Coul. recip.
    3.16367e+04    5.91913e+04   -4.18118e+03   -5.39266e+05    3.12054e+03
 Position Rest.      Potential    Kinetic En.   Total Energy  Conserved En.
    1.59597e+02   -4.34122e+05    8.58887e+04   -3.48233e+05   -3.45282e+05
    Temperature Pres. DC (bar) Pressure (bar)   Constr. rmsd
    3.09960e+02   -2.09326e+02    1.11159e+00    0.00000e+00

          Box-X          Box-Y          Box-Z
    7.77301e+00    7.77301e+00    5.49635e+00

   Total Virial (kJ/mol)
    2.86152e+04    5.55267e+01   -2.39621e+00
    5.55260e+01    2.86422e+04   -1.08485e+02
   -2.39524e+00   -1.08483e+02    2.85985e+04

   Pressure (bar)
    9.57527e-01   -3.89189e+00    9.19200e-01
   -3.89182e+00   -1.11834e+00    1.12978e+01
    9.19104e-01    1.12976e+01    3.49558e+00

      T-ProteinT-Water_and_ions
    3.09998e+02    3.09957e+02


       P P   -   P M E   L O A D   B A L A N C I N G

 PP/PME load balancing changed the cut-off and PME settings:
           particle-particle                    PME
            rcoulomb  rlist            grid      spacing   1/beta
   initial  1.000 nm  1.001 nm      72  72  72   0.108 nm  0.320 nm
   final    1.012 nm  1.013 nm      64  64  64   0.121 nm  0.324 nm
 cost-ratio           1.04             0.70
 (note that these numbers concern only part of the total PP and PME load)


	M E G A - F L O P S   A C C O U N T I N G

 NB=Group-cutoff nonbonded kernels    NxN=N-by-N cluster Verlet kernels
 RF=Reaction-Field  VdW=Van der Waals  QSTab=quadratic-spline table
 W3=SPC/TIP3p  W4=TIP4p (single or pairs)
 V&F=Potential and force  V=Potential only  F=Force only

 Computing:                               M-Number         M-Flops  % Flops
-----------------------------------------------------------------------------
 Pair Search distance check           16538.515136      148846.636     0.0
 NxN Ewald Elec. + LJ [F]          16427228.767488  1084197098.654    98.2
 NxN Ewald Elec. + LJ [V&F]          165964.647488    17758217.281     1.6
 1,4 nonbonded interactions            2935.505871      264195.528     0.0
 Shift-X                                163.787751         982.727     0.0
 Bonds                                  560.001120       33040.066     0.0
 Angles                                2045.504091      343644.687     0.0
 Propers                               3172.006344      726389.453     0.1
 Impropers                              208.000416       43264.087     0.0
 Pos. Restr.                             71.500143        3575.007     0.0
 Virial                                 164.012796        2952.230     0.0
 P-Coupling                             163.787751         982.727     0.0
 Calc-Ekin                             3275.165502       88429.469     0.0
 Lincs                                    0.002250           0.135     0.0
 Lincs-Mat                                0.012696           0.051     0.0
 Constraint-V                             0.032724           0.295     0.0
 Settle                                   0.020316           7.517     0.0
-----------------------------------------------------------------------------
 Total                                              1103611626.549   100.0
-----------------------------------------------------------------------------


      R E A L   C Y C L E   A N D   T I M E   A C C O U N T I N G

On 1 MPI rank, each using 16 OpenMP threads

 Activity:              Num   Num      Call    Wall time         Giga-Cycles
                        Ranks Threads  Count      (s)         total sum    %
--------------------------------------------------------------------------------
 Neighbor search           1   16       5001      75.177       3488.228  13.2
 Launch PP GPU ops.        1   16     995001      20.504        951.379   3.6
 Force                     1   16     500001     352.379      16350.383  61.9
 PME GPU mesh              1   16     500001      17.372        806.070   3.1
 Wait GPU NB local         1   16     500001       0.087          4.047   0.0
 Wait GPU state copy       1   16     610001      62.056       2879.419  10.9
 NB X/F buffer ops.        1   16       5001       1.470         68.201   0.3
 Write traj.               1   16        101       0.420         19.487   0.1
 Constraints               1   16          2       0.001          0.049   0.0
 Rest                                             39.867       1849.843   7.0
--------------------------------------------------------------------------------
 Total                                           569.334      26417.107 100.0
--------------------------------------------------------------------------------
 Breakdown of PME mesh activities
--------------------------------------------------------------------------------
 Wait PME GPU gather       1   16     500001       0.077          3.595   0.0
 Reduce GPU PME F          1   16     500001       0.842         39.081   0.1
 Launch PME GPU ops.       1   16    4500009      15.900        737.771   2.8
--------------------------------------------------------------------------------

NOTE: 13 % of the run time was spent in pair search,
      you might want to increase nstlist (this has no effect on accuracy)

               Core t (s)   Wall t (s)        (%)
       Time:     9109.118      569.334     1600.0
                 (ns/day)    (hour/ns)
Performance:      151.756        0.158
Finished mdrun on rank 0 Tue Sep 24 13:54:46 2024

