2025-10-12 11:26:07,658 [MainThread  ] [INFO ]  Module: biobb_gromacs.gromacs.editconf Version: 5.1.1
2025-10-12 11:26:07,659 [MainThread  ] [INFO ]  /host_pwd/cipparc1999C/sandbox_88d576d4-5cfd-4fe3-831e-4fa002be962a directory successfully created
2025-10-12 11:26:07,667 [MainThread  ] [INFO ]  Copy: prot_cipparc1999C_CIP_H.pdb to /host_pwd/cipparc1999C/sandbox_88d576d4-5cfd-4fe3-831e-4fa002be962a
2025-10-12 11:26:07,667 [MainThread  ] [INFO ]  Distance of the box to molecule:   0.80
2025-10-12 11:26:07,667 [MainThread  ] [INFO ]  Centering molecule in the box.
2025-10-12 11:26:07,668 [MainThread  ] [INFO ]  Box type: octahedron
2025-10-12 11:26:07,668 [MainThread  ] [INFO ]  gmx -nobackup -nocopyright editconf -f /host_pwd/cipparc1999C/sandbox_88d576d4-5cfd-4fe3-831e-4fa002be962a/prot_cipparc1999C_CIP_H.pdb -o /host_pwd/cipparc1999C/sandbox_88d576d4-5cfd-4fe3-831e-4fa002be962a/prot_cipparc1999C_CIP_complex_editconf.gro -bt octahedron -d 0.8 -c

2025-10-12 11:26:08,516 [MainThread  ] [INFO ]  Executing: gmx -nobackup -nocopyright editconf -f /host_pwd/cipparc1999C/sandbox_88d576d4-5...
2025-10-12 11:26:08,517 [MainThread  ] [INFO ]  Exit code: 0
2025-10-12 11:26:08,517 [MainThread  ] [INFO ]  Note that major changes are planned in future for editconf, to improve usability and utility.
Read 22400 atoms
Volume: 5297.01 nm^3, corresponds to roughly 2383600 electrons
No velocities found
    system size : 17.516 20.742 10.934 (nm)
    diameter    : 25.740               (nm)
    center      :  0.007 -3.112 -0.604 (nm)
    box vectors : 16.298 16.088 20.202 (nm)
    box angles  :  90.00  90.00  90.00 (degrees)
    box volume  :5297.01               (nm^3)
    shift       : 13.662 22.444 11.766 (nm)
new center      : 13.670 19.332 11.161 (nm)
new box vectors : 27.340 27.340 27.340 (nm)
new box angles  :  70.53 109.47  70.53 (degrees)
new box volume  :15730.80               (nm^3)

2025-10-12 11:26:08,527 [MainThread  ] [INFO ]  Removed: ['/host_pwd/cipparc1999C/sandbox_88d576d4-5cfd-4fe3-831e-4fa002be962a']
