2025-10-12 11:26:07,387 [MainThread  ] [INFO ]  Module: biobb_gromacs.gromacs_extra.append_ligand Version: 5.1.1
2025-10-12 11:26:07,429 [MainThread  ] [INFO ]  Extracting: /host_pwd/cipparc1999C/prot_cipparc1999C_pdb2gmx_top.zip
2025-10-12 11:26:07,429 [MainThread  ] [INFO ]  to:
2025-10-12 11:26:07,429 [MainThread  ] [INFO ]  ['ca2b593a-dd5b-4c18-98f5-0f5a1426700b/p2g.top', 'ca2b593a-dd5b-4c18-98f5-0f5a1426700b/p2g_Protein_chain_A.itp', 'ca2b593a-dd5b-4c18-98f5-0f5a1426700b/p2g_Protein_chain_B.itp', 'ca2b593a-dd5b-4c18-98f5-0f5a1426700b/posre_Protein_chain_A.itp', 'ca2b593a-dd5b-4c18-98f5-0f5a1426700b/posre_Protein_chain_B.itp']
2025-10-12 11:26:07,429 [MainThread  ] [INFO ]  Unzipping: 
2025-10-12 11:26:07,430 [MainThread  ] [INFO ]  prot_cipparc1999C_pdb2gmx_top.zip
2025-10-12 11:26:07,430 [MainThread  ] [INFO ]  To: 
2025-10-12 11:26:07,430 [MainThread  ] [INFO ]  ca2b593a-dd5b-4c18-98f5-0f5a1426700b/p2g.top
2025-10-12 11:26:07,430 [MainThread  ] [INFO ]  ca2b593a-dd5b-4c18-98f5-0f5a1426700b/p2g_Protein_chain_A.itp
2025-10-12 11:26:07,430 [MainThread  ] [INFO ]  ca2b593a-dd5b-4c18-98f5-0f5a1426700b/p2g_Protein_chain_B.itp
2025-10-12 11:26:07,430 [MainThread  ] [INFO ]  ca2b593a-dd5b-4c18-98f5-0f5a1426700b/posre_Protein_chain_A.itp
2025-10-12 11:26:07,430 [MainThread  ] [INFO ]  ca2b593a-dd5b-4c18-98f5-0f5a1426700b/posre_Protein_chain_B.itp
2025-10-12 11:26:07,436 [MainThread  ] [INFO ]  Compressing topology to: prot_cipparc1999C_CIP_complex.top.zip
2025-10-12 11:26:07,436 [MainThread  ] [INFO ]  Ignored file ca2b593a-dd5b-4c18-98f5-0f5a1426700b/amber99sb-ildn.ff/forcefield.itp
2025-10-12 11:26:07,530 [MainThread  ] [INFO ]  Ignored file ca2b593a-dd5b-4c18-98f5-0f5a1426700b/amber99sb-ildn.ff/spce.itp
2025-10-12 11:26:07,531 [MainThread  ] [INFO ]  Ignored file ca2b593a-dd5b-4c18-98f5-0f5a1426700b/amber99sb-ildn.ff/ions.itp
2025-10-12 11:26:07,566 [MainThread  ] [INFO ]  Adding:
2025-10-12 11:26:07,567 [MainThread  ] [INFO ]  ['ca2b593a-dd5b-4c18-98f5-0f5a1426700b/CIP_posres.itp', 'ca2b593a-dd5b-4c18-98f5-0f5a1426700b/CIPparams.itp', 'ca2b593a-dd5b-4c18-98f5-0f5a1426700b/ligand.top', 'ca2b593a-dd5b-4c18-98f5-0f5a1426700b/p2g_Protein_chain_A.itp', 'ca2b593a-dd5b-4c18-98f5-0f5a1426700b/p2g_Protein_chain_B.itp', 'ca2b593a-dd5b-4c18-98f5-0f5a1426700b/posre_Protein_chain_A.itp', 'ca2b593a-dd5b-4c18-98f5-0f5a1426700b/posre_Protein_chain_B.itp']
2025-10-12 11:26:07,567 [MainThread  ] [INFO ]  to: /host_pwd/cipparc1999C/prot_cipparc1999C_CIP_complex.top.zip
2025-10-12 11:26:07,572 [MainThread  ] [INFO ]  Removed: ['ca2b593a-dd5b-4c18-98f5-0f5a1426700b/CIPparams.itp', 'ca2b593a-dd5b-4c18-98f5-0f5a1426700b/CIP_posres.itp', 'ca2b593a-dd5b-4c18-98f5-0f5a1426700b/posre_Protein_chain_A.itp', 'ca2b593a-dd5b-4c18-98f5-0f5a1426700b/p2g_Protein_chain_A.itp', 'ca2b593a-dd5b-4c18-98f5-0f5a1426700b/posre_Protein_chain_B.itp', 'ca2b593a-dd5b-4c18-98f5-0f5a1426700b/p2g_Protein_chain_B.itp', 'ca2b593a-dd5b-4c18-98f5-0f5a1426700b/ligand.top']
2025-10-12 11:26:07,573 [MainThread  ] [INFO ]  Removed: ['ca2b593a-dd5b-4c18-98f5-0f5a1426700b']
2025-10-12 11:26:07,574 [MainThread  ] [INFO ]  
