2025-10-25 17:39:11,042 [MainThread  ] [INFO ]                  :-) GROMACS - gmx genion, 2024.5-conda_forge (-:

Executable:   /usr/local/bin.AVX2_256/gmx
Data prefix:  /usr/local
Working dir:  /host_pwd/cipparc2015C
Command line:
  gmx -nobackup -nocopyright genion -s /host_pwd/cipparc2015C/sandbox_aeeb0cbc-1607-4155-b1d4-e19fdd7bd741/prot_cipparc2015C_CIP_complex_gppion.tpr -o /host_pwd/cipparc2015C/sandbox_aeeb0cbc-1607-4155-b1d4-e19fdd7bd741/prot_cipparc2015C_CIP_genion.gro -p c12cc49d-d90b-404d-95d9-ea4211667c09/ligand.top -neutral -seed 1993

Reading file /host_pwd/cipparc2015C/sandbox_aeeb0cbc-1607-4155-b1d4-e19fdd7bd741/prot_cipparc2015C_CIP_complex_gppion.tpr, VERSION 2024.5-conda_forge (single precision)
Reading file /host_pwd/cipparc2015C/sandbox_aeeb0cbc-1607-4155-b1d4-e19fdd7bd741/prot_cipparc2015C_CIP_complex_gppion.tpr, VERSION 2024.5-conda_forge (single precision)
Group     0 (         System) has 1545292 elements
Group     1 (        Protein) has 22354 elements
Group     2 (      Protein-H) has 11100 elements
Group     3 (        C-alpha) has  1430 elements
Group     4 (       Backbone) has  4290 elements
Group     5 (      MainChain) has  5722 elements
Group     6 (   MainChain+Cb) has  7036 elements
Group     7 (    MainChain+H) has  7072 elements
Group     8 (      SideChain) has 15282 elements
Group     9 (    SideChain-H) has  5378 elements
Group    10 (    Prot-Masses) has 22354 elements
Group    11 (    non-Protein) has 1522938 elements
Group    12 (          Other) has    54 elements
Group    13 (            CIP) has    54 elements
Group    14 (          Water) has 1522884 elements
Group    15 (            SOL) has 1522884 elements
Group    16 (      non-Water) has 22408 elements
Select a group: Number of (3-atomic) solvent molecules: 507628
Using random seed 1993.
Replacing solvent molecule 381439 (atom 1166725) with NA
Replacing solvent molecule 351658 (atom 1077382) with NA
Replacing solvent molecule 453576 (atom 1383136) with NA
Replacing solvent molecule 292793 (atom 900787) with NA
Replacing solvent molecule 373339 (atom 1142425) with NA
Replacing solvent molecule 393800 (atom 1203808) with NA
Replacing solvent molecule 146337 (atom 461419) with NA
Replacing solvent molecule 456465 (atom 1391803) with NA
Replacing solvent molecule 457610 (atom 1395238) with NA
Replacing solvent molecule 40746 (atom 144646) with NA
Replacing solvent molecule 345395 (atom 1058593) with NA
Replacing solvent molecule 419262 (atom 1280194) with NA
Replacing solvent molecule 495901 (atom 1510111) with NA
Replacing solvent molecule 4602 (atom 36214) with NA


GROMACS reminds you: "When doing HPC, don't communica" (Jim Demmel)


