2025-10-25 17:49:09,928 [MainThread  ] [INFO ]  Module: biobb_gromacs.gromacs.grompp Version: 5.1.1
2025-10-25 17:49:09,929 [MainThread  ] [INFO ]  /host_pwd/cipparc2015C/sandbox_ed570aa4-67b1-4989-a38d-9a437bf07b7d directory successfully created
2025-10-25 17:49:10,093 [MainThread  ] [INFO ]  Copy: prot_cipparc2015C_CIP_min.gro to /host_pwd/cipparc2015C/sandbox_ed570aa4-67b1-4989-a38d-9a437bf07b7d
2025-10-25 17:49:10,251 [MainThread  ] [INFO ]  Copy: prot_cipparc2015C_CIP_index.ndx to /host_pwd/cipparc2015C/sandbox_ed570aa4-67b1-4989-a38d-9a437bf07b7d
2025-10-25 17:49:10,327 [MainThread  ] [INFO ]  Extracting: /host_pwd/cipparc2015C/prot_cipparc2015C_CIP_genion_top.zip
2025-10-25 17:49:10,327 [MainThread  ] [INFO ]  to:
2025-10-25 17:49:10,327 [MainThread  ] [INFO ]  ['/host_pwd/cipparc2015C/sandbox_ed570aa4-67b1-4989-a38d-9a437bf07b7d/CIP_posres.itp', '/host_pwd/cipparc2015C/sandbox_ed570aa4-67b1-4989-a38d-9a437bf07b7d/CIPparams.itp', '/host_pwd/cipparc2015C/sandbox_ed570aa4-67b1-4989-a38d-9a437bf07b7d/ligand.top', '/host_pwd/cipparc2015C/sandbox_ed570aa4-67b1-4989-a38d-9a437bf07b7d/p2g_Protein_chain_A.itp', '/host_pwd/cipparc2015C/sandbox_ed570aa4-67b1-4989-a38d-9a437bf07b7d/p2g_Protein_chain_B.itp', '/host_pwd/cipparc2015C/sandbox_ed570aa4-67b1-4989-a38d-9a437bf07b7d/posre_Protein_chain_A.itp', '/host_pwd/cipparc2015C/sandbox_ed570aa4-67b1-4989-a38d-9a437bf07b7d/posre_Protein_chain_B.itp']
2025-10-25 17:49:10,327 [MainThread  ] [INFO ]  Unzipping: 
2025-10-25 17:49:10,327 [MainThread  ] [INFO ]  prot_cipparc2015C_CIP_genion_top.zip
2025-10-25 17:49:10,327 [MainThread  ] [INFO ]  To: 
2025-10-25 17:49:10,327 [MainThread  ] [INFO ]  /host_pwd/cipparc2015C/sandbox_ed570aa4-67b1-4989-a38d-9a437bf07b7d/CIP_posres.itp
2025-10-25 17:49:10,327 [MainThread  ] [INFO ]  /host_pwd/cipparc2015C/sandbox_ed570aa4-67b1-4989-a38d-9a437bf07b7d/CIPparams.itp
2025-10-25 17:49:10,327 [MainThread  ] [INFO ]  /host_pwd/cipparc2015C/sandbox_ed570aa4-67b1-4989-a38d-9a437bf07b7d/ligand.top
2025-10-25 17:49:10,327 [MainThread  ] [INFO ]  /host_pwd/cipparc2015C/sandbox_ed570aa4-67b1-4989-a38d-9a437bf07b7d/p2g_Protein_chain_A.itp
2025-10-25 17:49:10,327 [MainThread  ] [INFO ]  /host_pwd/cipparc2015C/sandbox_ed570aa4-67b1-4989-a38d-9a437bf07b7d/p2g_Protein_chain_B.itp
2025-10-25 17:49:10,327 [MainThread  ] [INFO ]  /host_pwd/cipparc2015C/sandbox_ed570aa4-67b1-4989-a38d-9a437bf07b7d/posre_Protein_chain_A.itp
2025-10-25 17:49:10,327 [MainThread  ] [INFO ]  /host_pwd/cipparc2015C/sandbox_ed570aa4-67b1-4989-a38d-9a437bf07b7d/posre_Protein_chain_B.itp
2025-10-25 17:49:10,329 [MainThread  ] [INFO ]  gmx -nobackup -nocopyright grompp -f /host_pwd/cipparc2015C/sandbox_ed570aa4-67b1-4989-a38d-9a437bf07b7d/grompp.mdp -c /host_pwd/cipparc2015C/sandbox_ed570aa4-67b1-4989-a38d-9a437bf07b7d/prot_cipparc2015C_CIP_min.gro -r /host_pwd/cipparc2015C/sandbox_ed570aa4-67b1-4989-a38d-9a437bf07b7d/prot_cipparc2015C_CIP_min.gro -p /host_pwd/cipparc2015C/sandbox_ed570aa4-67b1-4989-a38d-9a437bf07b7d/ligand.top -o /host_pwd/cipparc2015C/sandbox_ed570aa4-67b1-4989-a38d-9a437bf07b7d/prot_cipparc2015C_CIPgppnvt.tpr -po mdout.mdp -maxwarn 10 -n /host_pwd/cipparc2015C/sandbox_ed570aa4-67b1-4989-a38d-9a437bf07b7d/prot_cipparc2015C_CIP_index.ndx

2025-10-25 17:49:21,822 [MainThread  ] [INFO ]  Executing: gmx -nobackup -nocopyright grompp -f /host_pwd/cipparc2015C/sandbox_ed570aa4-67b...
2025-10-25 17:49:21,822 [MainThread  ] [INFO ]  Exit code: 0
2025-10-25 17:49:21,822 [MainThread  ] [INFO ]  Setting the LD random seed to -549757057

Generated 3003 of the 3003 non-bonded parameter combinations

Generated 3003 of the 3003 1-4 parameter combinations

Excluding 3 bonded neighbours molecule type 'Protein_chain_A'

turning H bonds into constraints...

Excluding 3 bonded neighbours molecule type 'Protein_chain_B'

turning H bonds into constraints...

Excluding 3 bonded neighbours molecule type 'CIPparams'

turning H bonds into constraints...

Excluding 2 bonded neighbours molecule type 'SOL'

turning H bonds into constraints...

Excluding 1 bonded neighbours molecule type 'NA'

turning H bonds into constraints...

Setting gen_seed to -411126109

Velocities were taken from a Maxwell distribution at 300 K

The largest distance between excluded atoms is 0.422 nm between atom 18625 and 18633

Determining Verlet buffer for a tolerance of 0.005 kJ/mol/ps at 300 K

Calculated rlist for 1x1 atom pair-list as 1.036 nm, buffer size 0.036 nm

Set rlist, assuming 4x4 atom pair-list, to 1.000 nm, buffer size 0.000 nm

Note that mdrun will redetermine rlist based on the actual pair-list setup
Calculating fourier grid dimensions for X Y Z
Using a fourier grid of 240x240x240, spacing 0.114 0.114 0.114

Estimate for the relative computational load of the PME mesh part: 0.31

2025-10-25 17:49:22,031 [MainThread  ] [INFO ]  Removed: ['/host_pwd/cipparc2015C/sandbox_ed570aa4-67b1-4989-a38d-9a437bf07b7d', 'mdout.mdp']
2025-10-25 17:49:22,032 [MainThread  ] [INFO ]  
