2025-10-25 17:38:56,952 [MainThread  ] [INFO ]                 :-) GROMACS - gmx solvate, 2024.5-conda_forge (-:

Executable:   /usr/local/bin.AVX2_256/gmx
Data prefix:  /usr/local
Working dir:  /host_pwd/cipparc2015C
Command line:
  gmx -nobackup -nocopyright solvate -cp /host_pwd/cipparc2015C/sandbox_25ae0ca2-033a-4291-876b-9437c52991fd/prot_cipparc2015C_CIP_complex_editconf.gro -cs spc216.gro -o /host_pwd/cipparc2015C/sandbox_25ae0ca2-033a-4291-876b-9437c52991fd/prot_cipparc2015C_CIP_solvate.gro -p 8a12081a-951a-4600-a81d-f7cd843b3659/ligand.top

Reading solute configuration
Reading solvent configuration

Initialising inter-atomic distances...
Generating solvent configuration
Will generate new solvent configuration of 15x14x12 boxes
Solvent box contains 1615824 atoms in 538608 residues
Removed 71715 solvent atoms due to solvent-solvent overlap
Removed 21225 solvent atoms due to solute-solvent overlap
Sorting configuration
Found 1 molecule type:
    SOL (   3 atoms): 507628 residues
Generated solvent containing 1522884 atoms in 507628 residues
Writing generated configuration to /host_pwd/cipparc2015C/sandbox_25ae0ca2-033a-4291-876b-9437c52991fd/prot_cipparc2015C_CIP_solvate.gro

Output configuration contains 1545292 atoms in 509059 residues
Volume                 :     15708.7 (nm^3)
Density                :     984.602 (g/l)
Number of solvent molecules:  507628   

Processing topology

GROMACS reminds you: "The absence of real intelligence doesn't prove you're using AI" (Magnus Lundborg)


