2025-10-28 16:54:13,410 [MainThread  ] [INFO ]  Module: biobb_gromacs.gromacs.editconf Version: 5.1.1
2025-10-28 16:54:13,410 [MainThread  ] [INFO ]  /host_pwd/levparc1999C/sandbox_c7f85dcc-a3db-4928-8cef-2fc31ee967ed directory successfully created
2025-10-28 16:54:13,525 [MainThread  ] [INFO ]  Copy: prot_levparc1999C_LEV_H.pdb to /host_pwd/levparc1999C/sandbox_c7f85dcc-a3db-4928-8cef-2fc31ee967ed
2025-10-28 16:54:13,525 [MainThread  ] [INFO ]  Distance of the box to molecule:   0.80
2025-10-28 16:54:13,526 [MainThread  ] [INFO ]  Centering molecule in the box.
2025-10-28 16:54:13,526 [MainThread  ] [INFO ]  Box type: octahedron
2025-10-28 16:54:13,526 [MainThread  ] [INFO ]  gmx -nobackup -nocopyright editconf -f /host_pwd/levparc1999C/sandbox_c7f85dcc-a3db-4928-8cef-2fc31ee967ed/prot_levparc1999C_LEV_H.pdb -o /host_pwd/levparc1999C/sandbox_c7f85dcc-a3db-4928-8cef-2fc31ee967ed/prot_levparc1999C_LEV_complex_editconf.gro -bt octahedron -d 0.8 -c

2025-10-28 16:54:14,307 [MainThread  ] [INFO ]  Executing: gmx -nobackup -nocopyright editconf -f /host_pwd/levparc1999C/sandbox_c7f85dcc-a...
2025-10-28 16:54:14,307 [MainThread  ] [INFO ]  Exit code: 0
2025-10-28 16:54:14,307 [MainThread  ] [INFO ]  Note that major changes are planned in future for editconf, to improve usability and utility.
Read 22404 atoms
Volume: 4957.37 nm^3, corresponds to roughly 2230800 electrons
No velocities found
    system size : 17.516 20.742 10.934 (nm)
    diameter    : 25.740               (nm)
    center      : -0.007 -3.099 -0.605 (nm)
    box vectors : 14.902 13.388 24.848 (nm)
    box angles  :  90.00  90.00  90.00 (degrees)
    box volume  :4957.37               (nm^3)
    shift       : 13.677 22.431 11.766 (nm)
new center      : 13.670 19.332 11.161 (nm)
new box vectors : 27.340 27.340 27.340 (nm)
new box angles  :  70.53 109.47  70.53 (degrees)
new box volume  :15730.80               (nm^3)

2025-10-28 16:54:14,318 [MainThread  ] [INFO ]  Removed: ['/host_pwd/levparc1999C/sandbox_c7f85dcc-a3db-4928-8cef-2fc31ee967ed']
