2025-10-28 17:53:21,461 [MainThread  ] [INFO ]                  :-) GROMACS - gmx grompp, 2024.5-conda_forge (-:

Executable:   /usr/local/bin.AVX2_256/gmx
Data prefix:  /usr/local
Working dir:  /host_pwd/levparc1999C
Command line:
  gmx -nobackup -nocopyright grompp -f /host_pwd/levparc1999C/sandbox_38c2c164-08b4-46af-a294-fa064887fd4c/grompp.mdp -c /host_pwd/levparc1999C/sandbox_38c2c164-08b4-46af-a294-fa064887fd4c/prot_levparc1999C_LEV_nvt.gro -r /host_pwd/levparc1999C/sandbox_38c2c164-08b4-46af-a294-fa064887fd4c/prot_levparc1999C_LEV_nvt.gro -p /host_pwd/levparc1999C/sandbox_38c2c164-08b4-46af-a294-fa064887fd4c/ligand.top -o /host_pwd/levparc1999C/sandbox_38c2c164-08b4-46af-a294-fa064887fd4c/prot_levparc1999C_LEV_gppnpt.tpr -po mdout.mdp -maxwarn 10 -t /host_pwd/levparc1999C/sandbox_38c2c164-08b4-46af-a294-fa064887fd4c/prot_levparc1999C_LEV_nvt.cpt -n /host_pwd/levparc1999C/sandbox_38c2c164-08b4-46af-a294-fa064887fd4c/prot_levparc1999C_LEV_index.ndx

Ignoring obsolete mdp entry 'ns-type'
Generating 1-4 interactions: fudge = 0.5

NOTE 1 [file ligand.top, line 72]:
  You are combining position restraints with Parrinello-Rahman pressure
  coupling, which can lead to instabilities. If you really want to combine
  position restraints with pressure coupling, we suggest to use C-rescale
  pressure coupling instead.

Number of degrees of freedom in T-Coupling group Protein_Other is 55933.95
Number of degrees of freedom in T-Coupling group Water_and_ions is 3045753.00

NOTE 2 [file /host_pwd/levparc1999C/sandbox_38c2c164-08b4-46af-a294-fa064887fd4c/grompp.mdp]:
  Removing center of mass motion in the presence of position restraints
  might cause artifacts. When you are using position restraints to
  equilibrate a macro-molecule, the artifacts are usually negligible.

Last frame         -1 time  100.000   

NOTE 3 [file /host_pwd/levparc1999C/sandbox_38c2c164-08b4-46af-a294-fa064887fd4c/grompp.mdp]:
  This run will generate roughly 4066 Mb of data


There were 3 NOTEs

GROMACS reminds you: "Why Do *You* Use Constraints ?" (H.J.C. Berendsen)


