2025-10-28 16:54:14,438 [MainThread  ] [INFO ]  Module: biobb_gromacs.gromacs.solvate Version: 5.1.1
2025-10-28 16:54:14,439 [MainThread  ] [INFO ]  /host_pwd/levparc1999C/sandbox_f8d44a09-feed-46c0-83f5-029187d37d20 directory successfully created
2025-10-28 16:54:14,446 [MainThread  ] [INFO ]  Copy: prot_levparc1999C_LEV_complex_editconf.gro to /host_pwd/levparc1999C/sandbox_f8d44a09-feed-46c0-83f5-029187d37d20
2025-10-28 16:54:14,492 [MainThread  ] [INFO ]  Extracting: /host_pwd/levparc1999C/prot_levparc1999C_LEV_complex.top.zip
2025-10-28 16:54:14,492 [MainThread  ] [INFO ]  to:
2025-10-28 16:54:14,492 [MainThread  ] [INFO ]  ['61171a13-77d4-42c7-b405-f2ddb5430243/LEV_posres.itp', '61171a13-77d4-42c7-b405-f2ddb5430243/LEVparams.itp', '61171a13-77d4-42c7-b405-f2ddb5430243/ligand.top', '61171a13-77d4-42c7-b405-f2ddb5430243/p2g_Protein_chain_A.itp', '61171a13-77d4-42c7-b405-f2ddb5430243/p2g_Protein_chain_B.itp', '61171a13-77d4-42c7-b405-f2ddb5430243/posre_Protein_chain_A.itp', '61171a13-77d4-42c7-b405-f2ddb5430243/posre_Protein_chain_B.itp']
2025-10-28 16:54:14,493 [MainThread  ] [INFO ]  Unzipping: 
2025-10-28 16:54:14,493 [MainThread  ] [INFO ]  prot_levparc1999C_LEV_complex.top.zip
2025-10-28 16:54:14,493 [MainThread  ] [INFO ]  To: 
2025-10-28 16:54:14,493 [MainThread  ] [INFO ]  61171a13-77d4-42c7-b405-f2ddb5430243/LEV_posres.itp
2025-10-28 16:54:14,493 [MainThread  ] [INFO ]  61171a13-77d4-42c7-b405-f2ddb5430243/LEVparams.itp
2025-10-28 16:54:14,493 [MainThread  ] [INFO ]  61171a13-77d4-42c7-b405-f2ddb5430243/ligand.top
2025-10-28 16:54:14,493 [MainThread  ] [INFO ]  61171a13-77d4-42c7-b405-f2ddb5430243/p2g_Protein_chain_A.itp
2025-10-28 16:54:14,493 [MainThread  ] [INFO ]  61171a13-77d4-42c7-b405-f2ddb5430243/p2g_Protein_chain_B.itp
2025-10-28 16:54:14,493 [MainThread  ] [INFO ]  61171a13-77d4-42c7-b405-f2ddb5430243/posre_Protein_chain_A.itp
2025-10-28 16:54:14,493 [MainThread  ] [INFO ]  61171a13-77d4-42c7-b405-f2ddb5430243/posre_Protein_chain_B.itp
2025-10-28 16:54:14,493 [MainThread  ] [INFO ]  gmx -nobackup -nocopyright solvate -cp /host_pwd/levparc1999C/sandbox_f8d44a09-feed-46c0-83f5-029187d37d20/prot_levparc1999C_LEV_complex_editconf.gro -cs spc216.gro -o /host_pwd/levparc1999C/sandbox_f8d44a09-feed-46c0-83f5-029187d37d20/prot_levparc1999C_LEV_solvate.gro -p 61171a13-77d4-42c7-b405-f2ddb5430243/ligand.top

2025-10-28 16:54:32,832 [MainThread  ] [INFO ]  Executing: gmx -nobackup -nocopyright solvate -cp /host_pwd/levparc1999C/sandbox_f8d44a09-f...
2025-10-28 16:54:32,832 [MainThread  ] [INFO ]  Exit code: 0
2025-10-28 16:54:32,832 [MainThread  ] [INFO ]  
WARNING: Masses and atomic (Van der Waals) radii will be guessed
         based on residue and atom names, since they could not be
         definitively assigned from the information in your input
         files. These guessed numbers might deviate from the mass
         and radius of the atom type. Please check the output
         files if necessary. Note, that this functionality may
         be removed in a future GROMACS version. Please, consider
         using another file format for your input.

NOTE: From version 5.0 gmx solvate uses the Van der Waals radii
from the source below. This means the results may be different
compared to previous GROMACS versions.

++++ PLEASE READ AND CITE THE FOLLOWING REFERENCE ++++
A. Bondi
van der Waals Volumes and Radii
J. Phys. Chem. 68 (1964) pp. 441-451
-------- -------- --- Thank You --- -------- --------

Adding line for 507634 solvent molecules with resname (SOL) to topology file (61171a13-77d4-42c7-b405-f2ddb5430243/ligand.top)

2025-10-28 16:54:32,988 [MainThread  ] [INFO ]  Compressing topology to: /host_pwd/levparc1999C/sandbox_f8d44a09-feed-46c0-83f5-029187d37d20/prot_levparc1999C_LEV_solvate_top.zip
2025-10-28 16:54:32,989 [MainThread  ] [INFO ]  Ignored file 61171a13-77d4-42c7-b405-f2ddb5430243/amber99sb-ildn.ff/forcefield.itp
2025-10-28 16:54:33,119 [MainThread  ] [INFO ]  Ignored file 61171a13-77d4-42c7-b405-f2ddb5430243/amber99sb-ildn.ff/spce.itp
2025-10-28 16:54:33,120 [MainThread  ] [INFO ]  Ignored file 61171a13-77d4-42c7-b405-f2ddb5430243/amber99sb-ildn.ff/ions.itp
2025-10-28 16:54:33,156 [MainThread  ] [INFO ]  Adding:
2025-10-28 16:54:33,156 [MainThread  ] [INFO ]  ['61171a13-77d4-42c7-b405-f2ddb5430243/LEV_posres.itp', '61171a13-77d4-42c7-b405-f2ddb5430243/LEVparams.itp', '61171a13-77d4-42c7-b405-f2ddb5430243/ligand.top', '61171a13-77d4-42c7-b405-f2ddb5430243/p2g_Protein_chain_A.itp', '61171a13-77d4-42c7-b405-f2ddb5430243/p2g_Protein_chain_B.itp', '61171a13-77d4-42c7-b405-f2ddb5430243/posre_Protein_chain_A.itp', '61171a13-77d4-42c7-b405-f2ddb5430243/posre_Protein_chain_B.itp']
2025-10-28 16:54:33,156 [MainThread  ] [INFO ]  to: /host_pwd/levparc1999C/prot_levparc1999C_LEV_solvate_top.zip
2025-10-28 16:54:33,163 [MainThread  ] [INFO ]  Removed: ['61171a13-77d4-42c7-b405-f2ddb5430243/LEVparams.itp', '61171a13-77d4-42c7-b405-f2ddb5430243/LEV_posres.itp', '61171a13-77d4-42c7-b405-f2ddb5430243/posre_Protein_chain_A.itp', '61171a13-77d4-42c7-b405-f2ddb5430243/p2g_Protein_chain_A.itp', '61171a13-77d4-42c7-b405-f2ddb5430243/posre_Protein_chain_B.itp', '61171a13-77d4-42c7-b405-f2ddb5430243/p2g_Protein_chain_B.itp', '61171a13-77d4-42c7-b405-f2ddb5430243/ligand.top']
2025-10-28 16:54:33,190 [MainThread  ] [INFO ]  Removed: ['/host_pwd/levparc1999C/sandbox_f8d44a09-feed-46c0-83f5-029187d37d20']
2025-10-28 16:54:33,191 [MainThread  ] [INFO ]  
