2025-04-27 12:54:55,133 [MainThread  ] [INFO ]  Executing biobb_gromacs.gromacs.genion Version: 4.2.0
2025-04-27 12:54:55,146 [MainThread  ] [INFO ]  Copy: prot_aminotob2016_TOB_complex_gppion.tpr to /home/arunima/gitrepos/gromacs_sims/Antimicrobial_Peptides/Pseudomonas_antibiotics/simulation/aminotob2016/914fb0f2-e802-47e5-9e9c-3c3d4b871401
2025-04-27 12:54:55,149 [MainThread  ] [INFO ]  Copy: /home/arunima/gitrepos/gromacs_sims/Antimicrobial_Peptides/Pseudomonas_antibiotics/simulation/aminotob2016/f97b40f0-056e-4fa9-aea2-0b8ac2c7514b.stdin to /home/arunima/gitrepos/gromacs_sims/Antimicrobial_Peptides/Pseudomonas_antibiotics/simulation/aminotob2016/914fb0f2-e802-47e5-9e9c-3c3d4b871401
2025-04-27 12:54:55,172 [MainThread  ] [INFO ]  Extracting: /home/arunima/gitrepos/gromacs_sims/Antimicrobial_Peptides/Pseudomonas_antibiotics/simulation/aminotob2016/prot_aminotob2016_TOB_solvate_top.zip
2025-04-27 12:54:55,172 [MainThread  ] [INFO ]  to:
2025-04-27 12:54:55,172 [MainThread  ] [INFO ]  ['aae1f232-0f62-4f81-acf5-1ff6b6e77b01/TOB_posres.itp', 'aae1f232-0f62-4f81-acf5-1ff6b6e77b01/TOBparams.itp', 'aae1f232-0f62-4f81-acf5-1ff6b6e77b01/ligand.top', 'aae1f232-0f62-4f81-acf5-1ff6b6e77b01/p2g_Protein_chain_A.itp', 'aae1f232-0f62-4f81-acf5-1ff6b6e77b01/p2g_Protein_chain_B.itp', 'aae1f232-0f62-4f81-acf5-1ff6b6e77b01/posre_Protein_chain_A.itp', 'aae1f232-0f62-4f81-acf5-1ff6b6e77b01/posre_Protein_chain_B.itp']
2025-04-27 12:54:55,172 [MainThread  ] [INFO ]  Unzipping: 
2025-04-27 12:54:55,172 [MainThread  ] [INFO ]  prot_aminotob2016_TOB_solvate_top.zip
2025-04-27 12:54:55,172 [MainThread  ] [INFO ]  To: 
2025-04-27 12:54:55,172 [MainThread  ] [INFO ]  aae1f232-0f62-4f81-acf5-1ff6b6e77b01/TOB_posres.itp
2025-04-27 12:54:55,172 [MainThread  ] [INFO ]  aae1f232-0f62-4f81-acf5-1ff6b6e77b01/TOBparams.itp
2025-04-27 12:54:55,172 [MainThread  ] [INFO ]  aae1f232-0f62-4f81-acf5-1ff6b6e77b01/ligand.top
2025-04-27 12:54:55,173 [MainThread  ] [INFO ]  aae1f232-0f62-4f81-acf5-1ff6b6e77b01/p2g_Protein_chain_A.itp
2025-04-27 12:54:55,173 [MainThread  ] [INFO ]  aae1f232-0f62-4f81-acf5-1ff6b6e77b01/p2g_Protein_chain_B.itp
2025-04-27 12:54:55,173 [MainThread  ] [INFO ]  aae1f232-0f62-4f81-acf5-1ff6b6e77b01/posre_Protein_chain_A.itp
2025-04-27 12:54:55,173 [MainThread  ] [INFO ]  aae1f232-0f62-4f81-acf5-1ff6b6e77b01/posre_Protein_chain_B.itp
2025-04-27 12:54:55,173 [MainThread  ] [INFO ]  gmx -nobackup -nocopyright genion -s /home/arunima/gitrepos/gromacs_sims/Antimicrobial_Peptides/Pseudomonas_antibiotics/simulation/aminotob2016/914fb0f2-e802-47e5-9e9c-3c3d4b871401/prot_aminotob2016_TOB_complex_gppion.tpr -o /home/arunima/gitrepos/gromacs_sims/Antimicrobial_Peptides/Pseudomonas_antibiotics/simulation/aminotob2016/914fb0f2-e802-47e5-9e9c-3c3d4b871401/prot_aminotob2016_TOB_genion.gro -p aae1f232-0f62-4f81-acf5-1ff6b6e77b01/ligand.top -neutral -seed 1993 < /home/arunima/gitrepos/gromacs_sims/Antimicrobial_Peptides/Pseudomonas_antibiotics/simulation/aminotob2016/914fb0f2-e802-47e5-9e9c-3c3d4b871401/f97b40f0-056e-4fa9-aea2-0b8ac2c7514b.stdin

2025-04-27 12:54:55,332 [MainThread  ] [INFO ]  Exit code 0

2025-04-27 12:54:55,333 [MainThread  ] [INFO ]  Will try to add 12 NA ions and 0 CL ions.
Select a continuous group of solvent molecules
Selected 15: 'SOL'

Processing topology
Replacing 12 solute molecules in topology file (aae1f232-0f62-4f81-acf5-1ff6b6e77b01/ligand.top)  by 12 NA and 0 CL ions.

2025-04-27 12:54:55,344 [MainThread  ] [INFO ]  Compressing topology to: /home/arunima/gitrepos/gromacs_sims/Antimicrobial_Peptides/Pseudomonas_antibiotics/simulation/aminotob2016/914fb0f2-e802-47e5-9e9c-3c3d4b871401/prot_aminotob2016_TOB_genion_top.zip
2025-04-27 12:54:55,345 [MainThread  ] [INFO ]  Ignored file aae1f232-0f62-4f81-acf5-1ff6b6e77b01/amber99sb-ildn.ff/forcefield.itp
2025-04-27 12:54:55,368 [MainThread  ] [INFO ]  Ignored file aae1f232-0f62-4f81-acf5-1ff6b6e77b01/amber99sb-ildn.ff/spce.itp
2025-04-27 12:54:55,368 [MainThread  ] [INFO ]  Ignored file aae1f232-0f62-4f81-acf5-1ff6b6e77b01/amber99sb-ildn.ff/ions.itp
2025-04-27 12:54:55,379 [MainThread  ] [INFO ]  Adding:
2025-04-27 12:54:55,379 [MainThread  ] [INFO ]  ['aae1f232-0f62-4f81-acf5-1ff6b6e77b01/TOB_posres.itp', 'aae1f232-0f62-4f81-acf5-1ff6b6e77b01/TOBparams.itp', 'aae1f232-0f62-4f81-acf5-1ff6b6e77b01/ligand.top', 'aae1f232-0f62-4f81-acf5-1ff6b6e77b01/p2g_Protein_chain_A.itp', 'aae1f232-0f62-4f81-acf5-1ff6b6e77b01/p2g_Protein_chain_B.itp', 'aae1f232-0f62-4f81-acf5-1ff6b6e77b01/posre_Protein_chain_A.itp', 'aae1f232-0f62-4f81-acf5-1ff6b6e77b01/posre_Protein_chain_B.itp']
2025-04-27 12:54:55,379 [MainThread  ] [INFO ]  to: /home/arunima/gitrepos/gromacs_sims/Antimicrobial_Peptides/Pseudomonas_antibiotics/simulation/aminotob2016/prot_aminotob2016_TOB_genion_top.zip
2025-04-27 12:54:55,383 [MainThread  ] [INFO ]  Removed: ['aae1f232-0f62-4f81-acf5-1ff6b6e77b01/TOBparams.itp', 'aae1f232-0f62-4f81-acf5-1ff6b6e77b01/TOB_posres.itp', 'aae1f232-0f62-4f81-acf5-1ff6b6e77b01/posre_Protein_chain_A.itp', 'aae1f232-0f62-4f81-acf5-1ff6b6e77b01/p2g_Protein_chain_A.itp', 'aae1f232-0f62-4f81-acf5-1ff6b6e77b01/posre_Protein_chain_B.itp', 'aae1f232-0f62-4f81-acf5-1ff6b6e77b01/p2g_Protein_chain_B.itp', 'aae1f232-0f62-4f81-acf5-1ff6b6e77b01/ligand.top']
2025-04-27 12:54:55,389 [MainThread  ] [INFO ]  Removed: ['/home/arunima/gitrepos/gromacs_sims/Antimicrobial_Peptides/Pseudomonas_antibiotics/simulation/aminotob2016/914fb0f2-e802-47e5-9e9c-3c3d4b871401', 'aae1f232-0f62-4f81-acf5-1ff6b6e77b01', '/home/arunima/gitrepos/gromacs_sims/Antimicrobial_Peptides/Pseudomonas_antibiotics/simulation/aminotob2016/f97b40f0-056e-4fa9-aea2-0b8ac2c7514b.stdin']
