2025-04-27 12:54:55,052 [MainThread  ] [INFO ]                  :-) GROMACS - gmx grompp, 2024.5-conda_forge (-:

Executable:   /home/arunima/.conda/envs/biobb_wf_protein-complex_md_setup/bin.AVX2_256/gmx
Data prefix:  /home/arunima/.conda/envs/biobb_wf_protein-complex_md_setup
Working dir:  /home/arunima/gitrepos/gromacs_sims/Antimicrobial_Peptides/Pseudomonas_antibiotics/simulation/aminotob2016
Command line:
  gmx -nobackup -nocopyright grompp -f /home/arunima/gitrepos/gromacs_sims/Antimicrobial_Peptides/Pseudomonas_antibiotics/simulation/aminotob2016/589d1f97-8203-4b70-a2f4-882f8b67dea6/grompp.mdp -c /home/arunima/gitrepos/gromacs_sims/Antimicrobial_Peptides/Pseudomonas_antibiotics/simulation/aminotob2016/589d1f97-8203-4b70-a2f4-882f8b67dea6/prot_aminotob2016_TOB_solvate.gro -r /home/arunima/gitrepos/gromacs_sims/Antimicrobial_Peptides/Pseudomonas_antibiotics/simulation/aminotob2016/589d1f97-8203-4b70-a2f4-882f8b67dea6/prot_aminotob2016_TOB_solvate.gro -p /home/arunima/gitrepos/gromacs_sims/Antimicrobial_Peptides/Pseudomonas_antibiotics/simulation/aminotob2016/589d1f97-8203-4b70-a2f4-882f8b67dea6/ligand.top -o /home/arunima/gitrepos/gromacs_sims/Antimicrobial_Peptides/Pseudomonas_antibiotics/simulation/aminotob2016/589d1f97-8203-4b70-a2f4-882f8b67dea6/prot_aminotob2016_TOB_complex_gppion.tpr -po mdout.mdp -maxwarn 1

Ignoring obsolete mdp entry 'ns-type'
Generating 1-4 interactions: fudge = 0.5

NOTE 1 [file ligand.top, line 58]:
  System has non-zero total charge: -12.000000
  Total charge should normally be an integer. See
  https://manual.gromacs.org/current/user-guide/floating-point.html
  for discussion on how close it should be to an integer.




WARNING 1 [file ligand.top, line 58]:
  You are using Ewald electrostatics in a system with net charge. This can
  lead to severe artifacts, such as ions moving into regions with low
  dielectric, due to the uniform background charge. We suggest to
  neutralize your system with counter ions, possibly in combination with a
  physiological salt concentration.

Number of degrees of freedom in T-Coupling group rest is 123390.00
The integrator does not provide a ensemble temperature, there is no system ensemble temperature

NOTE 2 [file /home/arunima/gitrepos/gromacs_sims/Antimicrobial_Peptides/Pseudomonas_antibiotics/simulation/aminotob2016/589d1f97-8203-4b70-a2f4-882f8b67dea6/grompp.mdp]:
  Removing center of mass motion in the presence of position restraints
  might cause artifacts. When you are using position restraints to
  equilibrate a macro-molecule, the artifacts are usually negligible.


There were 2 NOTEs

There was 1 WARNING

GROMACS reminds you: "Schrödinger's backup: The condition of any backup is unknown until a restore is attempted." (Anonymous)


