2025-04-30 13:21:37,532 [MainThread  ] [INFO ]  Executing biobb_gromacs.gromacs.make_ndx Version: 4.2.0
2025-04-30 13:21:37,585 [MainThread  ] [INFO ]  Copy: prot_levparc2018C_chainB_LEV_min.gro to /home/arunima/gitrepos/gromacs_sims/Antimicrobial_Peptides/Pseudomonas_antibiotics/simulation/levparc2018C_chainB/7a6ae761-b81f-4461-8aab-e54f8c9ffa5b
2025-04-30 13:21:37,588 [MainThread  ] [INFO ]  Copy: /home/arunima/gitrepos/gromacs_sims/Antimicrobial_Peptides/Pseudomonas_antibiotics/simulation/levparc2018C_chainB/7b1949b6-f061-4958-af28-69bfbeb4bd06.stdin to /home/arunima/gitrepos/gromacs_sims/Antimicrobial_Peptides/Pseudomonas_antibiotics/simulation/levparc2018C_chainB/7a6ae761-b81f-4461-8aab-e54f8c9ffa5b
2025-04-30 13:21:37,588 [MainThread  ] [INFO ]  gmx -nobackup -nocopyright make_ndx -f /home/arunima/gitrepos/gromacs_sims/Antimicrobial_Peptides/Pseudomonas_antibiotics/simulation/levparc2018C_chainB/7a6ae761-b81f-4461-8aab-e54f8c9ffa5b/prot_levparc2018C_chainB_LEV_min.gro -o /home/arunima/gitrepos/gromacs_sims/Antimicrobial_Peptides/Pseudomonas_antibiotics/simulation/levparc2018C_chainB/7a6ae761-b81f-4461-8aab-e54f8c9ffa5b/prot_levparc2018C_chainB_LEV_index.ndx < /home/arunima/gitrepos/gromacs_sims/Antimicrobial_Peptides/Pseudomonas_antibiotics/simulation/levparc2018C_chainB/7a6ae761-b81f-4461-8aab-e54f8c9ffa5b/7b1949b6-f061-4958-af28-69bfbeb4bd06.stdin

2025-04-30 13:21:38,806 [MainThread  ] [INFO ]  Exit code 0

2025-04-30 13:21:38,806 [MainThread  ] [INFO ]  Going to read 0 old index file(s)
Analysing residue names:
There are:   715    Protein residues
There are:     1      Other residues
There are: 120907      Water residues
There are:     7        Ion residues
Analysing Protein...
Analysing residues not classified as Protein/DNA/RNA/Water and splitting into groups...

  0 System              : 373963 atoms
  1 Protein             : 11177 atoms
  2 Protein-H           :  5550 atoms
  3 C-alpha             :   715 atoms
  4 Backbone            :  2145 atoms
  5 MainChain           :  2861 atoms
  6 MainChain+Cb        :  3518 atoms
  7 MainChain+H         :  3536 atoms
  8 SideChain           :  7641 atoms
  9 SideChain-H         :  2689 atoms
 10 Prot-Masses         : 11177 atoms
 11 non-Protein         : 362786 atoms
 12 Other               :    58 atoms
 13 LEV                 :    58 atoms
 14 NA                  :     7 atoms
 15 Water               : 362721 atoms
 16 SOL                 : 362721 atoms
 17 non-Water           : 11242 atoms
 18 Ion                 :     7 atoms
 19 Water_and_ions      : 362728 atoms

 nr : group      '!': not  'name' nr name   'splitch' nr    Enter: list groups
 'a': atom       '&': and  'del' nr         'splitres' nr   'l': list residues
 't': atom type  '|': or   'keep' nr        'splitat' nr    'h': help
 'r': residue              'res' nr         'chain' char
 "name": group             'case': case sensitive           'q': save and quit
 'ri': residue index

> 
Copied index group 1 'Protein'
Copied index group 12 'Other'
Merged two groups with OR: 11177 58 -> 11235

> 

2025-04-30 13:21:38,860 [MainThread  ] [INFO ]  Removed: ['/home/arunima/gitrepos/gromacs_sims/Antimicrobial_Peptides/Pseudomonas_antibiotics/simulation/levparc2018C_chainB/7a6ae761-b81f-4461-8aab-e54f8c9ffa5b', '/home/arunima/gitrepos/gromacs_sims/Antimicrobial_Peptides/Pseudomonas_antibiotics/simulation/levparc2018C_chainB/7b1949b6-f061-4958-af28-69bfbeb4bd06.stdin']
