2025-04-30 12:55:53,091 [MainThread  ] [INFO ]  
A T O M   T Y P E S

IDX	TYPE	RING
1	c3	NO
2	n3	AL
3	os	AL
4	c3	AL
5	n3	AL
6	oh	NO
7	c3	AL
8	n3	AL
9	oh	NO
10	c3	AL
11	oh	NO
12	c3	AL
13	c3	AL
14	c3	AL
15	c3	AL
16	c3	AL
17	c3	AL
18	c3	AL
19	c3	AL
20	c3	AL
21	c3	AL
22	c3	AL
23	c3	AL
24	c3	NO
25	c3	NO
26	f	NO
27	hc	NO
28	hc	NO
29	hc	NO
30	h1	NO
31	ho	NO
32	h1	NO
33	h1	NO
34	ho	NO
35	h1	NO
36	ho	NO
37	h1	NO
38	h1	NO
39	h1	NO
40	hc	NO
41	h1	NO
42	hc	NO
43	hc	NO
44	hc	NO
45	h1	NO
46	h1	NO
47	h1	NO
48	h1	NO
49	h1	NO
50	h1	NO
51	h1	NO
52	h1	NO
53	h1	NO
54	h1	NO
55	h1	NO
56	h1	NO
57	h1	NO
58	h2	NO

C H A R G E S

IDX	CHARGE
1	-0.047335
2	-0.291188
3	-0.371825
4	0.031358
5	-0.291950
6	-0.390972
7	0.063454
8	-0.302917
9	-0.366790
10	0.092704
11	-0.366790
12	0.043773
13	0.009437
14	0.048691
15	0.068226
16	0.006213
17	-0.013455
18	0.119243
19	0.069323
20	0.012166
21	0.011434
22	0.011434
23	0.012166
24	-0.012669
25	0.159481
26	-0.243771
27	0.024545
28	0.024545
29	0.024545
30	0.048241
31	0.209804
32	0.057533
33	0.057533
34	0.212483
35	0.062824
36	0.212483
37	0.049212
38	0.043185
39	0.043185
40	0.038744
41	0.060121
42	0.034265
43	0.029740
44	0.029740
45	0.066771
46	0.051705
47	0.043916
48	0.043916
49	0.043894
50	0.043894
51	0.043894
52	0.043894
53	0.043916
54	0.043916
55	0.039063
56	0.039063
57	0.039063
58	0.090927

S E T T I N G   U P   C A L C U L A T I O N S

SETTING UP BOND CALCULATIONS...
SETTING UP ANGLE CALCULATIONS...
SETTING UP TORSION CALCULATIONS...
SETTING UP IMPROPER TORSION CALCULATIONS...
SETTING UP VAN DER WAALS CALCULATIONS...
SETTING UP ELECTROSTATIC CALCULATIONS...

S T E E P E S T   D E S C E N T

STEPS = 2500

STEP n       E(n)         E(n-1)    
------------------------------------
    0     280.035      ----
   10    246.81360    247.83471
   20    240.58996    241.02273
   30    237.24980    237.52580
   40    234.91515    235.12018
   50    233.11440    233.27675
   60    231.65991    231.79301
   70    230.45170    230.56340
   80    229.42744    229.52290
   90    228.54488    228.62769
  100    227.77389    227.84664
  110    227.09224    227.15689
  120    226.48322    226.54124
  130    225.93378    225.98635
  140    225.43385    225.48185
  150    224.97575    225.01987
  160    224.55338    224.59416
  170    224.16184    224.19973
  180    223.79719    223.83254
  190    223.45619    223.48930
  200    223.13618    223.16730
  210    222.83494    222.86427
  220    222.55060    222.57832
  230    222.28157    222.30783
  240    222.02650    222.05142
  250    221.78420    221.80789
  260    221.55364    221.57620
  270    221.33392    221.35543
  280    221.12423    221.14477
  290    220.92386    220.94350
  300    220.73216    220.75096
  310    220.54856    220.56657
  320    220.37253    220.38981
  330    220.20360    220.22019
  340    220.04133    220.05727
  350    219.88532    219.90065
  360    219.73522    219.74997
  370    219.59067    219.60488
  380    219.45137    219.46507
  390    219.31704    219.33026
  400    219.18741    219.20017
  410    219.06223    219.07456
  420    218.94128    218.95320
  430    218.82435    218.83587
  440    218.71123    218.72237
  450    218.60174    218.61253
  460    218.49571    218.50617
  470    218.39299    218.40311
  480    218.29341    218.30323
  490    218.19683    218.20636
  500    218.10314    218.11238
  510    218.01219    218.02116
  520    217.92388    217.93259
  530    217.83809    217.84656
  540    217.75473    217.76296
  550    217.67368    217.68169
  560    217.59488    217.60266
  570    217.51821    217.52578
  580    217.44361    217.45098
  590    217.37099    217.37817
  600    217.30029    217.30728
  610    217.23143    217.23823
  620    217.16434    217.17097
  630    217.09897    217.10543
  640    217.03525    217.04155
  650    216.97312    216.97926
  660    216.91254    216.91853
  670    216.85345    216.85929
  680    216.79580    216.80150
  690    216.73954    216.74511
  700    216.68464    216.69007
  710    216.63104    216.63634
  720    216.57870    216.58388
  730    216.52759    216.53265
  740    216.47767    216.48261
  750    216.42891    216.43373
  760    216.38126    216.38597
  770    216.33469    216.33930
  780    216.28918    216.29368
  790    216.24469    216.24909
  800    216.20119    216.20549
  810    216.15865    216.16286
  820    216.11705    216.12117
  830    216.07636    216.08039
  840    216.03656    216.04050
  850    215.99761    216.00147
  860    215.95950    215.96327
  870    215.92220    215.92590
  880    215.88570    215.88931
  890    215.84996    215.85350
  900    215.81497    215.81844
  910    215.78071    215.78411
  920    215.74716    215.75049
  930    215.71430    215.71756
  940    215.68212    215.68531
  950    215.65059    215.65371
  960    215.61969    215.62275
  970    215.58942    215.59242
  980    215.55975    215.56269
  990    215.53067    215.53356
 1000    215.50217    215.50500
 1010    215.47423    215.47700
 1020    215.44683    215.44955
 1030    215.41997    215.42263
 1040    215.39363    215.39624
 1050    215.36779    215.37035
 1060    215.34244    215.34496
 1070    215.31758    215.32004
 1080    215.29318    215.29560
 1090    215.26925    215.27162
 1100    215.24576    215.24809
 1110    215.22270    215.22499
 1120    215.20007    215.20232
 1130    215.17786    215.18006
 1140    215.15605    215.15821
 1150    215.13463    215.13676
 1160    215.11360    215.11569
 1170    215.09295    215.09500
 1180    215.07266    215.07467
 1190    215.05273    215.05471
 1200    215.03315    215.03509
 1210    215.01391    215.01582
 1220    214.99501    214.99688
 1230    214.97643    214.97827
 1240    214.95817    214.95998
 1250    214.94022    214.94200
 1260    214.92257    214.92432
 1270    214.90522    214.90694
 1280    214.88816    214.88985
 1290    214.87138    214.87304
 1300    214.85488    214.85651
 1310    214.83864    214.84025
 1320    214.82267    214.82426
 1330    214.80696    214.80852
 1340    214.79150    214.79303
 1350    214.77628    214.77779
 1360    214.76130    214.76279
 1370    214.74656    214.74802
 1380    214.73205    214.73349
 1390    214.71776    214.71918
 1400    214.70369    214.70509
 1410    214.68983    214.69121
 1420    214.67619    214.67754
 1430    214.66274    214.66408
 1440    214.64950    214.65082
 1450    214.63646    214.63775
 1460    214.62360    214.62488
 1470    214.61094    214.61219
 1480    214.59845    214.59969
 1490    214.58615    214.58737
 1500    214.57402    214.57523
 1510    214.56206    214.56325
 1520    214.55027    214.55145
 1530    214.53865    214.53980
 1540    214.52718    214.52832
 1550    214.51588    214.51700
 1560    214.50472    214.50583
 1570    214.49372    214.49482
 1580    214.48287    214.48395
 1590    214.47216    214.47322
 1600    214.46159    214.46264
 1610    214.45116    214.45219
 1620    214.44086    214.44188
 1630    214.43070    214.43171
 1640    214.42066    214.42166
 1650    214.41076    214.41174
 1660    214.40097    214.40195
 1670    214.39131    214.39227
 1680    214.38177    214.38272
 1690    214.37235    214.37328
 1700    214.36304    214.36396
 1710    214.35384    214.35475
 1720    214.34475    214.34565
 1730    214.33576    214.33666
 1740    214.32688    214.32777
 1750    214.31811    214.31898
 1760    214.30944    214.31030
 1770    214.30086    214.30171
 1780    214.29238    214.29323
 1790    214.28400    214.28483
 1800    214.27571    214.27653
 1810    214.26751    214.26833
 1820    214.25940    214.26021
 1830    214.25138    214.25218
 1840    214.24344    214.24423
 1850    214.23559    214.23637
 1860    214.22782    214.22860
 1870    214.22014    214.22090
 1880    214.21253    214.21328
 1890    214.20500    214.20575
 1900    214.19754    214.19828
 1910    214.19016    214.19090
 1920    214.18285    214.18358
 1930    214.17562    214.17634
 1940    214.16845    214.16916
 1950    214.16135    214.16206
 1960    214.15432    214.15502
 1970    214.14736    214.14805
 1980    214.14046    214.14114
 1990    214.13362    214.13430
 2000    214.12684    214.12752
 2010    214.12013    214.12080
 2020    214.11348    214.11414
 2030    214.10688    214.10754
 2040    214.10034    214.10099
 2050    214.09386    214.09451
 2060    214.08743    214.08808
 2070    214.08106    214.08170
 2080    214.07474    214.07537
 2090    214.06847    214.06910
 2100    214.06225    214.06287
 2110    214.05608    214.05670
 2120    214.04996    214.05057
 2130    214.04389    214.04449
 2140    214.03786    214.03846
 2150    214.03187    214.03247
 2160    214.02594    214.02653
 2170    214.02004    214.02063
 2180    214.01419    214.01478
 2190    214.00838    214.00896
 2200    214.00261    214.00319
 2210    213.99688    213.99745
 2220    213.99118    213.99175
 2230    213.98553    213.98609
 2240    213.97991    213.98047
 2250    213.97432    213.97488
 2260    213.96877    213.96933
 2270    213.96326    213.96381
 2280    213.95778    213.95832
 2290    213.95232    213.95287
 2300    213.94690    213.94745
 2310    213.94152    213.94205
 2320    213.93615    213.93669
 2330    213.93082    213.93135
 2340    213.92551    213.92604
 2350    213.92023    213.92076
 2360    213.91498    213.91550
 2370    213.90975    213.91027
 2380    213.90454    213.90506
 2390    213.89936    213.89988
 2400    213.89420    213.89472
 2410    213.88906    213.88958
 2420    213.88394    213.88445
 2430    213.87884    213.87935
 2440    213.87375    213.87426
 2450    213.86868    213.86919
 2460    213.86363    213.86414
 2470    213.85859    213.85910
 2480    213.85357    213.85407
 2490    213.84856    213.84906
 2500    213.84356    213.84406
Time: 2.58seconds. Iterations per second: 969.38

