            --------------------------------------------------------
                             AMBER SQM VERSION 19
 
                                     By
              Ross C. Walker, Michael F. Crowley, Scott Brozell,
                         Tim Giese, Andreas W. Goetz,
                        Tai-Sung Lee and David A. Case
 
            --------------------------------------------------------
 

--------------------------------------------------------------------------------
  QM CALCULATION INFO
--------------------------------------------------------------------------------

| QMMM: Citation for AMBER QMMM Run:
| QMMM: R.C. Walker, M.F. Crowley and D.A. Case, J. COMP. CHEM. 29:1019, 2008

QMMM: SINGLET STATE CALCULATION
QMMM: RHF CALCULATION, NO. OF DOUBLY OCCUPIED LEVELS = 50

| QMMM: *** Selected Hamiltonian *** 
| QMMM: AM1         

| QMMM: *** Parameter sets in use ***
| QMMM: C : M.J.S.DEWAR et al. JACS, 107, 3902, (1985)
| QMMM: N : M.J.S.DEWAR et al. JACS, 107, 3902, (1985)
| QMMM: O : M.J.S.DEWAR et al. JACS, 107, 3902, (1985)
| QMMM: H : M.J.S.DEWAR et al. JACS, 107, 3902, (1985)

| QMMM: *** SCF convergence criteria ***
| QMMM: Energy change                :  0.1D-09 kcal/mol
| QMMM: Error matrix |FP-PF|         :  0.1D+00 au
| QMMM: Density matrix change        :  0.5D-06
| QMMM: Maximum number of SCF cycles :     1000

| QMMM: *** Diagonalization Routine Information ***
| QMMM: Pseudo diagonalizations are allowed.
| QMMM: Auto diagonalization routine selection is in use.
| QMMM:
| QMMM: Timing diagonalization routines:
| QMMM:                              norbs =       92
| QMMM:    diag iterations used for timing =       15
| QMMM:
| QMMM:              Internal diag routine = 0.039088 seconds
| QMMM:                 Dspev diag routine = 0.045200 seconds
| QMMM:                Dspevd diag routine = 0.033079 seconds
| QMMM:                Dspevx diag routine = 0.126867 seconds
| QMMM:                 Dsyev diag routine = 0.033368 seconds
| QMMM:                Dsyevd diag routine = 0.045642 seconds
| QMMM:                Dsyevr diag routine = 0.043138 seconds
| QMMM:
| QMMM:                Pseudo diag routine = 0.018330 seconds
| QMMM:
| QMMM: Using dspevd routine (diag_routine=3).

  QMMM: QM Region Cartesian Coordinates (*=link atom) 
  QMMM: QM_NO.   MM_NO.  ATOM         X         Y         Z
  QMMM:     1        1      C        4.7250  -53.6540   -3.4190
  QMMM:     2        2      N        4.6830  -52.7450   -1.0620
  QMMM:     3        3      O        5.1720  -49.5430    1.6520
  QMMM:     4        4      C        4.2450  -53.8510   -1.9650
  QMMM:     5        5      N        5.3490  -54.3280    0.6680
  QMMM:     6        6      O        3.2600  -48.9970   -2.2610
  QMMM:     7        7      C        3.9730  -51.4750   -1.3710
  QMMM:     8        8      O        2.9000  -48.4150   -0.0610
  QMMM:     9        9      C        4.5530  -50.2650   -0.5890
  QMMM:    10       10      C        4.4830  -50.5640    0.9280
  QMMM:    11       11      C        5.1300  -51.9290    1.2740
  QMMM:    12       12      C        4.5840  -53.0800    0.3870
  QMMM:    13       13      C        5.7640  -54.5490    2.0770
  QMMM:    14       14      C        4.8470  -53.7860    3.0560
  QMMM:    15       15      C        4.9120  -52.2650    2.7800
  QMMM:    16       16      C        5.7760  -56.0590    2.3810
  QMMM:    17       17      C        3.8900  -48.8960   -0.9850
  QMMM:    18       18      H        5.8000  -53.4620   -3.4450
  QMMM:    19       19      H        4.5270  -54.5570   -4.0000
  QMMM:    20       20      H        4.2090  -52.8270   -3.9080
  QMMM:    21       21      H        5.1010  -49.7820    2.5900
  QMMM:    22       22      H        4.6700  -54.8000   -1.6330
  QMMM:    23       23      H        3.1560  -53.9440   -1.9420
  QMMM:    24       24      H        4.8240  -55.1270    0.3200
  QMMM:    25       25      H        2.9160  -49.9150   -2.3200
  QMMM:    26       26      H        2.9080  -51.5830   -1.1430
  QMMM:    27       27      H        4.0830  -51.2710   -2.4370
  QMMM:    28       28      H        2.8770  -47.4280   -0.0880
  QMMM:    29       29      H        5.6090  -50.1900   -0.8630
  QMMM:    30       30      H        3.4330  -50.5820    1.2340
  QMMM:    31       31      H        6.2060  -51.8530    1.0890
  QMMM:    32       32      H        3.5260  -53.2590    0.6320
  QMMM:    33       33      H        6.7800  -54.1640    2.2000
  QMMM:    34       34      H        5.1400  -53.9820    4.0900
  QMMM:    35       35      H        3.8170  -54.1360    2.9380
  QMMM:    36       36      H        3.9850  -51.8150    3.1440
  QMMM:    37       37      H        5.7280  -51.8250    3.3580
  QMMM:    38       38      H        4.7780  -56.4870    2.2630
  QMMM:    39       39      H        6.4560  -56.5790    1.7020
  QMMM:    40       40      H        6.1120  -56.2420    3.4040
  QMMM:    41       41      H        4.6620  -48.1140   -1.0490

--------------------------------------------------------------------------------
  RESULTS
--------------------------------------------------------------------------------

      iter         sqm energy              rms gradient
      ----    -------------------    -----------------------
xmin    10     -160.6935 kcal/mol        1.5456 kcal/(mol*A)
xmin    20     -162.4613 kcal/mol        1.6936 kcal/(mol*A)
xmin    30     -163.1282 kcal/mol        0.1143 kcal/(mol*A)
xmin    40     -163.1534 kcal/mol        0.0348 kcal/(mol*A)
xmin    50     -163.1569 kcal/mol        0.0122 kcal/(mol*A)
xmin    60     -163.1570 kcal/mol        0.0045 kcal/(mol*A)
  ... geometry converged !
 
 Final MO eigenvalues (eV):
 -41.3878  -39.7628  -38.0650  -37.4890  -35.7328  -33.9768  -32.7086  -32.3832
 -30.0278  -28.4643  -26.0729  -24.6876  -24.0708  -22.9280  -21.7873  -20.7902
 -19.9435  -19.1636  -18.4269  -17.4579  -17.2291  -16.7930  -16.5386  -16.2206
 -15.9354  -15.3971  -15.2998  -15.2113  -14.9401  -14.3445  -14.0890  -13.9087
 -13.5910  -13.2946  -13.0769  -12.8767  -12.6330  -12.5356  -12.3129  -12.2062
 -12.1520  -12.1116  -11.8766  -11.7303  -11.5635  -11.3009  -11.0810  -10.8906
  -9.6880   -8.9686    2.4591    3.0374    3.1118    3.1396    3.4047    3.4407
   3.5104    3.6399    3.6724    3.8039    3.8559    3.9289    3.9874    4.0925
   4.1117    4.2017    4.2544    4.3019    4.4284    4.4710    4.4906    4.5084
   4.5413    4.6084    4.6672    4.7391    4.7846    4.8234    4.8861    4.9012
   4.9854    5.0230    5.0918    5.1329    5.2153    5.7908    5.8104    6.0088
   6.1395    6.3360    6.4687    6.4995

 Heat of formation   =       -163.15700476 kcal/mol  (       -7.07501864 eV)

 Total SCF energy    =     -74814.23339790 kcal/mol  (    -3244.18860405 eV)
 Electronic energy   =    -518456.21197441 kcal/mol  (   -22481.94839662 eV)
 Core-core repulsion =     443641.97857652 kcal/mol  (    19237.75979257 eV)
 
    Atomic Charges for Step       1 :
  Atom    Element       Mulliken Charge
     1      C                 -0.216
     2      N                 -0.243
     3      O                 -0.331
     4      C                 -0.065
     5      N                 -0.293
     6      O                 -0.355
     7      C                 -0.077
     8      O                 -0.368
     9      C                 -0.122
    10      C                  0.040
    11      C                 -0.154
    12      C                  0.071
    13      C                 -0.024
    14      C                 -0.192
    15      C                 -0.158
    16      C                 -0.210
    17      C                  0.149
    18      H                  0.086
    19      H                  0.077
    20      H                  0.066
    21      H                  0.202
    22      H                  0.112
    23      H                  0.048
    24      H                  0.156
    25      H                  0.210
    26      H                  0.076
    27      H                  0.092
    28      H                  0.216
    29      H                  0.130
    30      H                  0.089
    31      H                  0.127
    32      H                  0.055
    33      H                  0.110
    34      H                  0.088
    35      H                  0.082
    36      H                  0.077
    37      H                  0.081
    38      H                  0.071
    39      H                  0.089
    40      H                  0.078
    41      H                  0.131
 Total Mulliken Charge =       0.000
 
                  X        Y        Z     TOTAL  
  QM DIPOLE    -1.590   -1.142    1.886    2.718
 
 Final Structure

  QMMM: QM Region Cartesian Coordinates (*=link atom) 
  QMMM: QM_NO.   MM_NO.  ATOM         X         Y         Z
  QMMM:     1        1      C        4.5569  -53.5519   -3.3655
  QMMM:     2        2      N        4.6960  -52.7792   -0.9751
  QMMM:     3        3      O        5.0806  -49.5939    1.7360
  QMMM:     4        4      C        4.3013  -53.8389   -1.8946
  QMMM:     5        5      N        4.5273  -54.4379    0.8685
  QMMM:     6        6      O        4.3221  -48.5330   -2.1403
  QMMM:     7        7      C        4.1980  -51.4670   -1.3719
  QMMM:     8        8      O        2.6062  -49.1737   -0.8588
  QMMM:     9        9      C        4.6842  -50.3227   -0.4765
  QMMM:    10       10      C        4.4263  -50.6241    1.0034
  QMMM:    11       11      C        4.9893  -52.0023    1.3509
  QMMM:    12       12      C        4.2920  -53.0539    0.4316
  QMMM:    13       13      C        5.5918  -54.5820    1.8490
  QMMM:    14       14      C        5.4087  -53.7217    3.1144
  QMMM:    15       15      C        4.7712  -52.3815    2.8028
  QMMM:    16       16      C        5.7841  -56.0376    2.2707
  QMMM:    17       17      C        4.0084  -48.9980   -0.8505
  QMMM:    18       18      H        5.5957  -53.1802   -3.5347
  QMMM:    19       19      H        4.4227  -54.5014   -3.9387
  QMMM:    20       20      H        3.8364  -52.7988   -3.7656
  QMMM:    21       21      H        4.8623  -49.7300    2.6650
  QMMM:    22       22      H        4.9046  -54.7501   -1.6150
  QMMM:    23       23      H        3.2080  -54.1004   -1.7724
  QMMM:    24       24      H        3.6724  -54.8188    1.2268
  QMMM:    25       25      H        4.0929  -49.2222   -2.7757
  QMMM:    26       26      H        3.0683  -51.4355   -1.4092
  QMMM:    27       27      H        4.5841  -51.2646   -2.4116
  QMMM:    28       28      H        2.2126  -48.3144   -1.0532
  QMMM:    29       29      H        5.7908  -50.1755   -0.6229
  QMMM:    30       30      H        3.3194  -50.5874    1.2124
  QMMM:    31       31      H        6.0960  -51.9901    1.1451
  QMMM:    32       32      H        3.1665  -52.8696    0.5202
  QMMM:    33       33      H        6.5401  -54.2412    1.3325
  QMMM:    34       34      H        6.4162  -53.5694    3.5797
  QMMM:    35       35      H        4.7774  -54.2700    3.8604
  QMMM:    36       36      H        3.6707  -52.4192    3.0178
  QMMM:    37       37      H        5.2130  -51.5969    3.4712
  QMMM:    38       38      H        4.8686  -56.4399    2.7669
  QMMM:    39       39      H        6.0195  -56.6759    1.3859
  QMMM:    40       40      H        6.6341  -56.0942    2.9917
  QMMM:    41       41      H        4.3322  -48.1800   -0.1445

           --------- Calculation Completed ----------

