            --------------------------------------------------------
                             AMBER SQM VERSION 19
 
                                     By
              Ross C. Walker, Michael F. Crowley, Scott Brozell,
                         Tim Giese, Andreas W. Goetz,
                        Tai-Sung Lee and David A. Case
 
            --------------------------------------------------------
 

--------------------------------------------------------------------------------
  QM CALCULATION INFO
--------------------------------------------------------------------------------

| QMMM: Citation for AMBER QMMM Run:
| QMMM: R.C. Walker, M.F. Crowley and D.A. Case, J. COMP. CHEM. 29:1019, 2008

QMMM: SINGLET STATE CALCULATION
QMMM: RHF CALCULATION, NO. OF DOUBLY OCCUPIED LEVELS = 50

| QMMM: *** Selected Hamiltonian *** 
| QMMM: AM1         

| QMMM: *** Parameter sets in use ***
| QMMM: C : M.J.S.DEWAR et al. JACS, 107, 3902, (1985)
| QMMM: N : M.J.S.DEWAR et al. JACS, 107, 3902, (1985)
| QMMM: O : M.J.S.DEWAR et al. JACS, 107, 3902, (1985)
| QMMM: H : M.J.S.DEWAR et al. JACS, 107, 3902, (1985)

| QMMM: *** SCF convergence criteria ***
| QMMM: Energy change                :  0.1D-09 kcal/mol
| QMMM: Error matrix |FP-PF|         :  0.1D+00 au
| QMMM: Density matrix change        :  0.5D-06
| QMMM: Maximum number of SCF cycles :     1000

| QMMM: *** Diagonalization Routine Information ***
| QMMM: Pseudo diagonalizations are allowed.
| QMMM: Auto diagonalization routine selection is in use.
| QMMM:
| QMMM: Timing diagonalization routines:
| QMMM:                              norbs =       92
| QMMM:    diag iterations used for timing =       15
| QMMM:
| QMMM:              Internal diag routine = 0.039087 seconds
| QMMM:                 Dspev diag routine = 0.044587 seconds
| QMMM:                Dspevd diag routine = 0.033069 seconds
| QMMM:                Dspevx diag routine = 0.118506 seconds
| QMMM:                 Dsyev diag routine = 0.032765 seconds
| QMMM:                Dsyevd diag routine = 0.048919 seconds
| QMMM:                Dsyevr diag routine = 0.035793 seconds
| QMMM:
| QMMM:                Pseudo diag routine = 0.016008 seconds
| QMMM:
| QMMM: Using dsyev routine (diag_routine=5).

  QMMM: QM Region Cartesian Coordinates (*=link atom) 
  QMMM: QM_NO.   MM_NO.  ATOM         X         Y         Z
  QMMM:     1        1      C      -24.9980    0.4290   47.8970
  QMMM:     2        2      N      -24.1040    2.1270   46.2220
  QMMM:     3        3      O      -25.4860    5.5810   44.1890
  QMMM:     4        4      C      -23.8330    0.8740   46.9860
  QMMM:     5        5      N      -23.2620    3.5020   48.0460
  QMMM:     6        6      O      -26.0610    3.6740   41.9350
  QMMM:     7        7      C      -25.1270    1.9290   45.1650
  QMMM:     8        8      O      -26.3970    1.5580   42.7010
  QMMM:     9        9      C      -25.2100    3.1370   44.1950
  QMMM:    10       10      C      -25.4980    4.4190   45.0260
  QMMM:    11       11      C      -24.4570    4.6080   46.1590
  QMMM:    12       12      C      -24.3540    3.3410   47.0470
  QMMM:    13       13      C      -23.0760    4.8670   48.6020
  QMMM:    14       14      C      -24.3770    5.6930   48.5090
  QMMM:    15       15      C      -24.8190    5.8450   47.0340
  QMMM:    16       16      C      -22.5770    4.7690   50.0560
  QMMM:    17       17      C      -26.3170    2.9170   43.1150
  QMMM:    18       18      H      -25.9020    0.2350   47.3180
  QMMM:    19       19      H      -24.7280   -0.4930   48.4160
  QMMM:    20       20      H      -25.2190    1.1860   48.6530
  QMMM:    21       21      H      -26.2720    5.5530   43.6190
  QMMM:    22       22      H      -23.6150    0.0690   46.2790
  QMMM:    23       23      H      -22.9390    1.0070   47.6010
  QMMM:    24       24      H      -23.3930    2.8250   48.7950
  QMMM:    25       25      H      -26.1010    4.6160   42.1550
  QMMM:    26       26      H      -26.1060    1.7680   45.6230
  QMMM:    27       27      H      -24.8580    1.0350   44.5940
  QMMM:    28       28      H      -26.5890    1.0360   43.4940
  QMMM:    29       29      H      -24.2420    3.2420   43.6970
  QMMM:    30       30      H      -26.4890    4.3220   45.4790
  QMMM:    31       31      H      -23.4770    4.7790   45.7030
  QMMM:    32       32      H      -25.3020    3.2080   47.5910
  QMMM:    33       33      H      -22.3120    5.3770   48.0070
  QMMM:    34       34      H      -24.2350    6.6820   48.9510
  QMMM:    35       35      H      -25.1660    5.1940   49.0780
  QMMM:    36       36      H      -25.8960    6.0250   47.0200
  QMMM:    37       37      H      -24.3430    6.7290   46.6010
  QMMM:    38       38      H      -22.3980    5.7650   50.4680
  QMMM:    39       39      H      -23.3120    4.2620   50.6860
  QMMM:    40       40      H      -21.6400    4.2100   50.1020
  QMMM:    41       41      H      -27.3090    3.1990   43.4980

--------------------------------------------------------------------------------
  RESULTS
--------------------------------------------------------------------------------

      iter         sqm energy              rms gradient
      ----    -------------------    -----------------------
xmin    10     -156.1070 kcal/mol        2.4936 kcal/(mol*A)
xmin    20     -163.8477 kcal/mol        2.0814 kcal/(mol*A)
xmin    30     -165.1385 kcal/mol        0.6995 kcal/(mol*A)
xmin    40     -166.0755 kcal/mol        0.0945 kcal/(mol*A)
xmin    50     -166.1187 kcal/mol        0.0088 kcal/(mol*A)
xmin    60     -166.1189 kcal/mol        0.0031 kcal/(mol*A)
  ... geometry converged !
 
 Final MO eigenvalues (eV):
 -41.4245  -39.9118  -37.9412  -37.5172  -35.9445  -34.0520  -32.6802  -32.1762
 -29.9767  -28.4694  -25.5220  -24.7691  -24.4007  -22.9295  -22.0980  -20.9304
 -19.7712  -19.3930  -18.2186  -17.4483  -17.2114  -16.7813  -16.4336  -16.3347
 -15.9333  -15.6295  -15.3731  -15.0822  -14.5013  -14.4111  -14.2320  -13.8862
 -13.6809  -13.0444  -12.9805  -12.8662  -12.6884  -12.5962  -12.4816  -12.2389
 -12.2007  -12.0222  -11.9487  -11.7948  -11.4453  -11.2441  -10.9606  -10.8452
  -9.6315   -8.9447    2.4733    2.8305    3.0519    3.1958    3.3053    3.4619
   3.5134    3.6361    3.8092    3.8729    3.9241    3.9396    4.0587    4.0984
   4.1437    4.1936    4.2491    4.2653    4.3559    4.4883    4.5749    4.6234
   4.6296    4.6838    4.7440    4.8121    4.8405    4.9064    4.9483    5.0040
   5.0721    5.0991    5.1563    5.2057    5.2799    5.5707    5.8454    6.1548
   6.2358    6.3150    6.4252    6.5508

 Heat of formation   =       -166.11889765 kcal/mol  (       -7.20345595 eV)

 Total SCF energy    =     -74817.19529079 kcal/mol  (    -3244.31704136 eV)
 Electronic energy   =    -519022.68846964 kcal/mol  (   -22506.51266075 eV)
 Core-core repulsion =     444205.49317885 kcal/mol  (    19262.19561939 eV)
 
    Atomic Charges for Step       1 :
  Atom    Element       Mulliken Charge
     1      C                 -0.244
     2      N                 -0.250
     3      O                 -0.334
     4      C                 -0.062
     5      N                 -0.293
     6      O                 -0.370
     7      C                 -0.059
     8      O                 -0.354
     9      C                 -0.164
    10      C                  0.045
    11      C                 -0.114
    12      C                  0.071
    13      C                 -0.024
    14      C                 -0.192
    15      C                 -0.155
    16      C                 -0.210
    17      C                  0.148
    18      H                  0.068
    19      H                  0.079
    20      H                  0.073
    21      H                  0.215
    22      H                  0.083
    23      H                  0.113
    24      H                  0.155
    25      H                  0.223
    26      H                  0.048
    27      H                  0.114
    28      H                  0.217
    29      H                  0.130
    30      H                  0.072
    31      H                  0.127
    32      H                  0.046
    33      H                  0.108
    34      H                  0.088
    35      H                  0.079
    36      H                  0.073
    37      H                  0.106
    38      H                  0.078
    39      H                  0.070
    40      H                  0.088
    41      H                  0.108
 Total Mulliken Charge =      -0.000
 
                  X        Y        Z     TOTAL  
  QM DIPOLE    -2.046   -0.293    0.834    2.229
 
 Final Structure

  QMMM: QM Region Cartesian Coordinates (*=link atom) 
  QMMM: QM_NO.   MM_NO.  ATOM         X         Y         Z
  QMMM:     1        1      C      -24.8673    0.2382   47.8231
  QMMM:     2        2      N      -24.1160    2.1661   46.3445
  QMMM:     3        3      O      -25.6075    5.5752   44.4111
  QMMM:     4        4      C      -23.7678    0.9443   47.0440
  QMMM:     5        5      N      -23.9138    3.4376   48.4648
  QMMM:     6        6      O      -26.4880    3.9354   42.3817
  QMMM:     7        7      C      -25.0233    1.9374   45.2276
  QMMM:     8        8      O      -25.7861    1.8149   42.4735
  QMMM:     9        9      C      -25.2173    3.1772   44.3478
  QMMM:    10       10      C      -25.6454    4.3863   45.1879
  QMMM:    11       11      C      -24.6586    4.5747   46.3416
  QMMM:    12       12      C      -24.6344    3.2679   47.1948
  QMMM:    13       13      C      -23.1655    4.6807   48.5721
  QMMM:    14       14      C      -23.9939    5.9540   48.3122
  QMMM:    15       15      C      -25.0327    5.7463   47.2280
  QMMM:    16       16      C      -22.4790    4.8136   49.9305
  QMMM:    17       17      C      -26.2696    2.8686   43.2771
  QMMM:    18       18      H      -25.7056   -0.0691   47.1528
  QMMM:    19       19      H      -24.4455   -0.6770   48.3032
  QMMM:    20       20      H      -25.2786    0.8984   48.6239
  QMMM:    21       21      H      -26.3572    5.5369   43.8018
  QMMM:    22       22      H      -23.3630    0.2287   46.2706
  QMMM:    23       23      H      -22.9220    1.1873   47.7478
  QMMM:    24       24      H      -24.5626    3.3544   49.2240
  QMMM:    25       25      H      -25.6331    4.2091   42.0238
  QMMM:    26       26      H      -26.0417    1.5887   45.5756
  QMMM:    27       27      H      -24.5865    1.1221   44.5832
  QMMM:    28       28      H      -26.4465    1.6492   41.7889
  QMMM:    29       29      H      -24.2476    3.4254   43.8341
  QMMM:    30       30      H      -26.6863    4.2258   45.5878
  QMMM:    31       31      H      -23.6407    4.7640   45.9006
  QMMM:    32       32      H      -25.7225    3.0323   47.4590
  QMMM:    33       33      H      -22.3585    4.6262   47.7795
  QMMM:    34       34      H      -23.2881    6.7722   48.0169
  QMMM:    35       35      H      -24.5005    6.2780   49.2578
  QMMM:    36       36      H      -26.0380    5.5596   47.6897
  QMMM:    37       37      H      -25.1253    6.6676   46.5949
  QMMM:    38       38      H      -21.8864    5.7594   49.9430
  QMMM:    39       39      H      -23.2256    4.8506   50.7596
  QMMM:    40       40      H      -21.7894    3.9546   50.1099
  QMMM:    41       41      H      -27.2786    2.6381   43.7214

           --------- Calculation Completed ----------

