2025-09-22 16:13:44,149 [MainThread  ] [INFO ]                       :-) GROMACS - gmx solvate, 2024.4 (-:

Executable:   /usr/local/gromacs/bin/gmx
Data prefix:  /usr/local/gromacs
Working dir:  /home/admin/gitrepos/gromacs_sims/Antimicrobial_Peptides/Pseudomonas_antibiotics/simulation/norgyra2007C
Command line:
  gmx -nobackup -nocopyright solvate -cp /home/admin/gitrepos/gromacs_sims/Antimicrobial_Peptides/Pseudomonas_antibiotics/simulation/norgyra2007C/sandbox_ac9ef01c-094a-4405-9101-821967c23621/prot_norgyra2007C_NOR_complex_editconf.gro -cs spc216.gro -o /home/admin/gitrepos/gromacs_sims/Antimicrobial_Peptides/Pseudomonas_antibiotics/simulation/norgyra2007C/sandbox_ac9ef01c-094a-4405-9101-821967c23621/prot_norgyra2007C_NOR_solvate.gro -p 8604480d-efd2-4968-8526-200449a28898/ligand.top

Reading solute configuration
Reading solvent configuration

Initialising inter-atomic distances...
Generating solvent configuration
Will generate new solvent configuration of 10x10x8 boxes
Solvent box contains 481200 atoms in 160400 residues
Removed 28518 solvent atoms due to solvent-solvent overlap
Removed 13440 solvent atoms due to solute-solvent overlap
Sorting configuration
Found 1 molecule type:
    SOL (   3 atoms): 146414 residues
Generated solvent containing 439242 atoms in 146414 residues
Writing generated configuration to /home/admin/gitrepos/gromacs_sims/Antimicrobial_Peptides/Pseudomonas_antibiotics/simulation/norgyra2007C/sandbox_ac9ef01c-094a-4405-9101-821967c23621/prot_norgyra2007C_NOR_solvate.gro

Output configuration contains 453537 atoms in 147336 residues
Volume                 :     4600.54 (nm^3)
Density                :     991.173 (g/l)
Number of solvent molecules:  146414   

Processing topology

GROMACS reminds you: "I had trouble with physics in college. When I signed up I thought it said psychics." (Greg Tamblyn)


