2025-09-22 16:15:19,637 [MainThread  ] [INFO ]                        :-) GROMACS - gmx mdrun, 2024.4 (-:

Executable:   /usr/local/gromacs/bin/gmx
Data prefix:  /usr/local/gromacs
Working dir:  /home/admin/gitrepos/gromacs_sims/Antimicrobial_Peptides/Pseudomonas_antibiotics/simulation/norgyra2007C
Command line:
  gmx -nobackup -nocopyright mdrun -o /home/admin/gitrepos/gromacs_sims/Antimicrobial_Peptides/Pseudomonas_antibiotics/simulation/norgyra2007C/sandbox_bb543dc1-6d94-4ec2-9a9b-bfc8517c88c6/prot_norgyra2007C_NOR_min.trr -s /home/admin/gitrepos/gromacs_sims/Antimicrobial_Peptides/Pseudomonas_antibiotics/simulation/norgyra2007C/sandbox_bb543dc1-6d94-4ec2-9a9b-bfc8517c88c6/prot_norgyra2007C_NOR_gppmin.tpr -c /home/admin/gitrepos/gromacs_sims/Antimicrobial_Peptides/Pseudomonas_antibiotics/simulation/norgyra2007C/sandbox_bb543dc1-6d94-4ec2-9a9b-bfc8517c88c6/prot_norgyra2007C_NOR_min.gro -e /home/admin/gitrepos/gromacs_sims/Antimicrobial_Peptides/Pseudomonas_antibiotics/simulation/norgyra2007C/sandbox_bb543dc1-6d94-4ec2-9a9b-bfc8517c88c6/prot_norgyra2007C_NOR_min.edr -g /home/admin/gitrepos/gromacs_sims/Antimicrobial_Peptides/Pseudomonas_antibiotics/simulation/norgyra2007C/sandbox_bb543dc1-6d94-4ec2-9a9b-bfc8517c88c6/prot_norgyra2007C_NOR_min.log

Reading file /home/admin/gitrepos/gromacs_sims/Antimicrobial_Peptides/Pseudomonas_antibiotics/simulation/norgyra2007C/sandbox_bb543dc1-6d94-4ec2-9a9b-bfc8517c88c6/prot_norgyra2007C_NOR_gppmin.tpr, VERSION 2024.4 (single precision)
1 GPU selected for this run.
Mapping of GPU IDs to the 1 GPU task in the 1 rank on this node:
  PP:0
PP tasks will do (non-perturbed) short-ranged interactions on the GPU
PP task will update and constrain coordinates on the CPU
Using 1 MPI thread

Non-default thread affinity set, disabling internal thread affinity

Using 24 OpenMP threads 


Steepest Descents:
   Tolerance (Fmax)   =  5.00000e+02
   Number of steps    =        15000

step 17: One or more water molecules can not be settled.
Check for bad contacts and/or reduce the timestep if appropriate.
Wrote pdb files with previous and current coordinates

writing lowest energy coordinates.

Steepest Descents converged to Fmax < 500 in 2617 steps
Potential Energy  = -8.0937935e+06
Maximum force     =  1.6311026e+02 on atom 232358
Norm of force     =  8.5831919e+00

GROMACS reminds you: "Life need not be easy, provided only that it is not empty." (Lise Meitner)


